[0.065s] Invoking command in '/home/misaka/fishbot/build/dwb_msgs': AMENT_PREFIX_PATH=/home/misaka/fishbot/install/nav_2d_msgs:${AMENT_PREFIX_PATH} CMAKE_PREFIX_PATH=/home/misaka/fishbot/install/nav_2d_msgs:/opt/ros/humble LD_LIBRARY_PATH=/home/misaka/fishbot/install/nav_2d_msgs/lib:${LD_LIBRARY_PATH} PYTHONPATH=/home/misaka/fishbot/install/nav_2d_msgs/local/lib/python3.10/dist-packages:${PYTHONPATH} /usr/bin/cmake --build /home/misaka/fishbot/build/dwb_msgs -- -j16 -l16
[0.360s] [  1%] Built target dwb_msgs__cpp
[0.364s] [ 12%] Built target dwb_msgs__rosidl_generator_c
[0.425s] [ 12%] Built target ament_cmake_python_copy_dwb_msgs
[0.495s] [ 24%] Built target dwb_msgs__rosidl_typesupport_cpp
[0.505s] [ 40%] Built target dwb_msgs__rosidl_typesupport_fastrtps_cpp
[0.505s] [ 47%] Built target dwb_msgs__rosidl_typesupport_introspection_cpp
[0.567s] [ 58%] Built target dwb_msgs__rosidl_typesupport_c
[0.645s] [ 70%] Built target dwb_msgs__rosidl_typesupport_introspection_c
[0.654s] [ 82%] Built target dwb_msgs__rosidl_typesupport_fastrtps_c
[0.868s] [ 82%] Built target dwb_msgs
[0.916s] [ 83%] Built target dwb_msgs__py
[1.045s] [ 93%] Built target dwb_msgs__rosidl_generator_py
[1.166s] [ 95%] Built target dwb_msgs__rosidl_typesupport_fastrtps_c__pyext
[1.172s] [ 97%] Built target dwb_msgs__rosidl_typesupport_introspection_c__pyext
[1.277s] [100%] Built target dwb_msgs__rosidl_typesupport_c__pyext
[1.521s] running egg_info
[1.523s] writing dwb_msgs.egg-info/PKG-INFO
[1.524s] writing dependency_links to dwb_msgs.egg-info/dependency_links.txt
[1.526s] writing top-level names to dwb_msgs.egg-info/top_level.txt
[1.536s] reading manifest file 'dwb_msgs.egg-info/SOURCES.txt'
[1.540s] writing manifest file 'dwb_msgs.egg-info/SOURCES.txt'
[1.665s] [100%] Built target ament_cmake_python_build_dwb_msgs_egg
[1.716s] Invoked command in '/home/misaka/fishbot/build/dwb_msgs' returned '0': AMENT_PREFIX_PATH=/home/misaka/fishbot/install/nav_2d_msgs:${AMENT_PREFIX_PATH} CMAKE_PREFIX_PATH=/home/misaka/fishbot/install/nav_2d_msgs:/opt/ros/humble LD_LIBRARY_PATH=/home/misaka/fishbot/install/nav_2d_msgs/lib:${LD_LIBRARY_PATH} PYTHONPATH=/home/misaka/fishbot/install/nav_2d_msgs/local/lib/python3.10/dist-packages:${PYTHONPATH} /usr/bin/cmake --build /home/misaka/fishbot/build/dwb_msgs -- -j16 -l16
[3.540s] Invoking command in '/home/misaka/fishbot/build/dwb_msgs': AMENT_PREFIX_PATH=/home/misaka/fishbot/install/nav_2d_msgs:${AMENT_PREFIX_PATH} CMAKE_PREFIX_PATH=/home/misaka/fishbot/install/nav_2d_msgs:/opt/ros/humble LD_LIBRARY_PATH=/home/misaka/fishbot/install/nav_2d_msgs/lib:${LD_LIBRARY_PATH} PYTHONPATH=/home/misaka/fishbot/install/nav_2d_msgs/local/lib/python3.10/dist-packages:${PYTHONPATH} /usr/bin/cmake --install /home/misaka/fishbot/build/dwb_msgs
[3.575s] -- Install configuration: ""
[3.577s] -- Up-to-date: /home/misaka/fishbot/install/dwb_msgs/share/ament_index/resource_index/rosidl_interfaces/dwb_msgs
[3.577s] -- Up-to-date: /home/misaka/fishbot/install/dwb_msgs/include/dwb_msgs/dwb_msgs
[3.578s] -- Up-to-date: /home/misaka/fishbot/install/dwb_msgs/include/dwb_msgs/dwb_msgs/srv
[3.580s] -- Up-to-date: /home/misaka/fishbot/install/dwb_msgs/include/dwb_msgs/dwb_msgs/srv/generate_trajectory.h
[3.581s] -- Up-to-date: /home/misaka/fishbot/install/dwb_msgs/include/dwb_msgs/dwb_msgs/srv/get_critic_score.h
[3.581s] -- Up-to-date: /home/misaka/fishbot/install/dwb_msgs/include/dwb_msgs/dwb_msgs/srv/detail
[3.581s] -- Up-to-date: /home/misaka/fishbot/install/dwb_msgs/include/dwb_msgs/dwb_msgs/srv/detail/score_trajectory__struct.h
[3.581s] -- Up-to-date: /home/misaka/fishbot/install/dwb_msgs/include/dwb_msgs/dwb_msgs/srv/detail/debug_local_plan__struct.h
[3.581s] -- Up-to-date: /home/misaka/fishbot/install/dwb_msgs/include/dwb_msgs/dwb_msgs/srv/detail/get_critic_score__struct.h
[3.584s] -- Up-to-date: /home/misaka/fishbot/install/dwb_msgs/include/dwb_msgs/dwb_msgs/srv/detail/generate_trajectory__functions.h
[3.584s] -- Up-to-date: /home/misaka/fishbot/install/dwb_msgs/include/dwb_msgs/dwb_msgs/srv/detail/debug_local_plan__functions.h
[3.584s] -- Up-to-date: /home/misaka/fishbot/install/dwb_msgs/include/dwb_msgs/dwb_msgs/srv/detail/get_critic_score__functions.h
[3.585s] -- Up-to-date: /home/misaka/fishbot/install/dwb_msgs/include/dwb_msgs/dwb_msgs/srv/detail/generate_trajectory__type_support.h
[3.586s] -- Up-to-date: /home/misaka/fishbot/install/dwb_msgs/include/dwb_msgs/dwb_msgs/srv/detail/score_trajectory__functions.c
[3.587s] -- Up-to-date: /home/misaka/fishbot/install/dwb_msgs/include/dwb_msgs/dwb_msgs/srv/detail/generate_twists__functions.c
[3.587s] -- Up-to-date: /home/misaka/fishbot/install/dwb_msgs/include/dwb_msgs/dwb_msgs/srv/detail/debug_local_plan__type_support.h
[3.588s] -- Up-to-date: /home/misaka/fishbot/install/dwb_msgs/include/dwb_msgs/dwb_msgs/srv/detail/generate_twists__functions.h
[3.589s] -- Up-to-date: /home/misaka/fishbot/install/dwb_msgs/include/dwb_msgs/dwb_msgs/srv/detail/score_trajectory__type_support.h
[3.590s] -- Up-to-date: /home/misaka/fishbot/install/dwb_msgs/include/dwb_msgs/dwb_msgs/srv/detail/generate_trajectory__functions.c
[3.591s] -- Up-to-date: /home/misaka/fishbot/install/dwb_msgs/include/dwb_msgs/dwb_msgs/srv/detail/generate_twists__type_support.h
[3.592s] -- Up-to-date: /home/misaka/fishbot/install/dwb_msgs/include/dwb_msgs/dwb_msgs/srv/detail/score_trajectory__functions.h
[3.594s] -- Up-to-date: /home/misaka/fishbot/install/dwb_msgs/include/dwb_msgs/dwb_msgs/srv/detail/get_critic_score__type_support.h
[3.596s] -- Up-to-date: /home/misaka/fishbot/install/dwb_msgs/include/dwb_msgs/dwb_msgs/srv/detail/generate_twists__struct.h
[3.596s] -- Up-to-date: /home/misaka/fishbot/install/dwb_msgs/include/dwb_msgs/dwb_msgs/srv/detail/get_critic_score__functions.c
[3.597s] -- Up-to-date: /home/misaka/fishbot/install/dwb_msgs/include/dwb_msgs/dwb_msgs/srv/detail/debug_local_plan__functions.c
[3.598s] -- Up-to-date: /home/misaka/fishbot/install/dwb_msgs/include/dwb_msgs/dwb_msgs/srv/detail/generate_trajectory__struct.h
[3.598s] -- Up-to-date: /home/misaka/fishbot/install/dwb_msgs/include/dwb_msgs/dwb_msgs/srv/generate_twists.h
[3.599s] -- Up-to-date: /home/misaka/fishbot/install/dwb_msgs/include/dwb_msgs/dwb_msgs/srv/debug_local_plan.h
[3.599s] -- Up-to-date: /home/misaka/fishbot/install/dwb_msgs/include/dwb_msgs/dwb_msgs/srv/score_trajectory.h
[3.599s] -- Up-to-date: /home/misaka/fishbot/install/dwb_msgs/include/dwb_msgs/dwb_msgs/msg
[3.599s] -- Up-to-date: /home/misaka/fishbot/install/dwb_msgs/include/dwb_msgs/dwb_msgs/msg/rosidl_generator_c__visibility_control.h
[3.600s] -- Up-to-date: /home/misaka/fishbot/install/dwb_msgs/include/dwb_msgs/dwb_msgs/msg/critic_score.h
[3.601s] -- Up-to-date: /home/misaka/fishbot/install/dwb_msgs/include/dwb_msgs/dwb_msgs/msg/trajectory_score.h
[3.601s] -- Up-to-date: /home/misaka/fishbot/install/dwb_msgs/include/dwb_msgs/dwb_msgs/msg/trajectory2_d.h
[3.601s] -- Up-to-date: /home/misaka/fishbot/install/dwb_msgs/include/dwb_msgs/dwb_msgs/msg/detail
[3.604s] -- Up-to-date: /home/misaka/fishbot/install/dwb_msgs/include/dwb_msgs/dwb_msgs/msg/detail/trajectory_score__functions.c
[3.604s] -- Up-to-date: /home/misaka/fishbot/install/dwb_msgs/include/dwb_msgs/dwb_msgs/msg/detail/local_plan_evaluation__functions.c
[3.604s] -- Up-to-date: /home/misaka/fishbot/install/dwb_msgs/include/dwb_msgs/dwb_msgs/msg/detail/critic_score__functions.c
[3.605s] -- Up-to-date: /home/misaka/fishbot/install/dwb_msgs/include/dwb_msgs/dwb_msgs/msg/detail/trajectory_score__struct.h
[3.605s] -- Up-to-date: /home/misaka/fishbot/install/dwb_msgs/include/dwb_msgs/dwb_msgs/msg/detail/trajectory_score__functions.h
[3.606s] -- Up-to-date: /home/misaka/fishbot/install/dwb_msgs/include/dwb_msgs/dwb_msgs/msg/detail/local_plan_evaluation__type_support.h
[3.607s] -- Up-to-date: /home/misaka/fishbot/install/dwb_msgs/include/dwb_msgs/dwb_msgs/msg/detail/trajectory2_d__type_support.h
[3.608s] -- Up-to-date: /home/misaka/fishbot/install/dwb_msgs/include/dwb_msgs/dwb_msgs/msg/detail/local_plan_evaluation__functions.h
[3.608s] -- Up-to-date: /home/misaka/fishbot/install/dwb_msgs/include/dwb_msgs/dwb_msgs/msg/detail/trajectory2_d__functions.c
[3.608s] -- Up-to-date: /home/misaka/fishbot/install/dwb_msgs/include/dwb_msgs/dwb_msgs/msg/detail/critic_score__struct.h
[3.609s] -- Up-to-date: /home/misaka/fishbot/install/dwb_msgs/include/dwb_msgs/dwb_msgs/msg/detail/trajectory2_d__struct.h
[3.609s] -- Up-to-date: /home/misaka/fishbot/install/dwb_msgs/include/dwb_msgs/dwb_msgs/msg/detail/trajectory_score__type_support.h
[3.610s] -- Up-to-date: /home/misaka/fishbot/install/dwb_msgs/include/dwb_msgs/dwb_msgs/msg/detail/critic_score__type_support.h
[3.611s] -- Up-to-date: /home/misaka/fishbot/install/dwb_msgs/include/dwb_msgs/dwb_msgs/msg/detail/local_plan_evaluation__struct.h
[3.612s] -- Up-to-date: /home/misaka/fishbot/install/dwb_msgs/include/dwb_msgs/dwb_msgs/msg/detail/trajectory2_d__functions.h
[3.612s] -- Up-to-date: /home/misaka/fishbot/install/dwb_msgs/include/dwb_msgs/dwb_msgs/msg/detail/critic_score__functions.h
[3.614s] -- Up-to-date: /home/misaka/fishbot/install/dwb_msgs/include/dwb_msgs/dwb_msgs/msg/local_plan_evaluation.h
[3.615s] -- Up-to-date: /home/misaka/fishbot/install/dwb_msgs/share/dwb_msgs/environment/library_path.sh
[3.615s] -- Up-to-date: /home/misaka/fishbot/install/dwb_msgs/share/dwb_msgs/environment/library_path.dsv
[3.615s] -- Up-to-date: /home/misaka/fishbot/install/dwb_msgs/lib/libdwb_msgs__rosidl_generator_c.so
[3.615s] -- Up-to-date: /home/misaka/fishbot/install/dwb_msgs/include/dwb_msgs/dwb_msgs
[3.615s] -- Up-to-date: /home/misaka/fishbot/install/dwb_msgs/include/dwb_msgs/dwb_msgs/srv
[3.615s] -- Up-to-date: /home/misaka/fishbot/install/dwb_msgs/include/dwb_msgs/dwb_msgs/srv/detail
[3.616s] -- Up-to-date: /home/misaka/fishbot/install/dwb_msgs/include/dwb_msgs/dwb_msgs/srv/detail/get_critic_score__rosidl_typesupport_fastrtps_c.h
[3.617s] -- Up-to-date: /home/misaka/fishbot/install/dwb_msgs/include/dwb_msgs/dwb_msgs/srv/detail/generate_trajectory__rosidl_typesupport_fastrtps_c.h
[3.617s] -- Up-to-date: /home/misaka/fishbot/install/dwb_msgs/include/dwb_msgs/dwb_msgs/srv/detail/score_trajectory__rosidl_typesupport_fastrtps_c.h
[3.617s] -- Up-to-date: /home/misaka/fishbot/install/dwb_msgs/include/dwb_msgs/dwb_msgs/srv/detail/debug_local_plan__rosidl_typesupport_fastrtps_c.h
[3.618s] -- Up-to-date: /home/misaka/fishbot/install/dwb_msgs/include/dwb_msgs/dwb_msgs/srv/detail/generate_twists__rosidl_typesupport_fastrtps_c.h
[3.619s] -- Up-to-date: /home/misaka/fishbot/install/dwb_msgs/include/dwb_msgs/dwb_msgs/msg
[3.620s] -- Up-to-date: /home/misaka/fishbot/install/dwb_msgs/include/dwb_msgs/dwb_msgs/msg/rosidl_typesupport_fastrtps_c__visibility_control.h
[3.621s] -- Up-to-date: /home/misaka/fishbot/install/dwb_msgs/include/dwb_msgs/dwb_msgs/msg/detail
[3.622s] -- Up-to-date: /home/misaka/fishbot/install/dwb_msgs/include/dwb_msgs/dwb_msgs/msg/detail/critic_score__rosidl_typesupport_fastrtps_c.h
[3.623s] -- Up-to-date: /home/misaka/fishbot/install/dwb_msgs/include/dwb_msgs/dwb_msgs/msg/detail/trajectory2_d__rosidl_typesupport_fastrtps_c.h
[3.624s] -- Up-to-date: /home/misaka/fishbot/install/dwb_msgs/include/dwb_msgs/dwb_msgs/msg/detail/local_plan_evaluation__rosidl_typesupport_fastrtps_c.h
[3.625s] -- Up-to-date: /home/misaka/fishbot/install/dwb_msgs/include/dwb_msgs/dwb_msgs/msg/detail/trajectory_score__rosidl_typesupport_fastrtps_c.h
[3.625s] -- Up-to-date: /home/misaka/fishbot/install/dwb_msgs/lib/libdwb_msgs__rosidl_typesupport_fastrtps_c.so
[3.625s] -- Up-to-date: /home/misaka/fishbot/install/dwb_msgs/include/dwb_msgs/dwb_msgs
[3.625s] -- Up-to-date: /home/misaka/fishbot/install/dwb_msgs/include/dwb_msgs/dwb_msgs/srv
[3.625s] -- Up-to-date: /home/misaka/fishbot/install/dwb_msgs/include/dwb_msgs/dwb_msgs/srv/debug_local_plan.hpp
[3.625s] -- Up-to-date: /home/misaka/fishbot/install/dwb_msgs/include/dwb_msgs/dwb_msgs/srv/detail
[3.625s] -- Up-to-date: /home/misaka/fishbot/install/dwb_msgs/include/dwb_msgs/dwb_msgs/srv/detail/generate_trajectory__builder.hpp
[3.625s] -- Up-to-date: /home/misaka/fishbot/install/dwb_msgs/include/dwb_msgs/dwb_msgs/srv/detail/score_trajectory__builder.hpp
[3.625s] -- Up-to-date: /home/misaka/fishbot/install/dwb_msgs/include/dwb_msgs/dwb_msgs/srv/detail/score_trajectory__traits.hpp
[3.626s] -- Up-to-date: /home/misaka/fishbot/install/dwb_msgs/include/dwb_msgs/dwb_msgs/srv/detail/score_trajectory__struct.hpp
[3.626s] -- Up-to-date: /home/misaka/fishbot/install/dwb_msgs/include/dwb_msgs/dwb_msgs/srv/detail/get_critic_score__builder.hpp
[3.626s] -- Up-to-date: /home/misaka/fishbot/install/dwb_msgs/include/dwb_msgs/dwb_msgs/srv/detail/debug_local_plan__struct.hpp
[3.626s] -- Up-to-date: /home/misaka/fishbot/install/dwb_msgs/include/dwb_msgs/dwb_msgs/srv/detail/get_critic_score__struct.hpp
[3.626s] -- Up-to-date: /home/misaka/fishbot/install/dwb_msgs/include/dwb_msgs/dwb_msgs/srv/detail/debug_local_plan__traits.hpp
[3.626s] -- Up-to-date: /home/misaka/fishbot/install/dwb_msgs/include/dwb_msgs/dwb_msgs/srv/detail/generate_twists__struct.hpp
[3.627s] -- Up-to-date: /home/misaka/fishbot/install/dwb_msgs/include/dwb_msgs/dwb_msgs/srv/detail/generate_trajectory__traits.hpp
[3.627s] -- Up-to-date: /home/misaka/fishbot/install/dwb_msgs/include/dwb_msgs/dwb_msgs/srv/detail/generate_twists__builder.hpp
[3.627s] -- Up-to-date: /home/misaka/fishbot/install/dwb_msgs/include/dwb_msgs/dwb_msgs/srv/detail/generate_trajectory__struct.hpp
[3.628s] -- Up-to-date: /home/misaka/fishbot/install/dwb_msgs/include/dwb_msgs/dwb_msgs/srv/detail/generate_twists__traits.hpp
[3.629s] -- Up-to-date: /home/misaka/fishbot/install/dwb_msgs/include/dwb_msgs/dwb_msgs/srv/detail/debug_local_plan__builder.hpp
[3.629s] -- Up-to-date: /home/misaka/fishbot/install/dwb_msgs/include/dwb_msgs/dwb_msgs/srv/detail/get_critic_score__traits.hpp
[3.629s] -- Up-to-date: /home/misaka/fishbot/install/dwb_msgs/include/dwb_msgs/dwb_msgs/srv/score_trajectory.hpp
[3.629s] -- Up-to-date: /home/misaka/fishbot/install/dwb_msgs/include/dwb_msgs/dwb_msgs/srv/generate_trajectory.hpp
[3.630s] -- Up-to-date: /home/misaka/fishbot/install/dwb_msgs/include/dwb_msgs/dwb_msgs/srv/get_critic_score.hpp
[3.630s] -- Up-to-date: /home/misaka/fishbot/install/dwb_msgs/include/dwb_msgs/dwb_msgs/srv/generate_twists.hpp
[3.630s] -- Up-to-date: /home/misaka/fishbot/install/dwb_msgs/include/dwb_msgs/dwb_msgs/msg
[3.631s] -- Up-to-date: /home/misaka/fishbot/install/dwb_msgs/include/dwb_msgs/dwb_msgs/msg/trajectory2_d.hpp
[3.631s] -- Up-to-date: /home/misaka/fishbot/install/dwb_msgs/include/dwb_msgs/dwb_msgs/msg/trajectory_score.hpp
[3.631s] -- Up-to-date: /home/misaka/fishbot/install/dwb_msgs/include/dwb_msgs/dwb_msgs/msg/critic_score.hpp
[3.632s] -- Up-to-date: /home/misaka/fishbot/install/dwb_msgs/include/dwb_msgs/dwb_msgs/msg/detail
[3.634s] -- Up-to-date: /home/misaka/fishbot/install/dwb_msgs/include/dwb_msgs/dwb_msgs/msg/detail/trajectory2_d__builder.hpp
[3.635s] -- Up-to-date: /home/misaka/fishbot/install/dwb_msgs/include/dwb_msgs/dwb_msgs/msg/detail/trajectory2_d__struct.hpp
[3.637s] -- Up-to-date: /home/misaka/fishbot/install/dwb_msgs/include/dwb_msgs/dwb_msgs/msg/detail/critic_score__builder.hpp
[3.637s] -- Up-to-date: /home/misaka/fishbot/install/dwb_msgs/include/dwb_msgs/dwb_msgs/msg/detail/critic_score__traits.hpp
[3.638s] -- Up-to-date: /home/misaka/fishbot/install/dwb_msgs/include/dwb_msgs/dwb_msgs/msg/detail/trajectory_score__builder.hpp
[3.639s] -- Up-to-date: /home/misaka/fishbot/install/dwb_msgs/include/dwb_msgs/dwb_msgs/msg/detail/trajectory_score__traits.hpp
[3.640s] -- Up-to-date: /home/misaka/fishbot/install/dwb_msgs/include/dwb_msgs/dwb_msgs/msg/detail/local_plan_evaluation__builder.hpp
[3.640s] -- Up-to-date: /home/misaka/fishbot/install/dwb_msgs/include/dwb_msgs/dwb_msgs/msg/detail/trajectory_score__struct.hpp
[3.640s] -- Up-to-date: /home/misaka/fishbot/install/dwb_msgs/include/dwb_msgs/dwb_msgs/msg/detail/local_plan_evaluation__struct.hpp
[3.640s] -- Up-to-date: /home/misaka/fishbot/install/dwb_msgs/include/dwb_msgs/dwb_msgs/msg/detail/trajectory2_d__traits.hpp
[3.640s] -- Up-to-date: /home/misaka/fishbot/install/dwb_msgs/include/dwb_msgs/dwb_msgs/msg/detail/local_plan_evaluation__traits.hpp
[3.640s] -- Up-to-date: /home/misaka/fishbot/install/dwb_msgs/include/dwb_msgs/dwb_msgs/msg/detail/critic_score__struct.hpp
[3.642s] -- Up-to-date: /home/misaka/fishbot/install/dwb_msgs/include/dwb_msgs/dwb_msgs/msg/local_plan_evaluation.hpp
[3.643s] -- Up-to-date: /home/misaka/fishbot/install/dwb_msgs/include/dwb_msgs/dwb_msgs
[3.643s] -- Up-to-date: /home/misaka/fishbot/install/dwb_msgs/include/dwb_msgs/dwb_msgs/srv
[3.644s] -- Up-to-date: /home/misaka/fishbot/install/dwb_msgs/include/dwb_msgs/dwb_msgs/srv/detail
[3.644s] -- Up-to-date: /home/misaka/fishbot/install/dwb_msgs/include/dwb_msgs/dwb_msgs/srv/detail/debug_local_plan__rosidl_typesupport_fastrtps_cpp.hpp
[3.644s] -- Up-to-date: /home/misaka/fishbot/install/dwb_msgs/include/dwb_msgs/dwb_msgs/srv/detail/generate_trajectory__rosidl_typesupport_fastrtps_cpp.hpp
[3.644s] -- Up-to-date: /home/misaka/fishbot/install/dwb_msgs/include/dwb_msgs/dwb_msgs/srv/detail/dds_fastrtps
[3.644s] -- Up-to-date: /home/misaka/fishbot/install/dwb_msgs/include/dwb_msgs/dwb_msgs/srv/detail/score_trajectory__rosidl_typesupport_fastrtps_cpp.hpp
[3.644s] -- Up-to-date: /home/misaka/fishbot/install/dwb_msgs/include/dwb_msgs/dwb_msgs/srv/detail/get_critic_score__rosidl_typesupport_fastrtps_cpp.hpp
[3.644s] -- Up-to-date: /home/misaka/fishbot/install/dwb_msgs/include/dwb_msgs/dwb_msgs/srv/detail/generate_twists__rosidl_typesupport_fastrtps_cpp.hpp
[3.644s] -- Up-to-date: /home/misaka/fishbot/install/dwb_msgs/include/dwb_msgs/dwb_msgs/msg
[3.644s] -- Up-to-date: /home/misaka/fishbot/install/dwb_msgs/include/dwb_msgs/dwb_msgs/msg/detail
[3.645s] -- Up-to-date: /home/misaka/fishbot/install/dwb_msgs/include/dwb_msgs/dwb_msgs/msg/detail/dds_fastrtps
[3.645s] -- Up-to-date: /home/misaka/fishbot/install/dwb_msgs/include/dwb_msgs/dwb_msgs/msg/detail/trajectory_score__rosidl_typesupport_fastrtps_cpp.hpp
[3.645s] -- Up-to-date: /home/misaka/fishbot/install/dwb_msgs/include/dwb_msgs/dwb_msgs/msg/detail/local_plan_evaluation__rosidl_typesupport_fastrtps_cpp.hpp
[3.645s] -- Up-to-date: /home/misaka/fishbot/install/dwb_msgs/include/dwb_msgs/dwb_msgs/msg/detail/critic_score__rosidl_typesupport_fastrtps_cpp.hpp
[3.645s] -- Up-to-date: /home/misaka/fishbot/install/dwb_msgs/include/dwb_msgs/dwb_msgs/msg/detail/trajectory2_d__rosidl_typesupport_fastrtps_cpp.hpp
[3.646s] -- Up-to-date: /home/misaka/fishbot/install/dwb_msgs/include/dwb_msgs/dwb_msgs/msg/rosidl_typesupport_fastrtps_cpp__visibility_control.h
[3.647s] -- Up-to-date: /home/misaka/fishbot/install/dwb_msgs/lib/libdwb_msgs__rosidl_typesupport_fastrtps_cpp.so
[3.647s] -- Up-to-date: /home/misaka/fishbot/install/dwb_msgs/include/dwb_msgs/dwb_msgs
[3.648s] -- Up-to-date: /home/misaka/fishbot/install/dwb_msgs/include/dwb_msgs/dwb_msgs/srv
[3.649s] -- Up-to-date: /home/misaka/fishbot/install/dwb_msgs/include/dwb_msgs/dwb_msgs/srv/detail
[3.650s] -- Up-to-date: /home/misaka/fishbot/install/dwb_msgs/include/dwb_msgs/dwb_msgs/srv/detail/score_trajectory__type_support.c
[3.650s] -- Up-to-date: /home/misaka/fishbot/install/dwb_msgs/include/dwb_msgs/dwb_msgs/srv/detail/get_critic_score__rosidl_typesupport_introspection_c.h
[3.650s] -- Up-to-date: /home/misaka/fishbot/install/dwb_msgs/include/dwb_msgs/dwb_msgs/srv/detail/score_trajectory__rosidl_typesupport_introspection_c.h
[3.650s] -- Up-to-date: /home/misaka/fishbot/install/dwb_msgs/include/dwb_msgs/dwb_msgs/srv/detail/debug_local_plan__type_support.c
[3.650s] -- Up-to-date: /home/misaka/fishbot/install/dwb_msgs/include/dwb_msgs/dwb_msgs/srv/detail/get_critic_score__type_support.c
[3.651s] -- Up-to-date: /home/misaka/fishbot/install/dwb_msgs/include/dwb_msgs/dwb_msgs/srv/detail/debug_local_plan__rosidl_typesupport_introspection_c.h
[3.651s] -- Up-to-date: /home/misaka/fishbot/install/dwb_msgs/include/dwb_msgs/dwb_msgs/srv/detail/generate_trajectory__type_support.c
[3.651s] -- Up-to-date: /home/misaka/fishbot/install/dwb_msgs/include/dwb_msgs/dwb_msgs/srv/detail/generate_twists__rosidl_typesupport_introspection_c.h
[3.651s] -- Up-to-date: /home/misaka/fishbot/install/dwb_msgs/include/dwb_msgs/dwb_msgs/srv/detail/generate_trajectory__rosidl_typesupport_introspection_c.h
[3.652s] -- Up-to-date: /home/misaka/fishbot/install/dwb_msgs/include/dwb_msgs/dwb_msgs/srv/detail/generate_twists__type_support.c
[3.653s] -- Up-to-date: /home/misaka/fishbot/install/dwb_msgs/include/dwb_msgs/dwb_msgs/msg
[3.654s] -- Up-to-date: /home/misaka/fishbot/install/dwb_msgs/include/dwb_msgs/dwb_msgs/msg/detail
[3.655s] -- Up-to-date: /home/misaka/fishbot/install/dwb_msgs/include/dwb_msgs/dwb_msgs/msg/detail/trajectory2_d__type_support.c
[3.655s] -- Up-to-date: /home/misaka/fishbot/install/dwb_msgs/include/dwb_msgs/dwb_msgs/msg/detail/trajectory2_d__rosidl_typesupport_introspection_c.h
[3.656s] -- Up-to-date: /home/misaka/fishbot/install/dwb_msgs/include/dwb_msgs/dwb_msgs/msg/detail/trajectory_score__type_support.c
[3.656s] -- Up-to-date: /home/misaka/fishbot/install/dwb_msgs/include/dwb_msgs/dwb_msgs/msg/detail/critic_score__type_support.c
[3.656s] -- Up-to-date: /home/misaka/fishbot/install/dwb_msgs/include/dwb_msgs/dwb_msgs/msg/detail/critic_score__rosidl_typesupport_introspection_c.h
[3.656s] -- Up-to-date: /home/misaka/fishbot/install/dwb_msgs/include/dwb_msgs/dwb_msgs/msg/detail/local_plan_evaluation__rosidl_typesupport_introspection_c.h
[3.656s] -- Up-to-date: /home/misaka/fishbot/install/dwb_msgs/include/dwb_msgs/dwb_msgs/msg/detail/trajectory_score__rosidl_typesupport_introspection_c.h
[3.656s] -- Up-to-date: /home/misaka/fishbot/install/dwb_msgs/include/dwb_msgs/dwb_msgs/msg/detail/local_plan_evaluation__type_support.c
[3.656s] -- Up-to-date: /home/misaka/fishbot/install/dwb_msgs/include/dwb_msgs/dwb_msgs/msg/rosidl_typesupport_introspection_c__visibility_control.h
[3.657s] -- Up-to-date: /home/misaka/fishbot/install/dwb_msgs/lib/libdwb_msgs__rosidl_typesupport_introspection_c.so
[3.657s] -- Up-to-date: /home/misaka/fishbot/install/dwb_msgs/lib/libdwb_msgs__rosidl_typesupport_c.so
[3.657s] -- Up-to-date: /home/misaka/fishbot/install/dwb_msgs/include/dwb_msgs/dwb_msgs
[3.657s] -- Up-to-date: /home/misaka/fishbot/install/dwb_msgs/include/dwb_msgs/dwb_msgs/srv
[3.658s] -- Up-to-date: /home/misaka/fishbot/install/dwb_msgs/include/dwb_msgs/dwb_msgs/srv/detail
[3.659s] -- Up-to-date: /home/misaka/fishbot/install/dwb_msgs/include/dwb_msgs/dwb_msgs/srv/detail/get_critic_score__type_support.cpp
[3.659s] -- Up-to-date: /home/misaka/fishbot/install/dwb_msgs/include/dwb_msgs/dwb_msgs/srv/detail/generate_trajectory__type_support.cpp
[3.659s] -- Up-to-date: /home/misaka/fishbot/install/dwb_msgs/include/dwb_msgs/dwb_msgs/srv/detail/get_critic_score__rosidl_typesupport_introspection_cpp.hpp
[3.659s] -- Up-to-date: /home/misaka/fishbot/install/dwb_msgs/include/dwb_msgs/dwb_msgs/srv/detail/generate_twists__type_support.cpp
[3.660s] -- Up-to-date: /home/misaka/fishbot/install/dwb_msgs/include/dwb_msgs/dwb_msgs/srv/detail/debug_local_plan__rosidl_typesupport_introspection_cpp.hpp
[3.661s] -- Up-to-date: /home/misaka/fishbot/install/dwb_msgs/include/dwb_msgs/dwb_msgs/srv/detail/generate_trajectory__rosidl_typesupport_introspection_cpp.hpp
[3.661s] -- Up-to-date: /home/misaka/fishbot/install/dwb_msgs/include/dwb_msgs/dwb_msgs/srv/detail/debug_local_plan__type_support.cpp
[3.662s] -- Up-to-date: /home/misaka/fishbot/install/dwb_msgs/include/dwb_msgs/dwb_msgs/srv/detail/score_trajectory__type_support.cpp
[3.662s] -- Up-to-date: /home/misaka/fishbot/install/dwb_msgs/include/dwb_msgs/dwb_msgs/srv/detail/score_trajectory__rosidl_typesupport_introspection_cpp.hpp
[3.662s] -- Up-to-date: /home/misaka/fishbot/install/dwb_msgs/include/dwb_msgs/dwb_msgs/srv/detail/generate_twists__rosidl_typesupport_introspection_cpp.hpp
[3.662s] -- Up-to-date: /home/misaka/fishbot/install/dwb_msgs/include/dwb_msgs/dwb_msgs/msg
[3.662s] -- Up-to-date: /home/misaka/fishbot/install/dwb_msgs/include/dwb_msgs/dwb_msgs/msg/detail
[3.663s] -- Up-to-date: /home/misaka/fishbot/install/dwb_msgs/include/dwb_msgs/dwb_msgs/msg/detail/trajectory2_d__type_support.cpp
[3.663s] -- Up-to-date: /home/misaka/fishbot/install/dwb_msgs/include/dwb_msgs/dwb_msgs/msg/detail/trajectory2_d__rosidl_typesupport_introspection_cpp.hpp
[3.663s] -- Up-to-date: /home/misaka/fishbot/install/dwb_msgs/include/dwb_msgs/dwb_msgs/msg/detail/trajectory_score__type_support.cpp
[3.663s] -- Up-to-date: /home/misaka/fishbot/install/dwb_msgs/include/dwb_msgs/dwb_msgs/msg/detail/local_plan_evaluation__type_support.cpp
[3.663s] -- Up-to-date: /home/misaka/fishbot/install/dwb_msgs/include/dwb_msgs/dwb_msgs/msg/detail/critic_score__rosidl_typesupport_introspection_cpp.hpp
[3.664s] -- Up-to-date: /home/misaka/fishbot/install/dwb_msgs/include/dwb_msgs/dwb_msgs/msg/detail/trajectory_score__rosidl_typesupport_introspection_cpp.hpp
[3.664s] -- Up-to-date: /home/misaka/fishbot/install/dwb_msgs/include/dwb_msgs/dwb_msgs/msg/detail/local_plan_evaluation__rosidl_typesupport_introspection_cpp.hpp
[3.664s] -- Up-to-date: /home/misaka/fishbot/install/dwb_msgs/include/dwb_msgs/dwb_msgs/msg/detail/critic_score__type_support.cpp
[3.664s] -- Up-to-date: /home/misaka/fishbot/install/dwb_msgs/lib/libdwb_msgs__rosidl_typesupport_introspection_cpp.so
[3.664s] -- Up-to-date: /home/misaka/fishbot/install/dwb_msgs/lib/libdwb_msgs__rosidl_typesupport_cpp.so
[3.664s] -- Up-to-date: /home/misaka/fishbot/install/dwb_msgs/share/dwb_msgs/environment/pythonpath.sh
[3.665s] -- Up-to-date: /home/misaka/fishbot/install/dwb_msgs/share/dwb_msgs/environment/pythonpath.dsv
[3.665s] -- Up-to-date: /home/misaka/fishbot/install/dwb_msgs/local/lib/python3.10/dist-packages/dwb_msgs-1.1.0-py3.10.egg-info
[3.665s] -- Installing: /home/misaka/fishbot/install/dwb_msgs/local/lib/python3.10/dist-packages/dwb_msgs-1.1.0-py3.10.egg-info/PKG-INFO
[3.665s] -- Installing: /home/misaka/fishbot/install/dwb_msgs/local/lib/python3.10/dist-packages/dwb_msgs-1.1.0-py3.10.egg-info/dependency_links.txt
[3.665s] -- Installing: /home/misaka/fishbot/install/dwb_msgs/local/lib/python3.10/dist-packages/dwb_msgs-1.1.0-py3.10.egg-info/SOURCES.txt
[3.665s] -- Installing: /home/misaka/fishbot/install/dwb_msgs/local/lib/python3.10/dist-packages/dwb_msgs-1.1.0-py3.10.egg-info/top_level.txt
[3.665s] -- Up-to-date: /home/misaka/fishbot/install/dwb_msgs/local/lib/python3.10/dist-packages/dwb_msgs
[3.666s] -- Up-to-date: /home/misaka/fishbot/install/dwb_msgs/local/lib/python3.10/dist-packages/dwb_msgs/libdwb_msgs__rosidl_generator_py.so
[3.666s] -- Up-to-date: /home/misaka/fishbot/install/dwb_msgs/local/lib/python3.10/dist-packages/dwb_msgs/_dwb_msgs_s.ep.rosidl_typesupport_c.c
[3.666s] -- Up-to-date: /home/misaka/fishbot/install/dwb_msgs/local/lib/python3.10/dist-packages/dwb_msgs/_dwb_msgs_s.ep.rosidl_typesupport_fastrtps_c.c
[3.666s] -- Up-to-date: /home/misaka/fishbot/install/dwb_msgs/local/lib/python3.10/dist-packages/dwb_msgs/srv
[3.668s] -- Up-to-date: /home/misaka/fishbot/install/dwb_msgs/local/lib/python3.10/dist-packages/dwb_msgs/srv/_get_critic_score.py
[3.668s] -- Up-to-date: /home/misaka/fishbot/install/dwb_msgs/local/lib/python3.10/dist-packages/dwb_msgs/srv/_score_trajectory.py
[3.668s] -- Up-to-date: /home/misaka/fishbot/install/dwb_msgs/local/lib/python3.10/dist-packages/dwb_msgs/srv/_generate_twists_s.c
[3.669s] -- Up-to-date: /home/misaka/fishbot/install/dwb_msgs/local/lib/python3.10/dist-packages/dwb_msgs/srv/_get_critic_score_s.c
[3.669s] -- Up-to-date: /home/misaka/fishbot/install/dwb_msgs/local/lib/python3.10/dist-packages/dwb_msgs/srv/_score_trajectory_s.c
[3.669s] -- Up-to-date: /home/misaka/fishbot/install/dwb_msgs/local/lib/python3.10/dist-packages/dwb_msgs/srv/_generate_trajectory.py
[3.669s] -- Up-to-date: /home/misaka/fishbot/install/dwb_msgs/local/lib/python3.10/dist-packages/dwb_msgs/srv/_generate_twists.py
[3.670s] -- Up-to-date: /home/misaka/fishbot/install/dwb_msgs/local/lib/python3.10/dist-packages/dwb_msgs/srv/_debug_local_plan_s.c
[3.670s] -- Up-to-date: /home/misaka/fishbot/install/dwb_msgs/local/lib/python3.10/dist-packages/dwb_msgs/srv/_debug_local_plan.py
[3.670s] -- Up-to-date: /home/misaka/fishbot/install/dwb_msgs/local/lib/python3.10/dist-packages/dwb_msgs/srv/__init__.py
[3.670s] -- Up-to-date: /home/misaka/fishbot/install/dwb_msgs/local/lib/python3.10/dist-packages/dwb_msgs/srv/_generate_trajectory_s.c
[3.670s] -- Up-to-date: /home/misaka/fishbot/install/dwb_msgs/local/lib/python3.10/dist-packages/dwb_msgs/dwb_msgs_s__rosidl_typesupport_c.cpython-310-x86_64-linux-gnu.so
[3.670s] -- Up-to-date: /home/misaka/fishbot/install/dwb_msgs/local/lib/python3.10/dist-packages/dwb_msgs/_dwb_msgs_s.ep.rosidl_typesupport_introspection_c.c
[3.670s] -- Up-to-date: /home/misaka/fishbot/install/dwb_msgs/local/lib/python3.10/dist-packages/dwb_msgs/dwb_msgs_s__rosidl_typesupport_fastrtps_c.cpython-310-x86_64-linux-gnu.so
[3.671s] -- Up-to-date: /home/misaka/fishbot/install/dwb_msgs/local/lib/python3.10/dist-packages/dwb_msgs/__init__.py
[3.671s] -- Up-to-date: /home/misaka/fishbot/install/dwb_msgs/local/lib/python3.10/dist-packages/dwb_msgs/msg
[3.672s] -- Up-to-date: /home/misaka/fishbot/install/dwb_msgs/local/lib/python3.10/dist-packages/dwb_msgs/msg/_critic_score.py
[3.672s] -- Up-to-date: /home/misaka/fishbot/install/dwb_msgs/local/lib/python3.10/dist-packages/dwb_msgs/msg/_trajectory_score_s.c
[3.673s] -- Up-to-date: /home/misaka/fishbot/install/dwb_msgs/local/lib/python3.10/dist-packages/dwb_msgs/msg/_critic_score_s.c
[3.673s] -- Up-to-date: /home/misaka/fishbot/install/dwb_msgs/local/lib/python3.10/dist-packages/dwb_msgs/msg/_trajectory2_d_s.c
[3.674s] -- Up-to-date: /home/misaka/fishbot/install/dwb_msgs/local/lib/python3.10/dist-packages/dwb_msgs/msg/_trajectory2_d.py
[3.675s] -- Up-to-date: /home/misaka/fishbot/install/dwb_msgs/local/lib/python3.10/dist-packages/dwb_msgs/msg/_local_plan_evaluation_s.c
[3.675s] -- Up-to-date: /home/misaka/fishbot/install/dwb_msgs/local/lib/python3.10/dist-packages/dwb_msgs/msg/_local_plan_evaluation.py
[3.676s] -- Up-to-date: /home/misaka/fishbot/install/dwb_msgs/local/lib/python3.10/dist-packages/dwb_msgs/msg/__init__.py
[3.676s] -- Up-to-date: /home/misaka/fishbot/install/dwb_msgs/local/lib/python3.10/dist-packages/dwb_msgs/msg/_trajectory_score.py
[3.676s] -- Up-to-date: /home/misaka/fishbot/install/dwb_msgs/local/lib/python3.10/dist-packages/dwb_msgs/dwb_msgs_s__rosidl_typesupport_introspection_c.cpython-310-x86_64-linux-gnu.so
[3.770s] Listing '/home/misaka/fishbot/install/dwb_msgs/local/lib/python3.10/dist-packages/dwb_msgs'...
[3.770s] Listing '/home/misaka/fishbot/install/dwb_msgs/local/lib/python3.10/dist-packages/dwb_msgs/msg'...
[3.770s] Listing '/home/misaka/fishbot/install/dwb_msgs/local/lib/python3.10/dist-packages/dwb_msgs/srv'...
[3.783s] -- Up-to-date: /home/misaka/fishbot/install/dwb_msgs/local/lib/python3.10/dist-packages/dwb_msgs/dwb_msgs_s__rosidl_typesupport_fastrtps_c.cpython-310-x86_64-linux-gnu.so
[3.786s] -- Up-to-date: /home/misaka/fishbot/install/dwb_msgs/local/lib/python3.10/dist-packages/dwb_msgs/dwb_msgs_s__rosidl_typesupport_introspection_c.cpython-310-x86_64-linux-gnu.so
[3.791s] -- Up-to-date: /home/misaka/fishbot/install/dwb_msgs/local/lib/python3.10/dist-packages/dwb_msgs/dwb_msgs_s__rosidl_typesupport_c.cpython-310-x86_64-linux-gnu.so
[3.794s] -- Up-to-date: /home/misaka/fishbot/install/dwb_msgs/lib/libdwb_msgs__rosidl_generator_py.so
[3.795s] -- Up-to-date: /home/misaka/fishbot/install/dwb_msgs/share/dwb_msgs/msg/CriticScore.idl
[3.795s] -- Up-to-date: /home/misaka/fishbot/install/dwb_msgs/share/dwb_msgs/msg/LocalPlanEvaluation.idl
[3.806s] -- Up-to-date: /home/misaka/fishbot/install/dwb_msgs/share/dwb_msgs/msg/Trajectory2D.idl
[3.807s] -- Up-to-date: /home/misaka/fishbot/install/dwb_msgs/share/dwb_msgs/msg/TrajectoryScore.idl
[3.807s] -- Up-to-date: /home/misaka/fishbot/install/dwb_msgs/share/dwb_msgs/srv/DebugLocalPlan.idl
[3.809s] -- Up-to-date: /home/misaka/fishbot/install/dwb_msgs/share/dwb_msgs/srv/GenerateTrajectory.idl
[3.810s] -- Up-to-date: /home/misaka/fishbot/install/dwb_msgs/share/dwb_msgs/srv/GenerateTwists.idl
[3.810s] -- Up-to-date: /home/misaka/fishbot/install/dwb_msgs/share/dwb_msgs/srv/GetCriticScore.idl
[3.810s] -- Up-to-date: /home/misaka/fishbot/install/dwb_msgs/share/dwb_msgs/srv/ScoreTrajectory.idl
[3.811s] -- Up-to-date: /home/misaka/fishbot/install/dwb_msgs/share/dwb_msgs/msg/CriticScore.msg
[3.811s] -- Up-to-date: /home/misaka/fishbot/install/dwb_msgs/share/dwb_msgs/msg/LocalPlanEvaluation.msg
[3.811s] -- Up-to-date: /home/misaka/fishbot/install/dwb_msgs/share/dwb_msgs/msg/Trajectory2D.msg
[3.811s] -- Up-to-date: /home/misaka/fishbot/install/dwb_msgs/share/dwb_msgs/msg/TrajectoryScore.msg
[3.812s] -- Up-to-date: /home/misaka/fishbot/install/dwb_msgs/share/dwb_msgs/srv/DebugLocalPlan.srv
[3.812s] -- Up-to-date: /home/misaka/fishbot/install/dwb_msgs/share/dwb_msgs/srv/DebugLocalPlan_Request.msg
[3.812s] -- Up-to-date: /home/misaka/fishbot/install/dwb_msgs/share/dwb_msgs/srv/DebugLocalPlan_Response.msg
[3.812s] -- Up-to-date: /home/misaka/fishbot/install/dwb_msgs/share/dwb_msgs/srv/GenerateTrajectory.srv
[3.813s] -- Up-to-date: /home/misaka/fishbot/install/dwb_msgs/share/dwb_msgs/srv/GenerateTrajectory_Request.msg
[3.813s] -- Up-to-date: /home/misaka/fishbot/install/dwb_msgs/share/dwb_msgs/srv/GenerateTrajectory_Response.msg
[3.818s] -- Up-to-date: /home/misaka/fishbot/install/dwb_msgs/share/dwb_msgs/srv/GenerateTwists.srv
[3.821s] -- Up-to-date: /home/misaka/fishbot/install/dwb_msgs/share/dwb_msgs/srv/GenerateTwists_Request.msg
[3.821s] -- Up-to-date: /home/misaka/fishbot/install/dwb_msgs/share/dwb_msgs/srv/GenerateTwists_Response.msg
[3.822s] -- Up-to-date: /home/misaka/fishbot/install/dwb_msgs/share/dwb_msgs/srv/GetCriticScore.srv
[3.822s] -- Up-to-date: /home/misaka/fishbot/install/dwb_msgs/share/dwb_msgs/srv/GetCriticScore_Request.msg
[3.822s] -- Up-to-date: /home/misaka/fishbot/install/dwb_msgs/share/dwb_msgs/srv/GetCriticScore_Response.msg
[3.823s] -- Up-to-date: /home/misaka/fishbot/install/dwb_msgs/share/dwb_msgs/srv/ScoreTrajectory.srv
[3.823s] -- Up-to-date: /home/misaka/fishbot/install/dwb_msgs/share/dwb_msgs/srv/ScoreTrajectory_Request.msg
[3.823s] -- Up-to-date: /home/misaka/fishbot/install/dwb_msgs/share/dwb_msgs/srv/ScoreTrajectory_Response.msg
[3.833s] -- Up-to-date: /home/misaka/fishbot/install/dwb_msgs/share/ament_index/resource_index/package_run_dependencies/dwb_msgs
[3.833s] -- Up-to-date: /home/misaka/fishbot/install/dwb_msgs/share/ament_index/resource_index/parent_prefix_path/dwb_msgs
[3.833s] -- Up-to-date: /home/misaka/fishbot/install/dwb_msgs/share/dwb_msgs/environment/ament_prefix_path.sh
[3.834s] -- Up-to-date: /home/misaka/fishbot/install/dwb_msgs/share/dwb_msgs/environment/ament_prefix_path.dsv
[3.834s] -- Up-to-date: /home/misaka/fishbot/install/dwb_msgs/share/dwb_msgs/environment/path.sh
[3.834s] -- Up-to-date: /home/misaka/fishbot/install/dwb_msgs/share/dwb_msgs/environment/path.dsv
[3.835s] -- Up-to-date: /home/misaka/fishbot/install/dwb_msgs/share/dwb_msgs/local_setup.bash
[3.835s] -- Up-to-date: /home/misaka/fishbot/install/dwb_msgs/share/dwb_msgs/local_setup.sh
[3.835s] -- Up-to-date: /home/misaka/fishbot/install/dwb_msgs/share/dwb_msgs/local_setup.zsh
[3.836s] -- Up-to-date: /home/misaka/fishbot/install/dwb_msgs/share/dwb_msgs/local_setup.dsv
[3.837s] -- Installing: /home/misaka/fishbot/install/dwb_msgs/share/dwb_msgs/package.dsv
[3.837s] -- Up-to-date: /home/misaka/fishbot/install/dwb_msgs/share/ament_index/resource_index/packages/dwb_msgs
[3.839s] -- Up-to-date: /home/misaka/fishbot/install/dwb_msgs/share/dwb_msgs/cmake/export_dwb_msgs__rosidl_generator_cExport.cmake
[3.839s] -- Up-to-date: /home/misaka/fishbot/install/dwb_msgs/share/dwb_msgs/cmake/export_dwb_msgs__rosidl_generator_cExport-noconfig.cmake
[3.839s] -- Up-to-date: /home/misaka/fishbot/install/dwb_msgs/share/dwb_msgs/cmake/export_dwb_msgs__rosidl_typesupport_fastrtps_cExport.cmake
[3.839s] -- Up-to-date: /home/misaka/fishbot/install/dwb_msgs/share/dwb_msgs/cmake/export_dwb_msgs__rosidl_typesupport_fastrtps_cExport-noconfig.cmake
[3.840s] -- Up-to-date: /home/misaka/fishbot/install/dwb_msgs/share/dwb_msgs/cmake/export_dwb_msgs__rosidl_generator_cppExport.cmake
[3.840s] -- Up-to-date: /home/misaka/fishbot/install/dwb_msgs/share/dwb_msgs/cmake/export_dwb_msgs__rosidl_typesupport_fastrtps_cppExport.cmake
[3.840s] -- Up-to-date: /home/misaka/fishbot/install/dwb_msgs/share/dwb_msgs/cmake/export_dwb_msgs__rosidl_typesupport_fastrtps_cppExport-noconfig.cmake
[3.840s] -- Up-to-date: /home/misaka/fishbot/install/dwb_msgs/share/dwb_msgs/cmake/dwb_msgs__rosidl_typesupport_introspection_cExport.cmake
[3.841s] -- Up-to-date: /home/misaka/fishbot/install/dwb_msgs/share/dwb_msgs/cmake/dwb_msgs__rosidl_typesupport_introspection_cExport-noconfig.cmake
[3.845s] -- Up-to-date: /home/misaka/fishbot/install/dwb_msgs/share/dwb_msgs/cmake/dwb_msgs__rosidl_typesupport_cExport.cmake
[3.846s] -- Up-to-date: /home/misaka/fishbot/install/dwb_msgs/share/dwb_msgs/cmake/dwb_msgs__rosidl_typesupport_cExport-noconfig.cmake
[3.846s] -- Up-to-date: /home/misaka/fishbot/install/dwb_msgs/share/dwb_msgs/cmake/dwb_msgs__rosidl_typesupport_introspection_cppExport.cmake
[3.846s] -- Up-to-date: /home/misaka/fishbot/install/dwb_msgs/share/dwb_msgs/cmake/dwb_msgs__rosidl_typesupport_introspection_cppExport-noconfig.cmake
[3.850s] -- Up-to-date: /home/misaka/fishbot/install/dwb_msgs/share/dwb_msgs/cmake/dwb_msgs__rosidl_typesupport_cppExport.cmake
[3.851s] -- Up-to-date: /home/misaka/fishbot/install/dwb_msgs/share/dwb_msgs/cmake/dwb_msgs__rosidl_typesupport_cppExport-noconfig.cmake
[3.853s] -- Up-to-date: /home/misaka/fishbot/install/dwb_msgs/share/dwb_msgs/cmake/export_dwb_msgs__rosidl_generator_pyExport.cmake
[3.854s] -- Up-to-date: /home/misaka/fishbot/install/dwb_msgs/share/dwb_msgs/cmake/export_dwb_msgs__rosidl_generator_pyExport-noconfig.cmake
[3.854s] -- Up-to-date: /home/misaka/fishbot/install/dwb_msgs/share/dwb_msgs/cmake/rosidl_cmake-extras.cmake
[3.855s] -- Up-to-date: /home/misaka/fishbot/install/dwb_msgs/share/dwb_msgs/cmake/ament_cmake_export_dependencies-extras.cmake
[3.856s] -- Up-to-date: /home/misaka/fishbot/install/dwb_msgs/share/dwb_msgs/cmake/ament_cmake_export_include_directories-extras.cmake
[3.856s] -- Up-to-date: /home/misaka/fishbot/install/dwb_msgs/share/dwb_msgs/cmake/ament_cmake_export_libraries-extras.cmake
[3.857s] -- Up-to-date: /home/misaka/fishbot/install/dwb_msgs/share/dwb_msgs/cmake/ament_cmake_export_targets-extras.cmake
[3.857s] -- Up-to-date: /home/misaka/fishbot/install/dwb_msgs/share/dwb_msgs/cmake/rosidl_cmake_export_typesupport_targets-extras.cmake
[3.857s] -- Up-to-date: /home/misaka/fishbot/install/dwb_msgs/share/dwb_msgs/cmake/rosidl_cmake_export_typesupport_libraries-extras.cmake
[3.857s] -- Up-to-date: /home/misaka/fishbot/install/dwb_msgs/share/dwb_msgs/cmake/dwb_msgsConfig.cmake
[3.858s] -- Up-to-date: /home/misaka/fishbot/install/dwb_msgs/share/dwb_msgs/cmake/dwb_msgsConfig-version.cmake
[3.860s] -- Up-to-date: /home/misaka/fishbot/install/dwb_msgs/share/dwb_msgs/package.xml
[3.868s] Invoked command in '/home/misaka/fishbot/build/dwb_msgs' returned '0': AMENT_PREFIX_PATH=/home/misaka/fishbot/install/nav_2d_msgs:${AMENT_PREFIX_PATH} CMAKE_PREFIX_PATH=/home/misaka/fishbot/install/nav_2d_msgs:/opt/ros/humble LD_LIBRARY_PATH=/home/misaka/fishbot/install/nav_2d_msgs/lib:${LD_LIBRARY_PATH} PYTHONPATH=/home/misaka/fishbot/install/nav_2d_msgs/local/lib/python3.10/dist-packages:${PYTHONPATH} /usr/bin/cmake --install /home/misaka/fishbot/build/dwb_msgs
