[0.166s] Invoking command in '/home/misaka/fishbot/build/nav_2d_utils': AMENT_PREFIX_PATH=/home/misaka/fishbot/install/nav2_util:/home/misaka/fishbot/install/nav2_msgs:/home/misaka/fishbot/install/nav_2d_msgs:/home/misaka/fishbot/install/nav2_common:${AMENT_PREFIX_PATH} CMAKE_PREFIX_PATH=/home/misaka/fishbot/install/nav2_util:/home/misaka/fishbot/install/nav2_msgs:/home/misaka/fishbot/install/nav_2d_msgs:/home/misaka/fishbot/install/nav2_common:/opt/ros/humble LD_LIBRARY_PATH=/home/misaka/fishbot/install/nav2_util/lib:/home/misaka/fishbot/install/nav2_msgs/lib:/home/misaka/fishbot/install/nav_2d_msgs/lib:${LD_LIBRARY_PATH} PYTHONPATH=/home/misaka/fishbot/install/nav2_msgs/local/lib/python3.10/dist-packages:/home/misaka/fishbot/install/nav_2d_msgs/local/lib/python3.10/dist-packages:/home/misaka/fishbot/install/nav2_common/local/lib/python3.10/dist-packages:${PYTHONPATH} /usr/bin/cmake /home/misaka/fishbot/src/navigation/nav2_dwb_controller/nav_2d_utils -DCMAKE_INSTALL_PREFIX=/home/misaka/fishbot/install/nav_2d_utils
[0.529s] -- The C compiler identification is GNU 11.4.0
[0.775s] -- The CXX compiler identification is GNU 11.4.0
[0.816s] -- Detecting C compiler ABI info
[1.140s] -- Detecting C compiler ABI info - done
[1.170s] -- Check for working C compiler: /usr/bin/cc - skipped
[1.170s] -- Detecting C compile features
[1.172s] -- Detecting C compile features - done
[1.184s] -- Detecting CXX compiler ABI info
[1.570s] -- Detecting CXX compiler ABI info - done
[1.596s] -- Check for working CXX compiler: /usr/bin/c++ - skipped
[1.596s] -- Detecting CXX compile features
[1.601s] -- Detecting CXX compile features - done
[1.614s] -- Found ament_cmake: 1.3.10 (/opt/ros/humble/share/ament_cmake/cmake)
[2.287s] -- Found Python3: /usr/bin/python3 (found version "3.10.12") found components: Interpreter 
[2.655s] -- Found nav2_common: 1.1.0 (/home/misaka/fishbot/install/nav2_common/share/nav2_common/cmake)
[2.664s] -- Found geometry_msgs: 4.2.4 (/opt/ros/humble/share/geometry_msgs/cmake)
[2.822s] -- Found rosidl_generator_c: 3.1.5 (/opt/ros/humble/share/rosidl_generator_c/cmake)
[2.842s] -- Found rosidl_adapter: 3.1.5 (/opt/ros/humble/share/rosidl_adapter/cmake)
[2.878s] -- Found rosidl_generator_cpp: 3.1.5 (/opt/ros/humble/share/rosidl_generator_cpp/cmake)
[2.968s] -- Using all available rosidl_typesupport_c: rosidl_typesupport_fastrtps_c;rosidl_typesupport_introspection_c
[3.061s] -- Using all available rosidl_typesupport_cpp: rosidl_typesupport_fastrtps_cpp;rosidl_typesupport_introspection_cpp
[3.292s] -- Found nav_2d_msgs: 1.1.0 (/home/misaka/fishbot/install/nav_2d_msgs/share/nav_2d_msgs/cmake)
[3.394s] -- Found nav_msgs: 4.2.4 (/opt/ros/humble/share/nav_msgs/cmake)
[3.495s] -- Found rclcpp: 16.0.10 (/opt/ros/humble/share/rclcpp/cmake)
[3.646s] -- Found rmw_implementation_cmake: 6.1.2 (/opt/ros/humble/share/rmw_implementation_cmake/cmake)
[3.655s] -- Found rmw_fastrtps_cpp: 6.2.7 (/opt/ros/humble/share/rmw_fastrtps_cpp/cmake)
[4.058s] -- Found OpenSSL: /usr/lib/x86_64-linux-gnu/libcrypto.so (found version "3.0.2")  
[4.147s] -- Found FastRTPS: /opt/ros/humble/include  
[4.299s] -- Using RMW implementation 'rmw_fastrtps_cpp' as default
[4.334s] -- Looking for pthread.h
[4.671s] -- Looking for pthread.h - found
[4.672s] -- Performing Test CMAKE_HAVE_LIBC_PTHREAD
[4.990s] -- Performing Test CMAKE_HAVE_LIBC_PTHREAD - Success
[4.995s] -- Found Threads: TRUE  
[5.165s] -- Found tf2: 0.25.8 (/opt/ros/humble/share/tf2/cmake)
[5.216s] -- Found tf2_geometry_msgs: 0.25.8 (/opt/ros/humble/share/tf2_geometry_msgs/cmake)
[5.296s] -- Found eigen3_cmake_module: 0.1.1 (/opt/ros/humble/share/eigen3_cmake_module/cmake)
[5.302s] -- Found Eigen3: TRUE (found version "3.4.0") 
[5.302s] -- Ensuring Eigen3 include directory is part of orocos-kdl CMake target
[5.669s] -- Found nav2_msgs: 1.1.0 (/home/misaka/fishbot/install/nav2_msgs/share/nav2_msgs/cmake)
[5.767s] -- Found nav2_util: 1.1.0 (/home/misaka/fishbot/install/nav2_util/share/nav2_util/cmake)
[5.973s] -- Setting build type to Release as none was specified.
[6.197s] -- Found ament_lint_auto: 0.12.11 (/opt/ros/humble/share/ament_lint_auto/cmake)
[6.597s] -- Found gtest sources under '/opt/ros/humble/src/gtest_vendor': C++ tests using 'Google Test' will be built
[6.649s] -- Added test 'cppcheck' to perform static code analysis on C / C++ code
[6.651s] -- Configured cppcheck include dirs: /home/misaka/fishbot/src/navigation/nav2_dwb_controller/nav_2d_utils/include
[6.651s] -- Configured cppcheck exclude dirs and/or files: 
[6.660s] -- Added test 'cpplint' to check C / C++ code against the Google style
[6.660s] -- Configured cpplint exclude dirs and/or files: 
[6.664s] -- Added test 'lint_cmake' to check CMake code style
[6.673s] -- Added test 'uncrustify' to check C / C++ code style
[6.673s] -- Configured uncrustify additional arguments: 
[6.678s] -- Added test 'xmllint' to check XML markup files
[6.697s] -- Configuring done
[7.320s] -- Generating done
[7.330s] -- Build files have been written to: /home/misaka/fishbot/build/nav_2d_utils
[7.388s] Invoked command in '/home/misaka/fishbot/build/nav_2d_utils' returned '0': AMENT_PREFIX_PATH=/home/misaka/fishbot/install/nav2_util:/home/misaka/fishbot/install/nav2_msgs:/home/misaka/fishbot/install/nav_2d_msgs:/home/misaka/fishbot/install/nav2_common:${AMENT_PREFIX_PATH} CMAKE_PREFIX_PATH=/home/misaka/fishbot/install/nav2_util:/home/misaka/fishbot/install/nav2_msgs:/home/misaka/fishbot/install/nav_2d_msgs:/home/misaka/fishbot/install/nav2_common:/opt/ros/humble LD_LIBRARY_PATH=/home/misaka/fishbot/install/nav2_util/lib:/home/misaka/fishbot/install/nav2_msgs/lib:/home/misaka/fishbot/install/nav_2d_msgs/lib:${LD_LIBRARY_PATH} PYTHONPATH=/home/misaka/fishbot/install/nav2_msgs/local/lib/python3.10/dist-packages:/home/misaka/fishbot/install/nav_2d_msgs/local/lib/python3.10/dist-packages:/home/misaka/fishbot/install/nav2_common/local/lib/python3.10/dist-packages:${PYTHONPATH} /usr/bin/cmake /home/misaka/fishbot/src/navigation/nav2_dwb_controller/nav_2d_utils -DCMAKE_INSTALL_PREFIX=/home/misaka/fishbot/install/nav_2d_utils
[7.403s] Invoking command in '/home/misaka/fishbot/build/nav_2d_utils': AMENT_PREFIX_PATH=/home/misaka/fishbot/install/nav2_util:/home/misaka/fishbot/install/nav2_msgs:/home/misaka/fishbot/install/nav_2d_msgs:/home/misaka/fishbot/install/nav2_common:${AMENT_PREFIX_PATH} CMAKE_PREFIX_PATH=/home/misaka/fishbot/install/nav2_util:/home/misaka/fishbot/install/nav2_msgs:/home/misaka/fishbot/install/nav_2d_msgs:/home/misaka/fishbot/install/nav2_common:/opt/ros/humble LD_LIBRARY_PATH=/home/misaka/fishbot/install/nav2_util/lib:/home/misaka/fishbot/install/nav2_msgs/lib:/home/misaka/fishbot/install/nav_2d_msgs/lib:${LD_LIBRARY_PATH} PYTHONPATH=/home/misaka/fishbot/install/nav2_msgs/local/lib/python3.10/dist-packages:/home/misaka/fishbot/install/nav_2d_msgs/local/lib/python3.10/dist-packages:/home/misaka/fishbot/install/nav2_common/local/lib/python3.10/dist-packages:${PYTHONPATH} /usr/bin/cmake --build /home/misaka/fishbot/build/nav_2d_utils -- -j16 -l16
[7.672s] [ 12%] [32mBuilding CXX object CMakeFiles/conversions.dir/src/conversions.cpp.o[0m
[7.672s] [ 12%] [32mBuilding CXX object gtest/CMakeFiles/gtest_main.dir/src/gtest_main.cc.o[0m
[7.677s] [ 18%] [32mBuilding CXX object CMakeFiles/path_ops.dir/src/path_ops.cpp.o[0m
[7.686s] [ 25%] [32mBuilding CXX object gtest/CMakeFiles/gtest.dir/src/gtest-all.cc.o[0m
[11.707s] [ 31%] [32m[1mLinking CXX shared library libpath_ops.so[0m
[13.577s] [ 37%] [32m[1mLinking CXX static library libgtest_main.a[0m
[14.150s] [ 37%] Built target gtest_main
[22.091s] [ 37%] Built target path_ops
[25.299s] [ 43%] [32m[1mLinking CXX shared library libconversions.so[0m
[26.554s] [ 43%] Built target conversions
[26.819s] [ 50%] [32mBuilding CXX object CMakeFiles/tf_help.dir/src/tf_help.cpp.o[0m
[73.906s] [ 56%] [32m[1mLinking CXX shared library libtf_help.so[0m
[240.331s] [ 56%] Built target tf_help
[358.918s] [ 62%] [32m[1mLinking CXX static library libgtest.a[0m
[358.924s] [ 62%] Built target gtest
[358.951s] [ 68%] [32mBuilding CXX object test/CMakeFiles/2d_utils_tests.dir/2d_utils_test.cpp.o[0m
[358.980s] [ 75%] [32m[1mLinking CXX executable 2d_utils_tests[0m
[358.980s] [ 75%] Built target 2d_utils_tests
[358.981s] [ 81%] [32mBuilding CXX object test/CMakeFiles/tf_help_tests.dir/tf_help_test.cpp.o[0m
[373.041s] [ 87%] [32m[1mLinking CXX executable tf_help_tests[0m
[373.959s] [ 87%] Built target tf_help_tests
[374.112s] [ 93%] [32mBuilding CXX object test/CMakeFiles/path_ops_tests.dir/path_ops_test.cpp.o[0m
[380.129s] [100%] [32m[1mLinking CXX executable path_ops_tests[0m
[381.965s] [100%] Built target path_ops_tests
