[0.173s] Invoking command in '/home/misaka/fishbot/build/nav2_common': CMAKE_PREFIX_PATH=/opt/ros/humble /usr/bin/cmake /home/misaka/fishbot/src/navigation/nav2_common -DCMAKE_INSTALL_PREFIX=/home/misaka/fishbot/install/nav2_common
[0.322s] -- Found ament_cmake_core: 1.3.10 (/opt/ros/humble/share/ament_cmake_core/cmake)
[1.087s] -- Found Python3: /usr/bin/python3 (found version "3.10.12") found components: Interpreter 
[1.446s] -- Found ament_cmake_python: 1.3.10 (/opt/ros/humble/share/ament_cmake_python/cmake)
[2.122s] -- Configuring done
[2.130s] -- Generating done
[2.132s] -- Build files have been written to: /home/misaka/fishbot/build/nav2_common
[2.145s] Invoked command in '/home/misaka/fishbot/build/nav2_common' returned '0': CMAKE_PREFIX_PATH=/opt/ros/humble /usr/bin/cmake /home/misaka/fishbot/src/navigation/nav2_common -DCMAKE_INSTALL_PREFIX=/home/misaka/fishbot/install/nav2_common
[2.147s] Invoking command in '/home/misaka/fishbot/build/nav2_common': CMAKE_PREFIX_PATH=/opt/ros/humble /usr/bin/cmake --build /home/misaka/fishbot/build/nav2_common -- -j16 -l16
[2.485s] Built target ament_cmake_python_copy_nav2_common
[3.674s] running egg_info
[3.677s] creating nav2_common.egg-info
[3.677s] writing nav2_common.egg-info/PKG-INFO
[3.679s] writing dependency_links to nav2_common.egg-info/dependency_links.txt
[3.679s] writing top-level names to nav2_common.egg-info/top_level.txt
[3.680s] writing manifest file 'nav2_common.egg-info/SOURCES.txt'
[3.692s] reading manifest file 'nav2_common.egg-info/SOURCES.txt'
[3.694s] writing manifest file 'nav2_common.egg-info/SOURCES.txt'
[3.801s] Built target ament_cmake_python_build_nav2_common_egg
[3.847s] Invoked command in '/home/misaka/fishbot/build/nav2_common' returned '0': CMAKE_PREFIX_PATH=/opt/ros/humble /usr/bin/cmake --build /home/misaka/fishbot/build/nav2_common -- -j16 -l16
[4.054s] Invoking command in '/home/misaka/fishbot/build/nav2_common': CMAKE_PREFIX_PATH=/opt/ros/humble /usr/bin/cmake --install /home/misaka/fishbot/build/nav2_common
[4.094s] -- Install configuration: ""
[4.096s] -- Installing: /home/misaka/fishbot/install/nav2_common/share/nav2_common/environment/pythonpath.sh
[4.097s] -- Installing: /home/misaka/fishbot/install/nav2_common/share/nav2_common/environment/pythonpath.dsv
[4.097s] -- Installing: /home/misaka/fishbot/install/nav2_common/local/lib/python3.10/dist-packages/nav2_common-1.1.0-py3.10.egg-info
[4.098s] -- Installing: /home/misaka/fishbot/install/nav2_common/local/lib/python3.10/dist-packages/nav2_common-1.1.0-py3.10.egg-info/PKG-INFO
[4.100s] -- Installing: /home/misaka/fishbot/install/nav2_common/local/lib/python3.10/dist-packages/nav2_common-1.1.0-py3.10.egg-info/dependency_links.txt
[4.102s] -- Installing: /home/misaka/fishbot/install/nav2_common/local/lib/python3.10/dist-packages/nav2_common-1.1.0-py3.10.egg-info/SOURCES.txt
[4.102s] -- Installing: /home/misaka/fishbot/install/nav2_common/local/lib/python3.10/dist-packages/nav2_common-1.1.0-py3.10.egg-info/top_level.txt
[4.103s] -- Installing: /home/misaka/fishbot/install/nav2_common/local/lib/python3.10/dist-packages/nav2_common
[4.104s] -- Installing: /home/misaka/fishbot/install/nav2_common/local/lib/python3.10/dist-packages/nav2_common/__init__.py
[4.105s] -- Installing: /home/misaka/fishbot/install/nav2_common/local/lib/python3.10/dist-packages/nav2_common/launch
[4.105s] -- Installing: /home/misaka/fishbot/install/nav2_common/local/lib/python3.10/dist-packages/nav2_common/launch/replace_string.py
[4.105s] -- Installing: /home/misaka/fishbot/install/nav2_common/local/lib/python3.10/dist-packages/nav2_common/launch/has_node_params.py
[4.105s] -- Installing: /home/misaka/fishbot/install/nav2_common/local/lib/python3.10/dist-packages/nav2_common/launch/rewritten_yaml.py
[4.106s] -- Installing: /home/misaka/fishbot/install/nav2_common/local/lib/python3.10/dist-packages/nav2_common/launch/__init__.py
[4.251s] Listing '/home/misaka/fishbot/install/nav2_common/local/lib/python3.10/dist-packages/nav2_common'...
[4.252s] Compiling '/home/misaka/fishbot/install/nav2_common/local/lib/python3.10/dist-packages/nav2_common/__init__.py'...
[4.253s] Listing '/home/misaka/fishbot/install/nav2_common/local/lib/python3.10/dist-packages/nav2_common/launch'...
[4.253s] Compiling '/home/misaka/fishbot/install/nav2_common/local/lib/python3.10/dist-packages/nav2_common/launch/__init__.py'...
[4.253s] Compiling '/home/misaka/fishbot/install/nav2_common/local/lib/python3.10/dist-packages/nav2_common/launch/has_node_params.py'...
[4.253s] Compiling '/home/misaka/fishbot/install/nav2_common/local/lib/python3.10/dist-packages/nav2_common/launch/replace_string.py'...
[4.254s] Compiling '/home/misaka/fishbot/install/nav2_common/local/lib/python3.10/dist-packages/nav2_common/launch/rewritten_yaml.py'...
[4.265s] -- Installing: /home/misaka/fishbot/install/nav2_common/share/ament_index/resource_index/package_run_dependencies/nav2_common
[4.265s] -- Installing: /home/misaka/fishbot/install/nav2_common/share/ament_index/resource_index/parent_prefix_path/nav2_common
[4.265s] -- Installing: /home/misaka/fishbot/install/nav2_common/share/nav2_common/environment/ament_prefix_path.sh
[4.266s] -- Installing: /home/misaka/fishbot/install/nav2_common/share/nav2_common/environment/ament_prefix_path.dsv
[4.269s] -- Installing: /home/misaka/fishbot/install/nav2_common/share/nav2_common/environment/path.sh
[4.270s] -- Installing: /home/misaka/fishbot/install/nav2_common/share/nav2_common/environment/path.dsv
[4.271s] -- Installing: /home/misaka/fishbot/install/nav2_common/share/nav2_common/local_setup.bash
[4.272s] -- Installing: /home/misaka/fishbot/install/nav2_common/share/nav2_common/local_setup.sh
[4.273s] -- Installing: /home/misaka/fishbot/install/nav2_common/share/nav2_common/local_setup.zsh
[4.273s] -- Installing: /home/misaka/fishbot/install/nav2_common/share/nav2_common/local_setup.dsv
[4.273s] -- Installing: /home/misaka/fishbot/install/nav2_common/share/nav2_common/package.dsv
[4.273s] -- Installing: /home/misaka/fishbot/install/nav2_common/share/ament_index/resource_index/packages/nav2_common
[4.274s] -- Installing: /home/misaka/fishbot/install/nav2_common/share/nav2_common/cmake/nav2_common-extras.cmake
[4.275s] -- Installing: /home/misaka/fishbot/install/nav2_common/share/nav2_common/cmake/nav2_commonConfig.cmake
[4.275s] -- Installing: /home/misaka/fishbot/install/nav2_common/share/nav2_common/cmake/nav2_commonConfig-version.cmake
[4.277s] -- Installing: /home/misaka/fishbot/install/nav2_common/share/nav2_common/package.xml
[4.278s] -- Up-to-date: /home/misaka/fishbot/install/nav2_common/share/nav2_common/cmake
[4.279s] -- Installing: /home/misaka/fishbot/install/nav2_common/share/nav2_common/cmake/nav2_package.cmake
[4.291s] Invoked command in '/home/misaka/fishbot/build/nav2_common' returned '0': CMAKE_PREFIX_PATH=/opt/ros/humble /usr/bin/cmake --install /home/misaka/fishbot/build/nav2_common
