/home/misaka/fishbot/install/fishbot_description/lib/python3.10/site-packages/fishbot_description/rotate_wheel.py
/home/misaka/fishbot/install/fishbot_description/lib/python3.10/site-packages/fishbot_description/__init__.py
/home/misaka/fishbot/install/fishbot_description/lib/python3.10/site-packages/fishbot_description/__pycache__/rotate_wheel.cpython-310.pyc
/home/misaka/fishbot/install/fishbot_description/lib/python3.10/site-packages/fishbot_description/__pycache__/__init__.cpython-310.pyc
/home/misaka/fishbot/install/fishbot_description/share/ament_index/resource_index/packages/fishbot_description
/home/misaka/fishbot/install/fishbot_description/share/fishbot_description/package.xml
/home/misaka/fishbot/install/fishbot_description/share/fishbot_description/launch/display_rviz2.launch.py
/home/misaka/fishbot/install/fishbot_description/share/fishbot_description/launch/gazebo.launch.py
/home/misaka/fishbot/install/fishbot_description/share/fishbot_description/urdf/fishbot_base.urdf
/home/misaka/fishbot/install/fishbot_description/share/fishbot_description/urdf/fishbot_gazebo.urdf
/home/misaka/fishbot/install/fishbot_description/share/fishbot_description/world/fish.world
/home/misaka/fishbot/install/fishbot_description/share/fishbot_description/world/fishbot.world
/home/misaka/fishbot/install/fishbot_description/lib/python3.10/site-packages/fishbot_description-0.0.0-py3.10.egg-info/entry_points.txt
/home/misaka/fishbot/install/fishbot_description/lib/python3.10/site-packages/fishbot_description-0.0.0-py3.10.egg-info/PKG-INFO
/home/misaka/fishbot/install/fishbot_description/lib/python3.10/site-packages/fishbot_description-0.0.0-py3.10.egg-info/requires.txt
/home/misaka/fishbot/install/fishbot_description/lib/python3.10/site-packages/fishbot_description-0.0.0-py3.10.egg-info/dependency_links.txt
/home/misaka/fishbot/install/fishbot_description/lib/python3.10/site-packages/fishbot_description-0.0.0-py3.10.egg-info/SOURCES.txt
/home/misaka/fishbot/install/fishbot_description/lib/python3.10/site-packages/fishbot_description-0.0.0-py3.10.egg-info/zip-safe
/home/misaka/fishbot/install/fishbot_description/lib/python3.10/site-packages/fishbot_description-0.0.0-py3.10.egg-info/top_level.txt
/home/misaka/fishbot/install/fishbot_description/lib/fishbot_description/rotate_wheel
