[3.863s] Invoking command in '/home/misaka/fishbot/src/navigation/nav2_simple_commander': AMENT_PREFIX_PATH=/home/misaka/fishbot/install/nav2_msgs:/home/misaka/fishbot/install/nav2_common:${AMENT_PREFIX_PATH} CMAKE_PREFIX_PATH=/home/misaka/fishbot/install/nav2_msgs:/home/misaka/fishbot/install/nav2_common LD_LIBRARY_PATH=/home/misaka/fishbot/install/nav2_msgs/lib:${LD_LIBRARY_PATH} PYTHONPATH=/home/misaka/fishbot/build/nav2_simple_commander/prefix_override:/usr/lib/python3/dist-packages/colcon_core/task/python/colcon_distutils_commands:/home/misaka/fishbot/install/nav2_simple_commander/lib/python3.10/site-packages:/home/misaka/fishbot/install/nav2_msgs/local/lib/python3.10/dist-packages:/home/misaka/fishbot/install/nav2_common/local/lib/python3.10/dist-packages:${PYTHONPATH} /usr/bin/python3 -W ignore:setup.py install is deprecated setup.py egg_info --egg-base ../../../build/nav2_simple_commander build --build-base /home/misaka/fishbot/build/nav2_simple_commander/build install --record /home/misaka/fishbot/build/nav2_simple_commander/install.log --single-version-externally-managed install_data
[5.760s] running egg_info
[5.769s] writing ../../../build/nav2_simple_commander/nav2_simple_commander.egg-info/PKG-INFO
[5.770s] writing dependency_links to ../../../build/nav2_simple_commander/nav2_simple_commander.egg-info/dependency_links.txt
[5.787s] writing entry points to ../../../build/nav2_simple_commander/nav2_simple_commander.egg-info/entry_points.txt
[5.787s] writing requirements to ../../../build/nav2_simple_commander/nav2_simple_commander.egg-info/requires.txt
[5.788s] writing top-level names to ../../../build/nav2_simple_commander/nav2_simple_commander.egg-info/top_level.txt
[5.796s] reading manifest file '../../../build/nav2_simple_commander/nav2_simple_commander.egg-info/SOURCES.txt'
[5.810s] writing manifest file '../../../build/nav2_simple_commander/nav2_simple_commander.egg-info/SOURCES.txt'
[5.816s] running build
[5.817s] running build_py
[5.819s] running install
[5.820s] running install_lib
[5.834s] running install_data
[5.839s] running install_egg_info
[5.854s] removing '/home/misaka/fishbot/install/nav2_simple_commander/lib/python3.10/site-packages/nav2_simple_commander-1.0.0-py3.10.egg-info' (and everything under it)
[5.856s] Copying ../../../build/nav2_simple_commander/nav2_simple_commander.egg-info to /home/misaka/fishbot/install/nav2_simple_commander/lib/python3.10/site-packages/nav2_simple_commander-1.0.0-py3.10.egg-info
[5.870s] running install_scripts
[6.048s] Installing demo_inspection script to /home/misaka/fishbot/install/nav2_simple_commander/lib/nav2_simple_commander
[6.049s] Installing demo_picking script to /home/misaka/fishbot/install/nav2_simple_commander/lib/nav2_simple_commander
[6.050s] Installing demo_recoveries script to /home/misaka/fishbot/install/nav2_simple_commander/lib/nav2_simple_commander
[6.050s] Installing demo_security script to /home/misaka/fishbot/install/nav2_simple_commander/lib/nav2_simple_commander
[6.057s] Installing example_follow_path script to /home/misaka/fishbot/install/nav2_simple_commander/lib/nav2_simple_commander
[6.058s] Installing example_nav_through_poses script to /home/misaka/fishbot/install/nav2_simple_commander/lib/nav2_simple_commander
[6.058s] Installing example_nav_to_pose script to /home/misaka/fishbot/install/nav2_simple_commander/lib/nav2_simple_commander
[6.058s] Installing example_waypoint_follower script to /home/misaka/fishbot/install/nav2_simple_commander/lib/nav2_simple_commander
[6.067s] writing list of installed files to '/home/misaka/fishbot/build/nav2_simple_commander/install.log'
[6.262s] Invoked command in '/home/misaka/fishbot/src/navigation/nav2_simple_commander' returned '0': AMENT_PREFIX_PATH=/home/misaka/fishbot/install/nav2_msgs:/home/misaka/fishbot/install/nav2_common:${AMENT_PREFIX_PATH} CMAKE_PREFIX_PATH=/home/misaka/fishbot/install/nav2_msgs:/home/misaka/fishbot/install/nav2_common LD_LIBRARY_PATH=/home/misaka/fishbot/install/nav2_msgs/lib:${LD_LIBRARY_PATH} PYTHONPATH=/home/misaka/fishbot/build/nav2_simple_commander/prefix_override:/usr/lib/python3/dist-packages/colcon_core/task/python/colcon_distutils_commands:/home/misaka/fishbot/install/nav2_simple_commander/lib/python3.10/site-packages:/home/misaka/fishbot/install/nav2_msgs/local/lib/python3.10/dist-packages:/home/misaka/fishbot/install/nav2_common/local/lib/python3.10/dist-packages:${PYTHONPATH} /usr/bin/python3 -W ignore:setup.py install is deprecated setup.py egg_info --egg-base ../../../build/nav2_simple_commander build --build-base /home/misaka/fishbot/build/nav2_simple_commander/build install --record /home/misaka/fishbot/build/nav2_simple_commander/install.log --single-version-externally-managed install_data
