[0.055s] Invoking command in '/home/misaka/fishbot/build/nav2_msgs': AMENT_PREFIX_PATH=/home/misaka/fishbot/install/nav2_common:${AMENT_PREFIX_PATH} CMAKE_PREFIX_PATH=/home/misaka/fishbot/install/nav2_common:/opt/ros/humble PYTHONPATH=/home/misaka/fishbot/install/nav2_common/local/lib/python3.10/dist-packages:${PYTHONPATH} /usr/bin/cmake --build /home/misaka/fishbot/build/nav2_msgs -- -j16 -l16
[0.404s] [35m[1mConsolidate compiler generated dependencies of target nav2_msgs__rosidl_generator_c[0m
[0.417s] [  0%] Built target nav2_msgs__cpp
[0.510s] [ 12%] Built target nav2_msgs__rosidl_generator_c
[0.552s] [35m[1mConsolidate compiler generated dependencies of target nav2_msgs__rosidl_typesupport_cpp[0m
[0.553s] [35m[1mConsolidate compiler generated dependencies of target nav2_msgs__rosidl_typesupport_introspection_cpp[0m
[0.569s] [35m[1mConsolidate compiler generated dependencies of target nav2_msgs__rosidl_typesupport_fastrtps_cpp[0m
[0.608s] [ 12%] Built target ament_cmake_python_copy_nav2_msgs
[0.629s] [35m[1mConsolidate compiler generated dependencies of target nav2_msgs__rosidl_typesupport_introspection_c[0m
[0.635s] [35m[1mConsolidate compiler generated dependencies of target nav2_msgs__rosidl_typesupport_c[0m
[0.673s] [35m[1mConsolidate compiler generated dependencies of target nav2_msgs__rosidl_typesupport_fastrtps_c[0m
[0.716s] [ 27%] Built target nav2_msgs__rosidl_typesupport_cpp
[0.718s] [ 37%] Built target nav2_msgs__rosidl_typesupport_introspection_cpp
[0.722s] [ 50%] Built target nav2_msgs__rosidl_typesupport_introspection_c
[0.738s] [ 62%] Built target nav2_msgs__rosidl_typesupport_fastrtps_cpp
[0.757s] [ 74%] Built target nav2_msgs__rosidl_typesupport_c
[0.848s] [ 86%] Built target nav2_msgs__rosidl_typesupport_fastrtps_c
[0.971s] [ 86%] Built target nav2_msgs
[1.086s] [ 86%] Built target nav2_msgs__py
[1.248s] [35m[1mConsolidate compiler generated dependencies of target nav2_msgs__rosidl_generator_py[0m
[1.465s] [ 98%] Built target nav2_msgs__rosidl_generator_py
[1.581s] [35m[1mConsolidate compiler generated dependencies of target nav2_msgs__rosidl_typesupport_fastrtps_c__pyext[0m
[1.608s] [35m[1mConsolidate compiler generated dependencies of target nav2_msgs__rosidl_typesupport_c__pyext[0m
[1.659s] [35m[1mConsolidate compiler generated dependencies of target nav2_msgs__rosidl_typesupport_introspection_c__pyext[0m
[1.735s] [ 99%] Built target nav2_msgs__rosidl_typesupport_fastrtps_c__pyext
[1.760s] [100%] Built target nav2_msgs__rosidl_typesupport_c__pyext
[1.836s] [100%] Built target nav2_msgs__rosidl_typesupport_introspection_c__pyext
[2.102s] running egg_info
[2.104s] writing nav2_msgs.egg-info/PKG-INFO
[2.107s] writing dependency_links to nav2_msgs.egg-info/dependency_links.txt
[2.107s] writing top-level names to nav2_msgs.egg-info/top_level.txt
[2.120s] reading manifest file 'nav2_msgs.egg-info/SOURCES.txt'
[2.129s] writing manifest file 'nav2_msgs.egg-info/SOURCES.txt'
[2.259s] [100%] Built target ament_cmake_python_build_nav2_msgs_egg
[2.322s] Invoked command in '/home/misaka/fishbot/build/nav2_msgs' returned '0': AMENT_PREFIX_PATH=/home/misaka/fishbot/install/nav2_common:${AMENT_PREFIX_PATH} CMAKE_PREFIX_PATH=/home/misaka/fishbot/install/nav2_common:/opt/ros/humble PYTHONPATH=/home/misaka/fishbot/install/nav2_common/local/lib/python3.10/dist-packages:${PYTHONPATH} /usr/bin/cmake --build /home/misaka/fishbot/build/nav2_msgs -- -j16 -l16
[9.071s] Invoking command in '/home/misaka/fishbot/build/nav2_msgs': AMENT_PREFIX_PATH=/home/misaka/fishbot/install/nav2_common:${AMENT_PREFIX_PATH} CMAKE_PREFIX_PATH=/home/misaka/fishbot/install/nav2_common:/opt/ros/humble PYTHONPATH=/home/misaka/fishbot/install/nav2_common/local/lib/python3.10/dist-packages:${PYTHONPATH} /usr/bin/cmake --install /home/misaka/fishbot/build/nav2_msgs
[9.112s] -- Install configuration: "Release"
[9.113s] -- Up-to-date: /home/misaka/fishbot/install/nav2_msgs/share/ament_index/resource_index/rosidl_interfaces/nav2_msgs
[9.115s] -- Up-to-date: /home/misaka/fishbot/install/nav2_msgs/include/nav2_msgs/nav2_msgs
[9.117s] -- Up-to-date: /home/misaka/fishbot/install/nav2_msgs/include/nav2_msgs/nav2_msgs/srv
[9.117s] -- Up-to-date: /home/misaka/fishbot/install/nav2_msgs/include/nav2_msgs/nav2_msgs/srv/load_map.h
[9.118s] -- Up-to-date: /home/misaka/fishbot/install/nav2_msgs/include/nav2_msgs/nav2_msgs/srv/clear_costmap_except_region.h
[9.119s] -- Up-to-date: /home/misaka/fishbot/install/nav2_msgs/include/nav2_msgs/nav2_msgs/srv/manage_lifecycle_nodes.h
[9.120s] -- Up-to-date: /home/misaka/fishbot/install/nav2_msgs/include/nav2_msgs/nav2_msgs/srv/clear_costmap_around_robot.h
[9.123s] -- Up-to-date: /home/misaka/fishbot/install/nav2_msgs/include/nav2_msgs/nav2_msgs/srv/get_costmap.h
[9.123s] -- Up-to-date: /home/misaka/fishbot/install/nav2_msgs/include/nav2_msgs/nav2_msgs/srv/clear_entire_costmap.h
[9.124s] -- Up-to-date: /home/misaka/fishbot/install/nav2_msgs/include/nav2_msgs/nav2_msgs/srv/is_path_valid.h
[9.125s] -- Up-to-date: /home/misaka/fishbot/install/nav2_msgs/include/nav2_msgs/nav2_msgs/srv/detail
[9.127s] -- Up-to-date: /home/misaka/fishbot/install/nav2_msgs/include/nav2_msgs/nav2_msgs/srv/detail/clear_costmap_except_region__struct.h
[9.127s] -- Up-to-date: /home/misaka/fishbot/install/nav2_msgs/include/nav2_msgs/nav2_msgs/srv/detail/clear_costmap_except_region__type_support.h
[9.132s] -- Up-to-date: /home/misaka/fishbot/install/nav2_msgs/include/nav2_msgs/nav2_msgs/srv/detail/manage_lifecycle_nodes__struct.h
[9.134s] -- Up-to-date: /home/misaka/fishbot/install/nav2_msgs/include/nav2_msgs/nav2_msgs/srv/detail/load_map__type_support.h
[9.135s] -- Up-to-date: /home/misaka/fishbot/install/nav2_msgs/include/nav2_msgs/nav2_msgs/srv/detail/clear_costmap_around_robot__struct.h
[9.135s] -- Up-to-date: /home/misaka/fishbot/install/nav2_msgs/include/nav2_msgs/nav2_msgs/srv/detail/clear_costmap_around_robot__functions.h
[9.135s] -- Up-to-date: /home/misaka/fishbot/install/nav2_msgs/include/nav2_msgs/nav2_msgs/srv/detail/get_costmap__functions.c
[9.136s] -- Up-to-date: /home/misaka/fishbot/install/nav2_msgs/include/nav2_msgs/nav2_msgs/srv/detail/clear_entire_costmap__struct.h
[9.136s] -- Up-to-date: /home/misaka/fishbot/install/nav2_msgs/include/nav2_msgs/nav2_msgs/srv/detail/clear_entire_costmap__type_support.h
[9.137s] -- Up-to-date: /home/misaka/fishbot/install/nav2_msgs/include/nav2_msgs/nav2_msgs/srv/detail/load_map__functions.c
[9.137s] -- Up-to-date: /home/misaka/fishbot/install/nav2_msgs/include/nav2_msgs/nav2_msgs/srv/detail/save_map__functions.h
[9.137s] -- Up-to-date: /home/misaka/fishbot/install/nav2_msgs/include/nav2_msgs/nav2_msgs/srv/detail/save_map__struct.h
[9.137s] -- Up-to-date: /home/misaka/fishbot/install/nav2_msgs/include/nav2_msgs/nav2_msgs/srv/detail/save_map__functions.c
[9.137s] -- Up-to-date: /home/misaka/fishbot/install/nav2_msgs/include/nav2_msgs/nav2_msgs/srv/detail/manage_lifecycle_nodes__type_support.h
[9.138s] -- Up-to-date: /home/misaka/fishbot/install/nav2_msgs/include/nav2_msgs/nav2_msgs/srv/detail/is_path_valid__struct.h
[9.138s] -- Up-to-date: /home/misaka/fishbot/install/nav2_msgs/include/nav2_msgs/nav2_msgs/srv/detail/clear_costmap_except_region__functions.h
[9.138s] -- Up-to-date: /home/misaka/fishbot/install/nav2_msgs/include/nav2_msgs/nav2_msgs/srv/detail/clear_entire_costmap__functions.h
[9.138s] -- Up-to-date: /home/misaka/fishbot/install/nav2_msgs/include/nav2_msgs/nav2_msgs/srv/detail/get_costmap__functions.h
[9.139s] -- Up-to-date: /home/misaka/fishbot/install/nav2_msgs/include/nav2_msgs/nav2_msgs/srv/detail/save_map__type_support.h
[9.139s] -- Up-to-date: /home/misaka/fishbot/install/nav2_msgs/include/nav2_msgs/nav2_msgs/srv/detail/get_costmap__struct.h
[9.139s] -- Up-to-date: /home/misaka/fishbot/install/nav2_msgs/include/nav2_msgs/nav2_msgs/srv/detail/is_path_valid__type_support.h
[9.139s] -- Up-to-date: /home/misaka/fishbot/install/nav2_msgs/include/nav2_msgs/nav2_msgs/srv/detail/clear_costmap_except_region__functions.c
[9.139s] -- Up-to-date: /home/misaka/fishbot/install/nav2_msgs/include/nav2_msgs/nav2_msgs/srv/detail/is_path_valid__functions.c
[9.140s] -- Up-to-date: /home/misaka/fishbot/install/nav2_msgs/include/nav2_msgs/nav2_msgs/srv/detail/manage_lifecycle_nodes__functions.h
[9.140s] -- Up-to-date: /home/misaka/fishbot/install/nav2_msgs/include/nav2_msgs/nav2_msgs/srv/detail/get_costmap__type_support.h
[9.142s] -- Up-to-date: /home/misaka/fishbot/install/nav2_msgs/include/nav2_msgs/nav2_msgs/srv/detail/load_map__functions.h
[9.142s] -- Up-to-date: /home/misaka/fishbot/install/nav2_msgs/include/nav2_msgs/nav2_msgs/srv/detail/manage_lifecycle_nodes__functions.c
[9.142s] -- Up-to-date: /home/misaka/fishbot/install/nav2_msgs/include/nav2_msgs/nav2_msgs/srv/detail/clear_entire_costmap__functions.c
[9.144s] -- Up-to-date: /home/misaka/fishbot/install/nav2_msgs/include/nav2_msgs/nav2_msgs/srv/detail/is_path_valid__functions.h
[9.145s] -- Up-to-date: /home/misaka/fishbot/install/nav2_msgs/include/nav2_msgs/nav2_msgs/srv/detail/load_map__struct.h
[9.145s] -- Up-to-date: /home/misaka/fishbot/install/nav2_msgs/include/nav2_msgs/nav2_msgs/srv/detail/clear_costmap_around_robot__type_support.h
[9.146s] -- Up-to-date: /home/misaka/fishbot/install/nav2_msgs/include/nav2_msgs/nav2_msgs/srv/detail/clear_costmap_around_robot__functions.c
[9.146s] -- Up-to-date: /home/misaka/fishbot/install/nav2_msgs/include/nav2_msgs/nav2_msgs/srv/save_map.h
[9.146s] -- Up-to-date: /home/misaka/fishbot/install/nav2_msgs/include/nav2_msgs/nav2_msgs/action
[9.146s] -- Up-to-date: /home/misaka/fishbot/install/nav2_msgs/include/nav2_msgs/nav2_msgs/action/follow_waypoints.h
[9.146s] -- Up-to-date: /home/misaka/fishbot/install/nav2_msgs/include/nav2_msgs/nav2_msgs/action/dummy_behavior.h
[9.147s] -- Up-to-date: /home/misaka/fishbot/install/nav2_msgs/include/nav2_msgs/nav2_msgs/action/spin.h
[9.147s] -- Up-to-date: /home/misaka/fishbot/install/nav2_msgs/include/nav2_msgs/nav2_msgs/action/smooth_path.h
[9.148s] -- Up-to-date: /home/misaka/fishbot/install/nav2_msgs/include/nav2_msgs/nav2_msgs/action/wait.h
[9.150s] -- Up-to-date: /home/misaka/fishbot/install/nav2_msgs/include/nav2_msgs/nav2_msgs/action/back_up.h
[9.152s] -- Up-to-date: /home/misaka/fishbot/install/nav2_msgs/include/nav2_msgs/nav2_msgs/action/compute_path_through_poses.h
[9.153s] -- Up-to-date: /home/misaka/fishbot/install/nav2_msgs/include/nav2_msgs/nav2_msgs/action/navigate_to_pose.h
[9.154s] -- Up-to-date: /home/misaka/fishbot/install/nav2_msgs/include/nav2_msgs/nav2_msgs/action/detail
[9.155s] -- Up-to-date: /home/misaka/fishbot/install/nav2_msgs/include/nav2_msgs/nav2_msgs/action/detail/spin__type_support.h
[9.155s] -- Up-to-date: /home/misaka/fishbot/install/nav2_msgs/include/nav2_msgs/nav2_msgs/action/detail/follow_path__functions.c
[9.156s] -- Up-to-date: /home/misaka/fishbot/install/nav2_msgs/include/nav2_msgs/nav2_msgs/action/detail/wait__functions.c
[9.156s] -- Up-to-date: /home/misaka/fishbot/install/nav2_msgs/include/nav2_msgs/nav2_msgs/action/detail/dummy_behavior__struct.h
[9.157s] -- Up-to-date: /home/misaka/fishbot/install/nav2_msgs/include/nav2_msgs/nav2_msgs/action/detail/back_up__functions.h
[9.159s] -- Up-to-date: /home/misaka/fishbot/install/nav2_msgs/include/nav2_msgs/nav2_msgs/action/detail/compute_path_to_pose__functions.c
[9.160s] -- Up-to-date: /home/misaka/fishbot/install/nav2_msgs/include/nav2_msgs/nav2_msgs/action/detail/drive_on_heading__functions.h
[9.162s] -- Up-to-date: /home/misaka/fishbot/install/nav2_msgs/include/nav2_msgs/nav2_msgs/action/detail/wait__struct.h
[9.163s] -- Up-to-date: /home/misaka/fishbot/install/nav2_msgs/include/nav2_msgs/nav2_msgs/action/detail/assisted_teleop__functions.c
[9.164s] -- Up-to-date: /home/misaka/fishbot/install/nav2_msgs/include/nav2_msgs/nav2_msgs/action/detail/smooth_path__functions.h
[9.168s] -- Up-to-date: /home/misaka/fishbot/install/nav2_msgs/include/nav2_msgs/nav2_msgs/action/detail/navigate_through_poses__type_support.h
[9.169s] -- Up-to-date: /home/misaka/fishbot/install/nav2_msgs/include/nav2_msgs/nav2_msgs/action/detail/follow_path__functions.h
[9.170s] -- Up-to-date: /home/misaka/fishbot/install/nav2_msgs/include/nav2_msgs/nav2_msgs/action/detail/compute_path_through_poses__functions.h
[9.177s] -- Up-to-date: /home/misaka/fishbot/install/nav2_msgs/include/nav2_msgs/nav2_msgs/action/detail/compute_path_to_pose__type_support.h
[9.179s] -- Up-to-date: /home/misaka/fishbot/install/nav2_msgs/include/nav2_msgs/nav2_msgs/action/detail/back_up__struct.h
[9.180s] -- Up-to-date: /home/misaka/fishbot/install/nav2_msgs/include/nav2_msgs/nav2_msgs/action/detail/follow_path__type_support.h
[9.181s] -- Up-to-date: /home/misaka/fishbot/install/nav2_msgs/include/nav2_msgs/nav2_msgs/action/detail/assisted_teleop__type_support.h
[9.184s] -- Up-to-date: /home/misaka/fishbot/install/nav2_msgs/include/nav2_msgs/nav2_msgs/action/detail/follow_waypoints__type_support.h
[9.186s] -- Up-to-date: /home/misaka/fishbot/install/nav2_msgs/include/nav2_msgs/nav2_msgs/action/detail/back_up__functions.c
[9.187s] -- Up-to-date: /home/misaka/fishbot/install/nav2_msgs/include/nav2_msgs/nav2_msgs/action/detail/smooth_path__struct.h
[9.188s] -- Up-to-date: /home/misaka/fishbot/install/nav2_msgs/include/nav2_msgs/nav2_msgs/action/detail/dummy_behavior__type_support.h
[9.188s] -- Up-to-date: /home/misaka/fishbot/install/nav2_msgs/include/nav2_msgs/nav2_msgs/action/detail/compute_path_through_poses__functions.c
[9.189s] -- Up-to-date: /home/misaka/fishbot/install/nav2_msgs/include/nav2_msgs/nav2_msgs/action/detail/drive_on_heading__type_support.h
[9.189s] -- Up-to-date: /home/misaka/fishbot/install/nav2_msgs/include/nav2_msgs/nav2_msgs/action/detail/navigate_to_pose__functions.c
[9.193s] -- Up-to-date: /home/misaka/fishbot/install/nav2_msgs/include/nav2_msgs/nav2_msgs/action/detail/spin__functions.c
[9.193s] -- Up-to-date: /home/misaka/fishbot/install/nav2_msgs/include/nav2_msgs/nav2_msgs/action/detail/navigate_through_poses__functions.h
[9.194s] -- Up-to-date: /home/misaka/fishbot/install/nav2_msgs/include/nav2_msgs/nav2_msgs/action/detail/follow_path__struct.h
[9.194s] -- Up-to-date: /home/misaka/fishbot/install/nav2_msgs/include/nav2_msgs/nav2_msgs/action/detail/assisted_teleop__functions.h
[9.194s] -- Up-to-date: /home/misaka/fishbot/install/nav2_msgs/include/nav2_msgs/nav2_msgs/action/detail/wait__type_support.h
[9.195s] -- Up-to-date: /home/misaka/fishbot/install/nav2_msgs/include/nav2_msgs/nav2_msgs/action/detail/dummy_behavior__functions.c
[9.196s] -- Up-to-date: /home/misaka/fishbot/install/nav2_msgs/include/nav2_msgs/nav2_msgs/action/detail/navigate_to_pose__struct.h
[9.196s] -- Up-to-date: /home/misaka/fishbot/install/nav2_msgs/include/nav2_msgs/nav2_msgs/action/detail/navigate_to_pose__type_support.h
[9.197s] -- Up-to-date: /home/misaka/fishbot/install/nav2_msgs/include/nav2_msgs/nav2_msgs/action/detail/follow_waypoints__struct.h
[9.199s] -- Up-to-date: /home/misaka/fishbot/install/nav2_msgs/include/nav2_msgs/nav2_msgs/action/detail/spin__struct.h
[9.200s] -- Up-to-date: /home/misaka/fishbot/install/nav2_msgs/include/nav2_msgs/nav2_msgs/action/detail/smooth_path__functions.c
[9.202s] -- Up-to-date: /home/misaka/fishbot/install/nav2_msgs/include/nav2_msgs/nav2_msgs/action/detail/navigate_to_pose__functions.h
[9.204s] -- Up-to-date: /home/misaka/fishbot/install/nav2_msgs/include/nav2_msgs/nav2_msgs/action/detail/follow_waypoints__functions.c
[9.205s] -- Up-to-date: /home/misaka/fishbot/install/nav2_msgs/include/nav2_msgs/nav2_msgs/action/detail/compute_path_to_pose__functions.h
[9.206s] -- Up-to-date: /home/misaka/fishbot/install/nav2_msgs/include/nav2_msgs/nav2_msgs/action/detail/follow_waypoints__functions.h
[9.206s] -- Up-to-date: /home/misaka/fishbot/install/nav2_msgs/include/nav2_msgs/nav2_msgs/action/detail/drive_on_heading__struct.h
[9.208s] -- Up-to-date: /home/misaka/fishbot/install/nav2_msgs/include/nav2_msgs/nav2_msgs/action/detail/back_up__type_support.h
[9.209s] -- Up-to-date: /home/misaka/fishbot/install/nav2_msgs/include/nav2_msgs/nav2_msgs/action/detail/spin__functions.h
[9.211s] -- Up-to-date: /home/misaka/fishbot/install/nav2_msgs/include/nav2_msgs/nav2_msgs/action/detail/wait__functions.h
[9.212s] -- Up-to-date: /home/misaka/fishbot/install/nav2_msgs/include/nav2_msgs/nav2_msgs/action/detail/drive_on_heading__functions.c
[9.213s] -- Up-to-date: /home/misaka/fishbot/install/nav2_msgs/include/nav2_msgs/nav2_msgs/action/detail/compute_path_through_poses__type_support.h
[9.213s] -- Up-to-date: /home/misaka/fishbot/install/nav2_msgs/include/nav2_msgs/nav2_msgs/action/detail/smooth_path__type_support.h
[9.214s] -- Up-to-date: /home/misaka/fishbot/install/nav2_msgs/include/nav2_msgs/nav2_msgs/action/detail/compute_path_to_pose__struct.h
[9.214s] -- Up-to-date: /home/misaka/fishbot/install/nav2_msgs/include/nav2_msgs/nav2_msgs/action/detail/assisted_teleop__struct.h
[9.215s] -- Up-to-date: /home/misaka/fishbot/install/nav2_msgs/include/nav2_msgs/nav2_msgs/action/detail/navigate_through_poses__struct.h
[9.217s] -- Up-to-date: /home/misaka/fishbot/install/nav2_msgs/include/nav2_msgs/nav2_msgs/action/detail/navigate_through_poses__functions.c
[9.217s] -- Up-to-date: /home/misaka/fishbot/install/nav2_msgs/include/nav2_msgs/nav2_msgs/action/detail/compute_path_through_poses__struct.h
[9.220s] -- Up-to-date: /home/misaka/fishbot/install/nav2_msgs/include/nav2_msgs/nav2_msgs/action/detail/dummy_behavior__functions.h
[9.220s] -- Up-to-date: /home/misaka/fishbot/install/nav2_msgs/include/nav2_msgs/nav2_msgs/action/drive_on_heading.h
[9.221s] -- Up-to-date: /home/misaka/fishbot/install/nav2_msgs/include/nav2_msgs/nav2_msgs/action/compute_path_to_pose.h
[9.222s] -- Up-to-date: /home/misaka/fishbot/install/nav2_msgs/include/nav2_msgs/nav2_msgs/action/navigate_through_poses.h
[9.224s] -- Up-to-date: /home/misaka/fishbot/install/nav2_msgs/include/nav2_msgs/nav2_msgs/action/assisted_teleop.h
[9.226s] -- Up-to-date: /home/misaka/fishbot/install/nav2_msgs/include/nav2_msgs/nav2_msgs/action/follow_path.h
[9.226s] -- Up-to-date: /home/misaka/fishbot/install/nav2_msgs/include/nav2_msgs/nav2_msgs/msg
[9.227s] -- Up-to-date: /home/misaka/fishbot/install/nav2_msgs/include/nav2_msgs/nav2_msgs/msg/particle_cloud.h
[9.228s] -- Up-to-date: /home/misaka/fishbot/install/nav2_msgs/include/nav2_msgs/nav2_msgs/msg/voxel_grid.h
[9.230s] -- Up-to-date: /home/misaka/fishbot/install/nav2_msgs/include/nav2_msgs/nav2_msgs/msg/behavior_tree_status_change.h
[9.233s] -- Up-to-date: /home/misaka/fishbot/install/nav2_msgs/include/nav2_msgs/nav2_msgs/msg/rosidl_generator_c__visibility_control.h
[9.233s] -- Up-to-date: /home/misaka/fishbot/install/nav2_msgs/include/nav2_msgs/nav2_msgs/msg/costmap_filter_info.h
[9.234s] -- Up-to-date: /home/misaka/fishbot/install/nav2_msgs/include/nav2_msgs/nav2_msgs/msg/detail
[9.235s] -- Up-to-date: /home/misaka/fishbot/install/nav2_msgs/include/nav2_msgs/nav2_msgs/msg/detail/particle_cloud__functions.c
[9.236s] -- Up-to-date: /home/misaka/fishbot/install/nav2_msgs/include/nav2_msgs/nav2_msgs/msg/detail/costmap_filter_info__type_support.h
[9.238s] -- Up-to-date: /home/misaka/fishbot/install/nav2_msgs/include/nav2_msgs/nav2_msgs/msg/detail/particle_cloud__struct.h
[9.239s] -- Up-to-date: /home/misaka/fishbot/install/nav2_msgs/include/nav2_msgs/nav2_msgs/msg/detail/speed_limit__functions.h
[9.240s] -- Up-to-date: /home/misaka/fishbot/install/nav2_msgs/include/nav2_msgs/nav2_msgs/msg/detail/particle_cloud__functions.h
[9.240s] -- Up-to-date: /home/misaka/fishbot/install/nav2_msgs/include/nav2_msgs/nav2_msgs/msg/detail/costmap__type_support.h
[9.241s] -- Up-to-date: /home/misaka/fishbot/install/nav2_msgs/include/nav2_msgs/nav2_msgs/msg/detail/voxel_grid__struct.h
[9.241s] -- Up-to-date: /home/misaka/fishbot/install/nav2_msgs/include/nav2_msgs/nav2_msgs/msg/detail/particle_cloud__type_support.h
[9.241s] -- Up-to-date: /home/misaka/fishbot/install/nav2_msgs/include/nav2_msgs/nav2_msgs/msg/detail/costmap_meta_data__functions.c
[9.242s] -- Up-to-date: /home/misaka/fishbot/install/nav2_msgs/include/nav2_msgs/nav2_msgs/msg/detail/behavior_tree_status_change__struct.h
[9.242s] -- Up-to-date: /home/misaka/fishbot/install/nav2_msgs/include/nav2_msgs/nav2_msgs/msg/detail/behavior_tree_status_change__functions.h
[9.243s] -- Up-to-date: /home/misaka/fishbot/install/nav2_msgs/include/nav2_msgs/nav2_msgs/msg/detail/particle__functions.h
[9.243s] -- Up-to-date: /home/misaka/fishbot/install/nav2_msgs/include/nav2_msgs/nav2_msgs/msg/detail/speed_limit__functions.c
[9.244s] -- Up-to-date: /home/misaka/fishbot/install/nav2_msgs/include/nav2_msgs/nav2_msgs/msg/detail/costmap_filter_info__functions.h
[9.244s] -- Up-to-date: /home/misaka/fishbot/install/nav2_msgs/include/nav2_msgs/nav2_msgs/msg/detail/costmap__functions.h
[9.244s] -- Up-to-date: /home/misaka/fishbot/install/nav2_msgs/include/nav2_msgs/nav2_msgs/msg/detail/costmap_filter_info__functions.c
[9.245s] -- Up-to-date: /home/misaka/fishbot/install/nav2_msgs/include/nav2_msgs/nav2_msgs/msg/detail/voxel_grid__functions.c
[9.245s] -- Up-to-date: /home/misaka/fishbot/install/nav2_msgs/include/nav2_msgs/nav2_msgs/msg/detail/voxel_grid__functions.h
[9.245s] -- Up-to-date: /home/misaka/fishbot/install/nav2_msgs/include/nav2_msgs/nav2_msgs/msg/detail/costmap_meta_data__struct.h
[9.246s] -- Up-to-date: /home/misaka/fishbot/install/nav2_msgs/include/nav2_msgs/nav2_msgs/msg/detail/behavior_tree_log__type_support.h
[9.246s] -- Up-to-date: /home/misaka/fishbot/install/nav2_msgs/include/nav2_msgs/nav2_msgs/msg/detail/particle__functions.c
[9.246s] -- Up-to-date: /home/misaka/fishbot/install/nav2_msgs/include/nav2_msgs/nav2_msgs/msg/detail/particle__struct.h
[9.246s] -- Up-to-date: /home/misaka/fishbot/install/nav2_msgs/include/nav2_msgs/nav2_msgs/msg/detail/speed_limit__type_support.h
[9.246s] -- Up-to-date: /home/misaka/fishbot/install/nav2_msgs/include/nav2_msgs/nav2_msgs/msg/detail/behavior_tree_log__functions.h
[9.246s] -- Up-to-date: /home/misaka/fishbot/install/nav2_msgs/include/nav2_msgs/nav2_msgs/msg/detail/behavior_tree_log__functions.c
[9.246s] -- Up-to-date: /home/misaka/fishbot/install/nav2_msgs/include/nav2_msgs/nav2_msgs/msg/detail/costmap__struct.h
[9.247s] -- Up-to-date: /home/misaka/fishbot/install/nav2_msgs/include/nav2_msgs/nav2_msgs/msg/detail/behavior_tree_status_change__type_support.h
[9.247s] -- Up-to-date: /home/misaka/fishbot/install/nav2_msgs/include/nav2_msgs/nav2_msgs/msg/detail/costmap_filter_info__struct.h
[9.247s] -- Up-to-date: /home/misaka/fishbot/install/nav2_msgs/include/nav2_msgs/nav2_msgs/msg/detail/voxel_grid__type_support.h
[9.248s] -- Up-to-date: /home/misaka/fishbot/install/nav2_msgs/include/nav2_msgs/nav2_msgs/msg/detail/behavior_tree_log__struct.h
[9.249s] -- Up-to-date: /home/misaka/fishbot/install/nav2_msgs/include/nav2_msgs/nav2_msgs/msg/detail/speed_limit__struct.h
[9.249s] -- Up-to-date: /home/misaka/fishbot/install/nav2_msgs/include/nav2_msgs/nav2_msgs/msg/detail/behavior_tree_status_change__functions.c
[9.249s] -- Up-to-date: /home/misaka/fishbot/install/nav2_msgs/include/nav2_msgs/nav2_msgs/msg/detail/costmap_meta_data__functions.h
[9.249s] -- Up-to-date: /home/misaka/fishbot/install/nav2_msgs/include/nav2_msgs/nav2_msgs/msg/detail/costmap__functions.c
[9.251s] -- Up-to-date: /home/misaka/fishbot/install/nav2_msgs/include/nav2_msgs/nav2_msgs/msg/detail/costmap_meta_data__type_support.h
[9.251s] -- Up-to-date: /home/misaka/fishbot/install/nav2_msgs/include/nav2_msgs/nav2_msgs/msg/detail/particle__type_support.h
[9.252s] -- Up-to-date: /home/misaka/fishbot/install/nav2_msgs/include/nav2_msgs/nav2_msgs/msg/speed_limit.h
[9.253s] -- Up-to-date: /home/misaka/fishbot/install/nav2_msgs/include/nav2_msgs/nav2_msgs/msg/particle.h
[9.253s] -- Up-to-date: /home/misaka/fishbot/install/nav2_msgs/include/nav2_msgs/nav2_msgs/msg/costmap.h
[9.253s] -- Up-to-date: /home/misaka/fishbot/install/nav2_msgs/include/nav2_msgs/nav2_msgs/msg/costmap_meta_data.h
[9.254s] -- Up-to-date: /home/misaka/fishbot/install/nav2_msgs/include/nav2_msgs/nav2_msgs/msg/behavior_tree_log.h
[9.254s] -- Up-to-date: /home/misaka/fishbot/install/nav2_msgs/share/nav2_msgs/environment/library_path.sh
[9.254s] -- Up-to-date: /home/misaka/fishbot/install/nav2_msgs/share/nav2_msgs/environment/library_path.dsv
[9.255s] -- Up-to-date: /home/misaka/fishbot/install/nav2_msgs/lib/libnav2_msgs__rosidl_generator_c.so
[9.255s] -- Up-to-date: /home/misaka/fishbot/install/nav2_msgs/include/nav2_msgs/nav2_msgs
[9.255s] -- Up-to-date: /home/misaka/fishbot/install/nav2_msgs/include/nav2_msgs/nav2_msgs/srv
[9.255s] -- Up-to-date: /home/misaka/fishbot/install/nav2_msgs/include/nav2_msgs/nav2_msgs/srv/detail
[9.256s] -- Up-to-date: /home/misaka/fishbot/install/nav2_msgs/include/nav2_msgs/nav2_msgs/srv/detail/clear_entire_costmap__rosidl_typesupport_fastrtps_c.h
[9.257s] -- Up-to-date: /home/misaka/fishbot/install/nav2_msgs/include/nav2_msgs/nav2_msgs/srv/detail/get_costmap__rosidl_typesupport_fastrtps_c.h
[9.257s] -- Up-to-date: /home/misaka/fishbot/install/nav2_msgs/include/nav2_msgs/nav2_msgs/srv/detail/save_map__rosidl_typesupport_fastrtps_c.h
[9.257s] -- Up-to-date: /home/misaka/fishbot/install/nav2_msgs/include/nav2_msgs/nav2_msgs/srv/detail/is_path_valid__rosidl_typesupport_fastrtps_c.h
[9.258s] -- Up-to-date: /home/misaka/fishbot/install/nav2_msgs/include/nav2_msgs/nav2_msgs/srv/detail/load_map__rosidl_typesupport_fastrtps_c.h
[9.258s] -- Up-to-date: /home/misaka/fishbot/install/nav2_msgs/include/nav2_msgs/nav2_msgs/srv/detail/clear_costmap_except_region__rosidl_typesupport_fastrtps_c.h
[9.258s] -- Up-to-date: /home/misaka/fishbot/install/nav2_msgs/include/nav2_msgs/nav2_msgs/srv/detail/clear_costmap_around_robot__rosidl_typesupport_fastrtps_c.h
[9.259s] -- Up-to-date: /home/misaka/fishbot/install/nav2_msgs/include/nav2_msgs/nav2_msgs/srv/detail/manage_lifecycle_nodes__rosidl_typesupport_fastrtps_c.h
[9.259s] -- Up-to-date: /home/misaka/fishbot/install/nav2_msgs/include/nav2_msgs/nav2_msgs/action
[9.259s] -- Up-to-date: /home/misaka/fishbot/install/nav2_msgs/include/nav2_msgs/nav2_msgs/action/detail
[9.259s] -- Up-to-date: /home/misaka/fishbot/install/nav2_msgs/include/nav2_msgs/nav2_msgs/action/detail/navigate_through_poses__rosidl_typesupport_fastrtps_c.h
[9.260s] -- Up-to-date: /home/misaka/fishbot/install/nav2_msgs/include/nav2_msgs/nav2_msgs/action/detail/compute_path_to_pose__rosidl_typesupport_fastrtps_c.h
[9.260s] -- Up-to-date: /home/misaka/fishbot/install/nav2_msgs/include/nav2_msgs/nav2_msgs/action/detail/assisted_teleop__rosidl_typesupport_fastrtps_c.h
[9.261s] -- Up-to-date: /home/misaka/fishbot/install/nav2_msgs/include/nav2_msgs/nav2_msgs/action/detail/wait__rosidl_typesupport_fastrtps_c.h
[9.261s] -- Up-to-date: /home/misaka/fishbot/install/nav2_msgs/include/nav2_msgs/nav2_msgs/action/detail/compute_path_through_poses__rosidl_typesupport_fastrtps_c.h
[9.261s] -- Up-to-date: /home/misaka/fishbot/install/nav2_msgs/include/nav2_msgs/nav2_msgs/action/detail/navigate_to_pose__rosidl_typesupport_fastrtps_c.h
[9.262s] -- Up-to-date: /home/misaka/fishbot/install/nav2_msgs/include/nav2_msgs/nav2_msgs/action/detail/follow_path__rosidl_typesupport_fastrtps_c.h
[9.262s] -- Up-to-date: /home/misaka/fishbot/install/nav2_msgs/include/nav2_msgs/nav2_msgs/action/detail/spin__rosidl_typesupport_fastrtps_c.h
[9.263s] -- Up-to-date: /home/misaka/fishbot/install/nav2_msgs/include/nav2_msgs/nav2_msgs/action/detail/drive_on_heading__rosidl_typesupport_fastrtps_c.h
[9.263s] -- Up-to-date: /home/misaka/fishbot/install/nav2_msgs/include/nav2_msgs/nav2_msgs/action/detail/smooth_path__rosidl_typesupport_fastrtps_c.h
[9.265s] -- Up-to-date: /home/misaka/fishbot/install/nav2_msgs/include/nav2_msgs/nav2_msgs/action/detail/follow_waypoints__rosidl_typesupport_fastrtps_c.h
[9.266s] -- Up-to-date: /home/misaka/fishbot/install/nav2_msgs/include/nav2_msgs/nav2_msgs/action/detail/back_up__rosidl_typesupport_fastrtps_c.h
[9.266s] -- Up-to-date: /home/misaka/fishbot/install/nav2_msgs/include/nav2_msgs/nav2_msgs/action/detail/dummy_behavior__rosidl_typesupport_fastrtps_c.h
[9.267s] -- Up-to-date: /home/misaka/fishbot/install/nav2_msgs/include/nav2_msgs/nav2_msgs/msg
[9.267s] -- Up-to-date: /home/misaka/fishbot/install/nav2_msgs/include/nav2_msgs/nav2_msgs/msg/rosidl_typesupport_fastrtps_c__visibility_control.h
[9.267s] -- Up-to-date: /home/misaka/fishbot/install/nav2_msgs/include/nav2_msgs/nav2_msgs/msg/detail
[9.267s] -- Up-to-date: /home/misaka/fishbot/install/nav2_msgs/include/nav2_msgs/nav2_msgs/msg/detail/particle_cloud__rosidl_typesupport_fastrtps_c.h
[9.267s] -- Up-to-date: /home/misaka/fishbot/install/nav2_msgs/include/nav2_msgs/nav2_msgs/msg/detail/costmap_meta_data__rosidl_typesupport_fastrtps_c.h
[9.268s] -- Up-to-date: /home/misaka/fishbot/install/nav2_msgs/include/nav2_msgs/nav2_msgs/msg/detail/speed_limit__rosidl_typesupport_fastrtps_c.h
[9.268s] -- Up-to-date: /home/misaka/fishbot/install/nav2_msgs/include/nav2_msgs/nav2_msgs/msg/detail/behavior_tree_log__rosidl_typesupport_fastrtps_c.h
[9.268s] -- Up-to-date: /home/misaka/fishbot/install/nav2_msgs/include/nav2_msgs/nav2_msgs/msg/detail/costmap__rosidl_typesupport_fastrtps_c.h
[9.268s] -- Up-to-date: /home/misaka/fishbot/install/nav2_msgs/include/nav2_msgs/nav2_msgs/msg/detail/behavior_tree_status_change__rosidl_typesupport_fastrtps_c.h
[9.268s] -- Up-to-date: /home/misaka/fishbot/install/nav2_msgs/include/nav2_msgs/nav2_msgs/msg/detail/particle__rosidl_typesupport_fastrtps_c.h
[9.269s] -- Up-to-date: /home/misaka/fishbot/install/nav2_msgs/include/nav2_msgs/nav2_msgs/msg/detail/voxel_grid__rosidl_typesupport_fastrtps_c.h
[9.269s] -- Up-to-date: /home/misaka/fishbot/install/nav2_msgs/include/nav2_msgs/nav2_msgs/msg/detail/costmap_filter_info__rosidl_typesupport_fastrtps_c.h
[9.270s] -- Up-to-date: /home/misaka/fishbot/install/nav2_msgs/lib/libnav2_msgs__rosidl_typesupport_fastrtps_c.so
[9.271s] -- Up-to-date: /home/misaka/fishbot/install/nav2_msgs/include/nav2_msgs/nav2_msgs
[9.271s] -- Up-to-date: /home/misaka/fishbot/install/nav2_msgs/include/nav2_msgs/nav2_msgs/srv
[9.271s] -- Up-to-date: /home/misaka/fishbot/install/nav2_msgs/include/nav2_msgs/nav2_msgs/srv/clear_entire_costmap.hpp
[9.271s] -- Up-to-date: /home/misaka/fishbot/install/nav2_msgs/include/nav2_msgs/nav2_msgs/srv/save_map.hpp
[9.272s] -- Up-to-date: /home/misaka/fishbot/install/nav2_msgs/include/nav2_msgs/nav2_msgs/srv/get_costmap.hpp
[9.272s] -- Up-to-date: /home/misaka/fishbot/install/nav2_msgs/include/nav2_msgs/nav2_msgs/srv/clear_costmap_around_robot.hpp
[9.272s] -- Up-to-date: /home/misaka/fishbot/install/nav2_msgs/include/nav2_msgs/nav2_msgs/srv/detail
[9.273s] -- Up-to-date: /home/misaka/fishbot/install/nav2_msgs/include/nav2_msgs/nav2_msgs/srv/detail/clear_entire_costmap__struct.hpp
[9.273s] -- Up-to-date: /home/misaka/fishbot/install/nav2_msgs/include/nav2_msgs/nav2_msgs/srv/detail/clear_costmap_except_region__struct.hpp
[9.273s] -- Up-to-date: /home/misaka/fishbot/install/nav2_msgs/include/nav2_msgs/nav2_msgs/srv/detail/save_map__struct.hpp
[9.274s] -- Up-to-date: /home/misaka/fishbot/install/nav2_msgs/include/nav2_msgs/nav2_msgs/srv/detail/load_map__struct.hpp
[9.274s] -- Up-to-date: /home/misaka/fishbot/install/nav2_msgs/include/nav2_msgs/nav2_msgs/srv/detail/save_map__traits.hpp
[9.275s] -- Up-to-date: /home/misaka/fishbot/install/nav2_msgs/include/nav2_msgs/nav2_msgs/srv/detail/manage_lifecycle_nodes__builder.hpp
[9.277s] -- Up-to-date: /home/misaka/fishbot/install/nav2_msgs/include/nav2_msgs/nav2_msgs/srv/detail/get_costmap__traits.hpp
[9.277s] -- Up-to-date: /home/misaka/fishbot/install/nav2_msgs/include/nav2_msgs/nav2_msgs/srv/detail/load_map__builder.hpp
[9.277s] -- Up-to-date: /home/misaka/fishbot/install/nav2_msgs/include/nav2_msgs/nav2_msgs/srv/detail/load_map__traits.hpp
[9.277s] -- Up-to-date: /home/misaka/fishbot/install/nav2_msgs/include/nav2_msgs/nav2_msgs/srv/detail/is_path_valid__traits.hpp
[9.278s] -- Up-to-date: /home/misaka/fishbot/install/nav2_msgs/include/nav2_msgs/nav2_msgs/srv/detail/get_costmap__struct.hpp
[9.278s] -- Up-to-date: /home/misaka/fishbot/install/nav2_msgs/include/nav2_msgs/nav2_msgs/srv/detail/clear_costmap_around_robot__builder.hpp
[9.278s] -- Up-to-date: /home/misaka/fishbot/install/nav2_msgs/include/nav2_msgs/nav2_msgs/srv/detail/manage_lifecycle_nodes__traits.hpp
[9.278s] -- Up-to-date: /home/misaka/fishbot/install/nav2_msgs/include/nav2_msgs/nav2_msgs/srv/detail/save_map__builder.hpp
[9.278s] -- Up-to-date: /home/misaka/fishbot/install/nav2_msgs/include/nav2_msgs/nav2_msgs/srv/detail/clear_entire_costmap__traits.hpp
[9.278s] -- Up-to-date: /home/misaka/fishbot/install/nav2_msgs/include/nav2_msgs/nav2_msgs/srv/detail/clear_costmap_around_robot__struct.hpp
[9.278s] -- Up-to-date: /home/misaka/fishbot/install/nav2_msgs/include/nav2_msgs/nav2_msgs/srv/detail/clear_costmap_except_region__builder.hpp
[9.278s] -- Up-to-date: /home/misaka/fishbot/install/nav2_msgs/include/nav2_msgs/nav2_msgs/srv/detail/clear_costmap_except_region__traits.hpp
[9.278s] -- Up-to-date: /home/misaka/fishbot/install/nav2_msgs/include/nav2_msgs/nav2_msgs/srv/detail/clear_costmap_around_robot__traits.hpp
[9.278s] -- Up-to-date: /home/misaka/fishbot/install/nav2_msgs/include/nav2_msgs/nav2_msgs/srv/detail/clear_entire_costmap__builder.hpp
[9.279s] -- Up-to-date: /home/misaka/fishbot/install/nav2_msgs/include/nav2_msgs/nav2_msgs/srv/detail/get_costmap__builder.hpp
[9.279s] -- Up-to-date: /home/misaka/fishbot/install/nav2_msgs/include/nav2_msgs/nav2_msgs/srv/detail/is_path_valid__builder.hpp
[9.279s] -- Up-to-date: /home/misaka/fishbot/install/nav2_msgs/include/nav2_msgs/nav2_msgs/srv/detail/manage_lifecycle_nodes__struct.hpp
[9.279s] -- Up-to-date: /home/misaka/fishbot/install/nav2_msgs/include/nav2_msgs/nav2_msgs/srv/detail/is_path_valid__struct.hpp
[9.279s] -- Up-to-date: /home/misaka/fishbot/install/nav2_msgs/include/nav2_msgs/nav2_msgs/srv/is_path_valid.hpp
[9.280s] -- Up-to-date: /home/misaka/fishbot/install/nav2_msgs/include/nav2_msgs/nav2_msgs/srv/clear_costmap_except_region.hpp
[9.280s] -- Up-to-date: /home/misaka/fishbot/install/nav2_msgs/include/nav2_msgs/nav2_msgs/srv/manage_lifecycle_nodes.hpp
[9.280s] -- Up-to-date: /home/misaka/fishbot/install/nav2_msgs/include/nav2_msgs/nav2_msgs/srv/load_map.hpp
[9.280s] -- Up-to-date: /home/misaka/fishbot/install/nav2_msgs/include/nav2_msgs/nav2_msgs/action
[9.280s] -- Up-to-date: /home/misaka/fishbot/install/nav2_msgs/include/nav2_msgs/nav2_msgs/action/wait.hpp
[9.280s] -- Up-to-date: /home/misaka/fishbot/install/nav2_msgs/include/nav2_msgs/nav2_msgs/action/assisted_teleop.hpp
[9.281s] -- Up-to-date: /home/misaka/fishbot/install/nav2_msgs/include/nav2_msgs/nav2_msgs/action/compute_path_through_poses.hpp
[9.281s] -- Up-to-date: /home/misaka/fishbot/install/nav2_msgs/include/nav2_msgs/nav2_msgs/action/compute_path_to_pose.hpp
[9.281s] -- Up-to-date: /home/misaka/fishbot/install/nav2_msgs/include/nav2_msgs/nav2_msgs/action/follow_path.hpp
[9.282s] -- Up-to-date: /home/misaka/fishbot/install/nav2_msgs/include/nav2_msgs/nav2_msgs/action/back_up.hpp
[9.282s] -- Up-to-date: /home/misaka/fishbot/install/nav2_msgs/include/nav2_msgs/nav2_msgs/action/drive_on_heading.hpp
[9.283s] -- Up-to-date: /home/misaka/fishbot/install/nav2_msgs/include/nav2_msgs/nav2_msgs/action/detail
[9.283s] -- Up-to-date: /home/misaka/fishbot/install/nav2_msgs/include/nav2_msgs/nav2_msgs/action/detail/spin__traits.hpp
[9.283s] -- Up-to-date: /home/misaka/fishbot/install/nav2_msgs/include/nav2_msgs/nav2_msgs/action/detail/navigate_to_pose__struct.hpp
[9.283s] -- Up-to-date: /home/misaka/fishbot/install/nav2_msgs/include/nav2_msgs/nav2_msgs/action/detail/assisted_teleop__traits.hpp
[9.283s] -- Up-to-date: /home/misaka/fishbot/install/nav2_msgs/include/nav2_msgs/nav2_msgs/action/detail/navigate_through_poses__builder.hpp
[9.283s] -- Up-to-date: /home/misaka/fishbot/install/nav2_msgs/include/nav2_msgs/nav2_msgs/action/detail/drive_on_heading__traits.hpp
[9.283s] -- Up-to-date: /home/misaka/fishbot/install/nav2_msgs/include/nav2_msgs/nav2_msgs/action/detail/follow_waypoints__struct.hpp
[9.283s] -- Up-to-date: /home/misaka/fishbot/install/nav2_msgs/include/nav2_msgs/nav2_msgs/action/detail/drive_on_heading__builder.hpp
[9.283s] -- Up-to-date: /home/misaka/fishbot/install/nav2_msgs/include/nav2_msgs/nav2_msgs/action/detail/compute_path_to_pose__struct.hpp
[9.283s] -- Up-to-date: /home/misaka/fishbot/install/nav2_msgs/include/nav2_msgs/nav2_msgs/action/detail/compute_path_to_pose__builder.hpp
[9.284s] -- Up-to-date: /home/misaka/fishbot/install/nav2_msgs/include/nav2_msgs/nav2_msgs/action/detail/drive_on_heading__struct.hpp
[9.284s] -- Up-to-date: /home/misaka/fishbot/install/nav2_msgs/include/nav2_msgs/nav2_msgs/action/detail/navigate_through_poses__traits.hpp
[9.284s] -- Up-to-date: /home/misaka/fishbot/install/nav2_msgs/include/nav2_msgs/nav2_msgs/action/detail/follow_path__builder.hpp
[9.284s] -- Up-to-date: /home/misaka/fishbot/install/nav2_msgs/include/nav2_msgs/nav2_msgs/action/detail/navigate_to_pose__builder.hpp
[9.284s] -- Up-to-date: /home/misaka/fishbot/install/nav2_msgs/include/nav2_msgs/nav2_msgs/action/detail/smooth_path__traits.hpp
[9.286s] -- Up-to-date: /home/misaka/fishbot/install/nav2_msgs/include/nav2_msgs/nav2_msgs/action/detail/spin__builder.hpp
[9.288s] -- Up-to-date: /home/misaka/fishbot/install/nav2_msgs/include/nav2_msgs/nav2_msgs/action/detail/navigate_through_poses__struct.hpp
[9.288s] -- Up-to-date: /home/misaka/fishbot/install/nav2_msgs/include/nav2_msgs/nav2_msgs/action/detail/assisted_teleop__builder.hpp
[9.289s] -- Up-to-date: /home/misaka/fishbot/install/nav2_msgs/include/nav2_msgs/nav2_msgs/action/detail/wait__struct.hpp
[9.289s] -- Up-to-date: /home/misaka/fishbot/install/nav2_msgs/include/nav2_msgs/nav2_msgs/action/detail/back_up__builder.hpp
[9.289s] -- Up-to-date: /home/misaka/fishbot/install/nav2_msgs/include/nav2_msgs/nav2_msgs/action/detail/back_up__traits.hpp
[9.289s] -- Up-to-date: /home/misaka/fishbot/install/nav2_msgs/include/nav2_msgs/nav2_msgs/action/detail/smooth_path__struct.hpp
[9.290s] -- Up-to-date: /home/misaka/fishbot/install/nav2_msgs/include/nav2_msgs/nav2_msgs/action/detail/dummy_behavior__struct.hpp
[9.290s] -- Up-to-date: /home/misaka/fishbot/install/nav2_msgs/include/nav2_msgs/nav2_msgs/action/detail/dummy_behavior__traits.hpp
[9.290s] -- Up-to-date: /home/misaka/fishbot/install/nav2_msgs/include/nav2_msgs/nav2_msgs/action/detail/assisted_teleop__struct.hpp
[9.291s] -- Up-to-date: /home/misaka/fishbot/install/nav2_msgs/include/nav2_msgs/nav2_msgs/action/detail/smooth_path__builder.hpp
[9.291s] -- Up-to-date: /home/misaka/fishbot/install/nav2_msgs/include/nav2_msgs/nav2_msgs/action/detail/spin__struct.hpp
[9.291s] -- Up-to-date: /home/misaka/fishbot/install/nav2_msgs/include/nav2_msgs/nav2_msgs/action/detail/follow_waypoints__traits.hpp
[9.291s] -- Up-to-date: /home/misaka/fishbot/install/nav2_msgs/include/nav2_msgs/nav2_msgs/action/detail/compute_path_through_poses__builder.hpp
[9.291s] -- Up-to-date: /home/misaka/fishbot/install/nav2_msgs/include/nav2_msgs/nav2_msgs/action/detail/compute_path_to_pose__traits.hpp
[9.292s] -- Up-to-date: /home/misaka/fishbot/install/nav2_msgs/include/nav2_msgs/nav2_msgs/action/detail/wait__traits.hpp
[9.293s] -- Up-to-date: /home/misaka/fishbot/install/nav2_msgs/include/nav2_msgs/nav2_msgs/action/detail/compute_path_through_poses__struct.hpp
[9.293s] -- Up-to-date: /home/misaka/fishbot/install/nav2_msgs/include/nav2_msgs/nav2_msgs/action/detail/wait__builder.hpp
[9.294s] -- Up-to-date: /home/misaka/fishbot/install/nav2_msgs/include/nav2_msgs/nav2_msgs/action/detail/follow_path__traits.hpp
[9.295s] -- Up-to-date: /home/misaka/fishbot/install/nav2_msgs/include/nav2_msgs/nav2_msgs/action/detail/follow_path__struct.hpp
[9.295s] -- Up-to-date: /home/misaka/fishbot/install/nav2_msgs/include/nav2_msgs/nav2_msgs/action/detail/dummy_behavior__builder.hpp
[9.296s] -- Up-to-date: /home/misaka/fishbot/install/nav2_msgs/include/nav2_msgs/nav2_msgs/action/detail/follow_waypoints__builder.hpp
[9.296s] -- Up-to-date: /home/misaka/fishbot/install/nav2_msgs/include/nav2_msgs/nav2_msgs/action/detail/back_up__struct.hpp
[9.296s] -- Up-to-date: /home/misaka/fishbot/install/nav2_msgs/include/nav2_msgs/nav2_msgs/action/detail/compute_path_through_poses__traits.hpp
[9.296s] -- Up-to-date: /home/misaka/fishbot/install/nav2_msgs/include/nav2_msgs/nav2_msgs/action/detail/navigate_to_pose__traits.hpp
[9.297s] -- Up-to-date: /home/misaka/fishbot/install/nav2_msgs/include/nav2_msgs/nav2_msgs/action/follow_waypoints.hpp
[9.297s] -- Up-to-date: /home/misaka/fishbot/install/nav2_msgs/include/nav2_msgs/nav2_msgs/action/smooth_path.hpp
[9.297s] -- Up-to-date: /home/misaka/fishbot/install/nav2_msgs/include/nav2_msgs/nav2_msgs/action/navigate_to_pose.hpp
[9.298s] -- Up-to-date: /home/misaka/fishbot/install/nav2_msgs/include/nav2_msgs/nav2_msgs/action/spin.hpp
[9.298s] -- Up-to-date: /home/misaka/fishbot/install/nav2_msgs/include/nav2_msgs/nav2_msgs/action/dummy_behavior.hpp
[9.298s] -- Up-to-date: /home/misaka/fishbot/install/nav2_msgs/include/nav2_msgs/nav2_msgs/action/navigate_through_poses.hpp
[9.298s] -- Up-to-date: /home/misaka/fishbot/install/nav2_msgs/include/nav2_msgs/nav2_msgs/msg
[9.298s] -- Up-to-date: /home/misaka/fishbot/install/nav2_msgs/include/nav2_msgs/nav2_msgs/msg/costmap.hpp
[9.298s] -- Up-to-date: /home/misaka/fishbot/install/nav2_msgs/include/nav2_msgs/nav2_msgs/msg/particle_cloud.hpp
[9.299s] -- Up-to-date: /home/misaka/fishbot/install/nav2_msgs/include/nav2_msgs/nav2_msgs/msg/voxel_grid.hpp
[9.299s] -- Up-to-date: /home/misaka/fishbot/install/nav2_msgs/include/nav2_msgs/nav2_msgs/msg/costmap_meta_data.hpp
[9.299s] -- Up-to-date: /home/misaka/fishbot/install/nav2_msgs/include/nav2_msgs/nav2_msgs/msg/behavior_tree_log.hpp
[9.299s] -- Up-to-date: /home/misaka/fishbot/install/nav2_msgs/include/nav2_msgs/nav2_msgs/msg/detail
[9.299s] -- Up-to-date: /home/misaka/fishbot/install/nav2_msgs/include/nav2_msgs/nav2_msgs/msg/detail/particle_cloud__builder.hpp
[9.299s] -- Up-to-date: /home/misaka/fishbot/install/nav2_msgs/include/nav2_msgs/nav2_msgs/msg/detail/behavior_tree_log__struct.hpp
[9.300s] -- Up-to-date: /home/misaka/fishbot/install/nav2_msgs/include/nav2_msgs/nav2_msgs/msg/detail/particle__traits.hpp
[9.300s] -- Up-to-date: /home/misaka/fishbot/install/nav2_msgs/include/nav2_msgs/nav2_msgs/msg/detail/particle_cloud__traits.hpp
[9.300s] -- Up-to-date: /home/misaka/fishbot/install/nav2_msgs/include/nav2_msgs/nav2_msgs/msg/detail/costmap_meta_data__traits.hpp
[9.300s] -- Up-to-date: /home/misaka/fishbot/install/nav2_msgs/include/nav2_msgs/nav2_msgs/msg/detail/costmap__struct.hpp
[9.301s] -- Up-to-date: /home/misaka/fishbot/install/nav2_msgs/include/nav2_msgs/nav2_msgs/msg/detail/costmap__builder.hpp
[9.302s] -- Up-to-date: /home/misaka/fishbot/install/nav2_msgs/include/nav2_msgs/nav2_msgs/msg/detail/particle_cloud__struct.hpp
[9.303s] -- Up-to-date: /home/misaka/fishbot/install/nav2_msgs/include/nav2_msgs/nav2_msgs/msg/detail/costmap_meta_data__builder.hpp
[9.304s] -- Up-to-date: /home/misaka/fishbot/install/nav2_msgs/include/nav2_msgs/nav2_msgs/msg/detail/costmap__traits.hpp
[9.305s] -- Up-to-date: /home/misaka/fishbot/install/nav2_msgs/include/nav2_msgs/nav2_msgs/msg/detail/behavior_tree_log__builder.hpp
[9.305s] -- Up-to-date: /home/misaka/fishbot/install/nav2_msgs/include/nav2_msgs/nav2_msgs/msg/detail/costmap_meta_data__struct.hpp
[9.305s] -- Up-to-date: /home/misaka/fishbot/install/nav2_msgs/include/nav2_msgs/nav2_msgs/msg/detail/behavior_tree_status_change__struct.hpp
[9.306s] -- Up-to-date: /home/misaka/fishbot/install/nav2_msgs/include/nav2_msgs/nav2_msgs/msg/detail/voxel_grid__traits.hpp
[9.306s] -- Up-to-date: /home/misaka/fishbot/install/nav2_msgs/include/nav2_msgs/nav2_msgs/msg/detail/speed_limit__struct.hpp
[9.306s] -- Up-to-date: /home/misaka/fishbot/install/nav2_msgs/include/nav2_msgs/nav2_msgs/msg/detail/behavior_tree_status_change__builder.hpp
[9.307s] -- Up-to-date: /home/misaka/fishbot/install/nav2_msgs/include/nav2_msgs/nav2_msgs/msg/detail/voxel_grid__struct.hpp
[9.307s] -- Up-to-date: /home/misaka/fishbot/install/nav2_msgs/include/nav2_msgs/nav2_msgs/msg/detail/costmap_filter_info__traits.hpp
[9.307s] -- Up-to-date: /home/misaka/fishbot/install/nav2_msgs/include/nav2_msgs/nav2_msgs/msg/detail/speed_limit__traits.hpp
[9.307s] -- Up-to-date: /home/misaka/fishbot/install/nav2_msgs/include/nav2_msgs/nav2_msgs/msg/detail/particle__builder.hpp
[9.308s] -- Up-to-date: /home/misaka/fishbot/install/nav2_msgs/include/nav2_msgs/nav2_msgs/msg/detail/costmap_filter_info__struct.hpp
[9.308s] -- Up-to-date: /home/misaka/fishbot/install/nav2_msgs/include/nav2_msgs/nav2_msgs/msg/detail/particle__struct.hpp
[9.308s] -- Up-to-date: /home/misaka/fishbot/install/nav2_msgs/include/nav2_msgs/nav2_msgs/msg/detail/behavior_tree_log__traits.hpp
[9.309s] -- Up-to-date: /home/misaka/fishbot/install/nav2_msgs/include/nav2_msgs/nav2_msgs/msg/detail/voxel_grid__builder.hpp
[9.309s] -- Up-to-date: /home/misaka/fishbot/install/nav2_msgs/include/nav2_msgs/nav2_msgs/msg/detail/costmap_filter_info__builder.hpp
[9.310s] -- Up-to-date: /home/misaka/fishbot/install/nav2_msgs/include/nav2_msgs/nav2_msgs/msg/detail/speed_limit__builder.hpp
[9.310s] -- Up-to-date: /home/misaka/fishbot/install/nav2_msgs/include/nav2_msgs/nav2_msgs/msg/detail/behavior_tree_status_change__traits.hpp
[9.311s] -- Up-to-date: /home/misaka/fishbot/install/nav2_msgs/include/nav2_msgs/nav2_msgs/msg/particle.hpp
[9.311s] -- Up-to-date: /home/misaka/fishbot/install/nav2_msgs/include/nav2_msgs/nav2_msgs/msg/costmap_filter_info.hpp
[9.312s] -- Up-to-date: /home/misaka/fishbot/install/nav2_msgs/include/nav2_msgs/nav2_msgs/msg/speed_limit.hpp
[9.312s] -- Up-to-date: /home/misaka/fishbot/install/nav2_msgs/include/nav2_msgs/nav2_msgs/msg/behavior_tree_status_change.hpp
[9.313s] -- Up-to-date: /home/misaka/fishbot/install/nav2_msgs/include/nav2_msgs/nav2_msgs
[9.313s] -- Up-to-date: /home/misaka/fishbot/install/nav2_msgs/include/nav2_msgs/nav2_msgs/srv
[9.314s] -- Up-to-date: /home/misaka/fishbot/install/nav2_msgs/include/nav2_msgs/nav2_msgs/srv/detail
[9.315s] -- Up-to-date: /home/misaka/fishbot/install/nav2_msgs/include/nav2_msgs/nav2_msgs/srv/detail/clear_entire_costmap__rosidl_typesupport_fastrtps_cpp.hpp
[9.315s] -- Up-to-date: /home/misaka/fishbot/install/nav2_msgs/include/nav2_msgs/nav2_msgs/srv/detail/dds_fastrtps
[9.315s] -- Up-to-date: /home/misaka/fishbot/install/nav2_msgs/include/nav2_msgs/nav2_msgs/srv/detail/get_costmap__rosidl_typesupport_fastrtps_cpp.hpp
[9.315s] -- Up-to-date: /home/misaka/fishbot/install/nav2_msgs/include/nav2_msgs/nav2_msgs/srv/detail/clear_costmap_around_robot__rosidl_typesupport_fastrtps_cpp.hpp
[9.316s] -- Up-to-date: /home/misaka/fishbot/install/nav2_msgs/include/nav2_msgs/nav2_msgs/srv/detail/load_map__rosidl_typesupport_fastrtps_cpp.hpp
[9.316s] -- Up-to-date: /home/misaka/fishbot/install/nav2_msgs/include/nav2_msgs/nav2_msgs/srv/detail/is_path_valid__rosidl_typesupport_fastrtps_cpp.hpp
[9.316s] -- Up-to-date: /home/misaka/fishbot/install/nav2_msgs/include/nav2_msgs/nav2_msgs/srv/detail/save_map__rosidl_typesupport_fastrtps_cpp.hpp
[9.316s] -- Up-to-date: /home/misaka/fishbot/install/nav2_msgs/include/nav2_msgs/nav2_msgs/srv/detail/clear_costmap_except_region__rosidl_typesupport_fastrtps_cpp.hpp
[9.317s] -- Up-to-date: /home/misaka/fishbot/install/nav2_msgs/include/nav2_msgs/nav2_msgs/srv/detail/manage_lifecycle_nodes__rosidl_typesupport_fastrtps_cpp.hpp
[9.318s] -- Up-to-date: /home/misaka/fishbot/install/nav2_msgs/include/nav2_msgs/nav2_msgs/action
[9.318s] -- Up-to-date: /home/misaka/fishbot/install/nav2_msgs/include/nav2_msgs/nav2_msgs/action/detail
[9.319s] -- Up-to-date: /home/misaka/fishbot/install/nav2_msgs/include/nav2_msgs/nav2_msgs/action/detail/assisted_teleop__rosidl_typesupport_fastrtps_cpp.hpp
[9.319s] -- Up-to-date: /home/misaka/fishbot/install/nav2_msgs/include/nav2_msgs/nav2_msgs/action/detail/compute_path_to_pose__rosidl_typesupport_fastrtps_cpp.hpp
[9.319s] -- Up-to-date: /home/misaka/fishbot/install/nav2_msgs/include/nav2_msgs/nav2_msgs/action/detail/navigate_to_pose__rosidl_typesupport_fastrtps_cpp.hpp
[9.320s] -- Up-to-date: /home/misaka/fishbot/install/nav2_msgs/include/nav2_msgs/nav2_msgs/action/detail/wait__rosidl_typesupport_fastrtps_cpp.hpp
[9.320s] -- Up-to-date: /home/misaka/fishbot/install/nav2_msgs/include/nav2_msgs/nav2_msgs/action/detail/drive_on_heading__rosidl_typesupport_fastrtps_cpp.hpp
[9.320s] -- Up-to-date: /home/misaka/fishbot/install/nav2_msgs/include/nav2_msgs/nav2_msgs/action/detail/back_up__rosidl_typesupport_fastrtps_cpp.hpp
[9.321s] -- Up-to-date: /home/misaka/fishbot/install/nav2_msgs/include/nav2_msgs/nav2_msgs/action/detail/navigate_through_poses__rosidl_typesupport_fastrtps_cpp.hpp
[9.321s] -- Up-to-date: /home/misaka/fishbot/install/nav2_msgs/include/nav2_msgs/nav2_msgs/action/detail/dds_fastrtps
[9.322s] -- Up-to-date: /home/misaka/fishbot/install/nav2_msgs/include/nav2_msgs/nav2_msgs/action/detail/smooth_path__rosidl_typesupport_fastrtps_cpp.hpp
[9.322s] -- Up-to-date: /home/misaka/fishbot/install/nav2_msgs/include/nav2_msgs/nav2_msgs/action/detail/spin__rosidl_typesupport_fastrtps_cpp.hpp
[9.323s] -- Up-to-date: /home/misaka/fishbot/install/nav2_msgs/include/nav2_msgs/nav2_msgs/action/detail/follow_path__rosidl_typesupport_fastrtps_cpp.hpp
[9.324s] -- Up-to-date: /home/misaka/fishbot/install/nav2_msgs/include/nav2_msgs/nav2_msgs/action/detail/dummy_behavior__rosidl_typesupport_fastrtps_cpp.hpp
[9.324s] -- Up-to-date: /home/misaka/fishbot/install/nav2_msgs/include/nav2_msgs/nav2_msgs/action/detail/compute_path_through_poses__rosidl_typesupport_fastrtps_cpp.hpp
[9.324s] -- Up-to-date: /home/misaka/fishbot/install/nav2_msgs/include/nav2_msgs/nav2_msgs/action/detail/follow_waypoints__rosidl_typesupport_fastrtps_cpp.hpp
[9.324s] -- Up-to-date: /home/misaka/fishbot/install/nav2_msgs/include/nav2_msgs/nav2_msgs/msg
[9.325s] -- Up-to-date: /home/misaka/fishbot/install/nav2_msgs/include/nav2_msgs/nav2_msgs/msg/detail
[9.325s] -- Up-to-date: /home/misaka/fishbot/install/nav2_msgs/include/nav2_msgs/nav2_msgs/msg/detail/behavior_tree_status_change__rosidl_typesupport_fastrtps_cpp.hpp
[9.326s] -- Up-to-date: /home/misaka/fishbot/install/nav2_msgs/include/nav2_msgs/nav2_msgs/msg/detail/costmap__rosidl_typesupport_fastrtps_cpp.hpp
[9.327s] -- Up-to-date: /home/misaka/fishbot/install/nav2_msgs/include/nav2_msgs/nav2_msgs/msg/detail/costmap_meta_data__rosidl_typesupport_fastrtps_cpp.hpp
[9.327s] -- Up-to-date: /home/misaka/fishbot/install/nav2_msgs/include/nav2_msgs/nav2_msgs/msg/detail/voxel_grid__rosidl_typesupport_fastrtps_cpp.hpp
[9.327s] -- Up-to-date: /home/misaka/fishbot/install/nav2_msgs/include/nav2_msgs/nav2_msgs/msg/detail/particle__rosidl_typesupport_fastrtps_cpp.hpp
[9.328s] -- Up-to-date: /home/misaka/fishbot/install/nav2_msgs/include/nav2_msgs/nav2_msgs/msg/detail/dds_fastrtps
[9.328s] -- Up-to-date: /home/misaka/fishbot/install/nav2_msgs/include/nav2_msgs/nav2_msgs/msg/detail/behavior_tree_log__rosidl_typesupport_fastrtps_cpp.hpp
[9.328s] -- Up-to-date: /home/misaka/fishbot/install/nav2_msgs/include/nav2_msgs/nav2_msgs/msg/detail/costmap_filter_info__rosidl_typesupport_fastrtps_cpp.hpp
[9.329s] -- Up-to-date: /home/misaka/fishbot/install/nav2_msgs/include/nav2_msgs/nav2_msgs/msg/detail/speed_limit__rosidl_typesupport_fastrtps_cpp.hpp
[9.330s] -- Up-to-date: /home/misaka/fishbot/install/nav2_msgs/include/nav2_msgs/nav2_msgs/msg/detail/particle_cloud__rosidl_typesupport_fastrtps_cpp.hpp
[9.330s] -- Up-to-date: /home/misaka/fishbot/install/nav2_msgs/include/nav2_msgs/nav2_msgs/msg/rosidl_typesupport_fastrtps_cpp__visibility_control.h
[9.330s] -- Up-to-date: /home/misaka/fishbot/install/nav2_msgs/lib/libnav2_msgs__rosidl_typesupport_fastrtps_cpp.so
[9.331s] -- Up-to-date: /home/misaka/fishbot/install/nav2_msgs/include/nav2_msgs/nav2_msgs
[9.331s] -- Up-to-date: /home/misaka/fishbot/install/nav2_msgs/include/nav2_msgs/nav2_msgs/srv
[9.331s] -- Up-to-date: /home/misaka/fishbot/install/nav2_msgs/include/nav2_msgs/nav2_msgs/srv/detail
[9.332s] -- Up-to-date: /home/misaka/fishbot/install/nav2_msgs/include/nav2_msgs/nav2_msgs/srv/detail/clear_entire_costmap__type_support.c
[9.332s] -- Up-to-date: /home/misaka/fishbot/install/nav2_msgs/include/nav2_msgs/nav2_msgs/srv/detail/clear_costmap_except_region__rosidl_typesupport_introspection_c.h
[9.332s] -- Up-to-date: /home/misaka/fishbot/install/nav2_msgs/include/nav2_msgs/nav2_msgs/srv/detail/clear_costmap_except_region__type_support.c
[9.333s] -- Up-to-date: /home/misaka/fishbot/install/nav2_msgs/include/nav2_msgs/nav2_msgs/srv/detail/manage_lifecycle_nodes__type_support.c
[9.333s] -- Up-to-date: /home/misaka/fishbot/install/nav2_msgs/include/nav2_msgs/nav2_msgs/srv/detail/save_map__rosidl_typesupport_introspection_c.h
[9.333s] -- Up-to-date: /home/misaka/fishbot/install/nav2_msgs/include/nav2_msgs/nav2_msgs/srv/detail/clear_entire_costmap__rosidl_typesupport_introspection_c.h
[9.333s] -- Up-to-date: /home/misaka/fishbot/install/nav2_msgs/include/nav2_msgs/nav2_msgs/srv/detail/load_map__rosidl_typesupport_introspection_c.h
[9.334s] -- Up-to-date: /home/misaka/fishbot/install/nav2_msgs/include/nav2_msgs/nav2_msgs/srv/detail/is_path_valid__rosidl_typesupport_introspection_c.h
[9.334s] -- Up-to-date: /home/misaka/fishbot/install/nav2_msgs/include/nav2_msgs/nav2_msgs/srv/detail/clear_costmap_around_robot__rosidl_typesupport_introspection_c.h
[9.334s] -- Up-to-date: /home/misaka/fishbot/install/nav2_msgs/include/nav2_msgs/nav2_msgs/srv/detail/get_costmap__type_support.c
[9.335s] -- Up-to-date: /home/misaka/fishbot/install/nav2_msgs/include/nav2_msgs/nav2_msgs/srv/detail/manage_lifecycle_nodes__rosidl_typesupport_introspection_c.h
[9.335s] -- Up-to-date: /home/misaka/fishbot/install/nav2_msgs/include/nav2_msgs/nav2_msgs/srv/detail/is_path_valid__type_support.c
[9.336s] -- Up-to-date: /home/misaka/fishbot/install/nav2_msgs/include/nav2_msgs/nav2_msgs/srv/detail/clear_costmap_around_robot__type_support.c
[9.336s] -- Up-to-date: /home/misaka/fishbot/install/nav2_msgs/include/nav2_msgs/nav2_msgs/srv/detail/get_costmap__rosidl_typesupport_introspection_c.h
[9.336s] -- Up-to-date: /home/misaka/fishbot/install/nav2_msgs/include/nav2_msgs/nav2_msgs/srv/detail/load_map__type_support.c
[9.337s] -- Up-to-date: /home/misaka/fishbot/install/nav2_msgs/include/nav2_msgs/nav2_msgs/srv/detail/save_map__type_support.c
[9.337s] -- Up-to-date: /home/misaka/fishbot/install/nav2_msgs/include/nav2_msgs/nav2_msgs/action
[9.337s] -- Up-to-date: /home/misaka/fishbot/install/nav2_msgs/include/nav2_msgs/nav2_msgs/action/detail
[9.339s] -- Up-to-date: /home/misaka/fishbot/install/nav2_msgs/include/nav2_msgs/nav2_msgs/action/detail/drive_on_heading__rosidl_typesupport_introspection_c.h
[9.340s] -- Up-to-date: /home/misaka/fishbot/install/nav2_msgs/include/nav2_msgs/nav2_msgs/action/detail/follow_waypoints__rosidl_typesupport_introspection_c.h
[9.340s] -- Up-to-date: /home/misaka/fishbot/install/nav2_msgs/include/nav2_msgs/nav2_msgs/action/detail/navigate_through_poses__rosidl_typesupport_introspection_c.h
[9.341s] -- Up-to-date: /home/misaka/fishbot/install/nav2_msgs/include/nav2_msgs/nav2_msgs/action/detail/assisted_teleop__rosidl_typesupport_introspection_c.h
[9.341s] -- Up-to-date: /home/misaka/fishbot/install/nav2_msgs/include/nav2_msgs/nav2_msgs/action/detail/drive_on_heading__type_support.c
[9.341s] -- Up-to-date: /home/misaka/fishbot/install/nav2_msgs/include/nav2_msgs/nav2_msgs/action/detail/dummy_behavior__type_support.c
[9.342s] -- Up-to-date: /home/misaka/fishbot/install/nav2_msgs/include/nav2_msgs/nav2_msgs/action/detail/compute_path_through_poses__type_support.c
[9.342s] -- Up-to-date: /home/misaka/fishbot/install/nav2_msgs/include/nav2_msgs/nav2_msgs/action/detail/wait__type_support.c
[9.343s] -- Up-to-date: /home/misaka/fishbot/install/nav2_msgs/include/nav2_msgs/nav2_msgs/action/detail/smooth_path__rosidl_typesupport_introspection_c.h
[9.343s] -- Up-to-date: /home/misaka/fishbot/install/nav2_msgs/include/nav2_msgs/nav2_msgs/action/detail/spin__type_support.c
[9.343s] -- Up-to-date: /home/misaka/fishbot/install/nav2_msgs/include/nav2_msgs/nav2_msgs/action/detail/wait__rosidl_typesupport_introspection_c.h
[9.343s] -- Up-to-date: /home/misaka/fishbot/install/nav2_msgs/include/nav2_msgs/nav2_msgs/action/detail/follow_path__rosidl_typesupport_introspection_c.h
[9.343s] -- Up-to-date: /home/misaka/fishbot/install/nav2_msgs/include/nav2_msgs/nav2_msgs/action/detail/compute_path_to_pose__type_support.c
[9.344s] -- Up-to-date: /home/misaka/fishbot/install/nav2_msgs/include/nav2_msgs/nav2_msgs/action/detail/navigate_through_poses__type_support.c
[9.344s] -- Up-to-date: /home/misaka/fishbot/install/nav2_msgs/include/nav2_msgs/nav2_msgs/action/detail/assisted_teleop__type_support.c
[9.345s] -- Up-to-date: /home/misaka/fishbot/install/nav2_msgs/include/nav2_msgs/nav2_msgs/action/detail/follow_waypoints__type_support.c
[9.346s] -- Up-to-date: /home/misaka/fishbot/install/nav2_msgs/include/nav2_msgs/nav2_msgs/action/detail/navigate_to_pose__rosidl_typesupport_introspection_c.h
[9.346s] -- Up-to-date: /home/misaka/fishbot/install/nav2_msgs/include/nav2_msgs/nav2_msgs/action/detail/spin__rosidl_typesupport_introspection_c.h
[9.346s] -- Up-to-date: /home/misaka/fishbot/install/nav2_msgs/include/nav2_msgs/nav2_msgs/action/detail/compute_path_to_pose__rosidl_typesupport_introspection_c.h
[9.347s] -- Up-to-date: /home/misaka/fishbot/install/nav2_msgs/include/nav2_msgs/nav2_msgs/action/detail/back_up__rosidl_typesupport_introspection_c.h
[9.347s] -- Up-to-date: /home/misaka/fishbot/install/nav2_msgs/include/nav2_msgs/nav2_msgs/action/detail/back_up__type_support.c
[9.347s] -- Up-to-date: /home/misaka/fishbot/install/nav2_msgs/include/nav2_msgs/nav2_msgs/action/detail/dummy_behavior__rosidl_typesupport_introspection_c.h
[9.347s] -- Up-to-date: /home/misaka/fishbot/install/nav2_msgs/include/nav2_msgs/nav2_msgs/action/detail/follow_path__type_support.c
[9.348s] -- Up-to-date: /home/misaka/fishbot/install/nav2_msgs/include/nav2_msgs/nav2_msgs/action/detail/smooth_path__type_support.c
[9.348s] -- Up-to-date: /home/misaka/fishbot/install/nav2_msgs/include/nav2_msgs/nav2_msgs/action/detail/navigate_to_pose__type_support.c
[9.348s] -- Up-to-date: /home/misaka/fishbot/install/nav2_msgs/include/nav2_msgs/nav2_msgs/action/detail/compute_path_through_poses__rosidl_typesupport_introspection_c.h
[9.348s] -- Up-to-date: /home/misaka/fishbot/install/nav2_msgs/include/nav2_msgs/nav2_msgs/msg
[9.348s] -- Up-to-date: /home/misaka/fishbot/install/nav2_msgs/include/nav2_msgs/nav2_msgs/msg/detail
[9.348s] -- Up-to-date: /home/misaka/fishbot/install/nav2_msgs/include/nav2_msgs/nav2_msgs/msg/detail/behavior_tree_log__type_support.c
[9.349s] -- Up-to-date: /home/misaka/fishbot/install/nav2_msgs/include/nav2_msgs/nav2_msgs/msg/detail/particle__rosidl_typesupport_introspection_c.h
[9.349s] -- Up-to-date: /home/misaka/fishbot/install/nav2_msgs/include/nav2_msgs/nav2_msgs/msg/detail/behavior_tree_status_change__type_support.c
[9.349s] -- Up-to-date: /home/misaka/fishbot/install/nav2_msgs/include/nav2_msgs/nav2_msgs/msg/detail/costmap_filter_info__rosidl_typesupport_introspection_c.h
[9.349s] -- Up-to-date: /home/misaka/fishbot/install/nav2_msgs/include/nav2_msgs/nav2_msgs/msg/detail/particle_cloud__type_support.c
[9.350s] -- Up-to-date: /home/misaka/fishbot/install/nav2_msgs/include/nav2_msgs/nav2_msgs/msg/detail/costmap__rosidl_typesupport_introspection_c.h
[9.350s] -- Up-to-date: /home/misaka/fishbot/install/nav2_msgs/include/nav2_msgs/nav2_msgs/msg/detail/behavior_tree_log__rosidl_typesupport_introspection_c.h
[9.351s] -- Up-to-date: /home/misaka/fishbot/install/nav2_msgs/include/nav2_msgs/nav2_msgs/msg/detail/voxel_grid__type_support.c
[9.351s] -- Up-to-date: /home/misaka/fishbot/install/nav2_msgs/include/nav2_msgs/nav2_msgs/msg/detail/costmap_meta_data__rosidl_typesupport_introspection_c.h
[9.352s] -- Up-to-date: /home/misaka/fishbot/install/nav2_msgs/include/nav2_msgs/nav2_msgs/msg/detail/costmap_filter_info__type_support.c
[9.352s] -- Up-to-date: /home/misaka/fishbot/install/nav2_msgs/include/nav2_msgs/nav2_msgs/msg/detail/voxel_grid__rosidl_typesupport_introspection_c.h
[9.353s] -- Up-to-date: /home/misaka/fishbot/install/nav2_msgs/include/nav2_msgs/nav2_msgs/msg/detail/costmap__type_support.c
[9.355s] -- Up-to-date: /home/misaka/fishbot/install/nav2_msgs/include/nav2_msgs/nav2_msgs/msg/detail/particle__type_support.c
[9.355s] -- Up-to-date: /home/misaka/fishbot/install/nav2_msgs/include/nav2_msgs/nav2_msgs/msg/detail/speed_limit__rosidl_typesupport_introspection_c.h
[9.356s] -- Up-to-date: /home/misaka/fishbot/install/nav2_msgs/include/nav2_msgs/nav2_msgs/msg/detail/speed_limit__type_support.c
[9.356s] -- Up-to-date: /home/misaka/fishbot/install/nav2_msgs/include/nav2_msgs/nav2_msgs/msg/detail/particle_cloud__rosidl_typesupport_introspection_c.h
[9.356s] -- Up-to-date: /home/misaka/fishbot/install/nav2_msgs/include/nav2_msgs/nav2_msgs/msg/detail/costmap_meta_data__type_support.c
[9.357s] -- Up-to-date: /home/misaka/fishbot/install/nav2_msgs/include/nav2_msgs/nav2_msgs/msg/detail/behavior_tree_status_change__rosidl_typesupport_introspection_c.h
[9.357s] -- Up-to-date: /home/misaka/fishbot/install/nav2_msgs/include/nav2_msgs/nav2_msgs/msg/rosidl_typesupport_introspection_c__visibility_control.h
[9.358s] -- Up-to-date: /home/misaka/fishbot/install/nav2_msgs/lib/libnav2_msgs__rosidl_typesupport_introspection_c.so
[9.358s] -- Up-to-date: /home/misaka/fishbot/install/nav2_msgs/lib/libnav2_msgs__rosidl_typesupport_c.so
[9.359s] -- Up-to-date: /home/misaka/fishbot/install/nav2_msgs/include/nav2_msgs/nav2_msgs
[9.359s] -- Up-to-date: /home/misaka/fishbot/install/nav2_msgs/include/nav2_msgs/nav2_msgs/srv
[9.359s] -- Up-to-date: /home/misaka/fishbot/install/nav2_msgs/include/nav2_msgs/nav2_msgs/srv/detail
[9.360s] -- Up-to-date: /home/misaka/fishbot/install/nav2_msgs/include/nav2_msgs/nav2_msgs/srv/detail/manage_lifecycle_nodes__type_support.cpp
[9.360s] -- Up-to-date: /home/misaka/fishbot/install/nav2_msgs/include/nav2_msgs/nav2_msgs/srv/detail/manage_lifecycle_nodes__rosidl_typesupport_introspection_cpp.hpp
[9.360s] -- Up-to-date: /home/misaka/fishbot/install/nav2_msgs/include/nav2_msgs/nav2_msgs/srv/detail/clear_costmap_around_robot__type_support.cpp
[9.360s] -- Up-to-date: /home/misaka/fishbot/install/nav2_msgs/include/nav2_msgs/nav2_msgs/srv/detail/clear_entire_costmap__rosidl_typesupport_introspection_cpp.hpp
[9.362s] -- Up-to-date: /home/misaka/fishbot/install/nav2_msgs/include/nav2_msgs/nav2_msgs/srv/detail/get_costmap__rosidl_typesupport_introspection_cpp.hpp
[9.363s] -- Up-to-date: /home/misaka/fishbot/install/nav2_msgs/include/nav2_msgs/nav2_msgs/srv/detail/load_map__rosidl_typesupport_introspection_cpp.hpp
[9.363s] -- Up-to-date: /home/misaka/fishbot/install/nav2_msgs/include/nav2_msgs/nav2_msgs/srv/detail/save_map__rosidl_typesupport_introspection_cpp.hpp
[9.364s] -- Up-to-date: /home/misaka/fishbot/install/nav2_msgs/include/nav2_msgs/nav2_msgs/srv/detail/clear_costmap_around_robot__rosidl_typesupport_introspection_cpp.hpp
[9.364s] -- Up-to-date: /home/misaka/fishbot/install/nav2_msgs/include/nav2_msgs/nav2_msgs/srv/detail/is_path_valid__rosidl_typesupport_introspection_cpp.hpp
[9.364s] -- Up-to-date: /home/misaka/fishbot/install/nav2_msgs/include/nav2_msgs/nav2_msgs/srv/detail/is_path_valid__type_support.cpp
[9.364s] -- Up-to-date: /home/misaka/fishbot/install/nav2_msgs/include/nav2_msgs/nav2_msgs/srv/detail/save_map__type_support.cpp
[9.365s] -- Up-to-date: /home/misaka/fishbot/install/nav2_msgs/include/nav2_msgs/nav2_msgs/srv/detail/load_map__type_support.cpp
[9.365s] -- Up-to-date: /home/misaka/fishbot/install/nav2_msgs/include/nav2_msgs/nav2_msgs/srv/detail/clear_entire_costmap__type_support.cpp
[9.365s] -- Up-to-date: /home/misaka/fishbot/install/nav2_msgs/include/nav2_msgs/nav2_msgs/srv/detail/get_costmap__type_support.cpp
[9.365s] -- Up-to-date: /home/misaka/fishbot/install/nav2_msgs/include/nav2_msgs/nav2_msgs/srv/detail/clear_costmap_except_region__rosidl_typesupport_introspection_cpp.hpp
[9.366s] -- Up-to-date: /home/misaka/fishbot/install/nav2_msgs/include/nav2_msgs/nav2_msgs/srv/detail/clear_costmap_except_region__type_support.cpp
[9.366s] -- Up-to-date: /home/misaka/fishbot/install/nav2_msgs/include/nav2_msgs/nav2_msgs/action
[9.366s] -- Up-to-date: /home/misaka/fishbot/install/nav2_msgs/include/nav2_msgs/nav2_msgs/action/detail
[9.366s] -- Up-to-date: /home/misaka/fishbot/install/nav2_msgs/include/nav2_msgs/nav2_msgs/action/detail/compute_path_to_pose__rosidl_typesupport_introspection_cpp.hpp
[9.367s] -- Up-to-date: /home/misaka/fishbot/install/nav2_msgs/include/nav2_msgs/nav2_msgs/action/detail/spin__type_support.cpp
[9.367s] -- Up-to-date: /home/misaka/fishbot/install/nav2_msgs/include/nav2_msgs/nav2_msgs/action/detail/follow_path__type_support.cpp
[9.367s] -- Up-to-date: /home/misaka/fishbot/install/nav2_msgs/include/nav2_msgs/nav2_msgs/action/detail/compute_path_to_pose__type_support.cpp
[9.367s] -- Up-to-date: /home/misaka/fishbot/install/nav2_msgs/include/nav2_msgs/nav2_msgs/action/detail/dummy_behavior__type_support.cpp
[9.367s] -- Up-to-date: /home/misaka/fishbot/install/nav2_msgs/include/nav2_msgs/nav2_msgs/action/detail/compute_path_through_poses__type_support.cpp
[9.368s] -- Up-to-date: /home/misaka/fishbot/install/nav2_msgs/include/nav2_msgs/nav2_msgs/action/detail/assisted_teleop__type_support.cpp
[9.368s] -- Up-to-date: /home/misaka/fishbot/install/nav2_msgs/include/nav2_msgs/nav2_msgs/action/detail/compute_path_through_poses__rosidl_typesupport_introspection_cpp.hpp
[9.369s] -- Up-to-date: /home/misaka/fishbot/install/nav2_msgs/include/nav2_msgs/nav2_msgs/action/detail/follow_path__rosidl_typesupport_introspection_cpp.hpp
[9.370s] -- Up-to-date: /home/misaka/fishbot/install/nav2_msgs/include/nav2_msgs/nav2_msgs/action/detail/dummy_behavior__rosidl_typesupport_introspection_cpp.hpp
[9.372s] -- Up-to-date: /home/misaka/fishbot/install/nav2_msgs/include/nav2_msgs/nav2_msgs/action/detail/drive_on_heading__rosidl_typesupport_introspection_cpp.hpp
[9.372s] -- Up-to-date: /home/misaka/fishbot/install/nav2_msgs/include/nav2_msgs/nav2_msgs/action/detail/smooth_path__rosidl_typesupport_introspection_cpp.hpp
[9.373s] -- Up-to-date: /home/misaka/fishbot/install/nav2_msgs/include/nav2_msgs/nav2_msgs/action/detail/wait__rosidl_typesupport_introspection_cpp.hpp
[9.373s] -- Up-to-date: /home/misaka/fishbot/install/nav2_msgs/include/nav2_msgs/nav2_msgs/action/detail/spin__rosidl_typesupport_introspection_cpp.hpp
[9.373s] -- Up-to-date: /home/misaka/fishbot/install/nav2_msgs/include/nav2_msgs/nav2_msgs/action/detail/navigate_to_pose__rosidl_typesupport_introspection_cpp.hpp
[9.373s] -- Up-to-date: /home/misaka/fishbot/install/nav2_msgs/include/nav2_msgs/nav2_msgs/action/detail/follow_waypoints__rosidl_typesupport_introspection_cpp.hpp
[9.373s] -- Up-to-date: /home/misaka/fishbot/install/nav2_msgs/include/nav2_msgs/nav2_msgs/action/detail/navigate_through_poses__rosidl_typesupport_introspection_cpp.hpp
[9.374s] -- Up-to-date: /home/misaka/fishbot/install/nav2_msgs/include/nav2_msgs/nav2_msgs/action/detail/navigate_to_pose__type_support.cpp
[9.374s] -- Up-to-date: /home/misaka/fishbot/install/nav2_msgs/include/nav2_msgs/nav2_msgs/action/detail/navigate_through_poses__type_support.cpp
[9.374s] -- Up-to-date: /home/misaka/fishbot/install/nav2_msgs/include/nav2_msgs/nav2_msgs/action/detail/drive_on_heading__type_support.cpp
[9.374s] -- Up-to-date: /home/misaka/fishbot/install/nav2_msgs/include/nav2_msgs/nav2_msgs/action/detail/follow_waypoints__type_support.cpp
[9.375s] -- Up-to-date: /home/misaka/fishbot/install/nav2_msgs/include/nav2_msgs/nav2_msgs/action/detail/back_up__rosidl_typesupport_introspection_cpp.hpp
[9.375s] -- Up-to-date: /home/misaka/fishbot/install/nav2_msgs/include/nav2_msgs/nav2_msgs/action/detail/wait__type_support.cpp
[9.375s] -- Up-to-date: /home/misaka/fishbot/install/nav2_msgs/include/nav2_msgs/nav2_msgs/action/detail/assisted_teleop__rosidl_typesupport_introspection_cpp.hpp
[9.375s] -- Up-to-date: /home/misaka/fishbot/install/nav2_msgs/include/nav2_msgs/nav2_msgs/action/detail/back_up__type_support.cpp
[9.376s] -- Up-to-date: /home/misaka/fishbot/install/nav2_msgs/include/nav2_msgs/nav2_msgs/action/detail/smooth_path__type_support.cpp
[9.376s] -- Up-to-date: /home/misaka/fishbot/install/nav2_msgs/include/nav2_msgs/nav2_msgs/msg
[9.376s] -- Up-to-date: /home/misaka/fishbot/install/nav2_msgs/include/nav2_msgs/nav2_msgs/msg/detail
[9.376s] -- Up-to-date: /home/misaka/fishbot/install/nav2_msgs/include/nav2_msgs/nav2_msgs/msg/detail/particle_cloud__type_support.cpp
[9.377s] -- Up-to-date: /home/misaka/fishbot/install/nav2_msgs/include/nav2_msgs/nav2_msgs/msg/detail/particle__type_support.cpp
[9.377s] -- Up-to-date: /home/misaka/fishbot/install/nav2_msgs/include/nav2_msgs/nav2_msgs/msg/detail/costmap_meta_data__rosidl_typesupport_introspection_cpp.hpp
[9.377s] -- Up-to-date: /home/misaka/fishbot/install/nav2_msgs/include/nav2_msgs/nav2_msgs/msg/detail/costmap_filter_info__rosidl_typesupport_introspection_cpp.hpp
[9.377s] -- Up-to-date: /home/misaka/fishbot/install/nav2_msgs/include/nav2_msgs/nav2_msgs/msg/detail/costmap_filter_info__type_support.cpp
[9.377s] -- Up-to-date: /home/misaka/fishbot/install/nav2_msgs/include/nav2_msgs/nav2_msgs/msg/detail/particle_cloud__rosidl_typesupport_introspection_cpp.hpp
[9.377s] -- Up-to-date: /home/misaka/fishbot/install/nav2_msgs/include/nav2_msgs/nav2_msgs/msg/detail/costmap__type_support.cpp
[9.377s] -- Up-to-date: /home/misaka/fishbot/install/nav2_msgs/include/nav2_msgs/nav2_msgs/msg/detail/behavior_tree_log__type_support.cpp
[9.378s] -- Up-to-date: /home/misaka/fishbot/install/nav2_msgs/include/nav2_msgs/nav2_msgs/msg/detail/behavior_tree_status_change__rosidl_typesupport_introspection_cpp.hpp
[9.378s] -- Up-to-date: /home/misaka/fishbot/install/nav2_msgs/include/nav2_msgs/nav2_msgs/msg/detail/speed_limit__rosidl_typesupport_introspection_cpp.hpp
[9.378s] -- Up-to-date: /home/misaka/fishbot/install/nav2_msgs/include/nav2_msgs/nav2_msgs/msg/detail/voxel_grid__rosidl_typesupport_introspection_cpp.hpp
[9.378s] -- Up-to-date: /home/misaka/fishbot/install/nav2_msgs/include/nav2_msgs/nav2_msgs/msg/detail/voxel_grid__type_support.cpp
[9.378s] -- Up-to-date: /home/misaka/fishbot/install/nav2_msgs/include/nav2_msgs/nav2_msgs/msg/detail/costmap_meta_data__type_support.cpp
[9.379s] -- Up-to-date: /home/misaka/fishbot/install/nav2_msgs/include/nav2_msgs/nav2_msgs/msg/detail/particle__rosidl_typesupport_introspection_cpp.hpp
[9.379s] -- Up-to-date: /home/misaka/fishbot/install/nav2_msgs/include/nav2_msgs/nav2_msgs/msg/detail/costmap__rosidl_typesupport_introspection_cpp.hpp
[9.381s] -- Up-to-date: /home/misaka/fishbot/install/nav2_msgs/include/nav2_msgs/nav2_msgs/msg/detail/behavior_tree_status_change__type_support.cpp
[9.382s] -- Up-to-date: /home/misaka/fishbot/install/nav2_msgs/include/nav2_msgs/nav2_msgs/msg/detail/speed_limit__type_support.cpp
[9.382s] -- Up-to-date: /home/misaka/fishbot/install/nav2_msgs/include/nav2_msgs/nav2_msgs/msg/detail/behavior_tree_log__rosidl_typesupport_introspection_cpp.hpp
[9.383s] -- Up-to-date: /home/misaka/fishbot/install/nav2_msgs/lib/libnav2_msgs__rosidl_typesupport_introspection_cpp.so
[9.383s] -- Up-to-date: /home/misaka/fishbot/install/nav2_msgs/lib/libnav2_msgs__rosidl_typesupport_cpp.so
[9.383s] -- Up-to-date: /home/misaka/fishbot/install/nav2_msgs/share/nav2_msgs/environment/pythonpath.sh
[9.384s] -- Up-to-date: /home/misaka/fishbot/install/nav2_msgs/share/nav2_msgs/environment/pythonpath.dsv
[9.386s] -- Up-to-date: /home/misaka/fishbot/install/nav2_msgs/local/lib/python3.10/dist-packages/nav2_msgs-1.1.0-py3.10.egg-info
[9.387s] -- Installing: /home/misaka/fishbot/install/nav2_msgs/local/lib/python3.10/dist-packages/nav2_msgs-1.1.0-py3.10.egg-info/PKG-INFO
[9.388s] -- Installing: /home/misaka/fishbot/install/nav2_msgs/local/lib/python3.10/dist-packages/nav2_msgs-1.1.0-py3.10.egg-info/dependency_links.txt
[9.388s] -- Installing: /home/misaka/fishbot/install/nav2_msgs/local/lib/python3.10/dist-packages/nav2_msgs-1.1.0-py3.10.egg-info/SOURCES.txt
[9.388s] -- Installing: /home/misaka/fishbot/install/nav2_msgs/local/lib/python3.10/dist-packages/nav2_msgs-1.1.0-py3.10.egg-info/top_level.txt
[9.389s] -- Up-to-date: /home/misaka/fishbot/install/nav2_msgs/local/lib/python3.10/dist-packages/nav2_msgs
[9.390s] -- Up-to-date: /home/misaka/fishbot/install/nav2_msgs/local/lib/python3.10/dist-packages/nav2_msgs/nav2_msgs_s__rosidl_typesupport_c.cpython-310-x86_64-linux-gnu.so
[9.390s] -- Up-to-date: /home/misaka/fishbot/install/nav2_msgs/local/lib/python3.10/dist-packages/nav2_msgs/libnav2_msgs__rosidl_generator_py.so
[9.391s] -- Up-to-date: /home/misaka/fishbot/install/nav2_msgs/local/lib/python3.10/dist-packages/nav2_msgs/srv
[9.392s] -- Up-to-date: /home/misaka/fishbot/install/nav2_msgs/local/lib/python3.10/dist-packages/nav2_msgs/srv/_load_map.py
[9.392s] -- Up-to-date: /home/misaka/fishbot/install/nav2_msgs/local/lib/python3.10/dist-packages/nav2_msgs/srv/_clear_entire_costmap_s.c
[9.392s] -- Up-to-date: /home/misaka/fishbot/install/nav2_msgs/local/lib/python3.10/dist-packages/nav2_msgs/srv/_save_map_s.c
[9.393s] -- Up-to-date: /home/misaka/fishbot/install/nav2_msgs/local/lib/python3.10/dist-packages/nav2_msgs/srv/_save_map.py
[9.393s] -- Up-to-date: /home/misaka/fishbot/install/nav2_msgs/local/lib/python3.10/dist-packages/nav2_msgs/srv/_clear_entire_costmap.py
[9.393s] -- Up-to-date: /home/misaka/fishbot/install/nav2_msgs/local/lib/python3.10/dist-packages/nav2_msgs/srv/_clear_costmap_around_robot.py
[9.393s] -- Up-to-date: /home/misaka/fishbot/install/nav2_msgs/local/lib/python3.10/dist-packages/nav2_msgs/srv/_is_path_valid_s.c
[9.394s] -- Up-to-date: /home/misaka/fishbot/install/nav2_msgs/local/lib/python3.10/dist-packages/nav2_msgs/srv/_clear_costmap_except_region.py
[9.394s] -- Up-to-date: /home/misaka/fishbot/install/nav2_msgs/local/lib/python3.10/dist-packages/nav2_msgs/srv/_clear_costmap_except_region_s.c
[9.395s] -- Up-to-date: /home/misaka/fishbot/install/nav2_msgs/local/lib/python3.10/dist-packages/nav2_msgs/srv/_manage_lifecycle_nodes_s.c
[9.395s] -- Up-to-date: /home/misaka/fishbot/install/nav2_msgs/local/lib/python3.10/dist-packages/nav2_msgs/srv/_get_costmap_s.c
[9.397s] -- Up-to-date: /home/misaka/fishbot/install/nav2_msgs/local/lib/python3.10/dist-packages/nav2_msgs/srv/_is_path_valid.py
[9.397s] -- Up-to-date: /home/misaka/fishbot/install/nav2_msgs/local/lib/python3.10/dist-packages/nav2_msgs/srv/__init__.py
[9.397s] -- Up-to-date: /home/misaka/fishbot/install/nav2_msgs/local/lib/python3.10/dist-packages/nav2_msgs/srv/_clear_costmap_around_robot_s.c
[9.398s] -- Up-to-date: /home/misaka/fishbot/install/nav2_msgs/local/lib/python3.10/dist-packages/nav2_msgs/srv/_manage_lifecycle_nodes.py
[9.398s] -- Up-to-date: /home/misaka/fishbot/install/nav2_msgs/local/lib/python3.10/dist-packages/nav2_msgs/srv/_load_map_s.c
[9.398s] -- Up-to-date: /home/misaka/fishbot/install/nav2_msgs/local/lib/python3.10/dist-packages/nav2_msgs/srv/_get_costmap.py
[9.398s] -- Up-to-date: /home/misaka/fishbot/install/nav2_msgs/local/lib/python3.10/dist-packages/nav2_msgs/nav2_msgs_s__rosidl_typesupport_introspection_c.cpython-310-x86_64-linux-gnu.so
[9.399s] -- Up-to-date: /home/misaka/fishbot/install/nav2_msgs/local/lib/python3.10/dist-packages/nav2_msgs/nav2_msgs_s__rosidl_typesupport_fastrtps_c.cpython-310-x86_64-linux-gnu.so
[9.399s] -- Up-to-date: /home/misaka/fishbot/install/nav2_msgs/local/lib/python3.10/dist-packages/nav2_msgs/action
[9.399s] -- Up-to-date: /home/misaka/fishbot/install/nav2_msgs/local/lib/python3.10/dist-packages/nav2_msgs/action/_smooth_path_s.c
[9.399s] -- Up-to-date: /home/misaka/fishbot/install/nav2_msgs/local/lib/python3.10/dist-packages/nav2_msgs/action/_navigate_through_poses.py
[9.400s] -- Up-to-date: /home/misaka/fishbot/install/nav2_msgs/local/lib/python3.10/dist-packages/nav2_msgs/action/_wait_s.c
[9.400s] -- Up-to-date: /home/misaka/fishbot/install/nav2_msgs/local/lib/python3.10/dist-packages/nav2_msgs/action/_navigate_to_pose_s.c
[9.400s] -- Up-to-date: /home/misaka/fishbot/install/nav2_msgs/local/lib/python3.10/dist-packages/nav2_msgs/action/_drive_on_heading.py
[9.400s] -- Up-to-date: /home/misaka/fishbot/install/nav2_msgs/local/lib/python3.10/dist-packages/nav2_msgs/action/_back_up_s.c
[9.401s] -- Up-to-date: /home/misaka/fishbot/install/nav2_msgs/local/lib/python3.10/dist-packages/nav2_msgs/action/_follow_waypoints_s.c
[9.401s] -- Up-to-date: /home/misaka/fishbot/install/nav2_msgs/local/lib/python3.10/dist-packages/nav2_msgs/action/_navigate_through_poses_s.c
[9.401s] -- Up-to-date: /home/misaka/fishbot/install/nav2_msgs/local/lib/python3.10/dist-packages/nav2_msgs/action/_dummy_behavior.py
[9.401s] -- Up-to-date: /home/misaka/fishbot/install/nav2_msgs/local/lib/python3.10/dist-packages/nav2_msgs/action/_follow_waypoints.py
[9.402s] -- Up-to-date: /home/misaka/fishbot/install/nav2_msgs/local/lib/python3.10/dist-packages/nav2_msgs/action/_compute_path_to_pose.py
[9.402s] -- Up-to-date: /home/misaka/fishbot/install/nav2_msgs/local/lib/python3.10/dist-packages/nav2_msgs/action/_spin.py
[9.403s] -- Up-to-date: /home/misaka/fishbot/install/nav2_msgs/local/lib/python3.10/dist-packages/nav2_msgs/action/_back_up.py
[9.403s] -- Up-to-date: /home/misaka/fishbot/install/nav2_msgs/local/lib/python3.10/dist-packages/nav2_msgs/action/_assisted_teleop.py
[9.405s] -- Up-to-date: /home/misaka/fishbot/install/nav2_msgs/local/lib/python3.10/dist-packages/nav2_msgs/action/_compute_path_through_poses_s.c
[9.405s] -- Up-to-date: /home/misaka/fishbot/install/nav2_msgs/local/lib/python3.10/dist-packages/nav2_msgs/action/_follow_path_s.c
[9.405s] -- Up-to-date: /home/misaka/fishbot/install/nav2_msgs/local/lib/python3.10/dist-packages/nav2_msgs/action/_compute_path_to_pose_s.c
[9.406s] -- Up-to-date: /home/misaka/fishbot/install/nav2_msgs/local/lib/python3.10/dist-packages/nav2_msgs/action/_dummy_behavior_s.c
[9.406s] -- Up-to-date: /home/misaka/fishbot/install/nav2_msgs/local/lib/python3.10/dist-packages/nav2_msgs/action/_navigate_to_pose.py
[9.406s] -- Up-to-date: /home/misaka/fishbot/install/nav2_msgs/local/lib/python3.10/dist-packages/nav2_msgs/action/_wait.py
[9.407s] -- Up-to-date: /home/misaka/fishbot/install/nav2_msgs/local/lib/python3.10/dist-packages/nav2_msgs/action/_spin_s.c
[9.407s] -- Up-to-date: /home/misaka/fishbot/install/nav2_msgs/local/lib/python3.10/dist-packages/nav2_msgs/action/__init__.py
[9.407s] -- Up-to-date: /home/misaka/fishbot/install/nav2_msgs/local/lib/python3.10/dist-packages/nav2_msgs/action/_assisted_teleop_s.c
[9.407s] -- Up-to-date: /home/misaka/fishbot/install/nav2_msgs/local/lib/python3.10/dist-packages/nav2_msgs/action/_compute_path_through_poses.py
[9.408s] -- Up-to-date: /home/misaka/fishbot/install/nav2_msgs/local/lib/python3.10/dist-packages/nav2_msgs/action/_smooth_path.py
[9.408s] -- Up-to-date: /home/misaka/fishbot/install/nav2_msgs/local/lib/python3.10/dist-packages/nav2_msgs/action/_drive_on_heading_s.c
[9.409s] -- Up-to-date: /home/misaka/fishbot/install/nav2_msgs/local/lib/python3.10/dist-packages/nav2_msgs/action/_follow_path.py
[9.409s] -- Up-to-date: /home/misaka/fishbot/install/nav2_msgs/local/lib/python3.10/dist-packages/nav2_msgs/_nav2_msgs_s.ep.rosidl_typesupport_c.c
[9.409s] -- Up-to-date: /home/misaka/fishbot/install/nav2_msgs/local/lib/python3.10/dist-packages/nav2_msgs/__init__.py
[9.410s] -- Up-to-date: /home/misaka/fishbot/install/nav2_msgs/local/lib/python3.10/dist-packages/nav2_msgs/msg
[9.410s] -- Up-to-date: /home/misaka/fishbot/install/nav2_msgs/local/lib/python3.10/dist-packages/nav2_msgs/msg/_costmap_filter_info.py
[9.410s] -- Up-to-date: /home/misaka/fishbot/install/nav2_msgs/local/lib/python3.10/dist-packages/nav2_msgs/msg/_particle.py
[9.411s] -- Up-to-date: /home/misaka/fishbot/install/nav2_msgs/local/lib/python3.10/dist-packages/nav2_msgs/msg/_particle_s.c
[9.412s] -- Up-to-date: /home/misaka/fishbot/install/nav2_msgs/local/lib/python3.10/dist-packages/nav2_msgs/msg/_voxel_grid.py
[9.413s] -- Up-to-date: /home/misaka/fishbot/install/nav2_msgs/local/lib/python3.10/dist-packages/nav2_msgs/msg/_particle_cloud_s.c
[9.413s] -- Up-to-date: /home/misaka/fishbot/install/nav2_msgs/local/lib/python3.10/dist-packages/nav2_msgs/msg/_speed_limit.py
[9.413s] -- Up-to-date: /home/misaka/fishbot/install/nav2_msgs/local/lib/python3.10/dist-packages/nav2_msgs/msg/_costmap_meta_data_s.c
[9.413s] -- Up-to-date: /home/misaka/fishbot/install/nav2_msgs/local/lib/python3.10/dist-packages/nav2_msgs/msg/_costmap_filter_info_s.c
[9.413s] -- Up-to-date: /home/misaka/fishbot/install/nav2_msgs/local/lib/python3.10/dist-packages/nav2_msgs/msg/_behavior_tree_log.py
[9.413s] -- Up-to-date: /home/misaka/fishbot/install/nav2_msgs/local/lib/python3.10/dist-packages/nav2_msgs/msg/_costmap_meta_data.py
[9.414s] -- Up-to-date: /home/misaka/fishbot/install/nav2_msgs/local/lib/python3.10/dist-packages/nav2_msgs/msg/_behavior_tree_status_change.py
[9.414s] -- Up-to-date: /home/misaka/fishbot/install/nav2_msgs/local/lib/python3.10/dist-packages/nav2_msgs/msg/_costmap.py
[9.414s] -- Up-to-date: /home/misaka/fishbot/install/nav2_msgs/local/lib/python3.10/dist-packages/nav2_msgs/msg/_voxel_grid_s.c
[9.415s] -- Up-to-date: /home/misaka/fishbot/install/nav2_msgs/local/lib/python3.10/dist-packages/nav2_msgs/msg/_particle_cloud.py
[9.415s] -- Up-to-date: /home/misaka/fishbot/install/nav2_msgs/local/lib/python3.10/dist-packages/nav2_msgs/msg/_speed_limit_s.c
[9.415s] -- Up-to-date: /home/misaka/fishbot/install/nav2_msgs/local/lib/python3.10/dist-packages/nav2_msgs/msg/_costmap_s.c
[9.416s] -- Up-to-date: /home/misaka/fishbot/install/nav2_msgs/local/lib/python3.10/dist-packages/nav2_msgs/msg/_behavior_tree_log_s.c
[9.416s] -- Up-to-date: /home/misaka/fishbot/install/nav2_msgs/local/lib/python3.10/dist-packages/nav2_msgs/msg/_behavior_tree_status_change_s.c
[9.416s] -- Up-to-date: /home/misaka/fishbot/install/nav2_msgs/local/lib/python3.10/dist-packages/nav2_msgs/msg/__init__.py
[9.416s] -- Up-to-date: /home/misaka/fishbot/install/nav2_msgs/local/lib/python3.10/dist-packages/nav2_msgs/_nav2_msgs_s.ep.rosidl_typesupport_fastrtps_c.c
[9.417s] -- Up-to-date: /home/misaka/fishbot/install/nav2_msgs/local/lib/python3.10/dist-packages/nav2_msgs/_nav2_msgs_s.ep.rosidl_typesupport_introspection_c.c
[9.433s] Listing '/home/misaka/fishbot/install/nav2_msgs/local/lib/python3.10/dist-packages/nav2_msgs'...
[9.434s] Listing '/home/misaka/fishbot/install/nav2_msgs/local/lib/python3.10/dist-packages/nav2_msgs/action'...
[9.434s] Listing '/home/misaka/fishbot/install/nav2_msgs/local/lib/python3.10/dist-packages/nav2_msgs/msg'...
[9.434s] Listing '/home/misaka/fishbot/install/nav2_msgs/local/lib/python3.10/dist-packages/nav2_msgs/srv'...
[9.452s] -- Up-to-date: /home/misaka/fishbot/install/nav2_msgs/local/lib/python3.10/dist-packages/nav2_msgs/nav2_msgs_s__rosidl_typesupport_fastrtps_c.cpython-310-x86_64-linux-gnu.so
[9.458s] -- Up-to-date: /home/misaka/fishbot/install/nav2_msgs/local/lib/python3.10/dist-packages/nav2_msgs/nav2_msgs_s__rosidl_typesupport_introspection_c.cpython-310-x86_64-linux-gnu.so
[9.464s] -- Up-to-date: /home/misaka/fishbot/install/nav2_msgs/local/lib/python3.10/dist-packages/nav2_msgs/nav2_msgs_s__rosidl_typesupport_c.cpython-310-x86_64-linux-gnu.so
[9.469s] -- Up-to-date: /home/misaka/fishbot/install/nav2_msgs/lib/libnav2_msgs__rosidl_generator_py.so
[9.470s] -- Up-to-date: /home/misaka/fishbot/install/nav2_msgs/share/nav2_msgs/msg/Costmap.idl
[9.471s] -- Up-to-date: /home/misaka/fishbot/install/nav2_msgs/share/nav2_msgs/msg/CostmapMetaData.idl
[9.473s] -- Up-to-date: /home/misaka/fishbot/install/nav2_msgs/share/nav2_msgs/msg/CostmapFilterInfo.idl
[9.474s] -- Up-to-date: /home/misaka/fishbot/install/nav2_msgs/share/nav2_msgs/msg/SpeedLimit.idl
[9.475s] -- Up-to-date: /home/misaka/fishbot/install/nav2_msgs/share/nav2_msgs/msg/VoxelGrid.idl
[9.475s] -- Up-to-date: /home/misaka/fishbot/install/nav2_msgs/share/nav2_msgs/msg/BehaviorTreeStatusChange.idl
[9.476s] -- Up-to-date: /home/misaka/fishbot/install/nav2_msgs/share/nav2_msgs/msg/BehaviorTreeLog.idl
[9.478s] -- Up-to-date: /home/misaka/fishbot/install/nav2_msgs/share/nav2_msgs/msg/Particle.idl
[9.480s] -- Up-to-date: /home/misaka/fishbot/install/nav2_msgs/share/nav2_msgs/msg/ParticleCloud.idl
[9.482s] -- Up-to-date: /home/misaka/fishbot/install/nav2_msgs/share/nav2_msgs/srv/GetCostmap.idl
[9.483s] -- Up-to-date: /home/misaka/fishbot/install/nav2_msgs/share/nav2_msgs/srv/IsPathValid.idl
[9.484s] -- Up-to-date: /home/misaka/fishbot/install/nav2_msgs/share/nav2_msgs/srv/ClearCostmapExceptRegion.idl
[9.486s] -- Up-to-date: /home/misaka/fishbot/install/nav2_msgs/share/nav2_msgs/srv/ClearCostmapAroundRobot.idl
[9.488s] -- Up-to-date: /home/misaka/fishbot/install/nav2_msgs/share/nav2_msgs/srv/ClearEntireCostmap.idl
[9.489s] -- Up-to-date: /home/misaka/fishbot/install/nav2_msgs/share/nav2_msgs/srv/ManageLifecycleNodes.idl
[9.490s] -- Up-to-date: /home/misaka/fishbot/install/nav2_msgs/share/nav2_msgs/srv/LoadMap.idl
[9.492s] -- Up-to-date: /home/misaka/fishbot/install/nav2_msgs/share/nav2_msgs/srv/SaveMap.idl
[9.495s] -- Up-to-date: /home/misaka/fishbot/install/nav2_msgs/share/nav2_msgs/action/AssistedTeleop.idl
[9.496s] -- Up-to-date: /home/misaka/fishbot/install/nav2_msgs/share/nav2_msgs/action/BackUp.idl
[9.497s] -- Up-to-date: /home/misaka/fishbot/install/nav2_msgs/share/nav2_msgs/action/ComputePathToPose.idl
[9.498s] -- Up-to-date: /home/misaka/fishbot/install/nav2_msgs/share/nav2_msgs/action/ComputePathThroughPoses.idl
[9.499s] -- Up-to-date: /home/misaka/fishbot/install/nav2_msgs/share/nav2_msgs/action/DriveOnHeading.idl
[9.500s] -- Up-to-date: /home/misaka/fishbot/install/nav2_msgs/share/nav2_msgs/action/SmoothPath.idl
[9.500s] -- Up-to-date: /home/misaka/fishbot/install/nav2_msgs/share/nav2_msgs/action/FollowPath.idl
[9.501s] -- Up-to-date: /home/misaka/fishbot/install/nav2_msgs/share/nav2_msgs/action/NavigateToPose.idl
[9.506s] -- Up-to-date: /home/misaka/fishbot/install/nav2_msgs/share/nav2_msgs/action/NavigateThroughPoses.idl
[9.507s] -- Up-to-date: /home/misaka/fishbot/install/nav2_msgs/share/nav2_msgs/action/Wait.idl
[9.509s] -- Up-to-date: /home/misaka/fishbot/install/nav2_msgs/share/nav2_msgs/action/Spin.idl
[9.512s] -- Up-to-date: /home/misaka/fishbot/install/nav2_msgs/share/nav2_msgs/action/DummyBehavior.idl
[9.513s] -- Up-to-date: /home/misaka/fishbot/install/nav2_msgs/share/nav2_msgs/action/FollowWaypoints.idl
[9.514s] -- Up-to-date: /home/misaka/fishbot/install/nav2_msgs/share/nav2_msgs/msg/Costmap.msg
[9.516s] -- Up-to-date: /home/misaka/fishbot/install/nav2_msgs/share/nav2_msgs/msg/CostmapMetaData.msg
[9.516s] -- Up-to-date: /home/misaka/fishbot/install/nav2_msgs/share/nav2_msgs/msg/CostmapFilterInfo.msg
[9.517s] -- Up-to-date: /home/misaka/fishbot/install/nav2_msgs/share/nav2_msgs/msg/SpeedLimit.msg
[9.518s] -- Up-to-date: /home/misaka/fishbot/install/nav2_msgs/share/nav2_msgs/msg/VoxelGrid.msg
[9.519s] -- Up-to-date: /home/misaka/fishbot/install/nav2_msgs/share/nav2_msgs/msg/BehaviorTreeStatusChange.msg
[9.519s] -- Up-to-date: /home/misaka/fishbot/install/nav2_msgs/share/nav2_msgs/msg/BehaviorTreeLog.msg
[9.520s] -- Up-to-date: /home/misaka/fishbot/install/nav2_msgs/share/nav2_msgs/msg/Particle.msg
[9.521s] -- Up-to-date: /home/misaka/fishbot/install/nav2_msgs/share/nav2_msgs/msg/ParticleCloud.msg
[9.521s] -- Up-to-date: /home/misaka/fishbot/install/nav2_msgs/share/nav2_msgs/srv/GetCostmap.srv
[9.521s] -- Up-to-date: /home/misaka/fishbot/install/nav2_msgs/share/nav2_msgs/srv/GetCostmap_Request.msg
[9.522s] -- Up-to-date: /home/misaka/fishbot/install/nav2_msgs/share/nav2_msgs/srv/GetCostmap_Response.msg
[9.523s] -- Up-to-date: /home/misaka/fishbot/install/nav2_msgs/share/nav2_msgs/srv/IsPathValid.srv
[9.523s] -- Up-to-date: /home/misaka/fishbot/install/nav2_msgs/share/nav2_msgs/srv/IsPathValid_Request.msg
[9.524s] -- Up-to-date: /home/misaka/fishbot/install/nav2_msgs/share/nav2_msgs/srv/IsPathValid_Response.msg
[9.525s] -- Up-to-date: /home/misaka/fishbot/install/nav2_msgs/share/nav2_msgs/srv/ClearCostmapExceptRegion.srv
[9.525s] -- Up-to-date: /home/misaka/fishbot/install/nav2_msgs/share/nav2_msgs/srv/ClearCostmapExceptRegion_Request.msg
[9.526s] -- Up-to-date: /home/misaka/fishbot/install/nav2_msgs/share/nav2_msgs/srv/ClearCostmapExceptRegion_Response.msg
[9.526s] -- Up-to-date: /home/misaka/fishbot/install/nav2_msgs/share/nav2_msgs/srv/ClearCostmapAroundRobot.srv
[9.527s] -- Up-to-date: /home/misaka/fishbot/install/nav2_msgs/share/nav2_msgs/srv/ClearCostmapAroundRobot_Request.msg
[9.527s] -- Up-to-date: /home/misaka/fishbot/install/nav2_msgs/share/nav2_msgs/srv/ClearCostmapAroundRobot_Response.msg
[9.528s] -- Up-to-date: /home/misaka/fishbot/install/nav2_msgs/share/nav2_msgs/srv/ClearEntireCostmap.srv
[9.529s] -- Up-to-date: /home/misaka/fishbot/install/nav2_msgs/share/nav2_msgs/srv/ClearEntireCostmap_Request.msg
[9.530s] -- Up-to-date: /home/misaka/fishbot/install/nav2_msgs/share/nav2_msgs/srv/ClearEntireCostmap_Response.msg
[9.530s] -- Up-to-date: /home/misaka/fishbot/install/nav2_msgs/share/nav2_msgs/srv/ManageLifecycleNodes.srv
[9.531s] -- Up-to-date: /home/misaka/fishbot/install/nav2_msgs/share/nav2_msgs/srv/ManageLifecycleNodes_Request.msg
[9.531s] -- Up-to-date: /home/misaka/fishbot/install/nav2_msgs/share/nav2_msgs/srv/ManageLifecycleNodes_Response.msg
[9.532s] -- Up-to-date: /home/misaka/fishbot/install/nav2_msgs/share/nav2_msgs/srv/LoadMap.srv
[9.534s] -- Up-to-date: /home/misaka/fishbot/install/nav2_msgs/share/nav2_msgs/srv/LoadMap_Request.msg
[9.535s] -- Up-to-date: /home/misaka/fishbot/install/nav2_msgs/share/nav2_msgs/srv/LoadMap_Response.msg
[9.535s] -- Up-to-date: /home/misaka/fishbot/install/nav2_msgs/share/nav2_msgs/srv/SaveMap.srv
[9.536s] -- Up-to-date: /home/misaka/fishbot/install/nav2_msgs/share/nav2_msgs/srv/SaveMap_Request.msg
[9.536s] -- Up-to-date: /home/misaka/fishbot/install/nav2_msgs/share/nav2_msgs/srv/SaveMap_Response.msg
[9.536s] -- Up-to-date: /home/misaka/fishbot/install/nav2_msgs/share/nav2_msgs/action/AssistedTeleop.action
[9.537s] -- Up-to-date: /home/misaka/fishbot/install/nav2_msgs/share/nav2_msgs/action/BackUp.action
[9.537s] -- Up-to-date: /home/misaka/fishbot/install/nav2_msgs/share/nav2_msgs/action/ComputePathToPose.action
[9.537s] -- Up-to-date: /home/misaka/fishbot/install/nav2_msgs/share/nav2_msgs/action/ComputePathThroughPoses.action
[9.537s] -- Up-to-date: /home/misaka/fishbot/install/nav2_msgs/share/nav2_msgs/action/DriveOnHeading.action
[9.538s] -- Up-to-date: /home/misaka/fishbot/install/nav2_msgs/share/nav2_msgs/action/SmoothPath.action
[9.538s] -- Up-to-date: /home/misaka/fishbot/install/nav2_msgs/share/nav2_msgs/action/FollowPath.action
[9.539s] -- Up-to-date: /home/misaka/fishbot/install/nav2_msgs/share/nav2_msgs/action/NavigateToPose.action
[9.540s] -- Up-to-date: /home/misaka/fishbot/install/nav2_msgs/share/nav2_msgs/action/NavigateThroughPoses.action
[9.540s] -- Up-to-date: /home/misaka/fishbot/install/nav2_msgs/share/nav2_msgs/action/Wait.action
[9.540s] -- Up-to-date: /home/misaka/fishbot/install/nav2_msgs/share/nav2_msgs/action/Spin.action
[9.540s] -- Up-to-date: /home/misaka/fishbot/install/nav2_msgs/share/nav2_msgs/action/DummyBehavior.action
[9.541s] -- Up-to-date: /home/misaka/fishbot/install/nav2_msgs/share/nav2_msgs/action/FollowWaypoints.action
[9.543s] -- Up-to-date: /home/misaka/fishbot/install/nav2_msgs/share/ament_index/resource_index/package_run_dependencies/nav2_msgs
[9.544s] -- Up-to-date: /home/misaka/fishbot/install/nav2_msgs/share/ament_index/resource_index/parent_prefix_path/nav2_msgs
[9.545s] -- Up-to-date: /home/misaka/fishbot/install/nav2_msgs/share/nav2_msgs/environment/ament_prefix_path.sh
[9.547s] -- Up-to-date: /home/misaka/fishbot/install/nav2_msgs/share/nav2_msgs/environment/ament_prefix_path.dsv
[9.548s] -- Up-to-date: /home/misaka/fishbot/install/nav2_msgs/share/nav2_msgs/environment/path.sh
[9.548s] -- Up-to-date: /home/misaka/fishbot/install/nav2_msgs/share/nav2_msgs/environment/path.dsv
[9.548s] -- Up-to-date: /home/misaka/fishbot/install/nav2_msgs/share/nav2_msgs/local_setup.bash
[9.549s] -- Up-to-date: /home/misaka/fishbot/install/nav2_msgs/share/nav2_msgs/local_setup.sh
[9.549s] -- Up-to-date: /home/misaka/fishbot/install/nav2_msgs/share/nav2_msgs/local_setup.zsh
[9.549s] -- Up-to-date: /home/misaka/fishbot/install/nav2_msgs/share/nav2_msgs/local_setup.dsv
[9.550s] -- Installing: /home/misaka/fishbot/install/nav2_msgs/share/nav2_msgs/package.dsv
[9.552s] -- Up-to-date: /home/misaka/fishbot/install/nav2_msgs/share/ament_index/resource_index/packages/nav2_msgs
[9.552s] -- Up-to-date: /home/misaka/fishbot/install/nav2_msgs/share/nav2_msgs/cmake/export_nav2_msgs__rosidl_generator_cExport.cmake
[9.553s] -- Up-to-date: /home/misaka/fishbot/install/nav2_msgs/share/nav2_msgs/cmake/export_nav2_msgs__rosidl_generator_cExport-release.cmake
[9.553s] -- Up-to-date: /home/misaka/fishbot/install/nav2_msgs/share/nav2_msgs/cmake/export_nav2_msgs__rosidl_typesupport_fastrtps_cExport.cmake
[9.554s] -- Up-to-date: /home/misaka/fishbot/install/nav2_msgs/share/nav2_msgs/cmake/export_nav2_msgs__rosidl_typesupport_fastrtps_cExport-release.cmake
[9.555s] -- Up-to-date: /home/misaka/fishbot/install/nav2_msgs/share/nav2_msgs/cmake/export_nav2_msgs__rosidl_generator_cppExport.cmake
[9.556s] -- Up-to-date: /home/misaka/fishbot/install/nav2_msgs/share/nav2_msgs/cmake/export_nav2_msgs__rosidl_typesupport_fastrtps_cppExport.cmake
[9.556s] -- Up-to-date: /home/misaka/fishbot/install/nav2_msgs/share/nav2_msgs/cmake/export_nav2_msgs__rosidl_typesupport_fastrtps_cppExport-release.cmake
[9.556s] -- Up-to-date: /home/misaka/fishbot/install/nav2_msgs/share/nav2_msgs/cmake/nav2_msgs__rosidl_typesupport_introspection_cExport.cmake
[9.556s] -- Up-to-date: /home/misaka/fishbot/install/nav2_msgs/share/nav2_msgs/cmake/nav2_msgs__rosidl_typesupport_introspection_cExport-release.cmake
[9.557s] -- Up-to-date: /home/misaka/fishbot/install/nav2_msgs/share/nav2_msgs/cmake/nav2_msgs__rosidl_typesupport_cExport.cmake
[9.557s] -- Up-to-date: /home/misaka/fishbot/install/nav2_msgs/share/nav2_msgs/cmake/nav2_msgs__rosidl_typesupport_cExport-release.cmake
[9.558s] -- Up-to-date: /home/misaka/fishbot/install/nav2_msgs/share/nav2_msgs/cmake/nav2_msgs__rosidl_typesupport_introspection_cppExport.cmake
[9.558s] -- Up-to-date: /home/misaka/fishbot/install/nav2_msgs/share/nav2_msgs/cmake/nav2_msgs__rosidl_typesupport_introspection_cppExport-release.cmake
[9.558s] -- Up-to-date: /home/misaka/fishbot/install/nav2_msgs/share/nav2_msgs/cmake/nav2_msgs__rosidl_typesupport_cppExport.cmake
[9.558s] -- Up-to-date: /home/misaka/fishbot/install/nav2_msgs/share/nav2_msgs/cmake/nav2_msgs__rosidl_typesupport_cppExport-release.cmake
[9.559s] -- Up-to-date: /home/misaka/fishbot/install/nav2_msgs/share/nav2_msgs/cmake/export_nav2_msgs__rosidl_generator_pyExport.cmake
[9.559s] -- Up-to-date: /home/misaka/fishbot/install/nav2_msgs/share/nav2_msgs/cmake/export_nav2_msgs__rosidl_generator_pyExport-release.cmake
[9.559s] -- Up-to-date: /home/misaka/fishbot/install/nav2_msgs/share/nav2_msgs/cmake/rosidl_cmake-extras.cmake
[9.560s] -- Up-to-date: /home/misaka/fishbot/install/nav2_msgs/share/nav2_msgs/cmake/ament_cmake_export_dependencies-extras.cmake
[9.561s] -- Up-to-date: /home/misaka/fishbot/install/nav2_msgs/share/nav2_msgs/cmake/ament_cmake_export_include_directories-extras.cmake
[9.561s] -- Up-to-date: /home/misaka/fishbot/install/nav2_msgs/share/nav2_msgs/cmake/ament_cmake_export_libraries-extras.cmake
[9.562s] -- Up-to-date: /home/misaka/fishbot/install/nav2_msgs/share/nav2_msgs/cmake/ament_cmake_export_targets-extras.cmake
[9.565s] -- Up-to-date: /home/misaka/fishbot/install/nav2_msgs/share/nav2_msgs/cmake/rosidl_cmake_export_typesupport_targets-extras.cmake
[9.566s] -- Up-to-date: /home/misaka/fishbot/install/nav2_msgs/share/nav2_msgs/cmake/rosidl_cmake_export_typesupport_libraries-extras.cmake
[9.570s] -- Up-to-date: /home/misaka/fishbot/install/nav2_msgs/share/nav2_msgs/cmake/nav2_msgsConfig.cmake
[9.570s] -- Up-to-date: /home/misaka/fishbot/install/nav2_msgs/share/nav2_msgs/cmake/nav2_msgsConfig-version.cmake
[9.571s] -- Up-to-date: /home/misaka/fishbot/install/nav2_msgs/share/nav2_msgs/package.xml
[9.578s] Invoked command in '/home/misaka/fishbot/build/nav2_msgs' returned '0': AMENT_PREFIX_PATH=/home/misaka/fishbot/install/nav2_common:${AMENT_PREFIX_PATH} CMAKE_PREFIX_PATH=/home/misaka/fishbot/install/nav2_common:/opt/ros/humble PYTHONPATH=/home/misaka/fishbot/install/nav2_common/local/lib/python3.10/dist-packages:${PYTHONPATH} /usr/bin/cmake --install /home/misaka/fishbot/build/nav2_msgs
