[0.064s] Invoking command in '/home/misaka/fishbot/build/fishbot_cartographer': AMENT_PREFIX_PATH=/home/misaka/fishbot/install/cartographer_ros:/home/misaka/fishbot/install/cartographer_ros_msgs:${AMENT_PREFIX_PATH} CMAKE_PREFIX_PATH=/home/misaka/fishbot/install/cartographer_ros:/home/misaka/fishbot/install/cartographer_ros_msgs:/home/misaka/fishbot/install/cartographer:/opt/ros/humble LD_LIBRARY_PATH=/home/misaka/fishbot/install/cartographer_ros/lib:/home/misaka/fishbot/install/cartographer_ros_msgs/lib:${LD_LIBRARY_PATH} PATH=/home/misaka/fishbot/install/cartographer/bin:${PATH} PKG_CONFIG_PATH=/home/misaka/fishbot/install/cartographer/lib/x86_64-linux-gnu/pkgconfig:/home/misaka/fishbot/install/cartographer/lib/pkgconfig PYTHONPATH=/home/misaka/fishbot/install/cartographer_ros_msgs/local/lib/python3.10/dist-packages:${PYTHONPATH} /usr/bin/cmake /home/misaka/fishbot/src/fishbot_cartographer -DCMAKE_INSTALL_PREFIX=/home/misaka/fishbot/install/fishbot_cartographer
[0.298s] -- The C compiler identification is GNU 11.4.0
[0.546s] -- The CXX compiler identification is GNU 11.4.0
[0.578s] -- Detecting C compiler ABI info
[0.896s] -- Detecting C compiler ABI info - done
[0.917s] -- Check for working C compiler: /usr/bin/cc - skipped
[0.919s] -- Detecting C compile features
[0.919s] -- Detecting C compile features - done
[0.934s] -- Detecting CXX compiler ABI info
[1.318s] -- Detecting CXX compiler ABI info - done
[1.343s] -- Check for working CXX compiler: /usr/bin/c++ - skipped
[1.344s] -- Detecting CXX compile features
[1.346s] -- Detecting CXX compile features - done
[1.356s] -- Found ament_cmake: 1.3.10 (/opt/ros/humble/share/ament_cmake/cmake)
[1.965s] -- Found Python3: /usr/bin/python3 (found version "3.10.12") found components: Interpreter 
[2.352s] -- Found ament_lint_auto: 0.12.11 (/opt/ros/humble/share/ament_lint_auto/cmake)
[2.725s] -- Added test 'copyright' to check source files copyright and LICENSE
[2.742s] -- Added test 'flake8' to check Python code syntax and style conventions
[2.746s] -- Added test 'lint_cmake' to check CMake code style
[2.750s] -- Added test 'pep257' to check Python code against some of the docstring style conventions in PEP 257
[2.758s] -- Added test 'xmllint' to check XML markup files
[2.763s] -- Configuring done
[2.774s] -- Generating done
[2.776s] -- Build files have been written to: /home/misaka/fishbot/build/fishbot_cartographer
[2.797s] Invoked command in '/home/misaka/fishbot/build/fishbot_cartographer' returned '0': AMENT_PREFIX_PATH=/home/misaka/fishbot/install/cartographer_ros:/home/misaka/fishbot/install/cartographer_ros_msgs:${AMENT_PREFIX_PATH} CMAKE_PREFIX_PATH=/home/misaka/fishbot/install/cartographer_ros:/home/misaka/fishbot/install/cartographer_ros_msgs:/home/misaka/fishbot/install/cartographer:/opt/ros/humble LD_LIBRARY_PATH=/home/misaka/fishbot/install/cartographer_ros/lib:/home/misaka/fishbot/install/cartographer_ros_msgs/lib:${LD_LIBRARY_PATH} PATH=/home/misaka/fishbot/install/cartographer/bin:${PATH} PKG_CONFIG_PATH=/home/misaka/fishbot/install/cartographer/lib/x86_64-linux-gnu/pkgconfig:/home/misaka/fishbot/install/cartographer/lib/pkgconfig PYTHONPATH=/home/misaka/fishbot/install/cartographer_ros_msgs/local/lib/python3.10/dist-packages:${PYTHONPATH} /usr/bin/cmake /home/misaka/fishbot/src/fishbot_cartographer -DCMAKE_INSTALL_PREFIX=/home/misaka/fishbot/install/fishbot_cartographer
[2.799s] Invoking command in '/home/misaka/fishbot/build/fishbot_cartographer': AMENT_PREFIX_PATH=/home/misaka/fishbot/install/cartographer_ros:/home/misaka/fishbot/install/cartographer_ros_msgs:${AMENT_PREFIX_PATH} CMAKE_PREFIX_PATH=/home/misaka/fishbot/install/cartographer_ros:/home/misaka/fishbot/install/cartographer_ros_msgs:/home/misaka/fishbot/install/cartographer:/opt/ros/humble LD_LIBRARY_PATH=/home/misaka/fishbot/install/cartographer_ros/lib:/home/misaka/fishbot/install/cartographer_ros_msgs/lib:${LD_LIBRARY_PATH} PATH=/home/misaka/fishbot/install/cartographer/bin:${PATH} PKG_CONFIG_PATH=/home/misaka/fishbot/install/cartographer/lib/x86_64-linux-gnu/pkgconfig:/home/misaka/fishbot/install/cartographer/lib/pkgconfig PYTHONPATH=/home/misaka/fishbot/install/cartographer_ros_msgs/local/lib/python3.10/dist-packages:${PYTHONPATH} /usr/bin/cmake --build /home/misaka/fishbot/build/fishbot_cartographer -- -j16 -l16
[2.988s] Invoked command in '/home/misaka/fishbot/build/fishbot_cartographer' returned '0': AMENT_PREFIX_PATH=/home/misaka/fishbot/install/cartographer_ros:/home/misaka/fishbot/install/cartographer_ros_msgs:${AMENT_PREFIX_PATH} CMAKE_PREFIX_PATH=/home/misaka/fishbot/install/cartographer_ros:/home/misaka/fishbot/install/cartographer_ros_msgs:/home/misaka/fishbot/install/cartographer:/opt/ros/humble LD_LIBRARY_PATH=/home/misaka/fishbot/install/cartographer_ros/lib:/home/misaka/fishbot/install/cartographer_ros_msgs/lib:${LD_LIBRARY_PATH} PATH=/home/misaka/fishbot/install/cartographer/bin:${PATH} PKG_CONFIG_PATH=/home/misaka/fishbot/install/cartographer/lib/x86_64-linux-gnu/pkgconfig:/home/misaka/fishbot/install/cartographer/lib/pkgconfig PYTHONPATH=/home/misaka/fishbot/install/cartographer_ros_msgs/local/lib/python3.10/dist-packages:${PYTHONPATH} /usr/bin/cmake --build /home/misaka/fishbot/build/fishbot_cartographer -- -j16 -l16
[3.124s] Invoking command in '/home/misaka/fishbot/build/fishbot_cartographer': AMENT_PREFIX_PATH=/home/misaka/fishbot/install/cartographer_ros:/home/misaka/fishbot/install/cartographer_ros_msgs:${AMENT_PREFIX_PATH} CMAKE_PREFIX_PATH=/home/misaka/fishbot/install/cartographer_ros:/home/misaka/fishbot/install/cartographer_ros_msgs:/home/misaka/fishbot/install/cartographer:/opt/ros/humble LD_LIBRARY_PATH=/home/misaka/fishbot/install/cartographer_ros/lib:/home/misaka/fishbot/install/cartographer_ros_msgs/lib:${LD_LIBRARY_PATH} PATH=/home/misaka/fishbot/install/cartographer/bin:${PATH} PKG_CONFIG_PATH=/home/misaka/fishbot/install/cartographer/lib/x86_64-linux-gnu/pkgconfig:/home/misaka/fishbot/install/cartographer/lib/pkgconfig PYTHONPATH=/home/misaka/fishbot/install/cartographer_ros_msgs/local/lib/python3.10/dist-packages:${PYTHONPATH} /usr/bin/cmake --install /home/misaka/fishbot/build/fishbot_cartographer
[3.162s] -- Install configuration: ""
[3.163s] -- Installing: /home/misaka/fishbot/install/fishbot_cartographer/share/fishbot_cartographer/config
[3.163s] -- Installing: /home/misaka/fishbot/install/fishbot_cartographer/share/fishbot_cartographer/config/fishbot_laser_2d.lua
[3.164s] -- Installing: /home/misaka/fishbot/install/fishbot_cartographer/share/fishbot_cartographer/config/cartographer.rviz
[3.165s] -- Installing: /home/misaka/fishbot/install/fishbot_cartographer/share/fishbot_cartographer/config/fishbot_2d.lua
[3.165s] -- Installing: /home/misaka/fishbot/install/fishbot_cartographer/share/fishbot_cartographer/launch
[3.166s] -- Installing: /home/misaka/fishbot/install/fishbot_cartographer/share/fishbot_cartographer/launch/cartographer.launch.py
[3.166s] -- Installing: /home/misaka/fishbot/install/fishbot_cartographer/share/fishbot_cartographer/rviz
[3.167s] -- Installing: /home/misaka/fishbot/install/fishbot_cartographer/share/fishbot_cartographer/rviz/fishbot_cartographer.rviz
[3.167s] -- Installing: /home/misaka/fishbot/install/fishbot_cartographer/share/ament_index/resource_index/package_run_dependencies/fishbot_cartographer
[3.168s] -- Installing: /home/misaka/fishbot/install/fishbot_cartographer/share/ament_index/resource_index/parent_prefix_path/fishbot_cartographer
[3.169s] -- Installing: /home/misaka/fishbot/install/fishbot_cartographer/share/fishbot_cartographer/environment/ament_prefix_path.sh
[3.169s] -- Installing: /home/misaka/fishbot/install/fishbot_cartographer/share/fishbot_cartographer/environment/ament_prefix_path.dsv
[3.171s] -- Installing: /home/misaka/fishbot/install/fishbot_cartographer/share/fishbot_cartographer/environment/path.sh
[3.171s] -- Installing: /home/misaka/fishbot/install/fishbot_cartographer/share/fishbot_cartographer/environment/path.dsv
[3.172s] -- Installing: /home/misaka/fishbot/install/fishbot_cartographer/share/fishbot_cartographer/local_setup.bash
[3.172s] -- Installing: /home/misaka/fishbot/install/fishbot_cartographer/share/fishbot_cartographer/local_setup.sh
[3.173s] -- Installing: /home/misaka/fishbot/install/fishbot_cartographer/share/fishbot_cartographer/local_setup.zsh
[3.173s] -- Installing: /home/misaka/fishbot/install/fishbot_cartographer/share/fishbot_cartographer/local_setup.dsv
[3.173s] -- Installing: /home/misaka/fishbot/install/fishbot_cartographer/share/fishbot_cartographer/package.dsv
[3.173s] -- Installing: /home/misaka/fishbot/install/fishbot_cartographer/share/ament_index/resource_index/packages/fishbot_cartographer
[3.174s] -- Installing: /home/misaka/fishbot/install/fishbot_cartographer/share/fishbot_cartographer/cmake/fishbot_cartographerConfig.cmake
[3.174s] -- Installing: /home/misaka/fishbot/install/fishbot_cartographer/share/fishbot_cartographer/cmake/fishbot_cartographerConfig-version.cmake
[3.174s] -- Installing: /home/misaka/fishbot/install/fishbot_cartographer/share/fishbot_cartographer/package.xml
[3.185s] Invoked command in '/home/misaka/fishbot/build/fishbot_cartographer' returned '0': AMENT_PREFIX_PATH=/home/misaka/fishbot/install/cartographer_ros:/home/misaka/fishbot/install/cartographer_ros_msgs:${AMENT_PREFIX_PATH} CMAKE_PREFIX_PATH=/home/misaka/fishbot/install/cartographer_ros:/home/misaka/fishbot/install/cartographer_ros_msgs:/home/misaka/fishbot/install/cartographer:/opt/ros/humble LD_LIBRARY_PATH=/home/misaka/fishbot/install/cartographer_ros/lib:/home/misaka/fishbot/install/cartographer_ros_msgs/lib:${LD_LIBRARY_PATH} PATH=/home/misaka/fishbot/install/cartographer/bin:${PATH} PKG_CONFIG_PATH=/home/misaka/fishbot/install/cartographer/lib/x86_64-linux-gnu/pkgconfig:/home/misaka/fishbot/install/cartographer/lib/pkgconfig PYTHONPATH=/home/misaka/fishbot/install/cartographer_ros_msgs/local/lib/python3.10/dist-packages:${PYTHONPATH} /usr/bin/cmake --install /home/misaka/fishbot/build/fishbot_cartographer
