[0.180s] Invoking command in '/home/misaka/fishbot/build/nav2_behavior_tree': AMENT_PREFIX_PATH=/home/misaka/fishbot/install/nav2_util:/home/misaka/fishbot/install/nav2_msgs:/home/misaka/fishbot/install/nav2_common:${AMENT_PREFIX_PATH} CMAKE_PREFIX_PATH=/home/misaka/fishbot/install/nav2_util:/home/misaka/fishbot/install/nav2_msgs:/home/misaka/fishbot/install/nav2_common:/opt/ros/humble LD_LIBRARY_PATH=/home/misaka/fishbot/install/nav2_util/lib:/home/misaka/fishbot/install/nav2_msgs/lib:${LD_LIBRARY_PATH} PYTHONPATH=/home/misaka/fishbot/install/nav2_msgs/local/lib/python3.10/dist-packages:/home/misaka/fishbot/install/nav2_common/local/lib/python3.10/dist-packages:${PYTHONPATH} /usr/bin/cmake /home/misaka/fishbot/src/navigation/nav2_behavior_tree -DCMAKE_INSTALL_PREFIX=/home/misaka/fishbot/install/nav2_behavior_tree
[0.476s] -- The CXX compiler identification is GNU 11.4.0
[0.537s] -- Detecting CXX compiler ABI info
[0.927s] -- Detecting CXX compiler ABI info - done
[0.959s] -- Check for working CXX compiler: /usr/bin/c++ - skipped
[0.959s] -- Detecting CXX compile features
[0.964s] -- Detecting CXX compile features - done
[1.010s] -- Found ament_cmake: 1.3.10 (/opt/ros/humble/share/ament_cmake/cmake)
[1.846s] -- Found Python3: /usr/bin/python3 (found version "3.10.12") found components: Interpreter 
[2.441s] -- Found nav2_common: 1.1.0 (/home/misaka/fishbot/install/nav2_common/share/nav2_common/cmake)
[2.459s] -- Found rclcpp: 16.0.10 (/opt/ros/humble/share/rclcpp/cmake)
[2.753s] -- Found rosidl_generator_c: 3.1.5 (/opt/ros/humble/share/rosidl_generator_c/cmake)
[2.782s] -- Found rosidl_adapter: 3.1.5 (/opt/ros/humble/share/rosidl_adapter/cmake)
[2.830s] -- Found rosidl_generator_cpp: 3.1.5 (/opt/ros/humble/share/rosidl_generator_cpp/cmake)
[2.930s] -- Using all available rosidl_typesupport_c: rosidl_typesupport_fastrtps_c;rosidl_typesupport_introspection_c
[3.023s] -- Using all available rosidl_typesupport_cpp: rosidl_typesupport_fastrtps_cpp;rosidl_typesupport_introspection_cpp
[3.283s] -- Found rmw_implementation_cmake: 6.1.2 (/opt/ros/humble/share/rmw_implementation_cmake/cmake)
[3.304s] -- Found rmw_fastrtps_cpp: 6.2.7 (/opt/ros/humble/share/rmw_fastrtps_cpp/cmake)
[3.750s] -- Found OpenSSL: /usr/lib/x86_64-linux-gnu/libcrypto.so (found version "3.0.2")  
[3.860s] -- Found FastRTPS: /opt/ros/humble/include  
[4.019s] -- Using RMW implementation 'rmw_fastrtps_cpp' as default
[4.069s] -- Looking for C++ include pthread.h
[4.461s] -- Looking for C++ include pthread.h - found
[4.461s] -- Performing Test CMAKE_HAVE_LIBC_PTHREAD
[4.869s] -- Performing Test CMAKE_HAVE_LIBC_PTHREAD - Success
[4.874s] -- Found Threads: TRUE  
[5.081s] -- Found rclcpp_action: 16.0.10 (/opt/ros/humble/share/rclcpp_action/cmake)
[5.239s] -- Found rclcpp_lifecycle: 16.0.10 (/opt/ros/humble/share/rclcpp_lifecycle/cmake)
[5.315s] -- Found geometry_msgs: 4.2.4 (/opt/ros/humble/share/geometry_msgs/cmake)
[5.384s] -- Found sensor_msgs: 4.2.4 (/opt/ros/humble/share/sensor_msgs/cmake)
[5.485s] -- Found nav2_msgs: 1.1.0 (/home/misaka/fishbot/install/nav2_msgs/share/nav2_msgs/cmake)
[5.666s] -- Found tf2_ros: 0.25.8 (/opt/ros/humble/share/tf2_ros/cmake)
[5.921s] -- Found tf2_geometry_msgs: 0.25.8 (/opt/ros/humble/share/tf2_geometry_msgs/cmake)
[5.964s] -- Found eigen3_cmake_module: 0.1.1 (/opt/ros/humble/share/eigen3_cmake_module/cmake)
[5.972s] -- Found Eigen3: TRUE (found version "3.4.0") 
[5.972s] -- Ensuring Eigen3 include directory is part of orocos-kdl CMake target
[5.984s] -- Found std_srvs: 4.2.4 (/opt/ros/humble/share/std_srvs/cmake)
[6.024s] -- Found nav2_util: 1.1.0 (/home/misaka/fishbot/install/nav2_util/share/nav2_util/cmake)
[6.163s] -- Setting build type to Release as none was specified.
[11.055s] -- Found ament_lint_auto: 0.12.11 (/opt/ros/humble/share/ament_lint_auto/cmake)
[12.124s] -- Found gtest sources under '/opt/ros/humble/src/gtest_vendor': C++ tests using 'Google Test' will be built
[12.536s] -- The C compiler identification is GNU 11.4.0
[12.664s] -- Detecting C compiler ABI info
[13.447s] -- Detecting C compiler ABI info - done
[13.448s] -- Check for working C compiler: /usr/bin/cc - skipped
[13.450s] -- Detecting C compile features
[13.457s] -- Detecting C compile features - done
[18.359s] -- Added test 'copyright' to check source files copyright and LICENSE
[18.395s] -- Added test 'cppcheck' to perform static code analysis on C / C++ code
[18.410s] -- Configured cppcheck include dirs: /home/misaka/fishbot/src/navigation/nav2_behavior_tree/include
[18.410s] -- Configured cppcheck exclude dirs and/or files: 
[18.446s] -- Added test 'cpplint' to check C / C++ code against the Google style
[18.450s] -- Configured cpplint exclude dirs and/or files: 
[18.462s] -- Added test 'lint_cmake' to check CMake code style
[18.504s] -- Added test 'uncrustify' to check C / C++ code style
[18.505s] -- Configured uncrustify additional arguments: 
[18.512s] -- Added test 'xmllint' to check XML markup files
[18.541s] -- Configuring done
[30.492s] -- Generating done
[30.533s] -- Build files have been written to: /home/misaka/fishbot/build/nav2_behavior_tree
[30.649s] Invoked command in '/home/misaka/fishbot/build/nav2_behavior_tree' returned '0': AMENT_PREFIX_PATH=/home/misaka/fishbot/install/nav2_util:/home/misaka/fishbot/install/nav2_msgs:/home/misaka/fishbot/install/nav2_common:${AMENT_PREFIX_PATH} CMAKE_PREFIX_PATH=/home/misaka/fishbot/install/nav2_util:/home/misaka/fishbot/install/nav2_msgs:/home/misaka/fishbot/install/nav2_common:/opt/ros/humble LD_LIBRARY_PATH=/home/misaka/fishbot/install/nav2_util/lib:/home/misaka/fishbot/install/nav2_msgs/lib:${LD_LIBRARY_PATH} PYTHONPATH=/home/misaka/fishbot/install/nav2_msgs/local/lib/python3.10/dist-packages:/home/misaka/fishbot/install/nav2_common/local/lib/python3.10/dist-packages:${PYTHONPATH} /usr/bin/cmake /home/misaka/fishbot/src/navigation/nav2_behavior_tree -DCMAKE_INSTALL_PREFIX=/home/misaka/fishbot/install/nav2_behavior_tree
[30.684s] Invoking command in '/home/misaka/fishbot/build/nav2_behavior_tree': AMENT_PREFIX_PATH=/home/misaka/fishbot/install/nav2_util:/home/misaka/fishbot/install/nav2_msgs:/home/misaka/fishbot/install/nav2_common:${AMENT_PREFIX_PATH} CMAKE_PREFIX_PATH=/home/misaka/fishbot/install/nav2_util:/home/misaka/fishbot/install/nav2_msgs:/home/misaka/fishbot/install/nav2_common:/opt/ros/humble LD_LIBRARY_PATH=/home/misaka/fishbot/install/nav2_util/lib:/home/misaka/fishbot/install/nav2_msgs/lib:${LD_LIBRARY_PATH} PYTHONPATH=/home/misaka/fishbot/install/nav2_msgs/local/lib/python3.10/dist-packages:/home/misaka/fishbot/install/nav2_common/local/lib/python3.10/dist-packages:${PYTHONPATH} /usr/bin/cmake --build /home/misaka/fishbot/build/nav2_behavior_tree -- -j16 -l16
[31.116s] [  0%] [32mBuilding CXX object CMakeFiles/nav2_spin_cancel_bt_node.dir/plugins/action/spin_cancel_node.cpp.o[0m
[31.166s] [  0%] [32mBuilding CXX object CMakeFiles/nav2_behavior_tree.dir/src/behavior_tree_engine.cpp.o[0m
[31.166s] [  0%] [32mBuilding CXX object CMakeFiles/nav2_compute_path_through_poses_action_bt_node.dir/plugins/action/compute_path_through_poses_action.cpp.o[0m
[31.166s] [  0%] [32mBuilding CXX object CMakeFiles/nav2_controller_cancel_bt_node.dir/plugins/action/controller_cancel_node.cpp.o[0m
[31.195s] [  0%] [32mBuilding CXX object CMakeFiles/nav2_compute_path_to_pose_action_bt_node.dir/plugins/action/compute_path_to_pose_action.cpp.o[0m
[31.282s] [  0%] [32mBuilding CXX object CMakeFiles/nav2_assisted_teleop_cancel_bt_node.dir/plugins/action/assisted_teleop_cancel_node.cpp.o[0m
[31.283s] [  0%] [32mBuilding CXX object CMakeFiles/nav2_back_up_cancel_bt_node.dir/plugins/action/back_up_cancel_node.cpp.o[0m
[31.296s] [  0%] [32mBuilding CXX object CMakeFiles/nav2_drive_on_heading_cancel_bt_node.dir/plugins/action/drive_on_heading_cancel_node.cpp.o[0m
[31.321s] [  1%] [32mBuilding CXX object CMakeFiles/nav2_wait_cancel_bt_node.dir/plugins/action/wait_cancel_node.cpp.o[0m
[31.385s] [  1%] [32mBuilding CXX object CMakeFiles/nav2_smooth_path_action_bt_node.dir/plugins/action/smooth_path_action.cpp.o[0m
[32.534s] [  1%] [32mBuilding CXX object CMakeFiles/nav2_wait_action_bt_node.dir/plugins/action/wait_action.cpp.o[0m
[32.570s] [  1%] [32mBuilding CXX object CMakeFiles/nav2_drive_on_heading_bt_node.dir/plugins/action/drive_on_heading_action.cpp.o[0m
[32.692s] [  1%] [32mBuilding CXX object CMakeFiles/nav2_back_up_action_bt_node.dir/plugins/action/back_up_action.cpp.o[0m
[32.709s] [  1%] [32mBuilding CXX object CMakeFiles/nav2_assisted_teleop_action_bt_node.dir/plugins/action/assisted_teleop_action.cpp.o[0m
[32.819s] [  2%] [32mBuilding CXX object CMakeFiles/nav2_follow_path_action_bt_node.dir/plugins/action/follow_path_action.cpp.o[0m
[32.861s] [  2%] [32mBuilding CXX object CMakeFiles/nav2_spin_action_bt_node.dir/plugins/action/spin_action.cpp.o[0m
[284.137s] [  3%] [32m[1mLinking CXX shared library libnav2_drive_on_heading_bt_node.so[0m
[286.934s] [  3%] Built target nav2_drive_on_heading_bt_node
[287.180s] [  4%] [32m[1mLinking CXX shared library libnav2_behavior_tree.so[0m
[288.111s] [  4%] Built target nav2_behavior_tree
[358.770s] [  5%] [32m[1mLinking CXX shared library libnav2_controller_cancel_bt_node.so[0m
[358.866s] [  5%] Built target nav2_controller_cancel_bt_node
[358.942s] [  6%] [32m[1mLinking CXX shared library libnav2_spin_action_bt_node.so[0m
[358.942s] [  6%] Built target nav2_spin_action_bt_node
[358.942s] [  7%] [32m[1mLinking CXX shared library libnav2_assisted_teleop_cancel_bt_node.so[0m
[358.943s] [  7%] Built target nav2_assisted_teleop_cancel_bt_node
[358.948s] [  8%] [32m[1mLinking CXX shared library libnav2_drive_on_heading_cancel_bt_node.so[0m
[358.949s] [  8%] Built target nav2_drive_on_heading_cancel_bt_node
[358.949s] [  9%] [32m[1mLinking CXX shared library libnav2_wait_action_bt_node.so[0m
[359.745s] [  9%] Built target nav2_wait_action_bt_node
[360.375s] [ 10%] [32m[1mLinking CXX shared library libnav2_back_up_action_bt_node.so[0m
[361.419s] [ 10%] Built target nav2_back_up_action_bt_node
[364.224s] [ 11%] [32m[1mLinking CXX shared library libnav2_compute_path_through_poses_action_bt_node.so[0m
[365.036s] [ 12%] [32m[1mLinking CXX shared library libnav2_assisted_teleop_action_bt_node.so[0m
[365.313s] [ 12%] Built target nav2_compute_path_through_poses_action_bt_node
[366.191s] [ 12%] Built target nav2_assisted_teleop_action_bt_node
[378.421s] [ 12%] [32m[1mLinking CXX shared library libnav2_follow_path_action_bt_node.so[0m
[379.428s] [ 12%] Built target nav2_follow_path_action_bt_node
[381.225s] [ 12%] [32m[1mLinking CXX shared library libnav2_wait_cancel_bt_node.so[0m
[382.099s] [ 12%] Built target nav2_wait_cancel_bt_node
[384.443s] [ 13%] [32m[1mLinking CXX shared library libnav2_spin_cancel_bt_node.so[0m
[385.154s] [ 14%] [32m[1mLinking CXX shared library libnav2_back_up_cancel_bt_node.so[0m
[385.342s] [ 14%] Built target nav2_spin_cancel_bt_node
[386.048s] [ 14%] Built target nav2_back_up_cancel_bt_node
[388.425s] [ 15%] [32m[1mLinking CXX shared library libnav2_smooth_path_action_bt_node.so[0m
[389.372s] [ 15%] Built target nav2_smooth_path_action_bt_node
[396.536s] [ 16%] [32m[1mLinking CXX shared library libnav2_compute_path_to_pose_action_bt_node.so[0m
[397.446s] [ 16%] Built target nav2_compute_path_to_pose_action_bt_node
[397.584s] [ 16%] [32mBuilding CXX object CMakeFiles/nav2_distance_controller_bt_node.dir/plugins/decorator/distance_controller.cpp.o[0m
[421.456s] [ 17%] [32m[1mLinking CXX shared library libnav2_distance_controller_bt_node.so[0m
[422.445s] [ 17%] Built target nav2_distance_controller_bt_node
[422.615s] [ 17%] [32mBuilding CXX object CMakeFiles/nav2_speed_controller_bt_node.dir/plugins/decorator/speed_controller.cpp.o[0m
[436.713s] [ 17%] [32mBuilding CXX object CMakeFiles/nav2_truncate_path_action_bt_node.dir/plugins/action/truncate_path_action.cpp.o[0m
[438.817s] [ 17%] [32mBuilding CXX object CMakeFiles/nav2_rate_controller_bt_node.dir/plugins/decorator/rate_controller.cpp.o[0m
[440.880s] [ 17%] [32mBuilding CXX object CMakeFiles/nav2_reinitialize_global_localization_service_bt_node.dir/plugins/action/reinitialize_global_localization_service.cpp.o[0m
[441.972s] [ 17%] [32mBuilding CXX object CMakeFiles/nav2_distance_traveled_condition_bt_node.dir/plugins/condition/distance_traveled_condition.cpp.o[0m
[441.978s] [ 18%] [32mBuilding CXX object CMakeFiles/nav2_initial_pose_received_condition_bt_node.dir/plugins/condition/initial_pose_received_condition.cpp.o[0m
[441.983s] [ 19%] [32mBuilding CXX object CMakeFiles/nav2_is_battery_low_condition_bt_node.dir/plugins/condition/is_battery_low_condition.cpp.o[0m
[443.076s] [ 20%] [32mBuilding CXX object CMakeFiles/nav2_path_expiring_timer_condition.dir/plugins/condition/path_expiring_timer_condition.cpp.o[0m
[443.104s] [ 20%] [32mBuilding CXX object CMakeFiles/nav2_time_expired_condition_bt_node.dir/plugins/condition/time_expired_condition.cpp.o[0m
[443.156s] [ 21%] [32mBuilding CXX object CMakeFiles/nav2_is_path_valid_condition_bt_node.dir/plugins/condition/is_path_valid_condition.cpp.o[0m
[443.195s] [ 22%] [32mBuilding CXX object CMakeFiles/nav2_goal_updated_condition_bt_node.dir/plugins/condition/goal_updated_condition.cpp.o[0m
[444.357s] [ 23%] [32mBuilding CXX object CMakeFiles/nav2_globally_updated_goal_condition_bt_node.dir/plugins/condition/globally_updated_goal_condition.cpp.o[0m
[444.373s] [ 24%] [32mBuilding CXX object CMakeFiles/nav2_goal_reached_condition_bt_node.dir/plugins/condition/goal_reached_condition.cpp.o[0m
[445.620s] [ 24%] [32mBuilding CXX object CMakeFiles/nav2_transform_available_condition_bt_node.dir/plugins/condition/transform_available_condition.cpp.o[0m
[445.625s] [ 25%] [32mBuilding CXX object CMakeFiles/nav2_is_stuck_condition_bt_node.dir/plugins/condition/is_stuck_condition.cpp.o[0m
[446.793s] [ 25%] [32mBuilding CXX object CMakeFiles/nav2_clear_costmap_service_bt_node.dir/plugins/action/clear_costmap_service.cpp.o[0m
[450.057s] [ 26%] [32m[1mLinking CXX shared library libnav2_speed_controller_bt_node.so[0m
[450.064s] [ 27%] [32m[1mLinking CXX shared library libnav2_rate_controller_bt_node.so[0m
[450.781s] [ 27%] [32m[1mLinking CXX shared library libnav2_initial_pose_received_condition_bt_node.so[0m
[452.317s] [ 27%] Built target nav2_initial_pose_received_condition_bt_node
[452.421s] [ 27%] Built target nav2_rate_controller_bt_node
[452.461s] [ 27%] Built target nav2_speed_controller_bt_node
[457.057s] [ 27%] [32m[1mLinking CXX shared library libnav2_goal_updated_condition_bt_node.so[0m
[461.184s] [ 27%] Built target nav2_goal_updated_condition_bt_node
[480.892s] [ 28%] [32m[1mLinking CXX shared library libnav2_truncate_path_action_bt_node.so[0m
[482.202s] [ 28%] Built target nav2_truncate_path_action_bt_node
[484.637s] [ 29%] [32m[1mLinking CXX shared library libnav2_time_expired_condition_bt_node.so[0m
[485.793s] [ 29%] Built target nav2_time_expired_condition_bt_node
[485.815s] [ 29%] [32m[1mLinking CXX shared library libnav2_globally_updated_goal_condition_bt_node.so[0m
[486.004s] [ 30%] [32m[1mLinking CXX shared library libnav2_distance_traveled_condition_bt_node.so[0m
[486.718s] [ 30%] Built target nav2_globally_updated_goal_condition_bt_node
[487.046s] [ 30%] [32m[1mLinking CXX shared library libnav2_path_expiring_timer_condition.so[0m
[487.071s] [ 30%] Built target nav2_distance_traveled_condition_bt_node
[487.957s] [ 30%] Built target nav2_path_expiring_timer_condition
[488.764s] [ 31%] [32m[1mLinking CXX shared library libnav2_reinitialize_global_localization_service_bt_node.so[0m
[489.643s] [ 31%] Built target nav2_reinitialize_global_localization_service_bt_node
[489.677s] [ 32%] [32m[1mLinking CXX shared library libnav2_transform_available_condition_bt_node.so[0m
[490.554s] [ 32%] Built target nav2_transform_available_condition_bt_node
[490.680s] [ 32%] [32m[1mLinking CXX shared library libnav2_goal_reached_condition_bt_node.so[0m
[490.718s] [ 32%] [32m[1mLinking CXX shared library libnav2_is_path_valid_condition_bt_node.so[0m
[491.638s] [ 32%] Built target nav2_goal_reached_condition_bt_node
[491.644s] [ 32%] Built target nav2_is_path_valid_condition_bt_node
[504.036s] [ 33%] [32m[1mLinking CXX shared library libnav2_clear_costmap_service_bt_node.so[0m
[505.183s] [ 33%] Built target nav2_clear_costmap_service_bt_node
[511.382s] [ 33%] [32mBuilding CXX object CMakeFiles/nav2_controller_selector_bt_node.dir/plugins/action/controller_selector_node.cpp.o[0m
[511.388s] [ 34%] [32mBuilding CXX object CMakeFiles/nav2_goal_updated_controller_bt_node.dir/plugins/decorator/goal_updated_controller.cpp.o[0m
[511.394s] [ 35%] [32mBuilding CXX object CMakeFiles/nav2_goal_checker_selector_bt_node.dir/plugins/action/goal_checker_selector_node.cpp.o[0m
[512.452s] [ 36%] [32mBuilding CXX object CMakeFiles/nav2_planner_selector_bt_node.dir/plugins/action/planner_selector_node.cpp.o[0m
[512.475s] [ 36%] [32mBuilding CXX object CMakeFiles/nav2_single_trigger_bt_node.dir/plugins/decorator/single_trigger_node.cpp.o[0m
[513.213s] [ 36%] [32m[1mLinking CXX shared library libnav2_is_battery_low_condition_bt_node.so[0m
[513.554s] [ 36%] [32mBuilding CXX object CMakeFiles/nav2_round_robin_node_bt_node.dir/plugins/control/round_robin_node.cpp.o[0m
[513.564s] [ 37%] [32mBuilding CXX object CMakeFiles/nav2_pipeline_sequence_bt_node.dir/plugins/control/pipeline_sequence.cpp.o[0m
[514.277s] [ 37%] Built target nav2_is_battery_low_condition_bt_node
[514.369s] [ 37%] [32mBuilding CXX object CMakeFiles/nav2_remove_passed_goals_action_bt_node.dir/plugins/action/remove_passed_goals_action.cpp.o[0m
[514.399s] [ 38%] [32mBuilding CXX object CMakeFiles/nav2_navigate_through_poses_action_bt_node.dir/plugins/action/navigate_through_poses_action.cpp.o[0m
[514.450s] [ 39%] [32mBuilding CXX object CMakeFiles/nav2_navigate_to_pose_action_bt_node.dir/plugins/action/navigate_to_pose_action.cpp.o[0m
[515.548s] [ 39%] [32mBuilding CXX object CMakeFiles/nav2_recovery_node_bt_node.dir/plugins/control/recovery_node.cpp.o[0m
[515.575s] [ 39%] [32mBuilding CXX object gtest/CMakeFiles/gtest_main.dir/src/gtest_main.cc.o[0m
[516.788s] [ 40%] [32mBuilding CXX object CMakeFiles/nav2_goal_updater_node_bt_node.dir/plugins/decorator/goal_updater_node.cpp.o[0m
[516.843s] [ 41%] [32mBuilding CXX object CMakeFiles/nav2_path_longer_on_approach_bt_node.dir/plugins/decorator/path_longer_on_approach.cpp.o[0m
[517.777s] [ 41%] [32m[1mLinking CXX shared library libnav2_is_stuck_condition_bt_node.so[0m
[518.030s] [ 41%] [32mBuilding CXX object CMakeFiles/nav2_truncate_path_local_action_bt_node.dir/plugins/action/truncate_path_local_action.cpp.o[0m
[519.242s] [ 41%] Built target nav2_is_stuck_condition_bt_node
[519.506s] [ 41%] [32mBuilding CXX object gtest/CMakeFiles/gtest.dir/src/gtest-all.cc.o[0m
[520.197s] [ 42%] [32m[1mLinking CXX shared library libnav2_single_trigger_bt_node.so[0m
[520.922s] [ 43%] [32m[1mLinking CXX static library libgtest_main.a[0m
[521.144s] [ 43%] Built target nav2_single_trigger_bt_node
[521.231s] [ 43%] Built target gtest_main
[521.530s] [ 44%] [32m[1mLinking CXX shared library libnav2_round_robin_node_bt_node.so[0m
[522.310s] [ 44%] [32m[1mLinking CXX shared library libnav2_pipeline_sequence_bt_node.so[0m
[522.440s] [ 44%] Built target nav2_round_robin_node_bt_node
[523.140s] [ 44%] Built target nav2_pipeline_sequence_bt_node
[525.833s] [ 45%] [32m[1mLinking CXX shared library libnav2_recovery_node_bt_node.so[0m
[526.646s] [ 45%] Built target nav2_recovery_node_bt_node
[531.318s] [ 45%] [32m[1mLinking CXX shared library libnav2_goal_updated_controller_bt_node.so[0m
[532.055s] [ 45%] Built target nav2_goal_updated_controller_bt_node
[540.241s] [ 45%] [32m[1mLinking CXX shared library libnav2_path_longer_on_approach_bt_node.so[0m
[541.126s] [ 45%] Built target nav2_path_longer_on_approach_bt_node
[541.292s] [ 46%] [32m[1mLinking CXX shared library libnav2_remove_passed_goals_action_bt_node.so[0m
[542.311s] [ 46%] Built target nav2_remove_passed_goals_action_bt_node
[546.024s] [ 46%] [32m[1mLinking CXX shared library libnav2_navigate_to_pose_action_bt_node.so[0m
[546.958s] [ 46%] Built target nav2_navigate_to_pose_action_bt_node
[547.408s] [ 46%] [32m[1mLinking CXX shared library libnav2_navigate_through_poses_action_bt_node.so[0m
[548.323s] [ 46%] Built target nav2_navigate_through_poses_action_bt_node
[550.724s] [ 47%] [32m[1mLinking CXX shared library libnav2_truncate_path_local_action_bt_node.so[0m
[551.770s] [ 47%] Built target nav2_truncate_path_local_action_bt_node
[555.998s] [ 48%] [32m[1mLinking CXX static library libgtest.a[0m
[556.225s] [ 48%] Built target gtest
[556.371s] [ 48%] [32mBuilding CXX object test/plugins/condition/CMakeFiles/test_condition_time_expired.dir/test_time_expired.cpp.o[0m
[556.372s] [ 48%] [32mBuilding CXX object test/plugins/condition/CMakeFiles/test_condition_distance_traveled.dir/test_distance_traveled.cpp.o[0m
[556.372s] [ 48%] [32mBuilding CXX object test/CMakeFiles/test_bt_conversions.dir/test_bt_conversions.cpp.o[0m
[557.449s] [ 48%] [32mBuilding CXX object test/plugins/condition/CMakeFiles/test_condition_is_path_valid.dir/test_is_path_valid.cpp.o[0m
[557.456s] [ 48%] [32mBuilding CXX object test/plugins/condition/CMakeFiles/test_condition_is_stuck.dir/test_is_stuck.cpp.o[0m
[557.460s] [ 48%] [32mBuilding CXX object test/plugins/condition/CMakeFiles/test_condition_is_battery_low.dir/test_is_battery_low.cpp.o[0m
[558.568s] [ 48%] [32mBuilding CXX object test/plugins/condition/CMakeFiles/test_condition_transform_available.dir/test_transform_available.cpp.o[0m
[558.573s] [ 48%] [32mBuilding CXX object test/plugins/condition/CMakeFiles/test_condition_globally_updated_goal.dir/test_globally_updated_goal.cpp.o[0m
[558.594s] [ 48%] [32mBuilding CXX object test/plugins/condition/CMakeFiles/test_condition_initial_pose_received.dir/test_initial_pose_received.cpp.o[0m
[559.788s] [ 48%] [32mBuilding CXX object test/plugins/condition/CMakeFiles/test_condition_goal_reached.dir/test_goal_reached.cpp.o[0m
[559.796s] [ 48%] [32mBuilding CXX object test/plugins/condition/CMakeFiles/test_condition_path_expiring_timer.dir/test_path_expiring_timer.cpp.o[0m
[559.885s] [ 48%] [32mBuilding CXX object test/plugins/condition/CMakeFiles/test_condition_goal_updated.dir/test_goal_updated.cpp.o[0m
[567.389s] [ 49%] [32m[1mLinking CXX shared library libnav2_controller_selector_bt_node.so[0m
[567.415s] [ 50%] [32m[1mLinking CXX shared library libnav2_planner_selector_bt_node.so[0m
[567.983s] [ 50%] [32m[1mLinking CXX shared library libnav2_goal_checker_selector_bt_node.so[0m
[569.005s] [ 50%] Built target nav2_planner_selector_bt_node
[569.098s] [ 50%] Built target nav2_controller_selector_bt_node
[569.481s] [ 50%] Built target nav2_goal_checker_selector_bt_node
[572.612s] [ 50%] [32m[1mLinking CXX shared library libnav2_goal_updater_node_bt_node.so[0m
[574.044s] [ 50%] Built target nav2_goal_updater_node_bt_node
[586.906s] [ 51%] [32m[1mLinking CXX executable test_bt_conversions[0m
[591.034s] [ 51%] Built target test_bt_conversions
[605.955s] [ 52%] [32m[1mLinking CXX executable test_condition_is_path_valid[0m
[606.702s] [ 53%] [32m[1mLinking CXX executable test_condition_time_expired[0m
[606.744s] [ 54%] [32m[1mLinking CXX executable test_condition_initial_pose_received[0m
[607.918s] [ 55%] [32m[1mLinking CXX executable test_condition_distance_traveled[0m
[608.310s] [ 55%] Built target test_condition_is_path_valid
[608.331s] [ 55%] Built target test_condition_initial_pose_received
[608.628s] [ 56%] [32m[1mLinking CXX executable test_condition_globally_updated_goal[0m
[608.714s] [ 56%] Built target test_condition_time_expired
[608.842s] [ 57%] [32m[1mLinking CXX executable test_condition_goal_reached[0m
[609.403s] [ 57%] Built target test_condition_distance_traveled
[609.883s] [ 58%] [32m[1mLinking CXX executable test_condition_goal_updated[0m
[610.194s] [ 58%] Built target test_condition_globally_updated_goal
[610.530s] [ 59%] [32m[1mLinking CXX executable test_condition_transform_available[0m
[610.635s] [ 60%] [32m[1mLinking CXX executable test_condition_path_expiring_timer[0m
[610.915s] [ 60%] Built target test_condition_goal_reached
[611.314s] [ 60%] Built target test_condition_goal_updated
[611.535s] [ 61%] [32m[1mLinking CXX executable test_condition_is_battery_low[0m
[611.987s] [ 61%] Built target test_condition_transform_available
[612.058s] [ 61%] Built target test_condition_path_expiring_timer
[612.957s] [ 61%] Built target test_condition_is_battery_low
[613.643s] [ 62%] [32m[1mLinking CXX executable test_condition_is_stuck[0m
[615.106s] [ 62%] Built target test_condition_is_stuck
[615.305s] [ 63%] [32mBuilding CXX object test/plugins/action/CMakeFiles/test_action_assisted_teleop_action.dir/test_assisted_teleop_action.cpp.o[0m
[626.369s] [ 63%] [32mBuilding CXX object test/plugins/action/CMakeFiles/test_action_wait_action.dir/test_wait_action.cpp.o[0m
[626.378s] [ 64%] [32mBuilding CXX object test/plugins/action/CMakeFiles/test_action_drive_on_heading.dir/test_drive_on_heading_action.cpp.o[0m
[626.382s] [ 65%] [32mBuilding CXX object test/plugins/action/CMakeFiles/test_action_controller_cancel_action.dir/test_controller_cancel_node.cpp.o[0m
[627.453s] [ 66%] [32mBuilding CXX object test/plugins/action/CMakeFiles/test_action_spin_action.dir/test_spin_action.cpp.o[0m
[627.485s] [ 67%] [32mBuilding CXX object test/plugins/action/CMakeFiles/test_action_back_up_action.dir/test_back_up_action.cpp.o[0m
[628.582s] [ 67%] [32mBuilding CXX object test/plugins/action/CMakeFiles/test_bt_action_node.dir/test_bt_action_node.cpp.o[0m
[628.601s] [ 68%] [32mBuilding CXX object test/plugins/control/CMakeFiles/test_control_round_robin_node.dir/test_round_robin_node.cpp.o[0m
[629.654s] [ 69%] [32mBuilding CXX object test/plugins/control/CMakeFiles/test_control_pipeline_sequence.dir/test_pipeline_sequence.cpp.o[0m
[629.659s] [ 70%] [32mBuilding CXX object test/plugins/control/CMakeFiles/test_control_recovery_node.dir/test_recovery_node.cpp.o[0m
[630.848s] [ 71%] [32mBuilding CXX object test/plugins/decorator/CMakeFiles/test_goal_updated_controller.dir/test_goal_updated_controller.cpp.o[0m
[630.880s] [ 72%] [32mBuilding CXX object test/plugins/decorator/CMakeFiles/test_decorator_path_longer_on_approach.dir/test_path_longer_on_approach.cpp.o[0m
[632.094s] [ 73%] [32mBuilding CXX object test/plugins/decorator/CMakeFiles/test_single_trigger_node.dir/test_single_trigger_node.cpp.o[0m
[632.236s] [ 74%] [32mBuilding CXX object test/plugins/decorator/CMakeFiles/test_decorator_rate_controller.dir/test_rate_controller.cpp.o[0m
[632.336s] [ 75%] [32mBuilding CXX object test/plugins/decorator/CMakeFiles/test_decorator_speed_controller.dir/test_speed_controller.cpp.o[0m
[633.428s] [ 76%] [32mBuilding CXX object test/plugins/decorator/CMakeFiles/test_decorator_distance_controller.dir/test_distance_controller.cpp.o[0m
