[0.138s] Invoking command in '/home/misaka/fishbot/build/nav_2d_utils': AMENT_PREFIX_PATH=/home/misaka/fishbot/install/nav2_util:/home/misaka/fishbot/install/nav2_msgs:/home/misaka/fishbot/install/nav_2d_msgs:/home/misaka/fishbot/install/nav2_common:${AMENT_PREFIX_PATH} CMAKE_PREFIX_PATH=/home/misaka/fishbot/install/nav2_util:/home/misaka/fishbot/install/nav2_msgs:/home/misaka/fishbot/install/nav_2d_msgs:/home/misaka/fishbot/install/nav2_common:/opt/ros/humble LD_LIBRARY_PATH=/home/misaka/fishbot/install/nav2_util/lib:/home/misaka/fishbot/install/nav2_msgs/lib:/home/misaka/fishbot/install/nav_2d_msgs/lib:${LD_LIBRARY_PATH} PYTHONPATH=/home/misaka/fishbot/install/nav2_msgs/local/lib/python3.10/dist-packages:/home/misaka/fishbot/install/nav_2d_msgs/local/lib/python3.10/dist-packages:/home/misaka/fishbot/install/nav2_common/local/lib/python3.10/dist-packages:${PYTHONPATH} /usr/bin/cmake --build /home/misaka/fishbot/build/nav_2d_utils -- -j16 -l16
[0.430s] [35m[1mConsolidate compiler generated dependencies of target path_ops[0m
[0.432s] [35m[1mConsolidate compiler generated dependencies of target gtest_main[0m
[0.450s] [35m[1mConsolidate compiler generated dependencies of target gtest[0m
[0.542s] [35m[1mConsolidate compiler generated dependencies of target conversions[0m
[0.543s] [ 12%] Built target path_ops
[0.547s] [ 25%] Built target gtest_main
[0.567s] [ 37%] Built target gtest
[0.651s] [ 50%] Built target conversions
[0.766s] [35m[1mConsolidate compiler generated dependencies of target path_ops_tests[0m
[0.864s] [35m[1mConsolidate compiler generated dependencies of target 2d_utils_tests[0m
[0.865s] [35m[1mConsolidate compiler generated dependencies of target tf_help[0m
[0.985s] [ 62%] Built target path_ops_tests
[1.043s] [ 75%] Built target tf_help
[1.095s] [ 87%] Built target 2d_utils_tests
[1.155s] [35m[1mConsolidate compiler generated dependencies of target tf_help_tests[0m
[1.382s] [100%] Built target tf_help_tests
[1.476s] Invoked command in '/home/misaka/fishbot/build/nav_2d_utils' returned '0': AMENT_PREFIX_PATH=/home/misaka/fishbot/install/nav2_util:/home/misaka/fishbot/install/nav2_msgs:/home/misaka/fishbot/install/nav_2d_msgs:/home/misaka/fishbot/install/nav2_common:${AMENT_PREFIX_PATH} CMAKE_PREFIX_PATH=/home/misaka/fishbot/install/nav2_util:/home/misaka/fishbot/install/nav2_msgs:/home/misaka/fishbot/install/nav_2d_msgs:/home/misaka/fishbot/install/nav2_common:/opt/ros/humble LD_LIBRARY_PATH=/home/misaka/fishbot/install/nav2_util/lib:/home/misaka/fishbot/install/nav2_msgs/lib:/home/misaka/fishbot/install/nav_2d_msgs/lib:${LD_LIBRARY_PATH} PYTHONPATH=/home/misaka/fishbot/install/nav2_msgs/local/lib/python3.10/dist-packages:/home/misaka/fishbot/install/nav_2d_msgs/local/lib/python3.10/dist-packages:/home/misaka/fishbot/install/nav2_common/local/lib/python3.10/dist-packages:${PYTHONPATH} /usr/bin/cmake --build /home/misaka/fishbot/build/nav_2d_utils -- -j16 -l16
[2.084s] Invoking command in '/home/misaka/fishbot/build/nav_2d_utils': AMENT_PREFIX_PATH=/home/misaka/fishbot/install/nav2_util:/home/misaka/fishbot/install/nav2_msgs:/home/misaka/fishbot/install/nav_2d_msgs:/home/misaka/fishbot/install/nav2_common:${AMENT_PREFIX_PATH} CMAKE_PREFIX_PATH=/home/misaka/fishbot/install/nav2_util:/home/misaka/fishbot/install/nav2_msgs:/home/misaka/fishbot/install/nav_2d_msgs:/home/misaka/fishbot/install/nav2_common:/opt/ros/humble LD_LIBRARY_PATH=/home/misaka/fishbot/install/nav2_util/lib:/home/misaka/fishbot/install/nav2_msgs/lib:/home/misaka/fishbot/install/nav_2d_msgs/lib:${LD_LIBRARY_PATH} PYTHONPATH=/home/misaka/fishbot/install/nav2_msgs/local/lib/python3.10/dist-packages:/home/misaka/fishbot/install/nav_2d_msgs/local/lib/python3.10/dist-packages:/home/misaka/fishbot/install/nav2_common/local/lib/python3.10/dist-packages:${PYTHONPATH} /usr/bin/cmake --install /home/misaka/fishbot/build/nav_2d_utils
[2.154s] -- Install configuration: "Release"
[2.155s] -- Installing: /home/misaka/fishbot/install/nav_2d_utils/lib/libconversions.so
[2.155s] -- Set runtime path of "/home/misaka/fishbot/install/nav_2d_utils/lib/libconversions.so" to ""
[2.155s] -- Installing: /home/misaka/fishbot/install/nav_2d_utils/lib/libpath_ops.so
[2.166s] -- Set runtime path of "/home/misaka/fishbot/install/nav_2d_utils/lib/libpath_ops.so" to ""
[2.167s] -- Installing: /home/misaka/fishbot/install/nav_2d_utils/lib/libtf_help.so
[2.189s] -- Set runtime path of "/home/misaka/fishbot/install/nav_2d_utils/lib/libtf_help.so" to ""
[2.190s] -- Installing: /home/misaka/fishbot/install/nav_2d_utils/include/
[2.190s] -- Installing: /home/misaka/fishbot/install/nav_2d_utils/include//nav_2d_utils
[2.190s] -- Installing: /home/misaka/fishbot/install/nav_2d_utils/include//nav_2d_utils/conversions.hpp
[2.191s] -- Installing: /home/misaka/fishbot/install/nav_2d_utils/include//nav_2d_utils/odom_subscriber.hpp
[2.191s] -- Installing: /home/misaka/fishbot/install/nav_2d_utils/include//nav_2d_utils/parameters.hpp
[2.191s] -- Installing: /home/misaka/fishbot/install/nav_2d_utils/include//nav_2d_utils/path_ops.hpp
[2.191s] -- Installing: /home/misaka/fishbot/install/nav_2d_utils/include//nav_2d_utils/tf_help.hpp
[2.191s] -- Installing: /home/misaka/fishbot/install/nav_2d_utils/share/nav_2d_utils/environment/library_path.sh
[2.192s] -- Installing: /home/misaka/fishbot/install/nav_2d_utils/share/nav_2d_utils/environment/library_path.dsv
[2.192s] -- Installing: /home/misaka/fishbot/install/nav_2d_utils/share/ament_index/resource_index/package_run_dependencies/nav_2d_utils
[2.200s] -- Installing: /home/misaka/fishbot/install/nav_2d_utils/share/ament_index/resource_index/parent_prefix_path/nav_2d_utils
[2.202s] -- Installing: /home/misaka/fishbot/install/nav_2d_utils/share/nav_2d_utils/environment/ament_prefix_path.sh
[2.206s] -- Installing: /home/misaka/fishbot/install/nav_2d_utils/share/nav_2d_utils/environment/ament_prefix_path.dsv
[2.212s] -- Installing: /home/misaka/fishbot/install/nav_2d_utils/share/nav_2d_utils/environment/path.sh
[2.212s] -- Installing: /home/misaka/fishbot/install/nav_2d_utils/share/nav_2d_utils/environment/path.dsv
[2.217s] -- Installing: /home/misaka/fishbot/install/nav_2d_utils/share/nav_2d_utils/local_setup.bash
[2.218s] -- Installing: /home/misaka/fishbot/install/nav_2d_utils/share/nav_2d_utils/local_setup.sh
[2.223s] -- Installing: /home/misaka/fishbot/install/nav_2d_utils/share/nav_2d_utils/local_setup.zsh
[2.226s] -- Installing: /home/misaka/fishbot/install/nav_2d_utils/share/nav_2d_utils/local_setup.dsv
[2.230s] -- Installing: /home/misaka/fishbot/install/nav_2d_utils/share/nav_2d_utils/package.dsv
[2.231s] -- Installing: /home/misaka/fishbot/install/nav_2d_utils/share/ament_index/resource_index/packages/nav_2d_utils
[2.233s] -- Installing: /home/misaka/fishbot/install/nav_2d_utils/share/nav_2d_utils/cmake/ament_cmake_export_include_directories-extras.cmake
[2.241s] -- Installing: /home/misaka/fishbot/install/nav_2d_utils/share/nav_2d_utils/cmake/ament_cmake_export_libraries-extras.cmake
[2.241s] -- Installing: /home/misaka/fishbot/install/nav_2d_utils/share/nav_2d_utils/cmake/ament_cmake_export_dependencies-extras.cmake
[2.248s] -- Installing: /home/misaka/fishbot/install/nav_2d_utils/share/nav_2d_utils/cmake/nav_2d_utilsConfig.cmake
[2.249s] -- Installing: /home/misaka/fishbot/install/nav_2d_utils/share/nav_2d_utils/cmake/nav_2d_utilsConfig-version.cmake
[2.249s] -- Installing: /home/misaka/fishbot/install/nav_2d_utils/share/nav_2d_utils/package.xml
[2.273s] Invoked command in '/home/misaka/fishbot/build/nav_2d_utils' returned '0': AMENT_PREFIX_PATH=/home/misaka/fishbot/install/nav2_util:/home/misaka/fishbot/install/nav2_msgs:/home/misaka/fishbot/install/nav_2d_msgs:/home/misaka/fishbot/install/nav2_common:${AMENT_PREFIX_PATH} CMAKE_PREFIX_PATH=/home/misaka/fishbot/install/nav2_util:/home/misaka/fishbot/install/nav2_msgs:/home/misaka/fishbot/install/nav_2d_msgs:/home/misaka/fishbot/install/nav2_common:/opt/ros/humble LD_LIBRARY_PATH=/home/misaka/fishbot/install/nav2_util/lib:/home/misaka/fishbot/install/nav2_msgs/lib:/home/misaka/fishbot/install/nav_2d_msgs/lib:${LD_LIBRARY_PATH} PYTHONPATH=/home/misaka/fishbot/install/nav2_msgs/local/lib/python3.10/dist-packages:/home/misaka/fishbot/install/nav_2d_msgs/local/lib/python3.10/dist-packages:/home/misaka/fishbot/install/nav2_common/local/lib/python3.10/dist-packages:${PYTHONPATH} /usr/bin/cmake --install /home/misaka/fishbot/build/nav_2d_utils
