[0.321s] Invoking command in '/home/misaka/fishbot/build/dwb_plugins': AMENT_PREFIX_PATH=/home/misaka/fishbot/install/dwb_core:/home/misaka/fishbot/install/nav2_core:/home/misaka/fishbot/install/nav2_costmap_2d:/home/misaka/fishbot/install/nav_2d_utils:/home/misaka/fishbot/install/nav2_map_server:/home/misaka/fishbot/install/nav2_lifecycle_manager:/home/misaka/fishbot/install/nav2_util:/home/misaka/fishbot/install/nav2_voxel_grid:/home/misaka/fishbot/install/nav2_msgs:/home/misaka/fishbot/install/dwb_msgs:/home/misaka/fishbot/install/nav_2d_msgs:/home/misaka/fishbot/install/nav2_common:${AMENT_PREFIX_PATH} CMAKE_PREFIX_PATH=/home/misaka/fishbot/install/dwb_core:/home/misaka/fishbot/install/nav2_core:/home/misaka/fishbot/install/nav2_costmap_2d:/home/misaka/fishbot/install/nav_2d_utils:/home/misaka/fishbot/install/nav2_map_server:/home/misaka/fishbot/install/nav2_lifecycle_manager:/home/misaka/fishbot/install/nav2_util:/home/misaka/fishbot/install/nav2_voxel_grid:/home/misaka/fishbot/install/nav2_msgs:/home/misaka/fishbot/install/dwb_msgs:/home/misaka/fishbot/install/nav_2d_msgs:/home/misaka/fishbot/install/nav2_common:/opt/ros/humble LD_LIBRARY_PATH=/home/misaka/fishbot/install/dwb_core/lib:/home/misaka/fishbot/install/nav2_costmap_2d/lib:/home/misaka/fishbot/install/nav_2d_utils/lib:/home/misaka/fishbot/install/nav2_map_server/lib:/home/misaka/fishbot/install/nav2_lifecycle_manager/lib:/home/misaka/fishbot/install/nav2_util/lib:/home/misaka/fishbot/install/nav2_voxel_grid/lib:/home/misaka/fishbot/install/nav2_msgs/lib:/home/misaka/fishbot/install/dwb_msgs/lib:/home/misaka/fishbot/install/nav_2d_msgs/lib:${LD_LIBRARY_PATH} PYTHONPATH=/home/misaka/fishbot/install/nav2_msgs/local/lib/python3.10/dist-packages:/home/misaka/fishbot/install/dwb_msgs/local/lib/python3.10/dist-packages:/home/misaka/fishbot/install/nav_2d_msgs/local/lib/python3.10/dist-packages:/home/misaka/fishbot/install/nav2_common/local/lib/python3.10/dist-packages:${PYTHONPATH} /usr/bin/cmake /home/misaka/fishbot/src/navigation/nav2_dwb_controller/dwb_plugins -DCMAKE_INSTALL_PREFIX=/home/misaka/fishbot/install/dwb_plugins
[0.575s] -- The C compiler identification is GNU 11.4.0
[0.787s] -- The CXX compiler identification is GNU 11.4.0
[0.820s] -- Detecting C compiler ABI info
[1.109s] -- Detecting C compiler ABI info - done
[1.143s] -- Check for working C compiler: /usr/bin/cc - skipped
[1.144s] -- Detecting C compile features
[1.144s] -- Detecting C compile features - done
[1.152s] -- Detecting CXX compiler ABI info
[1.461s] -- Detecting CXX compiler ABI info - done
[1.491s] -- Check for working CXX compiler: /usr/bin/c++ - skipped
[1.492s] -- Detecting CXX compile features
[1.506s] -- Detecting CXX compile features - done
[1.521s] -- Found ament_cmake: 1.3.10 (/opt/ros/humble/share/ament_cmake/cmake)
[2.111s] -- Found Python3: /usr/bin/python3 (found version "3.10.12") found components: Interpreter 
[2.524s] -- Found nav2_common: 1.1.0 (/home/misaka/fishbot/install/nav2_common/share/nav2_common/cmake)
[2.532s] -- Found angles: 1.15.0 (/opt/ros/humble/share/angles/cmake)
[2.538s] -- Found dwb_core: 1.1.0 (/home/misaka/fishbot/install/dwb_core/share/dwb_core/cmake)
[2.779s] -- Found rosidl_generator_c: 3.1.5 (/opt/ros/humble/share/rosidl_generator_c/cmake)
[2.807s] -- Found rosidl_adapter: 3.1.5 (/opt/ros/humble/share/rosidl_adapter/cmake)
[2.846s] -- Found rosidl_generator_cpp: 3.1.5 (/opt/ros/humble/share/rosidl_generator_cpp/cmake)
[2.900s] -- Using all available rosidl_typesupport_c: rosidl_typesupport_fastrtps_c;rosidl_typesupport_introspection_c
[2.962s] -- Using all available rosidl_typesupport_cpp: rosidl_typesupport_fastrtps_cpp;rosidl_typesupport_introspection_cpp
[3.159s] -- Found rmw_implementation_cmake: 6.1.2 (/opt/ros/humble/share/rmw_implementation_cmake/cmake)
[3.168s] -- Found rmw_fastrtps_cpp: 6.2.7 (/opt/ros/humble/share/rmw_fastrtps_cpp/cmake)
[3.594s] -- Found OpenSSL: /usr/lib/x86_64-linux-gnu/libcrypto.so (found version "3.0.2")  
[3.712s] -- Found FastRTPS: /opt/ros/humble/include  
[3.885s] -- Using RMW implementation 'rmw_fastrtps_cpp' as default
[3.934s] -- Looking for pthread.h
[4.258s] -- Looking for pthread.h - found
[4.259s] -- Performing Test CMAKE_HAVE_LIBC_PTHREAD
[4.580s] -- Performing Test CMAKE_HAVE_LIBC_PTHREAD - Success
[4.582s] -- Found Threads: TRUE  
[5.741s] -- Found Eigen3: TRUE (found version "3.4.0") 
[5.758s] -- Ensuring Eigen3 include directory is part of orocos-kdl CMake target
[6.377s] -- Setting build type to Release as none was specified.
[7.783s] -- Found ament_lint_auto: 0.12.11 (/opt/ros/humble/share/ament_lint_auto/cmake)
[8.145s] -- Found gtest sources under '/opt/ros/humble/src/gtest_vendor': C++ tests using 'Google Test' will be built
[8.194s] -- Added test 'cppcheck' to perform static code analysis on C / C++ code
[8.195s] -- Configured cppcheck include dirs: /home/misaka/fishbot/src/navigation/nav2_dwb_controller/dwb_plugins/include
[8.196s] -- Configured cppcheck exclude dirs and/or files: 
[8.202s] -- Added test 'cpplint' to check C / C++ code against the Google style
[8.202s] -- Configured cpplint exclude dirs and/or files: 
[8.206s] -- Added test 'lint_cmake' to check CMake code style
[8.214s] -- Added test 'uncrustify' to check C / C++ code style
[8.214s] -- Configured uncrustify additional arguments: 
[8.217s] -- Added test 'xmllint' to check XML markup files
[8.227s] -- Configuring done
[9.067s] -- Generating done
[9.069s] -- Build files have been written to: /home/misaka/fishbot/build/dwb_plugins
[9.110s] Invoked command in '/home/misaka/fishbot/build/dwb_plugins' returned '0': AMENT_PREFIX_PATH=/home/misaka/fishbot/install/dwb_core:/home/misaka/fishbot/install/nav2_core:/home/misaka/fishbot/install/nav2_costmap_2d:/home/misaka/fishbot/install/nav_2d_utils:/home/misaka/fishbot/install/nav2_map_server:/home/misaka/fishbot/install/nav2_lifecycle_manager:/home/misaka/fishbot/install/nav2_util:/home/misaka/fishbot/install/nav2_voxel_grid:/home/misaka/fishbot/install/nav2_msgs:/home/misaka/fishbot/install/dwb_msgs:/home/misaka/fishbot/install/nav_2d_msgs:/home/misaka/fishbot/install/nav2_common:${AMENT_PREFIX_PATH} CMAKE_PREFIX_PATH=/home/misaka/fishbot/install/dwb_core:/home/misaka/fishbot/install/nav2_core:/home/misaka/fishbot/install/nav2_costmap_2d:/home/misaka/fishbot/install/nav_2d_utils:/home/misaka/fishbot/install/nav2_map_server:/home/misaka/fishbot/install/nav2_lifecycle_manager:/home/misaka/fishbot/install/nav2_util:/home/misaka/fishbot/install/nav2_voxel_grid:/home/misaka/fishbot/install/nav2_msgs:/home/misaka/fishbot/install/dwb_msgs:/home/misaka/fishbot/install/nav_2d_msgs:/home/misaka/fishbot/install/nav2_common:/opt/ros/humble LD_LIBRARY_PATH=/home/misaka/fishbot/install/dwb_core/lib:/home/misaka/fishbot/install/nav2_costmap_2d/lib:/home/misaka/fishbot/install/nav_2d_utils/lib:/home/misaka/fishbot/install/nav2_map_server/lib:/home/misaka/fishbot/install/nav2_lifecycle_manager/lib:/home/misaka/fishbot/install/nav2_util/lib:/home/misaka/fishbot/install/nav2_voxel_grid/lib:/home/misaka/fishbot/install/nav2_msgs/lib:/home/misaka/fishbot/install/dwb_msgs/lib:/home/misaka/fishbot/install/nav_2d_msgs/lib:${LD_LIBRARY_PATH} PYTHONPATH=/home/misaka/fishbot/install/nav2_msgs/local/lib/python3.10/dist-packages:/home/misaka/fishbot/install/dwb_msgs/local/lib/python3.10/dist-packages:/home/misaka/fishbot/install/nav_2d_msgs/local/lib/python3.10/dist-packages:/home/misaka/fishbot/install/nav2_common/local/lib/python3.10/dist-packages:${PYTHONPATH} /usr/bin/cmake /home/misaka/fishbot/src/navigation/nav2_dwb_controller/dwb_plugins -DCMAKE_INSTALL_PREFIX=/home/misaka/fishbot/install/dwb_plugins
[9.111s] Invoking command in '/home/misaka/fishbot/build/dwb_plugins': AMENT_PREFIX_PATH=/home/misaka/fishbot/install/dwb_core:/home/misaka/fishbot/install/nav2_core:/home/misaka/fishbot/install/nav2_costmap_2d:/home/misaka/fishbot/install/nav_2d_utils:/home/misaka/fishbot/install/nav2_map_server:/home/misaka/fishbot/install/nav2_lifecycle_manager:/home/misaka/fishbot/install/nav2_util:/home/misaka/fishbot/install/nav2_voxel_grid:/home/misaka/fishbot/install/nav2_msgs:/home/misaka/fishbot/install/dwb_msgs:/home/misaka/fishbot/install/nav_2d_msgs:/home/misaka/fishbot/install/nav2_common:${AMENT_PREFIX_PATH} CMAKE_PREFIX_PATH=/home/misaka/fishbot/install/dwb_core:/home/misaka/fishbot/install/nav2_core:/home/misaka/fishbot/install/nav2_costmap_2d:/home/misaka/fishbot/install/nav_2d_utils:/home/misaka/fishbot/install/nav2_map_server:/home/misaka/fishbot/install/nav2_lifecycle_manager:/home/misaka/fishbot/install/nav2_util:/home/misaka/fishbot/install/nav2_voxel_grid:/home/misaka/fishbot/install/nav2_msgs:/home/misaka/fishbot/install/dwb_msgs:/home/misaka/fishbot/install/nav_2d_msgs:/home/misaka/fishbot/install/nav2_common:/opt/ros/humble LD_LIBRARY_PATH=/home/misaka/fishbot/install/dwb_core/lib:/home/misaka/fishbot/install/nav2_costmap_2d/lib:/home/misaka/fishbot/install/nav_2d_utils/lib:/home/misaka/fishbot/install/nav2_map_server/lib:/home/misaka/fishbot/install/nav2_lifecycle_manager/lib:/home/misaka/fishbot/install/nav2_util/lib:/home/misaka/fishbot/install/nav2_voxel_grid/lib:/home/misaka/fishbot/install/nav2_msgs/lib:/home/misaka/fishbot/install/dwb_msgs/lib:/home/misaka/fishbot/install/nav_2d_msgs/lib:${LD_LIBRARY_PATH} PYTHONPATH=/home/misaka/fishbot/install/nav2_msgs/local/lib/python3.10/dist-packages:/home/misaka/fishbot/install/dwb_msgs/local/lib/python3.10/dist-packages:/home/misaka/fishbot/install/nav_2d_msgs/local/lib/python3.10/dist-packages:/home/misaka/fishbot/install/nav2_common/local/lib/python3.10/dist-packages:${PYTHONPATH} /usr/bin/cmake --build /home/misaka/fishbot/build/dwb_plugins -- -j16 -l16
[9.490s] [  5%] [32mBuilding CXX object CMakeFiles/standard_traj_generator.dir/src/standard_traj_generator.cpp.o[0m
[9.491s] [ 17%] [32mBuilding CXX object gtest/CMakeFiles/gtest.dir/src/gtest-all.cc.o[0m
[9.491s] [ 17%] [32mBuilding CXX object gtest/CMakeFiles/gtest_main.dir/src/gtest_main.cc.o[0m
[9.494s] [ 23%] [32mBuilding CXX object CMakeFiles/standard_traj_generator.dir/src/limited_accel_generator.cpp.o[0m
[9.497s] [ 29%] [32mBuilding CXX object CMakeFiles/standard_traj_generator.dir/src/kinematic_parameters.cpp.o[0m
[9.503s] [ 35%] [32mBuilding CXX object CMakeFiles/standard_traj_generator.dir/src/xy_theta_iterator.cpp.o[0m
[13.525s] [ 41%] [32m[1mLinking CXX static library libgtest_main.a[0m
[13.730s] [ 41%] Built target gtest_main
[25.637s] [ 47%] [32m[1mLinking CXX shared library libstandard_traj_generator.so[0m
[26.488s] [ 47%] Built target standard_traj_generator
[38.370s] [ 52%] [32m[1mLinking CXX static library libgtest.a[0m
[38.531s] [ 52%] Built target gtest
[38.648s] [ 58%] [32mBuilding CXX object test/CMakeFiles/vtest.dir/velocity_iterator_test.cpp.o[0m
[38.655s] [ 64%] [32mBuilding CXX object test/CMakeFiles/kinematic_parameters_test.dir/kinematic_parameters_test.cpp.o[0m
[38.659s] [ 70%] [32mBuilding CXX object test/CMakeFiles/twist_gen_test.dir/twist_gen.cpp.o[0m
[38.664s] [ 76%] [32mBuilding CXX object test/CMakeFiles/speed_limit_test.dir/speed_limit_test.cpp.o[0m
[44.036s] [ 82%] [32m[1mLinking CXX executable vtest[0m
[44.448s] [ 82%] Built target vtest
[55.397s] [ 88%] [32m[1mLinking CXX executable speed_limit_test[0m
[55.888s] [ 94%] [32m[1mLinking CXX executable kinematic_parameters_test[0m
[56.482s] [ 94%] Built target speed_limit_test
[56.943s] [ 94%] Built target kinematic_parameters_test
[61.229s] [100%] [32m[1mLinking CXX executable twist_gen_test[0m
[62.410s] [100%] Built target twist_gen_test
[62.465s] Invoked command in '/home/misaka/fishbot/build/dwb_plugins' returned '0': AMENT_PREFIX_PATH=/home/misaka/fishbot/install/dwb_core:/home/misaka/fishbot/install/nav2_core:/home/misaka/fishbot/install/nav2_costmap_2d:/home/misaka/fishbot/install/nav_2d_utils:/home/misaka/fishbot/install/nav2_map_server:/home/misaka/fishbot/install/nav2_lifecycle_manager:/home/misaka/fishbot/install/nav2_util:/home/misaka/fishbot/install/nav2_voxel_grid:/home/misaka/fishbot/install/nav2_msgs:/home/misaka/fishbot/install/dwb_msgs:/home/misaka/fishbot/install/nav_2d_msgs:/home/misaka/fishbot/install/nav2_common:${AMENT_PREFIX_PATH} CMAKE_PREFIX_PATH=/home/misaka/fishbot/install/dwb_core:/home/misaka/fishbot/install/nav2_core:/home/misaka/fishbot/install/nav2_costmap_2d:/home/misaka/fishbot/install/nav_2d_utils:/home/misaka/fishbot/install/nav2_map_server:/home/misaka/fishbot/install/nav2_lifecycle_manager:/home/misaka/fishbot/install/nav2_util:/home/misaka/fishbot/install/nav2_voxel_grid:/home/misaka/fishbot/install/nav2_msgs:/home/misaka/fishbot/install/dwb_msgs:/home/misaka/fishbot/install/nav_2d_msgs:/home/misaka/fishbot/install/nav2_common:/opt/ros/humble LD_LIBRARY_PATH=/home/misaka/fishbot/install/dwb_core/lib:/home/misaka/fishbot/install/nav2_costmap_2d/lib:/home/misaka/fishbot/install/nav_2d_utils/lib:/home/misaka/fishbot/install/nav2_map_server/lib:/home/misaka/fishbot/install/nav2_lifecycle_manager/lib:/home/misaka/fishbot/install/nav2_util/lib:/home/misaka/fishbot/install/nav2_voxel_grid/lib:/home/misaka/fishbot/install/nav2_msgs/lib:/home/misaka/fishbot/install/dwb_msgs/lib:/home/misaka/fishbot/install/nav_2d_msgs/lib:${LD_LIBRARY_PATH} PYTHONPATH=/home/misaka/fishbot/install/nav2_msgs/local/lib/python3.10/dist-packages:/home/misaka/fishbot/install/dwb_msgs/local/lib/python3.10/dist-packages:/home/misaka/fishbot/install/nav_2d_msgs/local/lib/python3.10/dist-packages:/home/misaka/fishbot/install/nav2_common/local/lib/python3.10/dist-packages:${PYTHONPATH} /usr/bin/cmake --build /home/misaka/fishbot/build/dwb_plugins -- -j16 -l16
[62.800s] Invoking command in '/home/misaka/fishbot/build/dwb_plugins': AMENT_PREFIX_PATH=/home/misaka/fishbot/install/dwb_core:/home/misaka/fishbot/install/nav2_core:/home/misaka/fishbot/install/nav2_costmap_2d:/home/misaka/fishbot/install/nav_2d_utils:/home/misaka/fishbot/install/nav2_map_server:/home/misaka/fishbot/install/nav2_lifecycle_manager:/home/misaka/fishbot/install/nav2_util:/home/misaka/fishbot/install/nav2_voxel_grid:/home/misaka/fishbot/install/nav2_msgs:/home/misaka/fishbot/install/dwb_msgs:/home/misaka/fishbot/install/nav_2d_msgs:/home/misaka/fishbot/install/nav2_common:${AMENT_PREFIX_PATH} CMAKE_PREFIX_PATH=/home/misaka/fishbot/install/dwb_core:/home/misaka/fishbot/install/nav2_core:/home/misaka/fishbot/install/nav2_costmap_2d:/home/misaka/fishbot/install/nav_2d_utils:/home/misaka/fishbot/install/nav2_map_server:/home/misaka/fishbot/install/nav2_lifecycle_manager:/home/misaka/fishbot/install/nav2_util:/home/misaka/fishbot/install/nav2_voxel_grid:/home/misaka/fishbot/install/nav2_msgs:/home/misaka/fishbot/install/dwb_msgs:/home/misaka/fishbot/install/nav_2d_msgs:/home/misaka/fishbot/install/nav2_common:/opt/ros/humble LD_LIBRARY_PATH=/home/misaka/fishbot/install/dwb_core/lib:/home/misaka/fishbot/install/nav2_costmap_2d/lib:/home/misaka/fishbot/install/nav_2d_utils/lib:/home/misaka/fishbot/install/nav2_map_server/lib:/home/misaka/fishbot/install/nav2_lifecycle_manager/lib:/home/misaka/fishbot/install/nav2_util/lib:/home/misaka/fishbot/install/nav2_voxel_grid/lib:/home/misaka/fishbot/install/nav2_msgs/lib:/home/misaka/fishbot/install/dwb_msgs/lib:/home/misaka/fishbot/install/nav_2d_msgs/lib:${LD_LIBRARY_PATH} PYTHONPATH=/home/misaka/fishbot/install/nav2_msgs/local/lib/python3.10/dist-packages:/home/misaka/fishbot/install/dwb_msgs/local/lib/python3.10/dist-packages:/home/misaka/fishbot/install/nav_2d_msgs/local/lib/python3.10/dist-packages:/home/misaka/fishbot/install/nav2_common/local/lib/python3.10/dist-packages:${PYTHONPATH} /usr/bin/cmake --install /home/misaka/fishbot/build/dwb_plugins
[62.834s] -- Install configuration: "Release"
[62.835s] -- Installing: /home/misaka/fishbot/install/dwb_plugins/lib/libstandard_traj_generator.so
[62.839s] -- Set runtime path of "/home/misaka/fishbot/install/dwb_plugins/lib/libstandard_traj_generator.so" to ""
[62.840s] -- Installing: /home/misaka/fishbot/install/dwb_plugins/include/
[62.842s] -- Installing: /home/misaka/fishbot/install/dwb_plugins/include//dwb_plugins
[62.842s] -- Installing: /home/misaka/fishbot/install/dwb_plugins/include//dwb_plugins/xy_theta_iterator.hpp
[62.842s] -- Installing: /home/misaka/fishbot/install/dwb_plugins/include//dwb_plugins/kinematic_parameters.hpp
[62.842s] -- Installing: /home/misaka/fishbot/install/dwb_plugins/include//dwb_plugins/one_d_velocity_iterator.hpp
[62.843s] -- Installing: /home/misaka/fishbot/install/dwb_plugins/include//dwb_plugins/velocity_iterator.hpp
[62.843s] -- Installing: /home/misaka/fishbot/install/dwb_plugins/include//dwb_plugins/standard_traj_generator.hpp
[62.843s] -- Installing: /home/misaka/fishbot/install/dwb_plugins/include//dwb_plugins/limited_accel_generator.hpp
[62.844s] -- Installing: /home/misaka/fishbot/install/dwb_plugins/share/dwb_plugins/plugins.xml
[62.845s] -- Installing: /home/misaka/fishbot/install/dwb_plugins/share/dwb_plugins/environment/library_path.sh
[62.846s] -- Installing: /home/misaka/fishbot/install/dwb_plugins/share/dwb_plugins/environment/library_path.dsv
[62.847s] -- Up-to-date: /home/misaka/fishbot/install/dwb_plugins/share/dwb_plugins/plugins.xml
[62.848s] -- Installing: /home/misaka/fishbot/install/dwb_plugins/share/ament_index/resource_index/package_run_dependencies/dwb_plugins
[62.848s] -- Installing: /home/misaka/fishbot/install/dwb_plugins/share/ament_index/resource_index/parent_prefix_path/dwb_plugins
[62.849s] -- Installing: /home/misaka/fishbot/install/dwb_plugins/share/dwb_plugins/environment/ament_prefix_path.sh
[62.850s] -- Installing: /home/misaka/fishbot/install/dwb_plugins/share/dwb_plugins/environment/ament_prefix_path.dsv
[62.851s] -- Installing: /home/misaka/fishbot/install/dwb_plugins/share/dwb_plugins/environment/path.sh
[62.851s] -- Installing: /home/misaka/fishbot/install/dwb_plugins/share/dwb_plugins/environment/path.dsv
[62.852s] -- Installing: /home/misaka/fishbot/install/dwb_plugins/share/dwb_plugins/local_setup.bash
[62.852s] -- Installing: /home/misaka/fishbot/install/dwb_plugins/share/dwb_plugins/local_setup.sh
[62.853s] -- Installing: /home/misaka/fishbot/install/dwb_plugins/share/dwb_plugins/local_setup.zsh
[62.854s] -- Installing: /home/misaka/fishbot/install/dwb_plugins/share/dwb_plugins/local_setup.dsv
[62.854s] -- Installing: /home/misaka/fishbot/install/dwb_plugins/share/dwb_plugins/package.dsv
[62.855s] -- Installing: /home/misaka/fishbot/install/dwb_plugins/share/ament_index/resource_index/packages/dwb_plugins
[62.856s] -- Installing: /home/misaka/fishbot/install/dwb_plugins/share/ament_index/resource_index/dwb_core__pluginlib__plugin/dwb_plugins
[62.856s] -- Installing: /home/misaka/fishbot/install/dwb_plugins/share/dwb_plugins/cmake/ament_cmake_export_include_directories-extras.cmake
[62.857s] -- Installing: /home/misaka/fishbot/install/dwb_plugins/share/dwb_plugins/cmake/ament_cmake_export_libraries-extras.cmake
[62.858s] -- Installing: /home/misaka/fishbot/install/dwb_plugins/share/dwb_plugins/cmake/dwb_pluginsConfig.cmake
[62.858s] -- Installing: /home/misaka/fishbot/install/dwb_plugins/share/dwb_plugins/cmake/dwb_pluginsConfig-version.cmake
[62.859s] -- Installing: /home/misaka/fishbot/install/dwb_plugins/share/dwb_plugins/package.xml
[62.871s] Invoked command in '/home/misaka/fishbot/build/dwb_plugins' returned '0': AMENT_PREFIX_PATH=/home/misaka/fishbot/install/dwb_core:/home/misaka/fishbot/install/nav2_core:/home/misaka/fishbot/install/nav2_costmap_2d:/home/misaka/fishbot/install/nav_2d_utils:/home/misaka/fishbot/install/nav2_map_server:/home/misaka/fishbot/install/nav2_lifecycle_manager:/home/misaka/fishbot/install/nav2_util:/home/misaka/fishbot/install/nav2_voxel_grid:/home/misaka/fishbot/install/nav2_msgs:/home/misaka/fishbot/install/dwb_msgs:/home/misaka/fishbot/install/nav_2d_msgs:/home/misaka/fishbot/install/nav2_common:${AMENT_PREFIX_PATH} CMAKE_PREFIX_PATH=/home/misaka/fishbot/install/dwb_core:/home/misaka/fishbot/install/nav2_core:/home/misaka/fishbot/install/nav2_costmap_2d:/home/misaka/fishbot/install/nav_2d_utils:/home/misaka/fishbot/install/nav2_map_server:/home/misaka/fishbot/install/nav2_lifecycle_manager:/home/misaka/fishbot/install/nav2_util:/home/misaka/fishbot/install/nav2_voxel_grid:/home/misaka/fishbot/install/nav2_msgs:/home/misaka/fishbot/install/dwb_msgs:/home/misaka/fishbot/install/nav_2d_msgs:/home/misaka/fishbot/install/nav2_common:/opt/ros/humble LD_LIBRARY_PATH=/home/misaka/fishbot/install/dwb_core/lib:/home/misaka/fishbot/install/nav2_costmap_2d/lib:/home/misaka/fishbot/install/nav_2d_utils/lib:/home/misaka/fishbot/install/nav2_map_server/lib:/home/misaka/fishbot/install/nav2_lifecycle_manager/lib:/home/misaka/fishbot/install/nav2_util/lib:/home/misaka/fishbot/install/nav2_voxel_grid/lib:/home/misaka/fishbot/install/nav2_msgs/lib:/home/misaka/fishbot/install/dwb_msgs/lib:/home/misaka/fishbot/install/nav_2d_msgs/lib:${LD_LIBRARY_PATH} PYTHONPATH=/home/misaka/fishbot/install/nav2_msgs/local/lib/python3.10/dist-packages:/home/misaka/fishbot/install/dwb_msgs/local/lib/python3.10/dist-packages:/home/misaka/fishbot/install/nav_2d_msgs/local/lib/python3.10/dist-packages:/home/misaka/fishbot/install/nav2_common/local/lib/python3.10/dist-packages:${PYTHONPATH} /usr/bin/cmake --install /home/misaka/fishbot/build/dwb_plugins
