[0.114s] Invoking command in '/home/misaka/fishbot/build/cartographer_ros_msgs': CMAKE_PREFIX_PATH=/opt/ros/humble /usr/bin/cmake --build /home/misaka/fishbot/build/cartographer_ros_msgs -- -j16 -l16
[0.433s] [  0%] Built target cartographer_ros_msgs__cpp
[0.877s] [  0%] Built target ament_cmake_python_copy_cartographer_ros_msgs
[1.028s] [ 13%] Built target cartographer_ros_msgs__rosidl_typesupport_introspection_cpp
[2.072s] running egg_info
[2.075s] writing cartographer_ros_msgs.egg-info/PKG-INFO
[2.075s] writing dependency_links to cartographer_ros_msgs.egg-info/dependency_links.txt
[2.075s] writing top-level names to cartographer_ros_msgs.egg-info/top_level.txt
[2.082s] reading manifest file 'cartographer_ros_msgs.egg-info/SOURCES.txt'
[2.088s] writing manifest file 'cartographer_ros_msgs.egg-info/SOURCES.txt'
[2.180s] [ 13%] Built target ament_cmake_python_build_cartographer_ros_msgs_egg
[2.383s] [ 25%] Built target cartographer_ros_msgs__rosidl_typesupport_fastrtps_cpp
[2.505s] [ 37%] Built target cartographer_ros_msgs__rosidl_typesupport_cpp
[2.659s] [ 49%] Built target cartographer_ros_msgs__rosidl_generator_c
[2.832s] [ 61%] Built target cartographer_ros_msgs__rosidl_typesupport_fastrtps_c
[2.970s] [ 73%] Built target cartographer_ros_msgs__rosidl_typesupport_c
[3.127s] [ 85%] Built target cartographer_ros_msgs__rosidl_typesupport_introspection_c
[3.241s] [ 85%] Built target cartographer_ros_msgs
[3.366s] [ 86%] Built target cartographer_ros_msgs__py
[3.502s] [ 97%] Built target cartographer_ros_msgs__rosidl_generator_py
[3.645s] [ 98%] Built target cartographer_ros_msgs__rosidl_typesupport_fastrtps_c__pyext
[3.769s] [ 99%] Built target cartographer_ros_msgs__rosidl_typesupport_c__pyext
[3.903s] [100%] Built target cartographer_ros_msgs__rosidl_typesupport_introspection_c__pyext
[3.950s] Invoked command in '/home/misaka/fishbot/build/cartographer_ros_msgs' returned '0': CMAKE_PREFIX_PATH=/opt/ros/humble /usr/bin/cmake --build /home/misaka/fishbot/build/cartographer_ros_msgs -- -j16 -l16
[7.655s] Invoking command in '/home/misaka/fishbot/build/cartographer_ros_msgs': CMAKE_PREFIX_PATH=/opt/ros/humble /usr/bin/cmake --install /home/misaka/fishbot/build/cartographer_ros_msgs
[7.697s] -- Install configuration: ""
[7.697s] -- Up-to-date: /home/misaka/fishbot/install/cartographer_ros_msgs/share/ament_index/resource_index/rosidl_interfaces/cartographer_ros_msgs
[7.698s] -- Up-to-date: /home/misaka/fishbot/install/cartographer_ros_msgs/include/cartographer_ros_msgs/cartographer_ros_msgs
[7.699s] -- Up-to-date: /home/misaka/fishbot/install/cartographer_ros_msgs/include/cartographer_ros_msgs/cartographer_ros_msgs/srv
[7.700s] -- Up-to-date: /home/misaka/fishbot/install/cartographer_ros_msgs/include/cartographer_ros_msgs/cartographer_ros_msgs/srv/submap_query.h
[7.700s] -- Up-to-date: /home/misaka/fishbot/install/cartographer_ros_msgs/include/cartographer_ros_msgs/cartographer_ros_msgs/srv/detail
[7.700s] -- Up-to-date: /home/misaka/fishbot/install/cartographer_ros_msgs/include/cartographer_ros_msgs/cartographer_ros_msgs/srv/detail/submap_query__functions.h
[7.701s] -- Up-to-date: /home/misaka/fishbot/install/cartographer_ros_msgs/include/cartographer_ros_msgs/cartographer_ros_msgs/srv/detail/start_trajectory__functions.h
[7.701s] -- Up-to-date: /home/misaka/fishbot/install/cartographer_ros_msgs/include/cartographer_ros_msgs/cartographer_ros_msgs/srv/detail/read_metrics__functions.h
[7.703s] -- Up-to-date: /home/misaka/fishbot/install/cartographer_ros_msgs/include/cartographer_ros_msgs/cartographer_ros_msgs/srv/detail/submap_query__struct.h
[7.704s] -- Up-to-date: /home/misaka/fishbot/install/cartographer_ros_msgs/include/cartographer_ros_msgs/cartographer_ros_msgs/srv/detail/write_state__functions.c
[7.704s] -- Up-to-date: /home/misaka/fishbot/install/cartographer_ros_msgs/include/cartographer_ros_msgs/cartographer_ros_msgs/srv/detail/trajectory_query__struct.h
[7.705s] -- Up-to-date: /home/misaka/fishbot/install/cartographer_ros_msgs/include/cartographer_ros_msgs/cartographer_ros_msgs/srv/detail/trajectory_query__type_support.h
[7.706s] -- Up-to-date: /home/misaka/fishbot/install/cartographer_ros_msgs/include/cartographer_ros_msgs/cartographer_ros_msgs/srv/detail/read_metrics__struct.h
[7.706s] -- Up-to-date: /home/misaka/fishbot/install/cartographer_ros_msgs/include/cartographer_ros_msgs/cartographer_ros_msgs/srv/detail/write_state__struct.h
[7.707s] -- Up-to-date: /home/misaka/fishbot/install/cartographer_ros_msgs/include/cartographer_ros_msgs/cartographer_ros_msgs/srv/detail/start_trajectory__type_support.h
[7.710s] -- Up-to-date: /home/misaka/fishbot/install/cartographer_ros_msgs/include/cartographer_ros_msgs/cartographer_ros_msgs/srv/detail/write_state__functions.h
[7.712s] -- Up-to-date: /home/misaka/fishbot/install/cartographer_ros_msgs/include/cartographer_ros_msgs/cartographer_ros_msgs/srv/detail/trajectory_query__functions.h
[7.712s] -- Up-to-date: /home/misaka/fishbot/install/cartographer_ros_msgs/include/cartographer_ros_msgs/cartographer_ros_msgs/srv/detail/get_trajectory_states__struct.h
[7.712s] -- Up-to-date: /home/misaka/fishbot/install/cartographer_ros_msgs/include/cartographer_ros_msgs/cartographer_ros_msgs/srv/detail/trajectory_query__functions.c
[7.713s] -- Up-to-date: /home/misaka/fishbot/install/cartographer_ros_msgs/include/cartographer_ros_msgs/cartographer_ros_msgs/srv/detail/start_trajectory__functions.c
[7.713s] -- Up-to-date: /home/misaka/fishbot/install/cartographer_ros_msgs/include/cartographer_ros_msgs/cartographer_ros_msgs/srv/detail/read_metrics__type_support.h
[7.713s] -- Up-to-date: /home/misaka/fishbot/install/cartographer_ros_msgs/include/cartographer_ros_msgs/cartographer_ros_msgs/srv/detail/submap_query__type_support.h
[7.714s] -- Up-to-date: /home/misaka/fishbot/install/cartographer_ros_msgs/include/cartographer_ros_msgs/cartographer_ros_msgs/srv/detail/read_metrics__functions.c
[7.714s] -- Up-to-date: /home/misaka/fishbot/install/cartographer_ros_msgs/include/cartographer_ros_msgs/cartographer_ros_msgs/srv/detail/submap_query__functions.c
[7.714s] -- Up-to-date: /home/misaka/fishbot/install/cartographer_ros_msgs/include/cartographer_ros_msgs/cartographer_ros_msgs/srv/detail/get_trajectory_states__functions.c
[7.714s] -- Up-to-date: /home/misaka/fishbot/install/cartographer_ros_msgs/include/cartographer_ros_msgs/cartographer_ros_msgs/srv/detail/finish_trajectory__struct.h
[7.714s] -- Up-to-date: /home/misaka/fishbot/install/cartographer_ros_msgs/include/cartographer_ros_msgs/cartographer_ros_msgs/srv/detail/write_state__type_support.h
[7.715s] -- Up-to-date: /home/misaka/fishbot/install/cartographer_ros_msgs/include/cartographer_ros_msgs/cartographer_ros_msgs/srv/detail/finish_trajectory__functions.c
[7.715s] -- Up-to-date: /home/misaka/fishbot/install/cartographer_ros_msgs/include/cartographer_ros_msgs/cartographer_ros_msgs/srv/detail/finish_trajectory__type_support.h
[7.715s] -- Up-to-date: /home/misaka/fishbot/install/cartographer_ros_msgs/include/cartographer_ros_msgs/cartographer_ros_msgs/srv/detail/get_trajectory_states__type_support.h
[7.716s] -- Up-to-date: /home/misaka/fishbot/install/cartographer_ros_msgs/include/cartographer_ros_msgs/cartographer_ros_msgs/srv/detail/finish_trajectory__functions.h
[7.716s] -- Up-to-date: /home/misaka/fishbot/install/cartographer_ros_msgs/include/cartographer_ros_msgs/cartographer_ros_msgs/srv/detail/get_trajectory_states__functions.h
[7.716s] -- Up-to-date: /home/misaka/fishbot/install/cartographer_ros_msgs/include/cartographer_ros_msgs/cartographer_ros_msgs/srv/detail/start_trajectory__struct.h
[7.717s] -- Up-to-date: /home/misaka/fishbot/install/cartographer_ros_msgs/include/cartographer_ros_msgs/cartographer_ros_msgs/srv/write_state.h
[7.717s] -- Up-to-date: /home/misaka/fishbot/install/cartographer_ros_msgs/include/cartographer_ros_msgs/cartographer_ros_msgs/srv/get_trajectory_states.h
[7.717s] -- Up-to-date: /home/misaka/fishbot/install/cartographer_ros_msgs/include/cartographer_ros_msgs/cartographer_ros_msgs/srv/read_metrics.h
[7.718s] -- Up-to-date: /home/misaka/fishbot/install/cartographer_ros_msgs/include/cartographer_ros_msgs/cartographer_ros_msgs/srv/start_trajectory.h
[7.718s] -- Up-to-date: /home/misaka/fishbot/install/cartographer_ros_msgs/include/cartographer_ros_msgs/cartographer_ros_msgs/srv/finish_trajectory.h
[7.719s] -- Up-to-date: /home/misaka/fishbot/install/cartographer_ros_msgs/include/cartographer_ros_msgs/cartographer_ros_msgs/srv/trajectory_query.h
[7.719s] -- Up-to-date: /home/misaka/fishbot/install/cartographer_ros_msgs/include/cartographer_ros_msgs/cartographer_ros_msgs/msg
[7.720s] -- Up-to-date: /home/misaka/fishbot/install/cartographer_ros_msgs/include/cartographer_ros_msgs/cartographer_ros_msgs/msg/landmark_list.h
[7.720s] -- Up-to-date: /home/misaka/fishbot/install/cartographer_ros_msgs/include/cartographer_ros_msgs/cartographer_ros_msgs/msg/landmark_entry.h
[7.720s] -- Up-to-date: /home/misaka/fishbot/install/cartographer_ros_msgs/include/cartographer_ros_msgs/cartographer_ros_msgs/msg/rosidl_generator_c__visibility_control.h
[7.721s] -- Up-to-date: /home/misaka/fishbot/install/cartographer_ros_msgs/include/cartographer_ros_msgs/cartographer_ros_msgs/msg/submap_texture.h
[7.721s] -- Up-to-date: /home/misaka/fishbot/install/cartographer_ros_msgs/include/cartographer_ros_msgs/cartographer_ros_msgs/msg/status_code.h
[7.722s] -- Up-to-date: /home/misaka/fishbot/install/cartographer_ros_msgs/include/cartographer_ros_msgs/cartographer_ros_msgs/msg/trajectory_states.h
[7.723s] -- Up-to-date: /home/misaka/fishbot/install/cartographer_ros_msgs/include/cartographer_ros_msgs/cartographer_ros_msgs/msg/histogram_bucket.h
[7.723s] -- Up-to-date: /home/misaka/fishbot/install/cartographer_ros_msgs/include/cartographer_ros_msgs/cartographer_ros_msgs/msg/metric_label.h
[7.723s] -- Up-to-date: /home/misaka/fishbot/install/cartographer_ros_msgs/include/cartographer_ros_msgs/cartographer_ros_msgs/msg/bagfile_progress.h
[7.724s] -- Up-to-date: /home/misaka/fishbot/install/cartographer_ros_msgs/include/cartographer_ros_msgs/cartographer_ros_msgs/msg/detail
[7.724s] -- Up-to-date: /home/misaka/fishbot/install/cartographer_ros_msgs/include/cartographer_ros_msgs/cartographer_ros_msgs/msg/detail/status_code__struct.h
[7.724s] -- Up-to-date: /home/misaka/fishbot/install/cartographer_ros_msgs/include/cartographer_ros_msgs/cartographer_ros_msgs/msg/detail/bagfile_progress__functions.h
[7.724s] -- Up-to-date: /home/misaka/fishbot/install/cartographer_ros_msgs/include/cartographer_ros_msgs/cartographer_ros_msgs/msg/detail/landmark_entry__functions.c
[7.725s] -- Up-to-date: /home/misaka/fishbot/install/cartographer_ros_msgs/include/cartographer_ros_msgs/cartographer_ros_msgs/msg/detail/metric_label__functions.h
[7.725s] -- Up-to-date: /home/misaka/fishbot/install/cartographer_ros_msgs/include/cartographer_ros_msgs/cartographer_ros_msgs/msg/detail/trajectory_states__type_support.h
[7.725s] -- Up-to-date: /home/misaka/fishbot/install/cartographer_ros_msgs/include/cartographer_ros_msgs/cartographer_ros_msgs/msg/detail/submap_list__type_support.h
[7.733s] -- Up-to-date: /home/misaka/fishbot/install/cartographer_ros_msgs/include/cartographer_ros_msgs/cartographer_ros_msgs/msg/detail/metric__functions.h
[7.733s] -- Up-to-date: /home/misaka/fishbot/install/cartographer_ros_msgs/include/cartographer_ros_msgs/cartographer_ros_msgs/msg/detail/bagfile_progress__struct.h
[7.733s] -- Up-to-date: /home/misaka/fishbot/install/cartographer_ros_msgs/include/cartographer_ros_msgs/cartographer_ros_msgs/msg/detail/metric_family__functions.h
[7.733s] -- Up-to-date: /home/misaka/fishbot/install/cartographer_ros_msgs/include/cartographer_ros_msgs/cartographer_ros_msgs/msg/detail/bagfile_progress__functions.c
[7.734s] -- Up-to-date: /home/misaka/fishbot/install/cartographer_ros_msgs/include/cartographer_ros_msgs/cartographer_ros_msgs/msg/detail/metric_label__functions.c
[7.734s] -- Up-to-date: /home/misaka/fishbot/install/cartographer_ros_msgs/include/cartographer_ros_msgs/cartographer_ros_msgs/msg/detail/metric_label__type_support.h
[7.734s] -- Up-to-date: /home/misaka/fishbot/install/cartographer_ros_msgs/include/cartographer_ros_msgs/cartographer_ros_msgs/msg/detail/bagfile_progress__type_support.h
[7.734s] -- Up-to-date: /home/misaka/fishbot/install/cartographer_ros_msgs/include/cartographer_ros_msgs/cartographer_ros_msgs/msg/detail/status_response__functions.c
[7.734s] -- Up-to-date: /home/misaka/fishbot/install/cartographer_ros_msgs/include/cartographer_ros_msgs/cartographer_ros_msgs/msg/detail/landmark_list__functions.c
[7.734s] -- Up-to-date: /home/misaka/fishbot/install/cartographer_ros_msgs/include/cartographer_ros_msgs/cartographer_ros_msgs/msg/detail/submap_texture__type_support.h
[7.734s] -- Up-to-date: /home/misaka/fishbot/install/cartographer_ros_msgs/include/cartographer_ros_msgs/cartographer_ros_msgs/msg/detail/landmark_list__functions.h
[7.735s] -- Up-to-date: /home/misaka/fishbot/install/cartographer_ros_msgs/include/cartographer_ros_msgs/cartographer_ros_msgs/msg/detail/histogram_bucket__struct.h
[7.736s] -- Up-to-date: /home/misaka/fishbot/install/cartographer_ros_msgs/include/cartographer_ros_msgs/cartographer_ros_msgs/msg/detail/landmark_entry__functions.h
[7.736s] -- Up-to-date: /home/misaka/fishbot/install/cartographer_ros_msgs/include/cartographer_ros_msgs/cartographer_ros_msgs/msg/detail/submap_entry__struct.h
[7.737s] -- Up-to-date: /home/misaka/fishbot/install/cartographer_ros_msgs/include/cartographer_ros_msgs/cartographer_ros_msgs/msg/detail/histogram_bucket__functions.c
[7.737s] -- Up-to-date: /home/misaka/fishbot/install/cartographer_ros_msgs/include/cartographer_ros_msgs/cartographer_ros_msgs/msg/detail/submap_list__functions.c
[7.737s] -- Up-to-date: /home/misaka/fishbot/install/cartographer_ros_msgs/include/cartographer_ros_msgs/cartographer_ros_msgs/msg/detail/submap_texture__struct.h
[7.737s] -- Up-to-date: /home/misaka/fishbot/install/cartographer_ros_msgs/include/cartographer_ros_msgs/cartographer_ros_msgs/msg/detail/submap_texture__functions.c
[7.737s] -- Up-to-date: /home/misaka/fishbot/install/cartographer_ros_msgs/include/cartographer_ros_msgs/cartographer_ros_msgs/msg/detail/status_response__type_support.h
[7.738s] -- Up-to-date: /home/misaka/fishbot/install/cartographer_ros_msgs/include/cartographer_ros_msgs/cartographer_ros_msgs/msg/detail/submap_list__struct.h
[7.738s] -- Up-to-date: /home/misaka/fishbot/install/cartographer_ros_msgs/include/cartographer_ros_msgs/cartographer_ros_msgs/msg/detail/metric__functions.c
[7.738s] -- Up-to-date: /home/misaka/fishbot/install/cartographer_ros_msgs/include/cartographer_ros_msgs/cartographer_ros_msgs/msg/detail/submap_entry__type_support.h
[7.739s] -- Up-to-date: /home/misaka/fishbot/install/cartographer_ros_msgs/include/cartographer_ros_msgs/cartographer_ros_msgs/msg/detail/submap_entry__functions.c
[7.739s] -- Up-to-date: /home/misaka/fishbot/install/cartographer_ros_msgs/include/cartographer_ros_msgs/cartographer_ros_msgs/msg/detail/metric_family__functions.c
[7.739s] -- Up-to-date: /home/misaka/fishbot/install/cartographer_ros_msgs/include/cartographer_ros_msgs/cartographer_ros_msgs/msg/detail/trajectory_states__functions.h
[7.739s] -- Up-to-date: /home/misaka/fishbot/install/cartographer_ros_msgs/include/cartographer_ros_msgs/cartographer_ros_msgs/msg/detail/status_code__type_support.h
[7.740s] -- Up-to-date: /home/misaka/fishbot/install/cartographer_ros_msgs/include/cartographer_ros_msgs/cartographer_ros_msgs/msg/detail/status_code__functions.h
[7.740s] -- Up-to-date: /home/misaka/fishbot/install/cartographer_ros_msgs/include/cartographer_ros_msgs/cartographer_ros_msgs/msg/detail/histogram_bucket__type_support.h
[7.740s] -- Up-to-date: /home/misaka/fishbot/install/cartographer_ros_msgs/include/cartographer_ros_msgs/cartographer_ros_msgs/msg/detail/landmark_entry__type_support.h
[7.740s] -- Up-to-date: /home/misaka/fishbot/install/cartographer_ros_msgs/include/cartographer_ros_msgs/cartographer_ros_msgs/msg/detail/status_response__struct.h
[7.741s] -- Up-to-date: /home/misaka/fishbot/install/cartographer_ros_msgs/include/cartographer_ros_msgs/cartographer_ros_msgs/msg/detail/submap_entry__functions.h
[7.742s] -- Up-to-date: /home/misaka/fishbot/install/cartographer_ros_msgs/include/cartographer_ros_msgs/cartographer_ros_msgs/msg/detail/landmark_list__struct.h
[7.742s] -- Up-to-date: /home/misaka/fishbot/install/cartographer_ros_msgs/include/cartographer_ros_msgs/cartographer_ros_msgs/msg/detail/landmark_entry__struct.h
[7.743s] -- Up-to-date: /home/misaka/fishbot/install/cartographer_ros_msgs/include/cartographer_ros_msgs/cartographer_ros_msgs/msg/detail/landmark_list__type_support.h
[7.743s] -- Up-to-date: /home/misaka/fishbot/install/cartographer_ros_msgs/include/cartographer_ros_msgs/cartographer_ros_msgs/msg/detail/metric__type_support.h
[7.744s] -- Up-to-date: /home/misaka/fishbot/install/cartographer_ros_msgs/include/cartographer_ros_msgs/cartographer_ros_msgs/msg/detail/trajectory_states__functions.c
[7.745s] -- Up-to-date: /home/misaka/fishbot/install/cartographer_ros_msgs/include/cartographer_ros_msgs/cartographer_ros_msgs/msg/detail/status_code__functions.c
[7.746s] -- Up-to-date: /home/misaka/fishbot/install/cartographer_ros_msgs/include/cartographer_ros_msgs/cartographer_ros_msgs/msg/detail/metric__struct.h
[7.747s] -- Up-to-date: /home/misaka/fishbot/install/cartographer_ros_msgs/include/cartographer_ros_msgs/cartographer_ros_msgs/msg/detail/status_response__functions.h
[7.748s] -- Up-to-date: /home/misaka/fishbot/install/cartographer_ros_msgs/include/cartographer_ros_msgs/cartographer_ros_msgs/msg/detail/metric_label__struct.h
[7.750s] -- Up-to-date: /home/misaka/fishbot/install/cartographer_ros_msgs/include/cartographer_ros_msgs/cartographer_ros_msgs/msg/detail/metric_family__struct.h
[7.751s] -- Up-to-date: /home/misaka/fishbot/install/cartographer_ros_msgs/include/cartographer_ros_msgs/cartographer_ros_msgs/msg/detail/metric_family__type_support.h
[7.753s] -- Up-to-date: /home/misaka/fishbot/install/cartographer_ros_msgs/include/cartographer_ros_msgs/cartographer_ros_msgs/msg/detail/submap_texture__functions.h
[7.754s] -- Up-to-date: /home/misaka/fishbot/install/cartographer_ros_msgs/include/cartographer_ros_msgs/cartographer_ros_msgs/msg/detail/trajectory_states__struct.h
[7.754s] -- Up-to-date: /home/misaka/fishbot/install/cartographer_ros_msgs/include/cartographer_ros_msgs/cartographer_ros_msgs/msg/detail/submap_list__functions.h
[7.755s] -- Up-to-date: /home/misaka/fishbot/install/cartographer_ros_msgs/include/cartographer_ros_msgs/cartographer_ros_msgs/msg/detail/histogram_bucket__functions.h
[7.755s] -- Up-to-date: /home/misaka/fishbot/install/cartographer_ros_msgs/include/cartographer_ros_msgs/cartographer_ros_msgs/msg/submap_list.h
[7.755s] -- Up-to-date: /home/misaka/fishbot/install/cartographer_ros_msgs/include/cartographer_ros_msgs/cartographer_ros_msgs/msg/metric_family.h
[7.756s] -- Up-to-date: /home/misaka/fishbot/install/cartographer_ros_msgs/include/cartographer_ros_msgs/cartographer_ros_msgs/msg/metric.h
[7.756s] -- Up-to-date: /home/misaka/fishbot/install/cartographer_ros_msgs/include/cartographer_ros_msgs/cartographer_ros_msgs/msg/status_response.h
[7.757s] -- Up-to-date: /home/misaka/fishbot/install/cartographer_ros_msgs/include/cartographer_ros_msgs/cartographer_ros_msgs/msg/submap_entry.h
[7.759s] -- Up-to-date: /home/misaka/fishbot/install/cartographer_ros_msgs/share/cartographer_ros_msgs/environment/library_path.sh
[7.761s] -- Up-to-date: /home/misaka/fishbot/install/cartographer_ros_msgs/share/cartographer_ros_msgs/environment/library_path.dsv
[7.763s] -- Up-to-date: /home/misaka/fishbot/install/cartographer_ros_msgs/lib/libcartographer_ros_msgs__rosidl_generator_c.so
[7.764s] -- Up-to-date: /home/misaka/fishbot/install/cartographer_ros_msgs/include/cartographer_ros_msgs/cartographer_ros_msgs
[7.765s] -- Up-to-date: /home/misaka/fishbot/install/cartographer_ros_msgs/include/cartographer_ros_msgs/cartographer_ros_msgs/srv
[7.765s] -- Up-to-date: /home/misaka/fishbot/install/cartographer_ros_msgs/include/cartographer_ros_msgs/cartographer_ros_msgs/srv/detail
[7.766s] -- Up-to-date: /home/misaka/fishbot/install/cartographer_ros_msgs/include/cartographer_ros_msgs/cartographer_ros_msgs/srv/detail/trajectory_query__rosidl_typesupport_fastrtps_c.h
[7.766s] -- Up-to-date: /home/misaka/fishbot/install/cartographer_ros_msgs/include/cartographer_ros_msgs/cartographer_ros_msgs/srv/detail/finish_trajectory__rosidl_typesupport_fastrtps_c.h
[7.766s] -- Up-to-date: /home/misaka/fishbot/install/cartographer_ros_msgs/include/cartographer_ros_msgs/cartographer_ros_msgs/srv/detail/read_metrics__rosidl_typesupport_fastrtps_c.h
[7.767s] -- Up-to-date: /home/misaka/fishbot/install/cartographer_ros_msgs/include/cartographer_ros_msgs/cartographer_ros_msgs/srv/detail/write_state__rosidl_typesupport_fastrtps_c.h
[7.767s] -- Up-to-date: /home/misaka/fishbot/install/cartographer_ros_msgs/include/cartographer_ros_msgs/cartographer_ros_msgs/srv/detail/get_trajectory_states__rosidl_typesupport_fastrtps_c.h
[7.767s] -- Up-to-date: /home/misaka/fishbot/install/cartographer_ros_msgs/include/cartographer_ros_msgs/cartographer_ros_msgs/srv/detail/start_trajectory__rosidl_typesupport_fastrtps_c.h
[7.768s] -- Up-to-date: /home/misaka/fishbot/install/cartographer_ros_msgs/include/cartographer_ros_msgs/cartographer_ros_msgs/srv/detail/submap_query__rosidl_typesupport_fastrtps_c.h
[7.768s] -- Up-to-date: /home/misaka/fishbot/install/cartographer_ros_msgs/include/cartographer_ros_msgs/cartographer_ros_msgs/msg
[7.769s] -- Up-to-date: /home/misaka/fishbot/install/cartographer_ros_msgs/include/cartographer_ros_msgs/cartographer_ros_msgs/msg/rosidl_typesupport_fastrtps_c__visibility_control.h
[7.770s] -- Up-to-date: /home/misaka/fishbot/install/cartographer_ros_msgs/include/cartographer_ros_msgs/cartographer_ros_msgs/msg/detail
[7.771s] -- Up-to-date: /home/misaka/fishbot/install/cartographer_ros_msgs/include/cartographer_ros_msgs/cartographer_ros_msgs/msg/detail/bagfile_progress__rosidl_typesupport_fastrtps_c.h
[7.773s] -- Up-to-date: /home/misaka/fishbot/install/cartographer_ros_msgs/include/cartographer_ros_msgs/cartographer_ros_msgs/msg/detail/landmark_entry__rosidl_typesupport_fastrtps_c.h
[7.774s] -- Up-to-date: /home/misaka/fishbot/install/cartographer_ros_msgs/include/cartographer_ros_msgs/cartographer_ros_msgs/msg/detail/submap_entry__rosidl_typesupport_fastrtps_c.h
[7.775s] -- Up-to-date: /home/misaka/fishbot/install/cartographer_ros_msgs/include/cartographer_ros_msgs/cartographer_ros_msgs/msg/detail/trajectory_states__rosidl_typesupport_fastrtps_c.h
[7.777s] -- Up-to-date: /home/misaka/fishbot/install/cartographer_ros_msgs/include/cartographer_ros_msgs/cartographer_ros_msgs/msg/detail/metric_family__rosidl_typesupport_fastrtps_c.h
[7.777s] -- Up-to-date: /home/misaka/fishbot/install/cartographer_ros_msgs/include/cartographer_ros_msgs/cartographer_ros_msgs/msg/detail/histogram_bucket__rosidl_typesupport_fastrtps_c.h
[7.777s] -- Up-to-date: /home/misaka/fishbot/install/cartographer_ros_msgs/include/cartographer_ros_msgs/cartographer_ros_msgs/msg/detail/status_response__rosidl_typesupport_fastrtps_c.h
[7.779s] -- Up-to-date: /home/misaka/fishbot/install/cartographer_ros_msgs/include/cartographer_ros_msgs/cartographer_ros_msgs/msg/detail/metric_label__rosidl_typesupport_fastrtps_c.h
[7.780s] -- Up-to-date: /home/misaka/fishbot/install/cartographer_ros_msgs/include/cartographer_ros_msgs/cartographer_ros_msgs/msg/detail/metric__rosidl_typesupport_fastrtps_c.h
[7.780s] -- Up-to-date: /home/misaka/fishbot/install/cartographer_ros_msgs/include/cartographer_ros_msgs/cartographer_ros_msgs/msg/detail/landmark_list__rosidl_typesupport_fastrtps_c.h
[7.780s] -- Up-to-date: /home/misaka/fishbot/install/cartographer_ros_msgs/include/cartographer_ros_msgs/cartographer_ros_msgs/msg/detail/submap_list__rosidl_typesupport_fastrtps_c.h
[7.781s] -- Up-to-date: /home/misaka/fishbot/install/cartographer_ros_msgs/include/cartographer_ros_msgs/cartographer_ros_msgs/msg/detail/status_code__rosidl_typesupport_fastrtps_c.h
[7.785s] -- Up-to-date: /home/misaka/fishbot/install/cartographer_ros_msgs/include/cartographer_ros_msgs/cartographer_ros_msgs/msg/detail/submap_texture__rosidl_typesupport_fastrtps_c.h
[7.785s] -- Up-to-date: /home/misaka/fishbot/install/cartographer_ros_msgs/lib/libcartographer_ros_msgs__rosidl_typesupport_fastrtps_c.so
[7.786s] -- Up-to-date: /home/misaka/fishbot/install/cartographer_ros_msgs/include/cartographer_ros_msgs/cartographer_ros_msgs
[7.788s] -- Up-to-date: /home/misaka/fishbot/install/cartographer_ros_msgs/include/cartographer_ros_msgs/cartographer_ros_msgs/srv
[7.788s] -- Up-to-date: /home/misaka/fishbot/install/cartographer_ros_msgs/include/cartographer_ros_msgs/cartographer_ros_msgs/srv/detail
[7.789s] -- Up-to-date: /home/misaka/fishbot/install/cartographer_ros_msgs/include/cartographer_ros_msgs/cartographer_ros_msgs/srv/detail/read_metrics__rosidl_typesupport_introspection_c.h
[7.789s] -- Up-to-date: /home/misaka/fishbot/install/cartographer_ros_msgs/include/cartographer_ros_msgs/cartographer_ros_msgs/srv/detail/get_trajectory_states__rosidl_typesupport_introspection_c.h
[7.789s] -- Up-to-date: /home/misaka/fishbot/install/cartographer_ros_msgs/include/cartographer_ros_msgs/cartographer_ros_msgs/srv/detail/write_state__rosidl_typesupport_introspection_c.h
[7.789s] -- Up-to-date: /home/misaka/fishbot/install/cartographer_ros_msgs/include/cartographer_ros_msgs/cartographer_ros_msgs/srv/detail/finish_trajectory__rosidl_typesupport_introspection_c.h
[7.790s] -- Up-to-date: /home/misaka/fishbot/install/cartographer_ros_msgs/include/cartographer_ros_msgs/cartographer_ros_msgs/srv/detail/read_metrics__type_support.c
[7.790s] -- Up-to-date: /home/misaka/fishbot/install/cartographer_ros_msgs/include/cartographer_ros_msgs/cartographer_ros_msgs/srv/detail/get_trajectory_states__type_support.c
[7.790s] -- Up-to-date: /home/misaka/fishbot/install/cartographer_ros_msgs/include/cartographer_ros_msgs/cartographer_ros_msgs/srv/detail/write_state__type_support.c
[7.790s] -- Up-to-date: /home/misaka/fishbot/install/cartographer_ros_msgs/include/cartographer_ros_msgs/cartographer_ros_msgs/srv/detail/trajectory_query__type_support.c
[7.791s] -- Up-to-date: /home/misaka/fishbot/install/cartographer_ros_msgs/include/cartographer_ros_msgs/cartographer_ros_msgs/srv/detail/trajectory_query__rosidl_typesupport_introspection_c.h
[7.791s] -- Up-to-date: /home/misaka/fishbot/install/cartographer_ros_msgs/include/cartographer_ros_msgs/cartographer_ros_msgs/srv/detail/start_trajectory__type_support.c
[7.791s] -- Up-to-date: /home/misaka/fishbot/install/cartographer_ros_msgs/include/cartographer_ros_msgs/cartographer_ros_msgs/srv/detail/start_trajectory__rosidl_typesupport_introspection_c.h
[7.792s] -- Up-to-date: /home/misaka/fishbot/install/cartographer_ros_msgs/include/cartographer_ros_msgs/cartographer_ros_msgs/srv/detail/finish_trajectory__type_support.c
[7.792s] -- Up-to-date: /home/misaka/fishbot/install/cartographer_ros_msgs/include/cartographer_ros_msgs/cartographer_ros_msgs/srv/detail/submap_query__rosidl_typesupport_introspection_c.h
[7.793s] -- Up-to-date: /home/misaka/fishbot/install/cartographer_ros_msgs/include/cartographer_ros_msgs/cartographer_ros_msgs/srv/detail/submap_query__type_support.c
[7.793s] -- Up-to-date: /home/misaka/fishbot/install/cartographer_ros_msgs/include/cartographer_ros_msgs/cartographer_ros_msgs/msg
[7.794s] -- Up-to-date: /home/misaka/fishbot/install/cartographer_ros_msgs/include/cartographer_ros_msgs/cartographer_ros_msgs/msg/detail
[7.794s] -- Up-to-date: /home/misaka/fishbot/install/cartographer_ros_msgs/include/cartographer_ros_msgs/cartographer_ros_msgs/msg/detail/metric__type_support.c
[7.795s] -- Up-to-date: /home/misaka/fishbot/install/cartographer_ros_msgs/include/cartographer_ros_msgs/cartographer_ros_msgs/msg/detail/submap_list__type_support.c
[7.795s] -- Up-to-date: /home/misaka/fishbot/install/cartographer_ros_msgs/include/cartographer_ros_msgs/cartographer_ros_msgs/msg/detail/submap_texture__rosidl_typesupport_introspection_c.h
[7.795s] -- Up-to-date: /home/misaka/fishbot/install/cartographer_ros_msgs/include/cartographer_ros_msgs/cartographer_ros_msgs/msg/detail/landmark_list__type_support.c
[7.797s] -- Up-to-date: /home/misaka/fishbot/install/cartographer_ros_msgs/include/cartographer_ros_msgs/cartographer_ros_msgs/msg/detail/submap_entry__rosidl_typesupport_introspection_c.h
[7.797s] -- Up-to-date: /home/misaka/fishbot/install/cartographer_ros_msgs/include/cartographer_ros_msgs/cartographer_ros_msgs/msg/detail/landmark_entry__rosidl_typesupport_introspection_c.h
[7.798s] -- Up-to-date: /home/misaka/fishbot/install/cartographer_ros_msgs/include/cartographer_ros_msgs/cartographer_ros_msgs/msg/detail/histogram_bucket__rosidl_typesupport_introspection_c.h
[7.798s] -- Up-to-date: /home/misaka/fishbot/install/cartographer_ros_msgs/include/cartographer_ros_msgs/cartographer_ros_msgs/msg/detail/bagfile_progress__rosidl_typesupport_introspection_c.h
[7.798s] -- Up-to-date: /home/misaka/fishbot/install/cartographer_ros_msgs/include/cartographer_ros_msgs/cartographer_ros_msgs/msg/detail/metric_family__rosidl_typesupport_introspection_c.h
[7.799s] -- Up-to-date: /home/misaka/fishbot/install/cartographer_ros_msgs/include/cartographer_ros_msgs/cartographer_ros_msgs/msg/detail/status_response__rosidl_typesupport_introspection_c.h
[7.799s] -- Up-to-date: /home/misaka/fishbot/install/cartographer_ros_msgs/include/cartographer_ros_msgs/cartographer_ros_msgs/msg/detail/trajectory_states__rosidl_typesupport_introspection_c.h
[7.799s] -- Up-to-date: /home/misaka/fishbot/install/cartographer_ros_msgs/include/cartographer_ros_msgs/cartographer_ros_msgs/msg/detail/bagfile_progress__type_support.c
[7.799s] -- Up-to-date: /home/misaka/fishbot/install/cartographer_ros_msgs/include/cartographer_ros_msgs/cartographer_ros_msgs/msg/detail/landmark_entry__type_support.c
[7.800s] -- Up-to-date: /home/misaka/fishbot/install/cartographer_ros_msgs/include/cartographer_ros_msgs/cartographer_ros_msgs/msg/detail/status_code__rosidl_typesupport_introspection_c.h
[7.800s] -- Up-to-date: /home/misaka/fishbot/install/cartographer_ros_msgs/include/cartographer_ros_msgs/cartographer_ros_msgs/msg/detail/submap_list__rosidl_typesupport_introspection_c.h
[7.800s] -- Up-to-date: /home/misaka/fishbot/install/cartographer_ros_msgs/include/cartographer_ros_msgs/cartographer_ros_msgs/msg/detail/submap_entry__type_support.c
[7.800s] -- Up-to-date: /home/misaka/fishbot/install/cartographer_ros_msgs/include/cartographer_ros_msgs/cartographer_ros_msgs/msg/detail/status_response__type_support.c
[7.800s] -- Up-to-date: /home/misaka/fishbot/install/cartographer_ros_msgs/include/cartographer_ros_msgs/cartographer_ros_msgs/msg/detail/landmark_list__rosidl_typesupport_introspection_c.h
[7.801s] -- Up-to-date: /home/misaka/fishbot/install/cartographer_ros_msgs/include/cartographer_ros_msgs/cartographer_ros_msgs/msg/detail/metric__rosidl_typesupport_introspection_c.h
[7.801s] -- Up-to-date: /home/misaka/fishbot/install/cartographer_ros_msgs/include/cartographer_ros_msgs/cartographer_ros_msgs/msg/detail/metric_label__type_support.c
[7.801s] -- Up-to-date: /home/misaka/fishbot/install/cartographer_ros_msgs/include/cartographer_ros_msgs/cartographer_ros_msgs/msg/detail/metric_family__type_support.c
[7.801s] -- Up-to-date: /home/misaka/fishbot/install/cartographer_ros_msgs/include/cartographer_ros_msgs/cartographer_ros_msgs/msg/detail/submap_texture__type_support.c
[7.802s] -- Up-to-date: /home/misaka/fishbot/install/cartographer_ros_msgs/include/cartographer_ros_msgs/cartographer_ros_msgs/msg/detail/trajectory_states__type_support.c
[7.802s] -- Up-to-date: /home/misaka/fishbot/install/cartographer_ros_msgs/include/cartographer_ros_msgs/cartographer_ros_msgs/msg/detail/status_code__type_support.c
[7.802s] -- Up-to-date: /home/misaka/fishbot/install/cartographer_ros_msgs/include/cartographer_ros_msgs/cartographer_ros_msgs/msg/detail/histogram_bucket__type_support.c
[7.802s] -- Up-to-date: /home/misaka/fishbot/install/cartographer_ros_msgs/include/cartographer_ros_msgs/cartographer_ros_msgs/msg/detail/metric_label__rosidl_typesupport_introspection_c.h
[7.803s] -- Up-to-date: /home/misaka/fishbot/install/cartographer_ros_msgs/include/cartographer_ros_msgs/cartographer_ros_msgs/msg/rosidl_typesupport_introspection_c__visibility_control.h
[7.803s] -- Up-to-date: /home/misaka/fishbot/install/cartographer_ros_msgs/lib/libcartographer_ros_msgs__rosidl_typesupport_introspection_c.so
[7.804s] -- Up-to-date: /home/misaka/fishbot/install/cartographer_ros_msgs/lib/libcartographer_ros_msgs__rosidl_typesupport_c.so
[7.804s] -- Up-to-date: /home/misaka/fishbot/install/cartographer_ros_msgs/include/cartographer_ros_msgs/cartographer_ros_msgs
[7.804s] -- Up-to-date: /home/misaka/fishbot/install/cartographer_ros_msgs/include/cartographer_ros_msgs/cartographer_ros_msgs/srv
[7.804s] -- Up-to-date: /home/misaka/fishbot/install/cartographer_ros_msgs/include/cartographer_ros_msgs/cartographer_ros_msgs/srv/write_state.hpp
[7.805s] -- Up-to-date: /home/misaka/fishbot/install/cartographer_ros_msgs/include/cartographer_ros_msgs/cartographer_ros_msgs/srv/get_trajectory_states.hpp
[7.805s] -- Up-to-date: /home/misaka/fishbot/install/cartographer_ros_msgs/include/cartographer_ros_msgs/cartographer_ros_msgs/srv/start_trajectory.hpp
[7.805s] -- Up-to-date: /home/misaka/fishbot/install/cartographer_ros_msgs/include/cartographer_ros_msgs/cartographer_ros_msgs/srv/submap_query.hpp
[7.806s] -- Up-to-date: /home/misaka/fishbot/install/cartographer_ros_msgs/include/cartographer_ros_msgs/cartographer_ros_msgs/srv/trajectory_query.hpp
[7.807s] -- Up-to-date: /home/misaka/fishbot/install/cartographer_ros_msgs/include/cartographer_ros_msgs/cartographer_ros_msgs/srv/finish_trajectory.hpp
[7.807s] -- Up-to-date: /home/misaka/fishbot/install/cartographer_ros_msgs/include/cartographer_ros_msgs/cartographer_ros_msgs/srv/detail
[7.807s] -- Up-to-date: /home/misaka/fishbot/install/cartographer_ros_msgs/include/cartographer_ros_msgs/cartographer_ros_msgs/srv/detail/get_trajectory_states__struct.hpp
[7.808s] -- Up-to-date: /home/misaka/fishbot/install/cartographer_ros_msgs/include/cartographer_ros_msgs/cartographer_ros_msgs/srv/detail/start_trajectory__struct.hpp
[7.808s] -- Up-to-date: /home/misaka/fishbot/install/cartographer_ros_msgs/include/cartographer_ros_msgs/cartographer_ros_msgs/srv/detail/get_trajectory_states__builder.hpp
[7.808s] -- Up-to-date: /home/misaka/fishbot/install/cartographer_ros_msgs/include/cartographer_ros_msgs/cartographer_ros_msgs/srv/detail/start_trajectory__traits.hpp
[7.809s] -- Up-to-date: /home/misaka/fishbot/install/cartographer_ros_msgs/include/cartographer_ros_msgs/cartographer_ros_msgs/srv/detail/trajectory_query__struct.hpp
[7.809s] -- Up-to-date: /home/misaka/fishbot/install/cartographer_ros_msgs/include/cartographer_ros_msgs/cartographer_ros_msgs/srv/detail/finish_trajectory__struct.hpp
[7.810s] -- Up-to-date: /home/misaka/fishbot/install/cartographer_ros_msgs/include/cartographer_ros_msgs/cartographer_ros_msgs/srv/detail/write_state__struct.hpp
[7.810s] -- Up-to-date: /home/misaka/fishbot/install/cartographer_ros_msgs/include/cartographer_ros_msgs/cartographer_ros_msgs/srv/detail/read_metrics__struct.hpp
[7.811s] -- Up-to-date: /home/misaka/fishbot/install/cartographer_ros_msgs/include/cartographer_ros_msgs/cartographer_ros_msgs/srv/detail/submap_query__struct.hpp
[7.811s] -- Up-to-date: /home/misaka/fishbot/install/cartographer_ros_msgs/include/cartographer_ros_msgs/cartographer_ros_msgs/srv/detail/write_state__builder.hpp
[7.811s] -- Up-to-date: /home/misaka/fishbot/install/cartographer_ros_msgs/include/cartographer_ros_msgs/cartographer_ros_msgs/srv/detail/finish_trajectory__traits.hpp
[7.812s] -- Up-to-date: /home/misaka/fishbot/install/cartographer_ros_msgs/include/cartographer_ros_msgs/cartographer_ros_msgs/srv/detail/submap_query__traits.hpp
[7.812s] -- Up-to-date: /home/misaka/fishbot/install/cartographer_ros_msgs/include/cartographer_ros_msgs/cartographer_ros_msgs/srv/detail/finish_trajectory__builder.hpp
[7.812s] -- Up-to-date: /home/misaka/fishbot/install/cartographer_ros_msgs/include/cartographer_ros_msgs/cartographer_ros_msgs/srv/detail/read_metrics__builder.hpp
[7.813s] -- Up-to-date: /home/misaka/fishbot/install/cartographer_ros_msgs/include/cartographer_ros_msgs/cartographer_ros_msgs/srv/detail/write_state__traits.hpp
[7.813s] -- Up-to-date: /home/misaka/fishbot/install/cartographer_ros_msgs/include/cartographer_ros_msgs/cartographer_ros_msgs/srv/detail/read_metrics__traits.hpp
[7.813s] -- Up-to-date: /home/misaka/fishbot/install/cartographer_ros_msgs/include/cartographer_ros_msgs/cartographer_ros_msgs/srv/detail/start_trajectory__builder.hpp
[7.813s] -- Up-to-date: /home/misaka/fishbot/install/cartographer_ros_msgs/include/cartographer_ros_msgs/cartographer_ros_msgs/srv/detail/trajectory_query__traits.hpp
[7.814s] -- Up-to-date: /home/misaka/fishbot/install/cartographer_ros_msgs/include/cartographer_ros_msgs/cartographer_ros_msgs/srv/detail/submap_query__builder.hpp
[7.814s] -- Up-to-date: /home/misaka/fishbot/install/cartographer_ros_msgs/include/cartographer_ros_msgs/cartographer_ros_msgs/srv/detail/trajectory_query__builder.hpp
[7.816s] -- Up-to-date: /home/misaka/fishbot/install/cartographer_ros_msgs/include/cartographer_ros_msgs/cartographer_ros_msgs/srv/detail/get_trajectory_states__traits.hpp
[7.816s] -- Up-to-date: /home/misaka/fishbot/install/cartographer_ros_msgs/include/cartographer_ros_msgs/cartographer_ros_msgs/srv/read_metrics.hpp
[7.817s] -- Up-to-date: /home/misaka/fishbot/install/cartographer_ros_msgs/include/cartographer_ros_msgs/cartographer_ros_msgs/msg
[7.817s] -- Up-to-date: /home/misaka/fishbot/install/cartographer_ros_msgs/include/cartographer_ros_msgs/cartographer_ros_msgs/msg/submap_texture.hpp
[7.817s] -- Up-to-date: /home/misaka/fishbot/install/cartographer_ros_msgs/include/cartographer_ros_msgs/cartographer_ros_msgs/msg/status_response.hpp
[7.817s] -- Up-to-date: /home/misaka/fishbot/install/cartographer_ros_msgs/include/cartographer_ros_msgs/cartographer_ros_msgs/msg/landmark_entry.hpp
[7.818s] -- Up-to-date: /home/misaka/fishbot/install/cartographer_ros_msgs/include/cartographer_ros_msgs/cartographer_ros_msgs/msg/status_code.hpp
[7.818s] -- Up-to-date: /home/misaka/fishbot/install/cartographer_ros_msgs/include/cartographer_ros_msgs/cartographer_ros_msgs/msg/landmark_list.hpp
[7.818s] -- Up-to-date: /home/misaka/fishbot/install/cartographer_ros_msgs/include/cartographer_ros_msgs/cartographer_ros_msgs/msg/submap_entry.hpp
[7.818s] -- Up-to-date: /home/misaka/fishbot/install/cartographer_ros_msgs/include/cartographer_ros_msgs/cartographer_ros_msgs/msg/submap_list.hpp
[7.819s] -- Up-to-date: /home/misaka/fishbot/install/cartographer_ros_msgs/include/cartographer_ros_msgs/cartographer_ros_msgs/msg/histogram_bucket.hpp
[7.819s] -- Up-to-date: /home/misaka/fishbot/install/cartographer_ros_msgs/include/cartographer_ros_msgs/cartographer_ros_msgs/msg/metric_label.hpp
[7.819s] -- Up-to-date: /home/misaka/fishbot/install/cartographer_ros_msgs/include/cartographer_ros_msgs/cartographer_ros_msgs/msg/detail
[7.820s] -- Up-to-date: /home/misaka/fishbot/install/cartographer_ros_msgs/include/cartographer_ros_msgs/cartographer_ros_msgs/msg/detail/status_code__builder.hpp
[7.820s] -- Up-to-date: /home/misaka/fishbot/install/cartographer_ros_msgs/include/cartographer_ros_msgs/cartographer_ros_msgs/msg/detail/landmark_entry__traits.hpp
[7.820s] -- Up-to-date: /home/misaka/fishbot/install/cartographer_ros_msgs/include/cartographer_ros_msgs/cartographer_ros_msgs/msg/detail/status_response__builder.hpp
[7.821s] -- Up-to-date: /home/misaka/fishbot/install/cartographer_ros_msgs/include/cartographer_ros_msgs/cartographer_ros_msgs/msg/detail/submap_list__traits.hpp
[7.822s] -- Up-to-date: /home/misaka/fishbot/install/cartographer_ros_msgs/include/cartographer_ros_msgs/cartographer_ros_msgs/msg/detail/metric_family__traits.hpp
[7.823s] -- Up-to-date: /home/misaka/fishbot/install/cartographer_ros_msgs/include/cartographer_ros_msgs/cartographer_ros_msgs/msg/detail/status_code__struct.hpp
[7.825s] -- Up-to-date: /home/misaka/fishbot/install/cartographer_ros_msgs/include/cartographer_ros_msgs/cartographer_ros_msgs/msg/detail/submap_texture__builder.hpp
[7.825s] -- Up-to-date: /home/misaka/fishbot/install/cartographer_ros_msgs/include/cartographer_ros_msgs/cartographer_ros_msgs/msg/detail/metric_label__traits.hpp
[7.825s] -- Up-to-date: /home/misaka/fishbot/install/cartographer_ros_msgs/include/cartographer_ros_msgs/cartographer_ros_msgs/msg/detail/submap_list__builder.hpp
[7.825s] -- Up-to-date: /home/misaka/fishbot/install/cartographer_ros_msgs/include/cartographer_ros_msgs/cartographer_ros_msgs/msg/detail/bagfile_progress__traits.hpp
[7.825s] -- Up-to-date: /home/misaka/fishbot/install/cartographer_ros_msgs/include/cartographer_ros_msgs/cartographer_ros_msgs/msg/detail/landmark_list__struct.hpp
[7.825s] -- Up-to-date: /home/misaka/fishbot/install/cartographer_ros_msgs/include/cartographer_ros_msgs/cartographer_ros_msgs/msg/detail/submap_list__struct.hpp
[7.825s] -- Up-to-date: /home/misaka/fishbot/install/cartographer_ros_msgs/include/cartographer_ros_msgs/cartographer_ros_msgs/msg/detail/landmark_list__builder.hpp
[7.825s] -- Up-to-date: /home/misaka/fishbot/install/cartographer_ros_msgs/include/cartographer_ros_msgs/cartographer_ros_msgs/msg/detail/metric__builder.hpp
[7.826s] -- Up-to-date: /home/misaka/fishbot/install/cartographer_ros_msgs/include/cartographer_ros_msgs/cartographer_ros_msgs/msg/detail/bagfile_progress__struct.hpp
[7.826s] -- Up-to-date: /home/misaka/fishbot/install/cartographer_ros_msgs/include/cartographer_ros_msgs/cartographer_ros_msgs/msg/detail/metric__struct.hpp
[7.826s] -- Up-to-date: /home/misaka/fishbot/install/cartographer_ros_msgs/include/cartographer_ros_msgs/cartographer_ros_msgs/msg/detail/status_code__traits.hpp
[7.826s] -- Up-to-date: /home/misaka/fishbot/install/cartographer_ros_msgs/include/cartographer_ros_msgs/cartographer_ros_msgs/msg/detail/submap_texture__traits.hpp
[7.826s] -- Up-to-date: /home/misaka/fishbot/install/cartographer_ros_msgs/include/cartographer_ros_msgs/cartographer_ros_msgs/msg/detail/status_response__traits.hpp
[7.827s] -- Up-to-date: /home/misaka/fishbot/install/cartographer_ros_msgs/include/cartographer_ros_msgs/cartographer_ros_msgs/msg/detail/landmark_list__traits.hpp
[7.827s] -- Up-to-date: /home/misaka/fishbot/install/cartographer_ros_msgs/include/cartographer_ros_msgs/cartographer_ros_msgs/msg/detail/metric__traits.hpp
[7.827s] -- Up-to-date: /home/misaka/fishbot/install/cartographer_ros_msgs/include/cartographer_ros_msgs/cartographer_ros_msgs/msg/detail/submap_entry__traits.hpp
[7.827s] -- Up-to-date: /home/misaka/fishbot/install/cartographer_ros_msgs/include/cartographer_ros_msgs/cartographer_ros_msgs/msg/detail/histogram_bucket__builder.hpp
[7.827s] -- Up-to-date: /home/misaka/fishbot/install/cartographer_ros_msgs/include/cartographer_ros_msgs/cartographer_ros_msgs/msg/detail/landmark_entry__builder.hpp
[7.827s] -- Up-to-date: /home/misaka/fishbot/install/cartographer_ros_msgs/include/cartographer_ros_msgs/cartographer_ros_msgs/msg/detail/landmark_entry__struct.hpp
[7.828s] -- Up-to-date: /home/misaka/fishbot/install/cartographer_ros_msgs/include/cartographer_ros_msgs/cartographer_ros_msgs/msg/detail/bagfile_progress__builder.hpp
[7.828s] -- Up-to-date: /home/misaka/fishbot/install/cartographer_ros_msgs/include/cartographer_ros_msgs/cartographer_ros_msgs/msg/detail/histogram_bucket__struct.hpp
[7.829s] -- Up-to-date: /home/misaka/fishbot/install/cartographer_ros_msgs/include/cartographer_ros_msgs/cartographer_ros_msgs/msg/detail/submap_entry__struct.hpp
[7.829s] -- Up-to-date: /home/misaka/fishbot/install/cartographer_ros_msgs/include/cartographer_ros_msgs/cartographer_ros_msgs/msg/detail/trajectory_states__struct.hpp
[7.830s] -- Up-to-date: /home/misaka/fishbot/install/cartographer_ros_msgs/include/cartographer_ros_msgs/cartographer_ros_msgs/msg/detail/metric_label__struct.hpp
[7.830s] -- Up-to-date: /home/misaka/fishbot/install/cartographer_ros_msgs/include/cartographer_ros_msgs/cartographer_ros_msgs/msg/detail/trajectory_states__builder.hpp
[7.830s] -- Up-to-date: /home/misaka/fishbot/install/cartographer_ros_msgs/include/cartographer_ros_msgs/cartographer_ros_msgs/msg/detail/metric_label__builder.hpp
[7.830s] -- Up-to-date: /home/misaka/fishbot/install/cartographer_ros_msgs/include/cartographer_ros_msgs/cartographer_ros_msgs/msg/detail/histogram_bucket__traits.hpp
[7.830s] -- Up-to-date: /home/misaka/fishbot/install/cartographer_ros_msgs/include/cartographer_ros_msgs/cartographer_ros_msgs/msg/detail/status_response__struct.hpp
[7.831s] -- Up-to-date: /home/misaka/fishbot/install/cartographer_ros_msgs/include/cartographer_ros_msgs/cartographer_ros_msgs/msg/detail/metric_family__struct.hpp
[7.831s] -- Up-to-date: /home/misaka/fishbot/install/cartographer_ros_msgs/include/cartographer_ros_msgs/cartographer_ros_msgs/msg/detail/submap_texture__struct.hpp
[7.831s] -- Up-to-date: /home/misaka/fishbot/install/cartographer_ros_msgs/include/cartographer_ros_msgs/cartographer_ros_msgs/msg/detail/submap_entry__builder.hpp
[7.831s] -- Up-to-date: /home/misaka/fishbot/install/cartographer_ros_msgs/include/cartographer_ros_msgs/cartographer_ros_msgs/msg/detail/trajectory_states__traits.hpp
[7.831s] -- Up-to-date: /home/misaka/fishbot/install/cartographer_ros_msgs/include/cartographer_ros_msgs/cartographer_ros_msgs/msg/detail/metric_family__builder.hpp
[7.831s] -- Up-to-date: /home/misaka/fishbot/install/cartographer_ros_msgs/include/cartographer_ros_msgs/cartographer_ros_msgs/msg/metric.hpp
[7.832s] -- Up-to-date: /home/misaka/fishbot/install/cartographer_ros_msgs/include/cartographer_ros_msgs/cartographer_ros_msgs/msg/bagfile_progress.hpp
[7.832s] -- Up-to-date: /home/misaka/fishbot/install/cartographer_ros_msgs/include/cartographer_ros_msgs/cartographer_ros_msgs/msg/trajectory_states.hpp
[7.832s] -- Up-to-date: /home/misaka/fishbot/install/cartographer_ros_msgs/include/cartographer_ros_msgs/cartographer_ros_msgs/msg/metric_family.hpp
[7.832s] -- Up-to-date: /home/misaka/fishbot/install/cartographer_ros_msgs/include/cartographer_ros_msgs/cartographer_ros_msgs
[7.832s] -- Up-to-date: /home/misaka/fishbot/install/cartographer_ros_msgs/include/cartographer_ros_msgs/cartographer_ros_msgs/srv
[7.832s] -- Up-to-date: /home/misaka/fishbot/install/cartographer_ros_msgs/include/cartographer_ros_msgs/cartographer_ros_msgs/srv/detail
[7.832s] -- Up-to-date: /home/misaka/fishbot/install/cartographer_ros_msgs/include/cartographer_ros_msgs/cartographer_ros_msgs/srv/detail/submap_query__rosidl_typesupport_fastrtps_cpp.hpp
[7.833s] -- Up-to-date: /home/misaka/fishbot/install/cartographer_ros_msgs/include/cartographer_ros_msgs/cartographer_ros_msgs/srv/detail/dds_fastrtps
[7.833s] -- Up-to-date: /home/misaka/fishbot/install/cartographer_ros_msgs/include/cartographer_ros_msgs/cartographer_ros_msgs/srv/detail/get_trajectory_states__rosidl_typesupport_fastrtps_cpp.hpp
[7.833s] -- Up-to-date: /home/misaka/fishbot/install/cartographer_ros_msgs/include/cartographer_ros_msgs/cartographer_ros_msgs/srv/detail/trajectory_query__rosidl_typesupport_fastrtps_cpp.hpp
[7.833s] -- Up-to-date: /home/misaka/fishbot/install/cartographer_ros_msgs/include/cartographer_ros_msgs/cartographer_ros_msgs/srv/detail/read_metrics__rosidl_typesupport_fastrtps_cpp.hpp
[7.833s] -- Up-to-date: /home/misaka/fishbot/install/cartographer_ros_msgs/include/cartographer_ros_msgs/cartographer_ros_msgs/srv/detail/finish_trajectory__rosidl_typesupport_fastrtps_cpp.hpp
[7.833s] -- Up-to-date: /home/misaka/fishbot/install/cartographer_ros_msgs/include/cartographer_ros_msgs/cartographer_ros_msgs/srv/detail/start_trajectory__rosidl_typesupport_fastrtps_cpp.hpp
[7.834s] -- Up-to-date: /home/misaka/fishbot/install/cartographer_ros_msgs/include/cartographer_ros_msgs/cartographer_ros_msgs/srv/detail/write_state__rosidl_typesupport_fastrtps_cpp.hpp
[7.834s] -- Up-to-date: /home/misaka/fishbot/install/cartographer_ros_msgs/include/cartographer_ros_msgs/cartographer_ros_msgs/msg
[7.834s] -- Up-to-date: /home/misaka/fishbot/install/cartographer_ros_msgs/include/cartographer_ros_msgs/cartographer_ros_msgs/msg/detail
[7.834s] -- Up-to-date: /home/misaka/fishbot/install/cartographer_ros_msgs/include/cartographer_ros_msgs/cartographer_ros_msgs/msg/detail/landmark_list__rosidl_typesupport_fastrtps_cpp.hpp
[7.834s] -- Up-to-date: /home/misaka/fishbot/install/cartographer_ros_msgs/include/cartographer_ros_msgs/cartographer_ros_msgs/msg/detail/histogram_bucket__rosidl_typesupport_fastrtps_cpp.hpp
[7.834s] -- Up-to-date: /home/misaka/fishbot/install/cartographer_ros_msgs/include/cartographer_ros_msgs/cartographer_ros_msgs/msg/detail/submap_entry__rosidl_typesupport_fastrtps_cpp.hpp
[7.834s] -- Up-to-date: /home/misaka/fishbot/install/cartographer_ros_msgs/include/cartographer_ros_msgs/cartographer_ros_msgs/msg/detail/status_code__rosidl_typesupport_fastrtps_cpp.hpp
[7.835s] -- Up-to-date: /home/misaka/fishbot/install/cartographer_ros_msgs/include/cartographer_ros_msgs/cartographer_ros_msgs/msg/detail/metric_label__rosidl_typesupport_fastrtps_cpp.hpp
[7.835s] -- Up-to-date: /home/misaka/fishbot/install/cartographer_ros_msgs/include/cartographer_ros_msgs/cartographer_ros_msgs/msg/detail/dds_fastrtps
[7.835s] -- Up-to-date: /home/misaka/fishbot/install/cartographer_ros_msgs/include/cartographer_ros_msgs/cartographer_ros_msgs/msg/detail/submap_texture__rosidl_typesupport_fastrtps_cpp.hpp
[7.835s] -- Up-to-date: /home/misaka/fishbot/install/cartographer_ros_msgs/include/cartographer_ros_msgs/cartographer_ros_msgs/msg/detail/trajectory_states__rosidl_typesupport_fastrtps_cpp.hpp
[7.835s] -- Up-to-date: /home/misaka/fishbot/install/cartographer_ros_msgs/include/cartographer_ros_msgs/cartographer_ros_msgs/msg/detail/metric_family__rosidl_typesupport_fastrtps_cpp.hpp
[7.836s] -- Up-to-date: /home/misaka/fishbot/install/cartographer_ros_msgs/include/cartographer_ros_msgs/cartographer_ros_msgs/msg/detail/metric__rosidl_typesupport_fastrtps_cpp.hpp
[7.836s] -- Up-to-date: /home/misaka/fishbot/install/cartographer_ros_msgs/include/cartographer_ros_msgs/cartographer_ros_msgs/msg/detail/status_response__rosidl_typesupport_fastrtps_cpp.hpp
[7.836s] -- Up-to-date: /home/misaka/fishbot/install/cartographer_ros_msgs/include/cartographer_ros_msgs/cartographer_ros_msgs/msg/detail/landmark_entry__rosidl_typesupport_fastrtps_cpp.hpp
[7.836s] -- Up-to-date: /home/misaka/fishbot/install/cartographer_ros_msgs/include/cartographer_ros_msgs/cartographer_ros_msgs/msg/detail/bagfile_progress__rosidl_typesupport_fastrtps_cpp.hpp
[7.836s] -- Up-to-date: /home/misaka/fishbot/install/cartographer_ros_msgs/include/cartographer_ros_msgs/cartographer_ros_msgs/msg/detail/submap_list__rosidl_typesupport_fastrtps_cpp.hpp
[7.837s] -- Up-to-date: /home/misaka/fishbot/install/cartographer_ros_msgs/include/cartographer_ros_msgs/cartographer_ros_msgs/msg/rosidl_typesupport_fastrtps_cpp__visibility_control.h
[7.837s] -- Up-to-date: /home/misaka/fishbot/install/cartographer_ros_msgs/lib/libcartographer_ros_msgs__rosidl_typesupport_fastrtps_cpp.so
[7.838s] -- Up-to-date: /home/misaka/fishbot/install/cartographer_ros_msgs/include/cartographer_ros_msgs/cartographer_ros_msgs
[7.839s] -- Up-to-date: /home/misaka/fishbot/install/cartographer_ros_msgs/include/cartographer_ros_msgs/cartographer_ros_msgs/srv
[7.839s] -- Up-to-date: /home/misaka/fishbot/install/cartographer_ros_msgs/include/cartographer_ros_msgs/cartographer_ros_msgs/srv/detail
[7.840s] -- Up-to-date: /home/misaka/fishbot/install/cartographer_ros_msgs/include/cartographer_ros_msgs/cartographer_ros_msgs/srv/detail/get_trajectory_states__rosidl_typesupport_introspection_cpp.hpp
[7.840s] -- Up-to-date: /home/misaka/fishbot/install/cartographer_ros_msgs/include/cartographer_ros_msgs/cartographer_ros_msgs/srv/detail/start_trajectory__type_support.cpp
[7.840s] -- Up-to-date: /home/misaka/fishbot/install/cartographer_ros_msgs/include/cartographer_ros_msgs/cartographer_ros_msgs/srv/detail/read_metrics__type_support.cpp
[7.840s] -- Up-to-date: /home/misaka/fishbot/install/cartographer_ros_msgs/include/cartographer_ros_msgs/cartographer_ros_msgs/srv/detail/read_metrics__rosidl_typesupport_introspection_cpp.hpp
[7.840s] -- Up-to-date: /home/misaka/fishbot/install/cartographer_ros_msgs/include/cartographer_ros_msgs/cartographer_ros_msgs/srv/detail/start_trajectory__rosidl_typesupport_introspection_cpp.hpp
[7.841s] -- Up-to-date: /home/misaka/fishbot/install/cartographer_ros_msgs/include/cartographer_ros_msgs/cartographer_ros_msgs/srv/detail/write_state__type_support.cpp
[7.841s] -- Up-to-date: /home/misaka/fishbot/install/cartographer_ros_msgs/include/cartographer_ros_msgs/cartographer_ros_msgs/srv/detail/get_trajectory_states__type_support.cpp
[7.841s] -- Up-to-date: /home/misaka/fishbot/install/cartographer_ros_msgs/include/cartographer_ros_msgs/cartographer_ros_msgs/srv/detail/trajectory_query__rosidl_typesupport_introspection_cpp.hpp
[7.842s] -- Up-to-date: /home/misaka/fishbot/install/cartographer_ros_msgs/include/cartographer_ros_msgs/cartographer_ros_msgs/srv/detail/submap_query__type_support.cpp
[7.842s] -- Up-to-date: /home/misaka/fishbot/install/cartographer_ros_msgs/include/cartographer_ros_msgs/cartographer_ros_msgs/srv/detail/write_state__rosidl_typesupport_introspection_cpp.hpp
[7.843s] -- Up-to-date: /home/misaka/fishbot/install/cartographer_ros_msgs/include/cartographer_ros_msgs/cartographer_ros_msgs/srv/detail/trajectory_query__type_support.cpp
[7.843s] -- Up-to-date: /home/misaka/fishbot/install/cartographer_ros_msgs/include/cartographer_ros_msgs/cartographer_ros_msgs/srv/detail/submap_query__rosidl_typesupport_introspection_cpp.hpp
[7.843s] -- Up-to-date: /home/misaka/fishbot/install/cartographer_ros_msgs/include/cartographer_ros_msgs/cartographer_ros_msgs/srv/detail/finish_trajectory__rosidl_typesupport_introspection_cpp.hpp
[7.844s] -- Up-to-date: /home/misaka/fishbot/install/cartographer_ros_msgs/include/cartographer_ros_msgs/cartographer_ros_msgs/srv/detail/finish_trajectory__type_support.cpp
[7.844s] -- Up-to-date: /home/misaka/fishbot/install/cartographer_ros_msgs/include/cartographer_ros_msgs/cartographer_ros_msgs/msg
[7.844s] -- Up-to-date: /home/misaka/fishbot/install/cartographer_ros_msgs/include/cartographer_ros_msgs/cartographer_ros_msgs/msg/detail
[7.844s] -- Up-to-date: /home/misaka/fishbot/install/cartographer_ros_msgs/include/cartographer_ros_msgs/cartographer_ros_msgs/msg/detail/metric__type_support.cpp
[7.846s] -- Up-to-date: /home/misaka/fishbot/install/cartographer_ros_msgs/include/cartographer_ros_msgs/cartographer_ros_msgs/msg/detail/submap_entry__rosidl_typesupport_introspection_cpp.hpp
[7.846s] -- Up-to-date: /home/misaka/fishbot/install/cartographer_ros_msgs/include/cartographer_ros_msgs/cartographer_ros_msgs/msg/detail/bagfile_progress__rosidl_typesupport_introspection_cpp.hpp
[7.847s] -- Up-to-date: /home/misaka/fishbot/install/cartographer_ros_msgs/include/cartographer_ros_msgs/cartographer_ros_msgs/msg/detail/submap_entry__type_support.cpp
[7.847s] -- Up-to-date: /home/misaka/fishbot/install/cartographer_ros_msgs/include/cartographer_ros_msgs/cartographer_ros_msgs/msg/detail/landmark_list__type_support.cpp
[7.847s] -- Up-to-date: /home/misaka/fishbot/install/cartographer_ros_msgs/include/cartographer_ros_msgs/cartographer_ros_msgs/msg/detail/trajectory_states__type_support.cpp
[7.848s] -- Up-to-date: /home/misaka/fishbot/install/cartographer_ros_msgs/include/cartographer_ros_msgs/cartographer_ros_msgs/msg/detail/status_code__rosidl_typesupport_introspection_cpp.hpp
[7.848s] -- Up-to-date: /home/misaka/fishbot/install/cartographer_ros_msgs/include/cartographer_ros_msgs/cartographer_ros_msgs/msg/detail/status_response__type_support.cpp
[7.848s] -- Up-to-date: /home/misaka/fishbot/install/cartographer_ros_msgs/include/cartographer_ros_msgs/cartographer_ros_msgs/msg/detail/submap_texture__type_support.cpp
[7.849s] -- Up-to-date: /home/misaka/fishbot/install/cartographer_ros_msgs/include/cartographer_ros_msgs/cartographer_ros_msgs/msg/detail/metric_label__type_support.cpp
[7.849s] -- Up-to-date: /home/misaka/fishbot/install/cartographer_ros_msgs/include/cartographer_ros_msgs/cartographer_ros_msgs/msg/detail/status_response__rosidl_typesupport_introspection_cpp.hpp
[7.849s] -- Up-to-date: /home/misaka/fishbot/install/cartographer_ros_msgs/include/cartographer_ros_msgs/cartographer_ros_msgs/msg/detail/landmark_entry__type_support.cpp
[7.849s] -- Up-to-date: /home/misaka/fishbot/install/cartographer_ros_msgs/include/cartographer_ros_msgs/cartographer_ros_msgs/msg/detail/histogram_bucket__type_support.cpp
[7.850s] -- Up-to-date: /home/misaka/fishbot/install/cartographer_ros_msgs/include/cartographer_ros_msgs/cartographer_ros_msgs/msg/detail/metric_family__type_support.cpp
[7.850s] -- Up-to-date: /home/misaka/fishbot/install/cartographer_ros_msgs/include/cartographer_ros_msgs/cartographer_ros_msgs/msg/detail/submap_list__type_support.cpp
[7.850s] -- Up-to-date: /home/misaka/fishbot/install/cartographer_ros_msgs/include/cartographer_ros_msgs/cartographer_ros_msgs/msg/detail/submap_list__rosidl_typesupport_introspection_cpp.hpp
[7.850s] -- Up-to-date: /home/misaka/fishbot/install/cartographer_ros_msgs/include/cartographer_ros_msgs/cartographer_ros_msgs/msg/detail/trajectory_states__rosidl_typesupport_introspection_cpp.hpp
[7.851s] -- Up-to-date: /home/misaka/fishbot/install/cartographer_ros_msgs/include/cartographer_ros_msgs/cartographer_ros_msgs/msg/detail/bagfile_progress__type_support.cpp
[7.851s] -- Up-to-date: /home/misaka/fishbot/install/cartographer_ros_msgs/include/cartographer_ros_msgs/cartographer_ros_msgs/msg/detail/submap_texture__rosidl_typesupport_introspection_cpp.hpp
[7.851s] -- Up-to-date: /home/misaka/fishbot/install/cartographer_ros_msgs/include/cartographer_ros_msgs/cartographer_ros_msgs/msg/detail/metric__rosidl_typesupport_introspection_cpp.hpp
[7.852s] -- Up-to-date: /home/misaka/fishbot/install/cartographer_ros_msgs/include/cartographer_ros_msgs/cartographer_ros_msgs/msg/detail/status_code__type_support.cpp
[7.853s] -- Up-to-date: /home/misaka/fishbot/install/cartographer_ros_msgs/include/cartographer_ros_msgs/cartographer_ros_msgs/msg/detail/landmark_entry__rosidl_typesupport_introspection_cpp.hpp
[7.854s] -- Up-to-date: /home/misaka/fishbot/install/cartographer_ros_msgs/include/cartographer_ros_msgs/cartographer_ros_msgs/msg/detail/metric_family__rosidl_typesupport_introspection_cpp.hpp
[7.854s] -- Up-to-date: /home/misaka/fishbot/install/cartographer_ros_msgs/include/cartographer_ros_msgs/cartographer_ros_msgs/msg/detail/metric_label__rosidl_typesupport_introspection_cpp.hpp
[7.854s] -- Up-to-date: /home/misaka/fishbot/install/cartographer_ros_msgs/include/cartographer_ros_msgs/cartographer_ros_msgs/msg/detail/landmark_list__rosidl_typesupport_introspection_cpp.hpp
[7.854s] -- Up-to-date: /home/misaka/fishbot/install/cartographer_ros_msgs/include/cartographer_ros_msgs/cartographer_ros_msgs/msg/detail/histogram_bucket__rosidl_typesupport_introspection_cpp.hpp
[7.855s] -- Up-to-date: /home/misaka/fishbot/install/cartographer_ros_msgs/lib/libcartographer_ros_msgs__rosidl_typesupport_introspection_cpp.so
[7.855s] -- Up-to-date: /home/misaka/fishbot/install/cartographer_ros_msgs/lib/libcartographer_ros_msgs__rosidl_typesupport_cpp.so
[7.855s] -- Up-to-date: /home/misaka/fishbot/install/cartographer_ros_msgs/share/cartographer_ros_msgs/environment/pythonpath.sh
[7.856s] -- Up-to-date: /home/misaka/fishbot/install/cartographer_ros_msgs/share/cartographer_ros_msgs/environment/pythonpath.dsv
[7.856s] -- Up-to-date: /home/misaka/fishbot/install/cartographer_ros_msgs/local/lib/python3.10/dist-packages/cartographer_ros_msgs-2.0.9000-py3.10.egg-info
[7.856s] -- Installing: /home/misaka/fishbot/install/cartographer_ros_msgs/local/lib/python3.10/dist-packages/cartographer_ros_msgs-2.0.9000-py3.10.egg-info/PKG-INFO
[7.856s] -- Installing: /home/misaka/fishbot/install/cartographer_ros_msgs/local/lib/python3.10/dist-packages/cartographer_ros_msgs-2.0.9000-py3.10.egg-info/dependency_links.txt
[7.857s] -- Installing: /home/misaka/fishbot/install/cartographer_ros_msgs/local/lib/python3.10/dist-packages/cartographer_ros_msgs-2.0.9000-py3.10.egg-info/SOURCES.txt
[7.857s] -- Installing: /home/misaka/fishbot/install/cartographer_ros_msgs/local/lib/python3.10/dist-packages/cartographer_ros_msgs-2.0.9000-py3.10.egg-info/top_level.txt
[7.857s] -- Up-to-date: /home/misaka/fishbot/install/cartographer_ros_msgs/local/lib/python3.10/dist-packages/cartographer_ros_msgs
[7.857s] -- Up-to-date: /home/misaka/fishbot/install/cartographer_ros_msgs/local/lib/python3.10/dist-packages/cartographer_ros_msgs/libcartographer_ros_msgs__rosidl_generator_py.so
[7.858s] -- Up-to-date: /home/misaka/fishbot/install/cartographer_ros_msgs/local/lib/python3.10/dist-packages/cartographer_ros_msgs/_cartographer_ros_msgs_s.ep.rosidl_typesupport_fastrtps_c.c
[7.858s] -- Up-to-date: /home/misaka/fishbot/install/cartographer_ros_msgs/local/lib/python3.10/dist-packages/cartographer_ros_msgs/_cartographer_ros_msgs_s.ep.rosidl_typesupport_c.c
[7.858s] -- Up-to-date: /home/misaka/fishbot/install/cartographer_ros_msgs/local/lib/python3.10/dist-packages/cartographer_ros_msgs/srv
[7.858s] -- Up-to-date: /home/misaka/fishbot/install/cartographer_ros_msgs/local/lib/python3.10/dist-packages/cartographer_ros_msgs/srv/_trajectory_query_s.c
[7.859s] -- Up-to-date: /home/misaka/fishbot/install/cartographer_ros_msgs/local/lib/python3.10/dist-packages/cartographer_ros_msgs/srv/_trajectory_query.py
[7.859s] -- Up-to-date: /home/misaka/fishbot/install/cartographer_ros_msgs/local/lib/python3.10/dist-packages/cartographer_ros_msgs/srv/_submap_query_s.c
[7.860s] -- Up-to-date: /home/misaka/fishbot/install/cartographer_ros_msgs/local/lib/python3.10/dist-packages/cartographer_ros_msgs/srv/_write_state_s.c
[7.860s] -- Up-to-date: /home/misaka/fishbot/install/cartographer_ros_msgs/local/lib/python3.10/dist-packages/cartographer_ros_msgs/srv/_get_trajectory_states_s.c
[7.860s] -- Up-to-date: /home/misaka/fishbot/install/cartographer_ros_msgs/local/lib/python3.10/dist-packages/cartographer_ros_msgs/srv/_finish_trajectory.py
[7.860s] -- Up-to-date: /home/misaka/fishbot/install/cartographer_ros_msgs/local/lib/python3.10/dist-packages/cartographer_ros_msgs/srv/_finish_trajectory_s.c
[7.860s] -- Up-to-date: /home/misaka/fishbot/install/cartographer_ros_msgs/local/lib/python3.10/dist-packages/cartographer_ros_msgs/srv/_get_trajectory_states.py
[7.860s] -- Up-to-date: /home/misaka/fishbot/install/cartographer_ros_msgs/local/lib/python3.10/dist-packages/cartographer_ros_msgs/srv/_write_state.py
[7.860s] -- Up-to-date: /home/misaka/fishbot/install/cartographer_ros_msgs/local/lib/python3.10/dist-packages/cartographer_ros_msgs/srv/_read_metrics.py
[7.861s] -- Up-to-date: /home/misaka/fishbot/install/cartographer_ros_msgs/local/lib/python3.10/dist-packages/cartographer_ros_msgs/srv/_start_trajectory_s.c
[7.861s] -- Up-to-date: /home/misaka/fishbot/install/cartographer_ros_msgs/local/lib/python3.10/dist-packages/cartographer_ros_msgs/srv/__init__.py
[7.861s] -- Up-to-date: /home/misaka/fishbot/install/cartographer_ros_msgs/local/lib/python3.10/dist-packages/cartographer_ros_msgs/srv/_read_metrics_s.c
[7.861s] -- Up-to-date: /home/misaka/fishbot/install/cartographer_ros_msgs/local/lib/python3.10/dist-packages/cartographer_ros_msgs/srv/_submap_query.py
[7.861s] -- Up-to-date: /home/misaka/fishbot/install/cartographer_ros_msgs/local/lib/python3.10/dist-packages/cartographer_ros_msgs/srv/_start_trajectory.py
[7.861s] -- Up-to-date: /home/misaka/fishbot/install/cartographer_ros_msgs/local/lib/python3.10/dist-packages/cartographer_ros_msgs/cartographer_ros_msgs_s__rosidl_typesupport_c.cpython-310-x86_64-linux-gnu.so
[7.861s] -- Up-to-date: /home/misaka/fishbot/install/cartographer_ros_msgs/local/lib/python3.10/dist-packages/cartographer_ros_msgs/__init__.py
[7.862s] -- Up-to-date: /home/misaka/fishbot/install/cartographer_ros_msgs/local/lib/python3.10/dist-packages/cartographer_ros_msgs/cartographer_ros_msgs_s__rosidl_typesupport_fastrtps_c.cpython-310-x86_64-linux-gnu.so
[7.862s] -- Up-to-date: /home/misaka/fishbot/install/cartographer_ros_msgs/local/lib/python3.10/dist-packages/cartographer_ros_msgs/_cartographer_ros_msgs_s.ep.rosidl_typesupport_introspection_c.c
[7.862s] -- Up-to-date: /home/misaka/fishbot/install/cartographer_ros_msgs/local/lib/python3.10/dist-packages/cartographer_ros_msgs/msg
[7.863s] -- Up-to-date: /home/misaka/fishbot/install/cartographer_ros_msgs/local/lib/python3.10/dist-packages/cartographer_ros_msgs/msg/_metric.py
[7.863s] -- Up-to-date: /home/misaka/fishbot/install/cartographer_ros_msgs/local/lib/python3.10/dist-packages/cartographer_ros_msgs/msg/_metric_s.c
[7.863s] -- Up-to-date: /home/misaka/fishbot/install/cartographer_ros_msgs/local/lib/python3.10/dist-packages/cartographer_ros_msgs/msg/_bagfile_progress_s.c
[7.864s] -- Up-to-date: /home/misaka/fishbot/install/cartographer_ros_msgs/local/lib/python3.10/dist-packages/cartographer_ros_msgs/msg/_submap_list.py
[7.865s] -- Up-to-date: /home/misaka/fishbot/install/cartographer_ros_msgs/local/lib/python3.10/dist-packages/cartographer_ros_msgs/msg/_status_response_s.c
[7.865s] -- Up-to-date: /home/misaka/fishbot/install/cartographer_ros_msgs/local/lib/python3.10/dist-packages/cartographer_ros_msgs/msg/_status_code.py
[7.866s] -- Up-to-date: /home/misaka/fishbot/install/cartographer_ros_msgs/local/lib/python3.10/dist-packages/cartographer_ros_msgs/msg/_submap_texture.py
[7.866s] -- Up-to-date: /home/misaka/fishbot/install/cartographer_ros_msgs/local/lib/python3.10/dist-packages/cartographer_ros_msgs/msg/_submap_entry_s.c
[7.866s] -- Up-to-date: /home/misaka/fishbot/install/cartographer_ros_msgs/local/lib/python3.10/dist-packages/cartographer_ros_msgs/msg/_trajectory_states_s.c
[7.867s] -- Up-to-date: /home/misaka/fishbot/install/cartographer_ros_msgs/local/lib/python3.10/dist-packages/cartographer_ros_msgs/msg/_metric_family.py
[7.867s] -- Up-to-date: /home/misaka/fishbot/install/cartographer_ros_msgs/local/lib/python3.10/dist-packages/cartographer_ros_msgs/msg/_submap_entry.py
[7.867s] -- Up-to-date: /home/misaka/fishbot/install/cartographer_ros_msgs/local/lib/python3.10/dist-packages/cartographer_ros_msgs/msg/_bagfile_progress.py
[7.867s] -- Up-to-date: /home/misaka/fishbot/install/cartographer_ros_msgs/local/lib/python3.10/dist-packages/cartographer_ros_msgs/msg/_metric_label.py
[7.868s] -- Up-to-date: /home/misaka/fishbot/install/cartographer_ros_msgs/local/lib/python3.10/dist-packages/cartographer_ros_msgs/msg/_status_response.py
[7.868s] -- Up-to-date: /home/misaka/fishbot/install/cartographer_ros_msgs/local/lib/python3.10/dist-packages/cartographer_ros_msgs/msg/_landmark_entry_s.c
[7.870s] -- Up-to-date: /home/misaka/fishbot/install/cartographer_ros_msgs/local/lib/python3.10/dist-packages/cartographer_ros_msgs/msg/_trajectory_states.py
[7.870s] -- Up-to-date: /home/misaka/fishbot/install/cartographer_ros_msgs/local/lib/python3.10/dist-packages/cartographer_ros_msgs/msg/_landmark_list_s.c
[7.870s] -- Up-to-date: /home/misaka/fishbot/install/cartographer_ros_msgs/local/lib/python3.10/dist-packages/cartographer_ros_msgs/msg/_status_code_s.c
[7.871s] -- Up-to-date: /home/misaka/fishbot/install/cartographer_ros_msgs/local/lib/python3.10/dist-packages/cartographer_ros_msgs/msg/_metric_family_s.c
[7.871s] -- Up-to-date: /home/misaka/fishbot/install/cartographer_ros_msgs/local/lib/python3.10/dist-packages/cartographer_ros_msgs/msg/_histogram_bucket.py
[7.871s] -- Up-to-date: /home/misaka/fishbot/install/cartographer_ros_msgs/local/lib/python3.10/dist-packages/cartographer_ros_msgs/msg/_histogram_bucket_s.c
[7.871s] -- Up-to-date: /home/misaka/fishbot/install/cartographer_ros_msgs/local/lib/python3.10/dist-packages/cartographer_ros_msgs/msg/__init__.py
[7.872s] -- Up-to-date: /home/misaka/fishbot/install/cartographer_ros_msgs/local/lib/python3.10/dist-packages/cartographer_ros_msgs/msg/_submap_texture_s.c
[7.872s] -- Up-to-date: /home/misaka/fishbot/install/cartographer_ros_msgs/local/lib/python3.10/dist-packages/cartographer_ros_msgs/msg/_landmark_entry.py
[7.872s] -- Up-to-date: /home/misaka/fishbot/install/cartographer_ros_msgs/local/lib/python3.10/dist-packages/cartographer_ros_msgs/msg/_metric_label_s.c
[7.872s] -- Up-to-date: /home/misaka/fishbot/install/cartographer_ros_msgs/local/lib/python3.10/dist-packages/cartographer_ros_msgs/msg/_landmark_list.py
[7.873s] -- Up-to-date: /home/misaka/fishbot/install/cartographer_ros_msgs/local/lib/python3.10/dist-packages/cartographer_ros_msgs/msg/_submap_list_s.c
[7.873s] -- Up-to-date: /home/misaka/fishbot/install/cartographer_ros_msgs/local/lib/python3.10/dist-packages/cartographer_ros_msgs/cartographer_ros_msgs_s__rosidl_typesupport_introspection_c.cpython-310-x86_64-linux-gnu.so
[7.947s] Listing '/home/misaka/fishbot/install/cartographer_ros_msgs/local/lib/python3.10/dist-packages/cartographer_ros_msgs'...
[7.947s] Listing '/home/misaka/fishbot/install/cartographer_ros_msgs/local/lib/python3.10/dist-packages/cartographer_ros_msgs/msg'...
[7.947s] Listing '/home/misaka/fishbot/install/cartographer_ros_msgs/local/lib/python3.10/dist-packages/cartographer_ros_msgs/srv'...
[7.959s] -- Up-to-date: /home/misaka/fishbot/install/cartographer_ros_msgs/local/lib/python3.10/dist-packages/cartographer_ros_msgs/cartographer_ros_msgs_s__rosidl_typesupport_fastrtps_c.cpython-310-x86_64-linux-gnu.so
[7.965s] -- Up-to-date: /home/misaka/fishbot/install/cartographer_ros_msgs/local/lib/python3.10/dist-packages/cartographer_ros_msgs/cartographer_ros_msgs_s__rosidl_typesupport_introspection_c.cpython-310-x86_64-linux-gnu.so
[7.968s] -- Up-to-date: /home/misaka/fishbot/install/cartographer_ros_msgs/local/lib/python3.10/dist-packages/cartographer_ros_msgs/cartographer_ros_msgs_s__rosidl_typesupport_c.cpython-310-x86_64-linux-gnu.so
[7.972s] -- Up-to-date: /home/misaka/fishbot/install/cartographer_ros_msgs/lib/libcartographer_ros_msgs__rosidl_generator_py.so
[7.974s] -- Up-to-date: /home/misaka/fishbot/install/cartographer_ros_msgs/share/cartographer_ros_msgs/msg/BagfileProgress.idl
[7.975s] -- Up-to-date: /home/misaka/fishbot/install/cartographer_ros_msgs/share/cartographer_ros_msgs/msg/HistogramBucket.idl
[7.975s] -- Up-to-date: /home/misaka/fishbot/install/cartographer_ros_msgs/share/cartographer_ros_msgs/msg/LandmarkEntry.idl
[7.975s] -- Up-to-date: /home/misaka/fishbot/install/cartographer_ros_msgs/share/cartographer_ros_msgs/msg/LandmarkList.idl
[7.976s] -- Up-to-date: /home/misaka/fishbot/install/cartographer_ros_msgs/share/cartographer_ros_msgs/msg/MetricFamily.idl
[7.976s] -- Up-to-date: /home/misaka/fishbot/install/cartographer_ros_msgs/share/cartographer_ros_msgs/msg/MetricLabel.idl
[7.977s] -- Up-to-date: /home/misaka/fishbot/install/cartographer_ros_msgs/share/cartographer_ros_msgs/msg/Metric.idl
[7.977s] -- Up-to-date: /home/misaka/fishbot/install/cartographer_ros_msgs/share/cartographer_ros_msgs/msg/StatusCode.idl
[7.978s] -- Up-to-date: /home/misaka/fishbot/install/cartographer_ros_msgs/share/cartographer_ros_msgs/msg/StatusResponse.idl
[7.978s] -- Up-to-date: /home/misaka/fishbot/install/cartographer_ros_msgs/share/cartographer_ros_msgs/msg/SubmapEntry.idl
[7.982s] -- Up-to-date: /home/misaka/fishbot/install/cartographer_ros_msgs/share/cartographer_ros_msgs/msg/SubmapList.idl
[7.982s] -- Up-to-date: /home/misaka/fishbot/install/cartographer_ros_msgs/share/cartographer_ros_msgs/msg/SubmapTexture.idl
[7.982s] -- Up-to-date: /home/misaka/fishbot/install/cartographer_ros_msgs/share/cartographer_ros_msgs/msg/TrajectoryStates.idl
[7.983s] -- Up-to-date: /home/misaka/fishbot/install/cartographer_ros_msgs/share/cartographer_ros_msgs/srv/FinishTrajectory.idl
[7.983s] -- Up-to-date: /home/misaka/fishbot/install/cartographer_ros_msgs/share/cartographer_ros_msgs/srv/GetTrajectoryStates.idl
[7.983s] -- Up-to-date: /home/misaka/fishbot/install/cartographer_ros_msgs/share/cartographer_ros_msgs/srv/ReadMetrics.idl
[7.983s] -- Up-to-date: /home/misaka/fishbot/install/cartographer_ros_msgs/share/cartographer_ros_msgs/srv/StartTrajectory.idl
[7.983s] -- Up-to-date: /home/misaka/fishbot/install/cartographer_ros_msgs/share/cartographer_ros_msgs/srv/TrajectoryQuery.idl
[7.984s] -- Up-to-date: /home/misaka/fishbot/install/cartographer_ros_msgs/share/cartographer_ros_msgs/srv/SubmapQuery.idl
[7.985s] -- Up-to-date: /home/misaka/fishbot/install/cartographer_ros_msgs/share/cartographer_ros_msgs/srv/WriteState.idl
[7.985s] -- Up-to-date: /home/misaka/fishbot/install/cartographer_ros_msgs/share/cartographer_ros_msgs/msg/BagfileProgress.msg
[7.986s] -- Up-to-date: /home/misaka/fishbot/install/cartographer_ros_msgs/share/cartographer_ros_msgs/msg/HistogramBucket.msg
[7.986s] -- Up-to-date: /home/misaka/fishbot/install/cartographer_ros_msgs/share/cartographer_ros_msgs/msg/LandmarkEntry.msg
[7.987s] -- Up-to-date: /home/misaka/fishbot/install/cartographer_ros_msgs/share/cartographer_ros_msgs/msg/LandmarkList.msg
[7.987s] -- Up-to-date: /home/misaka/fishbot/install/cartographer_ros_msgs/share/cartographer_ros_msgs/msg/MetricFamily.msg
[7.987s] -- Up-to-date: /home/misaka/fishbot/install/cartographer_ros_msgs/share/cartographer_ros_msgs/msg/MetricLabel.msg
[7.987s] -- Up-to-date: /home/misaka/fishbot/install/cartographer_ros_msgs/share/cartographer_ros_msgs/msg/Metric.msg
[7.987s] -- Up-to-date: /home/misaka/fishbot/install/cartographer_ros_msgs/share/cartographer_ros_msgs/msg/StatusCode.msg
[7.988s] -- Up-to-date: /home/misaka/fishbot/install/cartographer_ros_msgs/share/cartographer_ros_msgs/msg/StatusResponse.msg
[7.988s] -- Up-to-date: /home/misaka/fishbot/install/cartographer_ros_msgs/share/cartographer_ros_msgs/msg/SubmapEntry.msg
[7.989s] -- Up-to-date: /home/misaka/fishbot/install/cartographer_ros_msgs/share/cartographer_ros_msgs/msg/SubmapList.msg
[7.989s] -- Up-to-date: /home/misaka/fishbot/install/cartographer_ros_msgs/share/cartographer_ros_msgs/msg/SubmapTexture.msg
[7.989s] -- Up-to-date: /home/misaka/fishbot/install/cartographer_ros_msgs/share/cartographer_ros_msgs/msg/TrajectoryStates.msg
[7.992s] -- Up-to-date: /home/misaka/fishbot/install/cartographer_ros_msgs/share/cartographer_ros_msgs/srv/FinishTrajectory.srv
[7.992s] -- Up-to-date: /home/misaka/fishbot/install/cartographer_ros_msgs/share/cartographer_ros_msgs/srv/FinishTrajectory_Request.msg
[7.992s] -- Up-to-date: /home/misaka/fishbot/install/cartographer_ros_msgs/share/cartographer_ros_msgs/srv/FinishTrajectory_Response.msg
[7.993s] -- Up-to-date: /home/misaka/fishbot/install/cartographer_ros_msgs/share/cartographer_ros_msgs/srv/GetTrajectoryStates.srv
[7.993s] -- Up-to-date: /home/misaka/fishbot/install/cartographer_ros_msgs/share/cartographer_ros_msgs/srv/GetTrajectoryStates_Request.msg
[7.993s] -- Up-to-date: /home/misaka/fishbot/install/cartographer_ros_msgs/share/cartographer_ros_msgs/srv/GetTrajectoryStates_Response.msg
[7.993s] -- Up-to-date: /home/misaka/fishbot/install/cartographer_ros_msgs/share/cartographer_ros_msgs/srv/ReadMetrics.srv
[7.993s] -- Up-to-date: /home/misaka/fishbot/install/cartographer_ros_msgs/share/cartographer_ros_msgs/srv/ReadMetrics_Request.msg
[7.994s] -- Up-to-date: /home/misaka/fishbot/install/cartographer_ros_msgs/share/cartographer_ros_msgs/srv/ReadMetrics_Response.msg
[7.994s] -- Up-to-date: /home/misaka/fishbot/install/cartographer_ros_msgs/share/cartographer_ros_msgs/srv/StartTrajectory.srv
[7.999s] -- Up-to-date: /home/misaka/fishbot/install/cartographer_ros_msgs/share/cartographer_ros_msgs/srv/StartTrajectory_Request.msg
[7.999s] -- Up-to-date: /home/misaka/fishbot/install/cartographer_ros_msgs/share/cartographer_ros_msgs/srv/StartTrajectory_Response.msg
[8.000s] -- Up-to-date: /home/misaka/fishbot/install/cartographer_ros_msgs/share/cartographer_ros_msgs/srv/TrajectoryQuery.srv
[8.000s] -- Up-to-date: /home/misaka/fishbot/install/cartographer_ros_msgs/share/cartographer_ros_msgs/srv/TrajectoryQuery_Request.msg
[8.000s] -- Up-to-date: /home/misaka/fishbot/install/cartographer_ros_msgs/share/cartographer_ros_msgs/srv/TrajectoryQuery_Response.msg
[8.000s] -- Up-to-date: /home/misaka/fishbot/install/cartographer_ros_msgs/share/cartographer_ros_msgs/srv/SubmapQuery.srv
[8.001s] -- Up-to-date: /home/misaka/fishbot/install/cartographer_ros_msgs/share/cartographer_ros_msgs/srv/SubmapQuery_Request.msg
[8.001s] -- Up-to-date: /home/misaka/fishbot/install/cartographer_ros_msgs/share/cartographer_ros_msgs/srv/SubmapQuery_Response.msg
[8.002s] -- Up-to-date: /home/misaka/fishbot/install/cartographer_ros_msgs/share/cartographer_ros_msgs/srv/WriteState.srv
[8.003s] -- Up-to-date: /home/misaka/fishbot/install/cartographer_ros_msgs/share/cartographer_ros_msgs/srv/WriteState_Request.msg
[8.003s] -- Up-to-date: /home/misaka/fishbot/install/cartographer_ros_msgs/share/cartographer_ros_msgs/srv/WriteState_Response.msg
[8.003s] -- Up-to-date: /home/misaka/fishbot/install/cartographer_ros_msgs/share/ament_index/resource_index/package_run_dependencies/cartographer_ros_msgs
[8.003s] -- Up-to-date: /home/misaka/fishbot/install/cartographer_ros_msgs/share/ament_index/resource_index/parent_prefix_path/cartographer_ros_msgs
[8.003s] -- Up-to-date: /home/misaka/fishbot/install/cartographer_ros_msgs/share/cartographer_ros_msgs/environment/ament_prefix_path.sh
[8.003s] -- Up-to-date: /home/misaka/fishbot/install/cartographer_ros_msgs/share/cartographer_ros_msgs/environment/ament_prefix_path.dsv
[8.004s] -- Up-to-date: /home/misaka/fishbot/install/cartographer_ros_msgs/share/cartographer_ros_msgs/environment/path.sh
[8.004s] -- Up-to-date: /home/misaka/fishbot/install/cartographer_ros_msgs/share/cartographer_ros_msgs/environment/path.dsv
[8.004s] -- Up-to-date: /home/misaka/fishbot/install/cartographer_ros_msgs/share/cartographer_ros_msgs/local_setup.bash
[8.004s] -- Up-to-date: /home/misaka/fishbot/install/cartographer_ros_msgs/share/cartographer_ros_msgs/local_setup.sh
[8.006s] -- Up-to-date: /home/misaka/fishbot/install/cartographer_ros_msgs/share/cartographer_ros_msgs/local_setup.zsh
[8.007s] -- Up-to-date: /home/misaka/fishbot/install/cartographer_ros_msgs/share/cartographer_ros_msgs/local_setup.dsv
[8.008s] -- Installing: /home/misaka/fishbot/install/cartographer_ros_msgs/share/cartographer_ros_msgs/package.dsv
[8.009s] -- Up-to-date: /home/misaka/fishbot/install/cartographer_ros_msgs/share/ament_index/resource_index/packages/cartographer_ros_msgs
[8.009s] -- Up-to-date: /home/misaka/fishbot/install/cartographer_ros_msgs/share/cartographer_ros_msgs/cmake/export_cartographer_ros_msgs__rosidl_generator_cExport.cmake
[8.009s] -- Up-to-date: /home/misaka/fishbot/install/cartographer_ros_msgs/share/cartographer_ros_msgs/cmake/export_cartographer_ros_msgs__rosidl_generator_cExport-noconfig.cmake
[8.010s] -- Up-to-date: /home/misaka/fishbot/install/cartographer_ros_msgs/share/cartographer_ros_msgs/cmake/export_cartographer_ros_msgs__rosidl_typesupport_fastrtps_cExport.cmake
[8.013s] -- Up-to-date: /home/misaka/fishbot/install/cartographer_ros_msgs/share/cartographer_ros_msgs/cmake/export_cartographer_ros_msgs__rosidl_typesupport_fastrtps_cExport-noconfig.cmake
[8.014s] -- Up-to-date: /home/misaka/fishbot/install/cartographer_ros_msgs/share/cartographer_ros_msgs/cmake/cartographer_ros_msgs__rosidl_typesupport_introspection_cExport.cmake
[8.014s] -- Up-to-date: /home/misaka/fishbot/install/cartographer_ros_msgs/share/cartographer_ros_msgs/cmake/cartographer_ros_msgs__rosidl_typesupport_introspection_cExport-noconfig.cmake
[8.016s] -- Up-to-date: /home/misaka/fishbot/install/cartographer_ros_msgs/share/cartographer_ros_msgs/cmake/cartographer_ros_msgs__rosidl_typesupport_cExport.cmake
[8.017s] -- Up-to-date: /home/misaka/fishbot/install/cartographer_ros_msgs/share/cartographer_ros_msgs/cmake/cartographer_ros_msgs__rosidl_typesupport_cExport-noconfig.cmake
[8.018s] -- Up-to-date: /home/misaka/fishbot/install/cartographer_ros_msgs/share/cartographer_ros_msgs/cmake/export_cartographer_ros_msgs__rosidl_generator_cppExport.cmake
[8.021s] -- Up-to-date: /home/misaka/fishbot/install/cartographer_ros_msgs/share/cartographer_ros_msgs/cmake/export_cartographer_ros_msgs__rosidl_typesupport_fastrtps_cppExport.cmake
[8.022s] -- Up-to-date: /home/misaka/fishbot/install/cartographer_ros_msgs/share/cartographer_ros_msgs/cmake/export_cartographer_ros_msgs__rosidl_typesupport_fastrtps_cppExport-noconfig.cmake
[8.026s] -- Up-to-date: /home/misaka/fishbot/install/cartographer_ros_msgs/share/cartographer_ros_msgs/cmake/cartographer_ros_msgs__rosidl_typesupport_introspection_cppExport.cmake
[8.029s] -- Up-to-date: /home/misaka/fishbot/install/cartographer_ros_msgs/share/cartographer_ros_msgs/cmake/cartographer_ros_msgs__rosidl_typesupport_introspection_cppExport-noconfig.cmake
[8.031s] -- Up-to-date: /home/misaka/fishbot/install/cartographer_ros_msgs/share/cartographer_ros_msgs/cmake/cartographer_ros_msgs__rosidl_typesupport_cppExport.cmake
[8.031s] -- Up-to-date: /home/misaka/fishbot/install/cartographer_ros_msgs/share/cartographer_ros_msgs/cmake/cartographer_ros_msgs__rosidl_typesupport_cppExport-noconfig.cmake
[8.033s] -- Up-to-date: /home/misaka/fishbot/install/cartographer_ros_msgs/share/cartographer_ros_msgs/cmake/export_cartographer_ros_msgs__rosidl_generator_pyExport.cmake
[8.034s] -- Up-to-date: /home/misaka/fishbot/install/cartographer_ros_msgs/share/cartographer_ros_msgs/cmake/export_cartographer_ros_msgs__rosidl_generator_pyExport-noconfig.cmake
[8.034s] -- Up-to-date: /home/misaka/fishbot/install/cartographer_ros_msgs/share/cartographer_ros_msgs/cmake/rosidl_cmake-extras.cmake
[8.037s] -- Up-to-date: /home/misaka/fishbot/install/cartographer_ros_msgs/share/cartographer_ros_msgs/cmake/ament_cmake_export_dependencies-extras.cmake
[8.038s] -- Up-to-date: /home/misaka/fishbot/install/cartographer_ros_msgs/share/cartographer_ros_msgs/cmake/ament_cmake_export_include_directories-extras.cmake
[8.038s] -- Up-to-date: /home/misaka/fishbot/install/cartographer_ros_msgs/share/cartographer_ros_msgs/cmake/ament_cmake_export_libraries-extras.cmake
[8.039s] -- Up-to-date: /home/misaka/fishbot/install/cartographer_ros_msgs/share/cartographer_ros_msgs/cmake/ament_cmake_export_targets-extras.cmake
[8.039s] -- Up-to-date: /home/misaka/fishbot/install/cartographer_ros_msgs/share/cartographer_ros_msgs/cmake/rosidl_cmake_export_typesupport_targets-extras.cmake
[8.039s] -- Up-to-date: /home/misaka/fishbot/install/cartographer_ros_msgs/share/cartographer_ros_msgs/cmake/rosidl_cmake_export_typesupport_libraries-extras.cmake
[8.039s] -- Up-to-date: /home/misaka/fishbot/install/cartographer_ros_msgs/share/cartographer_ros_msgs/cmake/cartographer_ros_msgsConfig.cmake
[8.039s] -- Up-to-date: /home/misaka/fishbot/install/cartographer_ros_msgs/share/cartographer_ros_msgs/cmake/cartographer_ros_msgsConfig-version.cmake
[8.039s] -- Up-to-date: /home/misaka/fishbot/install/cartographer_ros_msgs/share/cartographer_ros_msgs/package.xml
[8.049s] Invoked command in '/home/misaka/fishbot/build/cartographer_ros_msgs' returned '0': CMAKE_PREFIX_PATH=/opt/ros/humble /usr/bin/cmake --install /home/misaka/fishbot/build/cartographer_ros_msgs
