[0.111s] Invoking command in '/home/misaka/fishbot/build/nav_2d_msgs': CMAKE_PREFIX_PATH=/opt/ros/humble /usr/bin/cmake --build /home/misaka/fishbot/build/nav_2d_msgs -- -j16 -l16
[0.434s] [35m[1mConsolidate compiler generated dependencies of target nav_2d_msgs__rosidl_generator_c[0m
[0.495s] [  1%] Built target nav_2d_msgs__cpp
[0.554s] [ 12%] Built target nav_2d_msgs__rosidl_generator_c
[0.572s] [35m[1mConsolidate compiler generated dependencies of target nav_2d_msgs__rosidl_typesupport_introspection_cpp[0m
[0.572s] [ 12%] Built target ament_cmake_python_copy_nav_2d_msgs
[0.604s] [35m[1mConsolidate compiler generated dependencies of target nav_2d_msgs__rosidl_typesupport_fastrtps_cpp[0m
[0.607s] [35m[1mConsolidate compiler generated dependencies of target nav_2d_msgs__rosidl_typesupport_cpp[0m
[0.693s] [35m[1mConsolidate compiler generated dependencies of target nav_2d_msgs__rosidl_typesupport_c[0m
[0.696s] [35m[1mConsolidate compiler generated dependencies of target nav_2d_msgs__rosidl_typesupport_fastrtps_c[0m
[0.719s] [35m[1mConsolidate compiler generated dependencies of target nav_2d_msgs__rosidl_typesupport_introspection_c[0m
[0.720s] [ 23%] Built target nav_2d_msgs__rosidl_typesupport_introspection_cpp
[0.735s] [ 35%] Built target nav_2d_msgs__rosidl_typesupport_cpp
[0.740s] [ 46%] Built target nav_2d_msgs__rosidl_typesupport_fastrtps_cpp
[0.770s] [ 57%] Built target nav_2d_msgs__rosidl_typesupport_c
[0.825s] [ 69%] Built target nav_2d_msgs__rosidl_typesupport_introspection_c
[0.834s] [ 80%] Built target nav_2d_msgs__rosidl_typesupport_fastrtps_c
[0.968s] [ 80%] Built target nav_2d_msgs
[1.117s] [ 81%] Built target nav_2d_msgs__py
[1.187s] [35m[1mConsolidate compiler generated dependencies of target nav_2d_msgs__rosidl_generator_py[0m
[1.271s] [ 91%] Built target nav_2d_msgs__rosidl_generator_py
[1.320s] [35m[1mConsolidate compiler generated dependencies of target nav_2d_msgs__rosidl_typesupport_introspection_c__pyext[0m
[1.320s] [35m[1mConsolidate compiler generated dependencies of target nav_2d_msgs__rosidl_typesupport_fastrtps_c__pyext[0m
[1.321s] [35m[1mConsolidate compiler generated dependencies of target nav_2d_msgs__rosidl_typesupport_c__pyext[0m
[1.382s] [ 94%] Built target nav_2d_msgs__rosidl_typesupport_c__pyext
[1.385s] [ 97%] Built target nav_2d_msgs__rosidl_typesupport_fastrtps_c__pyext
[1.389s] [100%] Built target nav_2d_msgs__rosidl_typesupport_introspection_c__pyext
[1.725s] running egg_info
[1.727s] writing nav_2d_msgs.egg-info/PKG-INFO
[1.728s] writing dependency_links to nav_2d_msgs.egg-info/dependency_links.txt
[1.730s] writing top-level names to nav_2d_msgs.egg-info/top_level.txt
[1.742s] reading manifest file 'nav_2d_msgs.egg-info/SOURCES.txt'
[1.743s] writing manifest file 'nav_2d_msgs.egg-info/SOURCES.txt'
[1.840s] [100%] Built target ament_cmake_python_build_nav_2d_msgs_egg
[1.930s] Invoked command in '/home/misaka/fishbot/build/nav_2d_msgs' returned '0': CMAKE_PREFIX_PATH=/opt/ros/humble /usr/bin/cmake --build /home/misaka/fishbot/build/nav_2d_msgs -- -j16 -l16
[3.371s] Invoking command in '/home/misaka/fishbot/build/nav_2d_msgs': CMAKE_PREFIX_PATH=/opt/ros/humble /usr/bin/cmake --install /home/misaka/fishbot/build/nav_2d_msgs
[3.402s] -- Install configuration: ""
[3.402s] -- Up-to-date: /home/misaka/fishbot/install/nav_2d_msgs/share/ament_index/resource_index/rosidl_interfaces/nav_2d_msgs
[3.402s] -- Up-to-date: /home/misaka/fishbot/install/nav_2d_msgs/include/nav_2d_msgs/nav_2d_msgs
[3.402s] -- Up-to-date: /home/misaka/fishbot/install/nav_2d_msgs/include/nav_2d_msgs/nav_2d_msgs/msg
[3.403s] -- Up-to-date: /home/misaka/fishbot/install/nav_2d_msgs/include/nav_2d_msgs/nav_2d_msgs/msg/twist2_d32.h
[3.403s] -- Up-to-date: /home/misaka/fishbot/install/nav_2d_msgs/include/nav_2d_msgs/nav_2d_msgs/msg/rosidl_generator_c__visibility_control.h
[3.404s] -- Up-to-date: /home/misaka/fishbot/install/nav_2d_msgs/include/nav_2d_msgs/nav_2d_msgs/msg/twist2_d_stamped.h
[3.405s] -- Up-to-date: /home/misaka/fishbot/install/nav_2d_msgs/include/nav_2d_msgs/nav_2d_msgs/msg/twist2_d.h
[3.406s] -- Up-to-date: /home/misaka/fishbot/install/nav_2d_msgs/include/nav_2d_msgs/nav_2d_msgs/msg/detail
[3.406s] -- Up-to-date: /home/misaka/fishbot/install/nav_2d_msgs/include/nav_2d_msgs/nav_2d_msgs/msg/detail/twist2_d_stamped__type_support.h
[3.407s] -- Up-to-date: /home/misaka/fishbot/install/nav_2d_msgs/include/nav_2d_msgs/nav_2d_msgs/msg/detail/twist2_d32__functions.c
[3.407s] -- Up-to-date: /home/misaka/fishbot/install/nav_2d_msgs/include/nav_2d_msgs/nav_2d_msgs/msg/detail/twist2_d_stamped__functions.c
[3.407s] -- Up-to-date: /home/misaka/fishbot/install/nav_2d_msgs/include/nav_2d_msgs/nav_2d_msgs/msg/detail/pose2_d_stamped__type_support.h
[3.407s] -- Up-to-date: /home/misaka/fishbot/install/nav_2d_msgs/include/nav_2d_msgs/nav_2d_msgs/msg/detail/pose2_d32__functions.c
[3.407s] -- Up-to-date: /home/misaka/fishbot/install/nav_2d_msgs/include/nav_2d_msgs/nav_2d_msgs/msg/detail/pose2_d_stamped__struct.h
[3.408s] -- Up-to-date: /home/misaka/fishbot/install/nav_2d_msgs/include/nav_2d_msgs/nav_2d_msgs/msg/detail/twist2_d_stamped__functions.h
[3.408s] -- Up-to-date: /home/misaka/fishbot/install/nav_2d_msgs/include/nav_2d_msgs/nav_2d_msgs/msg/detail/path2_d__struct.h
[3.409s] -- Up-to-date: /home/misaka/fishbot/install/nav_2d_msgs/include/nav_2d_msgs/nav_2d_msgs/msg/detail/path2_d__functions.c
[3.409s] -- Up-to-date: /home/misaka/fishbot/install/nav_2d_msgs/include/nav_2d_msgs/nav_2d_msgs/msg/detail/pose2_d32__struct.h
[3.410s] -- Up-to-date: /home/misaka/fishbot/install/nav_2d_msgs/include/nav_2d_msgs/nav_2d_msgs/msg/detail/path2_d__type_support.h
[3.410s] -- Up-to-date: /home/misaka/fishbot/install/nav_2d_msgs/include/nav_2d_msgs/nav_2d_msgs/msg/detail/path2_d__functions.h
[3.410s] -- Up-to-date: /home/misaka/fishbot/install/nav_2d_msgs/include/nav_2d_msgs/nav_2d_msgs/msg/detail/pose2_d_stamped__functions.c
[3.411s] -- Up-to-date: /home/misaka/fishbot/install/nav_2d_msgs/include/nav_2d_msgs/nav_2d_msgs/msg/detail/twist2_d32__struct.h
[3.411s] -- Up-to-date: /home/misaka/fishbot/install/nav_2d_msgs/include/nav_2d_msgs/nav_2d_msgs/msg/detail/twist2_d32__type_support.h
[3.411s] -- Up-to-date: /home/misaka/fishbot/install/nav_2d_msgs/include/nav_2d_msgs/nav_2d_msgs/msg/detail/pose2_d_stamped__functions.h
[3.412s] -- Up-to-date: /home/misaka/fishbot/install/nav_2d_msgs/include/nav_2d_msgs/nav_2d_msgs/msg/detail/twist2_d__functions.h
[3.412s] -- Up-to-date: /home/misaka/fishbot/install/nav_2d_msgs/include/nav_2d_msgs/nav_2d_msgs/msg/detail/twist2_d_stamped__struct.h
[3.412s] -- Up-to-date: /home/misaka/fishbot/install/nav_2d_msgs/include/nav_2d_msgs/nav_2d_msgs/msg/detail/twist2_d__functions.c
[3.412s] -- Up-to-date: /home/misaka/fishbot/install/nav_2d_msgs/include/nav_2d_msgs/nav_2d_msgs/msg/detail/twist2_d32__functions.h
[3.412s] -- Up-to-date: /home/misaka/fishbot/install/nav_2d_msgs/include/nav_2d_msgs/nav_2d_msgs/msg/detail/twist2_d__type_support.h
[3.412s] -- Up-to-date: /home/misaka/fishbot/install/nav_2d_msgs/include/nav_2d_msgs/nav_2d_msgs/msg/detail/pose2_d32__functions.h
[3.413s] -- Up-to-date: /home/misaka/fishbot/install/nav_2d_msgs/include/nav_2d_msgs/nav_2d_msgs/msg/detail/twist2_d__struct.h
[3.413s] -- Up-to-date: /home/misaka/fishbot/install/nav_2d_msgs/include/nav_2d_msgs/nav_2d_msgs/msg/detail/pose2_d32__type_support.h
[3.413s] -- Up-to-date: /home/misaka/fishbot/install/nav_2d_msgs/include/nav_2d_msgs/nav_2d_msgs/msg/pose2_d32.h
[3.413s] -- Up-to-date: /home/misaka/fishbot/install/nav_2d_msgs/include/nav_2d_msgs/nav_2d_msgs/msg/path2_d.h
[3.414s] -- Up-to-date: /home/misaka/fishbot/install/nav_2d_msgs/include/nav_2d_msgs/nav_2d_msgs/msg/pose2_d_stamped.h
[3.415s] -- Up-to-date: /home/misaka/fishbot/install/nav_2d_msgs/share/nav_2d_msgs/environment/library_path.sh
[3.416s] -- Up-to-date: /home/misaka/fishbot/install/nav_2d_msgs/share/nav_2d_msgs/environment/library_path.dsv
[3.416s] -- Up-to-date: /home/misaka/fishbot/install/nav_2d_msgs/lib/libnav_2d_msgs__rosidl_generator_c.so
[3.417s] -- Up-to-date: /home/misaka/fishbot/install/nav_2d_msgs/include/nav_2d_msgs/nav_2d_msgs
[3.417s] -- Up-to-date: /home/misaka/fishbot/install/nav_2d_msgs/include/nav_2d_msgs/nav_2d_msgs/msg
[3.417s] -- Up-to-date: /home/misaka/fishbot/install/nav_2d_msgs/include/nav_2d_msgs/nav_2d_msgs/msg/rosidl_typesupport_fastrtps_c__visibility_control.h
[3.418s] -- Up-to-date: /home/misaka/fishbot/install/nav_2d_msgs/include/nav_2d_msgs/nav_2d_msgs/msg/detail
[3.418s] -- Up-to-date: /home/misaka/fishbot/install/nav_2d_msgs/include/nav_2d_msgs/nav_2d_msgs/msg/detail/twist2_d_stamped__rosidl_typesupport_fastrtps_c.h
[3.418s] -- Up-to-date: /home/misaka/fishbot/install/nav_2d_msgs/include/nav_2d_msgs/nav_2d_msgs/msg/detail/pose2_d32__rosidl_typesupport_fastrtps_c.h
[3.419s] -- Up-to-date: /home/misaka/fishbot/install/nav_2d_msgs/include/nav_2d_msgs/nav_2d_msgs/msg/detail/twist2_d32__rosidl_typesupport_fastrtps_c.h
[3.420s] -- Up-to-date: /home/misaka/fishbot/install/nav_2d_msgs/include/nav_2d_msgs/nav_2d_msgs/msg/detail/twist2_d__rosidl_typesupport_fastrtps_c.h
[3.420s] -- Up-to-date: /home/misaka/fishbot/install/nav_2d_msgs/include/nav_2d_msgs/nav_2d_msgs/msg/detail/pose2_d_stamped__rosidl_typesupport_fastrtps_c.h
[3.420s] -- Up-to-date: /home/misaka/fishbot/install/nav_2d_msgs/include/nav_2d_msgs/nav_2d_msgs/msg/detail/path2_d__rosidl_typesupport_fastrtps_c.h
[3.421s] -- Up-to-date: /home/misaka/fishbot/install/nav_2d_msgs/lib/libnav_2d_msgs__rosidl_typesupport_fastrtps_c.so
[3.421s] -- Up-to-date: /home/misaka/fishbot/install/nav_2d_msgs/include/nav_2d_msgs/nav_2d_msgs
[3.421s] -- Up-to-date: /home/misaka/fishbot/install/nav_2d_msgs/include/nav_2d_msgs/nav_2d_msgs/msg
[3.421s] -- Up-to-date: /home/misaka/fishbot/install/nav_2d_msgs/include/nav_2d_msgs/nav_2d_msgs/msg/pose2_d32.hpp
[3.422s] -- Up-to-date: /home/misaka/fishbot/install/nav_2d_msgs/include/nav_2d_msgs/nav_2d_msgs/msg/twist2_d32.hpp
[3.422s] -- Up-to-date: /home/misaka/fishbot/install/nav_2d_msgs/include/nav_2d_msgs/nav_2d_msgs/msg/twist2_d.hpp
[3.423s] -- Up-to-date: /home/misaka/fishbot/install/nav_2d_msgs/include/nav_2d_msgs/nav_2d_msgs/msg/pose2_d_stamped.hpp
[3.423s] -- Up-to-date: /home/misaka/fishbot/install/nav_2d_msgs/include/nav_2d_msgs/nav_2d_msgs/msg/detail
[3.423s] -- Up-to-date: /home/misaka/fishbot/install/nav_2d_msgs/include/nav_2d_msgs/nav_2d_msgs/msg/detail/pose2_d_stamped__builder.hpp
[3.424s] -- Up-to-date: /home/misaka/fishbot/install/nav_2d_msgs/include/nav_2d_msgs/nav_2d_msgs/msg/detail/path2_d__struct.hpp
[3.425s] -- Up-to-date: /home/misaka/fishbot/install/nav_2d_msgs/include/nav_2d_msgs/nav_2d_msgs/msg/detail/twist2_d32__struct.hpp
[3.425s] -- Up-to-date: /home/misaka/fishbot/install/nav_2d_msgs/include/nav_2d_msgs/nav_2d_msgs/msg/detail/twist2_d_stamped__traits.hpp
[3.426s] -- Up-to-date: /home/misaka/fishbot/install/nav_2d_msgs/include/nav_2d_msgs/nav_2d_msgs/msg/detail/pose2_d_stamped__traits.hpp
[3.426s] -- Up-to-date: /home/misaka/fishbot/install/nav_2d_msgs/include/nav_2d_msgs/nav_2d_msgs/msg/detail/twist2_d__builder.hpp
[3.426s] -- Up-to-date: /home/misaka/fishbot/install/nav_2d_msgs/include/nav_2d_msgs/nav_2d_msgs/msg/detail/twist2_d_stamped__builder.hpp
[3.426s] -- Up-to-date: /home/misaka/fishbot/install/nav_2d_msgs/include/nav_2d_msgs/nav_2d_msgs/msg/detail/path2_d__traits.hpp
[3.427s] -- Up-to-date: /home/misaka/fishbot/install/nav_2d_msgs/include/nav_2d_msgs/nav_2d_msgs/msg/detail/pose2_d32__struct.hpp
[3.427s] -- Up-to-date: /home/misaka/fishbot/install/nav_2d_msgs/include/nav_2d_msgs/nav_2d_msgs/msg/detail/pose2_d32__traits.hpp
[3.427s] -- Up-to-date: /home/misaka/fishbot/install/nav_2d_msgs/include/nav_2d_msgs/nav_2d_msgs/msg/detail/pose2_d32__builder.hpp
[3.427s] -- Up-to-date: /home/misaka/fishbot/install/nav_2d_msgs/include/nav_2d_msgs/nav_2d_msgs/msg/detail/twist2_d__traits.hpp
[3.427s] -- Up-to-date: /home/misaka/fishbot/install/nav_2d_msgs/include/nav_2d_msgs/nav_2d_msgs/msg/detail/twist2_d_stamped__struct.hpp
[3.428s] -- Up-to-date: /home/misaka/fishbot/install/nav_2d_msgs/include/nav_2d_msgs/nav_2d_msgs/msg/detail/path2_d__builder.hpp
[3.428s] -- Up-to-date: /home/misaka/fishbot/install/nav_2d_msgs/include/nav_2d_msgs/nav_2d_msgs/msg/detail/twist2_d32__builder.hpp
[3.428s] -- Up-to-date: /home/misaka/fishbot/install/nav_2d_msgs/include/nav_2d_msgs/nav_2d_msgs/msg/detail/twist2_d32__traits.hpp
[3.429s] -- Up-to-date: /home/misaka/fishbot/install/nav_2d_msgs/include/nav_2d_msgs/nav_2d_msgs/msg/detail/pose2_d_stamped__struct.hpp
[3.430s] -- Up-to-date: /home/misaka/fishbot/install/nav_2d_msgs/include/nav_2d_msgs/nav_2d_msgs/msg/detail/twist2_d__struct.hpp
[3.430s] -- Up-to-date: /home/misaka/fishbot/install/nav_2d_msgs/include/nav_2d_msgs/nav_2d_msgs/msg/path2_d.hpp
[3.431s] -- Up-to-date: /home/misaka/fishbot/install/nav_2d_msgs/include/nav_2d_msgs/nav_2d_msgs/msg/twist2_d_stamped.hpp
[3.432s] -- Up-to-date: /home/misaka/fishbot/install/nav_2d_msgs/include/nav_2d_msgs/nav_2d_msgs
[3.432s] -- Up-to-date: /home/misaka/fishbot/install/nav_2d_msgs/include/nav_2d_msgs/nav_2d_msgs/msg
[3.433s] -- Up-to-date: /home/misaka/fishbot/install/nav_2d_msgs/include/nav_2d_msgs/nav_2d_msgs/msg/detail
[3.434s] -- Up-to-date: /home/misaka/fishbot/install/nav_2d_msgs/include/nav_2d_msgs/nav_2d_msgs/msg/detail/twist2_d_stamped__rosidl_typesupport_fastrtps_cpp.hpp
[3.435s] -- Up-to-date: /home/misaka/fishbot/install/nav_2d_msgs/include/nav_2d_msgs/nav_2d_msgs/msg/detail/twist2_d32__rosidl_typesupport_fastrtps_cpp.hpp
[3.435s] -- Up-to-date: /home/misaka/fishbot/install/nav_2d_msgs/include/nav_2d_msgs/nav_2d_msgs/msg/detail/dds_fastrtps
[3.436s] -- Up-to-date: /home/misaka/fishbot/install/nav_2d_msgs/include/nav_2d_msgs/nav_2d_msgs/msg/detail/path2_d__rosidl_typesupport_fastrtps_cpp.hpp
[3.436s] -- Up-to-date: /home/misaka/fishbot/install/nav_2d_msgs/include/nav_2d_msgs/nav_2d_msgs/msg/detail/pose2_d_stamped__rosidl_typesupport_fastrtps_cpp.hpp
[3.437s] -- Up-to-date: /home/misaka/fishbot/install/nav_2d_msgs/include/nav_2d_msgs/nav_2d_msgs/msg/detail/twist2_d__rosidl_typesupport_fastrtps_cpp.hpp
[3.438s] -- Up-to-date: /home/misaka/fishbot/install/nav_2d_msgs/include/nav_2d_msgs/nav_2d_msgs/msg/detail/pose2_d32__rosidl_typesupport_fastrtps_cpp.hpp
[3.438s] -- Up-to-date: /home/misaka/fishbot/install/nav_2d_msgs/include/nav_2d_msgs/nav_2d_msgs/msg/rosidl_typesupport_fastrtps_cpp__visibility_control.h
[3.439s] -- Up-to-date: /home/misaka/fishbot/install/nav_2d_msgs/lib/libnav_2d_msgs__rosidl_typesupport_fastrtps_cpp.so
[3.439s] -- Up-to-date: /home/misaka/fishbot/install/nav_2d_msgs/include/nav_2d_msgs/nav_2d_msgs
[3.440s] -- Up-to-date: /home/misaka/fishbot/install/nav_2d_msgs/include/nav_2d_msgs/nav_2d_msgs/msg
[3.440s] -- Up-to-date: /home/misaka/fishbot/install/nav_2d_msgs/include/nav_2d_msgs/nav_2d_msgs/msg/detail
[3.440s] -- Up-to-date: /home/misaka/fishbot/install/nav_2d_msgs/include/nav_2d_msgs/nav_2d_msgs/msg/detail/pose2_d_stamped__type_support.c
[3.441s] -- Up-to-date: /home/misaka/fishbot/install/nav_2d_msgs/include/nav_2d_msgs/nav_2d_msgs/msg/detail/twist2_d__rosidl_typesupport_introspection_c.h
[3.442s] -- Up-to-date: /home/misaka/fishbot/install/nav_2d_msgs/include/nav_2d_msgs/nav_2d_msgs/msg/detail/path2_d__type_support.c
[3.442s] -- Up-to-date: /home/misaka/fishbot/install/nav_2d_msgs/include/nav_2d_msgs/nav_2d_msgs/msg/detail/pose2_d_stamped__rosidl_typesupport_introspection_c.h
[3.443s] -- Up-to-date: /home/misaka/fishbot/install/nav_2d_msgs/include/nav_2d_msgs/nav_2d_msgs/msg/detail/twist2_d_stamped__type_support.c
[3.444s] -- Up-to-date: /home/misaka/fishbot/install/nav_2d_msgs/include/nav_2d_msgs/nav_2d_msgs/msg/detail/pose2_d32__type_support.c
[3.445s] -- Up-to-date: /home/misaka/fishbot/install/nav_2d_msgs/include/nav_2d_msgs/nav_2d_msgs/msg/detail/twist2_d__type_support.c
[3.445s] -- Up-to-date: /home/misaka/fishbot/install/nav_2d_msgs/include/nav_2d_msgs/nav_2d_msgs/msg/detail/twist2_d_stamped__rosidl_typesupport_introspection_c.h
[3.446s] -- Up-to-date: /home/misaka/fishbot/install/nav_2d_msgs/include/nav_2d_msgs/nav_2d_msgs/msg/detail/twist2_d32__type_support.c
[3.446s] -- Up-to-date: /home/misaka/fishbot/install/nav_2d_msgs/include/nav_2d_msgs/nav_2d_msgs/msg/detail/twist2_d32__rosidl_typesupport_introspection_c.h
[3.447s] -- Up-to-date: /home/misaka/fishbot/install/nav_2d_msgs/include/nav_2d_msgs/nav_2d_msgs/msg/detail/path2_d__rosidl_typesupport_introspection_c.h
[3.449s] -- Up-to-date: /home/misaka/fishbot/install/nav_2d_msgs/include/nav_2d_msgs/nav_2d_msgs/msg/detail/pose2_d32__rosidl_typesupport_introspection_c.h
[3.453s] -- Up-to-date: /home/misaka/fishbot/install/nav_2d_msgs/include/nav_2d_msgs/nav_2d_msgs/msg/rosidl_typesupport_introspection_c__visibility_control.h
[3.458s] -- Up-to-date: /home/misaka/fishbot/install/nav_2d_msgs/lib/libnav_2d_msgs__rosidl_typesupport_introspection_c.so
[3.465s] -- Up-to-date: /home/misaka/fishbot/install/nav_2d_msgs/lib/libnav_2d_msgs__rosidl_typesupport_c.so
[3.466s] -- Up-to-date: /home/misaka/fishbot/install/nav_2d_msgs/include/nav_2d_msgs/nav_2d_msgs
[3.466s] -- Up-to-date: /home/misaka/fishbot/install/nav_2d_msgs/include/nav_2d_msgs/nav_2d_msgs/msg
[3.466s] -- Up-to-date: /home/misaka/fishbot/install/nav_2d_msgs/include/nav_2d_msgs/nav_2d_msgs/msg/detail
[3.466s] -- Up-to-date: /home/misaka/fishbot/install/nav_2d_msgs/include/nav_2d_msgs/nav_2d_msgs/msg/detail/path2_d__rosidl_typesupport_introspection_cpp.hpp
[3.466s] -- Up-to-date: /home/misaka/fishbot/install/nav_2d_msgs/include/nav_2d_msgs/nav_2d_msgs/msg/detail/twist2_d__type_support.cpp
[3.467s] -- Up-to-date: /home/misaka/fishbot/install/nav_2d_msgs/include/nav_2d_msgs/nav_2d_msgs/msg/detail/twist2_d_stamped__type_support.cpp
[3.467s] -- Up-to-date: /home/misaka/fishbot/install/nav_2d_msgs/include/nav_2d_msgs/nav_2d_msgs/msg/detail/twist2_d_stamped__rosidl_typesupport_introspection_cpp.hpp
[3.467s] -- Up-to-date: /home/misaka/fishbot/install/nav_2d_msgs/include/nav_2d_msgs/nav_2d_msgs/msg/detail/pose2_d32__rosidl_typesupport_introspection_cpp.hpp
[3.467s] -- Up-to-date: /home/misaka/fishbot/install/nav_2d_msgs/include/nav_2d_msgs/nav_2d_msgs/msg/detail/pose2_d_stamped__type_support.cpp
[3.468s] -- Up-to-date: /home/misaka/fishbot/install/nav_2d_msgs/include/nav_2d_msgs/nav_2d_msgs/msg/detail/pose2_d_stamped__rosidl_typesupport_introspection_cpp.hpp
[3.475s] -- Up-to-date: /home/misaka/fishbot/install/nav_2d_msgs/include/nav_2d_msgs/nav_2d_msgs/msg/detail/twist2_d32__type_support.cpp
[3.475s] -- Up-to-date: /home/misaka/fishbot/install/nav_2d_msgs/include/nav_2d_msgs/nav_2d_msgs/msg/detail/twist2_d__rosidl_typesupport_introspection_cpp.hpp
[3.476s] -- Up-to-date: /home/misaka/fishbot/install/nav_2d_msgs/include/nav_2d_msgs/nav_2d_msgs/msg/detail/path2_d__type_support.cpp
[3.476s] -- Up-to-date: /home/misaka/fishbot/install/nav_2d_msgs/include/nav_2d_msgs/nav_2d_msgs/msg/detail/pose2_d32__type_support.cpp
[3.476s] -- Up-to-date: /home/misaka/fishbot/install/nav_2d_msgs/include/nav_2d_msgs/nav_2d_msgs/msg/detail/twist2_d32__rosidl_typesupport_introspection_cpp.hpp
[3.489s] -- Up-to-date: /home/misaka/fishbot/install/nav_2d_msgs/lib/libnav_2d_msgs__rosidl_typesupport_introspection_cpp.so
[3.497s] -- Up-to-date: /home/misaka/fishbot/install/nav_2d_msgs/lib/libnav_2d_msgs__rosidl_typesupport_cpp.so
[3.497s] -- Up-to-date: /home/misaka/fishbot/install/nav_2d_msgs/share/nav_2d_msgs/environment/pythonpath.sh
[3.498s] -- Up-to-date: /home/misaka/fishbot/install/nav_2d_msgs/share/nav_2d_msgs/environment/pythonpath.dsv
[3.498s] -- Up-to-date: /home/misaka/fishbot/install/nav_2d_msgs/local/lib/python3.10/dist-packages/nav_2d_msgs-1.1.0-py3.10.egg-info
[3.499s] -- Installing: /home/misaka/fishbot/install/nav_2d_msgs/local/lib/python3.10/dist-packages/nav_2d_msgs-1.1.0-py3.10.egg-info/PKG-INFO
[3.499s] -- Installing: /home/misaka/fishbot/install/nav_2d_msgs/local/lib/python3.10/dist-packages/nav_2d_msgs-1.1.0-py3.10.egg-info/dependency_links.txt
[3.500s] -- Installing: /home/misaka/fishbot/install/nav_2d_msgs/local/lib/python3.10/dist-packages/nav_2d_msgs-1.1.0-py3.10.egg-info/SOURCES.txt
[3.501s] -- Installing: /home/misaka/fishbot/install/nav_2d_msgs/local/lib/python3.10/dist-packages/nav_2d_msgs-1.1.0-py3.10.egg-info/top_level.txt
[3.502s] -- Up-to-date: /home/misaka/fishbot/install/nav_2d_msgs/local/lib/python3.10/dist-packages/nav_2d_msgs
[3.503s] -- Up-to-date: /home/misaka/fishbot/install/nav_2d_msgs/local/lib/python3.10/dist-packages/nav_2d_msgs/_nav_2d_msgs_s.ep.rosidl_typesupport_c.c
[3.503s] -- Up-to-date: /home/misaka/fishbot/install/nav_2d_msgs/local/lib/python3.10/dist-packages/nav_2d_msgs/nav_2d_msgs_s__rosidl_typesupport_c.cpython-310-x86_64-linux-gnu.so
[3.504s] -- Up-to-date: /home/misaka/fishbot/install/nav_2d_msgs/local/lib/python3.10/dist-packages/nav_2d_msgs/nav_2d_msgs_s__rosidl_typesupport_fastrtps_c.cpython-310-x86_64-linux-gnu.so
[3.504s] -- Up-to-date: /home/misaka/fishbot/install/nav_2d_msgs/local/lib/python3.10/dist-packages/nav_2d_msgs/_nav_2d_msgs_s.ep.rosidl_typesupport_introspection_c.c
[3.505s] -- Up-to-date: /home/misaka/fishbot/install/nav_2d_msgs/local/lib/python3.10/dist-packages/nav_2d_msgs/_nav_2d_msgs_s.ep.rosidl_typesupport_fastrtps_c.c
[3.505s] -- Up-to-date: /home/misaka/fishbot/install/nav_2d_msgs/local/lib/python3.10/dist-packages/nav_2d_msgs/__init__.py
[3.506s] -- Up-to-date: /home/misaka/fishbot/install/nav_2d_msgs/local/lib/python3.10/dist-packages/nav_2d_msgs/libnav_2d_msgs__rosidl_generator_py.so
[3.506s] -- Up-to-date: /home/misaka/fishbot/install/nav_2d_msgs/local/lib/python3.10/dist-packages/nav_2d_msgs/msg
[3.507s] -- Up-to-date: /home/misaka/fishbot/install/nav_2d_msgs/local/lib/python3.10/dist-packages/nav_2d_msgs/msg/_path2_d.py
[3.509s] -- Up-to-date: /home/misaka/fishbot/install/nav_2d_msgs/local/lib/python3.10/dist-packages/nav_2d_msgs/msg/_twist2_d32.py
[3.509s] -- Up-to-date: /home/misaka/fishbot/install/nav_2d_msgs/local/lib/python3.10/dist-packages/nav_2d_msgs/msg/_path2_d_s.c
[3.510s] -- Up-to-date: /home/misaka/fishbot/install/nav_2d_msgs/local/lib/python3.10/dist-packages/nav_2d_msgs/msg/_pose2_d_stamped.py
[3.511s] -- Up-to-date: /home/misaka/fishbot/install/nav_2d_msgs/local/lib/python3.10/dist-packages/nav_2d_msgs/msg/_twist2_d32_s.c
[3.511s] -- Up-to-date: /home/misaka/fishbot/install/nav_2d_msgs/local/lib/python3.10/dist-packages/nav_2d_msgs/msg/_pose2_d32_s.c
[3.512s] -- Up-to-date: /home/misaka/fishbot/install/nav_2d_msgs/local/lib/python3.10/dist-packages/nav_2d_msgs/msg/_twist2_d_stamped_s.c
[3.515s] -- Up-to-date: /home/misaka/fishbot/install/nav_2d_msgs/local/lib/python3.10/dist-packages/nav_2d_msgs/msg/_pose2_d32.py
[3.515s] -- Up-to-date: /home/misaka/fishbot/install/nav_2d_msgs/local/lib/python3.10/dist-packages/nav_2d_msgs/msg/_twist2_d_s.c
[3.516s] -- Up-to-date: /home/misaka/fishbot/install/nav_2d_msgs/local/lib/python3.10/dist-packages/nav_2d_msgs/msg/__init__.py
[3.516s] -- Up-to-date: /home/misaka/fishbot/install/nav_2d_msgs/local/lib/python3.10/dist-packages/nav_2d_msgs/msg/_pose2_d_stamped_s.c
[3.517s] -- Up-to-date: /home/misaka/fishbot/install/nav_2d_msgs/local/lib/python3.10/dist-packages/nav_2d_msgs/msg/_twist2_d_stamped.py
[3.519s] -- Up-to-date: /home/misaka/fishbot/install/nav_2d_msgs/local/lib/python3.10/dist-packages/nav_2d_msgs/msg/_twist2_d.py
[3.519s] -- Up-to-date: /home/misaka/fishbot/install/nav_2d_msgs/local/lib/python3.10/dist-packages/nav_2d_msgs/nav_2d_msgs_s__rosidl_typesupport_introspection_c.cpython-310-x86_64-linux-gnu.so
[3.593s] Listing '/home/misaka/fishbot/install/nav_2d_msgs/local/lib/python3.10/dist-packages/nav_2d_msgs'...
[3.594s] Listing '/home/misaka/fishbot/install/nav_2d_msgs/local/lib/python3.10/dist-packages/nav_2d_msgs/msg'...
[3.610s] -- Up-to-date: /home/misaka/fishbot/install/nav_2d_msgs/local/lib/python3.10/dist-packages/nav_2d_msgs/nav_2d_msgs_s__rosidl_typesupport_fastrtps_c.cpython-310-x86_64-linux-gnu.so
[3.617s] -- Up-to-date: /home/misaka/fishbot/install/nav_2d_msgs/local/lib/python3.10/dist-packages/nav_2d_msgs/nav_2d_msgs_s__rosidl_typesupport_introspection_c.cpython-310-x86_64-linux-gnu.so
[3.621s] -- Up-to-date: /home/misaka/fishbot/install/nav_2d_msgs/local/lib/python3.10/dist-packages/nav_2d_msgs/nav_2d_msgs_s__rosidl_typesupport_c.cpython-310-x86_64-linux-gnu.so
[3.624s] -- Up-to-date: /home/misaka/fishbot/install/nav_2d_msgs/lib/libnav_2d_msgs__rosidl_generator_py.so
[3.627s] -- Up-to-date: /home/misaka/fishbot/install/nav_2d_msgs/share/nav_2d_msgs/msg/Path2D.idl
[3.627s] -- Up-to-date: /home/misaka/fishbot/install/nav_2d_msgs/share/nav_2d_msgs/msg/Pose2D32.idl
[3.629s] -- Up-to-date: /home/misaka/fishbot/install/nav_2d_msgs/share/nav_2d_msgs/msg/Pose2DStamped.idl
[3.630s] -- Up-to-date: /home/misaka/fishbot/install/nav_2d_msgs/share/nav_2d_msgs/msg/Twist2D.idl
[3.630s] -- Up-to-date: /home/misaka/fishbot/install/nav_2d_msgs/share/nav_2d_msgs/msg/Twist2D32.idl
[3.630s] -- Up-to-date: /home/misaka/fishbot/install/nav_2d_msgs/share/nav_2d_msgs/msg/Twist2DStamped.idl
[3.635s] -- Up-to-date: /home/misaka/fishbot/install/nav_2d_msgs/share/nav_2d_msgs/msg/Path2D.msg
[3.635s] -- Up-to-date: /home/misaka/fishbot/install/nav_2d_msgs/share/nav_2d_msgs/msg/Pose2D32.msg
[3.635s] -- Up-to-date: /home/misaka/fishbot/install/nav_2d_msgs/share/nav_2d_msgs/msg/Pose2DStamped.msg
[3.636s] -- Up-to-date: /home/misaka/fishbot/install/nav_2d_msgs/share/nav_2d_msgs/msg/Twist2D.msg
[3.636s] -- Up-to-date: /home/misaka/fishbot/install/nav_2d_msgs/share/nav_2d_msgs/msg/Twist2D32.msg
[3.636s] -- Up-to-date: /home/misaka/fishbot/install/nav_2d_msgs/share/nav_2d_msgs/msg/Twist2DStamped.msg
[3.638s] -- Up-to-date: /home/misaka/fishbot/install/nav_2d_msgs/share/ament_index/resource_index/package_run_dependencies/nav_2d_msgs
[3.639s] -- Up-to-date: /home/misaka/fishbot/install/nav_2d_msgs/share/ament_index/resource_index/parent_prefix_path/nav_2d_msgs
[3.639s] -- Up-to-date: /home/misaka/fishbot/install/nav_2d_msgs/share/nav_2d_msgs/environment/ament_prefix_path.sh
[3.639s] -- Up-to-date: /home/misaka/fishbot/install/nav_2d_msgs/share/nav_2d_msgs/environment/ament_prefix_path.dsv
[3.640s] -- Up-to-date: /home/misaka/fishbot/install/nav_2d_msgs/share/nav_2d_msgs/environment/path.sh
[3.640s] -- Up-to-date: /home/misaka/fishbot/install/nav_2d_msgs/share/nav_2d_msgs/environment/path.dsv
[3.640s] -- Up-to-date: /home/misaka/fishbot/install/nav_2d_msgs/share/nav_2d_msgs/local_setup.bash
[3.641s] -- Up-to-date: /home/misaka/fishbot/install/nav_2d_msgs/share/nav_2d_msgs/local_setup.sh
[3.641s] -- Up-to-date: /home/misaka/fishbot/install/nav_2d_msgs/share/nav_2d_msgs/local_setup.zsh
[3.641s] -- Up-to-date: /home/misaka/fishbot/install/nav_2d_msgs/share/nav_2d_msgs/local_setup.dsv
[3.647s] -- Installing: /home/misaka/fishbot/install/nav_2d_msgs/share/nav_2d_msgs/package.dsv
[3.647s] -- Up-to-date: /home/misaka/fishbot/install/nav_2d_msgs/share/ament_index/resource_index/packages/nav_2d_msgs
[3.648s] -- Up-to-date: /home/misaka/fishbot/install/nav_2d_msgs/share/nav_2d_msgs/cmake/export_nav_2d_msgs__rosidl_generator_cExport.cmake
[3.648s] -- Up-to-date: /home/misaka/fishbot/install/nav_2d_msgs/share/nav_2d_msgs/cmake/export_nav_2d_msgs__rosidl_generator_cExport-noconfig.cmake
[3.653s] -- Up-to-date: /home/misaka/fishbot/install/nav_2d_msgs/share/nav_2d_msgs/cmake/export_nav_2d_msgs__rosidl_typesupport_fastrtps_cExport.cmake
[3.653s] -- Up-to-date: /home/misaka/fishbot/install/nav_2d_msgs/share/nav_2d_msgs/cmake/export_nav_2d_msgs__rosidl_typesupport_fastrtps_cExport-noconfig.cmake
[3.656s] -- Up-to-date: /home/misaka/fishbot/install/nav_2d_msgs/share/nav_2d_msgs/cmake/export_nav_2d_msgs__rosidl_generator_cppExport.cmake
[3.663s] -- Up-to-date: /home/misaka/fishbot/install/nav_2d_msgs/share/nav_2d_msgs/cmake/export_nav_2d_msgs__rosidl_typesupport_fastrtps_cppExport.cmake
[3.664s] -- Up-to-date: /home/misaka/fishbot/install/nav_2d_msgs/share/nav_2d_msgs/cmake/export_nav_2d_msgs__rosidl_typesupport_fastrtps_cppExport-noconfig.cmake
[3.668s] -- Up-to-date: /home/misaka/fishbot/install/nav_2d_msgs/share/nav_2d_msgs/cmake/nav_2d_msgs__rosidl_typesupport_introspection_cExport.cmake
[3.668s] -- Up-to-date: /home/misaka/fishbot/install/nav_2d_msgs/share/nav_2d_msgs/cmake/nav_2d_msgs__rosidl_typesupport_introspection_cExport-noconfig.cmake
[3.672s] -- Up-to-date: /home/misaka/fishbot/install/nav_2d_msgs/share/nav_2d_msgs/cmake/nav_2d_msgs__rosidl_typesupport_cExport.cmake
[3.674s] -- Up-to-date: /home/misaka/fishbot/install/nav_2d_msgs/share/nav_2d_msgs/cmake/nav_2d_msgs__rosidl_typesupport_cExport-noconfig.cmake
[3.683s] -- Up-to-date: /home/misaka/fishbot/install/nav_2d_msgs/share/nav_2d_msgs/cmake/nav_2d_msgs__rosidl_typesupport_introspection_cppExport.cmake
[3.684s] -- Up-to-date: /home/misaka/fishbot/install/nav_2d_msgs/share/nav_2d_msgs/cmake/nav_2d_msgs__rosidl_typesupport_introspection_cppExport-noconfig.cmake
[3.684s] -- Up-to-date: /home/misaka/fishbot/install/nav_2d_msgs/share/nav_2d_msgs/cmake/nav_2d_msgs__rosidl_typesupport_cppExport.cmake
[3.685s] -- Up-to-date: /home/misaka/fishbot/install/nav_2d_msgs/share/nav_2d_msgs/cmake/nav_2d_msgs__rosidl_typesupport_cppExport-noconfig.cmake
[3.693s] -- Up-to-date: /home/misaka/fishbot/install/nav_2d_msgs/share/nav_2d_msgs/cmake/export_nav_2d_msgs__rosidl_generator_pyExport.cmake
[3.694s] -- Up-to-date: /home/misaka/fishbot/install/nav_2d_msgs/share/nav_2d_msgs/cmake/export_nav_2d_msgs__rosidl_generator_pyExport-noconfig.cmake
[3.694s] -- Up-to-date: /home/misaka/fishbot/install/nav_2d_msgs/share/nav_2d_msgs/cmake/rosidl_cmake-extras.cmake
[3.695s] -- Up-to-date: /home/misaka/fishbot/install/nav_2d_msgs/share/nav_2d_msgs/cmake/ament_cmake_export_dependencies-extras.cmake
[3.696s] -- Up-to-date: /home/misaka/fishbot/install/nav_2d_msgs/share/nav_2d_msgs/cmake/ament_cmake_export_include_directories-extras.cmake
[3.697s] -- Up-to-date: /home/misaka/fishbot/install/nav_2d_msgs/share/nav_2d_msgs/cmake/ament_cmake_export_libraries-extras.cmake
[3.697s] -- Up-to-date: /home/misaka/fishbot/install/nav_2d_msgs/share/nav_2d_msgs/cmake/ament_cmake_export_targets-extras.cmake
[3.698s] -- Up-to-date: /home/misaka/fishbot/install/nav_2d_msgs/share/nav_2d_msgs/cmake/rosidl_cmake_export_typesupport_targets-extras.cmake
[3.698s] -- Up-to-date: /home/misaka/fishbot/install/nav_2d_msgs/share/nav_2d_msgs/cmake/rosidl_cmake_export_typesupport_libraries-extras.cmake
[3.698s] -- Up-to-date: /home/misaka/fishbot/install/nav_2d_msgs/share/nav_2d_msgs/cmake/nav_2d_msgsConfig.cmake
[3.701s] -- Up-to-date: /home/misaka/fishbot/install/nav_2d_msgs/share/nav_2d_msgs/cmake/nav_2d_msgsConfig-version.cmake
[3.701s] -- Up-to-date: /home/misaka/fishbot/install/nav_2d_msgs/share/nav_2d_msgs/package.xml
[3.723s] Invoked command in '/home/misaka/fishbot/build/nav_2d_msgs' returned '0': CMAKE_PREFIX_PATH=/opt/ros/humble /usr/bin/cmake --install /home/misaka/fishbot/build/nav_2d_msgs
