[0.139s] Invoking command in '/home/misaka/fishbot/build/nav2_common': CMAKE_PREFIX_PATH=/opt/ros/humble /usr/bin/cmake --build /home/misaka/fishbot/build/nav2_common -- -j16 -l16
[0.498s] Built target ament_cmake_python_copy_nav2_common
[1.612s] running egg_info
[1.612s] writing nav2_common.egg-info/PKG-INFO
[1.613s] writing dependency_links to nav2_common.egg-info/dependency_links.txt
[1.615s] writing top-level names to nav2_common.egg-info/top_level.txt
[1.626s] reading manifest file 'nav2_common.egg-info/SOURCES.txt'
[1.630s] writing manifest file 'nav2_common.egg-info/SOURCES.txt'
[1.741s] Built target ament_cmake_python_build_nav2_common_egg
[1.788s] Invoked command in '/home/misaka/fishbot/build/nav2_common' returned '0': CMAKE_PREFIX_PATH=/opt/ros/humble /usr/bin/cmake --build /home/misaka/fishbot/build/nav2_common -- -j16 -l16
[1.973s] Invoking command in '/home/misaka/fishbot/build/nav2_common': CMAKE_PREFIX_PATH=/opt/ros/humble /usr/bin/cmake --install /home/misaka/fishbot/build/nav2_common
[2.018s] -- Install configuration: ""
[2.020s] -- Up-to-date: /home/misaka/fishbot/install/nav2_common/share/nav2_common/environment/pythonpath.sh
[2.021s] -- Up-to-date: /home/misaka/fishbot/install/nav2_common/share/nav2_common/environment/pythonpath.dsv
[2.021s] -- Up-to-date: /home/misaka/fishbot/install/nav2_common/local/lib/python3.10/dist-packages/nav2_common-1.1.0-py3.10.egg-info
[2.021s] -- Installing: /home/misaka/fishbot/install/nav2_common/local/lib/python3.10/dist-packages/nav2_common-1.1.0-py3.10.egg-info/PKG-INFO
[2.022s] -- Installing: /home/misaka/fishbot/install/nav2_common/local/lib/python3.10/dist-packages/nav2_common-1.1.0-py3.10.egg-info/dependency_links.txt
[2.022s] -- Installing: /home/misaka/fishbot/install/nav2_common/local/lib/python3.10/dist-packages/nav2_common-1.1.0-py3.10.egg-info/SOURCES.txt
[2.023s] -- Installing: /home/misaka/fishbot/install/nav2_common/local/lib/python3.10/dist-packages/nav2_common-1.1.0-py3.10.egg-info/top_level.txt
[2.023s] -- Up-to-date: /home/misaka/fishbot/install/nav2_common/local/lib/python3.10/dist-packages/nav2_common
[2.024s] -- Up-to-date: /home/misaka/fishbot/install/nav2_common/local/lib/python3.10/dist-packages/nav2_common/__init__.py
[2.024s] -- Up-to-date: /home/misaka/fishbot/install/nav2_common/local/lib/python3.10/dist-packages/nav2_common/launch
[2.024s] -- Up-to-date: /home/misaka/fishbot/install/nav2_common/local/lib/python3.10/dist-packages/nav2_common/launch/replace_string.py
[2.025s] -- Up-to-date: /home/misaka/fishbot/install/nav2_common/local/lib/python3.10/dist-packages/nav2_common/launch/has_node_params.py
[2.025s] -- Up-to-date: /home/misaka/fishbot/install/nav2_common/local/lib/python3.10/dist-packages/nav2_common/launch/rewritten_yaml.py
[2.025s] -- Up-to-date: /home/misaka/fishbot/install/nav2_common/local/lib/python3.10/dist-packages/nav2_common/launch/__init__.py
[2.169s] Listing '/home/misaka/fishbot/install/nav2_common/local/lib/python3.10/dist-packages/nav2_common'...
[2.170s] Listing '/home/misaka/fishbot/install/nav2_common/local/lib/python3.10/dist-packages/nav2_common/launch'...
[2.187s] -- Up-to-date: /home/misaka/fishbot/install/nav2_common/share/ament_index/resource_index/package_run_dependencies/nav2_common
[2.188s] -- Up-to-date: /home/misaka/fishbot/install/nav2_common/share/ament_index/resource_index/parent_prefix_path/nav2_common
[2.188s] -- Up-to-date: /home/misaka/fishbot/install/nav2_common/share/nav2_common/environment/ament_prefix_path.sh
[2.189s] -- Up-to-date: /home/misaka/fishbot/install/nav2_common/share/nav2_common/environment/ament_prefix_path.dsv
[2.189s] -- Up-to-date: /home/misaka/fishbot/install/nav2_common/share/nav2_common/environment/path.sh
[2.189s] -- Up-to-date: /home/misaka/fishbot/install/nav2_common/share/nav2_common/environment/path.dsv
[2.189s] -- Up-to-date: /home/misaka/fishbot/install/nav2_common/share/nav2_common/local_setup.bash
[2.190s] -- Up-to-date: /home/misaka/fishbot/install/nav2_common/share/nav2_common/local_setup.sh
[2.190s] -- Up-to-date: /home/misaka/fishbot/install/nav2_common/share/nav2_common/local_setup.zsh
[2.190s] -- Up-to-date: /home/misaka/fishbot/install/nav2_common/share/nav2_common/local_setup.dsv
[2.190s] -- Installing: /home/misaka/fishbot/install/nav2_common/share/nav2_common/package.dsv
[2.191s] -- Up-to-date: /home/misaka/fishbot/install/nav2_common/share/ament_index/resource_index/packages/nav2_common
[2.191s] -- Up-to-date: /home/misaka/fishbot/install/nav2_common/share/nav2_common/cmake/nav2_common-extras.cmake
[2.191s] -- Up-to-date: /home/misaka/fishbot/install/nav2_common/share/nav2_common/cmake/nav2_commonConfig.cmake
[2.193s] -- Up-to-date: /home/misaka/fishbot/install/nav2_common/share/nav2_common/cmake/nav2_commonConfig-version.cmake
[2.193s] -- Up-to-date: /home/misaka/fishbot/install/nav2_common/share/nav2_common/package.xml
[2.193s] -- Up-to-date: /home/misaka/fishbot/install/nav2_common/share/nav2_common/cmake
[2.194s] -- Up-to-date: /home/misaka/fishbot/install/nav2_common/share/nav2_common/cmake/nav2_package.cmake
[2.206s] Invoked command in '/home/misaka/fishbot/build/nav2_common' returned '0': CMAKE_PREFIX_PATH=/opt/ros/humble /usr/bin/cmake --install /home/misaka/fishbot/build/nav2_common
