[0.055s] Invoking command in '/home/misaka/fishbot/build/nav2_common': CMAKE_PREFIX_PATH=/opt/ros/humble /usr/bin/cmake --build /home/misaka/fishbot/build/nav2_common -- -j16 -l16
[0.338s] Built target ament_cmake_python_copy_nav2_common
[1.441s] running egg_info
[1.441s] writing nav2_common.egg-info/PKG-INFO
[1.441s] writing dependency_links to nav2_common.egg-info/dependency_links.txt
[1.441s] writing top-level names to nav2_common.egg-info/top_level.txt
[1.454s] reading manifest file 'nav2_common.egg-info/SOURCES.txt'
[1.461s] writing manifest file 'nav2_common.egg-info/SOURCES.txt'
[1.566s] Built target ament_cmake_python_build_nav2_common_egg
[1.629s] Invoked command in '/home/misaka/fishbot/build/nav2_common' returned '0': CMAKE_PREFIX_PATH=/opt/ros/humble /usr/bin/cmake --build /home/misaka/fishbot/build/nav2_common -- -j16 -l16
[1.779s] Invoking command in '/home/misaka/fishbot/build/nav2_common': CMAKE_PREFIX_PATH=/opt/ros/humble /usr/bin/cmake --install /home/misaka/fishbot/build/nav2_common
[1.809s] -- Install configuration: ""
[1.810s] -- Up-to-date: /home/misaka/fishbot/install/nav2_common/share/nav2_common/environment/pythonpath.sh
[1.810s] -- Up-to-date: /home/misaka/fishbot/install/nav2_common/share/nav2_common/environment/pythonpath.dsv
[1.811s] -- Up-to-date: /home/misaka/fishbot/install/nav2_common/local/lib/python3.10/dist-packages/nav2_common-1.1.0-py3.10.egg-info
[1.812s] -- Installing: /home/misaka/fishbot/install/nav2_common/local/lib/python3.10/dist-packages/nav2_common-1.1.0-py3.10.egg-info/PKG-INFO
[1.812s] -- Installing: /home/misaka/fishbot/install/nav2_common/local/lib/python3.10/dist-packages/nav2_common-1.1.0-py3.10.egg-info/dependency_links.txt
[1.813s] -- Installing: /home/misaka/fishbot/install/nav2_common/local/lib/python3.10/dist-packages/nav2_common-1.1.0-py3.10.egg-info/SOURCES.txt
[1.813s] -- Installing: /home/misaka/fishbot/install/nav2_common/local/lib/python3.10/dist-packages/nav2_common-1.1.0-py3.10.egg-info/top_level.txt
[1.814s] -- Up-to-date: /home/misaka/fishbot/install/nav2_common/local/lib/python3.10/dist-packages/nav2_common
[1.814s] -- Up-to-date: /home/misaka/fishbot/install/nav2_common/local/lib/python3.10/dist-packages/nav2_common/__init__.py
[1.814s] -- Up-to-date: /home/misaka/fishbot/install/nav2_common/local/lib/python3.10/dist-packages/nav2_common/launch
[1.815s] -- Up-to-date: /home/misaka/fishbot/install/nav2_common/local/lib/python3.10/dist-packages/nav2_common/launch/replace_string.py
[1.815s] -- Up-to-date: /home/misaka/fishbot/install/nav2_common/local/lib/python3.10/dist-packages/nav2_common/launch/has_node_params.py
[1.815s] -- Up-to-date: /home/misaka/fishbot/install/nav2_common/local/lib/python3.10/dist-packages/nav2_common/launch/rewritten_yaml.py
[1.815s] -- Up-to-date: /home/misaka/fishbot/install/nav2_common/local/lib/python3.10/dist-packages/nav2_common/launch/__init__.py
[1.952s] Listing '/home/misaka/fishbot/install/nav2_common/local/lib/python3.10/dist-packages/nav2_common'...
[1.952s] Listing '/home/misaka/fishbot/install/nav2_common/local/lib/python3.10/dist-packages/nav2_common/launch'...
[1.968s] -- Up-to-date: /home/misaka/fishbot/install/nav2_common/share/ament_index/resource_index/package_run_dependencies/nav2_common
[1.970s] -- Up-to-date: /home/misaka/fishbot/install/nav2_common/share/ament_index/resource_index/parent_prefix_path/nav2_common
[1.970s] -- Up-to-date: /home/misaka/fishbot/install/nav2_common/share/nav2_common/environment/ament_prefix_path.sh
[1.970s] -- Up-to-date: /home/misaka/fishbot/install/nav2_common/share/nav2_common/environment/ament_prefix_path.dsv
[1.970s] -- Up-to-date: /home/misaka/fishbot/install/nav2_common/share/nav2_common/environment/path.sh
[1.971s] -- Up-to-date: /home/misaka/fishbot/install/nav2_common/share/nav2_common/environment/path.dsv
[1.971s] -- Up-to-date: /home/misaka/fishbot/install/nav2_common/share/nav2_common/local_setup.bash
[1.971s] -- Up-to-date: /home/misaka/fishbot/install/nav2_common/share/nav2_common/local_setup.sh
[1.972s] -- Up-to-date: /home/misaka/fishbot/install/nav2_common/share/nav2_common/local_setup.zsh
[1.973s] -- Up-to-date: /home/misaka/fishbot/install/nav2_common/share/nav2_common/local_setup.dsv
[1.974s] -- Installing: /home/misaka/fishbot/install/nav2_common/share/nav2_common/package.dsv
[1.975s] -- Up-to-date: /home/misaka/fishbot/install/nav2_common/share/ament_index/resource_index/packages/nav2_common
[1.976s] -- Up-to-date: /home/misaka/fishbot/install/nav2_common/share/nav2_common/cmake/nav2_common-extras.cmake
[1.976s] -- Up-to-date: /home/misaka/fishbot/install/nav2_common/share/nav2_common/cmake/nav2_commonConfig.cmake
[1.977s] -- Up-to-date: /home/misaka/fishbot/install/nav2_common/share/nav2_common/cmake/nav2_commonConfig-version.cmake
[1.977s] -- Up-to-date: /home/misaka/fishbot/install/nav2_common/share/nav2_common/package.xml
[1.977s] -- Up-to-date: /home/misaka/fishbot/install/nav2_common/share/nav2_common/cmake
[1.978s] -- Up-to-date: /home/misaka/fishbot/install/nav2_common/share/nav2_common/cmake/nav2_package.cmake
[2.002s] Invoked command in '/home/misaka/fishbot/build/nav2_common' returned '0': CMAKE_PREFIX_PATH=/opt/ros/humble /usr/bin/cmake --install /home/misaka/fishbot/build/nav2_common
