[0.168s] Invoking command in '/home/misaka/fishbot/build/nav2_behavior_tree': AMENT_PREFIX_PATH=/home/misaka/fishbot/install/nav2_util:/home/misaka/fishbot/install/nav2_msgs:/home/misaka/fishbot/install/nav2_common:${AMENT_PREFIX_PATH} CMAKE_PREFIX_PATH=/home/misaka/fishbot/install/nav2_util:/home/misaka/fishbot/install/nav2_msgs:/home/misaka/fishbot/install/nav2_common:/opt/ros/humble LD_LIBRARY_PATH=/home/misaka/fishbot/install/nav2_util/lib:/home/misaka/fishbot/install/nav2_msgs/lib:${LD_LIBRARY_PATH} PYTHONPATH=/home/misaka/fishbot/install/nav2_msgs/local/lib/python3.10/dist-packages:/home/misaka/fishbot/install/nav2_common/local/lib/python3.10/dist-packages:${PYTHONPATH} /usr/bin/cmake --build /home/misaka/fishbot/build/nav2_behavior_tree -- -j16 -l16
[0.562s] [35m[1mConsolidate compiler generated dependencies of target nav2_behavior_tree[0m
[0.562s] [35m[1mConsolidate compiler generated dependencies of target nav2_compute_path_to_pose_action_bt_node[0m
[0.563s] [35m[1mConsolidate compiler generated dependencies of target nav2_spin_cancel_bt_node[0m
[0.563s] [35m[1mConsolidate compiler generated dependencies of target nav2_controller_cancel_bt_node[0m
[0.575s] [35m[1mConsolidate compiler generated dependencies of target nav2_drive_on_heading_cancel_bt_node[0m
[0.575s] [35m[1mConsolidate compiler generated dependencies of target nav2_back_up_cancel_bt_node[0m
[0.579s] [35m[1mConsolidate compiler generated dependencies of target nav2_wait_cancel_bt_node[0m
[0.591s] [35m[1mConsolidate compiler generated dependencies of target nav2_spin_action_bt_node[0m
[0.602s] [35m[1mConsolidate compiler generated dependencies of target nav2_smooth_path_action_bt_node[0m
[0.602s] [35m[1mConsolidate compiler generated dependencies of target nav2_wait_action_bt_node[0m
[0.616s] [35m[1mConsolidate compiler generated dependencies of target nav2_follow_path_action_bt_node[0m
[0.618s] [35m[1mConsolidate compiler generated dependencies of target nav2_drive_on_heading_bt_node[0m
[0.647s] [35m[1mConsolidate compiler generated dependencies of target nav2_assisted_teleop_action_bt_node[0m
[0.666s] [35m[1mConsolidate compiler generated dependencies of target nav2_compute_path_through_poses_action_bt_node[0m
[0.670s] [35m[1mConsolidate compiler generated dependencies of target nav2_back_up_action_bt_node[0m
[0.730s] [35m[1mConsolidate compiler generated dependencies of target nav2_assisted_teleop_cancel_bt_node[0m
[0.760s] [  1%] Built target nav2_controller_cancel_bt_node
[0.770s] [  2%] Built target nav2_spin_action_bt_node
[0.771s] [  3%] Built target nav2_drive_on_heading_cancel_bt_node
[0.771s] [  4%] Built target nav2_back_up_cancel_bt_node
[0.795s] [  5%] Built target nav2_spin_cancel_bt_node
[0.818s] [  6%] Built target nav2_follow_path_action_bt_node
[0.828s] [  7%] Built target nav2_compute_path_to_pose_action_bt_node
[0.828s] [  8%] Built target nav2_behavior_tree
[0.836s] [  9%] Built target nav2_wait_action_bt_node
[0.856s] [ 10%] Built target nav2_wait_cancel_bt_node
[0.869s] [ 11%] Built target nav2_smooth_path_action_bt_node
[0.892s] [ 12%] Built target nav2_back_up_action_bt_node
[0.894s] [ 13%] Built target nav2_drive_on_heading_bt_node
[0.900s] [ 15%] Built target nav2_compute_path_through_poses_action_bt_node
[0.912s] [ 15%] Built target nav2_assisted_teleop_action_bt_node
[0.938s] [35m[1mConsolidate compiler generated dependencies of target nav2_goal_updated_condition_bt_node[0m
[0.947s] [35m[1mConsolidate compiler generated dependencies of target nav2_is_stuck_condition_bt_node[0m
[0.950s] [35m[1mConsolidate compiler generated dependencies of target nav2_clear_costmap_service_bt_node[0m
[0.958s] [35m[1mConsolidate compiler generated dependencies of target nav2_transform_available_condition_bt_node[0m
[0.979s] [ 16%] Built target nav2_assisted_teleop_cancel_bt_node
[0.985s] [35m[1mConsolidate compiler generated dependencies of target nav2_time_expired_condition_bt_node[0m
[0.986s] [35m[1mConsolidate compiler generated dependencies of target nav2_goal_reached_condition_bt_node[0m
[0.997s] [35m[1mConsolidate compiler generated dependencies of target nav2_globally_updated_goal_condition_bt_node[0m
[1.004s] [35m[1mConsolidate compiler generated dependencies of target nav2_path_expiring_timer_condition[0m
[1.004s] [35m[1mConsolidate compiler generated dependencies of target nav2_distance_traveled_condition_bt_node[0m
[1.027s] [35m[1mConsolidate compiler generated dependencies of target nav2_is_path_valid_condition_bt_node[0m
[1.030s] [35m[1mConsolidate compiler generated dependencies of target nav2_initial_pose_received_condition_bt_node[0m
[1.055s] [35m[1mConsolidate compiler generated dependencies of target nav2_is_battery_low_condition_bt_node[0m
[1.082s] [35m[1mConsolidate compiler generated dependencies of target nav2_rate_controller_bt_node[0m
[1.094s] [35m[1mConsolidate compiler generated dependencies of target nav2_speed_controller_bt_node[0m
[1.098s] [ 17%] Built target nav2_goal_updated_condition_bt_node
[1.101s] [35m[1mConsolidate compiler generated dependencies of target nav2_reinitialize_global_localization_service_bt_node[0m
[1.108s] [35m[1mConsolidate compiler generated dependencies of target nav2_distance_controller_bt_node[0m
[1.122s] [ 18%] Built target nav2_transform_available_condition_bt_node
[1.124s] [ 19%] Built target nav2_clear_costmap_service_bt_node
[1.130s] [ 20%] Built target nav2_time_expired_condition_bt_node
[1.135s] [ 21%] Built target nav2_distance_traveled_condition_bt_node
[1.174s] [ 22%] Built target nav2_path_expiring_timer_condition
[1.174s] [ 23%] Built target nav2_is_stuck_condition_bt_node
[1.199s] [ 24%] Built target nav2_initial_pose_received_condition_bt_node
[1.206s] [ 25%] Built target nav2_goal_reached_condition_bt_node
[1.214s] [ 26%] Built target nav2_globally_updated_goal_condition_bt_node
[1.230s] [ 27%] Built target nav2_rate_controller_bt_node
[1.259s] [35m[1mConsolidate compiler generated dependencies of target nav2_truncate_path_local_action_bt_node[0m
[1.264s] [35m[1mConsolidate compiler generated dependencies of target nav2_truncate_path_action_bt_node[0m
[1.264s] [35m[1mConsolidate compiler generated dependencies of target nav2_goal_updater_node_bt_node[0m
[1.265s] [ 28%] Built target nav2_is_battery_low_condition_bt_node
[1.327s] [ 29%] Built target nav2_is_path_valid_condition_bt_node
[1.339s] [35m[1mConsolidate compiler generated dependencies of target nav2_navigate_to_pose_action_bt_node[0m
[1.339s] [ 30%] Built target nav2_speed_controller_bt_node
[1.344s] [ 31%] Built target nav2_reinitialize_global_localization_service_bt_node
[1.348s] [35m[1mConsolidate compiler generated dependencies of target nav2_single_trigger_bt_node[0m
[1.354s] [35m[1mConsolidate compiler generated dependencies of target nav2_remove_passed_goals_action_bt_node[0m
[1.356s] [35m[1mConsolidate compiler generated dependencies of target nav2_recovery_node_bt_node[0m
[1.363s] [35m[1mConsolidate compiler generated dependencies of target nav2_pipeline_sequence_bt_node[0m
[1.367s] [35m[1mConsolidate compiler generated dependencies of target nav2_navigate_through_poses_action_bt_node[0m
[1.394s] [ 32%] Built target nav2_distance_controller_bt_node
[1.408s] [35m[1mConsolidate compiler generated dependencies of target nav2_round_robin_node_bt_node[0m
[1.424s] [35m[1mConsolidate compiler generated dependencies of target nav2_path_longer_on_approach_bt_node[0m
[1.426s] [ 33%] Built target nav2_truncate_path_local_action_bt_node
[1.461s] [35m[1mConsolidate compiler generated dependencies of target nav2_planner_selector_bt_node[0m
[1.461s] [35m[1mConsolidate compiler generated dependencies of target nav2_controller_selector_bt_node[0m
[1.471s] [ 34%] Built target nav2_truncate_path_action_bt_node
[1.491s] [35m[1mConsolidate compiler generated dependencies of target nav2_goal_updated_controller_bt_node[0m
[1.496s] [ 35%] Built target nav2_single_trigger_bt_node
[1.497s] [ 36%] Built target nav2_pipeline_sequence_bt_node
[1.497s] [ 37%] Built target nav2_goal_updater_node_bt_node
[1.497s] [35m[1mConsolidate compiler generated dependencies of target nav2_goal_checker_selector_bt_node[0m
[1.512s] [35m[1mConsolidate compiler generated dependencies of target gtest_main[0m
[1.515s] [ 38%] Built target nav2_remove_passed_goals_action_bt_node
[1.523s] [ 39%] Built target nav2_recovery_node_bt_node
[1.538s] [35m[1mConsolidate compiler generated dependencies of target gtest[0m
[1.540s] [ 40%] Built target nav2_navigate_to_pose_action_bt_node
[1.553s] [ 41%] Built target nav2_round_robin_node_bt_node
[1.591s] [ 42%] Built target nav2_controller_selector_bt_node
[1.595s] [ 43%] Built target nav2_navigate_through_poses_action_bt_node
[1.595s] [ 45%] Built target nav2_planner_selector_bt_node
[1.599s] [ 46%] Built target gtest_main
[1.602s] [ 47%] Built target nav2_path_longer_on_approach_bt_node
[1.616s] [ 48%] Built target nav2_goal_checker_selector_bt_node
[1.619s] [ 50%] Built target gtest
[1.620s] [ 50%] Built target nav2_goal_updated_controller_bt_node
[1.723s] [35m[1mConsolidate compiler generated dependencies of target test_condition_time_expired[0m
[1.746s] [35m[1mConsolidate compiler generated dependencies of target test_condition_goal_reached[0m
[1.754s] [35m[1mConsolidate compiler generated dependencies of target test_condition_distance_traveled[0m
[1.755s] [35m[1mConsolidate compiler generated dependencies of target test_condition_path_expiring_timer[0m
[1.756s] [35m[1mConsolidate compiler generated dependencies of target test_condition_globally_updated_goal[0m
[1.756s] [35m[1mConsolidate compiler generated dependencies of target test_bt_conversions[0m
[1.757s] [35m[1mConsolidate compiler generated dependencies of target test_condition_transform_available[0m
[1.765s] [35m[1mConsolidate compiler generated dependencies of target test_condition_is_stuck[0m
[1.775s] [35m[1mConsolidate compiler generated dependencies of target test_condition_initial_pose_received[0m
[1.778s] [35m[1mConsolidate compiler generated dependencies of target test_condition_goal_updated[0m
[1.791s] [35m[1mConsolidate compiler generated dependencies of target test_condition_is_path_valid[0m
[1.822s] [35m[1mConsolidate compiler generated dependencies of target test_condition_is_battery_low[0m
[1.867s] [ 51%] [32mBuilding CXX object test/plugins/decorator/CMakeFiles/test_goal_updater_node.dir/test_goal_updater_node.cpp.o[0m
[1.915s] [ 52%] Built target test_condition_time_expired
[1.915s] [ 53%] Built target test_bt_conversions
[1.916s] [ 54%] [32mBuilding CXX object test/plugins/decorator/CMakeFiles/test_decorator_speed_controller.dir/test_speed_controller.cpp.o[0m
[1.923s] [ 55%] Built target test_condition_is_stuck
[1.933s] [ 56%] [32mBuilding CXX object test/plugins/decorator/CMakeFiles/test_decorator_distance_controller.dir/test_distance_controller.cpp.o[0m
[1.933s] [ 57%] Built target test_condition_distance_traveled
[1.934s] [ 58%] Built target test_condition_goal_reached
[1.936s] [ 59%] [32mBuilding CXX object test/plugins/decorator/CMakeFiles/test_decorator_rate_controller.dir/test_rate_controller.cpp.o[0m
[1.944s] [ 60%] Built target test_condition_globally_updated_goal
[1.953s] [ 61%] Built target test_condition_initial_pose_received
[1.961s] [ 62%] Built target test_condition_transform_available
[1.981s] [ 64%] Built target test_condition_path_expiring_timer
[1.981s] [ 64%] Built target test_condition_goal_updated
[2.006s] [ 65%] Built target test_condition_is_path_valid
[2.006s] [ 66%] Built target test_condition_is_battery_low
[2.174s] [ 67%] [32mBuilding CXX object test/plugins/control/CMakeFiles/test_control_round_robin_node.dir/test_round_robin_node.cpp.o[0m
[2.179s] [ 68%] [32mBuilding CXX object test/plugins/decorator/CMakeFiles/test_single_trigger_node.dir/test_single_trigger_node.cpp.o[0m
[2.198s] [ 69%] [32mBuilding CXX object test/plugins/control/CMakeFiles/test_control_recovery_node.dir/test_recovery_node.cpp.o[0m
[2.207s] [ 70%] [32mBuilding CXX object test/plugins/action/CMakeFiles/test_action_spin_action.dir/test_spin_action.cpp.o[0m
[2.233s] [ 71%] [32mBuilding CXX object test/plugins/control/CMakeFiles/test_control_pipeline_sequence.dir/test_pipeline_sequence.cpp.o[0m
[2.274s] [ 72%] [32mBuilding CXX object test/plugins/decorator/CMakeFiles/test_decorator_path_longer_on_approach.dir/test_path_longer_on_approach.cpp.o[0m
[2.275s] [ 73%] [32mBuilding CXX object test/plugins/decorator/CMakeFiles/test_goal_updated_controller.dir/test_goal_updated_controller.cpp.o[0m
[2.277s] [ 73%] [32mBuilding CXX object test/plugins/action/CMakeFiles/test_action_wait_action.dir/test_wait_action.cpp.o[0m
[2.286s] [ 73%] [32mBuilding CXX object test/plugins/action/CMakeFiles/test_bt_action_node.dir/test_bt_action_node.cpp.o[0m
[2.286s] [ 74%] [32mBuilding CXX object test/plugins/action/CMakeFiles/test_action_assisted_teleop_action.dir/test_assisted_teleop_action.cpp.o[0m
[2.324s] [ 75%] [32mBuilding CXX object test/plugins/action/CMakeFiles/test_action_drive_on_heading.dir/test_drive_on_heading_action.cpp.o[0m
[2.357s] [ 76%] [32mBuilding CXX object test/plugins/action/CMakeFiles/test_action_back_up_action.dir/test_back_up_action.cpp.o[0m
