[0.115s] Invoking command in '/home/misaka/fishbot/build/cartographer_ros_msgs': CMAKE_PREFIX_PATH=/opt/ros/humble /usr/bin/cmake --build /home/misaka/fishbot/build/cartographer_ros_msgs -- -j16 -l16
[0.418s] [  0%] Built target cartographer_ros_msgs__cpp
[0.495s] [ 12%] Built target cartographer_ros_msgs__rosidl_generator_c
[0.628s] [ 24%] Built target cartographer_ros_msgs__rosidl_typesupport_cpp
[0.649s] [ 37%] Built target cartographer_ros_msgs__rosidl_typesupport_introspection_cpp
[0.650s] [ 49%] Built target cartographer_ros_msgs__rosidl_typesupport_fastrtps_cpp
[0.662s] [ 49%] Built target ament_cmake_python_copy_cartographer_ros_msgs
[0.680s] [ 61%] Built target cartographer_ros_msgs__rosidl_typesupport_introspection_c
[0.682s] [ 73%] Built target cartographer_ros_msgs__rosidl_typesupport_c
[0.706s] [ 85%] Built target cartographer_ros_msgs__rosidl_typesupport_fastrtps_c
[0.837s] [ 85%] Built target cartographer_ros_msgs
[0.963s] [ 86%] Built target cartographer_ros_msgs__py
[1.137s] [ 97%] Built target cartographer_ros_msgs__rosidl_generator_py
[1.269s] [ 99%] Built target cartographer_ros_msgs__rosidl_typesupport_c__pyext
[1.270s] [ 99%] Built target cartographer_ros_msgs__rosidl_typesupport_fastrtps_c__pyext
[1.291s] [100%] Built target cartographer_ros_msgs__rosidl_typesupport_introspection_c__pyext
[1.756s] running egg_info
[1.759s] writing cartographer_ros_msgs.egg-info/PKG-INFO
[1.762s] writing dependency_links to cartographer_ros_msgs.egg-info/dependency_links.txt
[1.762s] writing top-level names to cartographer_ros_msgs.egg-info/top_level.txt
[1.774s] reading manifest file 'cartographer_ros_msgs.egg-info/SOURCES.txt'
[1.777s] writing manifest file 'cartographer_ros_msgs.egg-info/SOURCES.txt'
[1.930s] [100%] Built target ament_cmake_python_build_cartographer_ros_msgs_egg
[2.014s] Invoked command in '/home/misaka/fishbot/build/cartographer_ros_msgs' returned '0': CMAKE_PREFIX_PATH=/opt/ros/humble /usr/bin/cmake --build /home/misaka/fishbot/build/cartographer_ros_msgs -- -j16 -l16
[6.317s] Invoking command in '/home/misaka/fishbot/build/cartographer_ros_msgs': CMAKE_PREFIX_PATH=/opt/ros/humble /usr/bin/cmake --install /home/misaka/fishbot/build/cartographer_ros_msgs
[6.350s] -- Install configuration: ""
[6.351s] -- Up-to-date: /home/misaka/fishbot/install/cartographer_ros_msgs/share/ament_index/resource_index/rosidl_interfaces/cartographer_ros_msgs
[6.351s] -- Up-to-date: /home/misaka/fishbot/install/cartographer_ros_msgs/include/cartographer_ros_msgs/cartographer_ros_msgs
[6.353s] -- Up-to-date: /home/misaka/fishbot/install/cartographer_ros_msgs/include/cartographer_ros_msgs/cartographer_ros_msgs/srv
[6.354s] -- Up-to-date: /home/misaka/fishbot/install/cartographer_ros_msgs/include/cartographer_ros_msgs/cartographer_ros_msgs/srv/submap_query.h
[6.355s] -- Up-to-date: /home/misaka/fishbot/install/cartographer_ros_msgs/include/cartographer_ros_msgs/cartographer_ros_msgs/srv/detail
[6.356s] -- Up-to-date: /home/misaka/fishbot/install/cartographer_ros_msgs/include/cartographer_ros_msgs/cartographer_ros_msgs/srv/detail/submap_query__functions.h
[6.357s] -- Up-to-date: /home/misaka/fishbot/install/cartographer_ros_msgs/include/cartographer_ros_msgs/cartographer_ros_msgs/srv/detail/start_trajectory__functions.h
[6.360s] -- Up-to-date: /home/misaka/fishbot/install/cartographer_ros_msgs/include/cartographer_ros_msgs/cartographer_ros_msgs/srv/detail/read_metrics__functions.h
[6.362s] -- Up-to-date: /home/misaka/fishbot/install/cartographer_ros_msgs/include/cartographer_ros_msgs/cartographer_ros_msgs/srv/detail/submap_query__struct.h
[6.365s] -- Up-to-date: /home/misaka/fishbot/install/cartographer_ros_msgs/include/cartographer_ros_msgs/cartographer_ros_msgs/srv/detail/write_state__functions.c
[6.366s] -- Up-to-date: /home/misaka/fishbot/install/cartographer_ros_msgs/include/cartographer_ros_msgs/cartographer_ros_msgs/srv/detail/trajectory_query__struct.h
[6.367s] -- Up-to-date: /home/misaka/fishbot/install/cartographer_ros_msgs/include/cartographer_ros_msgs/cartographer_ros_msgs/srv/detail/trajectory_query__type_support.h
[6.368s] -- Up-to-date: /home/misaka/fishbot/install/cartographer_ros_msgs/include/cartographer_ros_msgs/cartographer_ros_msgs/srv/detail/read_metrics__struct.h
[6.368s] -- Up-to-date: /home/misaka/fishbot/install/cartographer_ros_msgs/include/cartographer_ros_msgs/cartographer_ros_msgs/srv/detail/write_state__struct.h
[6.369s] -- Up-to-date: /home/misaka/fishbot/install/cartographer_ros_msgs/include/cartographer_ros_msgs/cartographer_ros_msgs/srv/detail/start_trajectory__type_support.h
[6.372s] -- Up-to-date: /home/misaka/fishbot/install/cartographer_ros_msgs/include/cartographer_ros_msgs/cartographer_ros_msgs/srv/detail/write_state__functions.h
[6.372s] -- Up-to-date: /home/misaka/fishbot/install/cartographer_ros_msgs/include/cartographer_ros_msgs/cartographer_ros_msgs/srv/detail/trajectory_query__functions.h
[6.373s] -- Up-to-date: /home/misaka/fishbot/install/cartographer_ros_msgs/include/cartographer_ros_msgs/cartographer_ros_msgs/srv/detail/get_trajectory_states__struct.h
[6.373s] -- Up-to-date: /home/misaka/fishbot/install/cartographer_ros_msgs/include/cartographer_ros_msgs/cartographer_ros_msgs/srv/detail/trajectory_query__functions.c
[6.374s] -- Up-to-date: /home/misaka/fishbot/install/cartographer_ros_msgs/include/cartographer_ros_msgs/cartographer_ros_msgs/srv/detail/start_trajectory__functions.c
[6.374s] -- Up-to-date: /home/misaka/fishbot/install/cartographer_ros_msgs/include/cartographer_ros_msgs/cartographer_ros_msgs/srv/detail/read_metrics__type_support.h
[6.374s] -- Up-to-date: /home/misaka/fishbot/install/cartographer_ros_msgs/include/cartographer_ros_msgs/cartographer_ros_msgs/srv/detail/submap_query__type_support.h
[6.374s] -- Up-to-date: /home/misaka/fishbot/install/cartographer_ros_msgs/include/cartographer_ros_msgs/cartographer_ros_msgs/srv/detail/read_metrics__functions.c
[6.374s] -- Up-to-date: /home/misaka/fishbot/install/cartographer_ros_msgs/include/cartographer_ros_msgs/cartographer_ros_msgs/srv/detail/submap_query__functions.c
[6.374s] -- Up-to-date: /home/misaka/fishbot/install/cartographer_ros_msgs/include/cartographer_ros_msgs/cartographer_ros_msgs/srv/detail/get_trajectory_states__functions.c
[6.374s] -- Up-to-date: /home/misaka/fishbot/install/cartographer_ros_msgs/include/cartographer_ros_msgs/cartographer_ros_msgs/srv/detail/finish_trajectory__struct.h
[6.374s] -- Up-to-date: /home/misaka/fishbot/install/cartographer_ros_msgs/include/cartographer_ros_msgs/cartographer_ros_msgs/srv/detail/write_state__type_support.h
[6.375s] -- Up-to-date: /home/misaka/fishbot/install/cartographer_ros_msgs/include/cartographer_ros_msgs/cartographer_ros_msgs/srv/detail/finish_trajectory__functions.c
[6.375s] -- Up-to-date: /home/misaka/fishbot/install/cartographer_ros_msgs/include/cartographer_ros_msgs/cartographer_ros_msgs/srv/detail/finish_trajectory__type_support.h
[6.375s] -- Up-to-date: /home/misaka/fishbot/install/cartographer_ros_msgs/include/cartographer_ros_msgs/cartographer_ros_msgs/srv/detail/get_trajectory_states__type_support.h
[6.375s] -- Up-to-date: /home/misaka/fishbot/install/cartographer_ros_msgs/include/cartographer_ros_msgs/cartographer_ros_msgs/srv/detail/finish_trajectory__functions.h
[6.375s] -- Up-to-date: /home/misaka/fishbot/install/cartographer_ros_msgs/include/cartographer_ros_msgs/cartographer_ros_msgs/srv/detail/get_trajectory_states__functions.h
[6.375s] -- Up-to-date: /home/misaka/fishbot/install/cartographer_ros_msgs/include/cartographer_ros_msgs/cartographer_ros_msgs/srv/detail/start_trajectory__struct.h
[6.375s] -- Up-to-date: /home/misaka/fishbot/install/cartographer_ros_msgs/include/cartographer_ros_msgs/cartographer_ros_msgs/srv/write_state.h
[6.376s] -- Up-to-date: /home/misaka/fishbot/install/cartographer_ros_msgs/include/cartographer_ros_msgs/cartographer_ros_msgs/srv/get_trajectory_states.h
[6.376s] -- Up-to-date: /home/misaka/fishbot/install/cartographer_ros_msgs/include/cartographer_ros_msgs/cartographer_ros_msgs/srv/read_metrics.h
[6.376s] -- Up-to-date: /home/misaka/fishbot/install/cartographer_ros_msgs/include/cartographer_ros_msgs/cartographer_ros_msgs/srv/start_trajectory.h
[6.377s] -- Up-to-date: /home/misaka/fishbot/install/cartographer_ros_msgs/include/cartographer_ros_msgs/cartographer_ros_msgs/srv/finish_trajectory.h
[6.377s] -- Up-to-date: /home/misaka/fishbot/install/cartographer_ros_msgs/include/cartographer_ros_msgs/cartographer_ros_msgs/srv/trajectory_query.h
[6.377s] -- Up-to-date: /home/misaka/fishbot/install/cartographer_ros_msgs/include/cartographer_ros_msgs/cartographer_ros_msgs/msg
[6.377s] -- Up-to-date: /home/misaka/fishbot/install/cartographer_ros_msgs/include/cartographer_ros_msgs/cartographer_ros_msgs/msg/landmark_list.h
[6.379s] -- Up-to-date: /home/misaka/fishbot/install/cartographer_ros_msgs/include/cartographer_ros_msgs/cartographer_ros_msgs/msg/landmark_entry.h
[6.379s] -- Up-to-date: /home/misaka/fishbot/install/cartographer_ros_msgs/include/cartographer_ros_msgs/cartographer_ros_msgs/msg/rosidl_generator_c__visibility_control.h
[6.379s] -- Up-to-date: /home/misaka/fishbot/install/cartographer_ros_msgs/include/cartographer_ros_msgs/cartographer_ros_msgs/msg/submap_texture.h
[6.379s] -- Up-to-date: /home/misaka/fishbot/install/cartographer_ros_msgs/include/cartographer_ros_msgs/cartographer_ros_msgs/msg/status_code.h
[6.380s] -- Up-to-date: /home/misaka/fishbot/install/cartographer_ros_msgs/include/cartographer_ros_msgs/cartographer_ros_msgs/msg/trajectory_states.h
[6.381s] -- Up-to-date: /home/misaka/fishbot/install/cartographer_ros_msgs/include/cartographer_ros_msgs/cartographer_ros_msgs/msg/histogram_bucket.h
[6.381s] -- Up-to-date: /home/misaka/fishbot/install/cartographer_ros_msgs/include/cartographer_ros_msgs/cartographer_ros_msgs/msg/metric_label.h
[6.382s] -- Up-to-date: /home/misaka/fishbot/install/cartographer_ros_msgs/include/cartographer_ros_msgs/cartographer_ros_msgs/msg/bagfile_progress.h
[6.382s] -- Up-to-date: /home/misaka/fishbot/install/cartographer_ros_msgs/include/cartographer_ros_msgs/cartographer_ros_msgs/msg/detail
[6.384s] -- Up-to-date: /home/misaka/fishbot/install/cartographer_ros_msgs/include/cartographer_ros_msgs/cartographer_ros_msgs/msg/detail/status_code__struct.h
[6.385s] -- Up-to-date: /home/misaka/fishbot/install/cartographer_ros_msgs/include/cartographer_ros_msgs/cartographer_ros_msgs/msg/detail/bagfile_progress__functions.h
[6.389s] -- Up-to-date: /home/misaka/fishbot/install/cartographer_ros_msgs/include/cartographer_ros_msgs/cartographer_ros_msgs/msg/detail/landmark_entry__functions.c
[6.390s] -- Up-to-date: /home/misaka/fishbot/install/cartographer_ros_msgs/include/cartographer_ros_msgs/cartographer_ros_msgs/msg/detail/metric_label__functions.h
[6.391s] -- Up-to-date: /home/misaka/fishbot/install/cartographer_ros_msgs/include/cartographer_ros_msgs/cartographer_ros_msgs/msg/detail/trajectory_states__type_support.h
[6.392s] -- Up-to-date: /home/misaka/fishbot/install/cartographer_ros_msgs/include/cartographer_ros_msgs/cartographer_ros_msgs/msg/detail/submap_list__type_support.h
[6.393s] -- Up-to-date: /home/misaka/fishbot/install/cartographer_ros_msgs/include/cartographer_ros_msgs/cartographer_ros_msgs/msg/detail/metric__functions.h
[6.394s] -- Up-to-date: /home/misaka/fishbot/install/cartographer_ros_msgs/include/cartographer_ros_msgs/cartographer_ros_msgs/msg/detail/bagfile_progress__struct.h
[6.395s] -- Up-to-date: /home/misaka/fishbot/install/cartographer_ros_msgs/include/cartographer_ros_msgs/cartographer_ros_msgs/msg/detail/metric_family__functions.h
[6.395s] -- Up-to-date: /home/misaka/fishbot/install/cartographer_ros_msgs/include/cartographer_ros_msgs/cartographer_ros_msgs/msg/detail/bagfile_progress__functions.c
[6.395s] -- Up-to-date: /home/misaka/fishbot/install/cartographer_ros_msgs/include/cartographer_ros_msgs/cartographer_ros_msgs/msg/detail/metric_label__functions.c
[6.396s] -- Up-to-date: /home/misaka/fishbot/install/cartographer_ros_msgs/include/cartographer_ros_msgs/cartographer_ros_msgs/msg/detail/metric_label__type_support.h
[6.396s] -- Up-to-date: /home/misaka/fishbot/install/cartographer_ros_msgs/include/cartographer_ros_msgs/cartographer_ros_msgs/msg/detail/bagfile_progress__type_support.h
[6.398s] -- Up-to-date: /home/misaka/fishbot/install/cartographer_ros_msgs/include/cartographer_ros_msgs/cartographer_ros_msgs/msg/detail/status_response__functions.c
[6.398s] -- Up-to-date: /home/misaka/fishbot/install/cartographer_ros_msgs/include/cartographer_ros_msgs/cartographer_ros_msgs/msg/detail/landmark_list__functions.c
[6.398s] -- Up-to-date: /home/misaka/fishbot/install/cartographer_ros_msgs/include/cartographer_ros_msgs/cartographer_ros_msgs/msg/detail/submap_texture__type_support.h
[6.399s] -- Up-to-date: /home/misaka/fishbot/install/cartographer_ros_msgs/include/cartographer_ros_msgs/cartographer_ros_msgs/msg/detail/landmark_list__functions.h
[6.400s] -- Up-to-date: /home/misaka/fishbot/install/cartographer_ros_msgs/include/cartographer_ros_msgs/cartographer_ros_msgs/msg/detail/histogram_bucket__struct.h
[6.400s] -- Up-to-date: /home/misaka/fishbot/install/cartographer_ros_msgs/include/cartographer_ros_msgs/cartographer_ros_msgs/msg/detail/landmark_entry__functions.h
[6.401s] -- Up-to-date: /home/misaka/fishbot/install/cartographer_ros_msgs/include/cartographer_ros_msgs/cartographer_ros_msgs/msg/detail/submap_entry__struct.h
[6.401s] -- Up-to-date: /home/misaka/fishbot/install/cartographer_ros_msgs/include/cartographer_ros_msgs/cartographer_ros_msgs/msg/detail/histogram_bucket__functions.c
[6.402s] -- Up-to-date: /home/misaka/fishbot/install/cartographer_ros_msgs/include/cartographer_ros_msgs/cartographer_ros_msgs/msg/detail/submap_list__functions.c
[6.402s] -- Up-to-date: /home/misaka/fishbot/install/cartographer_ros_msgs/include/cartographer_ros_msgs/cartographer_ros_msgs/msg/detail/submap_texture__struct.h
[6.402s] -- Up-to-date: /home/misaka/fishbot/install/cartographer_ros_msgs/include/cartographer_ros_msgs/cartographer_ros_msgs/msg/detail/submap_texture__functions.c
[6.403s] -- Up-to-date: /home/misaka/fishbot/install/cartographer_ros_msgs/include/cartographer_ros_msgs/cartographer_ros_msgs/msg/detail/status_response__type_support.h
[6.403s] -- Up-to-date: /home/misaka/fishbot/install/cartographer_ros_msgs/include/cartographer_ros_msgs/cartographer_ros_msgs/msg/detail/submap_list__struct.h
[6.404s] -- Up-to-date: /home/misaka/fishbot/install/cartographer_ros_msgs/include/cartographer_ros_msgs/cartographer_ros_msgs/msg/detail/metric__functions.c
[6.405s] -- Up-to-date: /home/misaka/fishbot/install/cartographer_ros_msgs/include/cartographer_ros_msgs/cartographer_ros_msgs/msg/detail/submap_entry__type_support.h
[6.405s] -- Up-to-date: /home/misaka/fishbot/install/cartographer_ros_msgs/include/cartographer_ros_msgs/cartographer_ros_msgs/msg/detail/submap_entry__functions.c
[6.405s] -- Up-to-date: /home/misaka/fishbot/install/cartographer_ros_msgs/include/cartographer_ros_msgs/cartographer_ros_msgs/msg/detail/metric_family__functions.c
[6.406s] -- Up-to-date: /home/misaka/fishbot/install/cartographer_ros_msgs/include/cartographer_ros_msgs/cartographer_ros_msgs/msg/detail/trajectory_states__functions.h
[6.406s] -- Up-to-date: /home/misaka/fishbot/install/cartographer_ros_msgs/include/cartographer_ros_msgs/cartographer_ros_msgs/msg/detail/status_code__type_support.h
[6.406s] -- Up-to-date: /home/misaka/fishbot/install/cartographer_ros_msgs/include/cartographer_ros_msgs/cartographer_ros_msgs/msg/detail/status_code__functions.h
[6.408s] -- Up-to-date: /home/misaka/fishbot/install/cartographer_ros_msgs/include/cartographer_ros_msgs/cartographer_ros_msgs/msg/detail/histogram_bucket__type_support.h
[6.408s] -- Up-to-date: /home/misaka/fishbot/install/cartographer_ros_msgs/include/cartographer_ros_msgs/cartographer_ros_msgs/msg/detail/landmark_entry__type_support.h
[6.408s] -- Up-to-date: /home/misaka/fishbot/install/cartographer_ros_msgs/include/cartographer_ros_msgs/cartographer_ros_msgs/msg/detail/status_response__struct.h
[6.409s] -- Up-to-date: /home/misaka/fishbot/install/cartographer_ros_msgs/include/cartographer_ros_msgs/cartographer_ros_msgs/msg/detail/submap_entry__functions.h
[6.409s] -- Up-to-date: /home/misaka/fishbot/install/cartographer_ros_msgs/include/cartographer_ros_msgs/cartographer_ros_msgs/msg/detail/landmark_list__struct.h
[6.409s] -- Up-to-date: /home/misaka/fishbot/install/cartographer_ros_msgs/include/cartographer_ros_msgs/cartographer_ros_msgs/msg/detail/landmark_entry__struct.h
[6.410s] -- Up-to-date: /home/misaka/fishbot/install/cartographer_ros_msgs/include/cartographer_ros_msgs/cartographer_ros_msgs/msg/detail/landmark_list__type_support.h
[6.411s] -- Up-to-date: /home/misaka/fishbot/install/cartographer_ros_msgs/include/cartographer_ros_msgs/cartographer_ros_msgs/msg/detail/metric__type_support.h
[6.411s] -- Up-to-date: /home/misaka/fishbot/install/cartographer_ros_msgs/include/cartographer_ros_msgs/cartographer_ros_msgs/msg/detail/trajectory_states__functions.c
[6.412s] -- Up-to-date: /home/misaka/fishbot/install/cartographer_ros_msgs/include/cartographer_ros_msgs/cartographer_ros_msgs/msg/detail/status_code__functions.c
[6.413s] -- Up-to-date: /home/misaka/fishbot/install/cartographer_ros_msgs/include/cartographer_ros_msgs/cartographer_ros_msgs/msg/detail/metric__struct.h
[6.413s] -- Up-to-date: /home/misaka/fishbot/install/cartographer_ros_msgs/include/cartographer_ros_msgs/cartographer_ros_msgs/msg/detail/status_response__functions.h
[6.413s] -- Up-to-date: /home/misaka/fishbot/install/cartographer_ros_msgs/include/cartographer_ros_msgs/cartographer_ros_msgs/msg/detail/metric_label__struct.h
[6.414s] -- Up-to-date: /home/misaka/fishbot/install/cartographer_ros_msgs/include/cartographer_ros_msgs/cartographer_ros_msgs/msg/detail/metric_family__struct.h
[6.414s] -- Up-to-date: /home/misaka/fishbot/install/cartographer_ros_msgs/include/cartographer_ros_msgs/cartographer_ros_msgs/msg/detail/metric_family__type_support.h
[6.415s] -- Up-to-date: /home/misaka/fishbot/install/cartographer_ros_msgs/include/cartographer_ros_msgs/cartographer_ros_msgs/msg/detail/submap_texture__functions.h
[6.417s] -- Up-to-date: /home/misaka/fishbot/install/cartographer_ros_msgs/include/cartographer_ros_msgs/cartographer_ros_msgs/msg/detail/trajectory_states__struct.h
[6.417s] -- Up-to-date: /home/misaka/fishbot/install/cartographer_ros_msgs/include/cartographer_ros_msgs/cartographer_ros_msgs/msg/detail/submap_list__functions.h
[6.417s] -- Up-to-date: /home/misaka/fishbot/install/cartographer_ros_msgs/include/cartographer_ros_msgs/cartographer_ros_msgs/msg/detail/histogram_bucket__functions.h
[6.418s] -- Up-to-date: /home/misaka/fishbot/install/cartographer_ros_msgs/include/cartographer_ros_msgs/cartographer_ros_msgs/msg/submap_list.h
[6.418s] -- Up-to-date: /home/misaka/fishbot/install/cartographer_ros_msgs/include/cartographer_ros_msgs/cartographer_ros_msgs/msg/metric_family.h
[6.418s] -- Up-to-date: /home/misaka/fishbot/install/cartographer_ros_msgs/include/cartographer_ros_msgs/cartographer_ros_msgs/msg/metric.h
[6.419s] -- Up-to-date: /home/misaka/fishbot/install/cartographer_ros_msgs/include/cartographer_ros_msgs/cartographer_ros_msgs/msg/status_response.h
[6.420s] -- Up-to-date: /home/misaka/fishbot/install/cartographer_ros_msgs/include/cartographer_ros_msgs/cartographer_ros_msgs/msg/submap_entry.h
[6.420s] -- Up-to-date: /home/misaka/fishbot/install/cartographer_ros_msgs/share/cartographer_ros_msgs/environment/library_path.sh
[6.422s] -- Up-to-date: /home/misaka/fishbot/install/cartographer_ros_msgs/share/cartographer_ros_msgs/environment/library_path.dsv
[6.425s] -- Up-to-date: /home/misaka/fishbot/install/cartographer_ros_msgs/lib/libcartographer_ros_msgs__rosidl_generator_c.so
[6.426s] -- Up-to-date: /home/misaka/fishbot/install/cartographer_ros_msgs/include/cartographer_ros_msgs/cartographer_ros_msgs
[6.427s] -- Up-to-date: /home/misaka/fishbot/install/cartographer_ros_msgs/include/cartographer_ros_msgs/cartographer_ros_msgs/srv
[6.427s] -- Up-to-date: /home/misaka/fishbot/install/cartographer_ros_msgs/include/cartographer_ros_msgs/cartographer_ros_msgs/srv/detail
[6.428s] -- Up-to-date: /home/misaka/fishbot/install/cartographer_ros_msgs/include/cartographer_ros_msgs/cartographer_ros_msgs/srv/detail/trajectory_query__rosidl_typesupport_fastrtps_c.h
[6.429s] -- Up-to-date: /home/misaka/fishbot/install/cartographer_ros_msgs/include/cartographer_ros_msgs/cartographer_ros_msgs/srv/detail/finish_trajectory__rosidl_typesupport_fastrtps_c.h
[6.429s] -- Up-to-date: /home/misaka/fishbot/install/cartographer_ros_msgs/include/cartographer_ros_msgs/cartographer_ros_msgs/srv/detail/read_metrics__rosidl_typesupport_fastrtps_c.h
[6.430s] -- Up-to-date: /home/misaka/fishbot/install/cartographer_ros_msgs/include/cartographer_ros_msgs/cartographer_ros_msgs/srv/detail/write_state__rosidl_typesupport_fastrtps_c.h
[6.430s] -- Up-to-date: /home/misaka/fishbot/install/cartographer_ros_msgs/include/cartographer_ros_msgs/cartographer_ros_msgs/srv/detail/get_trajectory_states__rosidl_typesupport_fastrtps_c.h
[6.431s] -- Up-to-date: /home/misaka/fishbot/install/cartographer_ros_msgs/include/cartographer_ros_msgs/cartographer_ros_msgs/srv/detail/start_trajectory__rosidl_typesupport_fastrtps_c.h
[6.431s] -- Up-to-date: /home/misaka/fishbot/install/cartographer_ros_msgs/include/cartographer_ros_msgs/cartographer_ros_msgs/srv/detail/submap_query__rosidl_typesupport_fastrtps_c.h
[6.432s] -- Up-to-date: /home/misaka/fishbot/install/cartographer_ros_msgs/include/cartographer_ros_msgs/cartographer_ros_msgs/msg
[6.432s] -- Up-to-date: /home/misaka/fishbot/install/cartographer_ros_msgs/include/cartographer_ros_msgs/cartographer_ros_msgs/msg/rosidl_typesupport_fastrtps_c__visibility_control.h
[6.432s] -- Up-to-date: /home/misaka/fishbot/install/cartographer_ros_msgs/include/cartographer_ros_msgs/cartographer_ros_msgs/msg/detail
[6.432s] -- Up-to-date: /home/misaka/fishbot/install/cartographer_ros_msgs/include/cartographer_ros_msgs/cartographer_ros_msgs/msg/detail/bagfile_progress__rosidl_typesupport_fastrtps_c.h
[6.433s] -- Up-to-date: /home/misaka/fishbot/install/cartographer_ros_msgs/include/cartographer_ros_msgs/cartographer_ros_msgs/msg/detail/landmark_entry__rosidl_typesupport_fastrtps_c.h
[6.435s] -- Up-to-date: /home/misaka/fishbot/install/cartographer_ros_msgs/include/cartographer_ros_msgs/cartographer_ros_msgs/msg/detail/submap_entry__rosidl_typesupport_fastrtps_c.h
[6.436s] -- Up-to-date: /home/misaka/fishbot/install/cartographer_ros_msgs/include/cartographer_ros_msgs/cartographer_ros_msgs/msg/detail/trajectory_states__rosidl_typesupport_fastrtps_c.h
[6.437s] -- Up-to-date: /home/misaka/fishbot/install/cartographer_ros_msgs/include/cartographer_ros_msgs/cartographer_ros_msgs/msg/detail/metric_family__rosidl_typesupport_fastrtps_c.h
[6.439s] -- Up-to-date: /home/misaka/fishbot/install/cartographer_ros_msgs/include/cartographer_ros_msgs/cartographer_ros_msgs/msg/detail/histogram_bucket__rosidl_typesupport_fastrtps_c.h
[6.441s] -- Up-to-date: /home/misaka/fishbot/install/cartographer_ros_msgs/include/cartographer_ros_msgs/cartographer_ros_msgs/msg/detail/status_response__rosidl_typesupport_fastrtps_c.h
[6.441s] -- Up-to-date: /home/misaka/fishbot/install/cartographer_ros_msgs/include/cartographer_ros_msgs/cartographer_ros_msgs/msg/detail/metric_label__rosidl_typesupport_fastrtps_c.h
[6.442s] -- Up-to-date: /home/misaka/fishbot/install/cartographer_ros_msgs/include/cartographer_ros_msgs/cartographer_ros_msgs/msg/detail/metric__rosidl_typesupport_fastrtps_c.h
[6.444s] -- Up-to-date: /home/misaka/fishbot/install/cartographer_ros_msgs/include/cartographer_ros_msgs/cartographer_ros_msgs/msg/detail/landmark_list__rosidl_typesupport_fastrtps_c.h
[6.445s] -- Up-to-date: /home/misaka/fishbot/install/cartographer_ros_msgs/include/cartographer_ros_msgs/cartographer_ros_msgs/msg/detail/submap_list__rosidl_typesupport_fastrtps_c.h
[6.446s] -- Up-to-date: /home/misaka/fishbot/install/cartographer_ros_msgs/include/cartographer_ros_msgs/cartographer_ros_msgs/msg/detail/status_code__rosidl_typesupport_fastrtps_c.h
[6.446s] -- Up-to-date: /home/misaka/fishbot/install/cartographer_ros_msgs/include/cartographer_ros_msgs/cartographer_ros_msgs/msg/detail/submap_texture__rosidl_typesupport_fastrtps_c.h
[6.447s] -- Up-to-date: /home/misaka/fishbot/install/cartographer_ros_msgs/lib/libcartographer_ros_msgs__rosidl_typesupport_fastrtps_c.so
[6.449s] -- Up-to-date: /home/misaka/fishbot/install/cartographer_ros_msgs/include/cartographer_ros_msgs/cartographer_ros_msgs
[6.450s] -- Up-to-date: /home/misaka/fishbot/install/cartographer_ros_msgs/include/cartographer_ros_msgs/cartographer_ros_msgs/srv
[6.450s] -- Up-to-date: /home/misaka/fishbot/install/cartographer_ros_msgs/include/cartographer_ros_msgs/cartographer_ros_msgs/srv/detail
[6.451s] -- Up-to-date: /home/misaka/fishbot/install/cartographer_ros_msgs/include/cartographer_ros_msgs/cartographer_ros_msgs/srv/detail/read_metrics__rosidl_typesupport_introspection_c.h
[6.451s] -- Up-to-date: /home/misaka/fishbot/install/cartographer_ros_msgs/include/cartographer_ros_msgs/cartographer_ros_msgs/srv/detail/get_trajectory_states__rosidl_typesupport_introspection_c.h
[6.452s] -- Up-to-date: /home/misaka/fishbot/install/cartographer_ros_msgs/include/cartographer_ros_msgs/cartographer_ros_msgs/srv/detail/write_state__rosidl_typesupport_introspection_c.h
[6.452s] -- Up-to-date: /home/misaka/fishbot/install/cartographer_ros_msgs/include/cartographer_ros_msgs/cartographer_ros_msgs/srv/detail/finish_trajectory__rosidl_typesupport_introspection_c.h
[6.453s] -- Up-to-date: /home/misaka/fishbot/install/cartographer_ros_msgs/include/cartographer_ros_msgs/cartographer_ros_msgs/srv/detail/read_metrics__type_support.c
[6.453s] -- Up-to-date: /home/misaka/fishbot/install/cartographer_ros_msgs/include/cartographer_ros_msgs/cartographer_ros_msgs/srv/detail/get_trajectory_states__type_support.c
[6.453s] -- Up-to-date: /home/misaka/fishbot/install/cartographer_ros_msgs/include/cartographer_ros_msgs/cartographer_ros_msgs/srv/detail/write_state__type_support.c
[6.453s] -- Up-to-date: /home/misaka/fishbot/install/cartographer_ros_msgs/include/cartographer_ros_msgs/cartographer_ros_msgs/srv/detail/trajectory_query__type_support.c
[6.453s] -- Up-to-date: /home/misaka/fishbot/install/cartographer_ros_msgs/include/cartographer_ros_msgs/cartographer_ros_msgs/srv/detail/trajectory_query__rosidl_typesupport_introspection_c.h
[6.454s] -- Up-to-date: /home/misaka/fishbot/install/cartographer_ros_msgs/include/cartographer_ros_msgs/cartographer_ros_msgs/srv/detail/start_trajectory__type_support.c
[6.454s] -- Up-to-date: /home/misaka/fishbot/install/cartographer_ros_msgs/include/cartographer_ros_msgs/cartographer_ros_msgs/srv/detail/start_trajectory__rosidl_typesupport_introspection_c.h
[6.455s] -- Up-to-date: /home/misaka/fishbot/install/cartographer_ros_msgs/include/cartographer_ros_msgs/cartographer_ros_msgs/srv/detail/finish_trajectory__type_support.c
[6.456s] -- Up-to-date: /home/misaka/fishbot/install/cartographer_ros_msgs/include/cartographer_ros_msgs/cartographer_ros_msgs/srv/detail/submap_query__rosidl_typesupport_introspection_c.h
[6.456s] -- Up-to-date: /home/misaka/fishbot/install/cartographer_ros_msgs/include/cartographer_ros_msgs/cartographer_ros_msgs/srv/detail/submap_query__type_support.c
[6.456s] -- Up-to-date: /home/misaka/fishbot/install/cartographer_ros_msgs/include/cartographer_ros_msgs/cartographer_ros_msgs/msg
[6.456s] -- Up-to-date: /home/misaka/fishbot/install/cartographer_ros_msgs/include/cartographer_ros_msgs/cartographer_ros_msgs/msg/detail
[6.457s] -- Up-to-date: /home/misaka/fishbot/install/cartographer_ros_msgs/include/cartographer_ros_msgs/cartographer_ros_msgs/msg/detail/metric__type_support.c
[6.457s] -- Up-to-date: /home/misaka/fishbot/install/cartographer_ros_msgs/include/cartographer_ros_msgs/cartographer_ros_msgs/msg/detail/submap_list__type_support.c
[6.457s] -- Up-to-date: /home/misaka/fishbot/install/cartographer_ros_msgs/include/cartographer_ros_msgs/cartographer_ros_msgs/msg/detail/submap_texture__rosidl_typesupport_introspection_c.h
[6.458s] -- Up-to-date: /home/misaka/fishbot/install/cartographer_ros_msgs/include/cartographer_ros_msgs/cartographer_ros_msgs/msg/detail/landmark_list__type_support.c
[6.458s] -- Up-to-date: /home/misaka/fishbot/install/cartographer_ros_msgs/include/cartographer_ros_msgs/cartographer_ros_msgs/msg/detail/submap_entry__rosidl_typesupport_introspection_c.h
[6.458s] -- Up-to-date: /home/misaka/fishbot/install/cartographer_ros_msgs/include/cartographer_ros_msgs/cartographer_ros_msgs/msg/detail/landmark_entry__rosidl_typesupport_introspection_c.h
[6.458s] -- Up-to-date: /home/misaka/fishbot/install/cartographer_ros_msgs/include/cartographer_ros_msgs/cartographer_ros_msgs/msg/detail/histogram_bucket__rosidl_typesupport_introspection_c.h
[6.459s] -- Up-to-date: /home/misaka/fishbot/install/cartographer_ros_msgs/include/cartographer_ros_msgs/cartographer_ros_msgs/msg/detail/bagfile_progress__rosidl_typesupport_introspection_c.h
[6.459s] -- Up-to-date: /home/misaka/fishbot/install/cartographer_ros_msgs/include/cartographer_ros_msgs/cartographer_ros_msgs/msg/detail/metric_family__rosidl_typesupport_introspection_c.h
[6.459s] -- Up-to-date: /home/misaka/fishbot/install/cartographer_ros_msgs/include/cartographer_ros_msgs/cartographer_ros_msgs/msg/detail/status_response__rosidl_typesupport_introspection_c.h
[6.460s] -- Up-to-date: /home/misaka/fishbot/install/cartographer_ros_msgs/include/cartographer_ros_msgs/cartographer_ros_msgs/msg/detail/trajectory_states__rosidl_typesupport_introspection_c.h
[6.461s] -- Up-to-date: /home/misaka/fishbot/install/cartographer_ros_msgs/include/cartographer_ros_msgs/cartographer_ros_msgs/msg/detail/bagfile_progress__type_support.c
[6.461s] -- Up-to-date: /home/misaka/fishbot/install/cartographer_ros_msgs/include/cartographer_ros_msgs/cartographer_ros_msgs/msg/detail/landmark_entry__type_support.c
[6.462s] -- Up-to-date: /home/misaka/fishbot/install/cartographer_ros_msgs/include/cartographer_ros_msgs/cartographer_ros_msgs/msg/detail/status_code__rosidl_typesupport_introspection_c.h
[6.463s] -- Up-to-date: /home/misaka/fishbot/install/cartographer_ros_msgs/include/cartographer_ros_msgs/cartographer_ros_msgs/msg/detail/submap_list__rosidl_typesupport_introspection_c.h
[6.463s] -- Up-to-date: /home/misaka/fishbot/install/cartographer_ros_msgs/include/cartographer_ros_msgs/cartographer_ros_msgs/msg/detail/submap_entry__type_support.c
[6.463s] -- Up-to-date: /home/misaka/fishbot/install/cartographer_ros_msgs/include/cartographer_ros_msgs/cartographer_ros_msgs/msg/detail/status_response__type_support.c
[6.463s] -- Up-to-date: /home/misaka/fishbot/install/cartographer_ros_msgs/include/cartographer_ros_msgs/cartographer_ros_msgs/msg/detail/landmark_list__rosidl_typesupport_introspection_c.h
[6.464s] -- Up-to-date: /home/misaka/fishbot/install/cartographer_ros_msgs/include/cartographer_ros_msgs/cartographer_ros_msgs/msg/detail/metric__rosidl_typesupport_introspection_c.h
[6.464s] -- Up-to-date: /home/misaka/fishbot/install/cartographer_ros_msgs/include/cartographer_ros_msgs/cartographer_ros_msgs/msg/detail/metric_label__type_support.c
[6.464s] -- Up-to-date: /home/misaka/fishbot/install/cartographer_ros_msgs/include/cartographer_ros_msgs/cartographer_ros_msgs/msg/detail/metric_family__type_support.c
[6.464s] -- Up-to-date: /home/misaka/fishbot/install/cartographer_ros_msgs/include/cartographer_ros_msgs/cartographer_ros_msgs/msg/detail/submap_texture__type_support.c
[6.465s] -- Up-to-date: /home/misaka/fishbot/install/cartographer_ros_msgs/include/cartographer_ros_msgs/cartographer_ros_msgs/msg/detail/trajectory_states__type_support.c
[6.465s] -- Up-to-date: /home/misaka/fishbot/install/cartographer_ros_msgs/include/cartographer_ros_msgs/cartographer_ros_msgs/msg/detail/status_code__type_support.c
[6.465s] -- Up-to-date: /home/misaka/fishbot/install/cartographer_ros_msgs/include/cartographer_ros_msgs/cartographer_ros_msgs/msg/detail/histogram_bucket__type_support.c
[6.466s] -- Up-to-date: /home/misaka/fishbot/install/cartographer_ros_msgs/include/cartographer_ros_msgs/cartographer_ros_msgs/msg/detail/metric_label__rosidl_typesupport_introspection_c.h
[6.466s] -- Up-to-date: /home/misaka/fishbot/install/cartographer_ros_msgs/include/cartographer_ros_msgs/cartographer_ros_msgs/msg/rosidl_typesupport_introspection_c__visibility_control.h
[6.466s] -- Up-to-date: /home/misaka/fishbot/install/cartographer_ros_msgs/lib/libcartographer_ros_msgs__rosidl_typesupport_introspection_c.so
[6.466s] -- Up-to-date: /home/misaka/fishbot/install/cartographer_ros_msgs/lib/libcartographer_ros_msgs__rosidl_typesupport_c.so
[6.466s] -- Up-to-date: /home/misaka/fishbot/install/cartographer_ros_msgs/include/cartographer_ros_msgs/cartographer_ros_msgs
[6.467s] -- Up-to-date: /home/misaka/fishbot/install/cartographer_ros_msgs/include/cartographer_ros_msgs/cartographer_ros_msgs/srv
[6.467s] -- Up-to-date: /home/misaka/fishbot/install/cartographer_ros_msgs/include/cartographer_ros_msgs/cartographer_ros_msgs/srv/write_state.hpp
[6.467s] -- Up-to-date: /home/misaka/fishbot/install/cartographer_ros_msgs/include/cartographer_ros_msgs/cartographer_ros_msgs/srv/get_trajectory_states.hpp
[6.468s] -- Up-to-date: /home/misaka/fishbot/install/cartographer_ros_msgs/include/cartographer_ros_msgs/cartographer_ros_msgs/srv/start_trajectory.hpp
[6.468s] -- Up-to-date: /home/misaka/fishbot/install/cartographer_ros_msgs/include/cartographer_ros_msgs/cartographer_ros_msgs/srv/submap_query.hpp
[6.468s] -- Up-to-date: /home/misaka/fishbot/install/cartographer_ros_msgs/include/cartographer_ros_msgs/cartographer_ros_msgs/srv/trajectory_query.hpp
[6.469s] -- Up-to-date: /home/misaka/fishbot/install/cartographer_ros_msgs/include/cartographer_ros_msgs/cartographer_ros_msgs/srv/finish_trajectory.hpp
[6.471s] -- Up-to-date: /home/misaka/fishbot/install/cartographer_ros_msgs/include/cartographer_ros_msgs/cartographer_ros_msgs/srv/detail
[6.471s] -- Up-to-date: /home/misaka/fishbot/install/cartographer_ros_msgs/include/cartographer_ros_msgs/cartographer_ros_msgs/srv/detail/get_trajectory_states__struct.hpp
[6.472s] -- Up-to-date: /home/misaka/fishbot/install/cartographer_ros_msgs/include/cartographer_ros_msgs/cartographer_ros_msgs/srv/detail/start_trajectory__struct.hpp
[6.472s] -- Up-to-date: /home/misaka/fishbot/install/cartographer_ros_msgs/include/cartographer_ros_msgs/cartographer_ros_msgs/srv/detail/get_trajectory_states__builder.hpp
[6.473s] -- Up-to-date: /home/misaka/fishbot/install/cartographer_ros_msgs/include/cartographer_ros_msgs/cartographer_ros_msgs/srv/detail/start_trajectory__traits.hpp
[6.473s] -- Up-to-date: /home/misaka/fishbot/install/cartographer_ros_msgs/include/cartographer_ros_msgs/cartographer_ros_msgs/srv/detail/trajectory_query__struct.hpp
[6.473s] -- Up-to-date: /home/misaka/fishbot/install/cartographer_ros_msgs/include/cartographer_ros_msgs/cartographer_ros_msgs/srv/detail/finish_trajectory__struct.hpp
[6.473s] -- Up-to-date: /home/misaka/fishbot/install/cartographer_ros_msgs/include/cartographer_ros_msgs/cartographer_ros_msgs/srv/detail/write_state__struct.hpp
[6.474s] -- Up-to-date: /home/misaka/fishbot/install/cartographer_ros_msgs/include/cartographer_ros_msgs/cartographer_ros_msgs/srv/detail/read_metrics__struct.hpp
[6.474s] -- Up-to-date: /home/misaka/fishbot/install/cartographer_ros_msgs/include/cartographer_ros_msgs/cartographer_ros_msgs/srv/detail/submap_query__struct.hpp
[6.474s] -- Up-to-date: /home/misaka/fishbot/install/cartographer_ros_msgs/include/cartographer_ros_msgs/cartographer_ros_msgs/srv/detail/write_state__builder.hpp
[6.474s] -- Up-to-date: /home/misaka/fishbot/install/cartographer_ros_msgs/include/cartographer_ros_msgs/cartographer_ros_msgs/srv/detail/finish_trajectory__traits.hpp
[6.475s] -- Up-to-date: /home/misaka/fishbot/install/cartographer_ros_msgs/include/cartographer_ros_msgs/cartographer_ros_msgs/srv/detail/submap_query__traits.hpp
[6.475s] -- Up-to-date: /home/misaka/fishbot/install/cartographer_ros_msgs/include/cartographer_ros_msgs/cartographer_ros_msgs/srv/detail/finish_trajectory__builder.hpp
[6.475s] -- Up-to-date: /home/misaka/fishbot/install/cartographer_ros_msgs/include/cartographer_ros_msgs/cartographer_ros_msgs/srv/detail/read_metrics__builder.hpp
[6.475s] -- Up-to-date: /home/misaka/fishbot/install/cartographer_ros_msgs/include/cartographer_ros_msgs/cartographer_ros_msgs/srv/detail/write_state__traits.hpp
[6.475s] -- Up-to-date: /home/misaka/fishbot/install/cartographer_ros_msgs/include/cartographer_ros_msgs/cartographer_ros_msgs/srv/detail/read_metrics__traits.hpp
[6.475s] -- Up-to-date: /home/misaka/fishbot/install/cartographer_ros_msgs/include/cartographer_ros_msgs/cartographer_ros_msgs/srv/detail/start_trajectory__builder.hpp
[6.476s] -- Up-to-date: /home/misaka/fishbot/install/cartographer_ros_msgs/include/cartographer_ros_msgs/cartographer_ros_msgs/srv/detail/trajectory_query__traits.hpp
[6.476s] -- Up-to-date: /home/misaka/fishbot/install/cartographer_ros_msgs/include/cartographer_ros_msgs/cartographer_ros_msgs/srv/detail/submap_query__builder.hpp
[6.476s] -- Up-to-date: /home/misaka/fishbot/install/cartographer_ros_msgs/include/cartographer_ros_msgs/cartographer_ros_msgs/srv/detail/trajectory_query__builder.hpp
[6.476s] -- Up-to-date: /home/misaka/fishbot/install/cartographer_ros_msgs/include/cartographer_ros_msgs/cartographer_ros_msgs/srv/detail/get_trajectory_states__traits.hpp
[6.476s] -- Up-to-date: /home/misaka/fishbot/install/cartographer_ros_msgs/include/cartographer_ros_msgs/cartographer_ros_msgs/srv/read_metrics.hpp
[6.476s] -- Up-to-date: /home/misaka/fishbot/install/cartographer_ros_msgs/include/cartographer_ros_msgs/cartographer_ros_msgs/msg
[6.478s] -- Up-to-date: /home/misaka/fishbot/install/cartographer_ros_msgs/include/cartographer_ros_msgs/cartographer_ros_msgs/msg/submap_texture.hpp
[6.479s] -- Up-to-date: /home/misaka/fishbot/install/cartographer_ros_msgs/include/cartographer_ros_msgs/cartographer_ros_msgs/msg/status_response.hpp
[6.479s] -- Up-to-date: /home/misaka/fishbot/install/cartographer_ros_msgs/include/cartographer_ros_msgs/cartographer_ros_msgs/msg/landmark_entry.hpp
[6.479s] -- Up-to-date: /home/misaka/fishbot/install/cartographer_ros_msgs/include/cartographer_ros_msgs/cartographer_ros_msgs/msg/status_code.hpp
[6.479s] -- Up-to-date: /home/misaka/fishbot/install/cartographer_ros_msgs/include/cartographer_ros_msgs/cartographer_ros_msgs/msg/landmark_list.hpp
[6.479s] -- Up-to-date: /home/misaka/fishbot/install/cartographer_ros_msgs/include/cartographer_ros_msgs/cartographer_ros_msgs/msg/submap_entry.hpp
[6.479s] -- Up-to-date: /home/misaka/fishbot/install/cartographer_ros_msgs/include/cartographer_ros_msgs/cartographer_ros_msgs/msg/submap_list.hpp
[6.480s] -- Up-to-date: /home/misaka/fishbot/install/cartographer_ros_msgs/include/cartographer_ros_msgs/cartographer_ros_msgs/msg/histogram_bucket.hpp
[6.480s] -- Up-to-date: /home/misaka/fishbot/install/cartographer_ros_msgs/include/cartographer_ros_msgs/cartographer_ros_msgs/msg/metric_label.hpp
[6.480s] -- Up-to-date: /home/misaka/fishbot/install/cartographer_ros_msgs/include/cartographer_ros_msgs/cartographer_ros_msgs/msg/detail
[6.481s] -- Up-to-date: /home/misaka/fishbot/install/cartographer_ros_msgs/include/cartographer_ros_msgs/cartographer_ros_msgs/msg/detail/status_code__builder.hpp
[6.481s] -- Up-to-date: /home/misaka/fishbot/install/cartographer_ros_msgs/include/cartographer_ros_msgs/cartographer_ros_msgs/msg/detail/landmark_entry__traits.hpp
[6.481s] -- Up-to-date: /home/misaka/fishbot/install/cartographer_ros_msgs/include/cartographer_ros_msgs/cartographer_ros_msgs/msg/detail/status_response__builder.hpp
[6.482s] -- Up-to-date: /home/misaka/fishbot/install/cartographer_ros_msgs/include/cartographer_ros_msgs/cartographer_ros_msgs/msg/detail/submap_list__traits.hpp
[6.482s] -- Up-to-date: /home/misaka/fishbot/install/cartographer_ros_msgs/include/cartographer_ros_msgs/cartographer_ros_msgs/msg/detail/metric_family__traits.hpp
[6.482s] -- Up-to-date: /home/misaka/fishbot/install/cartographer_ros_msgs/include/cartographer_ros_msgs/cartographer_ros_msgs/msg/detail/status_code__struct.hpp
[6.482s] -- Up-to-date: /home/misaka/fishbot/install/cartographer_ros_msgs/include/cartographer_ros_msgs/cartographer_ros_msgs/msg/detail/submap_texture__builder.hpp
[6.483s] -- Up-to-date: /home/misaka/fishbot/install/cartographer_ros_msgs/include/cartographer_ros_msgs/cartographer_ros_msgs/msg/detail/metric_label__traits.hpp
[6.483s] -- Up-to-date: /home/misaka/fishbot/install/cartographer_ros_msgs/include/cartographer_ros_msgs/cartographer_ros_msgs/msg/detail/submap_list__builder.hpp
[6.483s] -- Up-to-date: /home/misaka/fishbot/install/cartographer_ros_msgs/include/cartographer_ros_msgs/cartographer_ros_msgs/msg/detail/bagfile_progress__traits.hpp
[6.483s] -- Up-to-date: /home/misaka/fishbot/install/cartographer_ros_msgs/include/cartographer_ros_msgs/cartographer_ros_msgs/msg/detail/landmark_list__struct.hpp
[6.484s] -- Up-to-date: /home/misaka/fishbot/install/cartographer_ros_msgs/include/cartographer_ros_msgs/cartographer_ros_msgs/msg/detail/submap_list__struct.hpp
[6.484s] -- Up-to-date: /home/misaka/fishbot/install/cartographer_ros_msgs/include/cartographer_ros_msgs/cartographer_ros_msgs/msg/detail/landmark_list__builder.hpp
[6.484s] -- Up-to-date: /home/misaka/fishbot/install/cartographer_ros_msgs/include/cartographer_ros_msgs/cartographer_ros_msgs/msg/detail/metric__builder.hpp
[6.484s] -- Up-to-date: /home/misaka/fishbot/install/cartographer_ros_msgs/include/cartographer_ros_msgs/cartographer_ros_msgs/msg/detail/bagfile_progress__struct.hpp
[6.485s] -- Up-to-date: /home/misaka/fishbot/install/cartographer_ros_msgs/include/cartographer_ros_msgs/cartographer_ros_msgs/msg/detail/metric__struct.hpp
[6.485s] -- Up-to-date: /home/misaka/fishbot/install/cartographer_ros_msgs/include/cartographer_ros_msgs/cartographer_ros_msgs/msg/detail/status_code__traits.hpp
[6.485s] -- Up-to-date: /home/misaka/fishbot/install/cartographer_ros_msgs/include/cartographer_ros_msgs/cartographer_ros_msgs/msg/detail/submap_texture__traits.hpp
[6.487s] -- Up-to-date: /home/misaka/fishbot/install/cartographer_ros_msgs/include/cartographer_ros_msgs/cartographer_ros_msgs/msg/detail/status_response__traits.hpp
[6.488s] -- Up-to-date: /home/misaka/fishbot/install/cartographer_ros_msgs/include/cartographer_ros_msgs/cartographer_ros_msgs/msg/detail/landmark_list__traits.hpp
[6.490s] -- Up-to-date: /home/misaka/fishbot/install/cartographer_ros_msgs/include/cartographer_ros_msgs/cartographer_ros_msgs/msg/detail/metric__traits.hpp
[6.491s] -- Up-to-date: /home/misaka/fishbot/install/cartographer_ros_msgs/include/cartographer_ros_msgs/cartographer_ros_msgs/msg/detail/submap_entry__traits.hpp
[6.491s] -- Up-to-date: /home/misaka/fishbot/install/cartographer_ros_msgs/include/cartographer_ros_msgs/cartographer_ros_msgs/msg/detail/histogram_bucket__builder.hpp
[6.491s] -- Up-to-date: /home/misaka/fishbot/install/cartographer_ros_msgs/include/cartographer_ros_msgs/cartographer_ros_msgs/msg/detail/landmark_entry__builder.hpp
[6.492s] -- Up-to-date: /home/misaka/fishbot/install/cartographer_ros_msgs/include/cartographer_ros_msgs/cartographer_ros_msgs/msg/detail/landmark_entry__struct.hpp
[6.492s] -- Up-to-date: /home/misaka/fishbot/install/cartographer_ros_msgs/include/cartographer_ros_msgs/cartographer_ros_msgs/msg/detail/bagfile_progress__builder.hpp
[6.492s] -- Up-to-date: /home/misaka/fishbot/install/cartographer_ros_msgs/include/cartographer_ros_msgs/cartographer_ros_msgs/msg/detail/histogram_bucket__struct.hpp
[6.492s] -- Up-to-date: /home/misaka/fishbot/install/cartographer_ros_msgs/include/cartographer_ros_msgs/cartographer_ros_msgs/msg/detail/submap_entry__struct.hpp
[6.493s] -- Up-to-date: /home/misaka/fishbot/install/cartographer_ros_msgs/include/cartographer_ros_msgs/cartographer_ros_msgs/msg/detail/trajectory_states__struct.hpp
[6.493s] -- Up-to-date: /home/misaka/fishbot/install/cartographer_ros_msgs/include/cartographer_ros_msgs/cartographer_ros_msgs/msg/detail/metric_label__struct.hpp
[6.494s] -- Up-to-date: /home/misaka/fishbot/install/cartographer_ros_msgs/include/cartographer_ros_msgs/cartographer_ros_msgs/msg/detail/trajectory_states__builder.hpp
[6.494s] -- Up-to-date: /home/misaka/fishbot/install/cartographer_ros_msgs/include/cartographer_ros_msgs/cartographer_ros_msgs/msg/detail/metric_label__builder.hpp
[6.495s] -- Up-to-date: /home/misaka/fishbot/install/cartographer_ros_msgs/include/cartographer_ros_msgs/cartographer_ros_msgs/msg/detail/histogram_bucket__traits.hpp
[6.495s] -- Up-to-date: /home/misaka/fishbot/install/cartographer_ros_msgs/include/cartographer_ros_msgs/cartographer_ros_msgs/msg/detail/status_response__struct.hpp
[6.496s] -- Up-to-date: /home/misaka/fishbot/install/cartographer_ros_msgs/include/cartographer_ros_msgs/cartographer_ros_msgs/msg/detail/metric_family__struct.hpp
[6.496s] -- Up-to-date: /home/misaka/fishbot/install/cartographer_ros_msgs/include/cartographer_ros_msgs/cartographer_ros_msgs/msg/detail/submap_texture__struct.hpp
[6.496s] -- Up-to-date: /home/misaka/fishbot/install/cartographer_ros_msgs/include/cartographer_ros_msgs/cartographer_ros_msgs/msg/detail/submap_entry__builder.hpp
[6.496s] -- Up-to-date: /home/misaka/fishbot/install/cartographer_ros_msgs/include/cartographer_ros_msgs/cartographer_ros_msgs/msg/detail/trajectory_states__traits.hpp
[6.496s] -- Up-to-date: /home/misaka/fishbot/install/cartographer_ros_msgs/include/cartographer_ros_msgs/cartographer_ros_msgs/msg/detail/metric_family__builder.hpp
[6.496s] -- Up-to-date: /home/misaka/fishbot/install/cartographer_ros_msgs/include/cartographer_ros_msgs/cartographer_ros_msgs/msg/metric.hpp
[6.496s] -- Up-to-date: /home/misaka/fishbot/install/cartographer_ros_msgs/include/cartographer_ros_msgs/cartographer_ros_msgs/msg/bagfile_progress.hpp
[6.496s] -- Up-to-date: /home/misaka/fishbot/install/cartographer_ros_msgs/include/cartographer_ros_msgs/cartographer_ros_msgs/msg/trajectory_states.hpp
[6.497s] -- Up-to-date: /home/misaka/fishbot/install/cartographer_ros_msgs/include/cartographer_ros_msgs/cartographer_ros_msgs/msg/metric_family.hpp
[6.497s] -- Up-to-date: /home/misaka/fishbot/install/cartographer_ros_msgs/include/cartographer_ros_msgs/cartographer_ros_msgs
[6.497s] -- Up-to-date: /home/misaka/fishbot/install/cartographer_ros_msgs/include/cartographer_ros_msgs/cartographer_ros_msgs/srv
[6.497s] -- Up-to-date: /home/misaka/fishbot/install/cartographer_ros_msgs/include/cartographer_ros_msgs/cartographer_ros_msgs/srv/detail
[6.497s] -- Up-to-date: /home/misaka/fishbot/install/cartographer_ros_msgs/include/cartographer_ros_msgs/cartographer_ros_msgs/srv/detail/submap_query__rosidl_typesupport_fastrtps_cpp.hpp
[6.498s] -- Up-to-date: /home/misaka/fishbot/install/cartographer_ros_msgs/include/cartographer_ros_msgs/cartographer_ros_msgs/srv/detail/dds_fastrtps
[6.498s] -- Up-to-date: /home/misaka/fishbot/install/cartographer_ros_msgs/include/cartographer_ros_msgs/cartographer_ros_msgs/srv/detail/get_trajectory_states__rosidl_typesupport_fastrtps_cpp.hpp
[6.498s] -- Up-to-date: /home/misaka/fishbot/install/cartographer_ros_msgs/include/cartographer_ros_msgs/cartographer_ros_msgs/srv/detail/trajectory_query__rosidl_typesupport_fastrtps_cpp.hpp
[6.498s] -- Up-to-date: /home/misaka/fishbot/install/cartographer_ros_msgs/include/cartographer_ros_msgs/cartographer_ros_msgs/srv/detail/read_metrics__rosidl_typesupport_fastrtps_cpp.hpp
[6.499s] -- Up-to-date: /home/misaka/fishbot/install/cartographer_ros_msgs/include/cartographer_ros_msgs/cartographer_ros_msgs/srv/detail/finish_trajectory__rosidl_typesupport_fastrtps_cpp.hpp
[6.499s] -- Up-to-date: /home/misaka/fishbot/install/cartographer_ros_msgs/include/cartographer_ros_msgs/cartographer_ros_msgs/srv/detail/start_trajectory__rosidl_typesupport_fastrtps_cpp.hpp
[6.499s] -- Up-to-date: /home/misaka/fishbot/install/cartographer_ros_msgs/include/cartographer_ros_msgs/cartographer_ros_msgs/srv/detail/write_state__rosidl_typesupport_fastrtps_cpp.hpp
[6.500s] -- Up-to-date: /home/misaka/fishbot/install/cartographer_ros_msgs/include/cartographer_ros_msgs/cartographer_ros_msgs/msg
[6.501s] -- Up-to-date: /home/misaka/fishbot/install/cartographer_ros_msgs/include/cartographer_ros_msgs/cartographer_ros_msgs/msg/detail
[6.502s] -- Up-to-date: /home/misaka/fishbot/install/cartographer_ros_msgs/include/cartographer_ros_msgs/cartographer_ros_msgs/msg/detail/landmark_list__rosidl_typesupport_fastrtps_cpp.hpp
[6.502s] -- Up-to-date: /home/misaka/fishbot/install/cartographer_ros_msgs/include/cartographer_ros_msgs/cartographer_ros_msgs/msg/detail/histogram_bucket__rosidl_typesupport_fastrtps_cpp.hpp
[6.502s] -- Up-to-date: /home/misaka/fishbot/install/cartographer_ros_msgs/include/cartographer_ros_msgs/cartographer_ros_msgs/msg/detail/submap_entry__rosidl_typesupport_fastrtps_cpp.hpp
[6.503s] -- Up-to-date: /home/misaka/fishbot/install/cartographer_ros_msgs/include/cartographer_ros_msgs/cartographer_ros_msgs/msg/detail/status_code__rosidl_typesupport_fastrtps_cpp.hpp
[6.503s] -- Up-to-date: /home/misaka/fishbot/install/cartographer_ros_msgs/include/cartographer_ros_msgs/cartographer_ros_msgs/msg/detail/metric_label__rosidl_typesupport_fastrtps_cpp.hpp
[6.504s] -- Up-to-date: /home/misaka/fishbot/install/cartographer_ros_msgs/include/cartographer_ros_msgs/cartographer_ros_msgs/msg/detail/dds_fastrtps
[6.504s] -- Up-to-date: /home/misaka/fishbot/install/cartographer_ros_msgs/include/cartographer_ros_msgs/cartographer_ros_msgs/msg/detail/submap_texture__rosidl_typesupport_fastrtps_cpp.hpp
[6.504s] -- Up-to-date: /home/misaka/fishbot/install/cartographer_ros_msgs/include/cartographer_ros_msgs/cartographer_ros_msgs/msg/detail/trajectory_states__rosidl_typesupport_fastrtps_cpp.hpp
[6.504s] -- Up-to-date: /home/misaka/fishbot/install/cartographer_ros_msgs/include/cartographer_ros_msgs/cartographer_ros_msgs/msg/detail/metric_family__rosidl_typesupport_fastrtps_cpp.hpp
[6.505s] -- Up-to-date: /home/misaka/fishbot/install/cartographer_ros_msgs/include/cartographer_ros_msgs/cartographer_ros_msgs/msg/detail/metric__rosidl_typesupport_fastrtps_cpp.hpp
[6.505s] -- Up-to-date: /home/misaka/fishbot/install/cartographer_ros_msgs/include/cartographer_ros_msgs/cartographer_ros_msgs/msg/detail/status_response__rosidl_typesupport_fastrtps_cpp.hpp
[6.505s] -- Up-to-date: /home/misaka/fishbot/install/cartographer_ros_msgs/include/cartographer_ros_msgs/cartographer_ros_msgs/msg/detail/landmark_entry__rosidl_typesupport_fastrtps_cpp.hpp
[6.505s] -- Up-to-date: /home/misaka/fishbot/install/cartographer_ros_msgs/include/cartographer_ros_msgs/cartographer_ros_msgs/msg/detail/bagfile_progress__rosidl_typesupport_fastrtps_cpp.hpp
[6.505s] -- Up-to-date: /home/misaka/fishbot/install/cartographer_ros_msgs/include/cartographer_ros_msgs/cartographer_ros_msgs/msg/detail/submap_list__rosidl_typesupport_fastrtps_cpp.hpp
[6.506s] -- Up-to-date: /home/misaka/fishbot/install/cartographer_ros_msgs/include/cartographer_ros_msgs/cartographer_ros_msgs/msg/rosidl_typesupport_fastrtps_cpp__visibility_control.h
[6.506s] -- Up-to-date: /home/misaka/fishbot/install/cartographer_ros_msgs/lib/libcartographer_ros_msgs__rosidl_typesupport_fastrtps_cpp.so
[6.507s] -- Up-to-date: /home/misaka/fishbot/install/cartographer_ros_msgs/include/cartographer_ros_msgs/cartographer_ros_msgs
[6.508s] -- Up-to-date: /home/misaka/fishbot/install/cartographer_ros_msgs/include/cartographer_ros_msgs/cartographer_ros_msgs/srv
[6.509s] -- Up-to-date: /home/misaka/fishbot/install/cartographer_ros_msgs/include/cartographer_ros_msgs/cartographer_ros_msgs/srv/detail
[6.509s] -- Up-to-date: /home/misaka/fishbot/install/cartographer_ros_msgs/include/cartographer_ros_msgs/cartographer_ros_msgs/srv/detail/get_trajectory_states__rosidl_typesupport_introspection_cpp.hpp
[6.509s] -- Up-to-date: /home/misaka/fishbot/install/cartographer_ros_msgs/include/cartographer_ros_msgs/cartographer_ros_msgs/srv/detail/start_trajectory__type_support.cpp
[6.510s] -- Up-to-date: /home/misaka/fishbot/install/cartographer_ros_msgs/include/cartographer_ros_msgs/cartographer_ros_msgs/srv/detail/read_metrics__type_support.cpp
[6.510s] -- Up-to-date: /home/misaka/fishbot/install/cartographer_ros_msgs/include/cartographer_ros_msgs/cartographer_ros_msgs/srv/detail/read_metrics__rosidl_typesupport_introspection_cpp.hpp
[6.511s] -- Up-to-date: /home/misaka/fishbot/install/cartographer_ros_msgs/include/cartographer_ros_msgs/cartographer_ros_msgs/srv/detail/start_trajectory__rosidl_typesupport_introspection_cpp.hpp
[6.511s] -- Up-to-date: /home/misaka/fishbot/install/cartographer_ros_msgs/include/cartographer_ros_msgs/cartographer_ros_msgs/srv/detail/write_state__type_support.cpp
[6.511s] -- Up-to-date: /home/misaka/fishbot/install/cartographer_ros_msgs/include/cartographer_ros_msgs/cartographer_ros_msgs/srv/detail/get_trajectory_states__type_support.cpp
[6.511s] -- Up-to-date: /home/misaka/fishbot/install/cartographer_ros_msgs/include/cartographer_ros_msgs/cartographer_ros_msgs/srv/detail/trajectory_query__rosidl_typesupport_introspection_cpp.hpp
[6.511s] -- Up-to-date: /home/misaka/fishbot/install/cartographer_ros_msgs/include/cartographer_ros_msgs/cartographer_ros_msgs/srv/detail/submap_query__type_support.cpp
[6.512s] -- Up-to-date: /home/misaka/fishbot/install/cartographer_ros_msgs/include/cartographer_ros_msgs/cartographer_ros_msgs/srv/detail/write_state__rosidl_typesupport_introspection_cpp.hpp
[6.512s] -- Up-to-date: /home/misaka/fishbot/install/cartographer_ros_msgs/include/cartographer_ros_msgs/cartographer_ros_msgs/srv/detail/trajectory_query__type_support.cpp
[6.512s] -- Up-to-date: /home/misaka/fishbot/install/cartographer_ros_msgs/include/cartographer_ros_msgs/cartographer_ros_msgs/srv/detail/submap_query__rosidl_typesupport_introspection_cpp.hpp
[6.513s] -- Up-to-date: /home/misaka/fishbot/install/cartographer_ros_msgs/include/cartographer_ros_msgs/cartographer_ros_msgs/srv/detail/finish_trajectory__rosidl_typesupport_introspection_cpp.hpp
[6.513s] -- Up-to-date: /home/misaka/fishbot/install/cartographer_ros_msgs/include/cartographer_ros_msgs/cartographer_ros_msgs/srv/detail/finish_trajectory__type_support.cpp
[6.513s] -- Up-to-date: /home/misaka/fishbot/install/cartographer_ros_msgs/include/cartographer_ros_msgs/cartographer_ros_msgs/msg
[6.514s] -- Up-to-date: /home/misaka/fishbot/install/cartographer_ros_msgs/include/cartographer_ros_msgs/cartographer_ros_msgs/msg/detail
[6.514s] -- Up-to-date: /home/misaka/fishbot/install/cartographer_ros_msgs/include/cartographer_ros_msgs/cartographer_ros_msgs/msg/detail/metric__type_support.cpp
[6.516s] -- Up-to-date: /home/misaka/fishbot/install/cartographer_ros_msgs/include/cartographer_ros_msgs/cartographer_ros_msgs/msg/detail/submap_entry__rosidl_typesupport_introspection_cpp.hpp
[6.516s] -- Up-to-date: /home/misaka/fishbot/install/cartographer_ros_msgs/include/cartographer_ros_msgs/cartographer_ros_msgs/msg/detail/bagfile_progress__rosidl_typesupport_introspection_cpp.hpp
[6.517s] -- Up-to-date: /home/misaka/fishbot/install/cartographer_ros_msgs/include/cartographer_ros_msgs/cartographer_ros_msgs/msg/detail/submap_entry__type_support.cpp
[6.518s] -- Up-to-date: /home/misaka/fishbot/install/cartographer_ros_msgs/include/cartographer_ros_msgs/cartographer_ros_msgs/msg/detail/landmark_list__type_support.cpp
[6.519s] -- Up-to-date: /home/misaka/fishbot/install/cartographer_ros_msgs/include/cartographer_ros_msgs/cartographer_ros_msgs/msg/detail/trajectory_states__type_support.cpp
[6.520s] -- Up-to-date: /home/misaka/fishbot/install/cartographer_ros_msgs/include/cartographer_ros_msgs/cartographer_ros_msgs/msg/detail/status_code__rosidl_typesupport_introspection_cpp.hpp
[6.521s] -- Up-to-date: /home/misaka/fishbot/install/cartographer_ros_msgs/include/cartographer_ros_msgs/cartographer_ros_msgs/msg/detail/status_response__type_support.cpp
[6.522s] -- Up-to-date: /home/misaka/fishbot/install/cartographer_ros_msgs/include/cartographer_ros_msgs/cartographer_ros_msgs/msg/detail/submap_texture__type_support.cpp
[6.522s] -- Up-to-date: /home/misaka/fishbot/install/cartographer_ros_msgs/include/cartographer_ros_msgs/cartographer_ros_msgs/msg/detail/metric_label__type_support.cpp
[6.522s] -- Up-to-date: /home/misaka/fishbot/install/cartographer_ros_msgs/include/cartographer_ros_msgs/cartographer_ros_msgs/msg/detail/status_response__rosidl_typesupport_introspection_cpp.hpp
[6.522s] -- Up-to-date: /home/misaka/fishbot/install/cartographer_ros_msgs/include/cartographer_ros_msgs/cartographer_ros_msgs/msg/detail/landmark_entry__type_support.cpp
[6.522s] -- Up-to-date: /home/misaka/fishbot/install/cartographer_ros_msgs/include/cartographer_ros_msgs/cartographer_ros_msgs/msg/detail/histogram_bucket__type_support.cpp
[6.522s] -- Up-to-date: /home/misaka/fishbot/install/cartographer_ros_msgs/include/cartographer_ros_msgs/cartographer_ros_msgs/msg/detail/metric_family__type_support.cpp
[6.522s] -- Up-to-date: /home/misaka/fishbot/install/cartographer_ros_msgs/include/cartographer_ros_msgs/cartographer_ros_msgs/msg/detail/submap_list__type_support.cpp
[6.523s] -- Up-to-date: /home/misaka/fishbot/install/cartographer_ros_msgs/include/cartographer_ros_msgs/cartographer_ros_msgs/msg/detail/submap_list__rosidl_typesupport_introspection_cpp.hpp
[6.523s] -- Up-to-date: /home/misaka/fishbot/install/cartographer_ros_msgs/include/cartographer_ros_msgs/cartographer_ros_msgs/msg/detail/trajectory_states__rosidl_typesupport_introspection_cpp.hpp
[6.523s] -- Up-to-date: /home/misaka/fishbot/install/cartographer_ros_msgs/include/cartographer_ros_msgs/cartographer_ros_msgs/msg/detail/bagfile_progress__type_support.cpp
[6.523s] -- Up-to-date: /home/misaka/fishbot/install/cartographer_ros_msgs/include/cartographer_ros_msgs/cartographer_ros_msgs/msg/detail/submap_texture__rosidl_typesupport_introspection_cpp.hpp
[6.523s] -- Up-to-date: /home/misaka/fishbot/install/cartographer_ros_msgs/include/cartographer_ros_msgs/cartographer_ros_msgs/msg/detail/metric__rosidl_typesupport_introspection_cpp.hpp
[6.524s] -- Up-to-date: /home/misaka/fishbot/install/cartographer_ros_msgs/include/cartographer_ros_msgs/cartographer_ros_msgs/msg/detail/status_code__type_support.cpp
[6.524s] -- Up-to-date: /home/misaka/fishbot/install/cartographer_ros_msgs/include/cartographer_ros_msgs/cartographer_ros_msgs/msg/detail/landmark_entry__rosidl_typesupport_introspection_cpp.hpp
[6.524s] -- Up-to-date: /home/misaka/fishbot/install/cartographer_ros_msgs/include/cartographer_ros_msgs/cartographer_ros_msgs/msg/detail/metric_family__rosidl_typesupport_introspection_cpp.hpp
[6.524s] -- Up-to-date: /home/misaka/fishbot/install/cartographer_ros_msgs/include/cartographer_ros_msgs/cartographer_ros_msgs/msg/detail/metric_label__rosidl_typesupport_introspection_cpp.hpp
[6.525s] -- Up-to-date: /home/misaka/fishbot/install/cartographer_ros_msgs/include/cartographer_ros_msgs/cartographer_ros_msgs/msg/detail/landmark_list__rosidl_typesupport_introspection_cpp.hpp
[6.525s] -- Up-to-date: /home/misaka/fishbot/install/cartographer_ros_msgs/include/cartographer_ros_msgs/cartographer_ros_msgs/msg/detail/histogram_bucket__rosidl_typesupport_introspection_cpp.hpp
[6.525s] -- Up-to-date: /home/misaka/fishbot/install/cartographer_ros_msgs/lib/libcartographer_ros_msgs__rosidl_typesupport_introspection_cpp.so
[6.525s] -- Up-to-date: /home/misaka/fishbot/install/cartographer_ros_msgs/lib/libcartographer_ros_msgs__rosidl_typesupport_cpp.so
[6.525s] -- Up-to-date: /home/misaka/fishbot/install/cartographer_ros_msgs/share/cartographer_ros_msgs/environment/pythonpath.sh
[6.526s] -- Up-to-date: /home/misaka/fishbot/install/cartographer_ros_msgs/share/cartographer_ros_msgs/environment/pythonpath.dsv
[6.526s] -- Up-to-date: /home/misaka/fishbot/install/cartographer_ros_msgs/local/lib/python3.10/dist-packages/cartographer_ros_msgs-2.0.9000-py3.10.egg-info
[6.526s] -- Installing: /home/misaka/fishbot/install/cartographer_ros_msgs/local/lib/python3.10/dist-packages/cartographer_ros_msgs-2.0.9000-py3.10.egg-info/PKG-INFO
[6.526s] -- Installing: /home/misaka/fishbot/install/cartographer_ros_msgs/local/lib/python3.10/dist-packages/cartographer_ros_msgs-2.0.9000-py3.10.egg-info/dependency_links.txt
[6.526s] -- Installing: /home/misaka/fishbot/install/cartographer_ros_msgs/local/lib/python3.10/dist-packages/cartographer_ros_msgs-2.0.9000-py3.10.egg-info/SOURCES.txt
[6.527s] -- Installing: /home/misaka/fishbot/install/cartographer_ros_msgs/local/lib/python3.10/dist-packages/cartographer_ros_msgs-2.0.9000-py3.10.egg-info/top_level.txt
[6.527s] -- Up-to-date: /home/misaka/fishbot/install/cartographer_ros_msgs/local/lib/python3.10/dist-packages/cartographer_ros_msgs
[6.527s] -- Up-to-date: /home/misaka/fishbot/install/cartographer_ros_msgs/local/lib/python3.10/dist-packages/cartographer_ros_msgs/libcartographer_ros_msgs__rosidl_generator_py.so
[6.527s] -- Up-to-date: /home/misaka/fishbot/install/cartographer_ros_msgs/local/lib/python3.10/dist-packages/cartographer_ros_msgs/_cartographer_ros_msgs_s.ep.rosidl_typesupport_fastrtps_c.c
[6.528s] -- Up-to-date: /home/misaka/fishbot/install/cartographer_ros_msgs/local/lib/python3.10/dist-packages/cartographer_ros_msgs/_cartographer_ros_msgs_s.ep.rosidl_typesupport_c.c
[6.528s] -- Up-to-date: /home/misaka/fishbot/install/cartographer_ros_msgs/local/lib/python3.10/dist-packages/cartographer_ros_msgs/srv
[6.528s] -- Up-to-date: /home/misaka/fishbot/install/cartographer_ros_msgs/local/lib/python3.10/dist-packages/cartographer_ros_msgs/srv/_trajectory_query_s.c
[6.529s] -- Up-to-date: /home/misaka/fishbot/install/cartographer_ros_msgs/local/lib/python3.10/dist-packages/cartographer_ros_msgs/srv/_trajectory_query.py
[6.529s] -- Up-to-date: /home/misaka/fishbot/install/cartographer_ros_msgs/local/lib/python3.10/dist-packages/cartographer_ros_msgs/srv/_submap_query_s.c
[6.530s] -- Up-to-date: /home/misaka/fishbot/install/cartographer_ros_msgs/local/lib/python3.10/dist-packages/cartographer_ros_msgs/srv/_write_state_s.c
[6.531s] -- Up-to-date: /home/misaka/fishbot/install/cartographer_ros_msgs/local/lib/python3.10/dist-packages/cartographer_ros_msgs/srv/_get_trajectory_states_s.c
[6.531s] -- Up-to-date: /home/misaka/fishbot/install/cartographer_ros_msgs/local/lib/python3.10/dist-packages/cartographer_ros_msgs/srv/_finish_trajectory.py
[6.532s] -- Up-to-date: /home/misaka/fishbot/install/cartographer_ros_msgs/local/lib/python3.10/dist-packages/cartographer_ros_msgs/srv/_finish_trajectory_s.c
[6.532s] -- Up-to-date: /home/misaka/fishbot/install/cartographer_ros_msgs/local/lib/python3.10/dist-packages/cartographer_ros_msgs/srv/_get_trajectory_states.py
[6.532s] -- Up-to-date: /home/misaka/fishbot/install/cartographer_ros_msgs/local/lib/python3.10/dist-packages/cartographer_ros_msgs/srv/_write_state.py
[6.533s] -- Up-to-date: /home/misaka/fishbot/install/cartographer_ros_msgs/local/lib/python3.10/dist-packages/cartographer_ros_msgs/srv/_read_metrics.py
[6.533s] -- Up-to-date: /home/misaka/fishbot/install/cartographer_ros_msgs/local/lib/python3.10/dist-packages/cartographer_ros_msgs/srv/_start_trajectory_s.c
[6.534s] -- Up-to-date: /home/misaka/fishbot/install/cartographer_ros_msgs/local/lib/python3.10/dist-packages/cartographer_ros_msgs/srv/__init__.py
[6.534s] -- Up-to-date: /home/misaka/fishbot/install/cartographer_ros_msgs/local/lib/python3.10/dist-packages/cartographer_ros_msgs/srv/_read_metrics_s.c
[6.534s] -- Up-to-date: /home/misaka/fishbot/install/cartographer_ros_msgs/local/lib/python3.10/dist-packages/cartographer_ros_msgs/srv/_submap_query.py
[6.534s] -- Up-to-date: /home/misaka/fishbot/install/cartographer_ros_msgs/local/lib/python3.10/dist-packages/cartographer_ros_msgs/srv/_start_trajectory.py
[6.534s] -- Up-to-date: /home/misaka/fishbot/install/cartographer_ros_msgs/local/lib/python3.10/dist-packages/cartographer_ros_msgs/cartographer_ros_msgs_s__rosidl_typesupport_c.cpython-310-x86_64-linux-gnu.so
[6.535s] -- Up-to-date: /home/misaka/fishbot/install/cartographer_ros_msgs/local/lib/python3.10/dist-packages/cartographer_ros_msgs/__init__.py
[6.535s] -- Up-to-date: /home/misaka/fishbot/install/cartographer_ros_msgs/local/lib/python3.10/dist-packages/cartographer_ros_msgs/cartographer_ros_msgs_s__rosidl_typesupport_fastrtps_c.cpython-310-x86_64-linux-gnu.so
[6.535s] -- Up-to-date: /home/misaka/fishbot/install/cartographer_ros_msgs/local/lib/python3.10/dist-packages/cartographer_ros_msgs/_cartographer_ros_msgs_s.ep.rosidl_typesupport_introspection_c.c
[6.535s] -- Up-to-date: /home/misaka/fishbot/install/cartographer_ros_msgs/local/lib/python3.10/dist-packages/cartographer_ros_msgs/msg
[6.535s] -- Up-to-date: /home/misaka/fishbot/install/cartographer_ros_msgs/local/lib/python3.10/dist-packages/cartographer_ros_msgs/msg/_metric.py
[6.536s] -- Up-to-date: /home/misaka/fishbot/install/cartographer_ros_msgs/local/lib/python3.10/dist-packages/cartographer_ros_msgs/msg/_metric_s.c
[6.536s] -- Up-to-date: /home/misaka/fishbot/install/cartographer_ros_msgs/local/lib/python3.10/dist-packages/cartographer_ros_msgs/msg/_bagfile_progress_s.c
[6.536s] -- Up-to-date: /home/misaka/fishbot/install/cartographer_ros_msgs/local/lib/python3.10/dist-packages/cartographer_ros_msgs/msg/_submap_list.py
[6.536s] -- Up-to-date: /home/misaka/fishbot/install/cartographer_ros_msgs/local/lib/python3.10/dist-packages/cartographer_ros_msgs/msg/_status_response_s.c
[6.536s] -- Up-to-date: /home/misaka/fishbot/install/cartographer_ros_msgs/local/lib/python3.10/dist-packages/cartographer_ros_msgs/msg/_status_code.py
[6.537s] -- Up-to-date: /home/misaka/fishbot/install/cartographer_ros_msgs/local/lib/python3.10/dist-packages/cartographer_ros_msgs/msg/_submap_texture.py
[6.538s] -- Up-to-date: /home/misaka/fishbot/install/cartographer_ros_msgs/local/lib/python3.10/dist-packages/cartographer_ros_msgs/msg/_submap_entry_s.c
[6.538s] -- Up-to-date: /home/misaka/fishbot/install/cartographer_ros_msgs/local/lib/python3.10/dist-packages/cartographer_ros_msgs/msg/_trajectory_states_s.c
[6.538s] -- Up-to-date: /home/misaka/fishbot/install/cartographer_ros_msgs/local/lib/python3.10/dist-packages/cartographer_ros_msgs/msg/_metric_family.py
[6.539s] -- Up-to-date: /home/misaka/fishbot/install/cartographer_ros_msgs/local/lib/python3.10/dist-packages/cartographer_ros_msgs/msg/_submap_entry.py
[6.540s] -- Up-to-date: /home/misaka/fishbot/install/cartographer_ros_msgs/local/lib/python3.10/dist-packages/cartographer_ros_msgs/msg/_bagfile_progress.py
[6.540s] -- Up-to-date: /home/misaka/fishbot/install/cartographer_ros_msgs/local/lib/python3.10/dist-packages/cartographer_ros_msgs/msg/_metric_label.py
[6.540s] -- Up-to-date: /home/misaka/fishbot/install/cartographer_ros_msgs/local/lib/python3.10/dist-packages/cartographer_ros_msgs/msg/_status_response.py
[6.540s] -- Up-to-date: /home/misaka/fishbot/install/cartographer_ros_msgs/local/lib/python3.10/dist-packages/cartographer_ros_msgs/msg/_landmark_entry_s.c
[6.540s] -- Up-to-date: /home/misaka/fishbot/install/cartographer_ros_msgs/local/lib/python3.10/dist-packages/cartographer_ros_msgs/msg/_trajectory_states.py
[6.540s] -- Up-to-date: /home/misaka/fishbot/install/cartographer_ros_msgs/local/lib/python3.10/dist-packages/cartographer_ros_msgs/msg/_landmark_list_s.c
[6.540s] -- Up-to-date: /home/misaka/fishbot/install/cartographer_ros_msgs/local/lib/python3.10/dist-packages/cartographer_ros_msgs/msg/_status_code_s.c
[6.540s] -- Up-to-date: /home/misaka/fishbot/install/cartographer_ros_msgs/local/lib/python3.10/dist-packages/cartographer_ros_msgs/msg/_metric_family_s.c
[6.540s] -- Up-to-date: /home/misaka/fishbot/install/cartographer_ros_msgs/local/lib/python3.10/dist-packages/cartographer_ros_msgs/msg/_histogram_bucket.py
[6.541s] -- Up-to-date: /home/misaka/fishbot/install/cartographer_ros_msgs/local/lib/python3.10/dist-packages/cartographer_ros_msgs/msg/_histogram_bucket_s.c
[6.542s] -- Up-to-date: /home/misaka/fishbot/install/cartographer_ros_msgs/local/lib/python3.10/dist-packages/cartographer_ros_msgs/msg/__init__.py
[6.543s] -- Up-to-date: /home/misaka/fishbot/install/cartographer_ros_msgs/local/lib/python3.10/dist-packages/cartographer_ros_msgs/msg/_submap_texture_s.c
[6.544s] -- Up-to-date: /home/misaka/fishbot/install/cartographer_ros_msgs/local/lib/python3.10/dist-packages/cartographer_ros_msgs/msg/_landmark_entry.py
[6.545s] -- Up-to-date: /home/misaka/fishbot/install/cartographer_ros_msgs/local/lib/python3.10/dist-packages/cartographer_ros_msgs/msg/_metric_label_s.c
[6.546s] -- Up-to-date: /home/misaka/fishbot/install/cartographer_ros_msgs/local/lib/python3.10/dist-packages/cartographer_ros_msgs/msg/_landmark_list.py
[6.546s] -- Up-to-date: /home/misaka/fishbot/install/cartographer_ros_msgs/local/lib/python3.10/dist-packages/cartographer_ros_msgs/msg/_submap_list_s.c
[6.546s] -- Up-to-date: /home/misaka/fishbot/install/cartographer_ros_msgs/local/lib/python3.10/dist-packages/cartographer_ros_msgs/cartographer_ros_msgs_s__rosidl_typesupport_introspection_c.cpython-310-x86_64-linux-gnu.so
[6.616s] Listing '/home/misaka/fishbot/install/cartographer_ros_msgs/local/lib/python3.10/dist-packages/cartographer_ros_msgs'...
[6.616s] Listing '/home/misaka/fishbot/install/cartographer_ros_msgs/local/lib/python3.10/dist-packages/cartographer_ros_msgs/msg'...
[6.617s] Listing '/home/misaka/fishbot/install/cartographer_ros_msgs/local/lib/python3.10/dist-packages/cartographer_ros_msgs/srv'...
[6.636s] -- Up-to-date: /home/misaka/fishbot/install/cartographer_ros_msgs/local/lib/python3.10/dist-packages/cartographer_ros_msgs/cartographer_ros_msgs_s__rosidl_typesupport_fastrtps_c.cpython-310-x86_64-linux-gnu.so
[6.642s] -- Up-to-date: /home/misaka/fishbot/install/cartographer_ros_msgs/local/lib/python3.10/dist-packages/cartographer_ros_msgs/cartographer_ros_msgs_s__rosidl_typesupport_introspection_c.cpython-310-x86_64-linux-gnu.so
[6.646s] -- Up-to-date: /home/misaka/fishbot/install/cartographer_ros_msgs/local/lib/python3.10/dist-packages/cartographer_ros_msgs/cartographer_ros_msgs_s__rosidl_typesupport_c.cpython-310-x86_64-linux-gnu.so
[6.650s] -- Up-to-date: /home/misaka/fishbot/install/cartographer_ros_msgs/lib/libcartographer_ros_msgs__rosidl_generator_py.so
[6.653s] -- Up-to-date: /home/misaka/fishbot/install/cartographer_ros_msgs/share/cartographer_ros_msgs/msg/BagfileProgress.idl
[6.654s] -- Up-to-date: /home/misaka/fishbot/install/cartographer_ros_msgs/share/cartographer_ros_msgs/msg/HistogramBucket.idl
[6.655s] -- Up-to-date: /home/misaka/fishbot/install/cartographer_ros_msgs/share/cartographer_ros_msgs/msg/LandmarkEntry.idl
[6.658s] -- Up-to-date: /home/misaka/fishbot/install/cartographer_ros_msgs/share/cartographer_ros_msgs/msg/LandmarkList.idl
[6.659s] -- Up-to-date: /home/misaka/fishbot/install/cartographer_ros_msgs/share/cartographer_ros_msgs/msg/MetricFamily.idl
[6.660s] -- Up-to-date: /home/misaka/fishbot/install/cartographer_ros_msgs/share/cartographer_ros_msgs/msg/MetricLabel.idl
[6.661s] -- Up-to-date: /home/misaka/fishbot/install/cartographer_ros_msgs/share/cartographer_ros_msgs/msg/Metric.idl
[6.661s] -- Up-to-date: /home/misaka/fishbot/install/cartographer_ros_msgs/share/cartographer_ros_msgs/msg/StatusCode.idl
[6.665s] -- Up-to-date: /home/misaka/fishbot/install/cartographer_ros_msgs/share/cartographer_ros_msgs/msg/StatusResponse.idl
[6.666s] -- Up-to-date: /home/misaka/fishbot/install/cartographer_ros_msgs/share/cartographer_ros_msgs/msg/SubmapEntry.idl
[6.667s] -- Up-to-date: /home/misaka/fishbot/install/cartographer_ros_msgs/share/cartographer_ros_msgs/msg/SubmapList.idl
[6.669s] -- Up-to-date: /home/misaka/fishbot/install/cartographer_ros_msgs/share/cartographer_ros_msgs/msg/SubmapTexture.idl
[6.670s] -- Up-to-date: /home/misaka/fishbot/install/cartographer_ros_msgs/share/cartographer_ros_msgs/msg/TrajectoryStates.idl
[6.671s] -- Up-to-date: /home/misaka/fishbot/install/cartographer_ros_msgs/share/cartographer_ros_msgs/srv/FinishTrajectory.idl
[6.671s] -- Up-to-date: /home/misaka/fishbot/install/cartographer_ros_msgs/share/cartographer_ros_msgs/srv/GetTrajectoryStates.idl
[6.672s] -- Up-to-date: /home/misaka/fishbot/install/cartographer_ros_msgs/share/cartographer_ros_msgs/srv/ReadMetrics.idl
[6.673s] -- Up-to-date: /home/misaka/fishbot/install/cartographer_ros_msgs/share/cartographer_ros_msgs/srv/StartTrajectory.idl
[6.673s] -- Up-to-date: /home/misaka/fishbot/install/cartographer_ros_msgs/share/cartographer_ros_msgs/srv/TrajectoryQuery.idl
[6.673s] -- Up-to-date: /home/misaka/fishbot/install/cartographer_ros_msgs/share/cartographer_ros_msgs/srv/SubmapQuery.idl
[6.676s] -- Up-to-date: /home/misaka/fishbot/install/cartographer_ros_msgs/share/cartographer_ros_msgs/srv/WriteState.idl
[6.676s] -- Up-to-date: /home/misaka/fishbot/install/cartographer_ros_msgs/share/cartographer_ros_msgs/msg/BagfileProgress.msg
[6.677s] -- Up-to-date: /home/misaka/fishbot/install/cartographer_ros_msgs/share/cartographer_ros_msgs/msg/HistogramBucket.msg
[6.678s] -- Up-to-date: /home/misaka/fishbot/install/cartographer_ros_msgs/share/cartographer_ros_msgs/msg/LandmarkEntry.msg
[6.679s] -- Up-to-date: /home/misaka/fishbot/install/cartographer_ros_msgs/share/cartographer_ros_msgs/msg/LandmarkList.msg
[6.681s] -- Up-to-date: /home/misaka/fishbot/install/cartographer_ros_msgs/share/cartographer_ros_msgs/msg/MetricFamily.msg
[6.682s] -- Up-to-date: /home/misaka/fishbot/install/cartographer_ros_msgs/share/cartographer_ros_msgs/msg/MetricLabel.msg
[6.683s] -- Up-to-date: /home/misaka/fishbot/install/cartographer_ros_msgs/share/cartographer_ros_msgs/msg/Metric.msg
[6.683s] -- Up-to-date: /home/misaka/fishbot/install/cartographer_ros_msgs/share/cartographer_ros_msgs/msg/StatusCode.msg
[6.685s] -- Up-to-date: /home/misaka/fishbot/install/cartographer_ros_msgs/share/cartographer_ros_msgs/msg/StatusResponse.msg
[6.685s] -- Up-to-date: /home/misaka/fishbot/install/cartographer_ros_msgs/share/cartographer_ros_msgs/msg/SubmapEntry.msg
[6.686s] -- Up-to-date: /home/misaka/fishbot/install/cartographer_ros_msgs/share/cartographer_ros_msgs/msg/SubmapList.msg
[6.687s] -- Up-to-date: /home/misaka/fishbot/install/cartographer_ros_msgs/share/cartographer_ros_msgs/msg/SubmapTexture.msg
[6.687s] -- Up-to-date: /home/misaka/fishbot/install/cartographer_ros_msgs/share/cartographer_ros_msgs/msg/TrajectoryStates.msg
[6.687s] -- Up-to-date: /home/misaka/fishbot/install/cartographer_ros_msgs/share/cartographer_ros_msgs/srv/FinishTrajectory.srv
[6.687s] -- Up-to-date: /home/misaka/fishbot/install/cartographer_ros_msgs/share/cartographer_ros_msgs/srv/FinishTrajectory_Request.msg
[6.687s] -- Up-to-date: /home/misaka/fishbot/install/cartographer_ros_msgs/share/cartographer_ros_msgs/srv/FinishTrajectory_Response.msg
[6.687s] -- Up-to-date: /home/misaka/fishbot/install/cartographer_ros_msgs/share/cartographer_ros_msgs/srv/GetTrajectoryStates.srv
[6.688s] -- Up-to-date: /home/misaka/fishbot/install/cartographer_ros_msgs/share/cartographer_ros_msgs/srv/GetTrajectoryStates_Request.msg
[6.688s] -- Up-to-date: /home/misaka/fishbot/install/cartographer_ros_msgs/share/cartographer_ros_msgs/srv/GetTrajectoryStates_Response.msg
[6.688s] -- Up-to-date: /home/misaka/fishbot/install/cartographer_ros_msgs/share/cartographer_ros_msgs/srv/ReadMetrics.srv
[6.689s] -- Up-to-date: /home/misaka/fishbot/install/cartographer_ros_msgs/share/cartographer_ros_msgs/srv/ReadMetrics_Request.msg
[6.689s] -- Up-to-date: /home/misaka/fishbot/install/cartographer_ros_msgs/share/cartographer_ros_msgs/srv/ReadMetrics_Response.msg
[6.690s] -- Up-to-date: /home/misaka/fishbot/install/cartographer_ros_msgs/share/cartographer_ros_msgs/srv/StartTrajectory.srv
[6.690s] -- Up-to-date: /home/misaka/fishbot/install/cartographer_ros_msgs/share/cartographer_ros_msgs/srv/StartTrajectory_Request.msg
[6.691s] -- Up-to-date: /home/misaka/fishbot/install/cartographer_ros_msgs/share/cartographer_ros_msgs/srv/StartTrajectory_Response.msg
[6.692s] -- Up-to-date: /home/misaka/fishbot/install/cartographer_ros_msgs/share/cartographer_ros_msgs/srv/TrajectoryQuery.srv
[6.693s] -- Up-to-date: /home/misaka/fishbot/install/cartographer_ros_msgs/share/cartographer_ros_msgs/srv/TrajectoryQuery_Request.msg
[6.693s] -- Up-to-date: /home/misaka/fishbot/install/cartographer_ros_msgs/share/cartographer_ros_msgs/srv/TrajectoryQuery_Response.msg
[6.693s] -- Up-to-date: /home/misaka/fishbot/install/cartographer_ros_msgs/share/cartographer_ros_msgs/srv/SubmapQuery.srv
[6.694s] -- Up-to-date: /home/misaka/fishbot/install/cartographer_ros_msgs/share/cartographer_ros_msgs/srv/SubmapQuery_Request.msg
[6.694s] -- Up-to-date: /home/misaka/fishbot/install/cartographer_ros_msgs/share/cartographer_ros_msgs/srv/SubmapQuery_Response.msg
[6.695s] -- Up-to-date: /home/misaka/fishbot/install/cartographer_ros_msgs/share/cartographer_ros_msgs/srv/WriteState.srv
[6.695s] -- Up-to-date: /home/misaka/fishbot/install/cartographer_ros_msgs/share/cartographer_ros_msgs/srv/WriteState_Request.msg
[6.696s] -- Up-to-date: /home/misaka/fishbot/install/cartographer_ros_msgs/share/cartographer_ros_msgs/srv/WriteState_Response.msg
[6.698s] -- Up-to-date: /home/misaka/fishbot/install/cartographer_ros_msgs/share/ament_index/resource_index/package_run_dependencies/cartographer_ros_msgs
[6.698s] -- Up-to-date: /home/misaka/fishbot/install/cartographer_ros_msgs/share/ament_index/resource_index/parent_prefix_path/cartographer_ros_msgs
[6.699s] -- Up-to-date: /home/misaka/fishbot/install/cartographer_ros_msgs/share/cartographer_ros_msgs/environment/ament_prefix_path.sh
[6.699s] -- Up-to-date: /home/misaka/fishbot/install/cartographer_ros_msgs/share/cartographer_ros_msgs/environment/ament_prefix_path.dsv
[6.700s] -- Up-to-date: /home/misaka/fishbot/install/cartographer_ros_msgs/share/cartographer_ros_msgs/environment/path.sh
[6.700s] -- Up-to-date: /home/misaka/fishbot/install/cartographer_ros_msgs/share/cartographer_ros_msgs/environment/path.dsv
[6.700s] -- Up-to-date: /home/misaka/fishbot/install/cartographer_ros_msgs/share/cartographer_ros_msgs/local_setup.bash
[6.701s] -- Up-to-date: /home/misaka/fishbot/install/cartographer_ros_msgs/share/cartographer_ros_msgs/local_setup.sh
[6.702s] -- Up-to-date: /home/misaka/fishbot/install/cartographer_ros_msgs/share/cartographer_ros_msgs/local_setup.zsh
[6.702s] -- Up-to-date: /home/misaka/fishbot/install/cartographer_ros_msgs/share/cartographer_ros_msgs/local_setup.dsv
[6.704s] -- Installing: /home/misaka/fishbot/install/cartographer_ros_msgs/share/cartographer_ros_msgs/package.dsv
[6.706s] -- Up-to-date: /home/misaka/fishbot/install/cartographer_ros_msgs/share/ament_index/resource_index/packages/cartographer_ros_msgs
[6.708s] -- Up-to-date: /home/misaka/fishbot/install/cartographer_ros_msgs/share/cartographer_ros_msgs/cmake/export_cartographer_ros_msgs__rosidl_generator_cExport.cmake
[6.709s] -- Up-to-date: /home/misaka/fishbot/install/cartographer_ros_msgs/share/cartographer_ros_msgs/cmake/export_cartographer_ros_msgs__rosidl_generator_cExport-noconfig.cmake
[6.710s] -- Up-to-date: /home/misaka/fishbot/install/cartographer_ros_msgs/share/cartographer_ros_msgs/cmake/export_cartographer_ros_msgs__rosidl_typesupport_fastrtps_cExport.cmake
[6.710s] -- Up-to-date: /home/misaka/fishbot/install/cartographer_ros_msgs/share/cartographer_ros_msgs/cmake/export_cartographer_ros_msgs__rosidl_typesupport_fastrtps_cExport-noconfig.cmake
[6.710s] -- Up-to-date: /home/misaka/fishbot/install/cartographer_ros_msgs/share/cartographer_ros_msgs/cmake/cartographer_ros_msgs__rosidl_typesupport_introspection_cExport.cmake
[6.710s] -- Up-to-date: /home/misaka/fishbot/install/cartographer_ros_msgs/share/cartographer_ros_msgs/cmake/cartographer_ros_msgs__rosidl_typesupport_introspection_cExport-noconfig.cmake
[6.710s] -- Up-to-date: /home/misaka/fishbot/install/cartographer_ros_msgs/share/cartographer_ros_msgs/cmake/cartographer_ros_msgs__rosidl_typesupport_cExport.cmake
[6.711s] -- Up-to-date: /home/misaka/fishbot/install/cartographer_ros_msgs/share/cartographer_ros_msgs/cmake/cartographer_ros_msgs__rosidl_typesupport_cExport-noconfig.cmake
[6.711s] -- Up-to-date: /home/misaka/fishbot/install/cartographer_ros_msgs/share/cartographer_ros_msgs/cmake/export_cartographer_ros_msgs__rosidl_generator_cppExport.cmake
[6.712s] -- Up-to-date: /home/misaka/fishbot/install/cartographer_ros_msgs/share/cartographer_ros_msgs/cmake/export_cartographer_ros_msgs__rosidl_typesupport_fastrtps_cppExport.cmake
[6.712s] -- Up-to-date: /home/misaka/fishbot/install/cartographer_ros_msgs/share/cartographer_ros_msgs/cmake/export_cartographer_ros_msgs__rosidl_typesupport_fastrtps_cppExport-noconfig.cmake
[6.714s] -- Up-to-date: /home/misaka/fishbot/install/cartographer_ros_msgs/share/cartographer_ros_msgs/cmake/cartographer_ros_msgs__rosidl_typesupport_introspection_cppExport.cmake
[6.715s] -- Up-to-date: /home/misaka/fishbot/install/cartographer_ros_msgs/share/cartographer_ros_msgs/cmake/cartographer_ros_msgs__rosidl_typesupport_introspection_cppExport-noconfig.cmake
[6.716s] -- Up-to-date: /home/misaka/fishbot/install/cartographer_ros_msgs/share/cartographer_ros_msgs/cmake/cartographer_ros_msgs__rosidl_typesupport_cppExport.cmake
[6.716s] -- Up-to-date: /home/misaka/fishbot/install/cartographer_ros_msgs/share/cartographer_ros_msgs/cmake/cartographer_ros_msgs__rosidl_typesupport_cppExport-noconfig.cmake
[6.717s] -- Up-to-date: /home/misaka/fishbot/install/cartographer_ros_msgs/share/cartographer_ros_msgs/cmake/export_cartographer_ros_msgs__rosidl_generator_pyExport.cmake
[6.718s] -- Up-to-date: /home/misaka/fishbot/install/cartographer_ros_msgs/share/cartographer_ros_msgs/cmake/export_cartographer_ros_msgs__rosidl_generator_pyExport-noconfig.cmake
[6.719s] -- Up-to-date: /home/misaka/fishbot/install/cartographer_ros_msgs/share/cartographer_ros_msgs/cmake/rosidl_cmake-extras.cmake
[6.719s] -- Up-to-date: /home/misaka/fishbot/install/cartographer_ros_msgs/share/cartographer_ros_msgs/cmake/ament_cmake_export_dependencies-extras.cmake
[6.719s] -- Up-to-date: /home/misaka/fishbot/install/cartographer_ros_msgs/share/cartographer_ros_msgs/cmake/ament_cmake_export_include_directories-extras.cmake
[6.720s] -- Up-to-date: /home/misaka/fishbot/install/cartographer_ros_msgs/share/cartographer_ros_msgs/cmake/ament_cmake_export_libraries-extras.cmake
[6.723s] -- Up-to-date: /home/misaka/fishbot/install/cartographer_ros_msgs/share/cartographer_ros_msgs/cmake/ament_cmake_export_targets-extras.cmake
[6.726s] -- Up-to-date: /home/misaka/fishbot/install/cartographer_ros_msgs/share/cartographer_ros_msgs/cmake/rosidl_cmake_export_typesupport_targets-extras.cmake
[6.727s] -- Up-to-date: /home/misaka/fishbot/install/cartographer_ros_msgs/share/cartographer_ros_msgs/cmake/rosidl_cmake_export_typesupport_libraries-extras.cmake
[6.727s] -- Up-to-date: /home/misaka/fishbot/install/cartographer_ros_msgs/share/cartographer_ros_msgs/cmake/cartographer_ros_msgsConfig.cmake
[6.728s] -- Up-to-date: /home/misaka/fishbot/install/cartographer_ros_msgs/share/cartographer_ros_msgs/cmake/cartographer_ros_msgsConfig-version.cmake
[6.728s] -- Up-to-date: /home/misaka/fishbot/install/cartographer_ros_msgs/share/cartographer_ros_msgs/package.xml
[6.733s] Invoked command in '/home/misaka/fishbot/build/cartographer_ros_msgs' returned '0': CMAKE_PREFIX_PATH=/opt/ros/humble /usr/bin/cmake --install /home/misaka/fishbot/build/cartographer_ros_msgs
