[0.044s] Invoking command in '/home/misaka/fishbot/build/nav2_voxel_grid': AMENT_PREFIX_PATH=/home/misaka/fishbot/install/nav2_common:${AMENT_PREFIX_PATH} CMAKE_PREFIX_PATH=/home/misaka/fishbot/install/nav2_common:/opt/ros/humble PYTHONPATH=/home/misaka/fishbot/install/nav2_common/local/lib/python3.10/dist-packages:${PYTHONPATH} /usr/bin/cmake --build /home/misaka/fishbot/build/nav2_voxel_grid -- -j16 -l16
[0.372s] [ 20%] Built target gtest_main
[0.372s] [ 40%] Built target voxel_grid
[0.374s] [ 60%] Built target gtest
[0.513s] [ 80%] Built target voxel_grid_bresenham_3d
[0.526s] [100%] Built target voxel_grid_tests
[0.587s] Invoked command in '/home/misaka/fishbot/build/nav2_voxel_grid' returned '0': AMENT_PREFIX_PATH=/home/misaka/fishbot/install/nav2_common:${AMENT_PREFIX_PATH} CMAKE_PREFIX_PATH=/home/misaka/fishbot/install/nav2_common:/opt/ros/humble PYTHONPATH=/home/misaka/fishbot/install/nav2_common/local/lib/python3.10/dist-packages:${PYTHONPATH} /usr/bin/cmake --build /home/misaka/fishbot/build/nav2_voxel_grid -- -j16 -l16
[0.813s] Invoking command in '/home/misaka/fishbot/build/nav2_voxel_grid': AMENT_PREFIX_PATH=/home/misaka/fishbot/install/nav2_common:${AMENT_PREFIX_PATH} CMAKE_PREFIX_PATH=/home/misaka/fishbot/install/nav2_common:/opt/ros/humble PYTHONPATH=/home/misaka/fishbot/install/nav2_common/local/lib/python3.10/dist-packages:${PYTHONPATH} /usr/bin/cmake --install /home/misaka/fishbot/build/nav2_voxel_grid
[0.853s] -- Install configuration: "Release"
[0.856s] -- Up-to-date: /home/misaka/fishbot/install/nav2_voxel_grid/lib/libvoxel_grid.so
[0.857s] -- Up-to-date: /home/misaka/fishbot/install/nav2_voxel_grid/include
[0.857s] -- Up-to-date: /home/misaka/fishbot/install/nav2_voxel_grid/include/nav2_voxel_grid
[0.858s] -- Up-to-date: /home/misaka/fishbot/install/nav2_voxel_grid/include/nav2_voxel_grid/voxel_grid.hpp
[0.859s] -- Up-to-date: /home/misaka/fishbot/install/nav2_voxel_grid/share/nav2_voxel_grid/environment/library_path.sh
[0.860s] -- Up-to-date: /home/misaka/fishbot/install/nav2_voxel_grid/share/nav2_voxel_grid/environment/library_path.dsv
[0.860s] -- Up-to-date: /home/misaka/fishbot/install/nav2_voxel_grid/share/ament_index/resource_index/package_run_dependencies/nav2_voxel_grid
[0.861s] -- Up-to-date: /home/misaka/fishbot/install/nav2_voxel_grid/share/ament_index/resource_index/parent_prefix_path/nav2_voxel_grid
[0.861s] -- Up-to-date: /home/misaka/fishbot/install/nav2_voxel_grid/share/nav2_voxel_grid/environment/ament_prefix_path.sh
[0.862s] -- Up-to-date: /home/misaka/fishbot/install/nav2_voxel_grid/share/nav2_voxel_grid/environment/ament_prefix_path.dsv
[0.862s] -- Up-to-date: /home/misaka/fishbot/install/nav2_voxel_grid/share/nav2_voxel_grid/environment/path.sh
[0.863s] -- Up-to-date: /home/misaka/fishbot/install/nav2_voxel_grid/share/nav2_voxel_grid/environment/path.dsv
[0.863s] -- Up-to-date: /home/misaka/fishbot/install/nav2_voxel_grid/share/nav2_voxel_grid/local_setup.bash
[0.864s] -- Up-to-date: /home/misaka/fishbot/install/nav2_voxel_grid/share/nav2_voxel_grid/local_setup.sh
[0.864s] -- Up-to-date: /home/misaka/fishbot/install/nav2_voxel_grid/share/nav2_voxel_grid/local_setup.zsh
[0.864s] -- Up-to-date: /home/misaka/fishbot/install/nav2_voxel_grid/share/nav2_voxel_grid/local_setup.dsv
[0.864s] -- Installing: /home/misaka/fishbot/install/nav2_voxel_grid/share/nav2_voxel_grid/package.dsv
[0.865s] -- Up-to-date: /home/misaka/fishbot/install/nav2_voxel_grid/share/ament_index/resource_index/packages/nav2_voxel_grid
[0.865s] -- Up-to-date: /home/misaka/fishbot/install/nav2_voxel_grid/share/nav2_voxel_grid/cmake/ament_cmake_export_dependencies-extras.cmake
[0.867s] -- Up-to-date: /home/misaka/fishbot/install/nav2_voxel_grid/share/nav2_voxel_grid/cmake/ament_cmake_export_include_directories-extras.cmake
[0.868s] -- Up-to-date: /home/misaka/fishbot/install/nav2_voxel_grid/share/nav2_voxel_grid/cmake/ament_cmake_export_libraries-extras.cmake
[0.868s] -- Up-to-date: /home/misaka/fishbot/install/nav2_voxel_grid/share/nav2_voxel_grid/cmake/nav2_voxel_gridConfig.cmake
[0.868s] -- Up-to-date: /home/misaka/fishbot/install/nav2_voxel_grid/share/nav2_voxel_grid/cmake/nav2_voxel_gridConfig-version.cmake
[0.868s] -- Up-to-date: /home/misaka/fishbot/install/nav2_voxel_grid/share/nav2_voxel_grid/package.xml
[0.878s] Invoked command in '/home/misaka/fishbot/build/nav2_voxel_grid' returned '0': AMENT_PREFIX_PATH=/home/misaka/fishbot/install/nav2_common:${AMENT_PREFIX_PATH} CMAKE_PREFIX_PATH=/home/misaka/fishbot/install/nav2_common:/opt/ros/humble PYTHONPATH=/home/misaka/fishbot/install/nav2_common/local/lib/python3.10/dist-packages:${PYTHONPATH} /usr/bin/cmake --install /home/misaka/fishbot/build/nav2_voxel_grid
