[0.128s] Invoking command in '/home/misaka/fishbot/build/nav2_regulated_pure_pursuit_controller': AMENT_PREFIX_PATH=/home/misaka/fishbot/install/nav2_core:/home/misaka/fishbot/install/nav2_costmap_2d:/home/misaka/fishbot/install/nav2_map_server:/home/misaka/fishbot/install/nav2_lifecycle_manager:/home/misaka/fishbot/install/nav2_util:/home/misaka/fishbot/install/nav2_voxel_grid:/home/misaka/fishbot/install/nav2_msgs:/home/misaka/fishbot/install/nav2_common:${AMENT_PREFIX_PATH} CMAKE_PREFIX_PATH=/home/misaka/fishbot/install/nav2_core:/home/misaka/fishbot/install/nav2_costmap_2d:/home/misaka/fishbot/install/nav2_map_server:/home/misaka/fishbot/install/nav2_lifecycle_manager:/home/misaka/fishbot/install/nav2_util:/home/misaka/fishbot/install/nav2_voxel_grid:/home/misaka/fishbot/install/nav2_msgs:/home/misaka/fishbot/install/nav2_common:/opt/ros/humble LD_LIBRARY_PATH=/home/misaka/fishbot/install/nav2_costmap_2d/lib:/home/misaka/fishbot/install/nav2_map_server/lib:/home/misaka/fishbot/install/nav2_lifecycle_manager/lib:/home/misaka/fishbot/install/nav2_util/lib:/home/misaka/fishbot/install/nav2_voxel_grid/lib:/home/misaka/fishbot/install/nav2_msgs/lib:${LD_LIBRARY_PATH} PYTHONPATH=/home/misaka/fishbot/install/nav2_msgs/local/lib/python3.10/dist-packages:/home/misaka/fishbot/install/nav2_common/local/lib/python3.10/dist-packages:${PYTHONPATH} /usr/bin/cmake /home/misaka/fishbot/src/navigation/nav2_regulated_pure_pursuit_controller -DCMAKE_INSTALL_PREFIX=/home/misaka/fishbot/install/nav2_regulated_pure_pursuit_controller
[0.357s] -- The C compiler identification is GNU 11.4.0
[0.572s] -- The CXX compiler identification is GNU 11.4.0
[0.604s] -- Detecting C compiler ABI info
[0.935s] -- Detecting C compiler ABI info - done
[0.961s] -- Check for working C compiler: /usr/bin/cc - skipped
[0.962s] -- Detecting C compile features
[0.963s] -- Detecting C compile features - done
[0.973s] -- Detecting CXX compiler ABI info
[1.341s] -- Detecting CXX compiler ABI info - done
[1.379s] -- Check for working CXX compiler: /usr/bin/c++ - skipped
[1.380s] -- Detecting CXX compile features
[1.382s] -- Detecting CXX compile features - done
[1.400s] -- Found ament_cmake: 1.3.10 (/opt/ros/humble/share/ament_cmake/cmake)
[1.958s] -- Found Python3: /usr/bin/python3 (found version "3.10.12") found components: Interpreter 
[2.306s] -- Found nav2_common: 1.1.0 (/home/misaka/fishbot/install/nav2_common/share/nav2_common/cmake)
[2.307s] -- Found nav2_core: 1.1.0 (/home/misaka/fishbot/install/nav2_core/share/nav2_core/cmake)
[2.517s] -- Found rosidl_generator_c: 3.1.5 (/opt/ros/humble/share/rosidl_generator_c/cmake)
[2.545s] -- Found rosidl_adapter: 3.1.5 (/opt/ros/humble/share/rosidl_adapter/cmake)
[2.586s] -- Found rosidl_generator_cpp: 3.1.5 (/opt/ros/humble/share/rosidl_generator_cpp/cmake)
[2.636s] -- Using all available rosidl_typesupport_c: rosidl_typesupport_fastrtps_c;rosidl_typesupport_introspection_c
[2.706s] -- Using all available rosidl_typesupport_cpp: rosidl_typesupport_fastrtps_cpp;rosidl_typesupport_introspection_cpp
[2.888s] -- Found rmw_implementation_cmake: 6.1.2 (/opt/ros/humble/share/rmw_implementation_cmake/cmake)
[2.900s] -- Found rmw_fastrtps_cpp: 6.2.7 (/opt/ros/humble/share/rmw_fastrtps_cpp/cmake)
[3.303s] -- Found OpenSSL: /usr/lib/x86_64-linux-gnu/libcrypto.so (found version "3.0.2")  
[3.405s] -- Found FastRTPS: /opt/ros/humble/include  
[3.558s] -- Using RMW implementation 'rmw_fastrtps_cpp' as default
[3.603s] -- Looking for pthread.h
[3.968s] -- Looking for pthread.h - found
[3.970s] -- Performing Test CMAKE_HAVE_LIBC_PTHREAD
[4.305s] -- Performing Test CMAKE_HAVE_LIBC_PTHREAD - Success
[4.309s] -- Found Threads: TRUE  
[5.392s] -- Found Eigen3: TRUE (found version "3.4.0") 
[5.393s] -- Ensuring Eigen3 include directory is part of orocos-kdl CMake target
[5.730s] -- Setting build type to Release as none was specified.
[6.783s] -- Found ament_lint_auto: 0.12.11 (/opt/ros/humble/share/ament_lint_auto/cmake)
[7.129s] -- Found gtest sources under '/opt/ros/humble/src/gtest_vendor': C++ tests using 'Google Test' will be built
[8.068s] -- Added test 'cppcheck' to perform static code analysis on C / C++ code
[8.069s] -- Configured cppcheck include dirs: /home/misaka/fishbot/src/navigation/nav2_regulated_pure_pursuit_controller/include
[8.069s] -- Configured cppcheck exclude dirs and/or files: 
[8.075s] -- Added test 'cpplint' to check C / C++ code against the Google style
[8.075s] -- Configured cpplint exclude dirs and/or files: 
[8.079s] -- Added test 'lint_cmake' to check CMake code style
[8.085s] -- Added test 'uncrustify' to check C / C++ code style
[8.085s] -- Configured uncrustify additional arguments: 
[8.088s] -- Added test 'xmllint' to check XML markup files
[8.098s] -- Configuring done
[8.606s] -- Generating done
[8.626s] -- Build files have been written to: /home/misaka/fishbot/build/nav2_regulated_pure_pursuit_controller
[8.665s] Invoked command in '/home/misaka/fishbot/build/nav2_regulated_pure_pursuit_controller' returned '0': AMENT_PREFIX_PATH=/home/misaka/fishbot/install/nav2_core:/home/misaka/fishbot/install/nav2_costmap_2d:/home/misaka/fishbot/install/nav2_map_server:/home/misaka/fishbot/install/nav2_lifecycle_manager:/home/misaka/fishbot/install/nav2_util:/home/misaka/fishbot/install/nav2_voxel_grid:/home/misaka/fishbot/install/nav2_msgs:/home/misaka/fishbot/install/nav2_common:${AMENT_PREFIX_PATH} CMAKE_PREFIX_PATH=/home/misaka/fishbot/install/nav2_core:/home/misaka/fishbot/install/nav2_costmap_2d:/home/misaka/fishbot/install/nav2_map_server:/home/misaka/fishbot/install/nav2_lifecycle_manager:/home/misaka/fishbot/install/nav2_util:/home/misaka/fishbot/install/nav2_voxel_grid:/home/misaka/fishbot/install/nav2_msgs:/home/misaka/fishbot/install/nav2_common:/opt/ros/humble LD_LIBRARY_PATH=/home/misaka/fishbot/install/nav2_costmap_2d/lib:/home/misaka/fishbot/install/nav2_map_server/lib:/home/misaka/fishbot/install/nav2_lifecycle_manager/lib:/home/misaka/fishbot/install/nav2_util/lib:/home/misaka/fishbot/install/nav2_voxel_grid/lib:/home/misaka/fishbot/install/nav2_msgs/lib:${LD_LIBRARY_PATH} PYTHONPATH=/home/misaka/fishbot/install/nav2_msgs/local/lib/python3.10/dist-packages:/home/misaka/fishbot/install/nav2_common/local/lib/python3.10/dist-packages:${PYTHONPATH} /usr/bin/cmake /home/misaka/fishbot/src/navigation/nav2_regulated_pure_pursuit_controller -DCMAKE_INSTALL_PREFIX=/home/misaka/fishbot/install/nav2_regulated_pure_pursuit_controller
[8.673s] Invoking command in '/home/misaka/fishbot/build/nav2_regulated_pure_pursuit_controller': AMENT_PREFIX_PATH=/home/misaka/fishbot/install/nav2_core:/home/misaka/fishbot/install/nav2_costmap_2d:/home/misaka/fishbot/install/nav2_map_server:/home/misaka/fishbot/install/nav2_lifecycle_manager:/home/misaka/fishbot/install/nav2_util:/home/misaka/fishbot/install/nav2_voxel_grid:/home/misaka/fishbot/install/nav2_msgs:/home/misaka/fishbot/install/nav2_common:${AMENT_PREFIX_PATH} CMAKE_PREFIX_PATH=/home/misaka/fishbot/install/nav2_core:/home/misaka/fishbot/install/nav2_costmap_2d:/home/misaka/fishbot/install/nav2_map_server:/home/misaka/fishbot/install/nav2_lifecycle_manager:/home/misaka/fishbot/install/nav2_util:/home/misaka/fishbot/install/nav2_voxel_grid:/home/misaka/fishbot/install/nav2_msgs:/home/misaka/fishbot/install/nav2_common:/opt/ros/humble LD_LIBRARY_PATH=/home/misaka/fishbot/install/nav2_costmap_2d/lib:/home/misaka/fishbot/install/nav2_map_server/lib:/home/misaka/fishbot/install/nav2_lifecycle_manager/lib:/home/misaka/fishbot/install/nav2_util/lib:/home/misaka/fishbot/install/nav2_voxel_grid/lib:/home/misaka/fishbot/install/nav2_msgs/lib:${LD_LIBRARY_PATH} PYTHONPATH=/home/misaka/fishbot/install/nav2_msgs/local/lib/python3.10/dist-packages:/home/misaka/fishbot/install/nav2_common/local/lib/python3.10/dist-packages:${PYTHONPATH} /usr/bin/cmake --build /home/misaka/fishbot/build/nav2_regulated_pure_pursuit_controller -- -j16 -l16
[8.912s] [  8%] [32mBuilding CXX object gtest/CMakeFiles/gtest.dir/src/gtest-all.cc.o[0m
[8.913s] [ 16%] [32mBuilding CXX object gtest/CMakeFiles/gtest_main.dir/src/gtest_main.cc.o[0m
[8.914s] [ 25%] [32mBuilding CXX object CMakeFiles/nav2_regulated_pure_pursuit_controller.dir/src/regulated_pure_pursuit_controller.cpp.o[0m
[12.086s] [ 33%] [32m[1mLinking CXX static library libgtest_main.a[0m
[12.244s] [ 33%] Built target gtest_main
[33.013s] [ 41%] [32m[1mLinking CXX static library libgtest.a[0m
[33.192s] [ 41%] Built target gtest
[33.310s] [ 50%] [32mBuilding CXX object test/CMakeFiles/test_path_utils.dir/path_utils/test_path_utils.cpp.o[0m
[33.320s] [ 58%] [32mBuilding CXX object test/CMakeFiles/test_path_utils.dir/path_utils/path_utils.cpp.o[0m
[38.186s] [ 66%] [32m[1mLinking CXX shared library libnav2_regulated_pure_pursuit_controller.so[0m
[39.488s] [ 66%] Built target nav2_regulated_pure_pursuit_controller
[39.635s] [ 75%] [32mBuilding CXX object test/CMakeFiles/test_regulated_pp.dir/test_regulated_pp.cpp.o[0m
[39.636s] [ 83%] [32mBuilding CXX object test/CMakeFiles/test_regulated_pp.dir/path_utils/path_utils.cpp.o[0m
[45.281s] [ 91%] [32m[1mLinking CXX executable test_path_utils[0m
[45.831s] [ 91%] Built target test_path_utils
[68.563s] [100%] [32m[1mLinking CXX executable test_regulated_pp[0m
[70.105s] [100%] Built target test_regulated_pp
[70.159s] Invoked command in '/home/misaka/fishbot/build/nav2_regulated_pure_pursuit_controller' returned '0': AMENT_PREFIX_PATH=/home/misaka/fishbot/install/nav2_core:/home/misaka/fishbot/install/nav2_costmap_2d:/home/misaka/fishbot/install/nav2_map_server:/home/misaka/fishbot/install/nav2_lifecycle_manager:/home/misaka/fishbot/install/nav2_util:/home/misaka/fishbot/install/nav2_voxel_grid:/home/misaka/fishbot/install/nav2_msgs:/home/misaka/fishbot/install/nav2_common:${AMENT_PREFIX_PATH} CMAKE_PREFIX_PATH=/home/misaka/fishbot/install/nav2_core:/home/misaka/fishbot/install/nav2_costmap_2d:/home/misaka/fishbot/install/nav2_map_server:/home/misaka/fishbot/install/nav2_lifecycle_manager:/home/misaka/fishbot/install/nav2_util:/home/misaka/fishbot/install/nav2_voxel_grid:/home/misaka/fishbot/install/nav2_msgs:/home/misaka/fishbot/install/nav2_common:/opt/ros/humble LD_LIBRARY_PATH=/home/misaka/fishbot/install/nav2_costmap_2d/lib:/home/misaka/fishbot/install/nav2_map_server/lib:/home/misaka/fishbot/install/nav2_lifecycle_manager/lib:/home/misaka/fishbot/install/nav2_util/lib:/home/misaka/fishbot/install/nav2_voxel_grid/lib:/home/misaka/fishbot/install/nav2_msgs/lib:${LD_LIBRARY_PATH} PYTHONPATH=/home/misaka/fishbot/install/nav2_msgs/local/lib/python3.10/dist-packages:/home/misaka/fishbot/install/nav2_common/local/lib/python3.10/dist-packages:${PYTHONPATH} /usr/bin/cmake --build /home/misaka/fishbot/build/nav2_regulated_pure_pursuit_controller -- -j16 -l16
[70.344s] Invoking command in '/home/misaka/fishbot/build/nav2_regulated_pure_pursuit_controller': AMENT_PREFIX_PATH=/home/misaka/fishbot/install/nav2_core:/home/misaka/fishbot/install/nav2_costmap_2d:/home/misaka/fishbot/install/nav2_map_server:/home/misaka/fishbot/install/nav2_lifecycle_manager:/home/misaka/fishbot/install/nav2_util:/home/misaka/fishbot/install/nav2_voxel_grid:/home/misaka/fishbot/install/nav2_msgs:/home/misaka/fishbot/install/nav2_common:${AMENT_PREFIX_PATH} CMAKE_PREFIX_PATH=/home/misaka/fishbot/install/nav2_core:/home/misaka/fishbot/install/nav2_costmap_2d:/home/misaka/fishbot/install/nav2_map_server:/home/misaka/fishbot/install/nav2_lifecycle_manager:/home/misaka/fishbot/install/nav2_util:/home/misaka/fishbot/install/nav2_voxel_grid:/home/misaka/fishbot/install/nav2_msgs:/home/misaka/fishbot/install/nav2_common:/opt/ros/humble LD_LIBRARY_PATH=/home/misaka/fishbot/install/nav2_costmap_2d/lib:/home/misaka/fishbot/install/nav2_map_server/lib:/home/misaka/fishbot/install/nav2_lifecycle_manager/lib:/home/misaka/fishbot/install/nav2_util/lib:/home/misaka/fishbot/install/nav2_voxel_grid/lib:/home/misaka/fishbot/install/nav2_msgs/lib:${LD_LIBRARY_PATH} PYTHONPATH=/home/misaka/fishbot/install/nav2_msgs/local/lib/python3.10/dist-packages:/home/misaka/fishbot/install/nav2_common/local/lib/python3.10/dist-packages:${PYTHONPATH} /usr/bin/cmake --install /home/misaka/fishbot/build/nav2_regulated_pure_pursuit_controller
[70.373s] -- Install configuration: "Release"
[70.374s] -- Installing: /home/misaka/fishbot/install/nav2_regulated_pure_pursuit_controller/lib/libnav2_regulated_pure_pursuit_controller.so
[70.377s] -- Set runtime path of "/home/misaka/fishbot/install/nav2_regulated_pure_pursuit_controller/lib/libnav2_regulated_pure_pursuit_controller.so" to ""
[70.377s] -- Installing: /home/misaka/fishbot/install/nav2_regulated_pure_pursuit_controller/include/
[70.378s] -- Installing: /home/misaka/fishbot/install/nav2_regulated_pure_pursuit_controller/include//nav2_regulated_pure_pursuit_controller
[70.380s] -- Installing: /home/misaka/fishbot/install/nav2_regulated_pure_pursuit_controller/include//nav2_regulated_pure_pursuit_controller/regulated_pure_pursuit_controller.hpp
[70.380s] -- Installing: /home/misaka/fishbot/install/nav2_regulated_pure_pursuit_controller/share/nav2_regulated_pure_pursuit_controller/environment/library_path.sh
[70.380s] -- Installing: /home/misaka/fishbot/install/nav2_regulated_pure_pursuit_controller/share/nav2_regulated_pure_pursuit_controller/environment/library_path.dsv
[70.381s] -- Installing: /home/misaka/fishbot/install/nav2_regulated_pure_pursuit_controller/share/nav2_regulated_pure_pursuit_controller/nav2_regulated_pure_pursuit_controller.xml
[70.394s] -- Installing: /home/misaka/fishbot/install/nav2_regulated_pure_pursuit_controller/share/ament_index/resource_index/package_run_dependencies/nav2_regulated_pure_pursuit_controller
[70.395s] -- Installing: /home/misaka/fishbot/install/nav2_regulated_pure_pursuit_controller/share/ament_index/resource_index/parent_prefix_path/nav2_regulated_pure_pursuit_controller
[70.396s] -- Installing: /home/misaka/fishbot/install/nav2_regulated_pure_pursuit_controller/share/nav2_regulated_pure_pursuit_controller/environment/ament_prefix_path.sh
[70.396s] -- Installing: /home/misaka/fishbot/install/nav2_regulated_pure_pursuit_controller/share/nav2_regulated_pure_pursuit_controller/environment/ament_prefix_path.dsv
[70.396s] -- Installing: /home/misaka/fishbot/install/nav2_regulated_pure_pursuit_controller/share/nav2_regulated_pure_pursuit_controller/environment/path.sh
[70.397s] -- Installing: /home/misaka/fishbot/install/nav2_regulated_pure_pursuit_controller/share/nav2_regulated_pure_pursuit_controller/environment/path.dsv
[70.397s] -- Installing: /home/misaka/fishbot/install/nav2_regulated_pure_pursuit_controller/share/nav2_regulated_pure_pursuit_controller/local_setup.bash
[70.398s] -- Installing: /home/misaka/fishbot/install/nav2_regulated_pure_pursuit_controller/share/nav2_regulated_pure_pursuit_controller/local_setup.sh
[70.398s] -- Installing: /home/misaka/fishbot/install/nav2_regulated_pure_pursuit_controller/share/nav2_regulated_pure_pursuit_controller/local_setup.zsh
[70.399s] -- Installing: /home/misaka/fishbot/install/nav2_regulated_pure_pursuit_controller/share/nav2_regulated_pure_pursuit_controller/local_setup.dsv
[70.399s] -- Installing: /home/misaka/fishbot/install/nav2_regulated_pure_pursuit_controller/share/nav2_regulated_pure_pursuit_controller/package.dsv
[70.399s] -- Installing: /home/misaka/fishbot/install/nav2_regulated_pure_pursuit_controller/share/ament_index/resource_index/packages/nav2_regulated_pure_pursuit_controller
[70.399s] -- Installing: /home/misaka/fishbot/install/nav2_regulated_pure_pursuit_controller/share/ament_index/resource_index/nav2_core__pluginlib__plugin/nav2_regulated_pure_pursuit_controller
[70.399s] -- Installing: /home/misaka/fishbot/install/nav2_regulated_pure_pursuit_controller/share/nav2_regulated_pure_pursuit_controller/cmake/ament_cmake_export_include_directories-extras.cmake
[70.400s] -- Installing: /home/misaka/fishbot/install/nav2_regulated_pure_pursuit_controller/share/nav2_regulated_pure_pursuit_controller/cmake/ament_cmake_export_libraries-extras.cmake
[70.402s] -- Installing: /home/misaka/fishbot/install/nav2_regulated_pure_pursuit_controller/share/nav2_regulated_pure_pursuit_controller/cmake/ament_cmake_export_dependencies-extras.cmake
[70.402s] -- Installing: /home/misaka/fishbot/install/nav2_regulated_pure_pursuit_controller/share/nav2_regulated_pure_pursuit_controller/cmake/nav2_regulated_pure_pursuit_controllerConfig.cmake
[70.403s] -- Installing: /home/misaka/fishbot/install/nav2_regulated_pure_pursuit_controller/share/nav2_regulated_pure_pursuit_controller/cmake/nav2_regulated_pure_pursuit_controllerConfig-version.cmake
[70.404s] -- Installing: /home/misaka/fishbot/install/nav2_regulated_pure_pursuit_controller/share/nav2_regulated_pure_pursuit_controller/package.xml
[70.412s] Invoked command in '/home/misaka/fishbot/build/nav2_regulated_pure_pursuit_controller' returned '0': AMENT_PREFIX_PATH=/home/misaka/fishbot/install/nav2_core:/home/misaka/fishbot/install/nav2_costmap_2d:/home/misaka/fishbot/install/nav2_map_server:/home/misaka/fishbot/install/nav2_lifecycle_manager:/home/misaka/fishbot/install/nav2_util:/home/misaka/fishbot/install/nav2_voxel_grid:/home/misaka/fishbot/install/nav2_msgs:/home/misaka/fishbot/install/nav2_common:${AMENT_PREFIX_PATH} CMAKE_PREFIX_PATH=/home/misaka/fishbot/install/nav2_core:/home/misaka/fishbot/install/nav2_costmap_2d:/home/misaka/fishbot/install/nav2_map_server:/home/misaka/fishbot/install/nav2_lifecycle_manager:/home/misaka/fishbot/install/nav2_util:/home/misaka/fishbot/install/nav2_voxel_grid:/home/misaka/fishbot/install/nav2_msgs:/home/misaka/fishbot/install/nav2_common:/opt/ros/humble LD_LIBRARY_PATH=/home/misaka/fishbot/install/nav2_costmap_2d/lib:/home/misaka/fishbot/install/nav2_map_server/lib:/home/misaka/fishbot/install/nav2_lifecycle_manager/lib:/home/misaka/fishbot/install/nav2_util/lib:/home/misaka/fishbot/install/nav2_voxel_grid/lib:/home/misaka/fishbot/install/nav2_msgs/lib:${LD_LIBRARY_PATH} PYTHONPATH=/home/misaka/fishbot/install/nav2_msgs/local/lib/python3.10/dist-packages:/home/misaka/fishbot/install/nav2_common/local/lib/python3.10/dist-packages:${PYTHONPATH} /usr/bin/cmake --install /home/misaka/fishbot/build/nav2_regulated_pure_pursuit_controller
