[0.133s] Invoking command in '/home/misaka/fishbot/build/nav2_controller': AMENT_PREFIX_PATH=/home/misaka/fishbot/install/nav2_core:/home/misaka/fishbot/install/nav2_costmap_2d:/home/misaka/fishbot/install/nav_2d_utils:/home/misaka/fishbot/install/nav2_map_server:/home/misaka/fishbot/install/nav2_lifecycle_manager:/home/misaka/fishbot/install/nav2_util:/home/misaka/fishbot/install/nav2_voxel_grid:/home/misaka/fishbot/install/nav2_msgs:/home/misaka/fishbot/install/nav_2d_msgs:/home/misaka/fishbot/install/nav2_common:${AMENT_PREFIX_PATH} CMAKE_PREFIX_PATH=/home/misaka/fishbot/install/nav2_core:/home/misaka/fishbot/install/nav2_costmap_2d:/home/misaka/fishbot/install/nav_2d_utils:/home/misaka/fishbot/install/nav2_map_server:/home/misaka/fishbot/install/nav2_lifecycle_manager:/home/misaka/fishbot/install/nav2_util:/home/misaka/fishbot/install/nav2_voxel_grid:/home/misaka/fishbot/install/nav2_msgs:/home/misaka/fishbot/install/nav_2d_msgs:/home/misaka/fishbot/install/nav2_common:/opt/ros/humble LD_LIBRARY_PATH=/home/misaka/fishbot/install/nav2_costmap_2d/lib:/home/misaka/fishbot/install/nav_2d_utils/lib:/home/misaka/fishbot/install/nav2_map_server/lib:/home/misaka/fishbot/install/nav2_lifecycle_manager/lib:/home/misaka/fishbot/install/nav2_util/lib:/home/misaka/fishbot/install/nav2_voxel_grid/lib:/home/misaka/fishbot/install/nav2_msgs/lib:/home/misaka/fishbot/install/nav_2d_msgs/lib:${LD_LIBRARY_PATH} PYTHONPATH=/home/misaka/fishbot/install/nav2_msgs/local/lib/python3.10/dist-packages:/home/misaka/fishbot/install/nav_2d_msgs/local/lib/python3.10/dist-packages:/home/misaka/fishbot/install/nav2_common/local/lib/python3.10/dist-packages:${PYTHONPATH} /usr/bin/cmake /home/misaka/fishbot/src/navigation/nav2_controller -DCMAKE_INSTALL_PREFIX=/home/misaka/fishbot/install/nav2_controller
[0.371s] -- The C compiler identification is GNU 11.4.0
[0.551s] -- The CXX compiler identification is GNU 11.4.0
[0.576s] -- Detecting C compiler ABI info
[0.883s] -- Detecting C compiler ABI info - done
[0.922s] -- Check for working C compiler: /usr/bin/cc - skipped
[0.923s] -- Detecting C compile features
[0.924s] -- Detecting C compile features - done
[0.940s] -- Detecting CXX compiler ABI info
[1.266s] -- Detecting CXX compiler ABI info - done
[1.290s] -- Check for working CXX compiler: /usr/bin/c++ - skipped
[1.290s] -- Detecting CXX compile features
[1.292s] -- Detecting CXX compile features - done
[1.303s] -- Found ament_cmake: 1.3.10 (/opt/ros/humble/share/ament_cmake/cmake)
[1.821s] -- Found Python3: /usr/bin/python3 (found version "3.10.12") found components: Interpreter 
[2.201s] -- Found nav2_core: 1.1.0 (/home/misaka/fishbot/install/nav2_core/share/nav2_core/cmake)
[2.397s] -- Found rosidl_generator_c: 3.1.5 (/opt/ros/humble/share/rosidl_generator_c/cmake)
[2.421s] -- Found rosidl_adapter: 3.1.5 (/opt/ros/humble/share/rosidl_adapter/cmake)
[2.454s] -- Found rosidl_generator_cpp: 3.1.5 (/opt/ros/humble/share/rosidl_generator_cpp/cmake)
[2.504s] -- Using all available rosidl_typesupport_c: rosidl_typesupport_fastrtps_c;rosidl_typesupport_introspection_c
[2.574s] -- Using all available rosidl_typesupport_cpp: rosidl_typesupport_fastrtps_cpp;rosidl_typesupport_introspection_cpp
[2.745s] -- Found rmw_implementation_cmake: 6.1.2 (/opt/ros/humble/share/rmw_implementation_cmake/cmake)
[2.760s] -- Found rmw_fastrtps_cpp: 6.2.7 (/opt/ros/humble/share/rmw_fastrtps_cpp/cmake)
[3.131s] -- Found OpenSSL: /usr/lib/x86_64-linux-gnu/libcrypto.so (found version "3.0.2")  
[3.225s] -- Found FastRTPS: /opt/ros/humble/include  
[3.362s] -- Using RMW implementation 'rmw_fastrtps_cpp' as default
[3.399s] -- Looking for pthread.h
[3.715s] -- Looking for pthread.h - found
[3.716s] -- Performing Test CMAKE_HAVE_LIBC_PTHREAD
[4.050s] -- Performing Test CMAKE_HAVE_LIBC_PTHREAD - Success
[4.055s] -- Found Threads: TRUE  
[5.169s] -- Found Eigen3: TRUE (found version "3.4.0") 
[5.170s] -- Ensuring Eigen3 include directory is part of orocos-kdl CMake target
[5.566s] -- Found nav2_common: 1.1.0 (/home/misaka/fishbot/install/nav2_common/share/nav2_common/cmake)
[5.572s] -- Found nav_2d_utils: 1.1.0 (/home/misaka/fishbot/install/nav_2d_utils/share/nav_2d_utils/cmake)
[5.655s] -- Setting build type to Release as none was specified.
[7.588s] -- Found ament_lint_auto: 0.12.11 (/opt/ros/humble/share/ament_lint_auto/cmake)
[7.956s] -- Found gtest sources under '/opt/ros/humble/src/gtest_vendor': C++ tests using 'Google Test' will be built
[8.817s] -- Found gtest sources under '/opt/ros/humble/src/gtest_vendor': C++ tests using 'Google Test' will be built
[9.114s] -- Added test 'cppcheck' to perform static code analysis on C / C++ code
[9.118s] -- Configured cppcheck include dirs: /home/misaka/fishbot/src/navigation/nav2_controller/include
[9.118s] -- Configured cppcheck exclude dirs and/or files: 
[9.126s] -- Added test 'cpplint' to check C / C++ code against the Google style
[9.126s] -- Configured cpplint exclude dirs and/or files: 
[9.130s] -- Added test 'lint_cmake' to check CMake code style
[9.138s] -- Added test 'uncrustify' to check C / C++ code style
[9.138s] -- Configured uncrustify additional arguments: 
[9.141s] -- Added test 'xmllint' to check XML markup files
[9.152s] -- Configuring done
[10.941s] -- Generating done
[10.953s] -- Build files have been written to: /home/misaka/fishbot/build/nav2_controller
[10.999s] Invoked command in '/home/misaka/fishbot/build/nav2_controller' returned '0': AMENT_PREFIX_PATH=/home/misaka/fishbot/install/nav2_core:/home/misaka/fishbot/install/nav2_costmap_2d:/home/misaka/fishbot/install/nav_2d_utils:/home/misaka/fishbot/install/nav2_map_server:/home/misaka/fishbot/install/nav2_lifecycle_manager:/home/misaka/fishbot/install/nav2_util:/home/misaka/fishbot/install/nav2_voxel_grid:/home/misaka/fishbot/install/nav2_msgs:/home/misaka/fishbot/install/nav_2d_msgs:/home/misaka/fishbot/install/nav2_common:${AMENT_PREFIX_PATH} CMAKE_PREFIX_PATH=/home/misaka/fishbot/install/nav2_core:/home/misaka/fishbot/install/nav2_costmap_2d:/home/misaka/fishbot/install/nav_2d_utils:/home/misaka/fishbot/install/nav2_map_server:/home/misaka/fishbot/install/nav2_lifecycle_manager:/home/misaka/fishbot/install/nav2_util:/home/misaka/fishbot/install/nav2_voxel_grid:/home/misaka/fishbot/install/nav2_msgs:/home/misaka/fishbot/install/nav_2d_msgs:/home/misaka/fishbot/install/nav2_common:/opt/ros/humble LD_LIBRARY_PATH=/home/misaka/fishbot/install/nav2_costmap_2d/lib:/home/misaka/fishbot/install/nav_2d_utils/lib:/home/misaka/fishbot/install/nav2_map_server/lib:/home/misaka/fishbot/install/nav2_lifecycle_manager/lib:/home/misaka/fishbot/install/nav2_util/lib:/home/misaka/fishbot/install/nav2_voxel_grid/lib:/home/misaka/fishbot/install/nav2_msgs/lib:/home/misaka/fishbot/install/nav_2d_msgs/lib:${LD_LIBRARY_PATH} PYTHONPATH=/home/misaka/fishbot/install/nav2_msgs/local/lib/python3.10/dist-packages:/home/misaka/fishbot/install/nav_2d_msgs/local/lib/python3.10/dist-packages:/home/misaka/fishbot/install/nav2_common/local/lib/python3.10/dist-packages:${PYTHONPATH} /usr/bin/cmake /home/misaka/fishbot/src/navigation/nav2_controller -DCMAKE_INSTALL_PREFIX=/home/misaka/fishbot/install/nav2_controller
[11.007s] Invoking command in '/home/misaka/fishbot/build/nav2_controller': AMENT_PREFIX_PATH=/home/misaka/fishbot/install/nav2_core:/home/misaka/fishbot/install/nav2_costmap_2d:/home/misaka/fishbot/install/nav_2d_utils:/home/misaka/fishbot/install/nav2_map_server:/home/misaka/fishbot/install/nav2_lifecycle_manager:/home/misaka/fishbot/install/nav2_util:/home/misaka/fishbot/install/nav2_voxel_grid:/home/misaka/fishbot/install/nav2_msgs:/home/misaka/fishbot/install/nav_2d_msgs:/home/misaka/fishbot/install/nav2_common:${AMENT_PREFIX_PATH} CMAKE_PREFIX_PATH=/home/misaka/fishbot/install/nav2_core:/home/misaka/fishbot/install/nav2_costmap_2d:/home/misaka/fishbot/install/nav_2d_utils:/home/misaka/fishbot/install/nav2_map_server:/home/misaka/fishbot/install/nav2_lifecycle_manager:/home/misaka/fishbot/install/nav2_util:/home/misaka/fishbot/install/nav2_voxel_grid:/home/misaka/fishbot/install/nav2_msgs:/home/misaka/fishbot/install/nav_2d_msgs:/home/misaka/fishbot/install/nav2_common:/opt/ros/humble LD_LIBRARY_PATH=/home/misaka/fishbot/install/nav2_costmap_2d/lib:/home/misaka/fishbot/install/nav_2d_utils/lib:/home/misaka/fishbot/install/nav2_map_server/lib:/home/misaka/fishbot/install/nav2_lifecycle_manager/lib:/home/misaka/fishbot/install/nav2_util/lib:/home/misaka/fishbot/install/nav2_voxel_grid/lib:/home/misaka/fishbot/install/nav2_msgs/lib:/home/misaka/fishbot/install/nav_2d_msgs/lib:${LD_LIBRARY_PATH} PYTHONPATH=/home/misaka/fishbot/install/nav2_msgs/local/lib/python3.10/dist-packages:/home/misaka/fishbot/install/nav_2d_msgs/local/lib/python3.10/dist-packages:/home/misaka/fishbot/install/nav2_common/local/lib/python3.10/dist-packages:${PYTHONPATH} /usr/bin/cmake --build /home/misaka/fishbot/build/nav2_controller -- -j16 -l16
[11.282s] [ 10%] [32mBuilding CXX object gtest/CMakeFiles/gtest.dir/src/gtest-all.cc.o[0m
[11.283s] [ 10%] [32mBuilding CXX object CMakeFiles/simple_goal_checker.dir/plugins/simple_goal_checker.cpp.o[0m
[11.284s] [ 15%] [32mBuilding CXX object CMakeFiles/controller_server_core.dir/src/controller_server.cpp.o[0m
[11.287s] [ 20%] [32mBuilding CXX object CMakeFiles/simple_progress_checker.dir/plugins/simple_progress_checker.cpp.o[0m
[11.303s] [ 25%] [32mBuilding CXX object gtest/CMakeFiles/gtest_main.dir/src/gtest_main.cc.o[0m
[14.626s] [ 30%] [32m[1mLinking CXX static library libgtest_main.a[0m
[14.830s] [ 30%] Built target gtest_main
[25.212s] [ 35%] [32m[1mLinking CXX shared library libsimple_progress_checker.so[0m
[26.103s] [ 35%] Built target simple_progress_checker
[30.938s] [ 40%] [32m[1mLinking CXX shared library libsimple_goal_checker.so[0m
[31.747s] [ 40%] Built target simple_goal_checker
[31.874s] [ 45%] [32mBuilding CXX object CMakeFiles/stopped_goal_checker.dir/plugins/stopped_goal_checker.cpp.o[0m
[38.270s] [ 50%] [32m[1mLinking CXX static library libgtest.a[0m
[38.497s] [ 50%] Built target gtest
[38.643s] [ 55%] [32mBuilding CXX object plugins/test/CMakeFiles/pctest.dir/progress_checker.cpp.o[0m
[51.098s] [ 60%] [32m[1mLinking CXX shared library libstopped_goal_checker.so[0m
[51.907s] [ 60%] Built target stopped_goal_checker
[52.021s] [ 65%] [32mBuilding CXX object plugins/test/CMakeFiles/gctest.dir/goal_checker.cpp.o[0m
[53.572s] [ 70%] [32m[1mLinking CXX executable pctest[0m
[54.605s] [ 70%] Built target pctest
[76.058s] [ 75%] [32m[1mLinking CXX executable gctest[0m
[77.153s] [ 75%] Built target gctest
[104.935s] [ 80%] [32m[1mLinking CXX shared library libcontroller_server_core.so[0m
[106.481s] [ 80%] Built target controller_server_core
[106.602s] [ 85%] [32mBuilding CXX object CMakeFiles/controller_server.dir/src/main.cpp.o[0m
[106.607s] [ 90%] [32mBuilding CXX object test/CMakeFiles/test_dynamic_parameters.dir/test_dynamic_parameters.cpp.o[0m
[130.695s] [ 95%] [32m[1mLinking CXX executable controller_server[0m
[132.065s] [ 95%] Built target controller_server
[136.257s] [100%] [32m[1mLinking CXX executable test_dynamic_parameters[0m
[137.912s] [100%] Built target test_dynamic_parameters
[137.989s] Invoked command in '/home/misaka/fishbot/build/nav2_controller' returned '0': AMENT_PREFIX_PATH=/home/misaka/fishbot/install/nav2_core:/home/misaka/fishbot/install/nav2_costmap_2d:/home/misaka/fishbot/install/nav_2d_utils:/home/misaka/fishbot/install/nav2_map_server:/home/misaka/fishbot/install/nav2_lifecycle_manager:/home/misaka/fishbot/install/nav2_util:/home/misaka/fishbot/install/nav2_voxel_grid:/home/misaka/fishbot/install/nav2_msgs:/home/misaka/fishbot/install/nav_2d_msgs:/home/misaka/fishbot/install/nav2_common:${AMENT_PREFIX_PATH} CMAKE_PREFIX_PATH=/home/misaka/fishbot/install/nav2_core:/home/misaka/fishbot/install/nav2_costmap_2d:/home/misaka/fishbot/install/nav_2d_utils:/home/misaka/fishbot/install/nav2_map_server:/home/misaka/fishbot/install/nav2_lifecycle_manager:/home/misaka/fishbot/install/nav2_util:/home/misaka/fishbot/install/nav2_voxel_grid:/home/misaka/fishbot/install/nav2_msgs:/home/misaka/fishbot/install/nav_2d_msgs:/home/misaka/fishbot/install/nav2_common:/opt/ros/humble LD_LIBRARY_PATH=/home/misaka/fishbot/install/nav2_costmap_2d/lib:/home/misaka/fishbot/install/nav_2d_utils/lib:/home/misaka/fishbot/install/nav2_map_server/lib:/home/misaka/fishbot/install/nav2_lifecycle_manager/lib:/home/misaka/fishbot/install/nav2_util/lib:/home/misaka/fishbot/install/nav2_voxel_grid/lib:/home/misaka/fishbot/install/nav2_msgs/lib:/home/misaka/fishbot/install/nav_2d_msgs/lib:${LD_LIBRARY_PATH} PYTHONPATH=/home/misaka/fishbot/install/nav2_msgs/local/lib/python3.10/dist-packages:/home/misaka/fishbot/install/nav_2d_msgs/local/lib/python3.10/dist-packages:/home/misaka/fishbot/install/nav2_common/local/lib/python3.10/dist-packages:${PYTHONPATH} /usr/bin/cmake --build /home/misaka/fishbot/build/nav2_controller -- -j16 -l16
[138.410s] Invoking command in '/home/misaka/fishbot/build/nav2_controller': AMENT_PREFIX_PATH=/home/misaka/fishbot/install/nav2_core:/home/misaka/fishbot/install/nav2_costmap_2d:/home/misaka/fishbot/install/nav_2d_utils:/home/misaka/fishbot/install/nav2_map_server:/home/misaka/fishbot/install/nav2_lifecycle_manager:/home/misaka/fishbot/install/nav2_util:/home/misaka/fishbot/install/nav2_voxel_grid:/home/misaka/fishbot/install/nav2_msgs:/home/misaka/fishbot/install/nav_2d_msgs:/home/misaka/fishbot/install/nav2_common:${AMENT_PREFIX_PATH} CMAKE_PREFIX_PATH=/home/misaka/fishbot/install/nav2_core:/home/misaka/fishbot/install/nav2_costmap_2d:/home/misaka/fishbot/install/nav_2d_utils:/home/misaka/fishbot/install/nav2_map_server:/home/misaka/fishbot/install/nav2_lifecycle_manager:/home/misaka/fishbot/install/nav2_util:/home/misaka/fishbot/install/nav2_voxel_grid:/home/misaka/fishbot/install/nav2_msgs:/home/misaka/fishbot/install/nav_2d_msgs:/home/misaka/fishbot/install/nav2_common:/opt/ros/humble LD_LIBRARY_PATH=/home/misaka/fishbot/install/nav2_costmap_2d/lib:/home/misaka/fishbot/install/nav_2d_utils/lib:/home/misaka/fishbot/install/nav2_map_server/lib:/home/misaka/fishbot/install/nav2_lifecycle_manager/lib:/home/misaka/fishbot/install/nav2_util/lib:/home/misaka/fishbot/install/nav2_voxel_grid/lib:/home/misaka/fishbot/install/nav2_msgs/lib:/home/misaka/fishbot/install/nav_2d_msgs/lib:${LD_LIBRARY_PATH} PYTHONPATH=/home/misaka/fishbot/install/nav2_msgs/local/lib/python3.10/dist-packages:/home/misaka/fishbot/install/nav_2d_msgs/local/lib/python3.10/dist-packages:/home/misaka/fishbot/install/nav2_common/local/lib/python3.10/dist-packages:${PYTHONPATH} /usr/bin/cmake --install /home/misaka/fishbot/build/nav2_controller
[138.450s] -- Install configuration: "Release"
[138.451s] -- Installing: /home/misaka/fishbot/install/nav2_controller/lib/libsimple_progress_checker.so
[138.452s] -- Set runtime path of "/home/misaka/fishbot/install/nav2_controller/lib/libsimple_progress_checker.so" to ""
[138.453s] -- Installing: /home/misaka/fishbot/install/nav2_controller/lib/libsimple_goal_checker.so
[138.455s] -- Set runtime path of "/home/misaka/fishbot/install/nav2_controller/lib/libsimple_goal_checker.so" to ""
[138.456s] -- Installing: /home/misaka/fishbot/install/nav2_controller/lib/libstopped_goal_checker.so
[138.459s] -- Set runtime path of "/home/misaka/fishbot/install/nav2_controller/lib/libstopped_goal_checker.so" to ""
[138.459s] -- Installing: /home/misaka/fishbot/install/nav2_controller/lib/libcontroller_server_core.so
[138.469s] -- Set runtime path of "/home/misaka/fishbot/install/nav2_controller/lib/libcontroller_server_core.so" to ""
[138.470s] -- Installing: /home/misaka/fishbot/install/nav2_controller/lib/nav2_controller/controller_server
[138.472s] -- Set runtime path of "/home/misaka/fishbot/install/nav2_controller/lib/nav2_controller/controller_server" to ""
[138.473s] -- Installing: /home/misaka/fishbot/install/nav2_controller/include/
[138.473s] -- Installing: /home/misaka/fishbot/install/nav2_controller/include//nav2_controller
[138.475s] -- Installing: /home/misaka/fishbot/install/nav2_controller/include//nav2_controller/controller_server.hpp
[138.475s] -- Installing: /home/misaka/fishbot/install/nav2_controller/include//nav2_controller/plugins
[138.475s] -- Installing: /home/misaka/fishbot/install/nav2_controller/include//nav2_controller/plugins/simple_progress_checker.hpp
[138.475s] -- Installing: /home/misaka/fishbot/install/nav2_controller/include//nav2_controller/plugins/simple_goal_checker.hpp
[138.476s] -- Installing: /home/misaka/fishbot/install/nav2_controller/include//nav2_controller/plugins/stopped_goal_checker.hpp
[138.477s] -- Installing: /home/misaka/fishbot/install/nav2_controller/share/nav2_controller/environment/library_path.sh
[138.477s] -- Installing: /home/misaka/fishbot/install/nav2_controller/share/nav2_controller/environment/library_path.dsv
[138.478s] -- Installing: /home/misaka/fishbot/install/nav2_controller/share/nav2_controller/plugins.xml
[138.480s] -- Installing: /home/misaka/fishbot/install/nav2_controller/share/ament_index/resource_index/package_run_dependencies/nav2_controller
[138.482s] -- Installing: /home/misaka/fishbot/install/nav2_controller/share/ament_index/resource_index/parent_prefix_path/nav2_controller
[138.482s] -- Installing: /home/misaka/fishbot/install/nav2_controller/share/nav2_controller/environment/ament_prefix_path.sh
[138.483s] -- Installing: /home/misaka/fishbot/install/nav2_controller/share/nav2_controller/environment/ament_prefix_path.dsv
[138.483s] -- Installing: /home/misaka/fishbot/install/nav2_controller/share/nav2_controller/environment/path.sh
[138.484s] -- Installing: /home/misaka/fishbot/install/nav2_controller/share/nav2_controller/environment/path.dsv
[138.485s] -- Installing: /home/misaka/fishbot/install/nav2_controller/share/nav2_controller/local_setup.bash
[138.485s] -- Installing: /home/misaka/fishbot/install/nav2_controller/share/nav2_controller/local_setup.sh
[138.486s] -- Installing: /home/misaka/fishbot/install/nav2_controller/share/nav2_controller/local_setup.zsh
[138.487s] -- Installing: /home/misaka/fishbot/install/nav2_controller/share/nav2_controller/local_setup.dsv
[138.488s] -- Installing: /home/misaka/fishbot/install/nav2_controller/share/nav2_controller/package.dsv
[138.488s] -- Installing: /home/misaka/fishbot/install/nav2_controller/share/ament_index/resource_index/packages/nav2_controller
[138.489s] -- Installing: /home/misaka/fishbot/install/nav2_controller/share/ament_index/resource_index/nav2_core__pluginlib__plugin/nav2_controller
[138.490s] -- Installing: /home/misaka/fishbot/install/nav2_controller/share/ament_index/resource_index/rclcpp_components/nav2_controller
[138.490s] -- Installing: /home/misaka/fishbot/install/nav2_controller/share/nav2_controller/cmake/ament_cmake_export_include_directories-extras.cmake
[138.491s] -- Installing: /home/misaka/fishbot/install/nav2_controller/share/nav2_controller/cmake/ament_cmake_export_libraries-extras.cmake
[138.492s] -- Installing: /home/misaka/fishbot/install/nav2_controller/share/nav2_controller/cmake/ament_cmake_export_dependencies-extras.cmake
[138.493s] -- Installing: /home/misaka/fishbot/install/nav2_controller/share/nav2_controller/cmake/nav2_controllerConfig.cmake
[138.494s] -- Installing: /home/misaka/fishbot/install/nav2_controller/share/nav2_controller/cmake/nav2_controllerConfig-version.cmake
[138.494s] -- Installing: /home/misaka/fishbot/install/nav2_controller/share/nav2_controller/package.xml
[138.507s] Invoked command in '/home/misaka/fishbot/build/nav2_controller' returned '0': AMENT_PREFIX_PATH=/home/misaka/fishbot/install/nav2_core:/home/misaka/fishbot/install/nav2_costmap_2d:/home/misaka/fishbot/install/nav_2d_utils:/home/misaka/fishbot/install/nav2_map_server:/home/misaka/fishbot/install/nav2_lifecycle_manager:/home/misaka/fishbot/install/nav2_util:/home/misaka/fishbot/install/nav2_voxel_grid:/home/misaka/fishbot/install/nav2_msgs:/home/misaka/fishbot/install/nav_2d_msgs:/home/misaka/fishbot/install/nav2_common:${AMENT_PREFIX_PATH} CMAKE_PREFIX_PATH=/home/misaka/fishbot/install/nav2_core:/home/misaka/fishbot/install/nav2_costmap_2d:/home/misaka/fishbot/install/nav_2d_utils:/home/misaka/fishbot/install/nav2_map_server:/home/misaka/fishbot/install/nav2_lifecycle_manager:/home/misaka/fishbot/install/nav2_util:/home/misaka/fishbot/install/nav2_voxel_grid:/home/misaka/fishbot/install/nav2_msgs:/home/misaka/fishbot/install/nav_2d_msgs:/home/misaka/fishbot/install/nav2_common:/opt/ros/humble LD_LIBRARY_PATH=/home/misaka/fishbot/install/nav2_costmap_2d/lib:/home/misaka/fishbot/install/nav_2d_utils/lib:/home/misaka/fishbot/install/nav2_map_server/lib:/home/misaka/fishbot/install/nav2_lifecycle_manager/lib:/home/misaka/fishbot/install/nav2_util/lib:/home/misaka/fishbot/install/nav2_voxel_grid/lib:/home/misaka/fishbot/install/nav2_msgs/lib:/home/misaka/fishbot/install/nav_2d_msgs/lib:${LD_LIBRARY_PATH} PYTHONPATH=/home/misaka/fishbot/install/nav2_msgs/local/lib/python3.10/dist-packages:/home/misaka/fishbot/install/nav_2d_msgs/local/lib/python3.10/dist-packages:/home/misaka/fishbot/install/nav2_common/local/lib/python3.10/dist-packages:${PYTHONPATH} /usr/bin/cmake --install /home/misaka/fishbot/build/nav2_controller
