[0.072s] Invoking command in '/home/misaka/fishbot/build/dwb_msgs': AMENT_PREFIX_PATH=/home/misaka/fishbot/install/nav_2d_msgs:${AMENT_PREFIX_PATH} CMAKE_PREFIX_PATH=/home/misaka/fishbot/install/nav_2d_msgs:/opt/ros/humble LD_LIBRARY_PATH=/home/misaka/fishbot/install/nav_2d_msgs/lib:${LD_LIBRARY_PATH} PYTHONPATH=/home/misaka/fishbot/install/nav_2d_msgs/local/lib/python3.10/dist-packages:${PYTHONPATH} /usr/bin/cmake --build /home/misaka/fishbot/build/dwb_msgs -- -j16 -l16
[0.347s] [  1%] Built target dwb_msgs__cpp
[0.368s] [ 12%] Built target dwb_msgs__rosidl_generator_c
[0.419s] [ 12%] Built target ament_cmake_python_copy_dwb_msgs
[0.474s] [ 24%] Built target dwb_msgs__rosidl_typesupport_cpp
[0.481s] [ 35%] Built target dwb_msgs__rosidl_typesupport_introspection_cpp
[0.489s] [ 47%] Built target dwb_msgs__rosidl_typesupport_fastrtps_cpp
[0.496s] [ 58%] Built target dwb_msgs__rosidl_typesupport_c
[0.502s] [ 70%] Built target dwb_msgs__rosidl_typesupport_introspection_c
[0.507s] [ 82%] Built target dwb_msgs__rosidl_typesupport_fastrtps_c
[0.634s] [ 82%] Built target dwb_msgs
[0.781s] [ 83%] Built target dwb_msgs__py
[0.935s] [ 93%] Built target dwb_msgs__rosidl_generator_py
[1.037s] [ 95%] Built target dwb_msgs__rosidl_typesupport_fastrtps_c__pyext
[1.038s] [ 97%] Built target dwb_msgs__rosidl_typesupport_c__pyext
[1.041s] [100%] Built target dwb_msgs__rosidl_typesupport_introspection_c__pyext
[1.616s] running egg_info
[1.619s] writing dwb_msgs.egg-info/PKG-INFO
[1.620s] writing dependency_links to dwb_msgs.egg-info/dependency_links.txt
[1.622s] writing top-level names to dwb_msgs.egg-info/top_level.txt
[1.634s] reading manifest file 'dwb_msgs.egg-info/SOURCES.txt'
[1.649s] writing manifest file 'dwb_msgs.egg-info/SOURCES.txt'
[1.758s] [100%] Built target ament_cmake_python_build_dwb_msgs_egg
[1.812s] Invoked command in '/home/misaka/fishbot/build/dwb_msgs' returned '0': AMENT_PREFIX_PATH=/home/misaka/fishbot/install/nav_2d_msgs:${AMENT_PREFIX_PATH} CMAKE_PREFIX_PATH=/home/misaka/fishbot/install/nav_2d_msgs:/opt/ros/humble LD_LIBRARY_PATH=/home/misaka/fishbot/install/nav_2d_msgs/lib:${LD_LIBRARY_PATH} PYTHONPATH=/home/misaka/fishbot/install/nav_2d_msgs/local/lib/python3.10/dist-packages:${PYTHONPATH} /usr/bin/cmake --build /home/misaka/fishbot/build/dwb_msgs -- -j16 -l16
[3.601s] Invoking command in '/home/misaka/fishbot/build/dwb_msgs': AMENT_PREFIX_PATH=/home/misaka/fishbot/install/nav_2d_msgs:${AMENT_PREFIX_PATH} CMAKE_PREFIX_PATH=/home/misaka/fishbot/install/nav_2d_msgs:/opt/ros/humble LD_LIBRARY_PATH=/home/misaka/fishbot/install/nav_2d_msgs/lib:${LD_LIBRARY_PATH} PYTHONPATH=/home/misaka/fishbot/install/nav_2d_msgs/local/lib/python3.10/dist-packages:${PYTHONPATH} /usr/bin/cmake --install /home/misaka/fishbot/build/dwb_msgs
[3.647s] -- Install configuration: ""
[3.649s] -- Up-to-date: /home/misaka/fishbot/install/dwb_msgs/share/ament_index/resource_index/rosidl_interfaces/dwb_msgs
[3.649s] -- Up-to-date: /home/misaka/fishbot/install/dwb_msgs/include/dwb_msgs/dwb_msgs
[3.649s] -- Up-to-date: /home/misaka/fishbot/install/dwb_msgs/include/dwb_msgs/dwb_msgs/srv
[3.650s] -- Up-to-date: /home/misaka/fishbot/install/dwb_msgs/include/dwb_msgs/dwb_msgs/srv/generate_trajectory.h
[3.651s] -- Up-to-date: /home/misaka/fishbot/install/dwb_msgs/include/dwb_msgs/dwb_msgs/srv/get_critic_score.h
[3.651s] -- Up-to-date: /home/misaka/fishbot/install/dwb_msgs/include/dwb_msgs/dwb_msgs/srv/detail
[3.651s] -- Up-to-date: /home/misaka/fishbot/install/dwb_msgs/include/dwb_msgs/dwb_msgs/srv/detail/score_trajectory__struct.h
[3.652s] -- Up-to-date: /home/misaka/fishbot/install/dwb_msgs/include/dwb_msgs/dwb_msgs/srv/detail/debug_local_plan__struct.h
[3.654s] -- Up-to-date: /home/misaka/fishbot/install/dwb_msgs/include/dwb_msgs/dwb_msgs/srv/detail/get_critic_score__struct.h
[3.654s] -- Up-to-date: /home/misaka/fishbot/install/dwb_msgs/include/dwb_msgs/dwb_msgs/srv/detail/generate_trajectory__functions.h
[3.655s] -- Up-to-date: /home/misaka/fishbot/install/dwb_msgs/include/dwb_msgs/dwb_msgs/srv/detail/debug_local_plan__functions.h
[3.655s] -- Up-to-date: /home/misaka/fishbot/install/dwb_msgs/include/dwb_msgs/dwb_msgs/srv/detail/get_critic_score__functions.h
[3.655s] -- Up-to-date: /home/misaka/fishbot/install/dwb_msgs/include/dwb_msgs/dwb_msgs/srv/detail/generate_trajectory__type_support.h
[3.655s] -- Up-to-date: /home/misaka/fishbot/install/dwb_msgs/include/dwb_msgs/dwb_msgs/srv/detail/score_trajectory__functions.c
[3.656s] -- Up-to-date: /home/misaka/fishbot/install/dwb_msgs/include/dwb_msgs/dwb_msgs/srv/detail/generate_twists__functions.c
[3.656s] -- Up-to-date: /home/misaka/fishbot/install/dwb_msgs/include/dwb_msgs/dwb_msgs/srv/detail/debug_local_plan__type_support.h
[3.656s] -- Up-to-date: /home/misaka/fishbot/install/dwb_msgs/include/dwb_msgs/dwb_msgs/srv/detail/generate_twists__functions.h
[3.656s] -- Up-to-date: /home/misaka/fishbot/install/dwb_msgs/include/dwb_msgs/dwb_msgs/srv/detail/score_trajectory__type_support.h
[3.657s] -- Up-to-date: /home/misaka/fishbot/install/dwb_msgs/include/dwb_msgs/dwb_msgs/srv/detail/generate_trajectory__functions.c
[3.658s] -- Up-to-date: /home/misaka/fishbot/install/dwb_msgs/include/dwb_msgs/dwb_msgs/srv/detail/generate_twists__type_support.h
[3.658s] -- Up-to-date: /home/misaka/fishbot/install/dwb_msgs/include/dwb_msgs/dwb_msgs/srv/detail/score_trajectory__functions.h
[3.658s] -- Up-to-date: /home/misaka/fishbot/install/dwb_msgs/include/dwb_msgs/dwb_msgs/srv/detail/get_critic_score__type_support.h
[3.658s] -- Up-to-date: /home/misaka/fishbot/install/dwb_msgs/include/dwb_msgs/dwb_msgs/srv/detail/generate_twists__struct.h
[3.658s] -- Up-to-date: /home/misaka/fishbot/install/dwb_msgs/include/dwb_msgs/dwb_msgs/srv/detail/get_critic_score__functions.c
[3.658s] -- Up-to-date: /home/misaka/fishbot/install/dwb_msgs/include/dwb_msgs/dwb_msgs/srv/detail/debug_local_plan__functions.c
[3.659s] -- Up-to-date: /home/misaka/fishbot/install/dwb_msgs/include/dwb_msgs/dwb_msgs/srv/detail/generate_trajectory__struct.h
[3.659s] -- Up-to-date: /home/misaka/fishbot/install/dwb_msgs/include/dwb_msgs/dwb_msgs/srv/generate_twists.h
[3.659s] -- Up-to-date: /home/misaka/fishbot/install/dwb_msgs/include/dwb_msgs/dwb_msgs/srv/debug_local_plan.h
[3.659s] -- Up-to-date: /home/misaka/fishbot/install/dwb_msgs/include/dwb_msgs/dwb_msgs/srv/score_trajectory.h
[3.659s] -- Up-to-date: /home/misaka/fishbot/install/dwb_msgs/include/dwb_msgs/dwb_msgs/msg
[3.659s] -- Up-to-date: /home/misaka/fishbot/install/dwb_msgs/include/dwb_msgs/dwb_msgs/msg/rosidl_generator_c__visibility_control.h
[3.660s] -- Up-to-date: /home/misaka/fishbot/install/dwb_msgs/include/dwb_msgs/dwb_msgs/msg/critic_score.h
[3.660s] -- Up-to-date: /home/misaka/fishbot/install/dwb_msgs/include/dwb_msgs/dwb_msgs/msg/trajectory_score.h
[3.660s] -- Up-to-date: /home/misaka/fishbot/install/dwb_msgs/include/dwb_msgs/dwb_msgs/msg/trajectory2_d.h
[3.660s] -- Up-to-date: /home/misaka/fishbot/install/dwb_msgs/include/dwb_msgs/dwb_msgs/msg/detail
[3.660s] -- Up-to-date: /home/misaka/fishbot/install/dwb_msgs/include/dwb_msgs/dwb_msgs/msg/detail/trajectory_score__functions.c
[3.661s] -- Up-to-date: /home/misaka/fishbot/install/dwb_msgs/include/dwb_msgs/dwb_msgs/msg/detail/local_plan_evaluation__functions.c
[3.661s] -- Up-to-date: /home/misaka/fishbot/install/dwb_msgs/include/dwb_msgs/dwb_msgs/msg/detail/critic_score__functions.c
[3.662s] -- Up-to-date: /home/misaka/fishbot/install/dwb_msgs/include/dwb_msgs/dwb_msgs/msg/detail/trajectory_score__struct.h
[3.662s] -- Up-to-date: /home/misaka/fishbot/install/dwb_msgs/include/dwb_msgs/dwb_msgs/msg/detail/trajectory_score__functions.h
[3.663s] -- Up-to-date: /home/misaka/fishbot/install/dwb_msgs/include/dwb_msgs/dwb_msgs/msg/detail/local_plan_evaluation__type_support.h
[3.663s] -- Up-to-date: /home/misaka/fishbot/install/dwb_msgs/include/dwb_msgs/dwb_msgs/msg/detail/trajectory2_d__type_support.h
[3.664s] -- Up-to-date: /home/misaka/fishbot/install/dwb_msgs/include/dwb_msgs/dwb_msgs/msg/detail/local_plan_evaluation__functions.h
[3.664s] -- Up-to-date: /home/misaka/fishbot/install/dwb_msgs/include/dwb_msgs/dwb_msgs/msg/detail/trajectory2_d__functions.c
[3.665s] -- Up-to-date: /home/misaka/fishbot/install/dwb_msgs/include/dwb_msgs/dwb_msgs/msg/detail/critic_score__struct.h
[3.665s] -- Up-to-date: /home/misaka/fishbot/install/dwb_msgs/include/dwb_msgs/dwb_msgs/msg/detail/trajectory2_d__struct.h
[3.665s] -- Up-to-date: /home/misaka/fishbot/install/dwb_msgs/include/dwb_msgs/dwb_msgs/msg/detail/trajectory_score__type_support.h
[3.665s] -- Up-to-date: /home/misaka/fishbot/install/dwb_msgs/include/dwb_msgs/dwb_msgs/msg/detail/critic_score__type_support.h
[3.665s] -- Up-to-date: /home/misaka/fishbot/install/dwb_msgs/include/dwb_msgs/dwb_msgs/msg/detail/local_plan_evaluation__struct.h
[3.665s] -- Up-to-date: /home/misaka/fishbot/install/dwb_msgs/include/dwb_msgs/dwb_msgs/msg/detail/trajectory2_d__functions.h
[3.666s] -- Up-to-date: /home/misaka/fishbot/install/dwb_msgs/include/dwb_msgs/dwb_msgs/msg/detail/critic_score__functions.h
[3.666s] -- Up-to-date: /home/misaka/fishbot/install/dwb_msgs/include/dwb_msgs/dwb_msgs/msg/local_plan_evaluation.h
[3.666s] -- Up-to-date: /home/misaka/fishbot/install/dwb_msgs/share/dwb_msgs/environment/library_path.sh
[3.666s] -- Up-to-date: /home/misaka/fishbot/install/dwb_msgs/share/dwb_msgs/environment/library_path.dsv
[3.667s] -- Up-to-date: /home/misaka/fishbot/install/dwb_msgs/lib/libdwb_msgs__rosidl_generator_c.so
[3.667s] -- Up-to-date: /home/misaka/fishbot/install/dwb_msgs/include/dwb_msgs/dwb_msgs
[3.667s] -- Up-to-date: /home/misaka/fishbot/install/dwb_msgs/include/dwb_msgs/dwb_msgs/srv
[3.667s] -- Up-to-date: /home/misaka/fishbot/install/dwb_msgs/include/dwb_msgs/dwb_msgs/srv/detail
[3.667s] -- Up-to-date: /home/misaka/fishbot/install/dwb_msgs/include/dwb_msgs/dwb_msgs/srv/detail/get_critic_score__rosidl_typesupport_fastrtps_c.h
[3.667s] -- Up-to-date: /home/misaka/fishbot/install/dwb_msgs/include/dwb_msgs/dwb_msgs/srv/detail/generate_trajectory__rosidl_typesupport_fastrtps_c.h
[3.668s] -- Up-to-date: /home/misaka/fishbot/install/dwb_msgs/include/dwb_msgs/dwb_msgs/srv/detail/score_trajectory__rosidl_typesupport_fastrtps_c.h
[3.668s] -- Up-to-date: /home/misaka/fishbot/install/dwb_msgs/include/dwb_msgs/dwb_msgs/srv/detail/debug_local_plan__rosidl_typesupport_fastrtps_c.h
[3.668s] -- Up-to-date: /home/misaka/fishbot/install/dwb_msgs/include/dwb_msgs/dwb_msgs/srv/detail/generate_twists__rosidl_typesupport_fastrtps_c.h
[3.668s] -- Up-to-date: /home/misaka/fishbot/install/dwb_msgs/include/dwb_msgs/dwb_msgs/msg
[3.669s] -- Up-to-date: /home/misaka/fishbot/install/dwb_msgs/include/dwb_msgs/dwb_msgs/msg/rosidl_typesupport_fastrtps_c__visibility_control.h
[3.669s] -- Up-to-date: /home/misaka/fishbot/install/dwb_msgs/include/dwb_msgs/dwb_msgs/msg/detail
[3.670s] -- Up-to-date: /home/misaka/fishbot/install/dwb_msgs/include/dwb_msgs/dwb_msgs/msg/detail/critic_score__rosidl_typesupport_fastrtps_c.h
[3.670s] -- Up-to-date: /home/misaka/fishbot/install/dwb_msgs/include/dwb_msgs/dwb_msgs/msg/detail/trajectory2_d__rosidl_typesupport_fastrtps_c.h
[3.670s] -- Up-to-date: /home/misaka/fishbot/install/dwb_msgs/include/dwb_msgs/dwb_msgs/msg/detail/local_plan_evaluation__rosidl_typesupport_fastrtps_c.h
[3.670s] -- Up-to-date: /home/misaka/fishbot/install/dwb_msgs/include/dwb_msgs/dwb_msgs/msg/detail/trajectory_score__rosidl_typesupport_fastrtps_c.h
[3.671s] -- Up-to-date: /home/misaka/fishbot/install/dwb_msgs/lib/libdwb_msgs__rosidl_typesupport_fastrtps_c.so
[3.671s] -- Up-to-date: /home/misaka/fishbot/install/dwb_msgs/include/dwb_msgs/dwb_msgs
[3.671s] -- Up-to-date: /home/misaka/fishbot/install/dwb_msgs/include/dwb_msgs/dwb_msgs/srv
[3.672s] -- Up-to-date: /home/misaka/fishbot/install/dwb_msgs/include/dwb_msgs/dwb_msgs/srv/debug_local_plan.hpp
[3.672s] -- Up-to-date: /home/misaka/fishbot/install/dwb_msgs/include/dwb_msgs/dwb_msgs/srv/detail
[3.672s] -- Up-to-date: /home/misaka/fishbot/install/dwb_msgs/include/dwb_msgs/dwb_msgs/srv/detail/generate_trajectory__builder.hpp
[3.674s] -- Up-to-date: /home/misaka/fishbot/install/dwb_msgs/include/dwb_msgs/dwb_msgs/srv/detail/score_trajectory__builder.hpp
[3.675s] -- Up-to-date: /home/misaka/fishbot/install/dwb_msgs/include/dwb_msgs/dwb_msgs/srv/detail/score_trajectory__traits.hpp
[3.675s] -- Up-to-date: /home/misaka/fishbot/install/dwb_msgs/include/dwb_msgs/dwb_msgs/srv/detail/score_trajectory__struct.hpp
[3.675s] -- Up-to-date: /home/misaka/fishbot/install/dwb_msgs/include/dwb_msgs/dwb_msgs/srv/detail/get_critic_score__builder.hpp
[3.675s] -- Up-to-date: /home/misaka/fishbot/install/dwb_msgs/include/dwb_msgs/dwb_msgs/srv/detail/debug_local_plan__struct.hpp
[3.675s] -- Up-to-date: /home/misaka/fishbot/install/dwb_msgs/include/dwb_msgs/dwb_msgs/srv/detail/get_critic_score__struct.hpp
[3.676s] -- Up-to-date: /home/misaka/fishbot/install/dwb_msgs/include/dwb_msgs/dwb_msgs/srv/detail/debug_local_plan__traits.hpp
[3.676s] -- Up-to-date: /home/misaka/fishbot/install/dwb_msgs/include/dwb_msgs/dwb_msgs/srv/detail/generate_twists__struct.hpp
[3.676s] -- Up-to-date: /home/misaka/fishbot/install/dwb_msgs/include/dwb_msgs/dwb_msgs/srv/detail/generate_trajectory__traits.hpp
[3.676s] -- Up-to-date: /home/misaka/fishbot/install/dwb_msgs/include/dwb_msgs/dwb_msgs/srv/detail/generate_twists__builder.hpp
[3.677s] -- Up-to-date: /home/misaka/fishbot/install/dwb_msgs/include/dwb_msgs/dwb_msgs/srv/detail/generate_trajectory__struct.hpp
[3.677s] -- Up-to-date: /home/misaka/fishbot/install/dwb_msgs/include/dwb_msgs/dwb_msgs/srv/detail/generate_twists__traits.hpp
[3.677s] -- Up-to-date: /home/misaka/fishbot/install/dwb_msgs/include/dwb_msgs/dwb_msgs/srv/detail/debug_local_plan__builder.hpp
[3.677s] -- Up-to-date: /home/misaka/fishbot/install/dwb_msgs/include/dwb_msgs/dwb_msgs/srv/detail/get_critic_score__traits.hpp
[3.678s] -- Up-to-date: /home/misaka/fishbot/install/dwb_msgs/include/dwb_msgs/dwb_msgs/srv/score_trajectory.hpp
[3.678s] -- Up-to-date: /home/misaka/fishbot/install/dwb_msgs/include/dwb_msgs/dwb_msgs/srv/generate_trajectory.hpp
[3.679s] -- Up-to-date: /home/misaka/fishbot/install/dwb_msgs/include/dwb_msgs/dwb_msgs/srv/get_critic_score.hpp
[3.679s] -- Up-to-date: /home/misaka/fishbot/install/dwb_msgs/include/dwb_msgs/dwb_msgs/srv/generate_twists.hpp
[3.679s] -- Up-to-date: /home/misaka/fishbot/install/dwb_msgs/include/dwb_msgs/dwb_msgs/msg
[3.679s] -- Up-to-date: /home/misaka/fishbot/install/dwb_msgs/include/dwb_msgs/dwb_msgs/msg/trajectory2_d.hpp
[3.679s] -- Up-to-date: /home/misaka/fishbot/install/dwb_msgs/include/dwb_msgs/dwb_msgs/msg/trajectory_score.hpp
[3.679s] -- Up-to-date: /home/misaka/fishbot/install/dwb_msgs/include/dwb_msgs/dwb_msgs/msg/critic_score.hpp
[3.680s] -- Up-to-date: /home/misaka/fishbot/install/dwb_msgs/include/dwb_msgs/dwb_msgs/msg/detail
[3.680s] -- Up-to-date: /home/misaka/fishbot/install/dwb_msgs/include/dwb_msgs/dwb_msgs/msg/detail/trajectory2_d__builder.hpp
[3.680s] -- Up-to-date: /home/misaka/fishbot/install/dwb_msgs/include/dwb_msgs/dwb_msgs/msg/detail/trajectory2_d__struct.hpp
[3.680s] -- Up-to-date: /home/misaka/fishbot/install/dwb_msgs/include/dwb_msgs/dwb_msgs/msg/detail/critic_score__builder.hpp
[3.680s] -- Up-to-date: /home/misaka/fishbot/install/dwb_msgs/include/dwb_msgs/dwb_msgs/msg/detail/critic_score__traits.hpp
[3.681s] -- Up-to-date: /home/misaka/fishbot/install/dwb_msgs/include/dwb_msgs/dwb_msgs/msg/detail/trajectory_score__builder.hpp
[3.681s] -- Up-to-date: /home/misaka/fishbot/install/dwb_msgs/include/dwb_msgs/dwb_msgs/msg/detail/trajectory_score__traits.hpp
[3.681s] -- Up-to-date: /home/misaka/fishbot/install/dwb_msgs/include/dwb_msgs/dwb_msgs/msg/detail/local_plan_evaluation__builder.hpp
[3.681s] -- Up-to-date: /home/misaka/fishbot/install/dwb_msgs/include/dwb_msgs/dwb_msgs/msg/detail/trajectory_score__struct.hpp
[3.682s] -- Up-to-date: /home/misaka/fishbot/install/dwb_msgs/include/dwb_msgs/dwb_msgs/msg/detail/local_plan_evaluation__struct.hpp
[3.682s] -- Up-to-date: /home/misaka/fishbot/install/dwb_msgs/include/dwb_msgs/dwb_msgs/msg/detail/trajectory2_d__traits.hpp
[3.682s] -- Up-to-date: /home/misaka/fishbot/install/dwb_msgs/include/dwb_msgs/dwb_msgs/msg/detail/local_plan_evaluation__traits.hpp
[3.682s] -- Up-to-date: /home/misaka/fishbot/install/dwb_msgs/include/dwb_msgs/dwb_msgs/msg/detail/critic_score__struct.hpp
[3.682s] -- Up-to-date: /home/misaka/fishbot/install/dwb_msgs/include/dwb_msgs/dwb_msgs/msg/local_plan_evaluation.hpp
[3.682s] -- Up-to-date: /home/misaka/fishbot/install/dwb_msgs/include/dwb_msgs/dwb_msgs
[3.682s] -- Up-to-date: /home/misaka/fishbot/install/dwb_msgs/include/dwb_msgs/dwb_msgs/srv
[3.683s] -- Up-to-date: /home/misaka/fishbot/install/dwb_msgs/include/dwb_msgs/dwb_msgs/srv/detail
[3.683s] -- Up-to-date: /home/misaka/fishbot/install/dwb_msgs/include/dwb_msgs/dwb_msgs/srv/detail/debug_local_plan__rosidl_typesupport_fastrtps_cpp.hpp
[3.684s] -- Up-to-date: /home/misaka/fishbot/install/dwb_msgs/include/dwb_msgs/dwb_msgs/srv/detail/generate_trajectory__rosidl_typesupport_fastrtps_cpp.hpp
[3.684s] -- Up-to-date: /home/misaka/fishbot/install/dwb_msgs/include/dwb_msgs/dwb_msgs/srv/detail/dds_fastrtps
[3.684s] -- Up-to-date: /home/misaka/fishbot/install/dwb_msgs/include/dwb_msgs/dwb_msgs/srv/detail/score_trajectory__rosidl_typesupport_fastrtps_cpp.hpp
[3.684s] -- Up-to-date: /home/misaka/fishbot/install/dwb_msgs/include/dwb_msgs/dwb_msgs/srv/detail/get_critic_score__rosidl_typesupport_fastrtps_cpp.hpp
[3.684s] -- Up-to-date: /home/misaka/fishbot/install/dwb_msgs/include/dwb_msgs/dwb_msgs/srv/detail/generate_twists__rosidl_typesupport_fastrtps_cpp.hpp
[3.685s] -- Up-to-date: /home/misaka/fishbot/install/dwb_msgs/include/dwb_msgs/dwb_msgs/msg
[3.685s] -- Up-to-date: /home/misaka/fishbot/install/dwb_msgs/include/dwb_msgs/dwb_msgs/msg/detail
[3.685s] -- Up-to-date: /home/misaka/fishbot/install/dwb_msgs/include/dwb_msgs/dwb_msgs/msg/detail/dds_fastrtps
[3.685s] -- Up-to-date: /home/misaka/fishbot/install/dwb_msgs/include/dwb_msgs/dwb_msgs/msg/detail/trajectory_score__rosidl_typesupport_fastrtps_cpp.hpp
[3.685s] -- Up-to-date: /home/misaka/fishbot/install/dwb_msgs/include/dwb_msgs/dwb_msgs/msg/detail/local_plan_evaluation__rosidl_typesupport_fastrtps_cpp.hpp
[3.686s] -- Up-to-date: /home/misaka/fishbot/install/dwb_msgs/include/dwb_msgs/dwb_msgs/msg/detail/critic_score__rosidl_typesupport_fastrtps_cpp.hpp
[3.686s] -- Up-to-date: /home/misaka/fishbot/install/dwb_msgs/include/dwb_msgs/dwb_msgs/msg/detail/trajectory2_d__rosidl_typesupport_fastrtps_cpp.hpp
[3.686s] -- Up-to-date: /home/misaka/fishbot/install/dwb_msgs/include/dwb_msgs/dwb_msgs/msg/rosidl_typesupport_fastrtps_cpp__visibility_control.h
[3.686s] -- Up-to-date: /home/misaka/fishbot/install/dwb_msgs/lib/libdwb_msgs__rosidl_typesupport_fastrtps_cpp.so
[3.686s] -- Up-to-date: /home/misaka/fishbot/install/dwb_msgs/include/dwb_msgs/dwb_msgs
[3.686s] -- Up-to-date: /home/misaka/fishbot/install/dwb_msgs/include/dwb_msgs/dwb_msgs/srv
[3.687s] -- Up-to-date: /home/misaka/fishbot/install/dwb_msgs/include/dwb_msgs/dwb_msgs/srv/detail
[3.688s] -- Up-to-date: /home/misaka/fishbot/install/dwb_msgs/include/dwb_msgs/dwb_msgs/srv/detail/score_trajectory__type_support.c
[3.689s] -- Up-to-date: /home/misaka/fishbot/install/dwb_msgs/include/dwb_msgs/dwb_msgs/srv/detail/get_critic_score__rosidl_typesupport_introspection_c.h
[3.690s] -- Up-to-date: /home/misaka/fishbot/install/dwb_msgs/include/dwb_msgs/dwb_msgs/srv/detail/score_trajectory__rosidl_typesupport_introspection_c.h
[3.691s] -- Up-to-date: /home/misaka/fishbot/install/dwb_msgs/include/dwb_msgs/dwb_msgs/srv/detail/debug_local_plan__type_support.c
[3.691s] -- Up-to-date: /home/misaka/fishbot/install/dwb_msgs/include/dwb_msgs/dwb_msgs/srv/detail/get_critic_score__type_support.c
[3.691s] -- Up-to-date: /home/misaka/fishbot/install/dwb_msgs/include/dwb_msgs/dwb_msgs/srv/detail/debug_local_plan__rosidl_typesupport_introspection_c.h
[3.692s] -- Up-to-date: /home/misaka/fishbot/install/dwb_msgs/include/dwb_msgs/dwb_msgs/srv/detail/generate_trajectory__type_support.c
[3.692s] -- Up-to-date: /home/misaka/fishbot/install/dwb_msgs/include/dwb_msgs/dwb_msgs/srv/detail/generate_twists__rosidl_typesupport_introspection_c.h
[3.692s] -- Up-to-date: /home/misaka/fishbot/install/dwb_msgs/include/dwb_msgs/dwb_msgs/srv/detail/generate_trajectory__rosidl_typesupport_introspection_c.h
[3.692s] -- Up-to-date: /home/misaka/fishbot/install/dwb_msgs/include/dwb_msgs/dwb_msgs/srv/detail/generate_twists__type_support.c
[3.692s] -- Up-to-date: /home/misaka/fishbot/install/dwb_msgs/include/dwb_msgs/dwb_msgs/msg
[3.693s] -- Up-to-date: /home/misaka/fishbot/install/dwb_msgs/include/dwb_msgs/dwb_msgs/msg/detail
[3.693s] -- Up-to-date: /home/misaka/fishbot/install/dwb_msgs/include/dwb_msgs/dwb_msgs/msg/detail/trajectory2_d__type_support.c
[3.693s] -- Up-to-date: /home/misaka/fishbot/install/dwb_msgs/include/dwb_msgs/dwb_msgs/msg/detail/trajectory2_d__rosidl_typesupport_introspection_c.h
[3.693s] -- Up-to-date: /home/misaka/fishbot/install/dwb_msgs/include/dwb_msgs/dwb_msgs/msg/detail/trajectory_score__type_support.c
[3.693s] -- Up-to-date: /home/misaka/fishbot/install/dwb_msgs/include/dwb_msgs/dwb_msgs/msg/detail/critic_score__type_support.c
[3.694s] -- Up-to-date: /home/misaka/fishbot/install/dwb_msgs/include/dwb_msgs/dwb_msgs/msg/detail/critic_score__rosidl_typesupport_introspection_c.h
[3.694s] -- Up-to-date: /home/misaka/fishbot/install/dwb_msgs/include/dwb_msgs/dwb_msgs/msg/detail/local_plan_evaluation__rosidl_typesupport_introspection_c.h
[3.694s] -- Up-to-date: /home/misaka/fishbot/install/dwb_msgs/include/dwb_msgs/dwb_msgs/msg/detail/trajectory_score__rosidl_typesupport_introspection_c.h
[3.694s] -- Up-to-date: /home/misaka/fishbot/install/dwb_msgs/include/dwb_msgs/dwb_msgs/msg/detail/local_plan_evaluation__type_support.c
[3.694s] -- Up-to-date: /home/misaka/fishbot/install/dwb_msgs/include/dwb_msgs/dwb_msgs/msg/rosidl_typesupport_introspection_c__visibility_control.h
[3.695s] -- Up-to-date: /home/misaka/fishbot/install/dwb_msgs/lib/libdwb_msgs__rosidl_typesupport_introspection_c.so
[3.697s] -- Up-to-date: /home/misaka/fishbot/install/dwb_msgs/lib/libdwb_msgs__rosidl_typesupport_c.so
[3.698s] -- Up-to-date: /home/misaka/fishbot/install/dwb_msgs/include/dwb_msgs/dwb_msgs
[3.699s] -- Up-to-date: /home/misaka/fishbot/install/dwb_msgs/include/dwb_msgs/dwb_msgs/srv
[3.700s] -- Up-to-date: /home/misaka/fishbot/install/dwb_msgs/include/dwb_msgs/dwb_msgs/srv/detail
[3.700s] -- Up-to-date: /home/misaka/fishbot/install/dwb_msgs/include/dwb_msgs/dwb_msgs/srv/detail/get_critic_score__type_support.cpp
[3.701s] -- Up-to-date: /home/misaka/fishbot/install/dwb_msgs/include/dwb_msgs/dwb_msgs/srv/detail/generate_trajectory__type_support.cpp
[3.702s] -- Up-to-date: /home/misaka/fishbot/install/dwb_msgs/include/dwb_msgs/dwb_msgs/srv/detail/get_critic_score__rosidl_typesupport_introspection_cpp.hpp
[3.702s] -- Up-to-date: /home/misaka/fishbot/install/dwb_msgs/include/dwb_msgs/dwb_msgs/srv/detail/generate_twists__type_support.cpp
[3.702s] -- Up-to-date: /home/misaka/fishbot/install/dwb_msgs/include/dwb_msgs/dwb_msgs/srv/detail/debug_local_plan__rosidl_typesupport_introspection_cpp.hpp
[3.703s] -- Up-to-date: /home/misaka/fishbot/install/dwb_msgs/include/dwb_msgs/dwb_msgs/srv/detail/generate_trajectory__rosidl_typesupport_introspection_cpp.hpp
[3.703s] -- Up-to-date: /home/misaka/fishbot/install/dwb_msgs/include/dwb_msgs/dwb_msgs/srv/detail/debug_local_plan__type_support.cpp
[3.703s] -- Up-to-date: /home/misaka/fishbot/install/dwb_msgs/include/dwb_msgs/dwb_msgs/srv/detail/score_trajectory__type_support.cpp
[3.704s] -- Up-to-date: /home/misaka/fishbot/install/dwb_msgs/include/dwb_msgs/dwb_msgs/srv/detail/score_trajectory__rosidl_typesupport_introspection_cpp.hpp
[3.704s] -- Up-to-date: /home/misaka/fishbot/install/dwb_msgs/include/dwb_msgs/dwb_msgs/srv/detail/generate_twists__rosidl_typesupport_introspection_cpp.hpp
[3.704s] -- Up-to-date: /home/misaka/fishbot/install/dwb_msgs/include/dwb_msgs/dwb_msgs/msg
[3.705s] -- Up-to-date: /home/misaka/fishbot/install/dwb_msgs/include/dwb_msgs/dwb_msgs/msg/detail
[3.706s] -- Up-to-date: /home/misaka/fishbot/install/dwb_msgs/include/dwb_msgs/dwb_msgs/msg/detail/trajectory2_d__type_support.cpp
[3.706s] -- Up-to-date: /home/misaka/fishbot/install/dwb_msgs/include/dwb_msgs/dwb_msgs/msg/detail/trajectory2_d__rosidl_typesupport_introspection_cpp.hpp
[3.706s] -- Up-to-date: /home/misaka/fishbot/install/dwb_msgs/include/dwb_msgs/dwb_msgs/msg/detail/trajectory_score__type_support.cpp
[3.707s] -- Up-to-date: /home/misaka/fishbot/install/dwb_msgs/include/dwb_msgs/dwb_msgs/msg/detail/local_plan_evaluation__type_support.cpp
[3.708s] -- Up-to-date: /home/misaka/fishbot/install/dwb_msgs/include/dwb_msgs/dwb_msgs/msg/detail/critic_score__rosidl_typesupport_introspection_cpp.hpp
[3.709s] -- Up-to-date: /home/misaka/fishbot/install/dwb_msgs/include/dwb_msgs/dwb_msgs/msg/detail/trajectory_score__rosidl_typesupport_introspection_cpp.hpp
[3.709s] -- Up-to-date: /home/misaka/fishbot/install/dwb_msgs/include/dwb_msgs/dwb_msgs/msg/detail/local_plan_evaluation__rosidl_typesupport_introspection_cpp.hpp
[3.709s] -- Up-to-date: /home/misaka/fishbot/install/dwb_msgs/include/dwb_msgs/dwb_msgs/msg/detail/critic_score__type_support.cpp
[3.710s] -- Up-to-date: /home/misaka/fishbot/install/dwb_msgs/lib/libdwb_msgs__rosidl_typesupport_introspection_cpp.so
[3.712s] -- Up-to-date: /home/misaka/fishbot/install/dwb_msgs/lib/libdwb_msgs__rosidl_typesupport_cpp.so
[3.713s] -- Up-to-date: /home/misaka/fishbot/install/dwb_msgs/share/dwb_msgs/environment/pythonpath.sh
[3.714s] -- Up-to-date: /home/misaka/fishbot/install/dwb_msgs/share/dwb_msgs/environment/pythonpath.dsv
[3.715s] -- Up-to-date: /home/misaka/fishbot/install/dwb_msgs/local/lib/python3.10/dist-packages/dwb_msgs-1.1.0-py3.10.egg-info
[3.715s] -- Installing: /home/misaka/fishbot/install/dwb_msgs/local/lib/python3.10/dist-packages/dwb_msgs-1.1.0-py3.10.egg-info/PKG-INFO
[3.716s] -- Installing: /home/misaka/fishbot/install/dwb_msgs/local/lib/python3.10/dist-packages/dwb_msgs-1.1.0-py3.10.egg-info/dependency_links.txt
[3.717s] -- Installing: /home/misaka/fishbot/install/dwb_msgs/local/lib/python3.10/dist-packages/dwb_msgs-1.1.0-py3.10.egg-info/SOURCES.txt
[3.718s] -- Installing: /home/misaka/fishbot/install/dwb_msgs/local/lib/python3.10/dist-packages/dwb_msgs-1.1.0-py3.10.egg-info/top_level.txt
[3.718s] -- Up-to-date: /home/misaka/fishbot/install/dwb_msgs/local/lib/python3.10/dist-packages/dwb_msgs
[3.718s] -- Up-to-date: /home/misaka/fishbot/install/dwb_msgs/local/lib/python3.10/dist-packages/dwb_msgs/libdwb_msgs__rosidl_generator_py.so
[3.718s] -- Up-to-date: /home/misaka/fishbot/install/dwb_msgs/local/lib/python3.10/dist-packages/dwb_msgs/_dwb_msgs_s.ep.rosidl_typesupport_c.c
[3.719s] -- Up-to-date: /home/misaka/fishbot/install/dwb_msgs/local/lib/python3.10/dist-packages/dwb_msgs/_dwb_msgs_s.ep.rosidl_typesupport_fastrtps_c.c
[3.720s] -- Up-to-date: /home/misaka/fishbot/install/dwb_msgs/local/lib/python3.10/dist-packages/dwb_msgs/srv
[3.720s] -- Up-to-date: /home/misaka/fishbot/install/dwb_msgs/local/lib/python3.10/dist-packages/dwb_msgs/srv/_get_critic_score.py
[3.721s] -- Up-to-date: /home/misaka/fishbot/install/dwb_msgs/local/lib/python3.10/dist-packages/dwb_msgs/srv/_score_trajectory.py
[3.721s] -- Up-to-date: /home/misaka/fishbot/install/dwb_msgs/local/lib/python3.10/dist-packages/dwb_msgs/srv/_generate_twists_s.c
[3.721s] -- Up-to-date: /home/misaka/fishbot/install/dwb_msgs/local/lib/python3.10/dist-packages/dwb_msgs/srv/_get_critic_score_s.c
[3.721s] -- Up-to-date: /home/misaka/fishbot/install/dwb_msgs/local/lib/python3.10/dist-packages/dwb_msgs/srv/_score_trajectory_s.c
[3.722s] -- Up-to-date: /home/misaka/fishbot/install/dwb_msgs/local/lib/python3.10/dist-packages/dwb_msgs/srv/_generate_trajectory.py
[3.722s] -- Up-to-date: /home/misaka/fishbot/install/dwb_msgs/local/lib/python3.10/dist-packages/dwb_msgs/srv/_generate_twists.py
[3.723s] -- Up-to-date: /home/misaka/fishbot/install/dwb_msgs/local/lib/python3.10/dist-packages/dwb_msgs/srv/_debug_local_plan_s.c
[3.723s] -- Up-to-date: /home/misaka/fishbot/install/dwb_msgs/local/lib/python3.10/dist-packages/dwb_msgs/srv/_debug_local_plan.py
[3.723s] -- Up-to-date: /home/misaka/fishbot/install/dwb_msgs/local/lib/python3.10/dist-packages/dwb_msgs/srv/__init__.py
[3.724s] -- Up-to-date: /home/misaka/fishbot/install/dwb_msgs/local/lib/python3.10/dist-packages/dwb_msgs/srv/_generate_trajectory_s.c
[3.724s] -- Up-to-date: /home/misaka/fishbot/install/dwb_msgs/local/lib/python3.10/dist-packages/dwb_msgs/dwb_msgs_s__rosidl_typesupport_c.cpython-310-x86_64-linux-gnu.so
[3.725s] -- Up-to-date: /home/misaka/fishbot/install/dwb_msgs/local/lib/python3.10/dist-packages/dwb_msgs/_dwb_msgs_s.ep.rosidl_typesupport_introspection_c.c
[3.725s] -- Up-to-date: /home/misaka/fishbot/install/dwb_msgs/local/lib/python3.10/dist-packages/dwb_msgs/dwb_msgs_s__rosidl_typesupport_fastrtps_c.cpython-310-x86_64-linux-gnu.so
[3.725s] -- Up-to-date: /home/misaka/fishbot/install/dwb_msgs/local/lib/python3.10/dist-packages/dwb_msgs/__init__.py
[3.726s] -- Up-to-date: /home/misaka/fishbot/install/dwb_msgs/local/lib/python3.10/dist-packages/dwb_msgs/msg
[3.726s] -- Up-to-date: /home/misaka/fishbot/install/dwb_msgs/local/lib/python3.10/dist-packages/dwb_msgs/msg/_critic_score.py
[3.726s] -- Up-to-date: /home/misaka/fishbot/install/dwb_msgs/local/lib/python3.10/dist-packages/dwb_msgs/msg/_trajectory_score_s.c
[3.726s] -- Up-to-date: /home/misaka/fishbot/install/dwb_msgs/local/lib/python3.10/dist-packages/dwb_msgs/msg/_critic_score_s.c
[3.726s] -- Up-to-date: /home/misaka/fishbot/install/dwb_msgs/local/lib/python3.10/dist-packages/dwb_msgs/msg/_trajectory2_d_s.c
[3.726s] -- Up-to-date: /home/misaka/fishbot/install/dwb_msgs/local/lib/python3.10/dist-packages/dwb_msgs/msg/_trajectory2_d.py
[3.726s] -- Up-to-date: /home/misaka/fishbot/install/dwb_msgs/local/lib/python3.10/dist-packages/dwb_msgs/msg/_local_plan_evaluation_s.c
[3.727s] -- Up-to-date: /home/misaka/fishbot/install/dwb_msgs/local/lib/python3.10/dist-packages/dwb_msgs/msg/_local_plan_evaluation.py
[3.727s] -- Up-to-date: /home/misaka/fishbot/install/dwb_msgs/local/lib/python3.10/dist-packages/dwb_msgs/msg/__init__.py
[3.727s] -- Up-to-date: /home/misaka/fishbot/install/dwb_msgs/local/lib/python3.10/dist-packages/dwb_msgs/msg/_trajectory_score.py
[3.728s] -- Up-to-date: /home/misaka/fishbot/install/dwb_msgs/local/lib/python3.10/dist-packages/dwb_msgs/dwb_msgs_s__rosidl_typesupport_introspection_c.cpython-310-x86_64-linux-gnu.so
[3.877s] Listing '/home/misaka/fishbot/install/dwb_msgs/local/lib/python3.10/dist-packages/dwb_msgs'...
[3.877s] Listing '/home/misaka/fishbot/install/dwb_msgs/local/lib/python3.10/dist-packages/dwb_msgs/msg'...
[3.878s] Listing '/home/misaka/fishbot/install/dwb_msgs/local/lib/python3.10/dist-packages/dwb_msgs/srv'...
[3.893s] -- Up-to-date: /home/misaka/fishbot/install/dwb_msgs/local/lib/python3.10/dist-packages/dwb_msgs/dwb_msgs_s__rosidl_typesupport_fastrtps_c.cpython-310-x86_64-linux-gnu.so
[3.896s] -- Up-to-date: /home/misaka/fishbot/install/dwb_msgs/local/lib/python3.10/dist-packages/dwb_msgs/dwb_msgs_s__rosidl_typesupport_introspection_c.cpython-310-x86_64-linux-gnu.so
[3.899s] -- Up-to-date: /home/misaka/fishbot/install/dwb_msgs/local/lib/python3.10/dist-packages/dwb_msgs/dwb_msgs_s__rosidl_typesupport_c.cpython-310-x86_64-linux-gnu.so
[3.903s] -- Up-to-date: /home/misaka/fishbot/install/dwb_msgs/lib/libdwb_msgs__rosidl_generator_py.so
[3.904s] -- Up-to-date: /home/misaka/fishbot/install/dwb_msgs/share/dwb_msgs/msg/CriticScore.idl
[3.905s] -- Up-to-date: /home/misaka/fishbot/install/dwb_msgs/share/dwb_msgs/msg/LocalPlanEvaluation.idl
[3.906s] -- Up-to-date: /home/misaka/fishbot/install/dwb_msgs/share/dwb_msgs/msg/Trajectory2D.idl
[3.906s] -- Up-to-date: /home/misaka/fishbot/install/dwb_msgs/share/dwb_msgs/msg/TrajectoryScore.idl
[3.907s] -- Up-to-date: /home/misaka/fishbot/install/dwb_msgs/share/dwb_msgs/srv/DebugLocalPlan.idl
[3.908s] -- Up-to-date: /home/misaka/fishbot/install/dwb_msgs/share/dwb_msgs/srv/GenerateTrajectory.idl
[3.908s] -- Up-to-date: /home/misaka/fishbot/install/dwb_msgs/share/dwb_msgs/srv/GenerateTwists.idl
[3.908s] -- Up-to-date: /home/misaka/fishbot/install/dwb_msgs/share/dwb_msgs/srv/GetCriticScore.idl
[3.908s] -- Up-to-date: /home/misaka/fishbot/install/dwb_msgs/share/dwb_msgs/srv/ScoreTrajectory.idl
[3.908s] -- Up-to-date: /home/misaka/fishbot/install/dwb_msgs/share/dwb_msgs/msg/CriticScore.msg
[3.908s] -- Up-to-date: /home/misaka/fishbot/install/dwb_msgs/share/dwb_msgs/msg/LocalPlanEvaluation.msg
[3.909s] -- Up-to-date: /home/misaka/fishbot/install/dwb_msgs/share/dwb_msgs/msg/Trajectory2D.msg
[3.910s] -- Up-to-date: /home/misaka/fishbot/install/dwb_msgs/share/dwb_msgs/msg/TrajectoryScore.msg
[3.910s] -- Up-to-date: /home/misaka/fishbot/install/dwb_msgs/share/dwb_msgs/srv/DebugLocalPlan.srv
[3.910s] -- Up-to-date: /home/misaka/fishbot/install/dwb_msgs/share/dwb_msgs/srv/DebugLocalPlan_Request.msg
[3.910s] -- Up-to-date: /home/misaka/fishbot/install/dwb_msgs/share/dwb_msgs/srv/DebugLocalPlan_Response.msg
[3.911s] -- Up-to-date: /home/misaka/fishbot/install/dwb_msgs/share/dwb_msgs/srv/GenerateTrajectory.srv
[3.911s] -- Up-to-date: /home/misaka/fishbot/install/dwb_msgs/share/dwb_msgs/srv/GenerateTrajectory_Request.msg
[3.912s] -- Up-to-date: /home/misaka/fishbot/install/dwb_msgs/share/dwb_msgs/srv/GenerateTrajectory_Response.msg
[3.912s] -- Up-to-date: /home/misaka/fishbot/install/dwb_msgs/share/dwb_msgs/srv/GenerateTwists.srv
[3.912s] -- Up-to-date: /home/misaka/fishbot/install/dwb_msgs/share/dwb_msgs/srv/GenerateTwists_Request.msg
[3.912s] -- Up-to-date: /home/misaka/fishbot/install/dwb_msgs/share/dwb_msgs/srv/GenerateTwists_Response.msg
[3.912s] -- Up-to-date: /home/misaka/fishbot/install/dwb_msgs/share/dwb_msgs/srv/GetCriticScore.srv
[3.913s] -- Up-to-date: /home/misaka/fishbot/install/dwb_msgs/share/dwb_msgs/srv/GetCriticScore_Request.msg
[3.913s] -- Up-to-date: /home/misaka/fishbot/install/dwb_msgs/share/dwb_msgs/srv/GetCriticScore_Response.msg
[3.913s] -- Up-to-date: /home/misaka/fishbot/install/dwb_msgs/share/dwb_msgs/srv/ScoreTrajectory.srv
[3.913s] -- Up-to-date: /home/misaka/fishbot/install/dwb_msgs/share/dwb_msgs/srv/ScoreTrajectory_Request.msg
[3.913s] -- Up-to-date: /home/misaka/fishbot/install/dwb_msgs/share/dwb_msgs/srv/ScoreTrajectory_Response.msg
[3.913s] -- Up-to-date: /home/misaka/fishbot/install/dwb_msgs/share/ament_index/resource_index/package_run_dependencies/dwb_msgs
[3.914s] -- Up-to-date: /home/misaka/fishbot/install/dwb_msgs/share/ament_index/resource_index/parent_prefix_path/dwb_msgs
[3.915s] -- Up-to-date: /home/misaka/fishbot/install/dwb_msgs/share/dwb_msgs/environment/ament_prefix_path.sh
[3.916s] -- Up-to-date: /home/misaka/fishbot/install/dwb_msgs/share/dwb_msgs/environment/ament_prefix_path.dsv
[3.916s] -- Up-to-date: /home/misaka/fishbot/install/dwb_msgs/share/dwb_msgs/environment/path.sh
[3.916s] -- Up-to-date: /home/misaka/fishbot/install/dwb_msgs/share/dwb_msgs/environment/path.dsv
[3.917s] -- Up-to-date: /home/misaka/fishbot/install/dwb_msgs/share/dwb_msgs/local_setup.bash
[3.917s] -- Up-to-date: /home/misaka/fishbot/install/dwb_msgs/share/dwb_msgs/local_setup.sh
[3.917s] -- Up-to-date: /home/misaka/fishbot/install/dwb_msgs/share/dwb_msgs/local_setup.zsh
[3.917s] -- Up-to-date: /home/misaka/fishbot/install/dwb_msgs/share/dwb_msgs/local_setup.dsv
[3.917s] -- Installing: /home/misaka/fishbot/install/dwb_msgs/share/dwb_msgs/package.dsv
[3.917s] -- Up-to-date: /home/misaka/fishbot/install/dwb_msgs/share/ament_index/resource_index/packages/dwb_msgs
[3.917s] -- Up-to-date: /home/misaka/fishbot/install/dwb_msgs/share/dwb_msgs/cmake/export_dwb_msgs__rosidl_generator_cExport.cmake
[3.917s] -- Up-to-date: /home/misaka/fishbot/install/dwb_msgs/share/dwb_msgs/cmake/export_dwb_msgs__rosidl_generator_cExport-noconfig.cmake
[3.919s] -- Up-to-date: /home/misaka/fishbot/install/dwb_msgs/share/dwb_msgs/cmake/export_dwb_msgs__rosidl_typesupport_fastrtps_cExport.cmake
[3.919s] -- Up-to-date: /home/misaka/fishbot/install/dwb_msgs/share/dwb_msgs/cmake/export_dwb_msgs__rosidl_typesupport_fastrtps_cExport-noconfig.cmake
[3.921s] -- Up-to-date: /home/misaka/fishbot/install/dwb_msgs/share/dwb_msgs/cmake/export_dwb_msgs__rosidl_generator_cppExport.cmake
[3.928s] -- Up-to-date: /home/misaka/fishbot/install/dwb_msgs/share/dwb_msgs/cmake/export_dwb_msgs__rosidl_typesupport_fastrtps_cppExport.cmake
[3.928s] -- Up-to-date: /home/misaka/fishbot/install/dwb_msgs/share/dwb_msgs/cmake/export_dwb_msgs__rosidl_typesupport_fastrtps_cppExport-noconfig.cmake
[3.929s] -- Up-to-date: /home/misaka/fishbot/install/dwb_msgs/share/dwb_msgs/cmake/dwb_msgs__rosidl_typesupport_introspection_cExport.cmake
[3.929s] -- Up-to-date: /home/misaka/fishbot/install/dwb_msgs/share/dwb_msgs/cmake/dwb_msgs__rosidl_typesupport_introspection_cExport-noconfig.cmake
[3.933s] -- Up-to-date: /home/misaka/fishbot/install/dwb_msgs/share/dwb_msgs/cmake/dwb_msgs__rosidl_typesupport_cExport.cmake
[3.933s] -- Up-to-date: /home/misaka/fishbot/install/dwb_msgs/share/dwb_msgs/cmake/dwb_msgs__rosidl_typesupport_cExport-noconfig.cmake
[3.935s] -- Up-to-date: /home/misaka/fishbot/install/dwb_msgs/share/dwb_msgs/cmake/dwb_msgs__rosidl_typesupport_introspection_cppExport.cmake
[3.935s] -- Up-to-date: /home/misaka/fishbot/install/dwb_msgs/share/dwb_msgs/cmake/dwb_msgs__rosidl_typesupport_introspection_cppExport-noconfig.cmake
[3.938s] -- Up-to-date: /home/misaka/fishbot/install/dwb_msgs/share/dwb_msgs/cmake/dwb_msgs__rosidl_typesupport_cppExport.cmake
[3.938s] -- Up-to-date: /home/misaka/fishbot/install/dwb_msgs/share/dwb_msgs/cmake/dwb_msgs__rosidl_typesupport_cppExport-noconfig.cmake
[3.939s] -- Up-to-date: /home/misaka/fishbot/install/dwb_msgs/share/dwb_msgs/cmake/export_dwb_msgs__rosidl_generator_pyExport.cmake
[3.939s] -- Up-to-date: /home/misaka/fishbot/install/dwb_msgs/share/dwb_msgs/cmake/export_dwb_msgs__rosidl_generator_pyExport-noconfig.cmake
[3.940s] -- Up-to-date: /home/misaka/fishbot/install/dwb_msgs/share/dwb_msgs/cmake/rosidl_cmake-extras.cmake
[3.941s] -- Up-to-date: /home/misaka/fishbot/install/dwb_msgs/share/dwb_msgs/cmake/ament_cmake_export_dependencies-extras.cmake
[3.941s] -- Up-to-date: /home/misaka/fishbot/install/dwb_msgs/share/dwb_msgs/cmake/ament_cmake_export_include_directories-extras.cmake
[3.942s] -- Up-to-date: /home/misaka/fishbot/install/dwb_msgs/share/dwb_msgs/cmake/ament_cmake_export_libraries-extras.cmake
[3.943s] -- Up-to-date: /home/misaka/fishbot/install/dwb_msgs/share/dwb_msgs/cmake/ament_cmake_export_targets-extras.cmake
[3.944s] -- Up-to-date: /home/misaka/fishbot/install/dwb_msgs/share/dwb_msgs/cmake/rosidl_cmake_export_typesupport_targets-extras.cmake
[3.945s] -- Up-to-date: /home/misaka/fishbot/install/dwb_msgs/share/dwb_msgs/cmake/rosidl_cmake_export_typesupport_libraries-extras.cmake
[3.945s] -- Up-to-date: /home/misaka/fishbot/install/dwb_msgs/share/dwb_msgs/cmake/dwb_msgsConfig.cmake
[3.945s] -- Up-to-date: /home/misaka/fishbot/install/dwb_msgs/share/dwb_msgs/cmake/dwb_msgsConfig-version.cmake
[3.946s] -- Up-to-date: /home/misaka/fishbot/install/dwb_msgs/share/dwb_msgs/package.xml
[3.956s] Invoked command in '/home/misaka/fishbot/build/dwb_msgs' returned '0': AMENT_PREFIX_PATH=/home/misaka/fishbot/install/nav_2d_msgs:${AMENT_PREFIX_PATH} CMAKE_PREFIX_PATH=/home/misaka/fishbot/install/nav_2d_msgs:/opt/ros/humble LD_LIBRARY_PATH=/home/misaka/fishbot/install/nav_2d_msgs/lib:${LD_LIBRARY_PATH} PYTHONPATH=/home/misaka/fishbot/install/nav_2d_msgs/local/lib/python3.10/dist-packages:${PYTHONPATH} /usr/bin/cmake --install /home/misaka/fishbot/build/dwb_msgs
