[  1%] Built target nav2_spin_cancel_bt_node
[  3%] Built target nav2_controller_cancel_bt_node
[  4%] Built target nav2_drive_on_heading_cancel_bt_node
[  4%] Built target nav2_compute_path_to_pose_action_bt_node
[  5%] Built target nav2_back_up_cancel_bt_node
[  7%] Built target nav2_wait_cancel_bt_node
[  7%] Built target nav2_assisted_teleop_cancel_bt_node
[  8%] Built target nav2_follow_path_action_bt_node
[  9%] Built target nav2_behavior_tree
[ 10%] Built target nav2_spin_action_bt_node
[ 11%] Built target nav2_compute_path_through_poses_action_bt_node
[ 12%] Built target nav2_assisted_teleop_action_bt_node
[ 13%] Built target nav2_back_up_action_bt_node
[ 14%] Built target nav2_wait_action_bt_node
[ 15%] Built target nav2_drive_on_heading_bt_node
[ 16%] Built target nav2_smooth_path_action_bt_node
[ 17%] Built target nav2_goal_updated_condition_bt_node
[ 20%] Built target nav2_initial_pose_received_condition_bt_node
[ 20%] Built target nav2_is_stuck_condition_bt_node
[ 20%] Built target nav2_time_expired_condition_bt_node
[ 21%] Built target nav2_goal_reached_condition_bt_node
[ 22%] Built target nav2_globally_updated_goal_condition_bt_node
[ 23%] Built target nav2_path_expiring_timer_condition
[ 24%] Built target nav2_clear_costmap_service_bt_node
[ 25%] Built target nav2_distance_traveled_condition_bt_node
[ 26%] Built target nav2_rate_controller_bt_node
[ 27%] Built target nav2_is_path_valid_condition_bt_node
[ 29%] Built target nav2_is_battery_low_condition_bt_node
[ 29%] Built target nav2_transform_available_condition_bt_node
[ 31%] Built target nav2_distance_controller_bt_node
[ 31%] Built target nav2_reinitialize_global_localization_service_bt_node
[ 32%] Built target nav2_speed_controller_bt_node
[ 33%] Built target nav2_round_robin_node_bt_node
[ 34%] Built target nav2_goal_updater_node_bt_node
[ 35%] Built target nav2_truncate_path_action_bt_node
[ 36%] Built target nav2_pipeline_sequence_bt_node
[ 37%] Built target nav2_single_trigger_bt_node
[ 38%] Built target nav2_navigate_to_pose_action_bt_node
[ 39%] Built target nav2_truncate_path_local_action_bt_node
[ 40%] Built target nav2_recovery_node_bt_node
[ 41%] Built target nav2_path_longer_on_approach_bt_node
[ 42%] Built target nav2_navigate_through_poses_action_bt_node
[ 44%] Built target nav2_remove_passed_goals_action_bt_node
[ 44%] Built target nav2_goal_updated_controller_bt_node
[ 45%] Built target nav2_goal_checker_selector_bt_node
[ 47%] Built target nav2_planner_selector_bt_node
[ 48%] Built target gtest_main
[ 49%] Built target nav2_controller_selector_bt_node
[ 50%] Built target gtest
[ 51%] Built target test_condition_goal_updated
[ 52%] [32mBuilding CXX object test/plugins/decorator/CMakeFiles/test_decorator_speed_controller.dir/test_speed_controller.cpp.o[0m
[ 54%] [32mBuilding CXX object test/plugins/decorator/CMakeFiles/test_decorator_distance_controller.dir/test_distance_controller.cpp.o[0m
[ 53%] Built target test_bt_conversions
[ 55%] [32mBuilding CXX object test/plugins/decorator/CMakeFiles/test_goal_updater_node.dir/test_goal_updater_node.cpp.o[0m
[ 56%] Built target test_condition_distance_traveled
[ 57%] [32mBuilding CXX object test/plugins/decorator/CMakeFiles/test_decorator_rate_controller.dir/test_rate_controller.cpp.o[0m
[ 58%] Built target test_condition_initial_pose_received
[ 59%] Built target test_condition_goal_reached
[ 60%] Built target test_condition_transform_available
[ 61%] Built target test_condition_globally_updated_goal
[ 62%] Built target test_condition_is_stuck
[ 64%] Built target test_condition_path_expiring_timer
[ 64%] Built target test_condition_time_expired
[ 65%] Built target test_condition_is_path_valid
[ 66%] Built target test_condition_is_battery_low
[ 67%] [32mBuilding CXX object test/plugins/control/CMakeFiles/test_control_pipeline_sequence.dir/test_pipeline_sequence.cpp.o[0m
[ 68%] [32mBuilding CXX object test/plugins/decorator/CMakeFiles/test_single_trigger_node.dir/test_single_trigger_node.cpp.o[0m
[ 69%] [32mBuilding CXX object test/plugins/decorator/CMakeFiles/test_decorator_path_longer_on_approach.dir/test_path_longer_on_approach.cpp.o[0m
[ 70%] [32mBuilding CXX object test/plugins/decorator/CMakeFiles/test_goal_updated_controller.dir/test_goal_updated_controller.cpp.o[0m
[ 71%] [32mBuilding CXX object test/plugins/control/CMakeFiles/test_control_recovery_node.dir/test_recovery_node.cpp.o[0m
[ 72%] [32mBuilding CXX object test/plugins/action/CMakeFiles/test_action_spin_action.dir/test_spin_action.cpp.o[0m
[ 73%] [32mBuilding CXX object test/plugins/control/CMakeFiles/test_control_round_robin_node.dir/test_round_robin_node.cpp.o[0m
[ 74%] [32mBuilding CXX object test/plugins/action/CMakeFiles/test_action_drive_on_heading.dir/test_drive_on_heading_action.cpp.o[0m
[ 75%] [32mBuilding CXX object test/plugins/action/CMakeFiles/test_action_back_up_action.dir/test_back_up_action.cpp.o[0m
[ 75%] [32mBuilding CXX object test/plugins/action/CMakeFiles/test_bt_action_node.dir/test_bt_action_node.cpp.o[0m
[ 75%] [32mBuilding CXX object test/plugins/action/CMakeFiles/test_action_wait_action.dir/test_wait_action.cpp.o[0m
[ 76%] [32mBuilding CXX object test/plugins/action/CMakeFiles/test_action_assisted_teleop_action.dir/test_assisted_teleop_action.cpp.o[0m
[ 76%] [32m[1mLinking CXX executable test_decorator_rate_controller[0m
[ 76%] [32m[1mLinking CXX executable test_goal_updated_controller[0m
[ 77%] [32m[1mLinking CXX executable test_action_wait_action[0m
[ 77%] Built target test_decorator_rate_controller
[ 77%] Built target test_goal_updated_controller
[ 77%] Built target test_action_wait_action
[ 77%] [32m[1mLinking CXX executable test_action_drive_on_heading[0m
[ 77%] Built target test_action_drive_on_heading
[ 77%] [32m[1mLinking CXX executable test_control_round_robin_node[0m
[ 77%] [32m[1mLinking CXX executable test_single_trigger_node[0m
[ 77%] [32m[1mLinking CXX executable test_decorator_distance_controller[0m
[ 77%] Built target test_control_round_robin_node
[ 77%] Built target test_single_trigger_node
[ 77%] Built target test_decorator_distance_controller
[ 77%] [32m[1mLinking CXX executable test_control_recovery_node[0m
[ 77%] [32m[1mLinking CXX executable test_action_assisted_teleop_action[0m
[ 77%] [32m[1mLinking CXX executable test_goal_updater_node[0m
[ 77%] Built target test_control_recovery_node
[ 77%] Built target test_action_assisted_teleop_action
[ 77%] Built target test_goal_updater_node
[ 77%] [32m[1mLinking CXX executable test_action_back_up_action[0m
[ 77%] [32m[1mLinking CXX executable test_decorator_speed_controller[0m
[ 78%] [32m[1mLinking CXX executable test_action_spin_action[0m
[ 78%] Built target test_action_back_up_action
[ 78%] Built target test_decorator_speed_controller
[ 78%] Built target test_action_spin_action
[ 79%] [32mBuilding CXX object test/plugins/action/CMakeFiles/test_action_smooth_path_action.dir/test_smooth_path_action.cpp.o[0m
[ 80%] [32mBuilding CXX object test/plugins/action/CMakeFiles/test_action_compute_path_through_poses_action.dir/test_compute_path_through_poses_action.cpp.o[0m
[ 81%] [32mBuilding CXX object test/plugins/action/CMakeFiles/test_action_follow_path_action.dir/test_follow_path_action.cpp.o[0m
[ 82%] [32mBuilding CXX object test/plugins/action/CMakeFiles/test_action_navigate_to_pose_action.dir/test_navigate_to_pose_action.cpp.o[0m
[ 83%] [32mBuilding CXX object test/plugins/action/CMakeFiles/test_action_compute_path_to_pose_action.dir/test_compute_path_to_pose_action.cpp.o[0m
[ 83%] [32m[1mLinking CXX executable test_control_pipeline_sequence[0m
[ 84%] [32mBuilding CXX object test/plugins/action/CMakeFiles/test_action_reinitialize_global_localization_service.dir/test_reinitialize_global_localization_service.cpp.o[0m
[ 84%] Built target test_control_pipeline_sequence
[ 85%] [32mBuilding CXX object test/plugins/action/CMakeFiles/test_action_clear_costmap_service.dir/test_clear_costmap_service.cpp.o[0m
[ 86%] [32mBuilding CXX object test/plugins/action/CMakeFiles/test_action_drive_on_heading_cancel_action.dir/test_drive_on_heading_cancel_node.cpp.o[0m
[ 88%] [32mBuilding CXX object test/plugins/action/CMakeFiles/test_action_navigate_through_poses_action.dir/test_navigate_through_poses_action.cpp.o[0m
[ 87%] [32mBuilding CXX object test/plugins/action/CMakeFiles/test_action_assisted_teleop_cancel_action.dir/test_assisted_teleop_cancel_node.cpp.o[0m
[ 88%] [32mBuilding CXX object test/plugins/action/CMakeFiles/test_action_spin_cancel_action.dir/test_spin_cancel_node.cpp.o[0m
[ 89%] [32mBuilding CXX object test/plugins/action/CMakeFiles/test_action_back_up_cancel_action.dir/test_back_up_cancel_node.cpp.o[0m
[ 90%] [32mBuilding CXX object test/plugins/action/CMakeFiles/test_action_controller_cancel_action.dir/test_controller_cancel_node.cpp.o[0m
[ 90%] [32mBuilding CXX object test/plugins/action/CMakeFiles/test_action_wait_cancel_action.dir/test_wait_cancel_node.cpp.o[0m
[ 90%] [32m[1mLinking CXX executable test_decorator_path_longer_on_approach[0m
[ 90%] Built target test_decorator_path_longer_on_approach
[ 90%] [32m[1mLinking CXX executable test_action_reinitialize_global_localization_service[0m
[ 90%] Built target test_action_reinitialize_global_localization_service
[ 90%] [32m[1mLinking CXX executable test_action_navigate_to_pose_action[0m
[ 90%] [32m[1mLinking CXX executable test_action_smooth_path_action[0m
[ 90%] Built target test_action_navigate_to_pose_action
[ 90%] Built target test_action_smooth_path_action
[ 91%] [32m[1mLinking CXX executable test_action_spin_cancel_action[0m
[ 91%] [32m[1mLinking CXX executable test_action_follow_path_action[0m
[ 91%] Built target test_action_spin_cancel_action
[ 91%] [32m[1mLinking CXX executable test_action_navigate_through_poses_action[0m
[ 91%] Built target test_action_follow_path_action
[ 92%] [32m[1mLinking CXX executable test_action_wait_cancel_action[0m
[ 92%] Built target test_action_navigate_through_poses_action
[ 92%] [32m[1mLinking CXX executable test_action_back_up_cancel_action[0m
[ 92%] [32m[1mLinking CXX executable test_action_drive_on_heading_cancel_action[0m
[ 92%] Built target test_action_wait_cancel_action
[ 92%] [32m[1mLinking CXX executable test_action_controller_cancel_action[0m
[ 92%] [32m[1mLinking CXX executable test_action_clear_costmap_service[0m
[ 92%] Built target test_action_back_up_cancel_action
[ 92%] [32m[1mLinking CXX executable test_action_assisted_teleop_cancel_action[0m
[ 92%] Built target test_action_drive_on_heading_cancel_action
[ 92%] Built target test_action_controller_cancel_action
[ 92%] Built target test_action_clear_costmap_service
[ 92%] Built target test_action_assisted_teleop_cancel_action
[ 92%] [32m[1mLinking CXX executable test_action_compute_path_to_pose_action[0m
[ 92%] Built target test_action_compute_path_to_pose_action
[ 92%] [32m[1mLinking CXX executable test_action_compute_path_through_poses_action[0m
[ 92%] Built target test_action_compute_path_through_poses_action
[ 93%] [32m[1mLinking CXX executable test_bt_action_node[0m
[ 93%] Built target test_bt_action_node
[ 94%] [32mBuilding CXX object test/plugins/action/CMakeFiles/test_controller_selector_node.dir/test_controller_selector_node.cpp.o[0m
[ 95%] [32mBuilding CXX object test/plugins/action/CMakeFiles/test_goal_checker_selector_node.dir/test_goal_checker_selector_node.cpp.o[0m
[ 95%] [32m[1mLinking CXX executable test_goal_checker_selector_node[0m
[ 95%] [32m[1mLinking CXX executable test_controller_selector_node[0m
[ 95%] Built target test_goal_checker_selector_node
[ 95%] Built target test_controller_selector_node
[ 96%] [32mBuilding CXX object test/plugins/action/CMakeFiles/test_truncate_path_local_action.dir/test_truncate_path_local_action.cpp.o[0m
[ 97%] [32mBuilding CXX object test/plugins/action/CMakeFiles/test_planner_selector_node.dir/test_planner_selector_node.cpp.o[0m
[ 98%] [32mBuilding CXX object test/plugins/action/CMakeFiles/test_truncate_path_action.dir/test_truncate_path_action.cpp.o[0m
[ 99%] [32mBuilding CXX object test/plugins/action/CMakeFiles/test_remove_passed_goals_action.dir/test_remove_passed_goals_action.cpp.o[0m
[ 99%] [32m[1mLinking CXX executable test_truncate_path_action[0m
[ 99%] Built target test_truncate_path_action
[ 99%] [32m[1mLinking CXX executable test_planner_selector_node[0m
[ 99%] [32m[1mLinking CXX executable test_remove_passed_goals_action[0m
[ 99%] Built target test_planner_selector_node
[ 99%] Built target test_remove_passed_goals_action
[100%] [32m[1mLinking CXX executable test_truncate_path_local_action[0m
[100%] Built target test_truncate_path_local_action
-- Install configuration: "Release"
-- Installing: /home/misaka/fishbot/install/nav2_behavior_tree/lib/libnav2_behavior_tree.so
-- Set runtime path of "/home/misaka/fishbot/install/nav2_behavior_tree/lib/libnav2_behavior_tree.so" to ""
-- Installing: /home/misaka/fishbot/install/nav2_behavior_tree/lib/libnav2_compute_path_to_pose_action_bt_node.so
-- Set runtime path of "/home/misaka/fishbot/install/nav2_behavior_tree/lib/libnav2_compute_path_to_pose_action_bt_node.so" to ""
-- Installing: /home/misaka/fishbot/install/nav2_behavior_tree/lib/libnav2_compute_path_through_poses_action_bt_node.so
-- Set runtime path of "/home/misaka/fishbot/install/nav2_behavior_tree/lib/libnav2_compute_path_through_poses_action_bt_node.so" to ""
-- Installing: /home/misaka/fishbot/install/nav2_behavior_tree/lib/libnav2_controller_cancel_bt_node.so
-- Set runtime path of "/home/misaka/fishbot/install/nav2_behavior_tree/lib/libnav2_controller_cancel_bt_node.so" to ""
-- Installing: /home/misaka/fishbot/install/nav2_behavior_tree/lib/libnav2_wait_cancel_bt_node.so
-- Set runtime path of "/home/misaka/fishbot/install/nav2_behavior_tree/lib/libnav2_wait_cancel_bt_node.so" to ""
-- Installing: /home/misaka/fishbot/install/nav2_behavior_tree/lib/libnav2_spin_cancel_bt_node.so
-- Set runtime path of "/home/misaka/fishbot/install/nav2_behavior_tree/lib/libnav2_spin_cancel_bt_node.so" to ""
-- Installing: /home/misaka/fishbot/install/nav2_behavior_tree/lib/libnav2_back_up_cancel_bt_node.so
-- Set runtime path of "/home/misaka/fishbot/install/nav2_behavior_tree/lib/libnav2_back_up_cancel_bt_node.so" to ""
-- Installing: /home/misaka/fishbot/install/nav2_behavior_tree/lib/libnav2_assisted_teleop_cancel_bt_node.so
-- Set runtime path of "/home/misaka/fishbot/install/nav2_behavior_tree/lib/libnav2_assisted_teleop_cancel_bt_node.so" to ""
-- Installing: /home/misaka/fishbot/install/nav2_behavior_tree/lib/libnav2_drive_on_heading_cancel_bt_node.so
-- Set runtime path of "/home/misaka/fishbot/install/nav2_behavior_tree/lib/libnav2_drive_on_heading_cancel_bt_node.so" to ""
-- Installing: /home/misaka/fishbot/install/nav2_behavior_tree/lib/libnav2_smooth_path_action_bt_node.so
-- Set runtime path of "/home/misaka/fishbot/install/nav2_behavior_tree/lib/libnav2_smooth_path_action_bt_node.so" to ""
-- Installing: /home/misaka/fishbot/install/nav2_behavior_tree/lib/libnav2_follow_path_action_bt_node.so
-- Set runtime path of "/home/misaka/fishbot/install/nav2_behavior_tree/lib/libnav2_follow_path_action_bt_node.so" to ""
-- Installing: /home/misaka/fishbot/install/nav2_behavior_tree/lib/libnav2_back_up_action_bt_node.so
-- Set runtime path of "/home/misaka/fishbot/install/nav2_behavior_tree/lib/libnav2_back_up_action_bt_node.so" to ""
-- Installing: /home/misaka/fishbot/install/nav2_behavior_tree/lib/libnav2_drive_on_heading_bt_node.so
-- Set runtime path of "/home/misaka/fishbot/install/nav2_behavior_tree/lib/libnav2_drive_on_heading_bt_node.so" to ""
-- Installing: /home/misaka/fishbot/install/nav2_behavior_tree/lib/libnav2_spin_action_bt_node.so
-- Set runtime path of "/home/misaka/fishbot/install/nav2_behavior_tree/lib/libnav2_spin_action_bt_node.so" to ""
-- Installing: /home/misaka/fishbot/install/nav2_behavior_tree/lib/libnav2_wait_action_bt_node.so
-- Set runtime path of "/home/misaka/fishbot/install/nav2_behavior_tree/lib/libnav2_wait_action_bt_node.so" to ""
-- Installing: /home/misaka/fishbot/install/nav2_behavior_tree/lib/libnav2_assisted_teleop_action_bt_node.so
-- Set runtime path of "/home/misaka/fishbot/install/nav2_behavior_tree/lib/libnav2_assisted_teleop_action_bt_node.so" to ""
-- Installing: /home/misaka/fishbot/install/nav2_behavior_tree/lib/libnav2_clear_costmap_service_bt_node.so
-- Set runtime path of "/home/misaka/fishbot/install/nav2_behavior_tree/lib/libnav2_clear_costmap_service_bt_node.so" to ""
-- Installing: /home/misaka/fishbot/install/nav2_behavior_tree/lib/libnav2_is_stuck_condition_bt_node.so
-- Set runtime path of "/home/misaka/fishbot/install/nav2_behavior_tree/lib/libnav2_is_stuck_condition_bt_node.so" to ""
-- Installing: /home/misaka/fishbot/install/nav2_behavior_tree/lib/libnav2_transform_available_condition_bt_node.so
-- Set runtime path of "/home/misaka/fishbot/install/nav2_behavior_tree/lib/libnav2_transform_available_condition_bt_node.so" to ""
-- Installing: /home/misaka/fishbot/install/nav2_behavior_tree/lib/libnav2_goal_reached_condition_bt_node.so
-- Set runtime path of "/home/misaka/fishbot/install/nav2_behavior_tree/lib/libnav2_goal_reached_condition_bt_node.so" to ""
-- Installing: /home/misaka/fishbot/install/nav2_behavior_tree/lib/libnav2_globally_updated_goal_condition_bt_node.so
-- Set runtime path of "/home/misaka/fishbot/install/nav2_behavior_tree/lib/libnav2_globally_updated_goal_condition_bt_node.so" to ""
-- Installing: /home/misaka/fishbot/install/nav2_behavior_tree/lib/libnav2_goal_updated_condition_bt_node.so
-- Set runtime path of "/home/misaka/fishbot/install/nav2_behavior_tree/lib/libnav2_goal_updated_condition_bt_node.so" to ""
-- Installing: /home/misaka/fishbot/install/nav2_behavior_tree/lib/libnav2_is_path_valid_condition_bt_node.so
-- Set runtime path of "/home/misaka/fishbot/install/nav2_behavior_tree/lib/libnav2_is_path_valid_condition_bt_node.so" to ""
-- Installing: /home/misaka/fishbot/install/nav2_behavior_tree/lib/libnav2_time_expired_condition_bt_node.so
-- Set runtime path of "/home/misaka/fishbot/install/nav2_behavior_tree/lib/libnav2_time_expired_condition_bt_node.so" to ""
-- Installing: /home/misaka/fishbot/install/nav2_behavior_tree/lib/libnav2_path_expiring_timer_condition.so
-- Set runtime path of "/home/misaka/fishbot/install/nav2_behavior_tree/lib/libnav2_path_expiring_timer_condition.so" to ""
-- Installing: /home/misaka/fishbot/install/nav2_behavior_tree/lib/libnav2_distance_traveled_condition_bt_node.so
-- Set runtime path of "/home/misaka/fishbot/install/nav2_behavior_tree/lib/libnav2_distance_traveled_condition_bt_node.so" to ""
-- Installing: /home/misaka/fishbot/install/nav2_behavior_tree/lib/libnav2_initial_pose_received_condition_bt_node.so
-- Set runtime path of "/home/misaka/fishbot/install/nav2_behavior_tree/lib/libnav2_initial_pose_received_condition_bt_node.so" to ""
-- Installing: /home/misaka/fishbot/install/nav2_behavior_tree/lib/libnav2_is_battery_low_condition_bt_node.so
-- Set runtime path of "/home/misaka/fishbot/install/nav2_behavior_tree/lib/libnav2_is_battery_low_condition_bt_node.so" to ""
-- Installing: /home/misaka/fishbot/install/nav2_behavior_tree/lib/libnav2_reinitialize_global_localization_service_bt_node.so
-- Set runtime path of "/home/misaka/fishbot/install/nav2_behavior_tree/lib/libnav2_reinitialize_global_localization_service_bt_node.so" to ""
-- Installing: /home/misaka/fishbot/install/nav2_behavior_tree/lib/libnav2_rate_controller_bt_node.so
-- Set runtime path of "/home/misaka/fishbot/install/nav2_behavior_tree/lib/libnav2_rate_controller_bt_node.so" to ""
-- Installing: /home/misaka/fishbot/install/nav2_behavior_tree/lib/libnav2_distance_controller_bt_node.so
-- Set runtime path of "/home/misaka/fishbot/install/nav2_behavior_tree/lib/libnav2_distance_controller_bt_node.so" to ""
-- Installing: /home/misaka/fishbot/install/nav2_behavior_tree/lib/libnav2_speed_controller_bt_node.so
-- Set runtime path of "/home/misaka/fishbot/install/nav2_behavior_tree/lib/libnav2_speed_controller_bt_node.so" to ""
-- Installing: /home/misaka/fishbot/install/nav2_behavior_tree/lib/libnav2_truncate_path_action_bt_node.so
-- Set runtime path of "/home/misaka/fishbot/install/nav2_behavior_tree/lib/libnav2_truncate_path_action_bt_node.so" to ""
-- Installing: /home/misaka/fishbot/install/nav2_behavior_tree/lib/libnav2_truncate_path_local_action_bt_node.so
-- Set runtime path of "/home/misaka/fishbot/install/nav2_behavior_tree/lib/libnav2_truncate_path_local_action_bt_node.so" to ""
-- Installing: /home/misaka/fishbot/install/nav2_behavior_tree/lib/libnav2_goal_updater_node_bt_node.so
-- Set runtime path of "/home/misaka/fishbot/install/nav2_behavior_tree/lib/libnav2_goal_updater_node_bt_node.so" to ""
-- Installing: /home/misaka/fishbot/install/nav2_behavior_tree/lib/libnav2_path_longer_on_approach_bt_node.so
-- Set runtime path of "/home/misaka/fishbot/install/nav2_behavior_tree/lib/libnav2_path_longer_on_approach_bt_node.so" to ""
-- Installing: /home/misaka/fishbot/install/nav2_behavior_tree/lib/libnav2_recovery_node_bt_node.so
-- Set runtime path of "/home/misaka/fishbot/install/nav2_behavior_tree/lib/libnav2_recovery_node_bt_node.so" to ""
-- Installing: /home/misaka/fishbot/install/nav2_behavior_tree/lib/libnav2_navigate_to_pose_action_bt_node.so
-- Set runtime path of "/home/misaka/fishbot/install/nav2_behavior_tree/lib/libnav2_navigate_to_pose_action_bt_node.so" to ""
-- Installing: /home/misaka/fishbot/install/nav2_behavior_tree/lib/libnav2_navigate_through_poses_action_bt_node.so
-- Set runtime path of "/home/misaka/fishbot/install/nav2_behavior_tree/lib/libnav2_navigate_through_poses_action_bt_node.so" to ""
-- Installing: /home/misaka/fishbot/install/nav2_behavior_tree/lib/libnav2_remove_passed_goals_action_bt_node.so
-- Set runtime path of "/home/misaka/fishbot/install/nav2_behavior_tree/lib/libnav2_remove_passed_goals_action_bt_node.so" to ""
-- Installing: /home/misaka/fishbot/install/nav2_behavior_tree/lib/libnav2_pipeline_sequence_bt_node.so
-- Set runtime path of "/home/misaka/fishbot/install/nav2_behavior_tree/lib/libnav2_pipeline_sequence_bt_node.so" to ""
-- Installing: /home/misaka/fishbot/install/nav2_behavior_tree/lib/libnav2_round_robin_node_bt_node.so
-- Set runtime path of "/home/misaka/fishbot/install/nav2_behavior_tree/lib/libnav2_round_robin_node_bt_node.so" to ""
-- Installing: /home/misaka/fishbot/install/nav2_behavior_tree/lib/libnav2_single_trigger_bt_node.so
-- Set runtime path of "/home/misaka/fishbot/install/nav2_behavior_tree/lib/libnav2_single_trigger_bt_node.so" to ""
-- Installing: /home/misaka/fishbot/install/nav2_behavior_tree/lib/libnav2_planner_selector_bt_node.so
-- Set runtime path of "/home/misaka/fishbot/install/nav2_behavior_tree/lib/libnav2_planner_selector_bt_node.so" to ""
-- Installing: /home/misaka/fishbot/install/nav2_behavior_tree/lib/libnav2_controller_selector_bt_node.so
-- Set runtime path of "/home/misaka/fishbot/install/nav2_behavior_tree/lib/libnav2_controller_selector_bt_node.so" to ""
-- Installing: /home/misaka/fishbot/install/nav2_behavior_tree/lib/libnav2_goal_checker_selector_bt_node.so
-- Set runtime path of "/home/misaka/fishbot/install/nav2_behavior_tree/lib/libnav2_goal_checker_selector_bt_node.so" to ""
-- Installing: /home/misaka/fishbot/install/nav2_behavior_tree/lib/libnav2_goal_updated_controller_bt_node.so
-- Set runtime path of "/home/misaka/fishbot/install/nav2_behavior_tree/lib/libnav2_goal_updated_controller_bt_node.so" to ""
-- Installing: /home/misaka/fishbot/install/nav2_behavior_tree/include/
-- Installing: /home/misaka/fishbot/install/nav2_behavior_tree/include//nav2_behavior_tree
-- Installing: /home/misaka/fishbot/install/nav2_behavior_tree/include//nav2_behavior_tree/bt_action_server_impl.hpp
-- Installing: /home/misaka/fishbot/install/nav2_behavior_tree/include//nav2_behavior_tree/bt_conversions.hpp
-- Installing: /home/misaka/fishbot/install/nav2_behavior_tree/include//nav2_behavior_tree/bt_cancel_action_node.hpp
-- Installing: /home/misaka/fishbot/install/nav2_behavior_tree/include//nav2_behavior_tree/bt_action_server.hpp
-- Installing: /home/misaka/fishbot/install/nav2_behavior_tree/include//nav2_behavior_tree/bt_action_node.hpp
-- Installing: /home/misaka/fishbot/install/nav2_behavior_tree/include//nav2_behavior_tree/ros_topic_logger.hpp
-- Installing: /home/misaka/fishbot/install/nav2_behavior_tree/include//nav2_behavior_tree/behavior_tree_engine.hpp
-- Installing: /home/misaka/fishbot/install/nav2_behavior_tree/include//nav2_behavior_tree/bt_service_node.hpp
-- Installing: /home/misaka/fishbot/install/nav2_behavior_tree/include//nav2_behavior_tree/plugins
-- Installing: /home/misaka/fishbot/install/nav2_behavior_tree/include//nav2_behavior_tree/plugins/control
-- Installing: /home/misaka/fishbot/install/nav2_behavior_tree/include//nav2_behavior_tree/plugins/control/pipeline_sequence.hpp
-- Installing: /home/misaka/fishbot/install/nav2_behavior_tree/include//nav2_behavior_tree/plugins/control/recovery_node.hpp
-- Installing: /home/misaka/fishbot/install/nav2_behavior_tree/include//nav2_behavior_tree/plugins/control/round_robin_node.hpp
-- Installing: /home/misaka/fishbot/install/nav2_behavior_tree/include//nav2_behavior_tree/plugins/action
-- Installing: /home/misaka/fishbot/install/nav2_behavior_tree/include//nav2_behavior_tree/plugins/action/spin_cancel_node.hpp
-- Installing: /home/misaka/fishbot/install/nav2_behavior_tree/include//nav2_behavior_tree/plugins/action/wait_action.hpp
-- Installing: /home/misaka/fishbot/install/nav2_behavior_tree/include//nav2_behavior_tree/plugins/action/drive_on_heading_cancel_node.hpp
-- Installing: /home/misaka/fishbot/install/nav2_behavior_tree/include//nav2_behavior_tree/plugins/action/assisted_teleop_cancel_node.hpp
-- Installing: /home/misaka/fishbot/install/nav2_behavior_tree/include//nav2_behavior_tree/plugins/action/smooth_path_action.hpp
-- Installing: /home/misaka/fishbot/install/nav2_behavior_tree/include//nav2_behavior_tree/plugins/action/navigate_to_pose_action.hpp
-- Installing: /home/misaka/fishbot/install/nav2_behavior_tree/include//nav2_behavior_tree/plugins/action/back_up_action.hpp
-- Installing: /home/misaka/fishbot/install/nav2_behavior_tree/include//nav2_behavior_tree/plugins/action/clear_costmap_service.hpp
-- Installing: /home/misaka/fishbot/install/nav2_behavior_tree/include//nav2_behavior_tree/plugins/action/spin_action.hpp
-- Installing: /home/misaka/fishbot/install/nav2_behavior_tree/include//nav2_behavior_tree/plugins/action/assisted_teleop_action.hpp
-- Installing: /home/misaka/fishbot/install/nav2_behavior_tree/include//nav2_behavior_tree/plugins/action/goal_checker_selector_node.hpp
-- Installing: /home/misaka/fishbot/install/nav2_behavior_tree/include//nav2_behavior_tree/plugins/action/wait_cancel_node.hpp
-- Installing: /home/misaka/fishbot/install/nav2_behavior_tree/include//nav2_behavior_tree/plugins/action/follow_path_action.hpp
-- Installing: /home/misaka/fishbot/install/nav2_behavior_tree/include//nav2_behavior_tree/plugins/action/compute_path_to_pose_action.hpp
-- Installing: /home/misaka/fishbot/install/nav2_behavior_tree/include//nav2_behavior_tree/plugins/action/truncate_path_local_action.hpp
-- Installing: /home/misaka/fishbot/install/nav2_behavior_tree/include//nav2_behavior_tree/plugins/action/truncate_path_action.hpp
-- Installing: /home/misaka/fishbot/install/nav2_behavior_tree/include//nav2_behavior_tree/plugins/action/navigate_through_poses_action.hpp
-- Installing: /home/misaka/fishbot/install/nav2_behavior_tree/include//nav2_behavior_tree/plugins/action/drive_on_heading_action.hpp
-- Installing: /home/misaka/fishbot/install/nav2_behavior_tree/include//nav2_behavior_tree/plugins/action/controller_cancel_node.hpp
-- Installing: /home/misaka/fishbot/install/nav2_behavior_tree/include//nav2_behavior_tree/plugins/action/remove_passed_goals_action.hpp
-- Installing: /home/misaka/fishbot/install/nav2_behavior_tree/include//nav2_behavior_tree/plugins/action/controller_selector_node.hpp
-- Installing: /home/misaka/fishbot/install/nav2_behavior_tree/include//nav2_behavior_tree/plugins/action/reinitialize_global_localization_service.hpp
-- Installing: /home/misaka/fishbot/install/nav2_behavior_tree/include//nav2_behavior_tree/plugins/action/back_up_cancel_node.hpp
-- Installing: /home/misaka/fishbot/install/nav2_behavior_tree/include//nav2_behavior_tree/plugins/action/compute_path_through_poses_action.hpp
-- Installing: /home/misaka/fishbot/install/nav2_behavior_tree/include//nav2_behavior_tree/plugins/action/planner_selector_node.hpp
-- Installing: /home/misaka/fishbot/install/nav2_behavior_tree/include//nav2_behavior_tree/plugins/condition
-- Installing: /home/misaka/fishbot/install/nav2_behavior_tree/include//nav2_behavior_tree/plugins/condition/goal_reached_condition.hpp
-- Installing: /home/misaka/fishbot/install/nav2_behavior_tree/include//nav2_behavior_tree/plugins/condition/globally_updated_goal_condition.hpp
-- Installing: /home/misaka/fishbot/install/nav2_behavior_tree/include//nav2_behavior_tree/plugins/condition/is_path_valid_condition.hpp
-- Installing: /home/misaka/fishbot/install/nav2_behavior_tree/include//nav2_behavior_tree/plugins/condition/transform_available_condition.hpp
-- Installing: /home/misaka/fishbot/install/nav2_behavior_tree/include//nav2_behavior_tree/plugins/condition/goal_updated_condition.hpp
-- Installing: /home/misaka/fishbot/install/nav2_behavior_tree/include//nav2_behavior_tree/plugins/condition/time_expired_condition.hpp
-- Installing: /home/misaka/fishbot/install/nav2_behavior_tree/include//nav2_behavior_tree/plugins/condition/path_expiring_timer_condition.hpp
-- Installing: /home/misaka/fishbot/install/nav2_behavior_tree/include//nav2_behavior_tree/plugins/condition/distance_traveled_condition.hpp
-- Installing: /home/misaka/fishbot/install/nav2_behavior_tree/include//nav2_behavior_tree/plugins/condition/initial_pose_received_condition.hpp
-- Installing: /home/misaka/fishbot/install/nav2_behavior_tree/include//nav2_behavior_tree/plugins/condition/is_battery_low_condition.hpp
-- Installing: /home/misaka/fishbot/install/nav2_behavior_tree/include//nav2_behavior_tree/plugins/condition/is_stuck_condition.hpp
-- Installing: /home/misaka/fishbot/install/nav2_behavior_tree/include//nav2_behavior_tree/plugins/decorator
-- Installing: /home/misaka/fishbot/install/nav2_behavior_tree/include//nav2_behavior_tree/plugins/decorator/speed_controller.hpp
-- Installing: /home/misaka/fishbot/install/nav2_behavior_tree/include//nav2_behavior_tree/plugins/decorator/single_trigger_node.hpp
-- Installing: /home/misaka/fishbot/install/nav2_behavior_tree/include//nav2_behavior_tree/plugins/decorator/path_longer_on_approach.hpp
-- Installing: /home/misaka/fishbot/install/nav2_behavior_tree/include//nav2_behavior_tree/plugins/decorator/distance_controller.hpp
-- Installing: /home/misaka/fishbot/install/nav2_behavior_tree/include//nav2_behavior_tree/plugins/decorator/goal_updated_controller.hpp
-- Installing: /home/misaka/fishbot/install/nav2_behavior_tree/include//nav2_behavior_tree/plugins/decorator/rate_controller.hpp
-- Installing: /home/misaka/fishbot/install/nav2_behavior_tree/include//nav2_behavior_tree/plugins/decorator/goal_updater_node.hpp
-- Installing: /home/misaka/fishbot/install/nav2_behavior_tree/share/nav2_behavior_tree/nav2_tree_nodes.xml
-- Installing: /home/misaka/fishbot/install/nav2_behavior_tree/share/nav2_behavior_tree/environment/library_path.sh
-- Installing: /home/misaka/fishbot/install/nav2_behavior_tree/share/nav2_behavior_tree/environment/library_path.dsv
-- Installing: /home/misaka/fishbot/install/nav2_behavior_tree/share/ament_index/resource_index/package_run_dependencies/nav2_behavior_tree
-- Installing: /home/misaka/fishbot/install/nav2_behavior_tree/share/ament_index/resource_index/parent_prefix_path/nav2_behavior_tree
-- Installing: /home/misaka/fishbot/install/nav2_behavior_tree/share/nav2_behavior_tree/environment/ament_prefix_path.sh
-- Installing: /home/misaka/fishbot/install/nav2_behavior_tree/share/nav2_behavior_tree/environment/ament_prefix_path.dsv
-- Installing: /home/misaka/fishbot/install/nav2_behavior_tree/share/nav2_behavior_tree/environment/path.sh
-- Installing: /home/misaka/fishbot/install/nav2_behavior_tree/share/nav2_behavior_tree/environment/path.dsv
-- Installing: /home/misaka/fishbot/install/nav2_behavior_tree/share/nav2_behavior_tree/local_setup.bash
-- Installing: /home/misaka/fishbot/install/nav2_behavior_tree/share/nav2_behavior_tree/local_setup.sh
-- Installing: /home/misaka/fishbot/install/nav2_behavior_tree/share/nav2_behavior_tree/local_setup.zsh
-- Installing: /home/misaka/fishbot/install/nav2_behavior_tree/share/nav2_behavior_tree/local_setup.dsv
-- Installing: /home/misaka/fishbot/install/nav2_behavior_tree/share/nav2_behavior_tree/package.dsv
-- Installing: /home/misaka/fishbot/install/nav2_behavior_tree/share/ament_index/resource_index/packages/nav2_behavior_tree
-- Installing: /home/misaka/fishbot/install/nav2_behavior_tree/share/nav2_behavior_tree/cmake/ament_cmake_export_include_directories-extras.cmake
-- Installing: /home/misaka/fishbot/install/nav2_behavior_tree/share/nav2_behavior_tree/cmake/ament_cmake_export_libraries-extras.cmake
-- Installing: /home/misaka/fishbot/install/nav2_behavior_tree/share/nav2_behavior_tree/cmake/ament_cmake_export_dependencies-extras.cmake
-- Installing: /home/misaka/fishbot/install/nav2_behavior_tree/share/nav2_behavior_tree/cmake/nav2_behavior_treeConfig.cmake
-- Installing: /home/misaka/fishbot/install/nav2_behavior_tree/share/nav2_behavior_tree/cmake/nav2_behavior_treeConfig-version.cmake
-- Installing: /home/misaka/fishbot/install/nav2_behavior_tree/share/nav2_behavior_tree/package.xml
