[0.071s] Invoking command in '/home/misaka/fishbot/build/nav2_util': AMENT_PREFIX_PATH=/home/misaka/fishbot/install/nav2_msgs:/home/misaka/fishbot/install/nav2_common:${AMENT_PREFIX_PATH} CMAKE_PREFIX_PATH=/home/misaka/fishbot/install/nav2_msgs:/home/misaka/fishbot/install/nav2_common:/opt/ros/humble LD_LIBRARY_PATH=/home/misaka/fishbot/install/nav2_msgs/lib:${LD_LIBRARY_PATH} PYTHONPATH=/home/misaka/fishbot/install/nav2_msgs/local/lib/python3.10/dist-packages:/home/misaka/fishbot/install/nav2_common/local/lib/python3.10/dist-packages:${PYTHONPATH} /usr/bin/cmake --build /home/misaka/fishbot/build/nav2_util -- -j16 -l16
[0.445s] [  5%] Built target gtest_main
[0.450s] [ 10%] Built target gtest
[0.541s] [ 36%] Built target nav2_util_core
[0.605s] [ 42%] Built target test_execution_timer
[0.688s] [ 47%] Built target test_node_utils
[0.689s] [ 52%] Built target test_lifecycle_node
[0.694s] [ 57%] Built target test_string_utils
[0.697s] [ 63%] Built target lifecycle_bringup
[0.712s] [ 68%] Built target test_service_client
[0.723s] [ 73%] Built target test_actions
[0.725s] [ 78%] Built target test_lifecycle_utils
[0.736s] [ 89%] Built target test_odometry_utils
[0.737s] [ 89%] Built target test_geometry_utils
[0.737s] [ 94%] Built target test_lifecycle_cli_node
[0.747s] [100%] Built target test_robot_utils
[1.439s] Invoked command in '/home/misaka/fishbot/build/nav2_util' returned '0': AMENT_PREFIX_PATH=/home/misaka/fishbot/install/nav2_msgs:/home/misaka/fishbot/install/nav2_common:${AMENT_PREFIX_PATH} CMAKE_PREFIX_PATH=/home/misaka/fishbot/install/nav2_msgs:/home/misaka/fishbot/install/nav2_common:/opt/ros/humble LD_LIBRARY_PATH=/home/misaka/fishbot/install/nav2_msgs/lib:${LD_LIBRARY_PATH} PYTHONPATH=/home/misaka/fishbot/install/nav2_msgs/local/lib/python3.10/dist-packages:/home/misaka/fishbot/install/nav2_common/local/lib/python3.10/dist-packages:${PYTHONPATH} /usr/bin/cmake --build /home/misaka/fishbot/build/nav2_util -- -j16 -l16
[1.705s] Invoking command in '/home/misaka/fishbot/build/nav2_util': AMENT_PREFIX_PATH=/home/misaka/fishbot/install/nav2_msgs:/home/misaka/fishbot/install/nav2_common:${AMENT_PREFIX_PATH} CMAKE_PREFIX_PATH=/home/misaka/fishbot/install/nav2_msgs:/home/misaka/fishbot/install/nav2_common:/opt/ros/humble LD_LIBRARY_PATH=/home/misaka/fishbot/install/nav2_msgs/lib:${LD_LIBRARY_PATH} PYTHONPATH=/home/misaka/fishbot/install/nav2_msgs/local/lib/python3.10/dist-packages:/home/misaka/fishbot/install/nav2_common/local/lib/python3.10/dist-packages:${PYTHONPATH} /usr/bin/cmake --install /home/misaka/fishbot/build/nav2_util
[1.750s] -- Install configuration: "Release"
[1.751s] -- Up-to-date: /home/misaka/fishbot/install/nav2_util/include/
[1.751s] -- Up-to-date: /home/misaka/fishbot/install/nav2_util/include//nav2_util
[1.752s] -- Up-to-date: /home/misaka/fishbot/install/nav2_util/include//nav2_util/node_thread.hpp
[1.752s] -- Up-to-date: /home/misaka/fishbot/install/nav2_util/include//nav2_util/clear_entirely_costmap_service_client.hpp
[1.753s] -- Up-to-date: /home/misaka/fishbot/install/nav2_util/include//nav2_util/costmap.hpp
[1.753s] -- Up-to-date: /home/misaka/fishbot/install/nav2_util/include//nav2_util/odometry_utils.hpp
[1.754s] -- Up-to-date: /home/misaka/fishbot/install/nav2_util/include//nav2_util/geometry_utils.hpp
[1.754s] -- Up-to-date: /home/misaka/fishbot/install/nav2_util/include//nav2_util/lifecycle_utils.hpp
[1.754s] -- Up-to-date: /home/misaka/fishbot/install/nav2_util/include//nav2_util/robot_utils.hpp
[1.755s] -- Up-to-date: /home/misaka/fishbot/install/nav2_util/include//nav2_util/line_iterator.hpp
[1.756s] -- Up-to-date: /home/misaka/fishbot/install/nav2_util/include//nav2_util/string_utils.hpp
[1.757s] -- Up-to-date: /home/misaka/fishbot/install/nav2_util/include//nav2_util/lifecycle_node.hpp
[1.757s] -- Up-to-date: /home/misaka/fishbot/install/nav2_util/include//nav2_util/execution_timer.hpp
[1.758s] -- Up-to-date: /home/misaka/fishbot/install/nav2_util/include//nav2_util/service_client.hpp
[1.759s] -- Up-to-date: /home/misaka/fishbot/install/nav2_util/include//nav2_util/simple_action_server.hpp
[1.759s] -- Up-to-date: /home/misaka/fishbot/install/nav2_util/include//nav2_util/occ_grid_values.hpp
[1.760s] -- Up-to-date: /home/misaka/fishbot/install/nav2_util/include//nav2_util/node_utils.hpp
[1.761s] -- Up-to-date: /home/misaka/fishbot/install/nav2_util/include//nav2_util/lifecycle_service_client.hpp
[1.762s] -- Up-to-date: /home/misaka/fishbot/install/nav2_util/share/nav2_util/environment/library_path.sh
[1.763s] -- Up-to-date: /home/misaka/fishbot/install/nav2_util/share/nav2_util/environment/library_path.dsv
[1.764s] -- Up-to-date: /home/misaka/fishbot/install/nav2_util/share/ament_index/resource_index/package_run_dependencies/nav2_util
[1.765s] -- Up-to-date: /home/misaka/fishbot/install/nav2_util/share/ament_index/resource_index/parent_prefix_path/nav2_util
[1.766s] -- Up-to-date: /home/misaka/fishbot/install/nav2_util/share/nav2_util/environment/ament_prefix_path.sh
[1.766s] -- Up-to-date: /home/misaka/fishbot/install/nav2_util/share/nav2_util/environment/ament_prefix_path.dsv
[1.767s] -- Up-to-date: /home/misaka/fishbot/install/nav2_util/share/nav2_util/environment/path.sh
[1.767s] -- Up-to-date: /home/misaka/fishbot/install/nav2_util/share/nav2_util/environment/path.dsv
[1.767s] -- Up-to-date: /home/misaka/fishbot/install/nav2_util/share/nav2_util/local_setup.bash
[1.767s] -- Up-to-date: /home/misaka/fishbot/install/nav2_util/share/nav2_util/local_setup.sh
[1.767s] -- Up-to-date: /home/misaka/fishbot/install/nav2_util/share/nav2_util/local_setup.zsh
[1.767s] -- Up-to-date: /home/misaka/fishbot/install/nav2_util/share/nav2_util/local_setup.dsv
[1.767s] -- Installing: /home/misaka/fishbot/install/nav2_util/share/nav2_util/package.dsv
[1.768s] -- Up-to-date: /home/misaka/fishbot/install/nav2_util/share/ament_index/resource_index/packages/nav2_util
[1.768s] -- Up-to-date: /home/misaka/fishbot/install/nav2_util/share/nav2_util/cmake/ament_cmake_export_include_directories-extras.cmake
[1.768s] -- Up-to-date: /home/misaka/fishbot/install/nav2_util/share/nav2_util/cmake/ament_cmake_export_libraries-extras.cmake
[1.768s] -- Up-to-date: /home/misaka/fishbot/install/nav2_util/share/nav2_util/cmake/ament_cmake_export_dependencies-extras.cmake
[1.768s] -- Up-to-date: /home/misaka/fishbot/install/nav2_util/share/nav2_util/cmake/nav2_utilConfig.cmake
[1.769s] -- Up-to-date: /home/misaka/fishbot/install/nav2_util/share/nav2_util/cmake/nav2_utilConfig-version.cmake
[1.769s] -- Up-to-date: /home/misaka/fishbot/install/nav2_util/share/nav2_util/package.xml
[1.769s] -- Up-to-date: /home/misaka/fishbot/install/nav2_util/lib/libnav2_util_core.so
[1.769s] -- Up-to-date: /home/misaka/fishbot/install/nav2_util/lib/nav2_util/lifecycle_bringup
[1.775s] Invoked command in '/home/misaka/fishbot/build/nav2_util' returned '0': AMENT_PREFIX_PATH=/home/misaka/fishbot/install/nav2_msgs:/home/misaka/fishbot/install/nav2_common:${AMENT_PREFIX_PATH} CMAKE_PREFIX_PATH=/home/misaka/fishbot/install/nav2_msgs:/home/misaka/fishbot/install/nav2_common:/opt/ros/humble LD_LIBRARY_PATH=/home/misaka/fishbot/install/nav2_msgs/lib:${LD_LIBRARY_PATH} PYTHONPATH=/home/misaka/fishbot/install/nav2_msgs/local/lib/python3.10/dist-packages:/home/misaka/fishbot/install/nav2_common/local/lib/python3.10/dist-packages:${PYTHONPATH} /usr/bin/cmake --install /home/misaka/fishbot/build/nav2_util
