[0.142s] Invoking command in '/home/misaka/fishbot/build/nav2_pure_pursuit_controller': AMENT_PREFIX_PATH=/home/misaka/fishbot/install/nav2_core:/home/misaka/fishbot/install/nav2_costmap_2d:/home/misaka/fishbot/install/nav2_map_server:/home/misaka/fishbot/install/nav2_lifecycle_manager:/home/misaka/fishbot/install/nav2_util:/home/misaka/fishbot/install/nav2_voxel_grid:/home/misaka/fishbot/install/nav2_msgs:/home/misaka/fishbot/install/nav2_common:${AMENT_PREFIX_PATH} CMAKE_PREFIX_PATH=/home/misaka/fishbot/install/nav2_core:/home/misaka/fishbot/install/nav2_costmap_2d:/home/misaka/fishbot/install/nav2_map_server:/home/misaka/fishbot/install/nav2_lifecycle_manager:/home/misaka/fishbot/install/nav2_util:/home/misaka/fishbot/install/nav2_voxel_grid:/home/misaka/fishbot/install/nav2_msgs:/home/misaka/fishbot/install/nav2_common:/opt/ros/humble LD_LIBRARY_PATH=/home/misaka/fishbot/install/nav2_costmap_2d/lib:/home/misaka/fishbot/install/nav2_map_server/lib:/home/misaka/fishbot/install/nav2_lifecycle_manager/lib:/home/misaka/fishbot/install/nav2_util/lib:/home/misaka/fishbot/install/nav2_voxel_grid/lib:/home/misaka/fishbot/install/nav2_msgs/lib:${LD_LIBRARY_PATH} PYTHONPATH=/home/misaka/fishbot/install/nav2_msgs/local/lib/python3.10/dist-packages:/home/misaka/fishbot/install/nav2_common/local/lib/python3.10/dist-packages:${PYTHONPATH} /usr/bin/cmake /home/misaka/fishbot/src/nav2_pure_pursuit_controller -DCMAKE_INSTALL_PREFIX=/home/misaka/fishbot/install/nav2_pure_pursuit_controller
[0.424s] -- The C compiler identification is GNU 11.4.0
[0.705s] -- The CXX compiler identification is GNU 11.4.0
[0.738s] -- Detecting C compiler ABI info
[1.094s] -- Detecting C compiler ABI info - done
[1.130s] -- Check for working C compiler: /usr/bin/cc - skipped
[1.131s] -- Detecting C compile features
[1.135s] -- Detecting C compile features - done
[1.148s] -- Detecting CXX compiler ABI info
[1.588s] -- Detecting CXX compiler ABI info - done
[1.623s] -- Check for working CXX compiler: /usr/bin/c++ - skipped
[1.626s] -- Detecting CXX compile features
[1.633s] -- Detecting CXX compile features - done
[1.718s] -- Found ament_cmake: 1.3.10 (/opt/ros/humble/share/ament_cmake/cmake)
[2.466s] -- Found Python3: /usr/bin/python3 (found version "3.10.12") found components: Interpreter 
[2.998s] -- Found nav2_common: 1.1.0 (/home/misaka/fishbot/install/nav2_common/share/nav2_common/cmake)
[3.002s] -- Found nav2_core: 1.1.0 (/home/misaka/fishbot/install/nav2_core/share/nav2_core/cmake)
[3.223s] -- Found rosidl_generator_c: 3.1.5 (/opt/ros/humble/share/rosidl_generator_c/cmake)
[3.251s] -- Found rosidl_adapter: 3.1.5 (/opt/ros/humble/share/rosidl_adapter/cmake)
[3.287s] -- Found rosidl_generator_cpp: 3.1.5 (/opt/ros/humble/share/rosidl_generator_cpp/cmake)
[3.346s] -- Using all available rosidl_typesupport_c: rosidl_typesupport_fastrtps_c;rosidl_typesupport_introspection_c
[3.441s] -- Using all available rosidl_typesupport_cpp: rosidl_typesupport_fastrtps_cpp;rosidl_typesupport_introspection_cpp
[3.652s] -- Found rmw_implementation_cmake: 6.1.2 (/opt/ros/humble/share/rmw_implementation_cmake/cmake)
[3.667s] -- Found rmw_fastrtps_cpp: 6.2.7 (/opt/ros/humble/share/rmw_fastrtps_cpp/cmake)
[4.126s] -- Found OpenSSL: /usr/lib/x86_64-linux-gnu/libcrypto.so (found version "3.0.2")  
[4.289s] -- Found FastRTPS: /opt/ros/humble/include  
[4.470s] -- Using RMW implementation 'rmw_fastrtps_cpp' as default
[4.515s] -- Looking for pthread.h
[4.922s] -- Looking for pthread.h - found
[4.924s] -- Performing Test CMAKE_HAVE_LIBC_PTHREAD
[5.353s] -- Performing Test CMAKE_HAVE_LIBC_PTHREAD - Success
[5.356s] -- Found Threads: TRUE  
[6.007s] -- Found Eigen3: TRUE (found version "3.4.0") 
[6.007s] -- Ensuring Eigen3 include directory is part of orocos-kdl CMake target
[6.109s] -- Setting build type to Release as none was specified.
[7.035s] -- Found ament_lint_auto: 0.12.11 (/opt/ros/humble/share/ament_lint_auto/cmake)
[7.398s] -- Added test 'cppcheck' to perform static code analysis on C / C++ code
[7.399s] -- Configured cppcheck include dirs: /home/misaka/fishbot/src/nav2_pure_pursuit_controller/include
[7.399s] -- Configured cppcheck exclude dirs and/or files: 
[7.403s] -- Added test 'cpplint' to check C / C++ code against the Google style
[7.403s] -- Configured cpplint exclude dirs and/or files: 
[7.406s] -- Added test 'lint_cmake' to check CMake code style
[7.411s] -- Added test 'uncrustify' to check C / C++ code style
[7.411s] -- Configured uncrustify additional arguments: 
[7.412s] -- Added test 'xmllint' to check XML markup files
[7.423s] -- Configuring done
[7.625s] -- Generating done
[7.632s] -- Build files have been written to: /home/misaka/fishbot/build/nav2_pure_pursuit_controller
[7.668s] Invoked command in '/home/misaka/fishbot/build/nav2_pure_pursuit_controller' returned '0': AMENT_PREFIX_PATH=/home/misaka/fishbot/install/nav2_core:/home/misaka/fishbot/install/nav2_costmap_2d:/home/misaka/fishbot/install/nav2_map_server:/home/misaka/fishbot/install/nav2_lifecycle_manager:/home/misaka/fishbot/install/nav2_util:/home/misaka/fishbot/install/nav2_voxel_grid:/home/misaka/fishbot/install/nav2_msgs:/home/misaka/fishbot/install/nav2_common:${AMENT_PREFIX_PATH} CMAKE_PREFIX_PATH=/home/misaka/fishbot/install/nav2_core:/home/misaka/fishbot/install/nav2_costmap_2d:/home/misaka/fishbot/install/nav2_map_server:/home/misaka/fishbot/install/nav2_lifecycle_manager:/home/misaka/fishbot/install/nav2_util:/home/misaka/fishbot/install/nav2_voxel_grid:/home/misaka/fishbot/install/nav2_msgs:/home/misaka/fishbot/install/nav2_common:/opt/ros/humble LD_LIBRARY_PATH=/home/misaka/fishbot/install/nav2_costmap_2d/lib:/home/misaka/fishbot/install/nav2_map_server/lib:/home/misaka/fishbot/install/nav2_lifecycle_manager/lib:/home/misaka/fishbot/install/nav2_util/lib:/home/misaka/fishbot/install/nav2_voxel_grid/lib:/home/misaka/fishbot/install/nav2_msgs/lib:${LD_LIBRARY_PATH} PYTHONPATH=/home/misaka/fishbot/install/nav2_msgs/local/lib/python3.10/dist-packages:/home/misaka/fishbot/install/nav2_common/local/lib/python3.10/dist-packages:${PYTHONPATH} /usr/bin/cmake /home/misaka/fishbot/src/nav2_pure_pursuit_controller -DCMAKE_INSTALL_PREFIX=/home/misaka/fishbot/install/nav2_pure_pursuit_controller
[7.676s] Invoking command in '/home/misaka/fishbot/build/nav2_pure_pursuit_controller': AMENT_PREFIX_PATH=/home/misaka/fishbot/install/nav2_core:/home/misaka/fishbot/install/nav2_costmap_2d:/home/misaka/fishbot/install/nav2_map_server:/home/misaka/fishbot/install/nav2_lifecycle_manager:/home/misaka/fishbot/install/nav2_util:/home/misaka/fishbot/install/nav2_voxel_grid:/home/misaka/fishbot/install/nav2_msgs:/home/misaka/fishbot/install/nav2_common:${AMENT_PREFIX_PATH} CMAKE_PREFIX_PATH=/home/misaka/fishbot/install/nav2_core:/home/misaka/fishbot/install/nav2_costmap_2d:/home/misaka/fishbot/install/nav2_map_server:/home/misaka/fishbot/install/nav2_lifecycle_manager:/home/misaka/fishbot/install/nav2_util:/home/misaka/fishbot/install/nav2_voxel_grid:/home/misaka/fishbot/install/nav2_msgs:/home/misaka/fishbot/install/nav2_common:/opt/ros/humble LD_LIBRARY_PATH=/home/misaka/fishbot/install/nav2_costmap_2d/lib:/home/misaka/fishbot/install/nav2_map_server/lib:/home/misaka/fishbot/install/nav2_lifecycle_manager/lib:/home/misaka/fishbot/install/nav2_util/lib:/home/misaka/fishbot/install/nav2_voxel_grid/lib:/home/misaka/fishbot/install/nav2_msgs/lib:${LD_LIBRARY_PATH} PYTHONPATH=/home/misaka/fishbot/install/nav2_msgs/local/lib/python3.10/dist-packages:/home/misaka/fishbot/install/nav2_common/local/lib/python3.10/dist-packages:${PYTHONPATH} /usr/bin/cmake --build /home/misaka/fishbot/build/nav2_pure_pursuit_controller -- -j16 -l16
[7.930s] [ 50%] [32mBuilding CXX object CMakeFiles/nav2_pure_pursuit_controller.dir/src/pure_pursuit_controller.cpp.o[0m
[35.482s] [100%] [32m[1mLinking CXX shared library libnav2_pure_pursuit_controller.so[0m
[36.513s] [100%] Built target nav2_pure_pursuit_controller
[36.558s] Invoked command in '/home/misaka/fishbot/build/nav2_pure_pursuit_controller' returned '0': AMENT_PREFIX_PATH=/home/misaka/fishbot/install/nav2_core:/home/misaka/fishbot/install/nav2_costmap_2d:/home/misaka/fishbot/install/nav2_map_server:/home/misaka/fishbot/install/nav2_lifecycle_manager:/home/misaka/fishbot/install/nav2_util:/home/misaka/fishbot/install/nav2_voxel_grid:/home/misaka/fishbot/install/nav2_msgs:/home/misaka/fishbot/install/nav2_common:${AMENT_PREFIX_PATH} CMAKE_PREFIX_PATH=/home/misaka/fishbot/install/nav2_core:/home/misaka/fishbot/install/nav2_costmap_2d:/home/misaka/fishbot/install/nav2_map_server:/home/misaka/fishbot/install/nav2_lifecycle_manager:/home/misaka/fishbot/install/nav2_util:/home/misaka/fishbot/install/nav2_voxel_grid:/home/misaka/fishbot/install/nav2_msgs:/home/misaka/fishbot/install/nav2_common:/opt/ros/humble LD_LIBRARY_PATH=/home/misaka/fishbot/install/nav2_costmap_2d/lib:/home/misaka/fishbot/install/nav2_map_server/lib:/home/misaka/fishbot/install/nav2_lifecycle_manager/lib:/home/misaka/fishbot/install/nav2_util/lib:/home/misaka/fishbot/install/nav2_voxel_grid/lib:/home/misaka/fishbot/install/nav2_msgs/lib:${LD_LIBRARY_PATH} PYTHONPATH=/home/misaka/fishbot/install/nav2_msgs/local/lib/python3.10/dist-packages:/home/misaka/fishbot/install/nav2_common/local/lib/python3.10/dist-packages:${PYTHONPATH} /usr/bin/cmake --build /home/misaka/fishbot/build/nav2_pure_pursuit_controller -- -j16 -l16
[36.720s] Invoking command in '/home/misaka/fishbot/build/nav2_pure_pursuit_controller': AMENT_PREFIX_PATH=/home/misaka/fishbot/install/nav2_core:/home/misaka/fishbot/install/nav2_costmap_2d:/home/misaka/fishbot/install/nav2_map_server:/home/misaka/fishbot/install/nav2_lifecycle_manager:/home/misaka/fishbot/install/nav2_util:/home/misaka/fishbot/install/nav2_voxel_grid:/home/misaka/fishbot/install/nav2_msgs:/home/misaka/fishbot/install/nav2_common:${AMENT_PREFIX_PATH} CMAKE_PREFIX_PATH=/home/misaka/fishbot/install/nav2_core:/home/misaka/fishbot/install/nav2_costmap_2d:/home/misaka/fishbot/install/nav2_map_server:/home/misaka/fishbot/install/nav2_lifecycle_manager:/home/misaka/fishbot/install/nav2_util:/home/misaka/fishbot/install/nav2_voxel_grid:/home/misaka/fishbot/install/nav2_msgs:/home/misaka/fishbot/install/nav2_common:/opt/ros/humble LD_LIBRARY_PATH=/home/misaka/fishbot/install/nav2_costmap_2d/lib:/home/misaka/fishbot/install/nav2_map_server/lib:/home/misaka/fishbot/install/nav2_lifecycle_manager/lib:/home/misaka/fishbot/install/nav2_util/lib:/home/misaka/fishbot/install/nav2_voxel_grid/lib:/home/misaka/fishbot/install/nav2_msgs/lib:${LD_LIBRARY_PATH} PYTHONPATH=/home/misaka/fishbot/install/nav2_msgs/local/lib/python3.10/dist-packages:/home/misaka/fishbot/install/nav2_common/local/lib/python3.10/dist-packages:${PYTHONPATH} /usr/bin/cmake --install /home/misaka/fishbot/build/nav2_pure_pursuit_controller
[36.748s] -- Install configuration: "Release"
[36.749s] -- Installing: /home/misaka/fishbot/install/nav2_pure_pursuit_controller/lib/libnav2_pure_pursuit_controller.so
[36.751s] -- Set runtime path of "/home/misaka/fishbot/install/nav2_pure_pursuit_controller/lib/libnav2_pure_pursuit_controller.so" to ""
[36.752s] -- Installing: /home/misaka/fishbot/install/nav2_pure_pursuit_controller/include/
[36.753s] -- Installing: /home/misaka/fishbot/install/nav2_pure_pursuit_controller/include//nav2_pure_pursuit_controller
[36.754s] -- Installing: /home/misaka/fishbot/install/nav2_pure_pursuit_controller/include//nav2_pure_pursuit_controller/pure_pursuit_controller.hpp
[36.754s] -- Installing: /home/misaka/fishbot/install/nav2_pure_pursuit_controller/share/nav2_pure_pursuit_controller/environment/library_path.sh
[36.755s] -- Installing: /home/misaka/fishbot/install/nav2_pure_pursuit_controller/share/nav2_pure_pursuit_controller/environment/library_path.dsv
[36.756s] -- Installing: /home/misaka/fishbot/install/nav2_pure_pursuit_controller/share/nav2_pure_pursuit_controller/nav2_pure_pursuit_controller.xml
[36.757s] -- Installing: /home/misaka/fishbot/install/nav2_pure_pursuit_controller/share/ament_index/resource_index/package_run_dependencies/nav2_pure_pursuit_controller
[36.758s] -- Installing: /home/misaka/fishbot/install/nav2_pure_pursuit_controller/share/ament_index/resource_index/parent_prefix_path/nav2_pure_pursuit_controller
[36.758s] -- Installing: /home/misaka/fishbot/install/nav2_pure_pursuit_controller/share/nav2_pure_pursuit_controller/environment/ament_prefix_path.sh
[36.759s] -- Installing: /home/misaka/fishbot/install/nav2_pure_pursuit_controller/share/nav2_pure_pursuit_controller/environment/ament_prefix_path.dsv
[36.760s] -- Installing: /home/misaka/fishbot/install/nav2_pure_pursuit_controller/share/nav2_pure_pursuit_controller/environment/path.sh
[36.761s] -- Installing: /home/misaka/fishbot/install/nav2_pure_pursuit_controller/share/nav2_pure_pursuit_controller/environment/path.dsv
[36.761s] -- Installing: /home/misaka/fishbot/install/nav2_pure_pursuit_controller/share/nav2_pure_pursuit_controller/local_setup.bash
[36.762s] -- Installing: /home/misaka/fishbot/install/nav2_pure_pursuit_controller/share/nav2_pure_pursuit_controller/local_setup.sh
[36.763s] -- Installing: /home/misaka/fishbot/install/nav2_pure_pursuit_controller/share/nav2_pure_pursuit_controller/local_setup.zsh
[36.763s] -- Installing: /home/misaka/fishbot/install/nav2_pure_pursuit_controller/share/nav2_pure_pursuit_controller/local_setup.dsv
[36.763s] -- Installing: /home/misaka/fishbot/install/nav2_pure_pursuit_controller/share/nav2_pure_pursuit_controller/package.dsv
[36.764s] -- Installing: /home/misaka/fishbot/install/nav2_pure_pursuit_controller/share/ament_index/resource_index/packages/nav2_pure_pursuit_controller
[36.764s] -- Installing: /home/misaka/fishbot/install/nav2_pure_pursuit_controller/share/ament_index/resource_index/nav2_core__pluginlib__plugin/nav2_pure_pursuit_controller
[36.764s] -- Installing: /home/misaka/fishbot/install/nav2_pure_pursuit_controller/share/nav2_pure_pursuit_controller/cmake/ament_cmake_export_include_directories-extras.cmake
[36.764s] -- Installing: /home/misaka/fishbot/install/nav2_pure_pursuit_controller/share/nav2_pure_pursuit_controller/cmake/ament_cmake_export_libraries-extras.cmake
[36.765s] -- Installing: /home/misaka/fishbot/install/nav2_pure_pursuit_controller/share/nav2_pure_pursuit_controller/cmake/ament_cmake_export_dependencies-extras.cmake
[36.766s] -- Installing: /home/misaka/fishbot/install/nav2_pure_pursuit_controller/share/nav2_pure_pursuit_controller/cmake/nav2_pure_pursuit_controllerConfig.cmake
[36.767s] -- Installing: /home/misaka/fishbot/install/nav2_pure_pursuit_controller/share/nav2_pure_pursuit_controller/cmake/nav2_pure_pursuit_controllerConfig-version.cmake
[36.769s] -- Installing: /home/misaka/fishbot/install/nav2_pure_pursuit_controller/share/nav2_pure_pursuit_controller/package.xml
[36.776s] Invoked command in '/home/misaka/fishbot/build/nav2_pure_pursuit_controller' returned '0': AMENT_PREFIX_PATH=/home/misaka/fishbot/install/nav2_core:/home/misaka/fishbot/install/nav2_costmap_2d:/home/misaka/fishbot/install/nav2_map_server:/home/misaka/fishbot/install/nav2_lifecycle_manager:/home/misaka/fishbot/install/nav2_util:/home/misaka/fishbot/install/nav2_voxel_grid:/home/misaka/fishbot/install/nav2_msgs:/home/misaka/fishbot/install/nav2_common:${AMENT_PREFIX_PATH} CMAKE_PREFIX_PATH=/home/misaka/fishbot/install/nav2_core:/home/misaka/fishbot/install/nav2_costmap_2d:/home/misaka/fishbot/install/nav2_map_server:/home/misaka/fishbot/install/nav2_lifecycle_manager:/home/misaka/fishbot/install/nav2_util:/home/misaka/fishbot/install/nav2_voxel_grid:/home/misaka/fishbot/install/nav2_msgs:/home/misaka/fishbot/install/nav2_common:/opt/ros/humble LD_LIBRARY_PATH=/home/misaka/fishbot/install/nav2_costmap_2d/lib:/home/misaka/fishbot/install/nav2_map_server/lib:/home/misaka/fishbot/install/nav2_lifecycle_manager/lib:/home/misaka/fishbot/install/nav2_util/lib:/home/misaka/fishbot/install/nav2_voxel_grid/lib:/home/misaka/fishbot/install/nav2_msgs/lib:${LD_LIBRARY_PATH} PYTHONPATH=/home/misaka/fishbot/install/nav2_msgs/local/lib/python3.10/dist-packages:/home/misaka/fishbot/install/nav2_common/local/lib/python3.10/dist-packages:${PYTHONPATH} /usr/bin/cmake --install /home/misaka/fishbot/build/nav2_pure_pursuit_controller
