[0.151s] Invoking command in '/home/misaka/fishbot/build/nav2_bt_navigator': AMENT_PREFIX_PATH=/home/misaka/fishbot/install/nav2_core:/home/misaka/fishbot/install/nav2_costmap_2d:/home/misaka/fishbot/install/nav2_map_server:/home/misaka/fishbot/install/nav2_lifecycle_manager:/home/misaka/fishbot/install/nav2_behavior_tree:/home/misaka/fishbot/install/nav2_util:/home/misaka/fishbot/install/nav2_voxel_grid:/home/misaka/fishbot/install/nav2_msgs:/home/misaka/fishbot/install/nav2_common:${AMENT_PREFIX_PATH} CMAKE_PREFIX_PATH=/home/misaka/fishbot/install/nav2_core:/home/misaka/fishbot/install/nav2_costmap_2d:/home/misaka/fishbot/install/nav2_map_server:/home/misaka/fishbot/install/nav2_lifecycle_manager:/home/misaka/fishbot/install/nav2_behavior_tree:/home/misaka/fishbot/install/nav2_util:/home/misaka/fishbot/install/nav2_voxel_grid:/home/misaka/fishbot/install/nav2_msgs:/home/misaka/fishbot/install/nav2_common:/opt/ros/humble LD_LIBRARY_PATH=/home/misaka/fishbot/install/nav2_costmap_2d/lib:/home/misaka/fishbot/install/nav2_map_server/lib:/home/misaka/fishbot/install/nav2_lifecycle_manager/lib:/home/misaka/fishbot/install/nav2_behavior_tree/lib:/home/misaka/fishbot/install/nav2_util/lib:/home/misaka/fishbot/install/nav2_voxel_grid/lib:/home/misaka/fishbot/install/nav2_msgs/lib:${LD_LIBRARY_PATH} PYTHONPATH=/home/misaka/fishbot/install/nav2_msgs/local/lib/python3.10/dist-packages:/home/misaka/fishbot/install/nav2_common/local/lib/python3.10/dist-packages:${PYTHONPATH} /usr/bin/cmake /home/misaka/fishbot/src/navigation/nav2_bt_navigator -DCMAKE_INSTALL_PREFIX=/home/misaka/fishbot/install/nav2_bt_navigator
[0.447s] -- The C compiler identification is GNU 11.4.0
[0.681s] -- The CXX compiler identification is GNU 11.4.0
[0.713s] -- Detecting C compiler ABI info
[1.021s] -- Detecting C compiler ABI info - done
[1.044s] -- Check for working C compiler: /usr/bin/cc - skipped
[1.044s] -- Detecting C compile features
[1.046s] -- Detecting C compile features - done
[1.057s] -- Detecting CXX compiler ABI info
[1.392s] -- Detecting CXX compiler ABI info - done
[1.415s] -- Check for working CXX compiler: /usr/bin/c++ - skipped
[1.416s] -- Detecting CXX compile features
[1.430s] -- Detecting CXX compile features - done
[1.442s] -- Found ament_cmake: 1.3.10 (/opt/ros/humble/share/ament_cmake/cmake)
[2.007s] -- Found Python3: /usr/bin/python3 (found version "3.10.12") found components: Interpreter 
[2.362s] -- Found nav2_common: 1.1.0 (/home/misaka/fishbot/install/nav2_common/share/nav2_common/cmake)
[2.372s] -- Found rclcpp: 16.0.10 (/opt/ros/humble/share/rclcpp/cmake)
[2.554s] -- Found rosidl_generator_c: 3.1.5 (/opt/ros/humble/share/rosidl_generator_c/cmake)
[2.580s] -- Found rosidl_adapter: 3.1.5 (/opt/ros/humble/share/rosidl_adapter/cmake)
[2.621s] -- Found rosidl_generator_cpp: 3.1.5 (/opt/ros/humble/share/rosidl_generator_cpp/cmake)
[2.673s] -- Using all available rosidl_typesupport_c: rosidl_typesupport_fastrtps_c;rosidl_typesupport_introspection_c
[2.743s] -- Using all available rosidl_typesupport_cpp: rosidl_typesupport_fastrtps_cpp;rosidl_typesupport_introspection_cpp
[2.933s] -- Found rmw_implementation_cmake: 6.1.2 (/opt/ros/humble/share/rmw_implementation_cmake/cmake)
[2.946s] -- Found rmw_fastrtps_cpp: 6.2.7 (/opt/ros/humble/share/rmw_fastrtps_cpp/cmake)
[3.334s] -- Found OpenSSL: /usr/lib/x86_64-linux-gnu/libcrypto.so (found version "3.0.2")  
[3.430s] -- Found FastRTPS: /opt/ros/humble/include  
[3.580s] -- Using RMW implementation 'rmw_fastrtps_cpp' as default
[3.627s] -- Looking for pthread.h
[3.953s] -- Looking for pthread.h - found
[3.954s] -- Performing Test CMAKE_HAVE_LIBC_PTHREAD
[4.268s] -- Performing Test CMAKE_HAVE_LIBC_PTHREAD - Success
[4.273s] -- Found Threads: TRUE  
[4.464s] -- Found rclcpp_action: 16.0.10 (/opt/ros/humble/share/rclcpp_action/cmake)
[4.596s] -- Found rclcpp_lifecycle: 16.0.10 (/opt/ros/humble/share/rclcpp_lifecycle/cmake)
[4.681s] -- Found rclcpp_components: 16.0.10 (/opt/ros/humble/share/rclcpp_components/cmake)
[4.783s] -- Found geometry_msgs: 4.2.4 (/opt/ros/humble/share/geometry_msgs/cmake)
[4.827s] -- Found nav2_behavior_tree: 1.1.0 (/home/misaka/fishbot/install/nav2_behavior_tree/share/nav2_behavior_tree/cmake)
[5.263s] -- Found eigen3_cmake_module: 0.1.1 (/opt/ros/humble/share/eigen3_cmake_module/cmake)
[5.268s] -- Found Eigen3: TRUE (found version "3.4.0") 
[5.268s] -- Ensuring Eigen3 include directory is part of orocos-kdl CMake target
[5.448s] -- Found nav2_core: 1.1.0 (/home/misaka/fishbot/install/nav2_core/share/nav2_core/cmake)
[5.801s] -- Setting build type to Release as none was specified.
[7.574s] -- Found ament_lint_auto: 0.12.11 (/opt/ros/humble/share/ament_lint_auto/cmake)
[7.883s] -- Added test 'copyright' to check source files copyright and LICENSE
[7.894s] -- Added test 'cppcheck' to perform static code analysis on C / C++ code
[7.896s] -- Configured cppcheck include dirs: /home/misaka/fishbot/src/navigation/nav2_bt_navigator/include
[7.896s] -- Configured cppcheck exclude dirs and/or files: 
[7.906s] -- Added test 'cpplint' to check C / C++ code against the Google style
[7.906s] -- Configured cpplint exclude dirs and/or files: 
[7.911s] -- Added test 'lint_cmake' to check CMake code style
[7.921s] -- Added test 'uncrustify' to check C / C++ code style
[7.922s] -- Configured uncrustify additional arguments: 
[7.924s] -- Added test 'xmllint' to check XML markup files
[7.934s] -- Configuring done
[8.536s] -- Generating done
[8.541s] -- Build files have been written to: /home/misaka/fishbot/build/nav2_bt_navigator
[8.579s] Invoked command in '/home/misaka/fishbot/build/nav2_bt_navigator' returned '0': AMENT_PREFIX_PATH=/home/misaka/fishbot/install/nav2_core:/home/misaka/fishbot/install/nav2_costmap_2d:/home/misaka/fishbot/install/nav2_map_server:/home/misaka/fishbot/install/nav2_lifecycle_manager:/home/misaka/fishbot/install/nav2_behavior_tree:/home/misaka/fishbot/install/nav2_util:/home/misaka/fishbot/install/nav2_voxel_grid:/home/misaka/fishbot/install/nav2_msgs:/home/misaka/fishbot/install/nav2_common:${AMENT_PREFIX_PATH} CMAKE_PREFIX_PATH=/home/misaka/fishbot/install/nav2_core:/home/misaka/fishbot/install/nav2_costmap_2d:/home/misaka/fishbot/install/nav2_map_server:/home/misaka/fishbot/install/nav2_lifecycle_manager:/home/misaka/fishbot/install/nav2_behavior_tree:/home/misaka/fishbot/install/nav2_util:/home/misaka/fishbot/install/nav2_voxel_grid:/home/misaka/fishbot/install/nav2_msgs:/home/misaka/fishbot/install/nav2_common:/opt/ros/humble LD_LIBRARY_PATH=/home/misaka/fishbot/install/nav2_costmap_2d/lib:/home/misaka/fishbot/install/nav2_map_server/lib:/home/misaka/fishbot/install/nav2_lifecycle_manager/lib:/home/misaka/fishbot/install/nav2_behavior_tree/lib:/home/misaka/fishbot/install/nav2_util/lib:/home/misaka/fishbot/install/nav2_voxel_grid/lib:/home/misaka/fishbot/install/nav2_msgs/lib:${LD_LIBRARY_PATH} PYTHONPATH=/home/misaka/fishbot/install/nav2_msgs/local/lib/python3.10/dist-packages:/home/misaka/fishbot/install/nav2_common/local/lib/python3.10/dist-packages:${PYTHONPATH} /usr/bin/cmake /home/misaka/fishbot/src/navigation/nav2_bt_navigator -DCMAKE_INSTALL_PREFIX=/home/misaka/fishbot/install/nav2_bt_navigator
[8.588s] Invoking command in '/home/misaka/fishbot/build/nav2_bt_navigator': AMENT_PREFIX_PATH=/home/misaka/fishbot/install/nav2_core:/home/misaka/fishbot/install/nav2_costmap_2d:/home/misaka/fishbot/install/nav2_map_server:/home/misaka/fishbot/install/nav2_lifecycle_manager:/home/misaka/fishbot/install/nav2_behavior_tree:/home/misaka/fishbot/install/nav2_util:/home/misaka/fishbot/install/nav2_voxel_grid:/home/misaka/fishbot/install/nav2_msgs:/home/misaka/fishbot/install/nav2_common:${AMENT_PREFIX_PATH} CMAKE_PREFIX_PATH=/home/misaka/fishbot/install/nav2_core:/home/misaka/fishbot/install/nav2_costmap_2d:/home/misaka/fishbot/install/nav2_map_server:/home/misaka/fishbot/install/nav2_lifecycle_manager:/home/misaka/fishbot/install/nav2_behavior_tree:/home/misaka/fishbot/install/nav2_util:/home/misaka/fishbot/install/nav2_voxel_grid:/home/misaka/fishbot/install/nav2_msgs:/home/misaka/fishbot/install/nav2_common:/opt/ros/humble LD_LIBRARY_PATH=/home/misaka/fishbot/install/nav2_costmap_2d/lib:/home/misaka/fishbot/install/nav2_map_server/lib:/home/misaka/fishbot/install/nav2_lifecycle_manager/lib:/home/misaka/fishbot/install/nav2_behavior_tree/lib:/home/misaka/fishbot/install/nav2_util/lib:/home/misaka/fishbot/install/nav2_voxel_grid/lib:/home/misaka/fishbot/install/nav2_msgs/lib:${LD_LIBRARY_PATH} PYTHONPATH=/home/misaka/fishbot/install/nav2_msgs/local/lib/python3.10/dist-packages:/home/misaka/fishbot/install/nav2_common/local/lib/python3.10/dist-packages:${PYTHONPATH} /usr/bin/cmake --build /home/misaka/fishbot/build/nav2_bt_navigator -- -j16 -l16
[8.831s] [ 16%] [32mBuilding CXX object CMakeFiles/bt_navigator_core.dir/src/bt_navigator.cpp.o[0m
[8.834s] [ 33%] [32mBuilding CXX object CMakeFiles/bt_navigator_core.dir/src/navigators/navigate_through_poses.cpp.o[0m
[8.835s] [ 50%] [32mBuilding CXX object CMakeFiles/bt_navigator_core.dir/src/navigators/navigate_to_pose.cpp.o[0m
[76.451s] [ 66%] [32m[1mLinking CXX shared library libbt_navigator_core.so[0m
[78.140s] [ 66%] Built target bt_navigator_core
[78.267s] [ 83%] [32mBuilding CXX object CMakeFiles/bt_navigator.dir/src/main.cpp.o[0m
[95.596s] [100%] [32m[1mLinking CXX executable bt_navigator[0m
[97.197s] [100%] Built target bt_navigator
[97.238s] Invoked command in '/home/misaka/fishbot/build/nav2_bt_navigator' returned '0': AMENT_PREFIX_PATH=/home/misaka/fishbot/install/nav2_core:/home/misaka/fishbot/install/nav2_costmap_2d:/home/misaka/fishbot/install/nav2_map_server:/home/misaka/fishbot/install/nav2_lifecycle_manager:/home/misaka/fishbot/install/nav2_behavior_tree:/home/misaka/fishbot/install/nav2_util:/home/misaka/fishbot/install/nav2_voxel_grid:/home/misaka/fishbot/install/nav2_msgs:/home/misaka/fishbot/install/nav2_common:${AMENT_PREFIX_PATH} CMAKE_PREFIX_PATH=/home/misaka/fishbot/install/nav2_core:/home/misaka/fishbot/install/nav2_costmap_2d:/home/misaka/fishbot/install/nav2_map_server:/home/misaka/fishbot/install/nav2_lifecycle_manager:/home/misaka/fishbot/install/nav2_behavior_tree:/home/misaka/fishbot/install/nav2_util:/home/misaka/fishbot/install/nav2_voxel_grid:/home/misaka/fishbot/install/nav2_msgs:/home/misaka/fishbot/install/nav2_common:/opt/ros/humble LD_LIBRARY_PATH=/home/misaka/fishbot/install/nav2_costmap_2d/lib:/home/misaka/fishbot/install/nav2_map_server/lib:/home/misaka/fishbot/install/nav2_lifecycle_manager/lib:/home/misaka/fishbot/install/nav2_behavior_tree/lib:/home/misaka/fishbot/install/nav2_util/lib:/home/misaka/fishbot/install/nav2_voxel_grid/lib:/home/misaka/fishbot/install/nav2_msgs/lib:${LD_LIBRARY_PATH} PYTHONPATH=/home/misaka/fishbot/install/nav2_msgs/local/lib/python3.10/dist-packages:/home/misaka/fishbot/install/nav2_common/local/lib/python3.10/dist-packages:${PYTHONPATH} /usr/bin/cmake --build /home/misaka/fishbot/build/nav2_bt_navigator -- -j16 -l16
[97.455s] Invoking command in '/home/misaka/fishbot/build/nav2_bt_navigator': AMENT_PREFIX_PATH=/home/misaka/fishbot/install/nav2_core:/home/misaka/fishbot/install/nav2_costmap_2d:/home/misaka/fishbot/install/nav2_map_server:/home/misaka/fishbot/install/nav2_lifecycle_manager:/home/misaka/fishbot/install/nav2_behavior_tree:/home/misaka/fishbot/install/nav2_util:/home/misaka/fishbot/install/nav2_voxel_grid:/home/misaka/fishbot/install/nav2_msgs:/home/misaka/fishbot/install/nav2_common:${AMENT_PREFIX_PATH} CMAKE_PREFIX_PATH=/home/misaka/fishbot/install/nav2_core:/home/misaka/fishbot/install/nav2_costmap_2d:/home/misaka/fishbot/install/nav2_map_server:/home/misaka/fishbot/install/nav2_lifecycle_manager:/home/misaka/fishbot/install/nav2_behavior_tree:/home/misaka/fishbot/install/nav2_util:/home/misaka/fishbot/install/nav2_voxel_grid:/home/misaka/fishbot/install/nav2_msgs:/home/misaka/fishbot/install/nav2_common:/opt/ros/humble LD_LIBRARY_PATH=/home/misaka/fishbot/install/nav2_costmap_2d/lib:/home/misaka/fishbot/install/nav2_map_server/lib:/home/misaka/fishbot/install/nav2_lifecycle_manager/lib:/home/misaka/fishbot/install/nav2_behavior_tree/lib:/home/misaka/fishbot/install/nav2_util/lib:/home/misaka/fishbot/install/nav2_voxel_grid/lib:/home/misaka/fishbot/install/nav2_msgs/lib:${LD_LIBRARY_PATH} PYTHONPATH=/home/misaka/fishbot/install/nav2_msgs/local/lib/python3.10/dist-packages:/home/misaka/fishbot/install/nav2_common/local/lib/python3.10/dist-packages:${PYTHONPATH} /usr/bin/cmake --install /home/misaka/fishbot/build/nav2_bt_navigator
[97.484s] -- Install configuration: "Release"
[97.484s] -- Installing: /home/misaka/fishbot/install/nav2_bt_navigator/lib/libbt_navigator_core.so
[97.494s] -- Set runtime path of "/home/misaka/fishbot/install/nav2_bt_navigator/lib/libbt_navigator_core.so" to ""
[97.495s] -- Installing: /home/misaka/fishbot/install/nav2_bt_navigator/lib/nav2_bt_navigator/bt_navigator
[97.495s] -- Set runtime path of "/home/misaka/fishbot/install/nav2_bt_navigator/lib/nav2_bt_navigator/bt_navigator" to ""
[97.495s] -- Installing: /home/misaka/fishbot/install/nav2_bt_navigator/include/
[97.496s] -- Installing: /home/misaka/fishbot/install/nav2_bt_navigator/include//nav2_bt_navigator
[97.498s] -- Installing: /home/misaka/fishbot/install/nav2_bt_navigator/include//nav2_bt_navigator/navigators
[97.498s] -- Installing: /home/misaka/fishbot/install/nav2_bt_navigator/include//nav2_bt_navigator/navigators/navigate_to_pose.hpp
[97.498s] -- Installing: /home/misaka/fishbot/install/nav2_bt_navigator/include//nav2_bt_navigator/navigators/navigate_through_poses.hpp
[97.498s] -- Installing: /home/misaka/fishbot/install/nav2_bt_navigator/include//nav2_bt_navigator/navigator.hpp
[97.499s] -- Installing: /home/misaka/fishbot/install/nav2_bt_navigator/include//nav2_bt_navigator/bt_navigator.hpp
[97.499s] -- Installing: /home/misaka/fishbot/install/nav2_bt_navigator/share/nav2_bt_navigator/behavior_trees
[97.499s] -- Installing: /home/misaka/fishbot/install/nav2_bt_navigator/share/nav2_bt_navigator/behavior_trees/navigate_w_replanning_time.xml
[97.500s] -- Installing: /home/misaka/fishbot/install/nav2_bt_navigator/share/nav2_bt_navigator/behavior_trees/nav_to_pose_with_consistent_replanning_and_if_path_becomes_invalid.xml
[97.500s] -- Installing: /home/misaka/fishbot/install/nav2_bt_navigator/share/nav2_bt_navigator/behavior_trees/odometry_calibration.xml
[97.501s] -- Installing: /home/misaka/fishbot/install/nav2_bt_navigator/share/nav2_bt_navigator/behavior_trees/navigate_w_recovery_and_replanning_only_if_path_becomes_invalid.xml
[97.502s] -- Installing: /home/misaka/fishbot/install/nav2_bt_navigator/share/nav2_bt_navigator/behavior_trees/navigate_through_poses_w_replanning_and_recovery.xml
[97.503s] -- Installing: /home/misaka/fishbot/install/nav2_bt_navigator/share/nav2_bt_navigator/behavior_trees/follow_point.xml
[97.505s] -- Installing: /home/misaka/fishbot/install/nav2_bt_navigator/share/nav2_bt_navigator/behavior_trees/navigate_w_replanning_only_if_path_becomes_invalid.xml
[97.506s] -- Installing: /home/misaka/fishbot/install/nav2_bt_navigator/share/nav2_bt_navigator/behavior_trees/navigate_w_replanning_only_if_goal_is_updated.xml
[97.506s] -- Installing: /home/misaka/fishbot/install/nav2_bt_navigator/share/nav2_bt_navigator/behavior_trees/navigate_to_pose_w_replanning_goal_patience_and_recovery.xml
[97.508s] -- Installing: /home/misaka/fishbot/install/nav2_bt_navigator/share/nav2_bt_navigator/behavior_trees/navigate_w_replanning_distance.xml
[97.510s] -- Installing: /home/misaka/fishbot/install/nav2_bt_navigator/share/nav2_bt_navigator/behavior_trees/navigate_to_pose_w_replanning_and_recovery.xml
[97.510s] -- Installing: /home/misaka/fishbot/install/nav2_bt_navigator/share/nav2_bt_navigator/behavior_trees/navigate_w_replanning_speed.xml
[97.512s] -- Installing: /home/misaka/fishbot/install/nav2_bt_navigator/share/nav2_bt_navigator/environment/library_path.sh
[97.513s] -- Installing: /home/misaka/fishbot/install/nav2_bt_navigator/share/nav2_bt_navigator/environment/library_path.dsv
[97.515s] -- Installing: /home/misaka/fishbot/install/nav2_bt_navigator/share/ament_index/resource_index/package_run_dependencies/nav2_bt_navigator
[97.515s] -- Installing: /home/misaka/fishbot/install/nav2_bt_navigator/share/ament_index/resource_index/parent_prefix_path/nav2_bt_navigator
[97.515s] -- Installing: /home/misaka/fishbot/install/nav2_bt_navigator/share/nav2_bt_navigator/environment/ament_prefix_path.sh
[97.516s] -- Installing: /home/misaka/fishbot/install/nav2_bt_navigator/share/nav2_bt_navigator/environment/ament_prefix_path.dsv
[97.516s] -- Installing: /home/misaka/fishbot/install/nav2_bt_navigator/share/nav2_bt_navigator/environment/path.sh
[97.518s] -- Installing: /home/misaka/fishbot/install/nav2_bt_navigator/share/nav2_bt_navigator/environment/path.dsv
[97.518s] -- Installing: /home/misaka/fishbot/install/nav2_bt_navigator/share/nav2_bt_navigator/local_setup.bash
[97.518s] -- Installing: /home/misaka/fishbot/install/nav2_bt_navigator/share/nav2_bt_navigator/local_setup.sh
[97.519s] -- Installing: /home/misaka/fishbot/install/nav2_bt_navigator/share/nav2_bt_navigator/local_setup.zsh
[97.519s] -- Installing: /home/misaka/fishbot/install/nav2_bt_navigator/share/nav2_bt_navigator/local_setup.dsv
[97.519s] -- Installing: /home/misaka/fishbot/install/nav2_bt_navigator/share/nav2_bt_navigator/package.dsv
[97.519s] -- Installing: /home/misaka/fishbot/install/nav2_bt_navigator/share/ament_index/resource_index/packages/nav2_bt_navigator
[97.519s] -- Installing: /home/misaka/fishbot/install/nav2_bt_navigator/share/ament_index/resource_index/rclcpp_components/nav2_bt_navigator
[97.519s] -- Installing: /home/misaka/fishbot/install/nav2_bt_navigator/share/nav2_bt_navigator/cmake/ament_cmake_export_include_directories-extras.cmake
[97.520s] -- Installing: /home/misaka/fishbot/install/nav2_bt_navigator/share/nav2_bt_navigator/cmake/ament_cmake_export_libraries-extras.cmake
[97.520s] -- Installing: /home/misaka/fishbot/install/nav2_bt_navigator/share/nav2_bt_navigator/cmake/ament_cmake_export_dependencies-extras.cmake
[97.521s] -- Installing: /home/misaka/fishbot/install/nav2_bt_navigator/share/nav2_bt_navigator/cmake/nav2_bt_navigatorConfig.cmake
[97.521s] -- Installing: /home/misaka/fishbot/install/nav2_bt_navigator/share/nav2_bt_navigator/cmake/nav2_bt_navigatorConfig-version.cmake
[97.522s] -- Installing: /home/misaka/fishbot/install/nav2_bt_navigator/share/nav2_bt_navigator/package.xml
[97.532s] Invoked command in '/home/misaka/fishbot/build/nav2_bt_navigator' returned '0': AMENT_PREFIX_PATH=/home/misaka/fishbot/install/nav2_core:/home/misaka/fishbot/install/nav2_costmap_2d:/home/misaka/fishbot/install/nav2_map_server:/home/misaka/fishbot/install/nav2_lifecycle_manager:/home/misaka/fishbot/install/nav2_behavior_tree:/home/misaka/fishbot/install/nav2_util:/home/misaka/fishbot/install/nav2_voxel_grid:/home/misaka/fishbot/install/nav2_msgs:/home/misaka/fishbot/install/nav2_common:${AMENT_PREFIX_PATH} CMAKE_PREFIX_PATH=/home/misaka/fishbot/install/nav2_core:/home/misaka/fishbot/install/nav2_costmap_2d:/home/misaka/fishbot/install/nav2_map_server:/home/misaka/fishbot/install/nav2_lifecycle_manager:/home/misaka/fishbot/install/nav2_behavior_tree:/home/misaka/fishbot/install/nav2_util:/home/misaka/fishbot/install/nav2_voxel_grid:/home/misaka/fishbot/install/nav2_msgs:/home/misaka/fishbot/install/nav2_common:/opt/ros/humble LD_LIBRARY_PATH=/home/misaka/fishbot/install/nav2_costmap_2d/lib:/home/misaka/fishbot/install/nav2_map_server/lib:/home/misaka/fishbot/install/nav2_lifecycle_manager/lib:/home/misaka/fishbot/install/nav2_behavior_tree/lib:/home/misaka/fishbot/install/nav2_util/lib:/home/misaka/fishbot/install/nav2_voxel_grid/lib:/home/misaka/fishbot/install/nav2_msgs/lib:${LD_LIBRARY_PATH} PYTHONPATH=/home/misaka/fishbot/install/nav2_msgs/local/lib/python3.10/dist-packages:/home/misaka/fishbot/install/nav2_common/local/lib/python3.10/dist-packages:${PYTHONPATH} /usr/bin/cmake --install /home/misaka/fishbot/build/nav2_bt_navigator
