[0.132s] Invoking command in '/home/misaka/fishbot/build/nav2_msgs': AMENT_PREFIX_PATH=/home/misaka/fishbot/install/nav2_common:${AMENT_PREFIX_PATH} CMAKE_PREFIX_PATH=/home/misaka/fishbot/install/nav2_common:/opt/ros/humble PYTHONPATH=/home/misaka/fishbot/install/nav2_common/local/lib/python3.10/dist-packages:${PYTHONPATH} /usr/bin/cmake --build /home/misaka/fishbot/build/nav2_msgs -- -j16 -l16
[0.445s] [  0%] Built target nav2_msgs__cpp
[0.518s] [ 12%] Built target nav2_msgs__rosidl_generator_c
[0.628s] [ 24%] Built target nav2_msgs__rosidl_typesupport_cpp
[0.640s] [ 46%] Built target nav2_msgs__rosidl_typesupport_fastrtps_cpp
[0.640s] [ 49%] Built target nav2_msgs__rosidl_typesupport_introspection_cpp
[0.687s] [ 63%] Built target nav2_msgs__rosidl_typesupport_introspection_c
[0.689s] [ 74%] Built target nav2_msgs__rosidl_typesupport_c
[0.699s] [ 74%] Built target ament_cmake_python_copy_nav2_msgs
[0.731s] [ 86%] Built target nav2_msgs__rosidl_typesupport_fastrtps_c
[0.855s] [ 86%] Built target nav2_msgs
[1.050s] [ 86%] Built target nav2_msgs__py
[1.176s] [ 98%] Built target nav2_msgs__rosidl_generator_py
[1.320s] [ 99%] Built target nav2_msgs__rosidl_typesupport_c__pyext
[1.328s] [100%] Built target nav2_msgs__rosidl_typesupport_fastrtps_c__pyext
[1.330s] [100%] Built target nav2_msgs__rosidl_typesupport_introspection_c__pyext
[1.823s] running egg_info
[1.825s] writing nav2_msgs.egg-info/PKG-INFO
[1.827s] writing dependency_links to nav2_msgs.egg-info/dependency_links.txt
[1.827s] writing top-level names to nav2_msgs.egg-info/top_level.txt
[1.840s] reading manifest file 'nav2_msgs.egg-info/SOURCES.txt'
[1.845s] writing manifest file 'nav2_msgs.egg-info/SOURCES.txt'
[1.959s] [100%] Built target ament_cmake_python_build_nav2_msgs_egg
[2.008s] Invoked command in '/home/misaka/fishbot/build/nav2_msgs' returned '0': AMENT_PREFIX_PATH=/home/misaka/fishbot/install/nav2_common:${AMENT_PREFIX_PATH} CMAKE_PREFIX_PATH=/home/misaka/fishbot/install/nav2_common:/opt/ros/humble PYTHONPATH=/home/misaka/fishbot/install/nav2_common/local/lib/python3.10/dist-packages:${PYTHONPATH} /usr/bin/cmake --build /home/misaka/fishbot/build/nav2_msgs -- -j16 -l16
[8.247s] Invoking command in '/home/misaka/fishbot/build/nav2_msgs': AMENT_PREFIX_PATH=/home/misaka/fishbot/install/nav2_common:${AMENT_PREFIX_PATH} CMAKE_PREFIX_PATH=/home/misaka/fishbot/install/nav2_common:/opt/ros/humble PYTHONPATH=/home/misaka/fishbot/install/nav2_common/local/lib/python3.10/dist-packages:${PYTHONPATH} /usr/bin/cmake --install /home/misaka/fishbot/build/nav2_msgs
[8.295s] -- Install configuration: "Release"
[8.296s] -- Up-to-date: /home/misaka/fishbot/install/nav2_msgs/share/ament_index/resource_index/rosidl_interfaces/nav2_msgs
[8.296s] -- Up-to-date: /home/misaka/fishbot/install/nav2_msgs/include/nav2_msgs/nav2_msgs
[8.299s] -- Up-to-date: /home/misaka/fishbot/install/nav2_msgs/include/nav2_msgs/nav2_msgs/srv
[8.300s] -- Up-to-date: /home/misaka/fishbot/install/nav2_msgs/include/nav2_msgs/nav2_msgs/srv/load_map.h
[8.302s] -- Up-to-date: /home/misaka/fishbot/install/nav2_msgs/include/nav2_msgs/nav2_msgs/srv/clear_costmap_except_region.h
[8.304s] -- Up-to-date: /home/misaka/fishbot/install/nav2_msgs/include/nav2_msgs/nav2_msgs/srv/manage_lifecycle_nodes.h
[8.306s] -- Up-to-date: /home/misaka/fishbot/install/nav2_msgs/include/nav2_msgs/nav2_msgs/srv/clear_costmap_around_robot.h
[8.311s] -- Up-to-date: /home/misaka/fishbot/install/nav2_msgs/include/nav2_msgs/nav2_msgs/srv/get_costmap.h
[8.312s] -- Up-to-date: /home/misaka/fishbot/install/nav2_msgs/include/nav2_msgs/nav2_msgs/srv/clear_entire_costmap.h
[8.313s] -- Up-to-date: /home/misaka/fishbot/install/nav2_msgs/include/nav2_msgs/nav2_msgs/srv/is_path_valid.h
[8.315s] -- Up-to-date: /home/misaka/fishbot/install/nav2_msgs/include/nav2_msgs/nav2_msgs/srv/detail
[8.316s] -- Up-to-date: /home/misaka/fishbot/install/nav2_msgs/include/nav2_msgs/nav2_msgs/srv/detail/clear_costmap_except_region__struct.h
[8.316s] -- Up-to-date: /home/misaka/fishbot/install/nav2_msgs/include/nav2_msgs/nav2_msgs/srv/detail/clear_costmap_except_region__type_support.h
[8.317s] -- Up-to-date: /home/misaka/fishbot/install/nav2_msgs/include/nav2_msgs/nav2_msgs/srv/detail/manage_lifecycle_nodes__struct.h
[8.318s] -- Up-to-date: /home/misaka/fishbot/install/nav2_msgs/include/nav2_msgs/nav2_msgs/srv/detail/load_map__type_support.h
[8.322s] -- Up-to-date: /home/misaka/fishbot/install/nav2_msgs/include/nav2_msgs/nav2_msgs/srv/detail/clear_costmap_around_robot__struct.h
[8.325s] -- Up-to-date: /home/misaka/fishbot/install/nav2_msgs/include/nav2_msgs/nav2_msgs/srv/detail/clear_costmap_around_robot__functions.h
[8.328s] -- Up-to-date: /home/misaka/fishbot/install/nav2_msgs/include/nav2_msgs/nav2_msgs/srv/detail/get_costmap__functions.c
[8.331s] -- Up-to-date: /home/misaka/fishbot/install/nav2_msgs/include/nav2_msgs/nav2_msgs/srv/detail/clear_entire_costmap__struct.h
[8.332s] -- Up-to-date: /home/misaka/fishbot/install/nav2_msgs/include/nav2_msgs/nav2_msgs/srv/detail/clear_entire_costmap__type_support.h
[8.332s] -- Up-to-date: /home/misaka/fishbot/install/nav2_msgs/include/nav2_msgs/nav2_msgs/srv/detail/load_map__functions.c
[8.333s] -- Up-to-date: /home/misaka/fishbot/install/nav2_msgs/include/nav2_msgs/nav2_msgs/srv/detail/save_map__functions.h
[8.333s] -- Up-to-date: /home/misaka/fishbot/install/nav2_msgs/include/nav2_msgs/nav2_msgs/srv/detail/save_map__struct.h
[8.334s] -- Up-to-date: /home/misaka/fishbot/install/nav2_msgs/include/nav2_msgs/nav2_msgs/srv/detail/save_map__functions.c
[8.338s] -- Up-to-date: /home/misaka/fishbot/install/nav2_msgs/include/nav2_msgs/nav2_msgs/srv/detail/manage_lifecycle_nodes__type_support.h
[8.341s] -- Up-to-date: /home/misaka/fishbot/install/nav2_msgs/include/nav2_msgs/nav2_msgs/srv/detail/is_path_valid__struct.h
[8.342s] -- Up-to-date: /home/misaka/fishbot/install/nav2_msgs/include/nav2_msgs/nav2_msgs/srv/detail/clear_costmap_except_region__functions.h
[8.344s] -- Up-to-date: /home/misaka/fishbot/install/nav2_msgs/include/nav2_msgs/nav2_msgs/srv/detail/clear_entire_costmap__functions.h
[8.344s] -- Up-to-date: /home/misaka/fishbot/install/nav2_msgs/include/nav2_msgs/nav2_msgs/srv/detail/get_costmap__functions.h
[8.344s] -- Up-to-date: /home/misaka/fishbot/install/nav2_msgs/include/nav2_msgs/nav2_msgs/srv/detail/save_map__type_support.h
[8.345s] -- Up-to-date: /home/misaka/fishbot/install/nav2_msgs/include/nav2_msgs/nav2_msgs/srv/detail/get_costmap__struct.h
[8.347s] -- Up-to-date: /home/misaka/fishbot/install/nav2_msgs/include/nav2_msgs/nav2_msgs/srv/detail/is_path_valid__type_support.h
[8.348s] -- Up-to-date: /home/misaka/fishbot/install/nav2_msgs/include/nav2_msgs/nav2_msgs/srv/detail/clear_costmap_except_region__functions.c
[8.350s] -- Up-to-date: /home/misaka/fishbot/install/nav2_msgs/include/nav2_msgs/nav2_msgs/srv/detail/is_path_valid__functions.c
[8.351s] -- Up-to-date: /home/misaka/fishbot/install/nav2_msgs/include/nav2_msgs/nav2_msgs/srv/detail/manage_lifecycle_nodes__functions.h
[8.354s] -- Up-to-date: /home/misaka/fishbot/install/nav2_msgs/include/nav2_msgs/nav2_msgs/srv/detail/get_costmap__type_support.h
[8.355s] -- Up-to-date: /home/misaka/fishbot/install/nav2_msgs/include/nav2_msgs/nav2_msgs/srv/detail/load_map__functions.h
[8.357s] -- Up-to-date: /home/misaka/fishbot/install/nav2_msgs/include/nav2_msgs/nav2_msgs/srv/detail/manage_lifecycle_nodes__functions.c
[8.361s] -- Up-to-date: /home/misaka/fishbot/install/nav2_msgs/include/nav2_msgs/nav2_msgs/srv/detail/clear_entire_costmap__functions.c
[8.362s] -- Up-to-date: /home/misaka/fishbot/install/nav2_msgs/include/nav2_msgs/nav2_msgs/srv/detail/is_path_valid__functions.h
[8.364s] -- Up-to-date: /home/misaka/fishbot/install/nav2_msgs/include/nav2_msgs/nav2_msgs/srv/detail/load_map__struct.h
[8.364s] -- Up-to-date: /home/misaka/fishbot/install/nav2_msgs/include/nav2_msgs/nav2_msgs/srv/detail/clear_costmap_around_robot__type_support.h
[8.365s] -- Up-to-date: /home/misaka/fishbot/install/nav2_msgs/include/nav2_msgs/nav2_msgs/srv/detail/clear_costmap_around_robot__functions.c
[8.367s] -- Up-to-date: /home/misaka/fishbot/install/nav2_msgs/include/nav2_msgs/nav2_msgs/srv/save_map.h
[8.369s] -- Up-to-date: /home/misaka/fishbot/install/nav2_msgs/include/nav2_msgs/nav2_msgs/action
[8.376s] -- Up-to-date: /home/misaka/fishbot/install/nav2_msgs/include/nav2_msgs/nav2_msgs/action/follow_waypoints.h
[8.378s] -- Up-to-date: /home/misaka/fishbot/install/nav2_msgs/include/nav2_msgs/nav2_msgs/action/dummy_behavior.h
[8.378s] -- Up-to-date: /home/misaka/fishbot/install/nav2_msgs/include/nav2_msgs/nav2_msgs/action/spin.h
[8.381s] -- Up-to-date: /home/misaka/fishbot/install/nav2_msgs/include/nav2_msgs/nav2_msgs/action/smooth_path.h
[8.381s] -- Up-to-date: /home/misaka/fishbot/install/nav2_msgs/include/nav2_msgs/nav2_msgs/action/wait.h
[8.382s] -- Up-to-date: /home/misaka/fishbot/install/nav2_msgs/include/nav2_msgs/nav2_msgs/action/back_up.h
[8.383s] -- Up-to-date: /home/misaka/fishbot/install/nav2_msgs/include/nav2_msgs/nav2_msgs/action/compute_path_through_poses.h
[8.384s] -- Up-to-date: /home/misaka/fishbot/install/nav2_msgs/include/nav2_msgs/nav2_msgs/action/navigate_to_pose.h
[8.385s] -- Up-to-date: /home/misaka/fishbot/install/nav2_msgs/include/nav2_msgs/nav2_msgs/action/detail
[8.385s] -- Up-to-date: /home/misaka/fishbot/install/nav2_msgs/include/nav2_msgs/nav2_msgs/action/detail/spin__type_support.h
[8.387s] -- Up-to-date: /home/misaka/fishbot/install/nav2_msgs/include/nav2_msgs/nav2_msgs/action/detail/follow_path__functions.c
[8.388s] -- Up-to-date: /home/misaka/fishbot/install/nav2_msgs/include/nav2_msgs/nav2_msgs/action/detail/wait__functions.c
[8.390s] -- Up-to-date: /home/misaka/fishbot/install/nav2_msgs/include/nav2_msgs/nav2_msgs/action/detail/dummy_behavior__struct.h
[8.392s] -- Up-to-date: /home/misaka/fishbot/install/nav2_msgs/include/nav2_msgs/nav2_msgs/action/detail/back_up__functions.h
[8.393s] -- Up-to-date: /home/misaka/fishbot/install/nav2_msgs/include/nav2_msgs/nav2_msgs/action/detail/compute_path_to_pose__functions.c
[8.393s] -- Up-to-date: /home/misaka/fishbot/install/nav2_msgs/include/nav2_msgs/nav2_msgs/action/detail/drive_on_heading__functions.h
[8.393s] -- Up-to-date: /home/misaka/fishbot/install/nav2_msgs/include/nav2_msgs/nav2_msgs/action/detail/wait__struct.h
[8.396s] -- Up-to-date: /home/misaka/fishbot/install/nav2_msgs/include/nav2_msgs/nav2_msgs/action/detail/assisted_teleop__functions.c
[8.397s] -- Up-to-date: /home/misaka/fishbot/install/nav2_msgs/include/nav2_msgs/nav2_msgs/action/detail/smooth_path__functions.h
[8.399s] -- Up-to-date: /home/misaka/fishbot/install/nav2_msgs/include/nav2_msgs/nav2_msgs/action/detail/navigate_through_poses__type_support.h
[8.401s] -- Up-to-date: /home/misaka/fishbot/install/nav2_msgs/include/nav2_msgs/nav2_msgs/action/detail/follow_path__functions.h
[8.401s] -- Up-to-date: /home/misaka/fishbot/install/nav2_msgs/include/nav2_msgs/nav2_msgs/action/detail/compute_path_through_poses__functions.h
[8.402s] -- Up-to-date: /home/misaka/fishbot/install/nav2_msgs/include/nav2_msgs/nav2_msgs/action/detail/compute_path_to_pose__type_support.h
[8.405s] -- Up-to-date: /home/misaka/fishbot/install/nav2_msgs/include/nav2_msgs/nav2_msgs/action/detail/back_up__struct.h
[8.406s] -- Up-to-date: /home/misaka/fishbot/install/nav2_msgs/include/nav2_msgs/nav2_msgs/action/detail/follow_path__type_support.h
[8.407s] -- Up-to-date: /home/misaka/fishbot/install/nav2_msgs/include/nav2_msgs/nav2_msgs/action/detail/assisted_teleop__type_support.h
[8.409s] -- Up-to-date: /home/misaka/fishbot/install/nav2_msgs/include/nav2_msgs/nav2_msgs/action/detail/follow_waypoints__type_support.h
[8.409s] -- Up-to-date: /home/misaka/fishbot/install/nav2_msgs/include/nav2_msgs/nav2_msgs/action/detail/back_up__functions.c
[8.410s] -- Up-to-date: /home/misaka/fishbot/install/nav2_msgs/include/nav2_msgs/nav2_msgs/action/detail/smooth_path__struct.h
[8.410s] -- Up-to-date: /home/misaka/fishbot/install/nav2_msgs/include/nav2_msgs/nav2_msgs/action/detail/dummy_behavior__type_support.h
[8.411s] -- Up-to-date: /home/misaka/fishbot/install/nav2_msgs/include/nav2_msgs/nav2_msgs/action/detail/compute_path_through_poses__functions.c
[8.414s] -- Up-to-date: /home/misaka/fishbot/install/nav2_msgs/include/nav2_msgs/nav2_msgs/action/detail/drive_on_heading__type_support.h
[8.415s] -- Up-to-date: /home/misaka/fishbot/install/nav2_msgs/include/nav2_msgs/nav2_msgs/action/detail/navigate_to_pose__functions.c
[8.419s] -- Up-to-date: /home/misaka/fishbot/install/nav2_msgs/include/nav2_msgs/nav2_msgs/action/detail/spin__functions.c
[8.420s] -- Up-to-date: /home/misaka/fishbot/install/nav2_msgs/include/nav2_msgs/nav2_msgs/action/detail/navigate_through_poses__functions.h
[8.421s] -- Up-to-date: /home/misaka/fishbot/install/nav2_msgs/include/nav2_msgs/nav2_msgs/action/detail/follow_path__struct.h
[8.422s] -- Up-to-date: /home/misaka/fishbot/install/nav2_msgs/include/nav2_msgs/nav2_msgs/action/detail/assisted_teleop__functions.h
[8.424s] -- Up-to-date: /home/misaka/fishbot/install/nav2_msgs/include/nav2_msgs/nav2_msgs/action/detail/wait__type_support.h
[8.427s] -- Up-to-date: /home/misaka/fishbot/install/nav2_msgs/include/nav2_msgs/nav2_msgs/action/detail/dummy_behavior__functions.c
[8.428s] -- Up-to-date: /home/misaka/fishbot/install/nav2_msgs/include/nav2_msgs/nav2_msgs/action/detail/navigate_to_pose__struct.h
[8.428s] -- Up-to-date: /home/misaka/fishbot/install/nav2_msgs/include/nav2_msgs/nav2_msgs/action/detail/navigate_to_pose__type_support.h
[8.429s] -- Up-to-date: /home/misaka/fishbot/install/nav2_msgs/include/nav2_msgs/nav2_msgs/action/detail/follow_waypoints__struct.h
[8.429s] -- Up-to-date: /home/misaka/fishbot/install/nav2_msgs/include/nav2_msgs/nav2_msgs/action/detail/spin__struct.h
[8.429s] -- Up-to-date: /home/misaka/fishbot/install/nav2_msgs/include/nav2_msgs/nav2_msgs/action/detail/smooth_path__functions.c
[8.430s] -- Up-to-date: /home/misaka/fishbot/install/nav2_msgs/include/nav2_msgs/nav2_msgs/action/detail/navigate_to_pose__functions.h
[8.431s] -- Up-to-date: /home/misaka/fishbot/install/nav2_msgs/include/nav2_msgs/nav2_msgs/action/detail/follow_waypoints__functions.c
[8.431s] -- Up-to-date: /home/misaka/fishbot/install/nav2_msgs/include/nav2_msgs/nav2_msgs/action/detail/compute_path_to_pose__functions.h
[8.432s] -- Up-to-date: /home/misaka/fishbot/install/nav2_msgs/include/nav2_msgs/nav2_msgs/action/detail/follow_waypoints__functions.h
[8.433s] -- Up-to-date: /home/misaka/fishbot/install/nav2_msgs/include/nav2_msgs/nav2_msgs/action/detail/drive_on_heading__struct.h
[8.433s] -- Up-to-date: /home/misaka/fishbot/install/nav2_msgs/include/nav2_msgs/nav2_msgs/action/detail/back_up__type_support.h
[8.435s] -- Up-to-date: /home/misaka/fishbot/install/nav2_msgs/include/nav2_msgs/nav2_msgs/action/detail/spin__functions.h
[8.436s] -- Up-to-date: /home/misaka/fishbot/install/nav2_msgs/include/nav2_msgs/nav2_msgs/action/detail/wait__functions.h
[8.437s] -- Up-to-date: /home/misaka/fishbot/install/nav2_msgs/include/nav2_msgs/nav2_msgs/action/detail/drive_on_heading__functions.c
[8.438s] -- Up-to-date: /home/misaka/fishbot/install/nav2_msgs/include/nav2_msgs/nav2_msgs/action/detail/compute_path_through_poses__type_support.h
[8.438s] -- Up-to-date: /home/misaka/fishbot/install/nav2_msgs/include/nav2_msgs/nav2_msgs/action/detail/smooth_path__type_support.h
[8.439s] -- Up-to-date: /home/misaka/fishbot/install/nav2_msgs/include/nav2_msgs/nav2_msgs/action/detail/compute_path_to_pose__struct.h
[8.439s] -- Up-to-date: /home/misaka/fishbot/install/nav2_msgs/include/nav2_msgs/nav2_msgs/action/detail/assisted_teleop__struct.h
[8.439s] -- Up-to-date: /home/misaka/fishbot/install/nav2_msgs/include/nav2_msgs/nav2_msgs/action/detail/navigate_through_poses__struct.h
[8.439s] -- Up-to-date: /home/misaka/fishbot/install/nav2_msgs/include/nav2_msgs/nav2_msgs/action/detail/navigate_through_poses__functions.c
[8.440s] -- Up-to-date: /home/misaka/fishbot/install/nav2_msgs/include/nav2_msgs/nav2_msgs/action/detail/compute_path_through_poses__struct.h
[8.440s] -- Up-to-date: /home/misaka/fishbot/install/nav2_msgs/include/nav2_msgs/nav2_msgs/action/detail/dummy_behavior__functions.h
[8.440s] -- Up-to-date: /home/misaka/fishbot/install/nav2_msgs/include/nav2_msgs/nav2_msgs/action/drive_on_heading.h
[8.440s] -- Up-to-date: /home/misaka/fishbot/install/nav2_msgs/include/nav2_msgs/nav2_msgs/action/compute_path_to_pose.h
[8.441s] -- Up-to-date: /home/misaka/fishbot/install/nav2_msgs/include/nav2_msgs/nav2_msgs/action/navigate_through_poses.h
[8.442s] -- Up-to-date: /home/misaka/fishbot/install/nav2_msgs/include/nav2_msgs/nav2_msgs/action/assisted_teleop.h
[8.442s] -- Up-to-date: /home/misaka/fishbot/install/nav2_msgs/include/nav2_msgs/nav2_msgs/action/follow_path.h
[8.442s] -- Up-to-date: /home/misaka/fishbot/install/nav2_msgs/include/nav2_msgs/nav2_msgs/msg
[8.442s] -- Up-to-date: /home/misaka/fishbot/install/nav2_msgs/include/nav2_msgs/nav2_msgs/msg/particle_cloud.h
[8.442s] -- Up-to-date: /home/misaka/fishbot/install/nav2_msgs/include/nav2_msgs/nav2_msgs/msg/voxel_grid.h
[8.442s] -- Up-to-date: /home/misaka/fishbot/install/nav2_msgs/include/nav2_msgs/nav2_msgs/msg/behavior_tree_status_change.h
[8.443s] -- Up-to-date: /home/misaka/fishbot/install/nav2_msgs/include/nav2_msgs/nav2_msgs/msg/rosidl_generator_c__visibility_control.h
[8.443s] -- Up-to-date: /home/misaka/fishbot/install/nav2_msgs/include/nav2_msgs/nav2_msgs/msg/costmap_filter_info.h
[8.443s] -- Up-to-date: /home/misaka/fishbot/install/nav2_msgs/include/nav2_msgs/nav2_msgs/msg/detail
[8.444s] -- Up-to-date: /home/misaka/fishbot/install/nav2_msgs/include/nav2_msgs/nav2_msgs/msg/detail/particle_cloud__functions.c
[8.444s] -- Up-to-date: /home/misaka/fishbot/install/nav2_msgs/include/nav2_msgs/nav2_msgs/msg/detail/costmap_filter_info__type_support.h
[8.444s] -- Up-to-date: /home/misaka/fishbot/install/nav2_msgs/include/nav2_msgs/nav2_msgs/msg/detail/particle_cloud__struct.h
[8.444s] -- Up-to-date: /home/misaka/fishbot/install/nav2_msgs/include/nav2_msgs/nav2_msgs/msg/detail/speed_limit__functions.h
[8.445s] -- Up-to-date: /home/misaka/fishbot/install/nav2_msgs/include/nav2_msgs/nav2_msgs/msg/detail/particle_cloud__functions.h
[8.445s] -- Up-to-date: /home/misaka/fishbot/install/nav2_msgs/include/nav2_msgs/nav2_msgs/msg/detail/costmap__type_support.h
[8.445s] -- Up-to-date: /home/misaka/fishbot/install/nav2_msgs/include/nav2_msgs/nav2_msgs/msg/detail/voxel_grid__struct.h
[8.446s] -- Up-to-date: /home/misaka/fishbot/install/nav2_msgs/include/nav2_msgs/nav2_msgs/msg/detail/particle_cloud__type_support.h
[8.446s] -- Up-to-date: /home/misaka/fishbot/install/nav2_msgs/include/nav2_msgs/nav2_msgs/msg/detail/costmap_meta_data__functions.c
[8.447s] -- Up-to-date: /home/misaka/fishbot/install/nav2_msgs/include/nav2_msgs/nav2_msgs/msg/detail/behavior_tree_status_change__struct.h
[8.448s] -- Up-to-date: /home/misaka/fishbot/install/nav2_msgs/include/nav2_msgs/nav2_msgs/msg/detail/behavior_tree_status_change__functions.h
[8.449s] -- Up-to-date: /home/misaka/fishbot/install/nav2_msgs/include/nav2_msgs/nav2_msgs/msg/detail/particle__functions.h
[8.451s] -- Up-to-date: /home/misaka/fishbot/install/nav2_msgs/include/nav2_msgs/nav2_msgs/msg/detail/speed_limit__functions.c
[8.452s] -- Up-to-date: /home/misaka/fishbot/install/nav2_msgs/include/nav2_msgs/nav2_msgs/msg/detail/costmap_filter_info__functions.h
[8.452s] -- Up-to-date: /home/misaka/fishbot/install/nav2_msgs/include/nav2_msgs/nav2_msgs/msg/detail/costmap__functions.h
[8.453s] -- Up-to-date: /home/misaka/fishbot/install/nav2_msgs/include/nav2_msgs/nav2_msgs/msg/detail/costmap_filter_info__functions.c
[8.454s] -- Up-to-date: /home/misaka/fishbot/install/nav2_msgs/include/nav2_msgs/nav2_msgs/msg/detail/voxel_grid__functions.c
[8.454s] -- Up-to-date: /home/misaka/fishbot/install/nav2_msgs/include/nav2_msgs/nav2_msgs/msg/detail/voxel_grid__functions.h
[8.454s] -- Up-to-date: /home/misaka/fishbot/install/nav2_msgs/include/nav2_msgs/nav2_msgs/msg/detail/costmap_meta_data__struct.h
[8.454s] -- Up-to-date: /home/misaka/fishbot/install/nav2_msgs/include/nav2_msgs/nav2_msgs/msg/detail/behavior_tree_log__type_support.h
[8.455s] -- Up-to-date: /home/misaka/fishbot/install/nav2_msgs/include/nav2_msgs/nav2_msgs/msg/detail/particle__functions.c
[8.455s] -- Up-to-date: /home/misaka/fishbot/install/nav2_msgs/include/nav2_msgs/nav2_msgs/msg/detail/particle__struct.h
[8.456s] -- Up-to-date: /home/misaka/fishbot/install/nav2_msgs/include/nav2_msgs/nav2_msgs/msg/detail/speed_limit__type_support.h
[8.456s] -- Up-to-date: /home/misaka/fishbot/install/nav2_msgs/include/nav2_msgs/nav2_msgs/msg/detail/behavior_tree_log__functions.h
[8.456s] -- Up-to-date: /home/misaka/fishbot/install/nav2_msgs/include/nav2_msgs/nav2_msgs/msg/detail/behavior_tree_log__functions.c
[8.456s] -- Up-to-date: /home/misaka/fishbot/install/nav2_msgs/include/nav2_msgs/nav2_msgs/msg/detail/costmap__struct.h
[8.457s] -- Up-to-date: /home/misaka/fishbot/install/nav2_msgs/include/nav2_msgs/nav2_msgs/msg/detail/behavior_tree_status_change__type_support.h
[8.457s] -- Up-to-date: /home/misaka/fishbot/install/nav2_msgs/include/nav2_msgs/nav2_msgs/msg/detail/costmap_filter_info__struct.h
[8.458s] -- Up-to-date: /home/misaka/fishbot/install/nav2_msgs/include/nav2_msgs/nav2_msgs/msg/detail/voxel_grid__type_support.h
[8.458s] -- Up-to-date: /home/misaka/fishbot/install/nav2_msgs/include/nav2_msgs/nav2_msgs/msg/detail/behavior_tree_log__struct.h
[8.458s] -- Up-to-date: /home/misaka/fishbot/install/nav2_msgs/include/nav2_msgs/nav2_msgs/msg/detail/speed_limit__struct.h
[8.458s] -- Up-to-date: /home/misaka/fishbot/install/nav2_msgs/include/nav2_msgs/nav2_msgs/msg/detail/behavior_tree_status_change__functions.c
[8.458s] -- Up-to-date: /home/misaka/fishbot/install/nav2_msgs/include/nav2_msgs/nav2_msgs/msg/detail/costmap_meta_data__functions.h
[8.458s] -- Up-to-date: /home/misaka/fishbot/install/nav2_msgs/include/nav2_msgs/nav2_msgs/msg/detail/costmap__functions.c
[8.459s] -- Up-to-date: /home/misaka/fishbot/install/nav2_msgs/include/nav2_msgs/nav2_msgs/msg/detail/costmap_meta_data__type_support.h
[8.459s] -- Up-to-date: /home/misaka/fishbot/install/nav2_msgs/include/nav2_msgs/nav2_msgs/msg/detail/particle__type_support.h
[8.460s] -- Up-to-date: /home/misaka/fishbot/install/nav2_msgs/include/nav2_msgs/nav2_msgs/msg/speed_limit.h
[8.460s] -- Up-to-date: /home/misaka/fishbot/install/nav2_msgs/include/nav2_msgs/nav2_msgs/msg/particle.h
[8.461s] -- Up-to-date: /home/misaka/fishbot/install/nav2_msgs/include/nav2_msgs/nav2_msgs/msg/costmap.h
[8.461s] -- Up-to-date: /home/misaka/fishbot/install/nav2_msgs/include/nav2_msgs/nav2_msgs/msg/costmap_meta_data.h
[8.461s] -- Up-to-date: /home/misaka/fishbot/install/nav2_msgs/include/nav2_msgs/nav2_msgs/msg/behavior_tree_log.h
[8.461s] -- Up-to-date: /home/misaka/fishbot/install/nav2_msgs/share/nav2_msgs/environment/library_path.sh
[8.462s] -- Up-to-date: /home/misaka/fishbot/install/nav2_msgs/share/nav2_msgs/environment/library_path.dsv
[8.463s] -- Up-to-date: /home/misaka/fishbot/install/nav2_msgs/lib/libnav2_msgs__rosidl_generator_c.so
[8.463s] -- Up-to-date: /home/misaka/fishbot/install/nav2_msgs/include/nav2_msgs/nav2_msgs
[8.464s] -- Up-to-date: /home/misaka/fishbot/install/nav2_msgs/include/nav2_msgs/nav2_msgs/srv
[8.464s] -- Up-to-date: /home/misaka/fishbot/install/nav2_msgs/include/nav2_msgs/nav2_msgs/srv/detail
[8.464s] -- Up-to-date: /home/misaka/fishbot/install/nav2_msgs/include/nav2_msgs/nav2_msgs/srv/detail/clear_entire_costmap__rosidl_typesupport_fastrtps_c.h
[8.465s] -- Up-to-date: /home/misaka/fishbot/install/nav2_msgs/include/nav2_msgs/nav2_msgs/srv/detail/get_costmap__rosidl_typesupport_fastrtps_c.h
[8.465s] -- Up-to-date: /home/misaka/fishbot/install/nav2_msgs/include/nav2_msgs/nav2_msgs/srv/detail/save_map__rosidl_typesupport_fastrtps_c.h
[8.465s] -- Up-to-date: /home/misaka/fishbot/install/nav2_msgs/include/nav2_msgs/nav2_msgs/srv/detail/is_path_valid__rosidl_typesupport_fastrtps_c.h
[8.465s] -- Up-to-date: /home/misaka/fishbot/install/nav2_msgs/include/nav2_msgs/nav2_msgs/srv/detail/load_map__rosidl_typesupport_fastrtps_c.h
[8.466s] -- Up-to-date: /home/misaka/fishbot/install/nav2_msgs/include/nav2_msgs/nav2_msgs/srv/detail/clear_costmap_except_region__rosidl_typesupport_fastrtps_c.h
[8.466s] -- Up-to-date: /home/misaka/fishbot/install/nav2_msgs/include/nav2_msgs/nav2_msgs/srv/detail/clear_costmap_around_robot__rosidl_typesupport_fastrtps_c.h
[8.466s] -- Up-to-date: /home/misaka/fishbot/install/nav2_msgs/include/nav2_msgs/nav2_msgs/srv/detail/manage_lifecycle_nodes__rosidl_typesupport_fastrtps_c.h
[8.466s] -- Up-to-date: /home/misaka/fishbot/install/nav2_msgs/include/nav2_msgs/nav2_msgs/action
[8.466s] -- Up-to-date: /home/misaka/fishbot/install/nav2_msgs/include/nav2_msgs/nav2_msgs/action/detail
[8.466s] -- Up-to-date: /home/misaka/fishbot/install/nav2_msgs/include/nav2_msgs/nav2_msgs/action/detail/navigate_through_poses__rosidl_typesupport_fastrtps_c.h
[8.467s] -- Up-to-date: /home/misaka/fishbot/install/nav2_msgs/include/nav2_msgs/nav2_msgs/action/detail/compute_path_to_pose__rosidl_typesupport_fastrtps_c.h
[8.467s] -- Up-to-date: /home/misaka/fishbot/install/nav2_msgs/include/nav2_msgs/nav2_msgs/action/detail/assisted_teleop__rosidl_typesupport_fastrtps_c.h
[8.467s] -- Up-to-date: /home/misaka/fishbot/install/nav2_msgs/include/nav2_msgs/nav2_msgs/action/detail/wait__rosidl_typesupport_fastrtps_c.h
[8.468s] -- Up-to-date: /home/misaka/fishbot/install/nav2_msgs/include/nav2_msgs/nav2_msgs/action/detail/compute_path_through_poses__rosidl_typesupport_fastrtps_c.h
[8.468s] -- Up-to-date: /home/misaka/fishbot/install/nav2_msgs/include/nav2_msgs/nav2_msgs/action/detail/navigate_to_pose__rosidl_typesupport_fastrtps_c.h
[8.469s] -- Up-to-date: /home/misaka/fishbot/install/nav2_msgs/include/nav2_msgs/nav2_msgs/action/detail/follow_path__rosidl_typesupport_fastrtps_c.h
[8.469s] -- Up-to-date: /home/misaka/fishbot/install/nav2_msgs/include/nav2_msgs/nav2_msgs/action/detail/spin__rosidl_typesupport_fastrtps_c.h
[8.470s] -- Up-to-date: /home/misaka/fishbot/install/nav2_msgs/include/nav2_msgs/nav2_msgs/action/detail/drive_on_heading__rosidl_typesupport_fastrtps_c.h
[8.470s] -- Up-to-date: /home/misaka/fishbot/install/nav2_msgs/include/nav2_msgs/nav2_msgs/action/detail/smooth_path__rosidl_typesupport_fastrtps_c.h
[8.470s] -- Up-to-date: /home/misaka/fishbot/install/nav2_msgs/include/nav2_msgs/nav2_msgs/action/detail/follow_waypoints__rosidl_typesupport_fastrtps_c.h
[8.470s] -- Up-to-date: /home/misaka/fishbot/install/nav2_msgs/include/nav2_msgs/nav2_msgs/action/detail/back_up__rosidl_typesupport_fastrtps_c.h
[8.470s] -- Up-to-date: /home/misaka/fishbot/install/nav2_msgs/include/nav2_msgs/nav2_msgs/action/detail/dummy_behavior__rosidl_typesupport_fastrtps_c.h
[8.471s] -- Up-to-date: /home/misaka/fishbot/install/nav2_msgs/include/nav2_msgs/nav2_msgs/msg
[8.471s] -- Up-to-date: /home/misaka/fishbot/install/nav2_msgs/include/nav2_msgs/nav2_msgs/msg/rosidl_typesupport_fastrtps_c__visibility_control.h
[8.471s] -- Up-to-date: /home/misaka/fishbot/install/nav2_msgs/include/nav2_msgs/nav2_msgs/msg/detail
[8.471s] -- Up-to-date: /home/misaka/fishbot/install/nav2_msgs/include/nav2_msgs/nav2_msgs/msg/detail/particle_cloud__rosidl_typesupport_fastrtps_c.h
[8.471s] -- Up-to-date: /home/misaka/fishbot/install/nav2_msgs/include/nav2_msgs/nav2_msgs/msg/detail/costmap_meta_data__rosidl_typesupport_fastrtps_c.h
[8.471s] -- Up-to-date: /home/misaka/fishbot/install/nav2_msgs/include/nav2_msgs/nav2_msgs/msg/detail/speed_limit__rosidl_typesupport_fastrtps_c.h
[8.472s] -- Up-to-date: /home/misaka/fishbot/install/nav2_msgs/include/nav2_msgs/nav2_msgs/msg/detail/behavior_tree_log__rosidl_typesupport_fastrtps_c.h
[8.472s] -- Up-to-date: /home/misaka/fishbot/install/nav2_msgs/include/nav2_msgs/nav2_msgs/msg/detail/costmap__rosidl_typesupport_fastrtps_c.h
[8.472s] -- Up-to-date: /home/misaka/fishbot/install/nav2_msgs/include/nav2_msgs/nav2_msgs/msg/detail/behavior_tree_status_change__rosidl_typesupport_fastrtps_c.h
[8.472s] -- Up-to-date: /home/misaka/fishbot/install/nav2_msgs/include/nav2_msgs/nav2_msgs/msg/detail/particle__rosidl_typesupport_fastrtps_c.h
[8.472s] -- Up-to-date: /home/misaka/fishbot/install/nav2_msgs/include/nav2_msgs/nav2_msgs/msg/detail/voxel_grid__rosidl_typesupport_fastrtps_c.h
[8.472s] -- Up-to-date: /home/misaka/fishbot/install/nav2_msgs/include/nav2_msgs/nav2_msgs/msg/detail/costmap_filter_info__rosidl_typesupport_fastrtps_c.h
[8.472s] -- Up-to-date: /home/misaka/fishbot/install/nav2_msgs/lib/libnav2_msgs__rosidl_typesupport_fastrtps_c.so
[8.472s] -- Up-to-date: /home/misaka/fishbot/install/nav2_msgs/include/nav2_msgs/nav2_msgs
[8.472s] -- Up-to-date: /home/misaka/fishbot/install/nav2_msgs/include/nav2_msgs/nav2_msgs/srv
[8.473s] -- Up-to-date: /home/misaka/fishbot/install/nav2_msgs/include/nav2_msgs/nav2_msgs/srv/clear_entire_costmap.hpp
[8.473s] -- Up-to-date: /home/misaka/fishbot/install/nav2_msgs/include/nav2_msgs/nav2_msgs/srv/save_map.hpp
[8.473s] -- Up-to-date: /home/misaka/fishbot/install/nav2_msgs/include/nav2_msgs/nav2_msgs/srv/get_costmap.hpp
[8.473s] -- Up-to-date: /home/misaka/fishbot/install/nav2_msgs/include/nav2_msgs/nav2_msgs/srv/clear_costmap_around_robot.hpp
[8.473s] -- Up-to-date: /home/misaka/fishbot/install/nav2_msgs/include/nav2_msgs/nav2_msgs/srv/detail
[8.473s] -- Up-to-date: /home/misaka/fishbot/install/nav2_msgs/include/nav2_msgs/nav2_msgs/srv/detail/clear_entire_costmap__struct.hpp
[8.473s] -- Up-to-date: /home/misaka/fishbot/install/nav2_msgs/include/nav2_msgs/nav2_msgs/srv/detail/clear_costmap_except_region__struct.hpp
[8.473s] -- Up-to-date: /home/misaka/fishbot/install/nav2_msgs/include/nav2_msgs/nav2_msgs/srv/detail/save_map__struct.hpp
[8.473s] -- Up-to-date: /home/misaka/fishbot/install/nav2_msgs/include/nav2_msgs/nav2_msgs/srv/detail/load_map__struct.hpp
[8.473s] -- Up-to-date: /home/misaka/fishbot/install/nav2_msgs/include/nav2_msgs/nav2_msgs/srv/detail/save_map__traits.hpp
[8.473s] -- Up-to-date: /home/misaka/fishbot/install/nav2_msgs/include/nav2_msgs/nav2_msgs/srv/detail/manage_lifecycle_nodes__builder.hpp
[8.473s] -- Up-to-date: /home/misaka/fishbot/install/nav2_msgs/include/nav2_msgs/nav2_msgs/srv/detail/get_costmap__traits.hpp
[8.473s] -- Up-to-date: /home/misaka/fishbot/install/nav2_msgs/include/nav2_msgs/nav2_msgs/srv/detail/load_map__builder.hpp
[8.473s] -- Up-to-date: /home/misaka/fishbot/install/nav2_msgs/include/nav2_msgs/nav2_msgs/srv/detail/load_map__traits.hpp
[8.473s] -- Up-to-date: /home/misaka/fishbot/install/nav2_msgs/include/nav2_msgs/nav2_msgs/srv/detail/is_path_valid__traits.hpp
[8.474s] -- Up-to-date: /home/misaka/fishbot/install/nav2_msgs/include/nav2_msgs/nav2_msgs/srv/detail/get_costmap__struct.hpp
[8.474s] -- Up-to-date: /home/misaka/fishbot/install/nav2_msgs/include/nav2_msgs/nav2_msgs/srv/detail/clear_costmap_around_robot__builder.hpp
[8.474s] -- Up-to-date: /home/misaka/fishbot/install/nav2_msgs/include/nav2_msgs/nav2_msgs/srv/detail/manage_lifecycle_nodes__traits.hpp
[8.474s] -- Up-to-date: /home/misaka/fishbot/install/nav2_msgs/include/nav2_msgs/nav2_msgs/srv/detail/save_map__builder.hpp
[8.474s] -- Up-to-date: /home/misaka/fishbot/install/nav2_msgs/include/nav2_msgs/nav2_msgs/srv/detail/clear_entire_costmap__traits.hpp
[8.475s] -- Up-to-date: /home/misaka/fishbot/install/nav2_msgs/include/nav2_msgs/nav2_msgs/srv/detail/clear_costmap_around_robot__struct.hpp
[8.475s] -- Up-to-date: /home/misaka/fishbot/install/nav2_msgs/include/nav2_msgs/nav2_msgs/srv/detail/clear_costmap_except_region__builder.hpp
[8.476s] -- Up-to-date: /home/misaka/fishbot/install/nav2_msgs/include/nav2_msgs/nav2_msgs/srv/detail/clear_costmap_except_region__traits.hpp
[8.477s] -- Up-to-date: /home/misaka/fishbot/install/nav2_msgs/include/nav2_msgs/nav2_msgs/srv/detail/clear_costmap_around_robot__traits.hpp
[8.477s] -- Up-to-date: /home/misaka/fishbot/install/nav2_msgs/include/nav2_msgs/nav2_msgs/srv/detail/clear_entire_costmap__builder.hpp
[8.477s] -- Up-to-date: /home/misaka/fishbot/install/nav2_msgs/include/nav2_msgs/nav2_msgs/srv/detail/get_costmap__builder.hpp
[8.477s] -- Up-to-date: /home/misaka/fishbot/install/nav2_msgs/include/nav2_msgs/nav2_msgs/srv/detail/is_path_valid__builder.hpp
[8.477s] -- Up-to-date: /home/misaka/fishbot/install/nav2_msgs/include/nav2_msgs/nav2_msgs/srv/detail/manage_lifecycle_nodes__struct.hpp
[8.477s] -- Up-to-date: /home/misaka/fishbot/install/nav2_msgs/include/nav2_msgs/nav2_msgs/srv/detail/is_path_valid__struct.hpp
[8.478s] -- Up-to-date: /home/misaka/fishbot/install/nav2_msgs/include/nav2_msgs/nav2_msgs/srv/is_path_valid.hpp
[8.478s] -- Up-to-date: /home/misaka/fishbot/install/nav2_msgs/include/nav2_msgs/nav2_msgs/srv/clear_costmap_except_region.hpp
[8.478s] -- Up-to-date: /home/misaka/fishbot/install/nav2_msgs/include/nav2_msgs/nav2_msgs/srv/manage_lifecycle_nodes.hpp
[8.478s] -- Up-to-date: /home/misaka/fishbot/install/nav2_msgs/include/nav2_msgs/nav2_msgs/srv/load_map.hpp
[8.479s] -- Up-to-date: /home/misaka/fishbot/install/nav2_msgs/include/nav2_msgs/nav2_msgs/action
[8.479s] -- Up-to-date: /home/misaka/fishbot/install/nav2_msgs/include/nav2_msgs/nav2_msgs/action/wait.hpp
[8.479s] -- Up-to-date: /home/misaka/fishbot/install/nav2_msgs/include/nav2_msgs/nav2_msgs/action/assisted_teleop.hpp
[8.480s] -- Up-to-date: /home/misaka/fishbot/install/nav2_msgs/include/nav2_msgs/nav2_msgs/action/compute_path_through_poses.hpp
[8.481s] -- Up-to-date: /home/misaka/fishbot/install/nav2_msgs/include/nav2_msgs/nav2_msgs/action/compute_path_to_pose.hpp
[8.481s] -- Up-to-date: /home/misaka/fishbot/install/nav2_msgs/include/nav2_msgs/nav2_msgs/action/follow_path.hpp
[8.482s] -- Up-to-date: /home/misaka/fishbot/install/nav2_msgs/include/nav2_msgs/nav2_msgs/action/back_up.hpp
[8.482s] -- Up-to-date: /home/misaka/fishbot/install/nav2_msgs/include/nav2_msgs/nav2_msgs/action/drive_on_heading.hpp
[8.482s] -- Up-to-date: /home/misaka/fishbot/install/nav2_msgs/include/nav2_msgs/nav2_msgs/action/detail
[8.482s] -- Up-to-date: /home/misaka/fishbot/install/nav2_msgs/include/nav2_msgs/nav2_msgs/action/detail/spin__traits.hpp
[8.482s] -- Up-to-date: /home/misaka/fishbot/install/nav2_msgs/include/nav2_msgs/nav2_msgs/action/detail/navigate_to_pose__struct.hpp
[8.483s] -- Up-to-date: /home/misaka/fishbot/install/nav2_msgs/include/nav2_msgs/nav2_msgs/action/detail/assisted_teleop__traits.hpp
[8.483s] -- Up-to-date: /home/misaka/fishbot/install/nav2_msgs/include/nav2_msgs/nav2_msgs/action/detail/navigate_through_poses__builder.hpp
[8.483s] -- Up-to-date: /home/misaka/fishbot/install/nav2_msgs/include/nav2_msgs/nav2_msgs/action/detail/drive_on_heading__traits.hpp
[8.483s] -- Up-to-date: /home/misaka/fishbot/install/nav2_msgs/include/nav2_msgs/nav2_msgs/action/detail/follow_waypoints__struct.hpp
[8.484s] -- Up-to-date: /home/misaka/fishbot/install/nav2_msgs/include/nav2_msgs/nav2_msgs/action/detail/drive_on_heading__builder.hpp
[8.484s] -- Up-to-date: /home/misaka/fishbot/install/nav2_msgs/include/nav2_msgs/nav2_msgs/action/detail/compute_path_to_pose__struct.hpp
[8.485s] -- Up-to-date: /home/misaka/fishbot/install/nav2_msgs/include/nav2_msgs/nav2_msgs/action/detail/compute_path_to_pose__builder.hpp
[8.485s] -- Up-to-date: /home/misaka/fishbot/install/nav2_msgs/include/nav2_msgs/nav2_msgs/action/detail/drive_on_heading__struct.hpp
[8.485s] -- Up-to-date: /home/misaka/fishbot/install/nav2_msgs/include/nav2_msgs/nav2_msgs/action/detail/navigate_through_poses__traits.hpp
[8.486s] -- Up-to-date: /home/misaka/fishbot/install/nav2_msgs/include/nav2_msgs/nav2_msgs/action/detail/follow_path__builder.hpp
[8.486s] -- Up-to-date: /home/misaka/fishbot/install/nav2_msgs/include/nav2_msgs/nav2_msgs/action/detail/navigate_to_pose__builder.hpp
[8.487s] -- Up-to-date: /home/misaka/fishbot/install/nav2_msgs/include/nav2_msgs/nav2_msgs/action/detail/smooth_path__traits.hpp
[8.488s] -- Up-to-date: /home/misaka/fishbot/install/nav2_msgs/include/nav2_msgs/nav2_msgs/action/detail/spin__builder.hpp
[8.488s] -- Up-to-date: /home/misaka/fishbot/install/nav2_msgs/include/nav2_msgs/nav2_msgs/action/detail/navigate_through_poses__struct.hpp
[8.488s] -- Up-to-date: /home/misaka/fishbot/install/nav2_msgs/include/nav2_msgs/nav2_msgs/action/detail/assisted_teleop__builder.hpp
[8.488s] -- Up-to-date: /home/misaka/fishbot/install/nav2_msgs/include/nav2_msgs/nav2_msgs/action/detail/wait__struct.hpp
[8.489s] -- Up-to-date: /home/misaka/fishbot/install/nav2_msgs/include/nav2_msgs/nav2_msgs/action/detail/back_up__builder.hpp
[8.489s] -- Up-to-date: /home/misaka/fishbot/install/nav2_msgs/include/nav2_msgs/nav2_msgs/action/detail/back_up__traits.hpp
[8.489s] -- Up-to-date: /home/misaka/fishbot/install/nav2_msgs/include/nav2_msgs/nav2_msgs/action/detail/smooth_path__struct.hpp
[8.489s] -- Up-to-date: /home/misaka/fishbot/install/nav2_msgs/include/nav2_msgs/nav2_msgs/action/detail/dummy_behavior__struct.hpp
[8.489s] -- Up-to-date: /home/misaka/fishbot/install/nav2_msgs/include/nav2_msgs/nav2_msgs/action/detail/dummy_behavior__traits.hpp
[8.489s] -- Up-to-date: /home/misaka/fishbot/install/nav2_msgs/include/nav2_msgs/nav2_msgs/action/detail/assisted_teleop__struct.hpp
[8.490s] -- Up-to-date: /home/misaka/fishbot/install/nav2_msgs/include/nav2_msgs/nav2_msgs/action/detail/smooth_path__builder.hpp
[8.490s] -- Up-to-date: /home/misaka/fishbot/install/nav2_msgs/include/nav2_msgs/nav2_msgs/action/detail/spin__struct.hpp
[8.490s] -- Up-to-date: /home/misaka/fishbot/install/nav2_msgs/include/nav2_msgs/nav2_msgs/action/detail/follow_waypoints__traits.hpp
[8.490s] -- Up-to-date: /home/misaka/fishbot/install/nav2_msgs/include/nav2_msgs/nav2_msgs/action/detail/compute_path_through_poses__builder.hpp
[8.490s] -- Up-to-date: /home/misaka/fishbot/install/nav2_msgs/include/nav2_msgs/nav2_msgs/action/detail/compute_path_to_pose__traits.hpp
[8.491s] -- Up-to-date: /home/misaka/fishbot/install/nav2_msgs/include/nav2_msgs/nav2_msgs/action/detail/wait__traits.hpp
[8.491s] -- Up-to-date: /home/misaka/fishbot/install/nav2_msgs/include/nav2_msgs/nav2_msgs/action/detail/compute_path_through_poses__struct.hpp
[8.491s] -- Up-to-date: /home/misaka/fishbot/install/nav2_msgs/include/nav2_msgs/nav2_msgs/action/detail/wait__builder.hpp
[8.492s] -- Up-to-date: /home/misaka/fishbot/install/nav2_msgs/include/nav2_msgs/nav2_msgs/action/detail/follow_path__traits.hpp
[8.492s] -- Up-to-date: /home/misaka/fishbot/install/nav2_msgs/include/nav2_msgs/nav2_msgs/action/detail/follow_path__struct.hpp
[8.493s] -- Up-to-date: /home/misaka/fishbot/install/nav2_msgs/include/nav2_msgs/nav2_msgs/action/detail/dummy_behavior__builder.hpp
[8.493s] -- Up-to-date: /home/misaka/fishbot/install/nav2_msgs/include/nav2_msgs/nav2_msgs/action/detail/follow_waypoints__builder.hpp
[8.493s] -- Up-to-date: /home/misaka/fishbot/install/nav2_msgs/include/nav2_msgs/nav2_msgs/action/detail/back_up__struct.hpp
[8.494s] -- Up-to-date: /home/misaka/fishbot/install/nav2_msgs/include/nav2_msgs/nav2_msgs/action/detail/compute_path_through_poses__traits.hpp
[8.494s] -- Up-to-date: /home/misaka/fishbot/install/nav2_msgs/include/nav2_msgs/nav2_msgs/action/detail/navigate_to_pose__traits.hpp
[8.495s] -- Up-to-date: /home/misaka/fishbot/install/nav2_msgs/include/nav2_msgs/nav2_msgs/action/follow_waypoints.hpp
[8.496s] -- Up-to-date: /home/misaka/fishbot/install/nav2_msgs/include/nav2_msgs/nav2_msgs/action/smooth_path.hpp
[8.497s] -- Up-to-date: /home/misaka/fishbot/install/nav2_msgs/include/nav2_msgs/nav2_msgs/action/navigate_to_pose.hpp
[8.498s] -- Up-to-date: /home/misaka/fishbot/install/nav2_msgs/include/nav2_msgs/nav2_msgs/action/spin.hpp
[8.499s] -- Up-to-date: /home/misaka/fishbot/install/nav2_msgs/include/nav2_msgs/nav2_msgs/action/dummy_behavior.hpp
[8.499s] -- Up-to-date: /home/misaka/fishbot/install/nav2_msgs/include/nav2_msgs/nav2_msgs/action/navigate_through_poses.hpp
[8.499s] -- Up-to-date: /home/misaka/fishbot/install/nav2_msgs/include/nav2_msgs/nav2_msgs/msg
[8.500s] -- Up-to-date: /home/misaka/fishbot/install/nav2_msgs/include/nav2_msgs/nav2_msgs/msg/costmap.hpp
[8.500s] -- Up-to-date: /home/misaka/fishbot/install/nav2_msgs/include/nav2_msgs/nav2_msgs/msg/particle_cloud.hpp
[8.500s] -- Up-to-date: /home/misaka/fishbot/install/nav2_msgs/include/nav2_msgs/nav2_msgs/msg/voxel_grid.hpp
[8.501s] -- Up-to-date: /home/misaka/fishbot/install/nav2_msgs/include/nav2_msgs/nav2_msgs/msg/costmap_meta_data.hpp
[8.501s] -- Up-to-date: /home/misaka/fishbot/install/nav2_msgs/include/nav2_msgs/nav2_msgs/msg/behavior_tree_log.hpp
[8.502s] -- Up-to-date: /home/misaka/fishbot/install/nav2_msgs/include/nav2_msgs/nav2_msgs/msg/detail
[8.503s] -- Up-to-date: /home/misaka/fishbot/install/nav2_msgs/include/nav2_msgs/nav2_msgs/msg/detail/particle_cloud__builder.hpp
[8.504s] -- Up-to-date: /home/misaka/fishbot/install/nav2_msgs/include/nav2_msgs/nav2_msgs/msg/detail/behavior_tree_log__struct.hpp
[8.506s] -- Up-to-date: /home/misaka/fishbot/install/nav2_msgs/include/nav2_msgs/nav2_msgs/msg/detail/particle__traits.hpp
[8.506s] -- Up-to-date: /home/misaka/fishbot/install/nav2_msgs/include/nav2_msgs/nav2_msgs/msg/detail/particle_cloud__traits.hpp
[8.506s] -- Up-to-date: /home/misaka/fishbot/install/nav2_msgs/include/nav2_msgs/nav2_msgs/msg/detail/costmap_meta_data__traits.hpp
[8.506s] -- Up-to-date: /home/misaka/fishbot/install/nav2_msgs/include/nav2_msgs/nav2_msgs/msg/detail/costmap__struct.hpp
[8.506s] -- Up-to-date: /home/misaka/fishbot/install/nav2_msgs/include/nav2_msgs/nav2_msgs/msg/detail/costmap__builder.hpp
[8.506s] -- Up-to-date: /home/misaka/fishbot/install/nav2_msgs/include/nav2_msgs/nav2_msgs/msg/detail/particle_cloud__struct.hpp
[8.506s] -- Up-to-date: /home/misaka/fishbot/install/nav2_msgs/include/nav2_msgs/nav2_msgs/msg/detail/costmap_meta_data__builder.hpp
[8.506s] -- Up-to-date: /home/misaka/fishbot/install/nav2_msgs/include/nav2_msgs/nav2_msgs/msg/detail/costmap__traits.hpp
[8.507s] -- Up-to-date: /home/misaka/fishbot/install/nav2_msgs/include/nav2_msgs/nav2_msgs/msg/detail/behavior_tree_log__builder.hpp
[8.507s] -- Up-to-date: /home/misaka/fishbot/install/nav2_msgs/include/nav2_msgs/nav2_msgs/msg/detail/costmap_meta_data__struct.hpp
[8.507s] -- Up-to-date: /home/misaka/fishbot/install/nav2_msgs/include/nav2_msgs/nav2_msgs/msg/detail/behavior_tree_status_change__struct.hpp
[8.507s] -- Up-to-date: /home/misaka/fishbot/install/nav2_msgs/include/nav2_msgs/nav2_msgs/msg/detail/voxel_grid__traits.hpp
[8.508s] -- Up-to-date: /home/misaka/fishbot/install/nav2_msgs/include/nav2_msgs/nav2_msgs/msg/detail/speed_limit__struct.hpp
[8.508s] -- Up-to-date: /home/misaka/fishbot/install/nav2_msgs/include/nav2_msgs/nav2_msgs/msg/detail/behavior_tree_status_change__builder.hpp
[8.508s] -- Up-to-date: /home/misaka/fishbot/install/nav2_msgs/include/nav2_msgs/nav2_msgs/msg/detail/voxel_grid__struct.hpp
[8.508s] -- Up-to-date: /home/misaka/fishbot/install/nav2_msgs/include/nav2_msgs/nav2_msgs/msg/detail/costmap_filter_info__traits.hpp
[8.509s] -- Up-to-date: /home/misaka/fishbot/install/nav2_msgs/include/nav2_msgs/nav2_msgs/msg/detail/speed_limit__traits.hpp
[8.509s] -- Up-to-date: /home/misaka/fishbot/install/nav2_msgs/include/nav2_msgs/nav2_msgs/msg/detail/particle__builder.hpp
[8.509s] -- Up-to-date: /home/misaka/fishbot/install/nav2_msgs/include/nav2_msgs/nav2_msgs/msg/detail/costmap_filter_info__struct.hpp
[8.510s] -- Up-to-date: /home/misaka/fishbot/install/nav2_msgs/include/nav2_msgs/nav2_msgs/msg/detail/particle__struct.hpp
[8.510s] -- Up-to-date: /home/misaka/fishbot/install/nav2_msgs/include/nav2_msgs/nav2_msgs/msg/detail/behavior_tree_log__traits.hpp
[8.510s] -- Up-to-date: /home/misaka/fishbot/install/nav2_msgs/include/nav2_msgs/nav2_msgs/msg/detail/voxel_grid__builder.hpp
[8.511s] -- Up-to-date: /home/misaka/fishbot/install/nav2_msgs/include/nav2_msgs/nav2_msgs/msg/detail/costmap_filter_info__builder.hpp
[8.512s] -- Up-to-date: /home/misaka/fishbot/install/nav2_msgs/include/nav2_msgs/nav2_msgs/msg/detail/speed_limit__builder.hpp
[8.513s] -- Up-to-date: /home/misaka/fishbot/install/nav2_msgs/include/nav2_msgs/nav2_msgs/msg/detail/behavior_tree_status_change__traits.hpp
[8.513s] -- Up-to-date: /home/misaka/fishbot/install/nav2_msgs/include/nav2_msgs/nav2_msgs/msg/particle.hpp
[8.514s] -- Up-to-date: /home/misaka/fishbot/install/nav2_msgs/include/nav2_msgs/nav2_msgs/msg/costmap_filter_info.hpp
[8.514s] -- Up-to-date: /home/misaka/fishbot/install/nav2_msgs/include/nav2_msgs/nav2_msgs/msg/speed_limit.hpp
[8.516s] -- Up-to-date: /home/misaka/fishbot/install/nav2_msgs/include/nav2_msgs/nav2_msgs/msg/behavior_tree_status_change.hpp
[8.516s] -- Up-to-date: /home/misaka/fishbot/install/nav2_msgs/include/nav2_msgs/nav2_msgs
[8.516s] -- Up-to-date: /home/misaka/fishbot/install/nav2_msgs/include/nav2_msgs/nav2_msgs/srv
[8.517s] -- Up-to-date: /home/misaka/fishbot/install/nav2_msgs/include/nav2_msgs/nav2_msgs/srv/detail
[8.517s] -- Up-to-date: /home/misaka/fishbot/install/nav2_msgs/include/nav2_msgs/nav2_msgs/srv/detail/clear_entire_costmap__rosidl_typesupport_fastrtps_cpp.hpp
[8.518s] -- Up-to-date: /home/misaka/fishbot/install/nav2_msgs/include/nav2_msgs/nav2_msgs/srv/detail/dds_fastrtps
[8.518s] -- Up-to-date: /home/misaka/fishbot/install/nav2_msgs/include/nav2_msgs/nav2_msgs/srv/detail/get_costmap__rosidl_typesupport_fastrtps_cpp.hpp
[8.518s] -- Up-to-date: /home/misaka/fishbot/install/nav2_msgs/include/nav2_msgs/nav2_msgs/srv/detail/clear_costmap_around_robot__rosidl_typesupport_fastrtps_cpp.hpp
[8.519s] -- Up-to-date: /home/misaka/fishbot/install/nav2_msgs/include/nav2_msgs/nav2_msgs/srv/detail/load_map__rosidl_typesupport_fastrtps_cpp.hpp
[8.519s] -- Up-to-date: /home/misaka/fishbot/install/nav2_msgs/include/nav2_msgs/nav2_msgs/srv/detail/is_path_valid__rosidl_typesupport_fastrtps_cpp.hpp
[8.519s] -- Up-to-date: /home/misaka/fishbot/install/nav2_msgs/include/nav2_msgs/nav2_msgs/srv/detail/save_map__rosidl_typesupport_fastrtps_cpp.hpp
[8.520s] -- Up-to-date: /home/misaka/fishbot/install/nav2_msgs/include/nav2_msgs/nav2_msgs/srv/detail/clear_costmap_except_region__rosidl_typesupport_fastrtps_cpp.hpp
[8.520s] -- Up-to-date: /home/misaka/fishbot/install/nav2_msgs/include/nav2_msgs/nav2_msgs/srv/detail/manage_lifecycle_nodes__rosidl_typesupport_fastrtps_cpp.hpp
[8.520s] -- Up-to-date: /home/misaka/fishbot/install/nav2_msgs/include/nav2_msgs/nav2_msgs/action
[8.521s] -- Up-to-date: /home/misaka/fishbot/install/nav2_msgs/include/nav2_msgs/nav2_msgs/action/detail
[8.521s] -- Up-to-date: /home/misaka/fishbot/install/nav2_msgs/include/nav2_msgs/nav2_msgs/action/detail/assisted_teleop__rosidl_typesupport_fastrtps_cpp.hpp
[8.522s] -- Up-to-date: /home/misaka/fishbot/install/nav2_msgs/include/nav2_msgs/nav2_msgs/action/detail/compute_path_to_pose__rosidl_typesupport_fastrtps_cpp.hpp
[8.522s] -- Up-to-date: /home/misaka/fishbot/install/nav2_msgs/include/nav2_msgs/nav2_msgs/action/detail/navigate_to_pose__rosidl_typesupport_fastrtps_cpp.hpp
[8.522s] -- Up-to-date: /home/misaka/fishbot/install/nav2_msgs/include/nav2_msgs/nav2_msgs/action/detail/wait__rosidl_typesupport_fastrtps_cpp.hpp
[8.523s] -- Up-to-date: /home/misaka/fishbot/install/nav2_msgs/include/nav2_msgs/nav2_msgs/action/detail/drive_on_heading__rosidl_typesupport_fastrtps_cpp.hpp
[8.523s] -- Up-to-date: /home/misaka/fishbot/install/nav2_msgs/include/nav2_msgs/nav2_msgs/action/detail/back_up__rosidl_typesupport_fastrtps_cpp.hpp
[8.524s] -- Up-to-date: /home/misaka/fishbot/install/nav2_msgs/include/nav2_msgs/nav2_msgs/action/detail/navigate_through_poses__rosidl_typesupport_fastrtps_cpp.hpp
[8.525s] -- Up-to-date: /home/misaka/fishbot/install/nav2_msgs/include/nav2_msgs/nav2_msgs/action/detail/dds_fastrtps
[8.526s] -- Up-to-date: /home/misaka/fishbot/install/nav2_msgs/include/nav2_msgs/nav2_msgs/action/detail/smooth_path__rosidl_typesupport_fastrtps_cpp.hpp
[8.527s] -- Up-to-date: /home/misaka/fishbot/install/nav2_msgs/include/nav2_msgs/nav2_msgs/action/detail/spin__rosidl_typesupport_fastrtps_cpp.hpp
[8.527s] -- Up-to-date: /home/misaka/fishbot/install/nav2_msgs/include/nav2_msgs/nav2_msgs/action/detail/follow_path__rosidl_typesupport_fastrtps_cpp.hpp
[8.527s] -- Up-to-date: /home/misaka/fishbot/install/nav2_msgs/include/nav2_msgs/nav2_msgs/action/detail/dummy_behavior__rosidl_typesupport_fastrtps_cpp.hpp
[8.527s] -- Up-to-date: /home/misaka/fishbot/install/nav2_msgs/include/nav2_msgs/nav2_msgs/action/detail/compute_path_through_poses__rosidl_typesupport_fastrtps_cpp.hpp
[8.527s] -- Up-to-date: /home/misaka/fishbot/install/nav2_msgs/include/nav2_msgs/nav2_msgs/action/detail/follow_waypoints__rosidl_typesupport_fastrtps_cpp.hpp
[8.528s] -- Up-to-date: /home/misaka/fishbot/install/nav2_msgs/include/nav2_msgs/nav2_msgs/msg
[8.528s] -- Up-to-date: /home/misaka/fishbot/install/nav2_msgs/include/nav2_msgs/nav2_msgs/msg/detail
[8.528s] -- Up-to-date: /home/misaka/fishbot/install/nav2_msgs/include/nav2_msgs/nav2_msgs/msg/detail/behavior_tree_status_change__rosidl_typesupport_fastrtps_cpp.hpp
[8.528s] -- Up-to-date: /home/misaka/fishbot/install/nav2_msgs/include/nav2_msgs/nav2_msgs/msg/detail/costmap__rosidl_typesupport_fastrtps_cpp.hpp
[8.529s] -- Up-to-date: /home/misaka/fishbot/install/nav2_msgs/include/nav2_msgs/nav2_msgs/msg/detail/costmap_meta_data__rosidl_typesupport_fastrtps_cpp.hpp
[8.529s] -- Up-to-date: /home/misaka/fishbot/install/nav2_msgs/include/nav2_msgs/nav2_msgs/msg/detail/voxel_grid__rosidl_typesupport_fastrtps_cpp.hpp
[8.529s] -- Up-to-date: /home/misaka/fishbot/install/nav2_msgs/include/nav2_msgs/nav2_msgs/msg/detail/particle__rosidl_typesupport_fastrtps_cpp.hpp
[8.529s] -- Up-to-date: /home/misaka/fishbot/install/nav2_msgs/include/nav2_msgs/nav2_msgs/msg/detail/dds_fastrtps
[8.530s] -- Up-to-date: /home/misaka/fishbot/install/nav2_msgs/include/nav2_msgs/nav2_msgs/msg/detail/behavior_tree_log__rosidl_typesupport_fastrtps_cpp.hpp
[8.530s] -- Up-to-date: /home/misaka/fishbot/install/nav2_msgs/include/nav2_msgs/nav2_msgs/msg/detail/costmap_filter_info__rosidl_typesupport_fastrtps_cpp.hpp
[8.530s] -- Up-to-date: /home/misaka/fishbot/install/nav2_msgs/include/nav2_msgs/nav2_msgs/msg/detail/speed_limit__rosidl_typesupport_fastrtps_cpp.hpp
[8.531s] -- Up-to-date: /home/misaka/fishbot/install/nav2_msgs/include/nav2_msgs/nav2_msgs/msg/detail/particle_cloud__rosidl_typesupport_fastrtps_cpp.hpp
[8.532s] -- Up-to-date: /home/misaka/fishbot/install/nav2_msgs/include/nav2_msgs/nav2_msgs/msg/rosidl_typesupport_fastrtps_cpp__visibility_control.h
[8.534s] -- Up-to-date: /home/misaka/fishbot/install/nav2_msgs/lib/libnav2_msgs__rosidl_typesupport_fastrtps_cpp.so
[8.535s] -- Up-to-date: /home/misaka/fishbot/install/nav2_msgs/include/nav2_msgs/nav2_msgs
[8.535s] -- Up-to-date: /home/misaka/fishbot/install/nav2_msgs/include/nav2_msgs/nav2_msgs/srv
[8.535s] -- Up-to-date: /home/misaka/fishbot/install/nav2_msgs/include/nav2_msgs/nav2_msgs/srv/detail
[8.536s] -- Up-to-date: /home/misaka/fishbot/install/nav2_msgs/include/nav2_msgs/nav2_msgs/srv/detail/clear_entire_costmap__type_support.c
[8.536s] -- Up-to-date: /home/misaka/fishbot/install/nav2_msgs/include/nav2_msgs/nav2_msgs/srv/detail/clear_costmap_except_region__rosidl_typesupport_introspection_c.h
[8.536s] -- Up-to-date: /home/misaka/fishbot/install/nav2_msgs/include/nav2_msgs/nav2_msgs/srv/detail/clear_costmap_except_region__type_support.c
[8.536s] -- Up-to-date: /home/misaka/fishbot/install/nav2_msgs/include/nav2_msgs/nav2_msgs/srv/detail/manage_lifecycle_nodes__type_support.c
[8.537s] -- Up-to-date: /home/misaka/fishbot/install/nav2_msgs/include/nav2_msgs/nav2_msgs/srv/detail/save_map__rosidl_typesupport_introspection_c.h
[8.537s] -- Up-to-date: /home/misaka/fishbot/install/nav2_msgs/include/nav2_msgs/nav2_msgs/srv/detail/clear_entire_costmap__rosidl_typesupport_introspection_c.h
[8.537s] -- Up-to-date: /home/misaka/fishbot/install/nav2_msgs/include/nav2_msgs/nav2_msgs/srv/detail/load_map__rosidl_typesupport_introspection_c.h
[8.537s] -- Up-to-date: /home/misaka/fishbot/install/nav2_msgs/include/nav2_msgs/nav2_msgs/srv/detail/is_path_valid__rosidl_typesupport_introspection_c.h
[8.539s] -- Up-to-date: /home/misaka/fishbot/install/nav2_msgs/include/nav2_msgs/nav2_msgs/srv/detail/clear_costmap_around_robot__rosidl_typesupport_introspection_c.h
[8.539s] -- Up-to-date: /home/misaka/fishbot/install/nav2_msgs/include/nav2_msgs/nav2_msgs/srv/detail/get_costmap__type_support.c
[8.540s] -- Up-to-date: /home/misaka/fishbot/install/nav2_msgs/include/nav2_msgs/nav2_msgs/srv/detail/manage_lifecycle_nodes__rosidl_typesupport_introspection_c.h
[8.540s] -- Up-to-date: /home/misaka/fishbot/install/nav2_msgs/include/nav2_msgs/nav2_msgs/srv/detail/is_path_valid__type_support.c
[8.540s] -- Up-to-date: /home/misaka/fishbot/install/nav2_msgs/include/nav2_msgs/nav2_msgs/srv/detail/clear_costmap_around_robot__type_support.c
[8.541s] -- Up-to-date: /home/misaka/fishbot/install/nav2_msgs/include/nav2_msgs/nav2_msgs/srv/detail/get_costmap__rosidl_typesupport_introspection_c.h
[8.542s] -- Up-to-date: /home/misaka/fishbot/install/nav2_msgs/include/nav2_msgs/nav2_msgs/srv/detail/load_map__type_support.c
[8.542s] -- Up-to-date: /home/misaka/fishbot/install/nav2_msgs/include/nav2_msgs/nav2_msgs/srv/detail/save_map__type_support.c
[8.542s] -- Up-to-date: /home/misaka/fishbot/install/nav2_msgs/include/nav2_msgs/nav2_msgs/action
[8.542s] -- Up-to-date: /home/misaka/fishbot/install/nav2_msgs/include/nav2_msgs/nav2_msgs/action/detail
[8.543s] -- Up-to-date: /home/misaka/fishbot/install/nav2_msgs/include/nav2_msgs/nav2_msgs/action/detail/drive_on_heading__rosidl_typesupport_introspection_c.h
[8.543s] -- Up-to-date: /home/misaka/fishbot/install/nav2_msgs/include/nav2_msgs/nav2_msgs/action/detail/follow_waypoints__rosidl_typesupport_introspection_c.h
[8.544s] -- Up-to-date: /home/misaka/fishbot/install/nav2_msgs/include/nav2_msgs/nav2_msgs/action/detail/navigate_through_poses__rosidl_typesupport_introspection_c.h
[8.544s] -- Up-to-date: /home/misaka/fishbot/install/nav2_msgs/include/nav2_msgs/nav2_msgs/action/detail/assisted_teleop__rosidl_typesupport_introspection_c.h
[8.544s] -- Up-to-date: /home/misaka/fishbot/install/nav2_msgs/include/nav2_msgs/nav2_msgs/action/detail/drive_on_heading__type_support.c
[8.544s] -- Up-to-date: /home/misaka/fishbot/install/nav2_msgs/include/nav2_msgs/nav2_msgs/action/detail/dummy_behavior__type_support.c
[8.545s] -- Up-to-date: /home/misaka/fishbot/install/nav2_msgs/include/nav2_msgs/nav2_msgs/action/detail/compute_path_through_poses__type_support.c
[8.545s] -- Up-to-date: /home/misaka/fishbot/install/nav2_msgs/include/nav2_msgs/nav2_msgs/action/detail/wait__type_support.c
[8.545s] -- Up-to-date: /home/misaka/fishbot/install/nav2_msgs/include/nav2_msgs/nav2_msgs/action/detail/smooth_path__rosidl_typesupport_introspection_c.h
[8.545s] -- Up-to-date: /home/misaka/fishbot/install/nav2_msgs/include/nav2_msgs/nav2_msgs/action/detail/spin__type_support.c
[8.546s] -- Up-to-date: /home/misaka/fishbot/install/nav2_msgs/include/nav2_msgs/nav2_msgs/action/detail/wait__rosidl_typesupport_introspection_c.h
[8.546s] -- Up-to-date: /home/misaka/fishbot/install/nav2_msgs/include/nav2_msgs/nav2_msgs/action/detail/follow_path__rosidl_typesupport_introspection_c.h
[8.547s] -- Up-to-date: /home/misaka/fishbot/install/nav2_msgs/include/nav2_msgs/nav2_msgs/action/detail/compute_path_to_pose__type_support.c
[8.548s] -- Up-to-date: /home/misaka/fishbot/install/nav2_msgs/include/nav2_msgs/nav2_msgs/action/detail/navigate_through_poses__type_support.c
[8.549s] -- Up-to-date: /home/misaka/fishbot/install/nav2_msgs/include/nav2_msgs/nav2_msgs/action/detail/assisted_teleop__type_support.c
[8.549s] -- Up-to-date: /home/misaka/fishbot/install/nav2_msgs/include/nav2_msgs/nav2_msgs/action/detail/follow_waypoints__type_support.c
[8.550s] -- Up-to-date: /home/misaka/fishbot/install/nav2_msgs/include/nav2_msgs/nav2_msgs/action/detail/navigate_to_pose__rosidl_typesupport_introspection_c.h
[8.550s] -- Up-to-date: /home/misaka/fishbot/install/nav2_msgs/include/nav2_msgs/nav2_msgs/action/detail/spin__rosidl_typesupport_introspection_c.h
[8.550s] -- Up-to-date: /home/misaka/fishbot/install/nav2_msgs/include/nav2_msgs/nav2_msgs/action/detail/compute_path_to_pose__rosidl_typesupport_introspection_c.h
[8.551s] -- Up-to-date: /home/misaka/fishbot/install/nav2_msgs/include/nav2_msgs/nav2_msgs/action/detail/back_up__rosidl_typesupport_introspection_c.h
[8.552s] -- Up-to-date: /home/misaka/fishbot/install/nav2_msgs/include/nav2_msgs/nav2_msgs/action/detail/back_up__type_support.c
[8.553s] -- Up-to-date: /home/misaka/fishbot/install/nav2_msgs/include/nav2_msgs/nav2_msgs/action/detail/dummy_behavior__rosidl_typesupport_introspection_c.h
[8.553s] -- Up-to-date: /home/misaka/fishbot/install/nav2_msgs/include/nav2_msgs/nav2_msgs/action/detail/follow_path__type_support.c
[8.553s] -- Up-to-date: /home/misaka/fishbot/install/nav2_msgs/include/nav2_msgs/nav2_msgs/action/detail/smooth_path__type_support.c
[8.554s] -- Up-to-date: /home/misaka/fishbot/install/nav2_msgs/include/nav2_msgs/nav2_msgs/action/detail/navigate_to_pose__type_support.c
[8.555s] -- Up-to-date: /home/misaka/fishbot/install/nav2_msgs/include/nav2_msgs/nav2_msgs/action/detail/compute_path_through_poses__rosidl_typesupport_introspection_c.h
[8.555s] -- Up-to-date: /home/misaka/fishbot/install/nav2_msgs/include/nav2_msgs/nav2_msgs/msg
[8.557s] -- Up-to-date: /home/misaka/fishbot/install/nav2_msgs/include/nav2_msgs/nav2_msgs/msg/detail
[8.557s] -- Up-to-date: /home/misaka/fishbot/install/nav2_msgs/include/nav2_msgs/nav2_msgs/msg/detail/behavior_tree_log__type_support.c
[8.558s] -- Up-to-date: /home/misaka/fishbot/install/nav2_msgs/include/nav2_msgs/nav2_msgs/msg/detail/particle__rosidl_typesupport_introspection_c.h
[8.559s] -- Up-to-date: /home/misaka/fishbot/install/nav2_msgs/include/nav2_msgs/nav2_msgs/msg/detail/behavior_tree_status_change__type_support.c
[8.559s] -- Up-to-date: /home/misaka/fishbot/install/nav2_msgs/include/nav2_msgs/nav2_msgs/msg/detail/costmap_filter_info__rosidl_typesupport_introspection_c.h
[8.559s] -- Up-to-date: /home/misaka/fishbot/install/nav2_msgs/include/nav2_msgs/nav2_msgs/msg/detail/particle_cloud__type_support.c
[8.560s] -- Up-to-date: /home/misaka/fishbot/install/nav2_msgs/include/nav2_msgs/nav2_msgs/msg/detail/costmap__rosidl_typesupport_introspection_c.h
[8.560s] -- Up-to-date: /home/misaka/fishbot/install/nav2_msgs/include/nav2_msgs/nav2_msgs/msg/detail/behavior_tree_log__rosidl_typesupport_introspection_c.h
[8.560s] -- Up-to-date: /home/misaka/fishbot/install/nav2_msgs/include/nav2_msgs/nav2_msgs/msg/detail/voxel_grid__type_support.c
[8.561s] -- Up-to-date: /home/misaka/fishbot/install/nav2_msgs/include/nav2_msgs/nav2_msgs/msg/detail/costmap_meta_data__rosidl_typesupport_introspection_c.h
[8.561s] -- Up-to-date: /home/misaka/fishbot/install/nav2_msgs/include/nav2_msgs/nav2_msgs/msg/detail/costmap_filter_info__type_support.c
[8.562s] -- Up-to-date: /home/misaka/fishbot/install/nav2_msgs/include/nav2_msgs/nav2_msgs/msg/detail/voxel_grid__rosidl_typesupport_introspection_c.h
[8.562s] -- Up-to-date: /home/misaka/fishbot/install/nav2_msgs/include/nav2_msgs/nav2_msgs/msg/detail/costmap__type_support.c
[8.562s] -- Up-to-date: /home/misaka/fishbot/install/nav2_msgs/include/nav2_msgs/nav2_msgs/msg/detail/particle__type_support.c
[8.563s] -- Up-to-date: /home/misaka/fishbot/install/nav2_msgs/include/nav2_msgs/nav2_msgs/msg/detail/speed_limit__rosidl_typesupport_introspection_c.h
[8.563s] -- Up-to-date: /home/misaka/fishbot/install/nav2_msgs/include/nav2_msgs/nav2_msgs/msg/detail/speed_limit__type_support.c
[8.564s] -- Up-to-date: /home/misaka/fishbot/install/nav2_msgs/include/nav2_msgs/nav2_msgs/msg/detail/particle_cloud__rosidl_typesupport_introspection_c.h
[8.565s] -- Up-to-date: /home/misaka/fishbot/install/nav2_msgs/include/nav2_msgs/nav2_msgs/msg/detail/costmap_meta_data__type_support.c
[8.566s] -- Up-to-date: /home/misaka/fishbot/install/nav2_msgs/include/nav2_msgs/nav2_msgs/msg/detail/behavior_tree_status_change__rosidl_typesupport_introspection_c.h
[8.567s] -- Up-to-date: /home/misaka/fishbot/install/nav2_msgs/include/nav2_msgs/nav2_msgs/msg/rosidl_typesupport_introspection_c__visibility_control.h
[8.568s] -- Up-to-date: /home/misaka/fishbot/install/nav2_msgs/lib/libnav2_msgs__rosidl_typesupport_introspection_c.so
[8.568s] -- Up-to-date: /home/misaka/fishbot/install/nav2_msgs/lib/libnav2_msgs__rosidl_typesupport_c.so
[8.569s] -- Up-to-date: /home/misaka/fishbot/install/nav2_msgs/include/nav2_msgs/nav2_msgs
[8.569s] -- Up-to-date: /home/misaka/fishbot/install/nav2_msgs/include/nav2_msgs/nav2_msgs/srv
[8.570s] -- Up-to-date: /home/misaka/fishbot/install/nav2_msgs/include/nav2_msgs/nav2_msgs/srv/detail
[8.570s] -- Up-to-date: /home/misaka/fishbot/install/nav2_msgs/include/nav2_msgs/nav2_msgs/srv/detail/manage_lifecycle_nodes__type_support.cpp
[8.571s] -- Up-to-date: /home/misaka/fishbot/install/nav2_msgs/include/nav2_msgs/nav2_msgs/srv/detail/manage_lifecycle_nodes__rosidl_typesupport_introspection_cpp.hpp
[8.571s] -- Up-to-date: /home/misaka/fishbot/install/nav2_msgs/include/nav2_msgs/nav2_msgs/srv/detail/clear_costmap_around_robot__type_support.cpp
[8.572s] -- Up-to-date: /home/misaka/fishbot/install/nav2_msgs/include/nav2_msgs/nav2_msgs/srv/detail/clear_entire_costmap__rosidl_typesupport_introspection_cpp.hpp
[8.572s] -- Up-to-date: /home/misaka/fishbot/install/nav2_msgs/include/nav2_msgs/nav2_msgs/srv/detail/get_costmap__rosidl_typesupport_introspection_cpp.hpp
[8.573s] -- Up-to-date: /home/misaka/fishbot/install/nav2_msgs/include/nav2_msgs/nav2_msgs/srv/detail/load_map__rosidl_typesupport_introspection_cpp.hpp
[8.573s] -- Up-to-date: /home/misaka/fishbot/install/nav2_msgs/include/nav2_msgs/nav2_msgs/srv/detail/save_map__rosidl_typesupport_introspection_cpp.hpp
[8.574s] -- Up-to-date: /home/misaka/fishbot/install/nav2_msgs/include/nav2_msgs/nav2_msgs/srv/detail/clear_costmap_around_robot__rosidl_typesupport_introspection_cpp.hpp
[8.574s] -- Up-to-date: /home/misaka/fishbot/install/nav2_msgs/include/nav2_msgs/nav2_msgs/srv/detail/is_path_valid__rosidl_typesupport_introspection_cpp.hpp
[8.574s] -- Up-to-date: /home/misaka/fishbot/install/nav2_msgs/include/nav2_msgs/nav2_msgs/srv/detail/is_path_valid__type_support.cpp
[8.575s] -- Up-to-date: /home/misaka/fishbot/install/nav2_msgs/include/nav2_msgs/nav2_msgs/srv/detail/save_map__type_support.cpp
[8.575s] -- Up-to-date: /home/misaka/fishbot/install/nav2_msgs/include/nav2_msgs/nav2_msgs/srv/detail/load_map__type_support.cpp
[8.576s] -- Up-to-date: /home/misaka/fishbot/install/nav2_msgs/include/nav2_msgs/nav2_msgs/srv/detail/clear_entire_costmap__type_support.cpp
[8.578s] -- Up-to-date: /home/misaka/fishbot/install/nav2_msgs/include/nav2_msgs/nav2_msgs/srv/detail/get_costmap__type_support.cpp
[8.579s] -- Up-to-date: /home/misaka/fishbot/install/nav2_msgs/include/nav2_msgs/nav2_msgs/srv/detail/clear_costmap_except_region__rosidl_typesupport_introspection_cpp.hpp
[8.579s] -- Up-to-date: /home/misaka/fishbot/install/nav2_msgs/include/nav2_msgs/nav2_msgs/srv/detail/clear_costmap_except_region__type_support.cpp
[8.579s] -- Up-to-date: /home/misaka/fishbot/install/nav2_msgs/include/nav2_msgs/nav2_msgs/action
[8.579s] -- Up-to-date: /home/misaka/fishbot/install/nav2_msgs/include/nav2_msgs/nav2_msgs/action/detail
[8.580s] -- Up-to-date: /home/misaka/fishbot/install/nav2_msgs/include/nav2_msgs/nav2_msgs/action/detail/compute_path_to_pose__rosidl_typesupport_introspection_cpp.hpp
[8.580s] -- Up-to-date: /home/misaka/fishbot/install/nav2_msgs/include/nav2_msgs/nav2_msgs/action/detail/spin__type_support.cpp
[8.580s] -- Up-to-date: /home/misaka/fishbot/install/nav2_msgs/include/nav2_msgs/nav2_msgs/action/detail/follow_path__type_support.cpp
[8.580s] -- Up-to-date: /home/misaka/fishbot/install/nav2_msgs/include/nav2_msgs/nav2_msgs/action/detail/compute_path_to_pose__type_support.cpp
[8.580s] -- Up-to-date: /home/misaka/fishbot/install/nav2_msgs/include/nav2_msgs/nav2_msgs/action/detail/dummy_behavior__type_support.cpp
[8.580s] -- Up-to-date: /home/misaka/fishbot/install/nav2_msgs/include/nav2_msgs/nav2_msgs/action/detail/compute_path_through_poses__type_support.cpp
[8.580s] -- Up-to-date: /home/misaka/fishbot/install/nav2_msgs/include/nav2_msgs/nav2_msgs/action/detail/assisted_teleop__type_support.cpp
[8.580s] -- Up-to-date: /home/misaka/fishbot/install/nav2_msgs/include/nav2_msgs/nav2_msgs/action/detail/compute_path_through_poses__rosidl_typesupport_introspection_cpp.hpp
[8.580s] -- Up-to-date: /home/misaka/fishbot/install/nav2_msgs/include/nav2_msgs/nav2_msgs/action/detail/follow_path__rosidl_typesupport_introspection_cpp.hpp
[8.581s] -- Up-to-date: /home/misaka/fishbot/install/nav2_msgs/include/nav2_msgs/nav2_msgs/action/detail/dummy_behavior__rosidl_typesupport_introspection_cpp.hpp
[8.581s] -- Up-to-date: /home/misaka/fishbot/install/nav2_msgs/include/nav2_msgs/nav2_msgs/action/detail/drive_on_heading__rosidl_typesupport_introspection_cpp.hpp
[8.582s] -- Up-to-date: /home/misaka/fishbot/install/nav2_msgs/include/nav2_msgs/nav2_msgs/action/detail/smooth_path__rosidl_typesupport_introspection_cpp.hpp
[8.582s] -- Up-to-date: /home/misaka/fishbot/install/nav2_msgs/include/nav2_msgs/nav2_msgs/action/detail/wait__rosidl_typesupport_introspection_cpp.hpp
[8.583s] -- Up-to-date: /home/misaka/fishbot/install/nav2_msgs/include/nav2_msgs/nav2_msgs/action/detail/spin__rosidl_typesupport_introspection_cpp.hpp
[8.583s] -- Up-to-date: /home/misaka/fishbot/install/nav2_msgs/include/nav2_msgs/nav2_msgs/action/detail/navigate_to_pose__rosidl_typesupport_introspection_cpp.hpp
[8.584s] -- Up-to-date: /home/misaka/fishbot/install/nav2_msgs/include/nav2_msgs/nav2_msgs/action/detail/follow_waypoints__rosidl_typesupport_introspection_cpp.hpp
[8.585s] -- Up-to-date: /home/misaka/fishbot/install/nav2_msgs/include/nav2_msgs/nav2_msgs/action/detail/navigate_through_poses__rosidl_typesupport_introspection_cpp.hpp
[8.585s] -- Up-to-date: /home/misaka/fishbot/install/nav2_msgs/include/nav2_msgs/nav2_msgs/action/detail/navigate_to_pose__type_support.cpp
[8.585s] -- Up-to-date: /home/misaka/fishbot/install/nav2_msgs/include/nav2_msgs/nav2_msgs/action/detail/navigate_through_poses__type_support.cpp
[8.585s] -- Up-to-date: /home/misaka/fishbot/install/nav2_msgs/include/nav2_msgs/nav2_msgs/action/detail/drive_on_heading__type_support.cpp
[8.585s] -- Up-to-date: /home/misaka/fishbot/install/nav2_msgs/include/nav2_msgs/nav2_msgs/action/detail/follow_waypoints__type_support.cpp
[8.585s] -- Up-to-date: /home/misaka/fishbot/install/nav2_msgs/include/nav2_msgs/nav2_msgs/action/detail/back_up__rosidl_typesupport_introspection_cpp.hpp
[8.586s] -- Up-to-date: /home/misaka/fishbot/install/nav2_msgs/include/nav2_msgs/nav2_msgs/action/detail/wait__type_support.cpp
[8.586s] -- Up-to-date: /home/misaka/fishbot/install/nav2_msgs/include/nav2_msgs/nav2_msgs/action/detail/assisted_teleop__rosidl_typesupport_introspection_cpp.hpp
[8.586s] -- Up-to-date: /home/misaka/fishbot/install/nav2_msgs/include/nav2_msgs/nav2_msgs/action/detail/back_up__type_support.cpp
[8.587s] -- Up-to-date: /home/misaka/fishbot/install/nav2_msgs/include/nav2_msgs/nav2_msgs/action/detail/smooth_path__type_support.cpp
[8.587s] -- Up-to-date: /home/misaka/fishbot/install/nav2_msgs/include/nav2_msgs/nav2_msgs/msg
[8.587s] -- Up-to-date: /home/misaka/fishbot/install/nav2_msgs/include/nav2_msgs/nav2_msgs/msg/detail
[8.587s] -- Up-to-date: /home/misaka/fishbot/install/nav2_msgs/include/nav2_msgs/nav2_msgs/msg/detail/particle_cloud__type_support.cpp
[8.588s] -- Up-to-date: /home/misaka/fishbot/install/nav2_msgs/include/nav2_msgs/nav2_msgs/msg/detail/particle__type_support.cpp
[8.588s] -- Up-to-date: /home/misaka/fishbot/install/nav2_msgs/include/nav2_msgs/nav2_msgs/msg/detail/costmap_meta_data__rosidl_typesupport_introspection_cpp.hpp
[8.588s] -- Up-to-date: /home/misaka/fishbot/install/nav2_msgs/include/nav2_msgs/nav2_msgs/msg/detail/costmap_filter_info__rosidl_typesupport_introspection_cpp.hpp
[8.588s] -- Up-to-date: /home/misaka/fishbot/install/nav2_msgs/include/nav2_msgs/nav2_msgs/msg/detail/costmap_filter_info__type_support.cpp
[8.588s] -- Up-to-date: /home/misaka/fishbot/install/nav2_msgs/include/nav2_msgs/nav2_msgs/msg/detail/particle_cloud__rosidl_typesupport_introspection_cpp.hpp
[8.589s] -- Up-to-date: /home/misaka/fishbot/install/nav2_msgs/include/nav2_msgs/nav2_msgs/msg/detail/costmap__type_support.cpp
[8.589s] -- Up-to-date: /home/misaka/fishbot/install/nav2_msgs/include/nav2_msgs/nav2_msgs/msg/detail/behavior_tree_log__type_support.cpp
[8.589s] -- Up-to-date: /home/misaka/fishbot/install/nav2_msgs/include/nav2_msgs/nav2_msgs/msg/detail/behavior_tree_status_change__rosidl_typesupport_introspection_cpp.hpp
[8.589s] -- Up-to-date: /home/misaka/fishbot/install/nav2_msgs/include/nav2_msgs/nav2_msgs/msg/detail/speed_limit__rosidl_typesupport_introspection_cpp.hpp
[8.589s] -- Up-to-date: /home/misaka/fishbot/install/nav2_msgs/include/nav2_msgs/nav2_msgs/msg/detail/voxel_grid__rosidl_typesupport_introspection_cpp.hpp
[8.589s] -- Up-to-date: /home/misaka/fishbot/install/nav2_msgs/include/nav2_msgs/nav2_msgs/msg/detail/voxel_grid__type_support.cpp
[8.589s] -- Up-to-date: /home/misaka/fishbot/install/nav2_msgs/include/nav2_msgs/nav2_msgs/msg/detail/costmap_meta_data__type_support.cpp
[8.589s] -- Up-to-date: /home/misaka/fishbot/install/nav2_msgs/include/nav2_msgs/nav2_msgs/msg/detail/particle__rosidl_typesupport_introspection_cpp.hpp
[8.589s] -- Up-to-date: /home/misaka/fishbot/install/nav2_msgs/include/nav2_msgs/nav2_msgs/msg/detail/costmap__rosidl_typesupport_introspection_cpp.hpp
[8.589s] -- Up-to-date: /home/misaka/fishbot/install/nav2_msgs/include/nav2_msgs/nav2_msgs/msg/detail/behavior_tree_status_change__type_support.cpp
[8.589s] -- Up-to-date: /home/misaka/fishbot/install/nav2_msgs/include/nav2_msgs/nav2_msgs/msg/detail/speed_limit__type_support.cpp
[8.590s] -- Up-to-date: /home/misaka/fishbot/install/nav2_msgs/include/nav2_msgs/nav2_msgs/msg/detail/behavior_tree_log__rosidl_typesupport_introspection_cpp.hpp
[8.590s] -- Up-to-date: /home/misaka/fishbot/install/nav2_msgs/lib/libnav2_msgs__rosidl_typesupport_introspection_cpp.so
[8.590s] -- Up-to-date: /home/misaka/fishbot/install/nav2_msgs/lib/libnav2_msgs__rosidl_typesupport_cpp.so
[8.590s] -- Up-to-date: /home/misaka/fishbot/install/nav2_msgs/share/nav2_msgs/environment/pythonpath.sh
[8.591s] -- Up-to-date: /home/misaka/fishbot/install/nav2_msgs/share/nav2_msgs/environment/pythonpath.dsv
[8.591s] -- Up-to-date: /home/misaka/fishbot/install/nav2_msgs/local/lib/python3.10/dist-packages/nav2_msgs-1.1.0-py3.10.egg-info
[8.592s] -- Installing: /home/misaka/fishbot/install/nav2_msgs/local/lib/python3.10/dist-packages/nav2_msgs-1.1.0-py3.10.egg-info/PKG-INFO
[8.592s] -- Installing: /home/misaka/fishbot/install/nav2_msgs/local/lib/python3.10/dist-packages/nav2_msgs-1.1.0-py3.10.egg-info/dependency_links.txt
[8.593s] -- Installing: /home/misaka/fishbot/install/nav2_msgs/local/lib/python3.10/dist-packages/nav2_msgs-1.1.0-py3.10.egg-info/SOURCES.txt
[8.593s] -- Installing: /home/misaka/fishbot/install/nav2_msgs/local/lib/python3.10/dist-packages/nav2_msgs-1.1.0-py3.10.egg-info/top_level.txt
[8.593s] -- Up-to-date: /home/misaka/fishbot/install/nav2_msgs/local/lib/python3.10/dist-packages/nav2_msgs
[8.594s] -- Up-to-date: /home/misaka/fishbot/install/nav2_msgs/local/lib/python3.10/dist-packages/nav2_msgs/nav2_msgs_s__rosidl_typesupport_c.cpython-310-x86_64-linux-gnu.so
[8.594s] -- Up-to-date: /home/misaka/fishbot/install/nav2_msgs/local/lib/python3.10/dist-packages/nav2_msgs/libnav2_msgs__rosidl_generator_py.so
[8.595s] -- Up-to-date: /home/misaka/fishbot/install/nav2_msgs/local/lib/python3.10/dist-packages/nav2_msgs/srv
[8.595s] -- Up-to-date: /home/misaka/fishbot/install/nav2_msgs/local/lib/python3.10/dist-packages/nav2_msgs/srv/_load_map.py
[8.599s] -- Up-to-date: /home/misaka/fishbot/install/nav2_msgs/local/lib/python3.10/dist-packages/nav2_msgs/srv/_clear_entire_costmap_s.c
[8.599s] -- Up-to-date: /home/misaka/fishbot/install/nav2_msgs/local/lib/python3.10/dist-packages/nav2_msgs/srv/_save_map_s.c
[8.600s] -- Up-to-date: /home/misaka/fishbot/install/nav2_msgs/local/lib/python3.10/dist-packages/nav2_msgs/srv/_save_map.py
[8.601s] -- Up-to-date: /home/misaka/fishbot/install/nav2_msgs/local/lib/python3.10/dist-packages/nav2_msgs/srv/_clear_entire_costmap.py
[8.602s] -- Up-to-date: /home/misaka/fishbot/install/nav2_msgs/local/lib/python3.10/dist-packages/nav2_msgs/srv/_clear_costmap_around_robot.py
[8.607s] -- Up-to-date: /home/misaka/fishbot/install/nav2_msgs/local/lib/python3.10/dist-packages/nav2_msgs/srv/_is_path_valid_s.c
[8.608s] -- Up-to-date: /home/misaka/fishbot/install/nav2_msgs/local/lib/python3.10/dist-packages/nav2_msgs/srv/_clear_costmap_except_region.py
[8.608s] -- Up-to-date: /home/misaka/fishbot/install/nav2_msgs/local/lib/python3.10/dist-packages/nav2_msgs/srv/_clear_costmap_except_region_s.c
[8.609s] -- Up-to-date: /home/misaka/fishbot/install/nav2_msgs/local/lib/python3.10/dist-packages/nav2_msgs/srv/_manage_lifecycle_nodes_s.c
[8.612s] -- Up-to-date: /home/misaka/fishbot/install/nav2_msgs/local/lib/python3.10/dist-packages/nav2_msgs/srv/_get_costmap_s.c
[8.615s] -- Up-to-date: /home/misaka/fishbot/install/nav2_msgs/local/lib/python3.10/dist-packages/nav2_msgs/srv/_is_path_valid.py
[8.615s] -- Up-to-date: /home/misaka/fishbot/install/nav2_msgs/local/lib/python3.10/dist-packages/nav2_msgs/srv/__init__.py
[8.616s] -- Up-to-date: /home/misaka/fishbot/install/nav2_msgs/local/lib/python3.10/dist-packages/nav2_msgs/srv/_clear_costmap_around_robot_s.c
[8.616s] -- Up-to-date: /home/misaka/fishbot/install/nav2_msgs/local/lib/python3.10/dist-packages/nav2_msgs/srv/_manage_lifecycle_nodes.py
[8.616s] -- Up-to-date: /home/misaka/fishbot/install/nav2_msgs/local/lib/python3.10/dist-packages/nav2_msgs/srv/_load_map_s.c
[8.616s] -- Up-to-date: /home/misaka/fishbot/install/nav2_msgs/local/lib/python3.10/dist-packages/nav2_msgs/srv/_get_costmap.py
[8.616s] -- Up-to-date: /home/misaka/fishbot/install/nav2_msgs/local/lib/python3.10/dist-packages/nav2_msgs/nav2_msgs_s__rosidl_typesupport_introspection_c.cpython-310-x86_64-linux-gnu.so
[8.617s] -- Up-to-date: /home/misaka/fishbot/install/nav2_msgs/local/lib/python3.10/dist-packages/nav2_msgs/nav2_msgs_s__rosidl_typesupport_fastrtps_c.cpython-310-x86_64-linux-gnu.so
[8.617s] -- Up-to-date: /home/misaka/fishbot/install/nav2_msgs/local/lib/python3.10/dist-packages/nav2_msgs/action
[8.617s] -- Up-to-date: /home/misaka/fishbot/install/nav2_msgs/local/lib/python3.10/dist-packages/nav2_msgs/action/_smooth_path_s.c
[8.617s] -- Up-to-date: /home/misaka/fishbot/install/nav2_msgs/local/lib/python3.10/dist-packages/nav2_msgs/action/_navigate_through_poses.py
[8.617s] -- Up-to-date: /home/misaka/fishbot/install/nav2_msgs/local/lib/python3.10/dist-packages/nav2_msgs/action/_wait_s.c
[8.618s] -- Up-to-date: /home/misaka/fishbot/install/nav2_msgs/local/lib/python3.10/dist-packages/nav2_msgs/action/_navigate_to_pose_s.c
[8.618s] -- Up-to-date: /home/misaka/fishbot/install/nav2_msgs/local/lib/python3.10/dist-packages/nav2_msgs/action/_drive_on_heading.py
[8.618s] -- Up-to-date: /home/misaka/fishbot/install/nav2_msgs/local/lib/python3.10/dist-packages/nav2_msgs/action/_back_up_s.c
[8.619s] -- Up-to-date: /home/misaka/fishbot/install/nav2_msgs/local/lib/python3.10/dist-packages/nav2_msgs/action/_follow_waypoints_s.c
[8.621s] -- Up-to-date: /home/misaka/fishbot/install/nav2_msgs/local/lib/python3.10/dist-packages/nav2_msgs/action/_navigate_through_poses_s.c
[8.622s] -- Up-to-date: /home/misaka/fishbot/install/nav2_msgs/local/lib/python3.10/dist-packages/nav2_msgs/action/_dummy_behavior.py
[8.624s] -- Up-to-date: /home/misaka/fishbot/install/nav2_msgs/local/lib/python3.10/dist-packages/nav2_msgs/action/_follow_waypoints.py
[8.624s] -- Up-to-date: /home/misaka/fishbot/install/nav2_msgs/local/lib/python3.10/dist-packages/nav2_msgs/action/_compute_path_to_pose.py
[8.625s] -- Up-to-date: /home/misaka/fishbot/install/nav2_msgs/local/lib/python3.10/dist-packages/nav2_msgs/action/_spin.py
[8.627s] -- Up-to-date: /home/misaka/fishbot/install/nav2_msgs/local/lib/python3.10/dist-packages/nav2_msgs/action/_back_up.py
[8.628s] -- Up-to-date: /home/misaka/fishbot/install/nav2_msgs/local/lib/python3.10/dist-packages/nav2_msgs/action/_assisted_teleop.py
[8.629s] -- Up-to-date: /home/misaka/fishbot/install/nav2_msgs/local/lib/python3.10/dist-packages/nav2_msgs/action/_compute_path_through_poses_s.c
[8.630s] -- Up-to-date: /home/misaka/fishbot/install/nav2_msgs/local/lib/python3.10/dist-packages/nav2_msgs/action/_follow_path_s.c
[8.631s] -- Up-to-date: /home/misaka/fishbot/install/nav2_msgs/local/lib/python3.10/dist-packages/nav2_msgs/action/_compute_path_to_pose_s.c
[8.631s] -- Up-to-date: /home/misaka/fishbot/install/nav2_msgs/local/lib/python3.10/dist-packages/nav2_msgs/action/_dummy_behavior_s.c
[8.632s] -- Up-to-date: /home/misaka/fishbot/install/nav2_msgs/local/lib/python3.10/dist-packages/nav2_msgs/action/_navigate_to_pose.py
[8.633s] -- Up-to-date: /home/misaka/fishbot/install/nav2_msgs/local/lib/python3.10/dist-packages/nav2_msgs/action/_wait.py
[8.634s] -- Up-to-date: /home/misaka/fishbot/install/nav2_msgs/local/lib/python3.10/dist-packages/nav2_msgs/action/_spin_s.c
[8.635s] -- Up-to-date: /home/misaka/fishbot/install/nav2_msgs/local/lib/python3.10/dist-packages/nav2_msgs/action/__init__.py
[8.635s] -- Up-to-date: /home/misaka/fishbot/install/nav2_msgs/local/lib/python3.10/dist-packages/nav2_msgs/action/_assisted_teleop_s.c
[8.636s] -- Up-to-date: /home/misaka/fishbot/install/nav2_msgs/local/lib/python3.10/dist-packages/nav2_msgs/action/_compute_path_through_poses.py
[8.636s] -- Up-to-date: /home/misaka/fishbot/install/nav2_msgs/local/lib/python3.10/dist-packages/nav2_msgs/action/_smooth_path.py
[8.638s] -- Up-to-date: /home/misaka/fishbot/install/nav2_msgs/local/lib/python3.10/dist-packages/nav2_msgs/action/_drive_on_heading_s.c
[8.638s] -- Up-to-date: /home/misaka/fishbot/install/nav2_msgs/local/lib/python3.10/dist-packages/nav2_msgs/action/_follow_path.py
[8.640s] -- Up-to-date: /home/misaka/fishbot/install/nav2_msgs/local/lib/python3.10/dist-packages/nav2_msgs/_nav2_msgs_s.ep.rosidl_typesupport_c.c
[8.641s] -- Up-to-date: /home/misaka/fishbot/install/nav2_msgs/local/lib/python3.10/dist-packages/nav2_msgs/__init__.py
[8.641s] -- Up-to-date: /home/misaka/fishbot/install/nav2_msgs/local/lib/python3.10/dist-packages/nav2_msgs/msg
[8.642s] -- Up-to-date: /home/misaka/fishbot/install/nav2_msgs/local/lib/python3.10/dist-packages/nav2_msgs/msg/_costmap_filter_info.py
[8.642s] -- Up-to-date: /home/misaka/fishbot/install/nav2_msgs/local/lib/python3.10/dist-packages/nav2_msgs/msg/_particle.py
[8.642s] -- Up-to-date: /home/misaka/fishbot/install/nav2_msgs/local/lib/python3.10/dist-packages/nav2_msgs/msg/_particle_s.c
[8.642s] -- Up-to-date: /home/misaka/fishbot/install/nav2_msgs/local/lib/python3.10/dist-packages/nav2_msgs/msg/_voxel_grid.py
[8.645s] -- Up-to-date: /home/misaka/fishbot/install/nav2_msgs/local/lib/python3.10/dist-packages/nav2_msgs/msg/_particle_cloud_s.c
[8.646s] -- Up-to-date: /home/misaka/fishbot/install/nav2_msgs/local/lib/python3.10/dist-packages/nav2_msgs/msg/_speed_limit.py
[8.649s] -- Up-to-date: /home/misaka/fishbot/install/nav2_msgs/local/lib/python3.10/dist-packages/nav2_msgs/msg/_costmap_meta_data_s.c
[8.650s] -- Up-to-date: /home/misaka/fishbot/install/nav2_msgs/local/lib/python3.10/dist-packages/nav2_msgs/msg/_costmap_filter_info_s.c
[8.651s] -- Up-to-date: /home/misaka/fishbot/install/nav2_msgs/local/lib/python3.10/dist-packages/nav2_msgs/msg/_behavior_tree_log.py
[8.652s] -- Up-to-date: /home/misaka/fishbot/install/nav2_msgs/local/lib/python3.10/dist-packages/nav2_msgs/msg/_costmap_meta_data.py
[8.653s] -- Up-to-date: /home/misaka/fishbot/install/nav2_msgs/local/lib/python3.10/dist-packages/nav2_msgs/msg/_behavior_tree_status_change.py
[8.654s] -- Up-to-date: /home/misaka/fishbot/install/nav2_msgs/local/lib/python3.10/dist-packages/nav2_msgs/msg/_costmap.py
[8.655s] -- Up-to-date: /home/misaka/fishbot/install/nav2_msgs/local/lib/python3.10/dist-packages/nav2_msgs/msg/_voxel_grid_s.c
[8.656s] -- Up-to-date: /home/misaka/fishbot/install/nav2_msgs/local/lib/python3.10/dist-packages/nav2_msgs/msg/_particle_cloud.py
[8.658s] -- Up-to-date: /home/misaka/fishbot/install/nav2_msgs/local/lib/python3.10/dist-packages/nav2_msgs/msg/_speed_limit_s.c
[8.660s] -- Up-to-date: /home/misaka/fishbot/install/nav2_msgs/local/lib/python3.10/dist-packages/nav2_msgs/msg/_costmap_s.c
[8.661s] -- Up-to-date: /home/misaka/fishbot/install/nav2_msgs/local/lib/python3.10/dist-packages/nav2_msgs/msg/_behavior_tree_log_s.c
[8.663s] -- Up-to-date: /home/misaka/fishbot/install/nav2_msgs/local/lib/python3.10/dist-packages/nav2_msgs/msg/_behavior_tree_status_change_s.c
[8.665s] -- Up-to-date: /home/misaka/fishbot/install/nav2_msgs/local/lib/python3.10/dist-packages/nav2_msgs/msg/__init__.py
[8.666s] -- Up-to-date: /home/misaka/fishbot/install/nav2_msgs/local/lib/python3.10/dist-packages/nav2_msgs/_nav2_msgs_s.ep.rosidl_typesupport_fastrtps_c.c
[8.667s] -- Up-to-date: /home/misaka/fishbot/install/nav2_msgs/local/lib/python3.10/dist-packages/nav2_msgs/_nav2_msgs_s.ep.rosidl_typesupport_introspection_c.c
[8.671s] Listing '/home/misaka/fishbot/install/nav2_msgs/local/lib/python3.10/dist-packages/nav2_msgs'...
[8.673s] Listing '/home/misaka/fishbot/install/nav2_msgs/local/lib/python3.10/dist-packages/nav2_msgs/action'...
[8.673s] Listing '/home/misaka/fishbot/install/nav2_msgs/local/lib/python3.10/dist-packages/nav2_msgs/msg'...
[8.673s] Listing '/home/misaka/fishbot/install/nav2_msgs/local/lib/python3.10/dist-packages/nav2_msgs/srv'...
[8.678s] -- Up-to-date: /home/misaka/fishbot/install/nav2_msgs/local/lib/python3.10/dist-packages/nav2_msgs/nav2_msgs_s__rosidl_typesupport_fastrtps_c.cpython-310-x86_64-linux-gnu.so
[8.678s] -- Up-to-date: /home/misaka/fishbot/install/nav2_msgs/local/lib/python3.10/dist-packages/nav2_msgs/nav2_msgs_s__rosidl_typesupport_introspection_c.cpython-310-x86_64-linux-gnu.so
[8.679s] -- Up-to-date: /home/misaka/fishbot/install/nav2_msgs/local/lib/python3.10/dist-packages/nav2_msgs/nav2_msgs_s__rosidl_typesupport_c.cpython-310-x86_64-linux-gnu.so
[8.680s] -- Up-to-date: /home/misaka/fishbot/install/nav2_msgs/lib/libnav2_msgs__rosidl_generator_py.so
[8.681s] -- Up-to-date: /home/misaka/fishbot/install/nav2_msgs/share/nav2_msgs/msg/Costmap.idl
[8.681s] -- Up-to-date: /home/misaka/fishbot/install/nav2_msgs/share/nav2_msgs/msg/CostmapMetaData.idl
[8.683s] -- Up-to-date: /home/misaka/fishbot/install/nav2_msgs/share/nav2_msgs/msg/CostmapFilterInfo.idl
[8.684s] -- Up-to-date: /home/misaka/fishbot/install/nav2_msgs/share/nav2_msgs/msg/SpeedLimit.idl
[8.685s] -- Up-to-date: /home/misaka/fishbot/install/nav2_msgs/share/nav2_msgs/msg/VoxelGrid.idl
[8.685s] -- Up-to-date: /home/misaka/fishbot/install/nav2_msgs/share/nav2_msgs/msg/BehaviorTreeStatusChange.idl
[8.687s] -- Up-to-date: /home/misaka/fishbot/install/nav2_msgs/share/nav2_msgs/msg/BehaviorTreeLog.idl
[8.687s] -- Up-to-date: /home/misaka/fishbot/install/nav2_msgs/share/nav2_msgs/msg/Particle.idl
[8.688s] -- Up-to-date: /home/misaka/fishbot/install/nav2_msgs/share/nav2_msgs/msg/ParticleCloud.idl
[8.689s] -- Up-to-date: /home/misaka/fishbot/install/nav2_msgs/share/nav2_msgs/srv/GetCostmap.idl
[8.690s] -- Up-to-date: /home/misaka/fishbot/install/nav2_msgs/share/nav2_msgs/srv/IsPathValid.idl
[8.690s] -- Up-to-date: /home/misaka/fishbot/install/nav2_msgs/share/nav2_msgs/srv/ClearCostmapExceptRegion.idl
[8.690s] -- Up-to-date: /home/misaka/fishbot/install/nav2_msgs/share/nav2_msgs/srv/ClearCostmapAroundRobot.idl
[8.691s] -- Up-to-date: /home/misaka/fishbot/install/nav2_msgs/share/nav2_msgs/srv/ClearEntireCostmap.idl
[8.692s] -- Up-to-date: /home/misaka/fishbot/install/nav2_msgs/share/nav2_msgs/srv/ManageLifecycleNodes.idl
[8.694s] -- Up-to-date: /home/misaka/fishbot/install/nav2_msgs/share/nav2_msgs/srv/LoadMap.idl
[8.695s] -- Up-to-date: /home/misaka/fishbot/install/nav2_msgs/share/nav2_msgs/srv/SaveMap.idl
[8.695s] -- Up-to-date: /home/misaka/fishbot/install/nav2_msgs/share/nav2_msgs/action/AssistedTeleop.idl
[8.696s] -- Up-to-date: /home/misaka/fishbot/install/nav2_msgs/share/nav2_msgs/action/BackUp.idl
[8.696s] -- Up-to-date: /home/misaka/fishbot/install/nav2_msgs/share/nav2_msgs/action/ComputePathToPose.idl
[8.697s] -- Up-to-date: /home/misaka/fishbot/install/nav2_msgs/share/nav2_msgs/action/ComputePathThroughPoses.idl
[8.698s] -- Up-to-date: /home/misaka/fishbot/install/nav2_msgs/share/nav2_msgs/action/DriveOnHeading.idl
[8.699s] -- Up-to-date: /home/misaka/fishbot/install/nav2_msgs/share/nav2_msgs/action/SmoothPath.idl
[8.700s] -- Up-to-date: /home/misaka/fishbot/install/nav2_msgs/share/nav2_msgs/action/FollowPath.idl
[8.700s] -- Up-to-date: /home/misaka/fishbot/install/nav2_msgs/share/nav2_msgs/action/NavigateToPose.idl
[8.700s] -- Up-to-date: /home/misaka/fishbot/install/nav2_msgs/share/nav2_msgs/action/NavigateThroughPoses.idl
[8.700s] -- Up-to-date: /home/misaka/fishbot/install/nav2_msgs/share/nav2_msgs/action/Wait.idl
[8.700s] -- Up-to-date: /home/misaka/fishbot/install/nav2_msgs/share/nav2_msgs/action/Spin.idl
[8.700s] -- Up-to-date: /home/misaka/fishbot/install/nav2_msgs/share/nav2_msgs/action/DummyBehavior.idl
[8.700s] -- Up-to-date: /home/misaka/fishbot/install/nav2_msgs/share/nav2_msgs/action/FollowWaypoints.idl
[8.700s] -- Up-to-date: /home/misaka/fishbot/install/nav2_msgs/share/nav2_msgs/msg/Costmap.msg
[8.700s] -- Up-to-date: /home/misaka/fishbot/install/nav2_msgs/share/nav2_msgs/msg/CostmapMetaData.msg
[8.700s] -- Up-to-date: /home/misaka/fishbot/install/nav2_msgs/share/nav2_msgs/msg/CostmapFilterInfo.msg
[8.700s] -- Up-to-date: /home/misaka/fishbot/install/nav2_msgs/share/nav2_msgs/msg/SpeedLimit.msg
[8.700s] -- Up-to-date: /home/misaka/fishbot/install/nav2_msgs/share/nav2_msgs/msg/VoxelGrid.msg
[8.701s] -- Up-to-date: /home/misaka/fishbot/install/nav2_msgs/share/nav2_msgs/msg/BehaviorTreeStatusChange.msg
[8.701s] -- Up-to-date: /home/misaka/fishbot/install/nav2_msgs/share/nav2_msgs/msg/BehaviorTreeLog.msg
[8.701s] -- Up-to-date: /home/misaka/fishbot/install/nav2_msgs/share/nav2_msgs/msg/Particle.msg
[8.701s] -- Up-to-date: /home/misaka/fishbot/install/nav2_msgs/share/nav2_msgs/msg/ParticleCloud.msg
[8.702s] -- Up-to-date: /home/misaka/fishbot/install/nav2_msgs/share/nav2_msgs/srv/GetCostmap.srv
[8.702s] -- Up-to-date: /home/misaka/fishbot/install/nav2_msgs/share/nav2_msgs/srv/GetCostmap_Request.msg
[8.704s] -- Up-to-date: /home/misaka/fishbot/install/nav2_msgs/share/nav2_msgs/srv/GetCostmap_Response.msg
[8.710s] -- Up-to-date: /home/misaka/fishbot/install/nav2_msgs/share/nav2_msgs/srv/IsPathValid.srv
[8.710s] -- Up-to-date: /home/misaka/fishbot/install/nav2_msgs/share/nav2_msgs/srv/IsPathValid_Request.msg
[8.711s] -- Up-to-date: /home/misaka/fishbot/install/nav2_msgs/share/nav2_msgs/srv/IsPathValid_Response.msg
[8.716s] -- Up-to-date: /home/misaka/fishbot/install/nav2_msgs/share/nav2_msgs/srv/ClearCostmapExceptRegion.srv
[8.717s] -- Up-to-date: /home/misaka/fishbot/install/nav2_msgs/share/nav2_msgs/srv/ClearCostmapExceptRegion_Request.msg
[8.717s] -- Up-to-date: /home/misaka/fishbot/install/nav2_msgs/share/nav2_msgs/srv/ClearCostmapExceptRegion_Response.msg
[8.719s] -- Up-to-date: /home/misaka/fishbot/install/nav2_msgs/share/nav2_msgs/srv/ClearCostmapAroundRobot.srv
[8.721s] -- Up-to-date: /home/misaka/fishbot/install/nav2_msgs/share/nav2_msgs/srv/ClearCostmapAroundRobot_Request.msg
[8.723s] -- Up-to-date: /home/misaka/fishbot/install/nav2_msgs/share/nav2_msgs/srv/ClearCostmapAroundRobot_Response.msg
[8.724s] -- Up-to-date: /home/misaka/fishbot/install/nav2_msgs/share/nav2_msgs/srv/ClearEntireCostmap.srv
[8.726s] -- Up-to-date: /home/misaka/fishbot/install/nav2_msgs/share/nav2_msgs/srv/ClearEntireCostmap_Request.msg
[8.727s] -- Up-to-date: /home/misaka/fishbot/install/nav2_msgs/share/nav2_msgs/srv/ClearEntireCostmap_Response.msg
[8.730s] -- Up-to-date: /home/misaka/fishbot/install/nav2_msgs/share/nav2_msgs/srv/ManageLifecycleNodes.srv
[8.732s] -- Up-to-date: /home/misaka/fishbot/install/nav2_msgs/share/nav2_msgs/srv/ManageLifecycleNodes_Request.msg
[8.736s] -- Up-to-date: /home/misaka/fishbot/install/nav2_msgs/share/nav2_msgs/srv/ManageLifecycleNodes_Response.msg
[8.737s] -- Up-to-date: /home/misaka/fishbot/install/nav2_msgs/share/nav2_msgs/srv/LoadMap.srv
[8.737s] -- Up-to-date: /home/misaka/fishbot/install/nav2_msgs/share/nav2_msgs/srv/LoadMap_Request.msg
[8.738s] -- Up-to-date: /home/misaka/fishbot/install/nav2_msgs/share/nav2_msgs/srv/LoadMap_Response.msg
[8.741s] -- Up-to-date: /home/misaka/fishbot/install/nav2_msgs/share/nav2_msgs/srv/SaveMap.srv
[8.743s] -- Up-to-date: /home/misaka/fishbot/install/nav2_msgs/share/nav2_msgs/srv/SaveMap_Request.msg
[8.744s] -- Up-to-date: /home/misaka/fishbot/install/nav2_msgs/share/nav2_msgs/srv/SaveMap_Response.msg
[8.745s] -- Up-to-date: /home/misaka/fishbot/install/nav2_msgs/share/nav2_msgs/action/AssistedTeleop.action
[8.747s] -- Up-to-date: /home/misaka/fishbot/install/nav2_msgs/share/nav2_msgs/action/BackUp.action
[8.748s] -- Up-to-date: /home/misaka/fishbot/install/nav2_msgs/share/nav2_msgs/action/ComputePathToPose.action
[8.752s] -- Up-to-date: /home/misaka/fishbot/install/nav2_msgs/share/nav2_msgs/action/ComputePathThroughPoses.action
[8.762s] -- Up-to-date: /home/misaka/fishbot/install/nav2_msgs/share/nav2_msgs/action/DriveOnHeading.action
[8.763s] -- Up-to-date: /home/misaka/fishbot/install/nav2_msgs/share/nav2_msgs/action/SmoothPath.action
[8.764s] -- Up-to-date: /home/misaka/fishbot/install/nav2_msgs/share/nav2_msgs/action/FollowPath.action
[8.765s] -- Up-to-date: /home/misaka/fishbot/install/nav2_msgs/share/nav2_msgs/action/NavigateToPose.action
[8.765s] -- Up-to-date: /home/misaka/fishbot/install/nav2_msgs/share/nav2_msgs/action/NavigateThroughPoses.action
[8.767s] -- Up-to-date: /home/misaka/fishbot/install/nav2_msgs/share/nav2_msgs/action/Wait.action
[8.768s] -- Up-to-date: /home/misaka/fishbot/install/nav2_msgs/share/nav2_msgs/action/Spin.action
[8.769s] -- Up-to-date: /home/misaka/fishbot/install/nav2_msgs/share/nav2_msgs/action/DummyBehavior.action
[8.769s] -- Up-to-date: /home/misaka/fishbot/install/nav2_msgs/share/nav2_msgs/action/FollowWaypoints.action
[8.770s] -- Up-to-date: /home/misaka/fishbot/install/nav2_msgs/share/ament_index/resource_index/package_run_dependencies/nav2_msgs
[8.771s] -- Up-to-date: /home/misaka/fishbot/install/nav2_msgs/share/ament_index/resource_index/parent_prefix_path/nav2_msgs
[8.772s] -- Up-to-date: /home/misaka/fishbot/install/nav2_msgs/share/nav2_msgs/environment/ament_prefix_path.sh
[8.773s] -- Up-to-date: /home/misaka/fishbot/install/nav2_msgs/share/nav2_msgs/environment/ament_prefix_path.dsv
[8.773s] -- Up-to-date: /home/misaka/fishbot/install/nav2_msgs/share/nav2_msgs/environment/path.sh
[8.774s] -- Up-to-date: /home/misaka/fishbot/install/nav2_msgs/share/nav2_msgs/environment/path.dsv
[8.774s] -- Up-to-date: /home/misaka/fishbot/install/nav2_msgs/share/nav2_msgs/local_setup.bash
[8.775s] -- Up-to-date: /home/misaka/fishbot/install/nav2_msgs/share/nav2_msgs/local_setup.sh
[8.777s] -- Up-to-date: /home/misaka/fishbot/install/nav2_msgs/share/nav2_msgs/local_setup.zsh
[8.778s] -- Up-to-date: /home/misaka/fishbot/install/nav2_msgs/share/nav2_msgs/local_setup.dsv
[8.779s] -- Installing: /home/misaka/fishbot/install/nav2_msgs/share/nav2_msgs/package.dsv
[8.780s] -- Up-to-date: /home/misaka/fishbot/install/nav2_msgs/share/ament_index/resource_index/packages/nav2_msgs
[8.782s] -- Up-to-date: /home/misaka/fishbot/install/nav2_msgs/share/nav2_msgs/cmake/export_nav2_msgs__rosidl_generator_cExport.cmake
[8.784s] -- Up-to-date: /home/misaka/fishbot/install/nav2_msgs/share/nav2_msgs/cmake/export_nav2_msgs__rosidl_generator_cExport-release.cmake
[8.786s] -- Up-to-date: /home/misaka/fishbot/install/nav2_msgs/share/nav2_msgs/cmake/export_nav2_msgs__rosidl_typesupport_fastrtps_cExport.cmake
[8.788s] -- Up-to-date: /home/misaka/fishbot/install/nav2_msgs/share/nav2_msgs/cmake/export_nav2_msgs__rosidl_typesupport_fastrtps_cExport-release.cmake
[8.789s] -- Up-to-date: /home/misaka/fishbot/install/nav2_msgs/share/nav2_msgs/cmake/export_nav2_msgs__rosidl_generator_cppExport.cmake
[8.790s] -- Up-to-date: /home/misaka/fishbot/install/nav2_msgs/share/nav2_msgs/cmake/export_nav2_msgs__rosidl_typesupport_fastrtps_cppExport.cmake
[8.800s] -- Up-to-date: /home/misaka/fishbot/install/nav2_msgs/share/nav2_msgs/cmake/export_nav2_msgs__rosidl_typesupport_fastrtps_cppExport-release.cmake
[8.807s] -- Up-to-date: /home/misaka/fishbot/install/nav2_msgs/share/nav2_msgs/cmake/nav2_msgs__rosidl_typesupport_introspection_cExport.cmake
[8.809s] -- Up-to-date: /home/misaka/fishbot/install/nav2_msgs/share/nav2_msgs/cmake/nav2_msgs__rosidl_typesupport_introspection_cExport-release.cmake
[8.811s] -- Up-to-date: /home/misaka/fishbot/install/nav2_msgs/share/nav2_msgs/cmake/nav2_msgs__rosidl_typesupport_cExport.cmake
[8.823s] -- Up-to-date: /home/misaka/fishbot/install/nav2_msgs/share/nav2_msgs/cmake/nav2_msgs__rosidl_typesupport_cExport-release.cmake
[8.830s] -- Up-to-date: /home/misaka/fishbot/install/nav2_msgs/share/nav2_msgs/cmake/nav2_msgs__rosidl_typesupport_introspection_cppExport.cmake
[8.842s] -- Up-to-date: /home/misaka/fishbot/install/nav2_msgs/share/nav2_msgs/cmake/nav2_msgs__rosidl_typesupport_introspection_cppExport-release.cmake
[8.848s] -- Up-to-date: /home/misaka/fishbot/install/nav2_msgs/share/nav2_msgs/cmake/nav2_msgs__rosidl_typesupport_cppExport.cmake
[8.849s] -- Up-to-date: /home/misaka/fishbot/install/nav2_msgs/share/nav2_msgs/cmake/nav2_msgs__rosidl_typesupport_cppExport-release.cmake
[8.874s] -- Up-to-date: /home/misaka/fishbot/install/nav2_msgs/share/nav2_msgs/cmake/export_nav2_msgs__rosidl_generator_pyExport.cmake
[8.881s] -- Up-to-date: /home/misaka/fishbot/install/nav2_msgs/share/nav2_msgs/cmake/export_nav2_msgs__rosidl_generator_pyExport-release.cmake
[8.882s] -- Up-to-date: /home/misaka/fishbot/install/nav2_msgs/share/nav2_msgs/cmake/rosidl_cmake-extras.cmake
[8.882s] -- Up-to-date: /home/misaka/fishbot/install/nav2_msgs/share/nav2_msgs/cmake/ament_cmake_export_dependencies-extras.cmake
[8.883s] -- Up-to-date: /home/misaka/fishbot/install/nav2_msgs/share/nav2_msgs/cmake/ament_cmake_export_include_directories-extras.cmake
[8.888s] -- Up-to-date: /home/misaka/fishbot/install/nav2_msgs/share/nav2_msgs/cmake/ament_cmake_export_libraries-extras.cmake
[8.894s] -- Up-to-date: /home/misaka/fishbot/install/nav2_msgs/share/nav2_msgs/cmake/ament_cmake_export_targets-extras.cmake
[8.895s] -- Up-to-date: /home/misaka/fishbot/install/nav2_msgs/share/nav2_msgs/cmake/rosidl_cmake_export_typesupport_targets-extras.cmake
[8.897s] -- Up-to-date: /home/misaka/fishbot/install/nav2_msgs/share/nav2_msgs/cmake/rosidl_cmake_export_typesupport_libraries-extras.cmake
[8.907s] -- Up-to-date: /home/misaka/fishbot/install/nav2_msgs/share/nav2_msgs/cmake/nav2_msgsConfig.cmake
[8.908s] -- Up-to-date: /home/misaka/fishbot/install/nav2_msgs/share/nav2_msgs/cmake/nav2_msgsConfig-version.cmake
[8.909s] -- Up-to-date: /home/misaka/fishbot/install/nav2_msgs/share/nav2_msgs/package.xml
[8.972s] Invoked command in '/home/misaka/fishbot/build/nav2_msgs' returned '0': AMENT_PREFIX_PATH=/home/misaka/fishbot/install/nav2_common:${AMENT_PREFIX_PATH} CMAKE_PREFIX_PATH=/home/misaka/fishbot/install/nav2_common:/opt/ros/humble PYTHONPATH=/home/misaka/fishbot/install/nav2_common/local/lib/python3.10/dist-packages:${PYTHONPATH} /usr/bin/cmake --install /home/misaka/fishbot/build/nav2_msgs
