[1.714s] Invoking command in '/home/misaka/fishbot/build/nav2_util': AMENT_PREFIX_PATH=/home/misaka/fishbot/install/nav2_msgs:/home/misaka/fishbot/install/nav2_common:${AMENT_PREFIX_PATH} CMAKE_PREFIX_PATH=/home/misaka/fishbot/install/nav2_msgs:/home/misaka/fishbot/install/nav2_common:/opt/ros/humble LD_LIBRARY_PATH=/home/misaka/fishbot/install/nav2_msgs/lib:${LD_LIBRARY_PATH} PYTHONPATH=/home/misaka/fishbot/install/nav2_msgs/local/lib/python3.10/dist-packages:/home/misaka/fishbot/install/nav2_common/local/lib/python3.10/dist-packages:${PYTHONPATH} /usr/bin/cmake /home/misaka/fishbot/src/navigation/nav2_util -DCMAKE_INSTALL_PREFIX=/home/misaka/fishbot/install/nav2_util
[2.183s] -- The C compiler identification is GNU 11.4.0
[2.748s] -- The CXX compiler identification is GNU 11.4.0
[2.880s] -- Detecting C compiler ABI info
[3.442s] -- Detecting C compiler ABI info - done
[3.498s] -- Check for working C compiler: /usr/bin/cc - skipped
[3.499s] -- Detecting C compile features
[3.505s] -- Detecting C compile features - done
[3.522s] -- Detecting CXX compiler ABI info
[4.215s] -- Detecting CXX compiler ABI info - done
[4.286s] -- Check for working CXX compiler: /usr/bin/c++ - skipped
[4.287s] -- Detecting CXX compile features
[4.321s] -- Detecting CXX compile features - done
[4.344s] -- Found ament_cmake: 1.3.10 (/opt/ros/humble/share/ament_cmake/cmake)
[5.357s] -- Found Python3: /usr/bin/python3 (found version "3.10.12") found components: Interpreter 
[6.020s] -- Found nav2_common: 1.1.0 (/home/misaka/fishbot/install/nav2_common/share/nav2_common/cmake)
[6.026s] -- Found nav2_msgs: 1.1.0 (/home/misaka/fishbot/install/nav2_msgs/share/nav2_msgs/cmake)
[6.207s] -- Found rosidl_generator_c: 3.1.5 (/opt/ros/humble/share/rosidl_generator_c/cmake)
[6.254s] -- Found rosidl_adapter: 3.1.5 (/opt/ros/humble/share/rosidl_adapter/cmake)
[6.297s] -- Found rosidl_generator_cpp: 3.1.5 (/opt/ros/humble/share/rosidl_generator_cpp/cmake)
[6.370s] -- Using all available rosidl_typesupport_c: rosidl_typesupport_fastrtps_c;rosidl_typesupport_introspection_c
[6.443s] -- Using all available rosidl_typesupport_cpp: rosidl_typesupport_fastrtps_cpp;rosidl_typesupport_introspection_cpp
[7.413s] -- Found tf2_ros: 0.25.8 (/opt/ros/humble/share/tf2_ros/cmake)
[8.621s] -- Found rmw_implementation_cmake: 6.1.2 (/opt/ros/humble/share/rmw_implementation_cmake/cmake)
[8.661s] -- Found rmw_fastrtps_cpp: 6.2.7 (/opt/ros/humble/share/rmw_fastrtps_cpp/cmake)
[10.416s] -- Found OpenSSL: /usr/lib/x86_64-linux-gnu/libcrypto.so (found version "3.0.2")  
[10.682s] -- Found FastRTPS: /opt/ros/humble/include  
[11.176s] -- Using RMW implementation 'rmw_fastrtps_cpp' as default
[11.484s] -- Looking for pthread.h
[12.314s] -- Looking for pthread.h - found
[12.319s] -- Performing Test CMAKE_HAVE_LIBC_PTHREAD
[12.830s] -- Performing Test CMAKE_HAVE_LIBC_PTHREAD - Success
[12.830s] -- Found Threads: TRUE  
[13.468s] -- Found tf2_geometry_msgs: 0.25.8 (/opt/ros/humble/share/tf2_geometry_msgs/cmake)
[13.563s] -- Found eigen3_cmake_module: 0.1.1 (/opt/ros/humble/share/eigen3_cmake_module/cmake)
[13.580s] -- Found Eigen3: TRUE (found version "3.4.0") 
[13.583s] -- Ensuring Eigen3 include directory is part of orocos-kdl CMake target
[13.595s] -- Found lifecycle_msgs: 1.2.1 (/opt/ros/humble/share/lifecycle_msgs/cmake)
[13.775s] -- Found rclcpp_lifecycle: 16.0.10 (/opt/ros/humble/share/rclcpp_lifecycle/cmake)
[14.008s] -- Found bondcpp: 3.0.2 (/opt/ros/humble/share/bondcpp/cmake)
[14.257s] -- Setting build type to Release as none was specified.
[14.488s] -- Found Boost: /usr/lib/x86_64-linux-gnu/cmake/Boost-1.74.0/BoostConfig.cmake (found version "1.74.0") found components: program_options 
[14.509s] -- Found ament_lint_auto: 0.12.11 (/opt/ros/humble/share/ament_lint_auto/cmake)
[14.518s] -- Found ament_cmake_pytest: 1.3.10 (/opt/ros/humble/share/ament_cmake_pytest/cmake)
[14.543s] -- Found launch_testing_ament_cmake: 1.0.6 (/opt/ros/humble/share/launch_testing_ament_cmake/cmake)
[14.572s] -- Found python_cmake_module: 0.10.0 (/opt/ros/humble/share/python_cmake_module/cmake)
[14.680s] -- Found PythonInterp: /usr/bin/python3 (found suitable version "3.10.12", minimum required is "3.6") 
[14.711s] -- Found PythonLibs: /usr/lib/x86_64-linux-gnu/libpython3.10.so (found suitable version "3.10.12", minimum required is "3.5") 
[14.712s] -- Using PYTHON_EXECUTABLE: /usr/bin/python3
[14.712s] -- Using PYTHON_INCLUDE_DIRS: /usr/include/python3.10
[14.712s] -- Using PYTHON_LIBRARIES: /usr/lib/x86_64-linux-gnu/libpython3.10.so
[14.854s] -- Found PythonExtra: .so  
[16.117s] -- Found gtest sources under '/opt/ros/humble/src/gtest_vendor': C++ tests using 'Google Test' will be built
[16.259s] -- Added test 'copyright' to check source files copyright and LICENSE
[16.270s] -- Added test 'cppcheck' to perform static code analysis on C / C++ code
[16.270s] -- Configured cppcheck include dirs: /home/misaka/fishbot/src/navigation/nav2_util/include
[16.270s] -- Configured cppcheck exclude dirs and/or files: 
[16.275s] -- Added test 'cpplint' to check C / C++ code against the Google style
[16.276s] -- Configured cpplint exclude dirs and/or files: 
[16.292s] -- Added test 'lint_cmake' to check CMake code style
[16.306s] -- Added test 'uncrustify' to check C / C++ code style
[16.307s] -- Configured uncrustify additional arguments: 
[16.315s] -- Added test 'xmllint' to check XML markup files
[16.337s] -- Configuring done
[17.399s] -- Generating done
[17.414s] -- Build files have been written to: /home/misaka/fishbot/build/nav2_util
[17.478s] Invoked command in '/home/misaka/fishbot/build/nav2_util' returned '0': AMENT_PREFIX_PATH=/home/misaka/fishbot/install/nav2_msgs:/home/misaka/fishbot/install/nav2_common:${AMENT_PREFIX_PATH} CMAKE_PREFIX_PATH=/home/misaka/fishbot/install/nav2_msgs:/home/misaka/fishbot/install/nav2_common:/opt/ros/humble LD_LIBRARY_PATH=/home/misaka/fishbot/install/nav2_msgs/lib:${LD_LIBRARY_PATH} PYTHONPATH=/home/misaka/fishbot/install/nav2_msgs/local/lib/python3.10/dist-packages:/home/misaka/fishbot/install/nav2_common/local/lib/python3.10/dist-packages:${PYTHONPATH} /usr/bin/cmake /home/misaka/fishbot/src/navigation/nav2_util -DCMAKE_INSTALL_PREFIX=/home/misaka/fishbot/install/nav2_util
[17.501s] Invoking command in '/home/misaka/fishbot/build/nav2_util': AMENT_PREFIX_PATH=/home/misaka/fishbot/install/nav2_msgs:/home/misaka/fishbot/install/nav2_common:${AMENT_PREFIX_PATH} CMAKE_PREFIX_PATH=/home/misaka/fishbot/install/nav2_msgs:/home/misaka/fishbot/install/nav2_common:/opt/ros/humble LD_LIBRARY_PATH=/home/misaka/fishbot/install/nav2_msgs/lib:${LD_LIBRARY_PATH} PYTHONPATH=/home/misaka/fishbot/install/nav2_msgs/local/lib/python3.10/dist-packages:/home/misaka/fishbot/install/nav2_common/local/lib/python3.10/dist-packages:${PYTHONPATH} /usr/bin/cmake --build /home/misaka/fishbot/build/nav2_util -- -j16 -l16
[17.825s] [  2%] [32mBuilding CXX object gtest/CMakeFiles/gtest.dir/src/gtest-all.cc.o[0m
[17.873s] [  5%] [32mBuilding CXX object src/CMakeFiles/nav2_util_core.dir/node_utils.cpp.o[0m
[17.888s] [  7%] [32mBuilding CXX object src/CMakeFiles/nav2_util_core.dir/lifecycle_service_client.cpp.o[0m
[17.910s] [ 10%] [32mBuilding CXX object gtest/CMakeFiles/gtest_main.dir/src/gtest_main.cc.o[0m
[17.924s] [ 13%] [32mBuilding CXX object src/CMakeFiles/nav2_util_core.dir/lifecycle_utils.cpp.o[0m
[17.932s] [ 15%] [32mBuilding CXX object src/CMakeFiles/nav2_util_core.dir/costmap.cpp.o[0m
[17.946s] [ 18%] [32mBuilding CXX object src/CMakeFiles/nav2_util_core.dir/lifecycle_node.cpp.o[0m
[17.946s] [ 21%] [32mBuilding CXX object src/CMakeFiles/nav2_util_core.dir/string_utils.cpp.o[0m
[20.136s] [ 23%] [32mBuilding CXX object src/CMakeFiles/nav2_util_core.dir/odometry_utils.cpp.o[0m
[20.139s] [ 26%] [32mBuilding CXX object src/CMakeFiles/nav2_util_core.dir/node_thread.cpp.o[0m
[20.153s] [ 28%] [32mBuilding CXX object src/CMakeFiles/nav2_util_core.dir/robot_utils.cpp.o[0m
[25.508s] [ 31%] [32m[1mLinking CXX static library libgtest_main.a[0m
[25.789s] [ 31%] Built target gtest_main
[73.327s] [ 34%] [32m[1mLinking CXX static library libgtest.a[0m
[73.622s] [ 34%] Built target gtest
[84.747s] [ 36%] [32m[1mLinking CXX shared library libnav2_util_core.so[0m
[86.206s] [ 36%] Built target nav2_util_core
[86.344s] [ 39%] [32mBuilding CXX object src/CMakeFiles/lifecycle_bringup.dir/lifecycle_bringup_commandline.cpp.o[0m
[86.349s] [ 44%] [32mBuilding CXX object test/CMakeFiles/test_string_utils.dir/test_string_utils.cpp.o[0m
[86.350s] [ 44%] [32mBuilding CXX object test/CMakeFiles/test_service_client.dir/test_service_client.cpp.o[0m
[86.363s] [ 50%] [32mBuilding CXX object test/CMakeFiles/test_execution_timer.dir/test_execution_timer.cpp.o[0m
[86.364s] [ 50%] [32mBuilding CXX object test/CMakeFiles/test_node_utils.dir/test_node_utils.cpp.o[0m
[94.785s] [ 52%] [32m[1mLinking CXX executable test_execution_timer[0m
[95.694s] [ 52%] Built target test_execution_timer
[95.987s] [ 55%] [32m[1mLinking CXX executable test_string_utils[0m
[97.505s] [ 55%] Built target test_string_utils
[116.019s] [ 57%] [32m[1mLinking CXX executable lifecycle_bringup[0m
[118.131s] [ 57%] Built target lifecycle_bringup
[123.040s] [ 60%] [32m[1mLinking CXX executable test_node_utils[0m
[124.883s] [ 60%] Built target test_node_utils
[157.264s] [ 63%] [32m[1mLinking CXX executable test_service_client[0m
[159.458s] [ 63%] Built target test_service_client
[160.020s] [ 65%] [32mBuilding CXX object test/CMakeFiles/test_odometry_utils.dir/test_odometry_utils.cpp.o[0m
[160.060s] [ 68%] [32mBuilding CXX object test/CMakeFiles/test_robot_utils.dir/test_robot_utils.cpp.o[0m
[188.255s] [ 71%] [32m[1mLinking CXX executable test_robot_utils[0m
[189.629s] [ 71%] Built target test_robot_utils
[196.950s] [ 73%] [32m[1mLinking CXX executable test_odometry_utils[0m
[197.777s] [ 73%] Built target test_odometry_utils
[197.934s] [ 76%] [32mBuilding CXX object test/CMakeFiles/test_lifecycle_cli_node.dir/test_lifecycle_cli_node.cpp.o[0m
[197.954s] [ 78%] [32mBuilding CXX object test/CMakeFiles/test_geometry_utils.dir/test_geometry_utils.cpp.o[0m
[198.018s] [ 81%] [32mBuilding CXX object test/CMakeFiles/test_lifecycle_node.dir/test_lifecycle_node.cpp.o[0m
[221.548s] [ 84%] [32m[1mLinking CXX executable test_lifecycle_node[0m
[222.725s] [ 86%] [32m[1mLinking CXX executable test_geometry_utils[0m
[223.293s] [ 86%] Built target test_lifecycle_node
[223.861s] [ 86%] Built target test_geometry_utils
[224.989s] [ 89%] [32m[1mLinking CXX executable test_lifecycle_cli_node[0m
[225.899s] [ 89%] Built target test_lifecycle_cli_node
[226.092s] [ 92%] [32mBuilding CXX object test/CMakeFiles/test_actions.dir/test_actions.cpp.o[0m
[341.217s] [ 94%] [32m[1mLinking CXX executable test_actions[0m
[342.914s] [ 94%] Built target test_actions
[343.079s] [ 97%] [32mBuilding CXX object test/CMakeFiles/test_lifecycle_utils.dir/test_lifecycle_utils.cpp.o[0m
[361.509s] [100%] [32m[1mLinking CXX executable test_lifecycle_utils[0m
[362.336s] [100%] Built target test_lifecycle_utils
[362.890s] Invoked command in '/home/misaka/fishbot/build/nav2_util' returned '0': AMENT_PREFIX_PATH=/home/misaka/fishbot/install/nav2_msgs:/home/misaka/fishbot/install/nav2_common:${AMENT_PREFIX_PATH} CMAKE_PREFIX_PATH=/home/misaka/fishbot/install/nav2_msgs:/home/misaka/fishbot/install/nav2_common:/opt/ros/humble LD_LIBRARY_PATH=/home/misaka/fishbot/install/nav2_msgs/lib:${LD_LIBRARY_PATH} PYTHONPATH=/home/misaka/fishbot/install/nav2_msgs/local/lib/python3.10/dist-packages:/home/misaka/fishbot/install/nav2_common/local/lib/python3.10/dist-packages:${PYTHONPATH} /usr/bin/cmake --build /home/misaka/fishbot/build/nav2_util -- -j16 -l16
[363.391s] Invoking command in '/home/misaka/fishbot/build/nav2_util': AMENT_PREFIX_PATH=/home/misaka/fishbot/install/nav2_msgs:/home/misaka/fishbot/install/nav2_common:${AMENT_PREFIX_PATH} CMAKE_PREFIX_PATH=/home/misaka/fishbot/install/nav2_msgs:/home/misaka/fishbot/install/nav2_common:/opt/ros/humble LD_LIBRARY_PATH=/home/misaka/fishbot/install/nav2_msgs/lib:${LD_LIBRARY_PATH} PYTHONPATH=/home/misaka/fishbot/install/nav2_msgs/local/lib/python3.10/dist-packages:/home/misaka/fishbot/install/nav2_common/local/lib/python3.10/dist-packages:${PYTHONPATH} /usr/bin/cmake --install /home/misaka/fishbot/build/nav2_util
[363.431s] -- Install configuration: "Release"
[363.432s] -- Installing: /home/misaka/fishbot/install/nav2_util/include/
[363.434s] -- Installing: /home/misaka/fishbot/install/nav2_util/include//nav2_util
[363.434s] -- Installing: /home/misaka/fishbot/install/nav2_util/include//nav2_util/node_thread.hpp
[363.435s] -- Installing: /home/misaka/fishbot/install/nav2_util/include//nav2_util/clear_entirely_costmap_service_client.hpp
[363.437s] -- Installing: /home/misaka/fishbot/install/nav2_util/include//nav2_util/costmap.hpp
[363.438s] -- Installing: /home/misaka/fishbot/install/nav2_util/include//nav2_util/odometry_utils.hpp
[363.438s] -- Installing: /home/misaka/fishbot/install/nav2_util/include//nav2_util/geometry_utils.hpp
[363.439s] -- Installing: /home/misaka/fishbot/install/nav2_util/include//nav2_util/lifecycle_utils.hpp
[363.439s] -- Installing: /home/misaka/fishbot/install/nav2_util/include//nav2_util/robot_utils.hpp
[363.439s] -- Installing: /home/misaka/fishbot/install/nav2_util/include//nav2_util/line_iterator.hpp
[363.440s] -- Installing: /home/misaka/fishbot/install/nav2_util/include//nav2_util/string_utils.hpp
[363.440s] -- Installing: /home/misaka/fishbot/install/nav2_util/include//nav2_util/lifecycle_node.hpp
[363.440s] -- Installing: /home/misaka/fishbot/install/nav2_util/include//nav2_util/execution_timer.hpp
[363.440s] -- Installing: /home/misaka/fishbot/install/nav2_util/include//nav2_util/service_client.hpp
[363.441s] -- Installing: /home/misaka/fishbot/install/nav2_util/include//nav2_util/simple_action_server.hpp
[363.441s] -- Installing: /home/misaka/fishbot/install/nav2_util/include//nav2_util/occ_grid_values.hpp
[363.441s] -- Installing: /home/misaka/fishbot/install/nav2_util/include//nav2_util/node_utils.hpp
[363.442s] -- Installing: /home/misaka/fishbot/install/nav2_util/include//nav2_util/lifecycle_service_client.hpp
[363.442s] -- Installing: /home/misaka/fishbot/install/nav2_util/share/nav2_util/environment/library_path.sh
[363.445s] -- Installing: /home/misaka/fishbot/install/nav2_util/share/nav2_util/environment/library_path.dsv
[363.454s] -- Installing: /home/misaka/fishbot/install/nav2_util/share/ament_index/resource_index/package_run_dependencies/nav2_util
[363.457s] -- Installing: /home/misaka/fishbot/install/nav2_util/share/ament_index/resource_index/parent_prefix_path/nav2_util
[363.466s] -- Installing: /home/misaka/fishbot/install/nav2_util/share/nav2_util/environment/ament_prefix_path.sh
[363.467s] -- Installing: /home/misaka/fishbot/install/nav2_util/share/nav2_util/environment/ament_prefix_path.dsv
[363.468s] -- Installing: /home/misaka/fishbot/install/nav2_util/share/nav2_util/environment/path.sh
[363.471s] -- Installing: /home/misaka/fishbot/install/nav2_util/share/nav2_util/environment/path.dsv
[363.474s] -- Installing: /home/misaka/fishbot/install/nav2_util/share/nav2_util/local_setup.bash
[363.476s] -- Installing: /home/misaka/fishbot/install/nav2_util/share/nav2_util/local_setup.sh
[363.477s] -- Installing: /home/misaka/fishbot/install/nav2_util/share/nav2_util/local_setup.zsh
[363.479s] -- Installing: /home/misaka/fishbot/install/nav2_util/share/nav2_util/local_setup.dsv
[363.481s] -- Installing: /home/misaka/fishbot/install/nav2_util/share/nav2_util/package.dsv
[363.485s] -- Installing: /home/misaka/fishbot/install/nav2_util/share/ament_index/resource_index/packages/nav2_util
[363.489s] -- Installing: /home/misaka/fishbot/install/nav2_util/share/nav2_util/cmake/ament_cmake_export_include_directories-extras.cmake
[363.493s] -- Installing: /home/misaka/fishbot/install/nav2_util/share/nav2_util/cmake/ament_cmake_export_libraries-extras.cmake
[363.495s] -- Installing: /home/misaka/fishbot/install/nav2_util/share/nav2_util/cmake/ament_cmake_export_dependencies-extras.cmake
[363.499s] -- Installing: /home/misaka/fishbot/install/nav2_util/share/nav2_util/cmake/nav2_utilConfig.cmake
[363.501s] -- Installing: /home/misaka/fishbot/install/nav2_util/share/nav2_util/cmake/nav2_utilConfig-version.cmake
[363.502s] -- Installing: /home/misaka/fishbot/install/nav2_util/share/nav2_util/package.xml
[363.508s] -- Installing: /home/misaka/fishbot/install/nav2_util/lib/libnav2_util_core.so
[363.520s] -- Set runtime path of "/home/misaka/fishbot/install/nav2_util/lib/libnav2_util_core.so" to ""
[363.521s] -- Installing: /home/misaka/fishbot/install/nav2_util/lib/nav2_util/lifecycle_bringup
[363.527s] -- Set runtime path of "/home/misaka/fishbot/install/nav2_util/lib/nav2_util/lifecycle_bringup" to ""
[363.564s] Invoked command in '/home/misaka/fishbot/build/nav2_util' returned '0': AMENT_PREFIX_PATH=/home/misaka/fishbot/install/nav2_msgs:/home/misaka/fishbot/install/nav2_common:${AMENT_PREFIX_PATH} CMAKE_PREFIX_PATH=/home/misaka/fishbot/install/nav2_msgs:/home/misaka/fishbot/install/nav2_common:/opt/ros/humble LD_LIBRARY_PATH=/home/misaka/fishbot/install/nav2_msgs/lib:${LD_LIBRARY_PATH} PYTHONPATH=/home/misaka/fishbot/install/nav2_msgs/local/lib/python3.10/dist-packages:/home/misaka/fishbot/install/nav2_common/local/lib/python3.10/dist-packages:${PYTHONPATH} /usr/bin/cmake --install /home/misaka/fishbot/build/nav2_util
