[0.146s] Invoking command in '/home/misaka/fishbot/build/nav2_collision_monitor': AMENT_PREFIX_PATH=/home/misaka/fishbot/install/nav2_costmap_2d:/home/misaka/fishbot/install/nav2_map_server:/home/misaka/fishbot/install/nav2_lifecycle_manager:/home/misaka/fishbot/install/nav2_util:/home/misaka/fishbot/install/nav2_voxel_grid:/home/misaka/fishbot/install/nav2_msgs:/home/misaka/fishbot/install/nav2_common:${AMENT_PREFIX_PATH} CMAKE_PREFIX_PATH=/home/misaka/fishbot/install/nav2_costmap_2d:/home/misaka/fishbot/install/nav2_map_server:/home/misaka/fishbot/install/nav2_lifecycle_manager:/home/misaka/fishbot/install/nav2_util:/home/misaka/fishbot/install/nav2_voxel_grid:/home/misaka/fishbot/install/nav2_msgs:/home/misaka/fishbot/install/nav2_common:/opt/ros/humble LD_LIBRARY_PATH=/home/misaka/fishbot/install/nav2_costmap_2d/lib:/home/misaka/fishbot/install/nav2_map_server/lib:/home/misaka/fishbot/install/nav2_lifecycle_manager/lib:/home/misaka/fishbot/install/nav2_util/lib:/home/misaka/fishbot/install/nav2_voxel_grid/lib:/home/misaka/fishbot/install/nav2_msgs/lib:${LD_LIBRARY_PATH} PYTHONPATH=/home/misaka/fishbot/install/nav2_msgs/local/lib/python3.10/dist-packages:/home/misaka/fishbot/install/nav2_common/local/lib/python3.10/dist-packages:${PYTHONPATH} /usr/bin/cmake /home/misaka/fishbot/src/navigation/nav2_collision_monitor -DCMAKE_INSTALL_PREFIX=/home/misaka/fishbot/install/nav2_collision_monitor
[0.400s] -- The C compiler identification is GNU 11.4.0
[0.612s] -- The CXX compiler identification is GNU 11.4.0
[0.640s] -- Detecting C compiler ABI info
[0.950s] -- Detecting C compiler ABI info - done
[0.972s] -- Check for working C compiler: /usr/bin/cc - skipped
[0.973s] -- Detecting C compile features
[0.974s] -- Detecting C compile features - done
[0.985s] -- Detecting CXX compiler ABI info
[1.332s] -- Detecting CXX compiler ABI info - done
[1.361s] -- Check for working CXX compiler: /usr/bin/c++ - skipped
[1.362s] -- Detecting CXX compile features
[1.363s] -- Detecting CXX compile features - done
[1.373s] -- Found ament_cmake: 1.3.10 (/opt/ros/humble/share/ament_cmake/cmake)
[1.924s] -- Found Python3: /usr/bin/python3 (found version "3.10.12") found components: Interpreter 
[2.260s] -- Found rclcpp: 16.0.10 (/opt/ros/humble/share/rclcpp/cmake)
[2.423s] -- Found rosidl_generator_c: 3.1.5 (/opt/ros/humble/share/rosidl_generator_c/cmake)
[2.452s] -- Found rosidl_adapter: 3.1.5 (/opt/ros/humble/share/rosidl_adapter/cmake)
[2.486s] -- Found rosidl_generator_cpp: 3.1.5 (/opt/ros/humble/share/rosidl_generator_cpp/cmake)
[2.533s] -- Using all available rosidl_typesupport_c: rosidl_typesupport_fastrtps_c;rosidl_typesupport_introspection_c
[2.593s] -- Using all available rosidl_typesupport_cpp: rosidl_typesupport_fastrtps_cpp;rosidl_typesupport_introspection_cpp
[2.761s] -- Found rmw_implementation_cmake: 6.1.2 (/opt/ros/humble/share/rmw_implementation_cmake/cmake)
[2.773s] -- Found rmw_fastrtps_cpp: 6.2.7 (/opt/ros/humble/share/rmw_fastrtps_cpp/cmake)
[3.157s] -- Found OpenSSL: /usr/lib/x86_64-linux-gnu/libcrypto.so (found version "3.0.2")  
[3.250s] -- Found FastRTPS: /opt/ros/humble/include  
[3.394s] -- Using RMW implementation 'rmw_fastrtps_cpp' as default
[3.434s] -- Looking for pthread.h
[3.816s] -- Looking for pthread.h - found
[3.818s] -- Performing Test CMAKE_HAVE_LIBC_PTHREAD
[4.212s] -- Performing Test CMAKE_HAVE_LIBC_PTHREAD - Success
[4.218s] -- Found Threads: TRUE  
[4.429s] -- Found rclcpp_components: 16.0.10 (/opt/ros/humble/share/rclcpp_components/cmake)
[4.528s] -- Found sensor_msgs: 4.2.4 (/opt/ros/humble/share/sensor_msgs/cmake)
[4.636s] -- Found tf2: 0.25.8 (/opt/ros/humble/share/tf2/cmake)
[4.657s] -- Found tf2_ros: 0.25.8 (/opt/ros/humble/share/tf2_ros/cmake)
[4.891s] -- Found tf2_geometry_msgs: 0.25.8 (/opt/ros/humble/share/tf2_geometry_msgs/cmake)
[4.942s] -- Found eigen3_cmake_module: 0.1.1 (/opt/ros/humble/share/eigen3_cmake_module/cmake)
[4.947s] -- Found Eigen3: TRUE (found version "3.4.0") 
[4.948s] -- Ensuring Eigen3 include directory is part of orocos-kdl CMake target
[4.954s] -- Found nav2_common: 1.1.0 (/home/misaka/fishbot/install/nav2_common/share/nav2_common/cmake)
[4.958s] -- Found nav2_util: 1.1.0 (/home/misaka/fishbot/install/nav2_util/share/nav2_util/cmake)
[5.293s] -- Found nav2_costmap_2d: 1.1.0 (/home/misaka/fishbot/install/nav2_costmap_2d/share/nav2_costmap_2d/cmake)
[5.596s] -- Setting build type to Release as none was specified.
[6.224s] -- Found ament_lint_auto: 0.12.11 (/opt/ros/humble/share/ament_lint_auto/cmake)
[6.557s] -- Found gtest sources under '/opt/ros/humble/src/gtest_vendor': C++ tests using 'Google Test' will be built
[7.299s] -- Added test 'cppcheck' to perform static code analysis on C / C++ code
[7.301s] -- Configured cppcheck include dirs: /home/misaka/fishbot/src/navigation/nav2_collision_monitor/include
[7.301s] -- Configured cppcheck exclude dirs and/or files: 
[7.304s] -- Added test 'flake8' to check Python code syntax and style conventions
[7.307s] -- Added test 'lint_cmake' to check CMake code style
[7.310s] -- Added test 'pep257' to check Python code against some of the docstring style conventions in PEP 257
[7.318s] -- Added test 'uncrustify' to check C / C++ code style
[7.318s] -- Configured uncrustify additional arguments: 
[7.321s] -- Added test 'xmllint' to check XML markup files
[7.335s] -- Configuring done
[8.590s] -- Generating done
[8.599s] -- Build files have been written to: /home/misaka/fishbot/build/nav2_collision_monitor
[8.644s] Invoked command in '/home/misaka/fishbot/build/nav2_collision_monitor' returned '0': AMENT_PREFIX_PATH=/home/misaka/fishbot/install/nav2_costmap_2d:/home/misaka/fishbot/install/nav2_map_server:/home/misaka/fishbot/install/nav2_lifecycle_manager:/home/misaka/fishbot/install/nav2_util:/home/misaka/fishbot/install/nav2_voxel_grid:/home/misaka/fishbot/install/nav2_msgs:/home/misaka/fishbot/install/nav2_common:${AMENT_PREFIX_PATH} CMAKE_PREFIX_PATH=/home/misaka/fishbot/install/nav2_costmap_2d:/home/misaka/fishbot/install/nav2_map_server:/home/misaka/fishbot/install/nav2_lifecycle_manager:/home/misaka/fishbot/install/nav2_util:/home/misaka/fishbot/install/nav2_voxel_grid:/home/misaka/fishbot/install/nav2_msgs:/home/misaka/fishbot/install/nav2_common:/opt/ros/humble LD_LIBRARY_PATH=/home/misaka/fishbot/install/nav2_costmap_2d/lib:/home/misaka/fishbot/install/nav2_map_server/lib:/home/misaka/fishbot/install/nav2_lifecycle_manager/lib:/home/misaka/fishbot/install/nav2_util/lib:/home/misaka/fishbot/install/nav2_voxel_grid/lib:/home/misaka/fishbot/install/nav2_msgs/lib:${LD_LIBRARY_PATH} PYTHONPATH=/home/misaka/fishbot/install/nav2_msgs/local/lib/python3.10/dist-packages:/home/misaka/fishbot/install/nav2_common/local/lib/python3.10/dist-packages:${PYTHONPATH} /usr/bin/cmake /home/misaka/fishbot/src/navigation/nav2_collision_monitor -DCMAKE_INSTALL_PREFIX=/home/misaka/fishbot/install/nav2_collision_monitor
[8.652s] Invoking command in '/home/misaka/fishbot/build/nav2_collision_monitor': AMENT_PREFIX_PATH=/home/misaka/fishbot/install/nav2_costmap_2d:/home/misaka/fishbot/install/nav2_map_server:/home/misaka/fishbot/install/nav2_lifecycle_manager:/home/misaka/fishbot/install/nav2_util:/home/misaka/fishbot/install/nav2_voxel_grid:/home/misaka/fishbot/install/nav2_msgs:/home/misaka/fishbot/install/nav2_common:${AMENT_PREFIX_PATH} CMAKE_PREFIX_PATH=/home/misaka/fishbot/install/nav2_costmap_2d:/home/misaka/fishbot/install/nav2_map_server:/home/misaka/fishbot/install/nav2_lifecycle_manager:/home/misaka/fishbot/install/nav2_util:/home/misaka/fishbot/install/nav2_voxel_grid:/home/misaka/fishbot/install/nav2_msgs:/home/misaka/fishbot/install/nav2_common:/opt/ros/humble LD_LIBRARY_PATH=/home/misaka/fishbot/install/nav2_costmap_2d/lib:/home/misaka/fishbot/install/nav2_map_server/lib:/home/misaka/fishbot/install/nav2_lifecycle_manager/lib:/home/misaka/fishbot/install/nav2_util/lib:/home/misaka/fishbot/install/nav2_voxel_grid/lib:/home/misaka/fishbot/install/nav2_msgs/lib:${LD_LIBRARY_PATH} PYTHONPATH=/home/misaka/fishbot/install/nav2_msgs/local/lib/python3.10/dist-packages:/home/misaka/fishbot/install/nav2_common/local/lib/python3.10/dist-packages:${PYTHONPATH} /usr/bin/cmake --build /home/misaka/fishbot/build/nav2_collision_monitor -- -j16 -l16
[8.897s] [  4%] [32mBuilding CXX object CMakeFiles/collision_monitor_core.dir/src/collision_monitor_node.cpp.o[0m
[8.900s] [  8%] [32mBuilding CXX object gtest/CMakeFiles/gtest.dir/src/gtest-all.cc.o[0m
[8.906s] [ 17%] [32mBuilding CXX object CMakeFiles/collision_monitor_core.dir/src/circle.cpp.o[0m
[8.907s] [ 17%] [32mBuilding CXX object gtest/CMakeFiles/gtest_main.dir/src/gtest_main.cc.o[0m
[8.910s] [ 21%] [32mBuilding CXX object CMakeFiles/collision_monitor_core.dir/src/polygon.cpp.o[0m
[8.918s] [ 30%] [32mBuilding CXX object CMakeFiles/collision_monitor_core.dir/src/scan.cpp.o[0m
[8.918s] [ 30%] [32mBuilding CXX object CMakeFiles/collision_monitor_core.dir/src/range.cpp.o[0m
[8.918s] [ 34%] [32mBuilding CXX object CMakeFiles/collision_monitor_core.dir/src/source.cpp.o[0m
[8.923s] [ 43%] [32mBuilding CXX object CMakeFiles/collision_monitor_core.dir/src/pointcloud.cpp.o[0m
[8.924s] [ 43%] [32mBuilding CXX object CMakeFiles/collision_monitor_core.dir/src/kinematics.cpp.o[0m
[13.309s] [ 47%] [32m[1mLinking CXX static library libgtest_main.a[0m
[13.529s] [ 47%] Built target gtest_main
[40.702s] [ 52%] [32m[1mLinking CXX static library libgtest.a[0m
[40.906s] [ 52%] Built target gtest
[58.971s] [ 56%] [32m[1mLinking CXX shared library libcollision_monitor_core.so[0m
[60.446s] [ 56%] Built target collision_monitor_core
[60.563s] [ 60%] [32mBuilding CXX object test/CMakeFiles/sources_test.dir/sources_test.cpp.o[0m
[60.564s] [ 65%] [32mBuilding CXX object CMakeFiles/collision_monitor.dir/src/main.cpp.o[0m
[60.564s] [ 69%] [32mBuilding CXX object test/CMakeFiles/kinematics_test.dir/kinematics_test.cpp.o[0m
[60.566s] [ 73%] [32mBuilding CXX object test/CMakeFiles/collision_monitor_node_test.dir/collision_monitor_node_test.cpp.o[0m
[60.567s] [ 78%] [32mBuilding CXX object test/CMakeFiles/polygons_test.dir/polygons_test.cpp.o[0m
[74.417s] [ 82%] [32m[1mLinking CXX executable kinematics_test[0m
[75.966s] [ 82%] Built target kinematics_test
[76.102s] [ 86%] [32m[1mLinking CXX executable collision_monitor[0m
[77.213s] [ 86%] Built target collision_monitor
[97.771s] [ 91%] [32m[1mLinking CXX executable sources_test[0m
[99.365s] [ 91%] Built target sources_test
[111.139s] [ 95%] [32m[1mLinking CXX executable polygons_test[0m
[113.040s] [ 95%] Built target polygons_test
[125.093s] [100%] [32m[1mLinking CXX executable collision_monitor_node_test[0m
[126.790s] [100%] Built target collision_monitor_node_test
[126.839s] Invoked command in '/home/misaka/fishbot/build/nav2_collision_monitor' returned '0': AMENT_PREFIX_PATH=/home/misaka/fishbot/install/nav2_costmap_2d:/home/misaka/fishbot/install/nav2_map_server:/home/misaka/fishbot/install/nav2_lifecycle_manager:/home/misaka/fishbot/install/nav2_util:/home/misaka/fishbot/install/nav2_voxel_grid:/home/misaka/fishbot/install/nav2_msgs:/home/misaka/fishbot/install/nav2_common:${AMENT_PREFIX_PATH} CMAKE_PREFIX_PATH=/home/misaka/fishbot/install/nav2_costmap_2d:/home/misaka/fishbot/install/nav2_map_server:/home/misaka/fishbot/install/nav2_lifecycle_manager:/home/misaka/fishbot/install/nav2_util:/home/misaka/fishbot/install/nav2_voxel_grid:/home/misaka/fishbot/install/nav2_msgs:/home/misaka/fishbot/install/nav2_common:/opt/ros/humble LD_LIBRARY_PATH=/home/misaka/fishbot/install/nav2_costmap_2d/lib:/home/misaka/fishbot/install/nav2_map_server/lib:/home/misaka/fishbot/install/nav2_lifecycle_manager/lib:/home/misaka/fishbot/install/nav2_util/lib:/home/misaka/fishbot/install/nav2_voxel_grid/lib:/home/misaka/fishbot/install/nav2_msgs/lib:${LD_LIBRARY_PATH} PYTHONPATH=/home/misaka/fishbot/install/nav2_msgs/local/lib/python3.10/dist-packages:/home/misaka/fishbot/install/nav2_common/local/lib/python3.10/dist-packages:${PYTHONPATH} /usr/bin/cmake --build /home/misaka/fishbot/build/nav2_collision_monitor -- -j16 -l16
[127.207s] Invoking command in '/home/misaka/fishbot/build/nav2_collision_monitor': AMENT_PREFIX_PATH=/home/misaka/fishbot/install/nav2_costmap_2d:/home/misaka/fishbot/install/nav2_map_server:/home/misaka/fishbot/install/nav2_lifecycle_manager:/home/misaka/fishbot/install/nav2_util:/home/misaka/fishbot/install/nav2_voxel_grid:/home/misaka/fishbot/install/nav2_msgs:/home/misaka/fishbot/install/nav2_common:${AMENT_PREFIX_PATH} CMAKE_PREFIX_PATH=/home/misaka/fishbot/install/nav2_costmap_2d:/home/misaka/fishbot/install/nav2_map_server:/home/misaka/fishbot/install/nav2_lifecycle_manager:/home/misaka/fishbot/install/nav2_util:/home/misaka/fishbot/install/nav2_voxel_grid:/home/misaka/fishbot/install/nav2_msgs:/home/misaka/fishbot/install/nav2_common:/opt/ros/humble LD_LIBRARY_PATH=/home/misaka/fishbot/install/nav2_costmap_2d/lib:/home/misaka/fishbot/install/nav2_map_server/lib:/home/misaka/fishbot/install/nav2_lifecycle_manager/lib:/home/misaka/fishbot/install/nav2_util/lib:/home/misaka/fishbot/install/nav2_voxel_grid/lib:/home/misaka/fishbot/install/nav2_msgs/lib:${LD_LIBRARY_PATH} PYTHONPATH=/home/misaka/fishbot/install/nav2_msgs/local/lib/python3.10/dist-packages:/home/misaka/fishbot/install/nav2_common/local/lib/python3.10/dist-packages:${PYTHONPATH} /usr/bin/cmake --install /home/misaka/fishbot/build/nav2_collision_monitor
[127.236s] -- Install configuration: "Release"
[127.237s] -- Installing: /home/misaka/fishbot/install/nav2_collision_monitor/lib/libcollision_monitor_core.so
[127.249s] -- Set runtime path of "/home/misaka/fishbot/install/nav2_collision_monitor/lib/libcollision_monitor_core.so" to ""
[127.249s] -- Installing: /home/misaka/fishbot/install/nav2_collision_monitor/lib/nav2_collision_monitor/collision_monitor
[127.252s] -- Set runtime path of "/home/misaka/fishbot/install/nav2_collision_monitor/lib/nav2_collision_monitor/collision_monitor" to ""
[127.253s] -- Installing: /home/misaka/fishbot/install/nav2_collision_monitor/include/
[127.253s] -- Installing: /home/misaka/fishbot/install/nav2_collision_monitor/include//nav2_collision_monitor
[127.254s] -- Installing: /home/misaka/fishbot/install/nav2_collision_monitor/include//nav2_collision_monitor/types.hpp
[127.255s] -- Installing: /home/misaka/fishbot/install/nav2_collision_monitor/include//nav2_collision_monitor/source.hpp
[127.256s] -- Installing: /home/misaka/fishbot/install/nav2_collision_monitor/include//nav2_collision_monitor/pointcloud.hpp
[127.256s] -- Installing: /home/misaka/fishbot/install/nav2_collision_monitor/include//nav2_collision_monitor/polygon.hpp
[127.257s] -- Installing: /home/misaka/fishbot/install/nav2_collision_monitor/include//nav2_collision_monitor/collision_monitor_node.hpp
[127.257s] -- Installing: /home/misaka/fishbot/install/nav2_collision_monitor/include//nav2_collision_monitor/circle.hpp
[127.257s] -- Installing: /home/misaka/fishbot/install/nav2_collision_monitor/include//nav2_collision_monitor/scan.hpp
[127.258s] -- Installing: /home/misaka/fishbot/install/nav2_collision_monitor/include//nav2_collision_monitor/range.hpp
[127.258s] -- Installing: /home/misaka/fishbot/install/nav2_collision_monitor/include//nav2_collision_monitor/kinematics.hpp
[127.258s] -- Installing: /home/misaka/fishbot/install/nav2_collision_monitor/share/nav2_collision_monitor/launch
[127.259s] -- Installing: /home/misaka/fishbot/install/nav2_collision_monitor/share/nav2_collision_monitor/launch/collision_monitor_node.launch.py
[127.259s] -- Installing: /home/misaka/fishbot/install/nav2_collision_monitor/share/nav2_collision_monitor/params
[127.259s] -- Installing: /home/misaka/fishbot/install/nav2_collision_monitor/share/nav2_collision_monitor/params/collision_monitor_params.yaml
[127.263s] -- Installing: /home/misaka/fishbot/install/nav2_collision_monitor/share/nav2_collision_monitor/environment/library_path.sh
[127.264s] -- Installing: /home/misaka/fishbot/install/nav2_collision_monitor/share/nav2_collision_monitor/environment/library_path.dsv
[127.265s] -- Installing: /home/misaka/fishbot/install/nav2_collision_monitor/share/ament_index/resource_index/package_run_dependencies/nav2_collision_monitor
[127.266s] -- Installing: /home/misaka/fishbot/install/nav2_collision_monitor/share/ament_index/resource_index/parent_prefix_path/nav2_collision_monitor
[127.266s] -- Installing: /home/misaka/fishbot/install/nav2_collision_monitor/share/nav2_collision_monitor/environment/ament_prefix_path.sh
[127.266s] -- Installing: /home/misaka/fishbot/install/nav2_collision_monitor/share/nav2_collision_monitor/environment/ament_prefix_path.dsv
[127.266s] -- Installing: /home/misaka/fishbot/install/nav2_collision_monitor/share/nav2_collision_monitor/environment/path.sh
[127.267s] -- Installing: /home/misaka/fishbot/install/nav2_collision_monitor/share/nav2_collision_monitor/environment/path.dsv
[127.267s] -- Installing: /home/misaka/fishbot/install/nav2_collision_monitor/share/nav2_collision_monitor/local_setup.bash
[127.271s] -- Installing: /home/misaka/fishbot/install/nav2_collision_monitor/share/nav2_collision_monitor/local_setup.sh
[127.272s] -- Installing: /home/misaka/fishbot/install/nav2_collision_monitor/share/nav2_collision_monitor/local_setup.zsh
[127.273s] -- Installing: /home/misaka/fishbot/install/nav2_collision_monitor/share/nav2_collision_monitor/local_setup.dsv
[127.273s] -- Installing: /home/misaka/fishbot/install/nav2_collision_monitor/share/nav2_collision_monitor/package.dsv
[127.273s] -- Installing: /home/misaka/fishbot/install/nav2_collision_monitor/share/ament_index/resource_index/packages/nav2_collision_monitor
[127.273s] -- Installing: /home/misaka/fishbot/install/nav2_collision_monitor/share/ament_index/resource_index/rclcpp_components/nav2_collision_monitor
[127.273s] -- Installing: /home/misaka/fishbot/install/nav2_collision_monitor/share/nav2_collision_monitor/cmake/ament_cmake_export_include_directories-extras.cmake
[127.273s] -- Installing: /home/misaka/fishbot/install/nav2_collision_monitor/share/nav2_collision_monitor/cmake/ament_cmake_export_libraries-extras.cmake
[127.274s] -- Installing: /home/misaka/fishbot/install/nav2_collision_monitor/share/nav2_collision_monitor/cmake/ament_cmake_export_dependencies-extras.cmake
[127.274s] -- Installing: /home/misaka/fishbot/install/nav2_collision_monitor/share/nav2_collision_monitor/cmake/nav2_collision_monitorConfig.cmake
[127.274s] -- Installing: /home/misaka/fishbot/install/nav2_collision_monitor/share/nav2_collision_monitor/cmake/nav2_collision_monitorConfig-version.cmake
[127.274s] -- Installing: /home/misaka/fishbot/install/nav2_collision_monitor/share/nav2_collision_monitor/package.xml
[127.281s] Invoked command in '/home/misaka/fishbot/build/nav2_collision_monitor' returned '0': AMENT_PREFIX_PATH=/home/misaka/fishbot/install/nav2_costmap_2d:/home/misaka/fishbot/install/nav2_map_server:/home/misaka/fishbot/install/nav2_lifecycle_manager:/home/misaka/fishbot/install/nav2_util:/home/misaka/fishbot/install/nav2_voxel_grid:/home/misaka/fishbot/install/nav2_msgs:/home/misaka/fishbot/install/nav2_common:${AMENT_PREFIX_PATH} CMAKE_PREFIX_PATH=/home/misaka/fishbot/install/nav2_costmap_2d:/home/misaka/fishbot/install/nav2_map_server:/home/misaka/fishbot/install/nav2_lifecycle_manager:/home/misaka/fishbot/install/nav2_util:/home/misaka/fishbot/install/nav2_voxel_grid:/home/misaka/fishbot/install/nav2_msgs:/home/misaka/fishbot/install/nav2_common:/opt/ros/humble LD_LIBRARY_PATH=/home/misaka/fishbot/install/nav2_costmap_2d/lib:/home/misaka/fishbot/install/nav2_map_server/lib:/home/misaka/fishbot/install/nav2_lifecycle_manager/lib:/home/misaka/fishbot/install/nav2_util/lib:/home/misaka/fishbot/install/nav2_voxel_grid/lib:/home/misaka/fishbot/install/nav2_msgs/lib:${LD_LIBRARY_PATH} PYTHONPATH=/home/misaka/fishbot/install/nav2_msgs/local/lib/python3.10/dist-packages:/home/misaka/fishbot/install/nav2_common/local/lib/python3.10/dist-packages:${PYTHONPATH} /usr/bin/cmake --install /home/misaka/fishbot/build/nav2_collision_monitor
