[0.110s] Invoking command in '/home/misaka/fishbot/build/cartographer': CMAKE_PREFIX_PATH=/opt/ros/humble /usr/bin/cmake --build /home/misaka/fishbot/build/cartographer -- -j16 -l16
[0.416s] [35m[1mConsolidate compiler generated dependencies of target gtest[0m
[0.467s] [  0%] [34m[1mBuilding documentation.[0m
[0.552s] [  0%] Built target cartographer_detect_changes
[0.592s] [  1%] Built target gtest
[0.713s] [35m[1mConsolidate compiler generated dependencies of target gmock[0m
[0.799s] [  2%] Built target gmock
[0.862s] [35m[1mConsolidate compiler generated dependencies of target gmock_main[0m
[0.939s] [  2%] Built target gmock_main
[1.362s] [35m[1mConsolidate compiler generated dependencies of target cartographer[0m
[2.875s] [01mRunning Sphinx v4.3.2[39;49;00m
[3.309s] [ 55%] Built target cartographer
[3.381s] [35m[1mConsolidate compiler generated dependencies of target cartographer_pbstream[0m
[3.383s] [35m[1mConsolidate compiler generated dependencies of target cartographer_compute_relations_metrics[0m
[3.384s] [35m[1mConsolidate compiler generated dependencies of target cartographer_print_configuration[0m
[3.384s] [35m[1mConsolidate compiler generated dependencies of target cartographer_autogenerate_ground_truth[0m
[3.477s] [35m[1mConsolidate compiler generated dependencies of target cartographer_test_library[0m
[3.501s] [ 56%] Built target cartographer_pbstream
[3.501s] [ 56%] Built target cartographer_print_configuration
[3.502s] [ 56%] Built target cartographer_compute_relations_metrics
[3.503s] [ 57%] Built target cartographer_autogenerate_ground_truth
[3.594s] [ 58%] Built target cartographer_test_library
[3.679s] [35m[1mConsolidate compiler generated dependencies of target cartographer.common.fixed_ratio_sampler_test[0m
[3.689s] [35m[1mConsolidate compiler generated dependencies of target cartographer.common.math_test[0m
[3.689s] [35m[1mConsolidate compiler generated dependencies of target cartographer.common.internal.blocking_queue_test[0m
[3.692s] [35m[1mConsolidate compiler generated dependencies of target cartographer.common.lua_parameter_dictionary_test[0m
[3.693s] [35m[1mConsolidate compiler generated dependencies of target cartographer.common.internal.rate_timer_test[0m
[3.693s] [35m[1mConsolidate compiler generated dependencies of target cartographer.common.task_test[0m
[3.703s] [35m[1mConsolidate compiler generated dependencies of target cartographer.io.fake_file_writer_test[0m
[3.704s] [35m[1mConsolidate compiler generated dependencies of target cartographer.common.configuration_files_test[0m
[3.704s] [35m[1mConsolidate compiler generated dependencies of target cartographer.io.points_processor_pipeline_builder_test[0m
[3.713s] [35m[1mConsolidate compiler generated dependencies of target cartographer.io.internal.in_memory_proto_stream_test[0m
[3.732s] [35m[1mConsolidate compiler generated dependencies of target cartographer.io.proto_stream_deserializer_test[0m
[3.739s] [35m[1mConsolidate compiler generated dependencies of target cartographer.io.probability_grid_points_processor_test[0m
[3.755s] [35m[1mConsolidate compiler generated dependencies of target cartographer.common.thread_pool_test[0m
[3.762s] [35m[1mConsolidate compiler generated dependencies of target cartographer.io.serialization_format_migration_test[0m
[3.774s] [35m[1mConsolidate compiler generated dependencies of target cartographer.io.proto_stream_test[0m
[3.794s] [ 58%] Built target cartographer.common.task_test
[3.828s] [ 58%] Built target cartographer.common.internal.blocking_queue_test
[3.844s] [ 58%] Built target cartographer.common.lua_parameter_dictionary_test
[3.851s] [ 59%] Built target cartographer.io.points_processor_pipeline_builder_test
[3.856s] [ 60%] Built target cartographer.common.fixed_ratio_sampler_test
[3.868s] [ 61%] Built target cartographer.common.math_test
[3.869s] [ 61%] Built target cartographer.common.configuration_files_test
[3.869s] [ 62%] Built target cartographer.io.internal.in_memory_proto_stream_test
[3.880s] [ 62%] Built target cartographer.io.fake_file_writer_test
[3.881s] [ 62%] Built target cartographer.io.probability_grid_points_processor_test
[3.903s] [ 63%] Built target cartographer.common.internal.rate_timer_test
[3.907s] [ 64%] Built target cartographer.common.thread_pool_test
[3.910s] [ 65%] Built target cartographer.io.proto_stream_deserializer_test
[3.932s] [ 65%] Built target cartographer.io.proto_stream_test
[3.941s] [35m[1mConsolidate compiler generated dependencies of target cartographer.mapping.2d.xy_index_test[0m
[3.960s] [01mloading pickled environment... [39;49;00mdone
[3.964s] [35m[1mConsolidate compiler generated dependencies of target cartographer.mapping.2d.range_data_inserter_2d_test[0m
[3.969s] [35m[1mConsolidate compiler generated dependencies of target cartographer.mapping.2d.map_limits_test[0m
[3.978s] [ 66%] Built target cartographer.io.serialization_format_migration_test
[3.997s] [35m[1mConsolidate compiler generated dependencies of target cartographer.mapping.3d.hybrid_grid_test[0m
[4.005s] [35m[1mConsolidate compiler generated dependencies of target cartographer.mapping.2d.submap_2d_test[0m
[4.006s] [35m[1mConsolidate compiler generated dependencies of target cartographer.mapping.internal.2d.normal_estimation_2d_test[0m
[4.006s] [01mbuilding [mo]: [39;49;00mtargets for 0 po files that are out of date
[4.013s] [35m[1mConsolidate compiler generated dependencies of target cartographer.mapping.2d.probability_grid_test[0m
[4.023s] [35m[1mConsolidate compiler generated dependencies of target cartographer.mapping.3d.range_data_inserter_3d_test[0m
[4.024s] [35m[1mConsolidate compiler generated dependencies of target cartographer.mapping.internal.2d.overlapping_submaps_trimmer_2d_test[0m
[4.026s] [01mbuilding [html]: [39;49;00mtargets for 0 source files that are out of date
[4.026s] [35m[1mConsolidate compiler generated dependencies of target cartographer.mapping.3d.submap_3d_test[0m
[4.031s] [01mupdating environment: [39;49;00m[35m[1mConsolidate compiler generated dependencies of target cartographer.mapping.id_test[0m
[4.032s] 0 added, 0 changed, 0 removed
[4.032s] [01mlooking for now-outdated files... [39;49;00mnone found
[4.032s] [01mno targets are out of date.[39;49;00m
[4.032s] [01mbuild succeeded.[39;49;00m
[4.033s] 
[4.034s] The HTML pages are in html.
[4.050s] [35m[1mConsolidate compiler generated dependencies of target cartographer.mapping.imu_tracker_test[0m
[4.061s] [35m[1mConsolidate compiler generated dependencies of target cartographer.mapping.internal.2d.ray_to_pixel_mask_test[0m
[4.086s] [35m[1mConsolidate compiler generated dependencies of target cartographer.mapping.internal.2d.scan_matching.ceres_scan_matcher_2d_test[0m
[4.122s] [35m[1mConsolidate compiler generated dependencies of target cartographer.mapping.internal.2d.pose_graph_2d_test[0m
[4.127s] [ 66%] Built target cartographer.mapping.2d.xy_index_test
[4.194s] [ 67%] Built target cartographer.mapping.3d.hybrid_grid_test
[4.194s] [ 67%] Built target cartographer.mapping.2d.range_data_inserter_2d_test
[4.213s] [ 67%] Built target cartographer.mapping.2d.map_limits_test
[4.236s] [ 68%] Built target cartographer.mapping.2d.submap_2d_test
[4.236s] [ 68%] Built target cartographer.mapping.id_test
[4.241s] [ 68%] Built target cartographer.mapping.internal.2d.normal_estimation_2d_test
[4.249s] [ 69%] Built target cartographer.mapping.2d.probability_grid_test
[4.249s] [ 70%] Built target cartographer.mapping.imu_tracker_test
[4.266s] [ 70%] Built target cartographer.mapping.3d.range_data_inserter_3d_test
[4.280s] [ 71%] Built target cartographer.mapping.internal.2d.overlapping_submaps_trimmer_2d_test
[4.287s] [35m[1mConsolidate compiler generated dependencies of target cartographer.mapping.internal.2d.scan_matching.correlative_scan_matcher_test[0m
[4.300s] [35m[1mConsolidate compiler generated dependencies of target cartographer.mapping.internal.2d.scan_matching.fast_correlative_scan_matcher_2d_test[0m
[4.306s] [ 72%] Built target cartographer.mapping.internal.2d.ray_to_pixel_mask_test
[4.315s] [ 73%] Built target cartographer.mapping.3d.submap_3d_test
[4.316s] [ 73%] Built target cartographer.mapping.internal.2d.pose_graph_2d_test
[4.339s] [ 73%] Built target cartographer.mapping.internal.2d.scan_matching.ceres_scan_matcher_2d_test
[4.347s] [35m[1mConsolidate compiler generated dependencies of target cartographer.mapping.internal.2d.scan_matching.interpolated_tsdf_2d_test[0m
[4.347s] [35m[1mConsolidate compiler generated dependencies of target cartographer.mapping.internal.2d.scan_matching.occupied_space_cost_function_2d_test[0m
[4.371s] [35m[1mConsolidate compiler generated dependencies of target cartographer.mapping.internal.2d.tsdf_2d_test[0m
[4.376s] [35m[1mConsolidate compiler generated dependencies of target cartographer.mapping.internal.2d.scan_matching.tsdf_match_cost_function_2d_test[0m
[4.380s] [35m[1mConsolidate compiler generated dependencies of target cartographer.mapping.internal.2d.tsd_value_converter_test[0m
[4.382s] [35m[1mConsolidate compiler generated dependencies of target cartographer.mapping.internal.2d.tsdf_range_data_inserter_2d_test[0m
[4.391s] [35m[1mConsolidate compiler generated dependencies of target cartographer.mapping.internal.2d.scan_matching.real_time_correlative_scan_matcher_2d_test[0m
[4.402s] [35m[1mConsolidate compiler generated dependencies of target cartographer.mapping.internal.3d.pose_graph_3d_test[0m
[4.427s] [35m[1mConsolidate compiler generated dependencies of target cartographer.mapping.internal.3d.local_trajectory_builder_3d_test[0m
[4.427s] [35m[1mConsolidate compiler generated dependencies of target cartographer.mapping.internal.3d.scan_matching.fast_correlative_scan_matcher_3d_test[0m
[4.433s] [35m[1mConsolidate compiler generated dependencies of target cartographer.mapping.internal.3d.scan_matching.ceres_scan_matcher_3d_test[0m
[4.441s] [ 74%] Built target cartographer.mapping.internal.2d.scan_matching.correlative_scan_matcher_test
[4.451s] [35m[1mConsolidate compiler generated dependencies of target cartographer.mapping.internal.3d.scan_matching.intensity_cost_function_3d_test[0m
[4.475s] [ 74%] Built target cartographer.mapping.internal.2d.scan_matching.fast_correlative_scan_matcher_2d_test
[4.495s] [35m[1mConsolidate compiler generated dependencies of target cartographer.mapping.internal.3d.scan_matching.interpolated_grid_test[0m
[4.519s] [ 74%] Built target cartographer.mapping.internal.2d.scan_matching.occupied_space_cost_function_2d_test
[4.527s] [ 75%] Built target cartographer.mapping.internal.2d.scan_matching.real_time_correlative_scan_matcher_2d_test
[4.539s] [35m[1mConsolidate compiler generated dependencies of target cartographer.mapping.internal.3d.scan_matching.precomputation_grid_3d_test[0m
[4.548s] [ 76%] Built target cartographer.mapping.internal.2d.tsdf_range_data_inserter_2d_test
[4.548s] [ 77%] Built target cartographer.mapping.internal.2d.scan_matching.interpolated_tsdf_2d_test
[4.556s] [ 77%] Built target build_doc
[4.557s] [ 78%] Built target cartographer.mapping.internal.2d.tsd_value_converter_test
[4.582s] [ 79%] Built target cartographer.mapping.internal.3d.scan_matching.intensity_cost_function_3d_test
[4.583s] [ 79%] Built target cartographer.mapping.internal.3d.scan_matching.fast_correlative_scan_matcher_3d_test
[4.592s] [ 79%] Built target cartographer.mapping.internal.2d.tsdf_2d_test
[4.604s] [ 79%] Built target cartographer.mapping.internal.2d.scan_matching.tsdf_match_cost_function_2d_test
[4.608s] [ 79%] Built target cartographer.mapping.internal.3d.local_trajectory_builder_3d_test
[4.620s] [35m[1mConsolidate compiler generated dependencies of target cartographer.mapping.internal.3d.scan_matching.real_time_correlative_scan_matcher_3d_test[0m
[4.637s] [ 80%] Built target cartographer.mapping.internal.3d.pose_graph_3d_test
[4.653s] [35m[1mConsolidate compiler generated dependencies of target cartographer.mapping.internal.3d.scan_matching.rotation_delta_cost_functor_3d_test[0m
[4.666s] [ 81%] Built target cartographer.mapping.internal.3d.scan_matching.ceres_scan_matcher_3d_test
[4.676s] [35m[1mConsolidate compiler generated dependencies of target cartographer.mapping.internal.3d.scan_matching.rotational_scan_matcher_test[0m
[4.692s] [ 82%] Built target cartographer.mapping.internal.3d.scan_matching.precomputation_grid_3d_test
[4.693s] [35m[1mConsolidate compiler generated dependencies of target cartographer.mapping.internal.constraints.constraint_builder_3d_test[0m
[4.697s] [35m[1mConsolidate compiler generated dependencies of target cartographer.mapping.internal.constraints.constraint_builder_2d_test[0m
[4.697s] [35m[1mConsolidate compiler generated dependencies of target cartographer.mapping.internal.connected_components_test[0m
[4.700s] [35m[1mConsolidate compiler generated dependencies of target cartographer.mapping.internal.optimization.cost_functions.landmark_cost_function_3d_test[0m
[4.712s] [ 82%] Built target cartographer.mapping.internal.3d.scan_matching.interpolated_grid_test
[4.716s] [35m[1mConsolidate compiler generated dependencies of target cartographer.mapping.internal.optimization.cost_functions.spa_cost_function_2d_test[0m
[4.731s] [35m[1mConsolidate compiler generated dependencies of target cartographer.mapping.internal.optimization.cost_functions.landmark_cost_function_2d_test[0m
[4.737s] [35m[1mConsolidate compiler generated dependencies of target cartographer.mapping.internal.optimization.optimization_problem_3d_test[0m
[4.750s] [35m[1mConsolidate compiler generated dependencies of target cartographer.mapping.internal.trajectory_connectivity_state_test[0m
[4.753s] [35m[1mConsolidate compiler generated dependencies of target cartographer.mapping.internal.range_data_collator_test[0m
[4.754s] [35m[1mConsolidate compiler generated dependencies of target cartographer.mapping.internal.motion_filter_test[0m
[4.786s] [35m[1mConsolidate compiler generated dependencies of target cartographer.mapping.map_builder_test[0m
[4.786s] [ 82%] Built target cartographer.mapping.internal.3d.scan_matching.real_time_correlative_scan_matcher_3d_test
[4.814s] [35m[1mConsolidate compiler generated dependencies of target cartographer.mapping.pose_extrapolator_test[0m
[4.846s] [35m[1mConsolidate compiler generated dependencies of target cartographer.mapping.pose_graph_test[0m
[4.846s] [ 83%] Built target cartographer.mapping.internal.3d.scan_matching.rotation_delta_cost_functor_3d_test
[4.852s] [ 83%] Built target cartographer.mapping.internal.optimization.cost_functions.landmark_cost_function_3d_test
[4.856s] [ 84%] Built target cartographer.mapping.internal.optimization.cost_functions.spa_cost_function_2d_test
[4.867s] [ 85%] Built target cartographer.mapping.internal.connected_components_test
[4.869s] [ 85%] Built target cartographer.mapping.internal.3d.scan_matching.rotational_scan_matcher_test
[4.873s] [ 86%] Built target cartographer.mapping.internal.constraints.constraint_builder_3d_test
[4.887s] [ 86%] Built target cartographer.mapping.internal.constraints.constraint_builder_2d_test
[4.887s] [ 86%] Built target cartographer.mapping.internal.trajectory_connectivity_state_test
[4.888s] [35m[1mConsolidate compiler generated dependencies of target cartographer.mapping.pose_graph_trimmer_test[0m
[4.895s] [ 87%] Built target cartographer.mapping.internal.optimization.cost_functions.landmark_cost_function_2d_test
[4.904s] [ 87%] Built target cartographer.mapping.internal.optimization.optimization_problem_3d_test
[4.913s] [ 87%] Built target cartographer.mapping.internal.motion_filter_test
[4.913s] [ 88%] Built target cartographer.mapping.internal.range_data_collator_test
[4.935s] [ 89%] Built target cartographer.mapping.map_builder_test
[4.963s] [ 89%] Built target cartographer.mapping.pose_extrapolator_test
[4.973s] [35m[1mConsolidate compiler generated dependencies of target cartographer.mapping.trajectory_node_test[0m
[4.974s] [35m[1mConsolidate compiler generated dependencies of target cartographer.mapping.probability_values_test[0m
[4.980s] [35m[1mConsolidate compiler generated dependencies of target cartographer.sensor.internal.collator_test[0m
[4.990s] [35m[1mConsolidate compiler generated dependencies of target cartographer.sensor.landmark_data_test[0m
[4.991s] [35m[1mConsolidate compiler generated dependencies of target cartographer.mapping.submaps_test[0m
[4.991s] [35m[1mConsolidate compiler generated dependencies of target cartographer.mapping.value_conversion_tables_test[0m
[5.003s] [35m[1mConsolidate compiler generated dependencies of target cartographer.sensor.compressed_point_cloud_test[0m
[5.004s] [35m[1mConsolidate compiler generated dependencies of target cartographer.sensor.internal.voxel_filter_test[0m
[5.004s] [ 90%] Built target cartographer.mapping.pose_graph_test
[5.015s] [35m[1mConsolidate compiler generated dependencies of target cartographer.sensor.map_by_time_test[0m
[5.028s] [35m[1mConsolidate compiler generated dependencies of target cartographer.sensor.internal.trajectory_collator_test[0m
[5.032s] [ 90%] Built target cartographer.mapping.pose_graph_trimmer_test
[5.039s] [35m[1mConsolidate compiler generated dependencies of target cartographer.sensor.point_cloud_test[0m
[5.051s] [35m[1mConsolidate compiler generated dependencies of target cartographer.sensor.internal.ordered_multi_queue_test[0m
[5.059s] [35m[1mConsolidate compiler generated dependencies of target cartographer.sensor.range_data_test[0m
[5.082s] [35m[1mConsolidate compiler generated dependencies of target cartographer.transform.rigid_transform_test[0m
[5.116s] [35m[1mConsolidate compiler generated dependencies of target cartographer.transform.transform_interpolation_buffer_test[0m
[5.116s] [ 91%] Built target cartographer.sensor.internal.voxel_filter_test
[5.122s] [35m[1mConsolidate compiler generated dependencies of target cartographer.transform.timestamped_transform_test[0m
[5.135s] [ 91%] Built target cartographer.mapping.submaps_test
[5.136s] [ 91%] Built target cartographer.mapping.value_conversion_tables_test
[5.144s] [ 91%] Built target cartographer.sensor.internal.collator_test
[5.153s] [ 92%] Built target cartographer.sensor.compressed_point_cloud_test
[5.164s] [ 92%] Built target cartographer.sensor.landmark_data_test
[5.172s] [ 93%] Built target cartographer.mapping.trajectory_node_test
[5.175s] [ 94%] Built target cartographer.mapping.probability_values_test
[5.177s] [ 95%] Built target cartographer.sensor.map_by_time_test
[5.182s] [ 95%] Built target cartographer.sensor.internal.trajectory_collator_test
[5.191s] [ 96%] Built target cartographer.sensor.point_cloud_test
[5.201s] [ 97%] Built target cartographer.sensor.internal.ordered_multi_queue_test
[5.207s] [ 97%] Built target cartographer.sensor.range_data_test
[5.213s] [35m[1mConsolidate compiler generated dependencies of target cartographer.transform.transform_test[0m
[5.222s] [ 98%] Built target cartographer.transform.rigid_transform_test
[5.232s] [100%] Built target cartographer.transform.transform_interpolation_buffer_test
[5.244s] [100%] Built target cartographer.transform.timestamped_transform_test
[5.333s] [100%] Built target cartographer.transform.transform_test
[5.386s] Invoked command in '/home/misaka/fishbot/build/cartographer' returned '0': CMAKE_PREFIX_PATH=/opt/ros/humble /usr/bin/cmake --build /home/misaka/fishbot/build/cartographer -- -j16 -l16
[13.017s] Invoking command in '/home/misaka/fishbot/build/cartographer': CMAKE_PREFIX_PATH=/opt/ros/humble /usr/bin/cmake --install /home/misaka/fishbot/build/cartographer
[13.053s] -- Install configuration: "Release"
[13.054s] -- Up-to-date: /home/misaka/fishbot/install/cartographer/share/cartographer/package.xml
[13.056s] -- Up-to-date: /home/misaka/fishbot/install/cartographer/share/cartographer//configuration_files
[13.058s] -- Up-to-date: /home/misaka/fishbot/install/cartographer/share/cartographer//configuration_files/map_builder_server.lua
[13.059s] -- Up-to-date: /home/misaka/fishbot/install/cartographer/share/cartographer//configuration_files/trajectory_builder.lua
[13.060s] -- Up-to-date: /home/misaka/fishbot/install/cartographer/share/cartographer//configuration_files/trajectory_builder_2d.lua
[13.060s] -- Up-to-date: /home/misaka/fishbot/install/cartographer/share/cartographer//configuration_files/pose_graph.lua
[13.060s] -- Up-to-date: /home/misaka/fishbot/install/cartographer/share/cartographer//configuration_files/map_builder.lua
[13.060s] -- Up-to-date: /home/misaka/fishbot/install/cartographer/share/cartographer//configuration_files/trajectory_builder_3d.lua
[13.061s] -- Up-to-date: /home/misaka/fishbot/install/cartographer/share/cartographer//cmake
[13.061s] -- Up-to-date: /home/misaka/fishbot/install/cartographer/share/cartographer//cmake/modules
[13.062s] -- Up-to-date: /home/misaka/fishbot/install/cartographer/share/cartographer//cmake/modules/FindGMock.cmake
[13.063s] -- Up-to-date: /home/misaka/fishbot/install/cartographer/share/cartographer//cmake/modules/FindEigen3.cmake
[13.063s] -- Up-to-date: /home/misaka/fishbot/install/cartographer/share/cartographer//cmake/modules/FindLuaGoogle.cmake
[13.064s] -- Up-to-date: /home/misaka/fishbot/install/cartographer/share/cartographer//cmake/modules/FindSphinx.cmake
[13.064s] -- Up-to-date: /home/misaka/fishbot/install/cartographer/share/cartographer//cmake/functions.cmake
[13.064s] -- Up-to-date: /home/misaka/fishbot/install/cartographer/bin/cartographer_autogenerate_ground_truth
[13.064s] -- Up-to-date: /home/misaka/fishbot/install/cartographer/bin/cartographer_compute_relations_metrics
[13.068s] -- Up-to-date: /home/misaka/fishbot/install/cartographer/bin/cartographer_pbstream
[13.072s] -- Up-to-date: /home/misaka/fishbot/install/cartographer/bin/cartographer_print_configuration
[13.073s] -- Up-to-date: /home/misaka/fishbot/install/cartographer/lib/libcartographer.a
[13.077s] -- Up-to-date: /home/misaka/fishbot/install/cartographer/include/cartographer/common/configuration_file_resolver.h
[13.077s] -- Up-to-date: /home/misaka/fishbot/install/cartographer/include/cartographer/common/fixed_ratio_sampler.h
[13.078s] -- Up-to-date: /home/misaka/fishbot/install/cartographer/include/cartographer/common/histogram.h
[13.080s] -- Up-to-date: /home/misaka/fishbot/install/cartographer/include/cartographer/common/lua.h
[13.082s] -- Up-to-date: /home/misaka/fishbot/install/cartographer/include/cartographer/common/lua_parameter_dictionary.h
[13.082s] -- Up-to-date: /home/misaka/fishbot/install/cartographer/include/cartographer/common/math.h
[13.082s] -- Up-to-date: /home/misaka/fishbot/install/cartographer/include/cartographer/common/port.h
[13.082s] -- Up-to-date: /home/misaka/fishbot/install/cartographer/include/cartographer/common/task.h
[13.083s] -- Up-to-date: /home/misaka/fishbot/install/cartographer/include/cartographer/common/thread_pool.h
[13.083s] -- Up-to-date: /home/misaka/fishbot/install/cartographer/include/cartographer/common/time.h
[13.084s] -- Up-to-date: /home/misaka/fishbot/install/cartographer/include/cartographer/ground_truth/autogenerate_ground_truth.h
[13.085s] -- Up-to-date: /home/misaka/fishbot/install/cartographer/include/cartographer/ground_truth/relations_text_file.h
[13.085s] -- Up-to-date: /home/misaka/fishbot/install/cartographer/include/cartographer/io/color.h
[13.085s] -- Up-to-date: /home/misaka/fishbot/install/cartographer/include/cartographer/io/coloring_points_processor.h
[13.085s] -- Up-to-date: /home/misaka/fishbot/install/cartographer/include/cartographer/io/counting_points_processor.h
[13.085s] -- Up-to-date: /home/misaka/fishbot/install/cartographer/include/cartographer/io/draw_trajectories.h
[13.085s] -- Up-to-date: /home/misaka/fishbot/install/cartographer/include/cartographer/io/file_writer.h
[13.086s] -- Up-to-date: /home/misaka/fishbot/install/cartographer/include/cartographer/io/fixed_ratio_sampling_points_processor.h
[13.086s] -- Up-to-date: /home/misaka/fishbot/install/cartographer/include/cartographer/io/frame_id_filtering_points_processor.h
[13.086s] -- Up-to-date: /home/misaka/fishbot/install/cartographer/include/cartographer/io/hybrid_grid_points_processor.h
[13.087s] -- Up-to-date: /home/misaka/fishbot/install/cartographer/include/cartographer/io/image.h
[13.089s] -- Up-to-date: /home/misaka/fishbot/install/cartographer/include/cartographer/io/intensity_to_color_points_processor.h
[13.090s] -- Up-to-date: /home/misaka/fishbot/install/cartographer/include/cartographer/io/min_max_range_filtering_points_processor.h
[13.092s] -- Up-to-date: /home/misaka/fishbot/install/cartographer/include/cartographer/io/null_points_processor.h
[13.092s] -- Up-to-date: /home/misaka/fishbot/install/cartographer/include/cartographer/io/outlier_removing_points_processor.h
[13.093s] -- Up-to-date: /home/misaka/fishbot/install/cartographer/include/cartographer/io/pcd_writing_points_processor.h
[13.094s] -- Up-to-date: /home/misaka/fishbot/install/cartographer/include/cartographer/io/ply_writing_points_processor.h
[13.095s] -- Up-to-date: /home/misaka/fishbot/install/cartographer/include/cartographer/io/points_batch.h
[13.095s] -- Up-to-date: /home/misaka/fishbot/install/cartographer/include/cartographer/io/points_processor.h
[13.096s] -- Up-to-date: /home/misaka/fishbot/install/cartographer/include/cartographer/io/points_processor_pipeline_builder.h
[13.097s] -- Up-to-date: /home/misaka/fishbot/install/cartographer/include/cartographer/io/probability_grid_points_processor.h
[13.097s] -- Up-to-date: /home/misaka/fishbot/install/cartographer/include/cartographer/io/proto_stream.h
[13.098s] -- Up-to-date: /home/misaka/fishbot/install/cartographer/include/cartographer/io/proto_stream_deserializer.h
[13.098s] -- Up-to-date: /home/misaka/fishbot/install/cartographer/include/cartographer/io/proto_stream_interface.h
[13.098s] -- Up-to-date: /home/misaka/fishbot/install/cartographer/include/cartographer/io/serialization_format_migration.h
[13.098s] -- Up-to-date: /home/misaka/fishbot/install/cartographer/include/cartographer/io/submap_painter.h
[13.098s] -- Up-to-date: /home/misaka/fishbot/install/cartographer/include/cartographer/io/vertical_range_filtering_points_processor.h
[13.100s] -- Up-to-date: /home/misaka/fishbot/install/cartographer/include/cartographer/io/xray_points_processor.h
[13.100s] -- Up-to-date: /home/misaka/fishbot/install/cartographer/include/cartographer/io/xyz_writing_points_processor.h
[13.101s] -- Up-to-date: /home/misaka/fishbot/install/cartographer/include/cartographer/mapping/2d/grid_2d.h
[13.102s] -- Up-to-date: /home/misaka/fishbot/install/cartographer/include/cartographer/mapping/2d/map_limits.h
[13.102s] -- Up-to-date: /home/misaka/fishbot/install/cartographer/include/cartographer/mapping/2d/probability_grid.h
[13.103s] -- Up-to-date: /home/misaka/fishbot/install/cartographer/include/cartographer/mapping/2d/probability_grid_range_data_inserter_2d.h
[13.103s] -- Up-to-date: /home/misaka/fishbot/install/cartographer/include/cartographer/mapping/2d/submap_2d.h
[13.105s] -- Up-to-date: /home/misaka/fishbot/install/cartographer/include/cartographer/mapping/2d/xy_index.h
[13.105s] -- Up-to-date: /home/misaka/fishbot/install/cartographer/include/cartographer/mapping/3d/hybrid_grid.h
[13.105s] -- Up-to-date: /home/misaka/fishbot/install/cartographer/include/cartographer/mapping/3d/range_data_inserter_3d.h
[13.105s] -- Up-to-date: /home/misaka/fishbot/install/cartographer/include/cartographer/mapping/3d/submap_3d.h
[13.107s] -- Up-to-date: /home/misaka/fishbot/install/cartographer/include/cartographer/mapping/detect_floors.h
[13.107s] -- Up-to-date: /home/misaka/fishbot/install/cartographer/include/cartographer/mapping/grid_interface.h
[13.108s] -- Up-to-date: /home/misaka/fishbot/install/cartographer/include/cartographer/mapping/id.h
[13.108s] -- Up-to-date: /home/misaka/fishbot/install/cartographer/include/cartographer/mapping/imu_tracker.h
[13.109s] -- Up-to-date: /home/misaka/fishbot/install/cartographer/include/cartographer/mapping/map_builder.h
[13.109s] -- Up-to-date: /home/misaka/fishbot/install/cartographer/include/cartographer/mapping/map_builder_interface.h
[13.110s] -- Up-to-date: /home/misaka/fishbot/install/cartographer/include/cartographer/mapping/pose_extrapolator.h
[13.111s] -- Up-to-date: /home/misaka/fishbot/install/cartographer/include/cartographer/mapping/pose_extrapolator_interface.h
[13.111s] -- Up-to-date: /home/misaka/fishbot/install/cartographer/include/cartographer/mapping/pose_graph.h
[13.113s] -- Up-to-date: /home/misaka/fishbot/install/cartographer/include/cartographer/mapping/pose_graph_interface.h
[13.114s] -- Up-to-date: /home/misaka/fishbot/install/cartographer/include/cartographer/mapping/pose_graph_trimmer.h
[13.116s] -- Up-to-date: /home/misaka/fishbot/install/cartographer/include/cartographer/mapping/probability_values.h
[13.117s] -- Up-to-date: /home/misaka/fishbot/install/cartographer/include/cartographer/mapping/range_data_inserter_interface.h
[13.117s] -- Up-to-date: /home/misaka/fishbot/install/cartographer/include/cartographer/mapping/submaps.h
[13.120s] -- Up-to-date: /home/misaka/fishbot/install/cartographer/include/cartographer/mapping/trajectory_builder_interface.h
[13.122s] -- Up-to-date: /home/misaka/fishbot/install/cartographer/include/cartographer/mapping/trajectory_node.h
[13.123s] -- Up-to-date: /home/misaka/fishbot/install/cartographer/include/cartographer/mapping/value_conversion_tables.h
[13.124s] -- Up-to-date: /home/misaka/fishbot/install/cartographer/include/cartographer/metrics/counter.h
[13.125s] -- Up-to-date: /home/misaka/fishbot/install/cartographer/include/cartographer/metrics/family_factory.h
[13.125s] -- Up-to-date: /home/misaka/fishbot/install/cartographer/include/cartographer/metrics/gauge.h
[13.126s] -- Up-to-date: /home/misaka/fishbot/install/cartographer/include/cartographer/metrics/histogram.h
[13.128s] -- Up-to-date: /home/misaka/fishbot/install/cartographer/include/cartographer/metrics/register.h
[13.128s] -- Up-to-date: /home/misaka/fishbot/install/cartographer/include/cartographer/sensor/collator_interface.h
[13.129s] -- Up-to-date: /home/misaka/fishbot/install/cartographer/include/cartographer/sensor/compressed_point_cloud.h
[13.131s] -- Up-to-date: /home/misaka/fishbot/install/cartographer/include/cartographer/sensor/data.h
[13.132s] -- Up-to-date: /home/misaka/fishbot/install/cartographer/include/cartographer/sensor/fixed_frame_pose_data.h
[13.133s] -- Up-to-date: /home/misaka/fishbot/install/cartographer/include/cartographer/sensor/imu_data.h
[13.136s] -- Up-to-date: /home/misaka/fishbot/install/cartographer/include/cartographer/sensor/landmark_data.h
[13.139s] -- Up-to-date: /home/misaka/fishbot/install/cartographer/include/cartographer/sensor/map_by_time.h
[13.140s] -- Up-to-date: /home/misaka/fishbot/install/cartographer/include/cartographer/sensor/odometry_data.h
[13.143s] -- Up-to-date: /home/misaka/fishbot/install/cartographer/include/cartographer/sensor/point_cloud.h
[13.144s] -- Up-to-date: /home/misaka/fishbot/install/cartographer/include/cartographer/sensor/range_data.h
[13.145s] -- Up-to-date: /home/misaka/fishbot/install/cartographer/include/cartographer/sensor/rangefinder_point.h
[13.146s] -- Up-to-date: /home/misaka/fishbot/install/cartographer/include/cartographer/sensor/timed_point_cloud_data.h
[13.151s] -- Up-to-date: /home/misaka/fishbot/install/cartographer/include/cartographer/transform/rigid_transform.h
[13.151s] -- Up-to-date: /home/misaka/fishbot/install/cartographer/include/cartographer/transform/timestamped_transform.h
[13.151s] -- Up-to-date: /home/misaka/fishbot/install/cartographer/include/cartographer/transform/transform.h
[13.152s] -- Up-to-date: /home/misaka/fishbot/install/cartographer/include/cartographer/transform/transform_interpolation_buffer.h
[13.157s] -- Up-to-date: /home/misaka/fishbot/install/cartographer/include/cartographer/io/fake_file_writer.h
[13.157s] -- Up-to-date: /home/misaka/fishbot/install/cartographer/include/cartographer/transform/rigid_transform_test_helpers.h
[13.158s] -- Up-to-date: /home/misaka/fishbot/install/cartographer/include/cartographer/common/proto/ceres_solver_options.pb.h
[13.158s] -- Up-to-date: /home/misaka/fishbot/install/cartographer/include/cartographer/ground_truth/proto/relations.pb.h
[13.159s] -- Up-to-date: /home/misaka/fishbot/install/cartographer/include/cartographer/mapping/proto/cell_limits_2d.pb.h
[13.159s] -- Up-to-date: /home/misaka/fishbot/install/cartographer/include/cartographer/mapping/proto/connected_components.pb.h
[13.160s] -- Up-to-date: /home/misaka/fishbot/install/cartographer/include/cartographer/mapping/proto/grid_2d.pb.h
[13.160s] -- Up-to-date: /home/misaka/fishbot/install/cartographer/include/cartographer/mapping/proto/grid_2d_options.pb.h
[13.160s] -- Up-to-date: /home/misaka/fishbot/install/cartographer/include/cartographer/mapping/proto/hybrid_grid.pb.h
[13.163s] -- Up-to-date: /home/misaka/fishbot/install/cartographer/include/cartographer/mapping/proto/local_trajectory_builder_options_2d.pb.h
[13.163s] -- Up-to-date: /home/misaka/fishbot/install/cartographer/include/cartographer/mapping/proto/local_trajectory_builder_options_3d.pb.h
[13.164s] -- Up-to-date: /home/misaka/fishbot/install/cartographer/include/cartographer/mapping/proto/map_builder_options.pb.h
[13.164s] -- Up-to-date: /home/misaka/fishbot/install/cartographer/include/cartographer/mapping/proto/map_limits.pb.h
[13.164s] -- Up-to-date: /home/misaka/fishbot/install/cartographer/include/cartographer/mapping/proto/motion_filter_options.pb.h
[13.165s] -- Up-to-date: /home/misaka/fishbot/install/cartographer/include/cartographer/mapping/proto/normal_estimation_options_2d.pb.h
[13.165s] -- Up-to-date: /home/misaka/fishbot/install/cartographer/include/cartographer/mapping/proto/pose_extrapolator_options.pb.h
[13.166s] -- Up-to-date: /home/misaka/fishbot/install/cartographer/include/cartographer/mapping/proto/pose_graph.pb.h
[13.166s] -- Up-to-date: /home/misaka/fishbot/install/cartographer/include/cartographer/mapping/proto/pose_graph/constraint_builder_options.pb.h
[13.166s] -- Up-to-date: /home/misaka/fishbot/install/cartographer/include/cartographer/mapping/proto/pose_graph/optimization_problem_options.pb.h
[13.167s] -- Up-to-date: /home/misaka/fishbot/install/cartographer/include/cartographer/mapping/proto/pose_graph_options.pb.h
[13.167s] -- Up-to-date: /home/misaka/fishbot/install/cartographer/include/cartographer/mapping/proto/probability_grid.pb.h
[13.168s] -- Up-to-date: /home/misaka/fishbot/install/cartographer/include/cartographer/mapping/proto/probability_grid_range_data_inserter_options_2d.pb.h
[13.168s] -- Up-to-date: /home/misaka/fishbot/install/cartographer/include/cartographer/mapping/proto/range_data_inserter_options.pb.h
[13.172s] -- Up-to-date: /home/misaka/fishbot/install/cartographer/include/cartographer/mapping/proto/range_data_inserter_options_3d.pb.h
[13.173s] -- Up-to-date: /home/misaka/fishbot/install/cartographer/include/cartographer/mapping/proto/scan_matching/ceres_scan_matcher_options_2d.pb.h
[13.173s] -- Up-to-date: /home/misaka/fishbot/install/cartographer/include/cartographer/mapping/proto/scan_matching/ceres_scan_matcher_options_3d.pb.h
[13.173s] -- Up-to-date: /home/misaka/fishbot/install/cartographer/include/cartographer/mapping/proto/scan_matching/fast_correlative_scan_matcher_options_2d.pb.h
[13.173s] -- Up-to-date: /home/misaka/fishbot/install/cartographer/include/cartographer/mapping/proto/scan_matching/fast_correlative_scan_matcher_options_3d.pb.h
[13.174s] -- Up-to-date: /home/misaka/fishbot/install/cartographer/include/cartographer/mapping/proto/scan_matching/real_time_correlative_scan_matcher_options.pb.h
[13.174s] -- Up-to-date: /home/misaka/fishbot/install/cartographer/include/cartographer/mapping/proto/serialization.pb.h
[13.174s] -- Up-to-date: /home/misaka/fishbot/install/cartographer/include/cartographer/mapping/proto/submap.pb.h
[13.174s] -- Up-to-date: /home/misaka/fishbot/install/cartographer/include/cartographer/mapping/proto/submap_visualization.pb.h
[13.174s] -- Up-to-date: /home/misaka/fishbot/install/cartographer/include/cartographer/mapping/proto/submaps_options_2d.pb.h
[13.175s] -- Up-to-date: /home/misaka/fishbot/install/cartographer/include/cartographer/mapping/proto/submaps_options_3d.pb.h
[13.175s] -- Up-to-date: /home/misaka/fishbot/install/cartographer/include/cartographer/mapping/proto/trajectory.pb.h
[13.176s] -- Up-to-date: /home/misaka/fishbot/install/cartographer/include/cartographer/mapping/proto/trajectory_builder_options.pb.h
[13.176s] -- Up-to-date: /home/misaka/fishbot/install/cartographer/include/cartographer/mapping/proto/trajectory_node_data.pb.h
[13.176s] -- Up-to-date: /home/misaka/fishbot/install/cartographer/include/cartographer/mapping/proto/tsdf_2d.pb.h
[13.176s] -- Up-to-date: /home/misaka/fishbot/install/cartographer/include/cartographer/mapping/proto/tsdf_range_data_inserter_options_2d.pb.h
[13.177s] -- Up-to-date: /home/misaka/fishbot/install/cartographer/include/cartographer/sensor/proto/adaptive_voxel_filter_options.pb.h
[13.177s] -- Up-to-date: /home/misaka/fishbot/install/cartographer/include/cartographer/sensor/proto/sensor.pb.h
[13.177s] -- Up-to-date: /home/misaka/fishbot/install/cartographer/include/cartographer/transform/proto/timestamped_transform.pb.h
[13.178s] -- Up-to-date: /home/misaka/fishbot/install/cartographer/include/cartographer/transform/proto/transform.pb.h
[13.178s] -- Up-to-date: /home/misaka/fishbot/install/cartographer/share/cartographer/cmake/CartographerTargets.cmake
[13.178s] -- Up-to-date: /home/misaka/fishbot/install/cartographer/share/cartographer/cmake/CartographerTargets-release.cmake
[13.178s] -- Up-to-date: /home/misaka/fishbot/install/cartographer/share/cartographer/cartographer-config.cmake
[13.179s] Invoked command in '/home/misaka/fishbot/build/cartographer' returned '0': CMAKE_PREFIX_PATH=/opt/ros/humble /usr/bin/cmake --install /home/misaka/fishbot/build/cartographer
