[0.040s] Invoking command in '/home/misaka/fishbot/build/nav_2d_msgs': CMAKE_PREFIX_PATH=/opt/ros/humble /usr/bin/cmake --build /home/misaka/fishbot/build/nav_2d_msgs -- -j16 -l16
[0.302s] [  1%] Built target nav_2d_msgs__cpp
[0.314s] [ 12%] Built target nav_2d_msgs__rosidl_generator_c
[0.418s] [ 12%] Built target ament_cmake_python_copy_nav_2d_msgs
[0.445s] [ 23%] Built target nav_2d_msgs__rosidl_typesupport_fastrtps_cpp
[0.447s] [ 35%] Built target nav_2d_msgs__rosidl_typesupport_cpp
[0.458s] [ 46%] Built target nav_2d_msgs__rosidl_typesupport_c
[0.458s] [ 57%] Built target nav_2d_msgs__rosidl_typesupport_introspection_cpp
[0.461s] [ 69%] Built target nav_2d_msgs__rosidl_typesupport_introspection_c
[0.469s] [ 80%] Built target nav_2d_msgs__rosidl_typesupport_fastrtps_c
[0.581s] [ 80%] Built target nav_2d_msgs
[0.705s] [ 81%] Built target nav_2d_msgs__py
[0.850s] [ 91%] Built target nav_2d_msgs__rosidl_generator_py
[0.974s] [ 94%] Built target nav_2d_msgs__rosidl_typesupport_fastrtps_c__pyext
[0.978s] [ 97%] Built target nav_2d_msgs__rosidl_typesupport_introspection_c__pyext
[0.983s] [100%] Built target nav_2d_msgs__rosidl_typesupport_c__pyext
[1.473s] running egg_info
[1.476s] writing nav_2d_msgs.egg-info/PKG-INFO
[1.477s] writing dependency_links to nav_2d_msgs.egg-info/dependency_links.txt
[1.478s] writing top-level names to nav_2d_msgs.egg-info/top_level.txt
[1.485s] reading manifest file 'nav_2d_msgs.egg-info/SOURCES.txt'
[1.490s] writing manifest file 'nav_2d_msgs.egg-info/SOURCES.txt'
[1.589s] [100%] Built target ament_cmake_python_build_nav_2d_msgs_egg
[1.633s] Invoked command in '/home/misaka/fishbot/build/nav_2d_msgs' returned '0': CMAKE_PREFIX_PATH=/opt/ros/humble /usr/bin/cmake --build /home/misaka/fishbot/build/nav_2d_msgs -- -j16 -l16
[2.807s] Invoking command in '/home/misaka/fishbot/build/nav_2d_msgs': CMAKE_PREFIX_PATH=/opt/ros/humble /usr/bin/cmake --install /home/misaka/fishbot/build/nav_2d_msgs
[2.837s] -- Install configuration: ""
[2.838s] -- Up-to-date: /home/misaka/fishbot/install/nav_2d_msgs/share/ament_index/resource_index/rosidl_interfaces/nav_2d_msgs
[2.840s] -- Up-to-date: /home/misaka/fishbot/install/nav_2d_msgs/include/nav_2d_msgs/nav_2d_msgs
[2.841s] -- Up-to-date: /home/misaka/fishbot/install/nav_2d_msgs/include/nav_2d_msgs/nav_2d_msgs/msg
[2.841s] -- Up-to-date: /home/misaka/fishbot/install/nav_2d_msgs/include/nav_2d_msgs/nav_2d_msgs/msg/twist2_d32.h
[2.842s] -- Up-to-date: /home/misaka/fishbot/install/nav_2d_msgs/include/nav_2d_msgs/nav_2d_msgs/msg/rosidl_generator_c__visibility_control.h
[2.842s] -- Up-to-date: /home/misaka/fishbot/install/nav_2d_msgs/include/nav_2d_msgs/nav_2d_msgs/msg/twist2_d_stamped.h
[2.842s] -- Up-to-date: /home/misaka/fishbot/install/nav_2d_msgs/include/nav_2d_msgs/nav_2d_msgs/msg/twist2_d.h
[2.842s] -- Up-to-date: /home/misaka/fishbot/install/nav_2d_msgs/include/nav_2d_msgs/nav_2d_msgs/msg/detail
[2.842s] -- Up-to-date: /home/misaka/fishbot/install/nav_2d_msgs/include/nav_2d_msgs/nav_2d_msgs/msg/detail/twist2_d_stamped__type_support.h
[2.843s] -- Up-to-date: /home/misaka/fishbot/install/nav_2d_msgs/include/nav_2d_msgs/nav_2d_msgs/msg/detail/twist2_d32__functions.c
[2.843s] -- Up-to-date: /home/misaka/fishbot/install/nav_2d_msgs/include/nav_2d_msgs/nav_2d_msgs/msg/detail/twist2_d_stamped__functions.c
[2.844s] -- Up-to-date: /home/misaka/fishbot/install/nav_2d_msgs/include/nav_2d_msgs/nav_2d_msgs/msg/detail/pose2_d_stamped__type_support.h
[2.844s] -- Up-to-date: /home/misaka/fishbot/install/nav_2d_msgs/include/nav_2d_msgs/nav_2d_msgs/msg/detail/pose2_d32__functions.c
[2.844s] -- Up-to-date: /home/misaka/fishbot/install/nav_2d_msgs/include/nav_2d_msgs/nav_2d_msgs/msg/detail/pose2_d_stamped__struct.h
[2.844s] -- Up-to-date: /home/misaka/fishbot/install/nav_2d_msgs/include/nav_2d_msgs/nav_2d_msgs/msg/detail/twist2_d_stamped__functions.h
[2.845s] -- Up-to-date: /home/misaka/fishbot/install/nav_2d_msgs/include/nav_2d_msgs/nav_2d_msgs/msg/detail/path2_d__struct.h
[2.845s] -- Up-to-date: /home/misaka/fishbot/install/nav_2d_msgs/include/nav_2d_msgs/nav_2d_msgs/msg/detail/path2_d__functions.c
[2.845s] -- Up-to-date: /home/misaka/fishbot/install/nav_2d_msgs/include/nav_2d_msgs/nav_2d_msgs/msg/detail/pose2_d32__struct.h
[2.845s] -- Up-to-date: /home/misaka/fishbot/install/nav_2d_msgs/include/nav_2d_msgs/nav_2d_msgs/msg/detail/path2_d__type_support.h
[2.845s] -- Up-to-date: /home/misaka/fishbot/install/nav_2d_msgs/include/nav_2d_msgs/nav_2d_msgs/msg/detail/path2_d__functions.h
[2.845s] -- Up-to-date: /home/misaka/fishbot/install/nav_2d_msgs/include/nav_2d_msgs/nav_2d_msgs/msg/detail/pose2_d_stamped__functions.c
[2.845s] -- Up-to-date: /home/misaka/fishbot/install/nav_2d_msgs/include/nav_2d_msgs/nav_2d_msgs/msg/detail/twist2_d32__struct.h
[2.845s] -- Up-to-date: /home/misaka/fishbot/install/nav_2d_msgs/include/nav_2d_msgs/nav_2d_msgs/msg/detail/twist2_d32__type_support.h
[2.846s] -- Up-to-date: /home/misaka/fishbot/install/nav_2d_msgs/include/nav_2d_msgs/nav_2d_msgs/msg/detail/pose2_d_stamped__functions.h
[2.846s] -- Up-to-date: /home/misaka/fishbot/install/nav_2d_msgs/include/nav_2d_msgs/nav_2d_msgs/msg/detail/twist2_d__functions.h
[2.846s] -- Up-to-date: /home/misaka/fishbot/install/nav_2d_msgs/include/nav_2d_msgs/nav_2d_msgs/msg/detail/twist2_d_stamped__struct.h
[2.846s] -- Up-to-date: /home/misaka/fishbot/install/nav_2d_msgs/include/nav_2d_msgs/nav_2d_msgs/msg/detail/twist2_d__functions.c
[2.846s] -- Up-to-date: /home/misaka/fishbot/install/nav_2d_msgs/include/nav_2d_msgs/nav_2d_msgs/msg/detail/twist2_d32__functions.h
[2.846s] -- Up-to-date: /home/misaka/fishbot/install/nav_2d_msgs/include/nav_2d_msgs/nav_2d_msgs/msg/detail/twist2_d__type_support.h
[2.846s] -- Up-to-date: /home/misaka/fishbot/install/nav_2d_msgs/include/nav_2d_msgs/nav_2d_msgs/msg/detail/pose2_d32__functions.h
[2.847s] -- Up-to-date: /home/misaka/fishbot/install/nav_2d_msgs/include/nav_2d_msgs/nav_2d_msgs/msg/detail/twist2_d__struct.h
[2.847s] -- Up-to-date: /home/misaka/fishbot/install/nav_2d_msgs/include/nav_2d_msgs/nav_2d_msgs/msg/detail/pose2_d32__type_support.h
[2.848s] -- Up-to-date: /home/misaka/fishbot/install/nav_2d_msgs/include/nav_2d_msgs/nav_2d_msgs/msg/pose2_d32.h
[2.848s] -- Up-to-date: /home/misaka/fishbot/install/nav_2d_msgs/include/nav_2d_msgs/nav_2d_msgs/msg/path2_d.h
[2.848s] -- Up-to-date: /home/misaka/fishbot/install/nav_2d_msgs/include/nav_2d_msgs/nav_2d_msgs/msg/pose2_d_stamped.h
[2.848s] -- Up-to-date: /home/misaka/fishbot/install/nav_2d_msgs/share/nav_2d_msgs/environment/library_path.sh
[2.848s] -- Up-to-date: /home/misaka/fishbot/install/nav_2d_msgs/share/nav_2d_msgs/environment/library_path.dsv
[2.849s] -- Up-to-date: /home/misaka/fishbot/install/nav_2d_msgs/lib/libnav_2d_msgs__rosidl_generator_c.so
[2.849s] -- Up-to-date: /home/misaka/fishbot/install/nav_2d_msgs/include/nav_2d_msgs/nav_2d_msgs
[2.850s] -- Up-to-date: /home/misaka/fishbot/install/nav_2d_msgs/include/nav_2d_msgs/nav_2d_msgs/msg
[2.850s] -- Up-to-date: /home/misaka/fishbot/install/nav_2d_msgs/include/nav_2d_msgs/nav_2d_msgs/msg/rosidl_typesupport_fastrtps_c__visibility_control.h
[2.850s] -- Up-to-date: /home/misaka/fishbot/install/nav_2d_msgs/include/nav_2d_msgs/nav_2d_msgs/msg/detail
[2.850s] -- Up-to-date: /home/misaka/fishbot/install/nav_2d_msgs/include/nav_2d_msgs/nav_2d_msgs/msg/detail/twist2_d_stamped__rosidl_typesupport_fastrtps_c.h
[2.850s] -- Up-to-date: /home/misaka/fishbot/install/nav_2d_msgs/include/nav_2d_msgs/nav_2d_msgs/msg/detail/pose2_d32__rosidl_typesupport_fastrtps_c.h
[2.850s] -- Up-to-date: /home/misaka/fishbot/install/nav_2d_msgs/include/nav_2d_msgs/nav_2d_msgs/msg/detail/twist2_d32__rosidl_typesupport_fastrtps_c.h
[2.851s] -- Up-to-date: /home/misaka/fishbot/install/nav_2d_msgs/include/nav_2d_msgs/nav_2d_msgs/msg/detail/twist2_d__rosidl_typesupport_fastrtps_c.h
[2.851s] -- Up-to-date: /home/misaka/fishbot/install/nav_2d_msgs/include/nav_2d_msgs/nav_2d_msgs/msg/detail/pose2_d_stamped__rosidl_typesupport_fastrtps_c.h
[2.851s] -- Up-to-date: /home/misaka/fishbot/install/nav_2d_msgs/include/nav_2d_msgs/nav_2d_msgs/msg/detail/path2_d__rosidl_typesupport_fastrtps_c.h
[2.852s] -- Up-to-date: /home/misaka/fishbot/install/nav_2d_msgs/lib/libnav_2d_msgs__rosidl_typesupport_fastrtps_c.so
[2.853s] -- Up-to-date: /home/misaka/fishbot/install/nav_2d_msgs/include/nav_2d_msgs/nav_2d_msgs
[2.853s] -- Up-to-date: /home/misaka/fishbot/install/nav_2d_msgs/include/nav_2d_msgs/nav_2d_msgs/msg
[2.854s] -- Up-to-date: /home/misaka/fishbot/install/nav_2d_msgs/include/nav_2d_msgs/nav_2d_msgs/msg/pose2_d32.hpp
[2.854s] -- Up-to-date: /home/misaka/fishbot/install/nav_2d_msgs/include/nav_2d_msgs/nav_2d_msgs/msg/twist2_d32.hpp
[2.854s] -- Up-to-date: /home/misaka/fishbot/install/nav_2d_msgs/include/nav_2d_msgs/nav_2d_msgs/msg/twist2_d.hpp
[2.854s] -- Up-to-date: /home/misaka/fishbot/install/nav_2d_msgs/include/nav_2d_msgs/nav_2d_msgs/msg/pose2_d_stamped.hpp
[2.854s] -- Up-to-date: /home/misaka/fishbot/install/nav_2d_msgs/include/nav_2d_msgs/nav_2d_msgs/msg/detail
[2.854s] -- Up-to-date: /home/misaka/fishbot/install/nav_2d_msgs/include/nav_2d_msgs/nav_2d_msgs/msg/detail/pose2_d_stamped__builder.hpp
[2.855s] -- Up-to-date: /home/misaka/fishbot/install/nav_2d_msgs/include/nav_2d_msgs/nav_2d_msgs/msg/detail/path2_d__struct.hpp
[2.856s] -- Up-to-date: /home/misaka/fishbot/install/nav_2d_msgs/include/nav_2d_msgs/nav_2d_msgs/msg/detail/twist2_d32__struct.hpp
[2.856s] -- Up-to-date: /home/misaka/fishbot/install/nav_2d_msgs/include/nav_2d_msgs/nav_2d_msgs/msg/detail/twist2_d_stamped__traits.hpp
[2.856s] -- Up-to-date: /home/misaka/fishbot/install/nav_2d_msgs/include/nav_2d_msgs/nav_2d_msgs/msg/detail/pose2_d_stamped__traits.hpp
[2.857s] -- Up-to-date: /home/misaka/fishbot/install/nav_2d_msgs/include/nav_2d_msgs/nav_2d_msgs/msg/detail/twist2_d__builder.hpp
[2.857s] -- Up-to-date: /home/misaka/fishbot/install/nav_2d_msgs/include/nav_2d_msgs/nav_2d_msgs/msg/detail/twist2_d_stamped__builder.hpp
[2.857s] -- Up-to-date: /home/misaka/fishbot/install/nav_2d_msgs/include/nav_2d_msgs/nav_2d_msgs/msg/detail/path2_d__traits.hpp
[2.857s] -- Up-to-date: /home/misaka/fishbot/install/nav_2d_msgs/include/nav_2d_msgs/nav_2d_msgs/msg/detail/pose2_d32__struct.hpp
[2.857s] -- Up-to-date: /home/misaka/fishbot/install/nav_2d_msgs/include/nav_2d_msgs/nav_2d_msgs/msg/detail/pose2_d32__traits.hpp
[2.857s] -- Up-to-date: /home/misaka/fishbot/install/nav_2d_msgs/include/nav_2d_msgs/nav_2d_msgs/msg/detail/pose2_d32__builder.hpp
[2.857s] -- Up-to-date: /home/misaka/fishbot/install/nav_2d_msgs/include/nav_2d_msgs/nav_2d_msgs/msg/detail/twist2_d__traits.hpp
[2.858s] -- Up-to-date: /home/misaka/fishbot/install/nav_2d_msgs/include/nav_2d_msgs/nav_2d_msgs/msg/detail/twist2_d_stamped__struct.hpp
[2.858s] -- Up-to-date: /home/misaka/fishbot/install/nav_2d_msgs/include/nav_2d_msgs/nav_2d_msgs/msg/detail/path2_d__builder.hpp
[2.858s] -- Up-to-date: /home/misaka/fishbot/install/nav_2d_msgs/include/nav_2d_msgs/nav_2d_msgs/msg/detail/twist2_d32__builder.hpp
[2.858s] -- Up-to-date: /home/misaka/fishbot/install/nav_2d_msgs/include/nav_2d_msgs/nav_2d_msgs/msg/detail/twist2_d32__traits.hpp
[2.858s] -- Up-to-date: /home/misaka/fishbot/install/nav_2d_msgs/include/nav_2d_msgs/nav_2d_msgs/msg/detail/pose2_d_stamped__struct.hpp
[2.858s] -- Up-to-date: /home/misaka/fishbot/install/nav_2d_msgs/include/nav_2d_msgs/nav_2d_msgs/msg/detail/twist2_d__struct.hpp
[2.858s] -- Up-to-date: /home/misaka/fishbot/install/nav_2d_msgs/include/nav_2d_msgs/nav_2d_msgs/msg/path2_d.hpp
[2.859s] -- Up-to-date: /home/misaka/fishbot/install/nav_2d_msgs/include/nav_2d_msgs/nav_2d_msgs/msg/twist2_d_stamped.hpp
[2.859s] -- Up-to-date: /home/misaka/fishbot/install/nav_2d_msgs/include/nav_2d_msgs/nav_2d_msgs
[2.860s] -- Up-to-date: /home/misaka/fishbot/install/nav_2d_msgs/include/nav_2d_msgs/nav_2d_msgs/msg
[2.860s] -- Up-to-date: /home/misaka/fishbot/install/nav_2d_msgs/include/nav_2d_msgs/nav_2d_msgs/msg/detail
[2.860s] -- Up-to-date: /home/misaka/fishbot/install/nav_2d_msgs/include/nav_2d_msgs/nav_2d_msgs/msg/detail/twist2_d_stamped__rosidl_typesupport_fastrtps_cpp.hpp
[2.860s] -- Up-to-date: /home/misaka/fishbot/install/nav_2d_msgs/include/nav_2d_msgs/nav_2d_msgs/msg/detail/twist2_d32__rosidl_typesupport_fastrtps_cpp.hpp
[2.860s] -- Up-to-date: /home/misaka/fishbot/install/nav_2d_msgs/include/nav_2d_msgs/nav_2d_msgs/msg/detail/dds_fastrtps
[2.861s] -- Up-to-date: /home/misaka/fishbot/install/nav_2d_msgs/include/nav_2d_msgs/nav_2d_msgs/msg/detail/path2_d__rosidl_typesupport_fastrtps_cpp.hpp
[2.862s] -- Up-to-date: /home/misaka/fishbot/install/nav_2d_msgs/include/nav_2d_msgs/nav_2d_msgs/msg/detail/pose2_d_stamped__rosidl_typesupport_fastrtps_cpp.hpp
[2.862s] -- Up-to-date: /home/misaka/fishbot/install/nav_2d_msgs/include/nav_2d_msgs/nav_2d_msgs/msg/detail/twist2_d__rosidl_typesupport_fastrtps_cpp.hpp
[2.862s] -- Up-to-date: /home/misaka/fishbot/install/nav_2d_msgs/include/nav_2d_msgs/nav_2d_msgs/msg/detail/pose2_d32__rosidl_typesupport_fastrtps_cpp.hpp
[2.863s] -- Up-to-date: /home/misaka/fishbot/install/nav_2d_msgs/include/nav_2d_msgs/nav_2d_msgs/msg/rosidl_typesupport_fastrtps_cpp__visibility_control.h
[2.863s] -- Up-to-date: /home/misaka/fishbot/install/nav_2d_msgs/lib/libnav_2d_msgs__rosidl_typesupport_fastrtps_cpp.so
[2.863s] -- Up-to-date: /home/misaka/fishbot/install/nav_2d_msgs/include/nav_2d_msgs/nav_2d_msgs
[2.863s] -- Up-to-date: /home/misaka/fishbot/install/nav_2d_msgs/include/nav_2d_msgs/nav_2d_msgs/msg
[2.863s] -- Up-to-date: /home/misaka/fishbot/install/nav_2d_msgs/include/nav_2d_msgs/nav_2d_msgs/msg/detail
[2.863s] -- Up-to-date: /home/misaka/fishbot/install/nav_2d_msgs/include/nav_2d_msgs/nav_2d_msgs/msg/detail/pose2_d_stamped__type_support.c
[2.864s] -- Up-to-date: /home/misaka/fishbot/install/nav_2d_msgs/include/nav_2d_msgs/nav_2d_msgs/msg/detail/twist2_d__rosidl_typesupport_introspection_c.h
[2.864s] -- Up-to-date: /home/misaka/fishbot/install/nav_2d_msgs/include/nav_2d_msgs/nav_2d_msgs/msg/detail/path2_d__type_support.c
[2.864s] -- Up-to-date: /home/misaka/fishbot/install/nav_2d_msgs/include/nav_2d_msgs/nav_2d_msgs/msg/detail/pose2_d_stamped__rosidl_typesupport_introspection_c.h
[2.865s] -- Up-to-date: /home/misaka/fishbot/install/nav_2d_msgs/include/nav_2d_msgs/nav_2d_msgs/msg/detail/twist2_d_stamped__type_support.c
[2.865s] -- Up-to-date: /home/misaka/fishbot/install/nav_2d_msgs/include/nav_2d_msgs/nav_2d_msgs/msg/detail/pose2_d32__type_support.c
[2.866s] -- Up-to-date: /home/misaka/fishbot/install/nav_2d_msgs/include/nav_2d_msgs/nav_2d_msgs/msg/detail/twist2_d__type_support.c
[2.866s] -- Up-to-date: /home/misaka/fishbot/install/nav_2d_msgs/include/nav_2d_msgs/nav_2d_msgs/msg/detail/twist2_d_stamped__rosidl_typesupport_introspection_c.h
[2.866s] -- Up-to-date: /home/misaka/fishbot/install/nav_2d_msgs/include/nav_2d_msgs/nav_2d_msgs/msg/detail/twist2_d32__type_support.c
[2.866s] -- Up-to-date: /home/misaka/fishbot/install/nav_2d_msgs/include/nav_2d_msgs/nav_2d_msgs/msg/detail/twist2_d32__rosidl_typesupport_introspection_c.h
[2.868s] -- Up-to-date: /home/misaka/fishbot/install/nav_2d_msgs/include/nav_2d_msgs/nav_2d_msgs/msg/detail/path2_d__rosidl_typesupport_introspection_c.h
[2.868s] -- Up-to-date: /home/misaka/fishbot/install/nav_2d_msgs/include/nav_2d_msgs/nav_2d_msgs/msg/detail/pose2_d32__rosidl_typesupport_introspection_c.h
[2.868s] -- Up-to-date: /home/misaka/fishbot/install/nav_2d_msgs/include/nav_2d_msgs/nav_2d_msgs/msg/rosidl_typesupport_introspection_c__visibility_control.h
[2.868s] -- Up-to-date: /home/misaka/fishbot/install/nav_2d_msgs/lib/libnav_2d_msgs__rosidl_typesupport_introspection_c.so
[2.869s] -- Up-to-date: /home/misaka/fishbot/install/nav_2d_msgs/lib/libnav_2d_msgs__rosidl_typesupport_c.so
[2.870s] -- Up-to-date: /home/misaka/fishbot/install/nav_2d_msgs/include/nav_2d_msgs/nav_2d_msgs
[2.870s] -- Up-to-date: /home/misaka/fishbot/install/nav_2d_msgs/include/nav_2d_msgs/nav_2d_msgs/msg
[2.871s] -- Up-to-date: /home/misaka/fishbot/install/nav_2d_msgs/include/nav_2d_msgs/nav_2d_msgs/msg/detail
[2.871s] -- Up-to-date: /home/misaka/fishbot/install/nav_2d_msgs/include/nav_2d_msgs/nav_2d_msgs/msg/detail/path2_d__rosidl_typesupport_introspection_cpp.hpp
[2.871s] -- Up-to-date: /home/misaka/fishbot/install/nav_2d_msgs/include/nav_2d_msgs/nav_2d_msgs/msg/detail/twist2_d__type_support.cpp
[2.871s] -- Up-to-date: /home/misaka/fishbot/install/nav_2d_msgs/include/nav_2d_msgs/nav_2d_msgs/msg/detail/twist2_d_stamped__type_support.cpp
[2.871s] -- Up-to-date: /home/misaka/fishbot/install/nav_2d_msgs/include/nav_2d_msgs/nav_2d_msgs/msg/detail/twist2_d_stamped__rosidl_typesupport_introspection_cpp.hpp
[2.872s] -- Up-to-date: /home/misaka/fishbot/install/nav_2d_msgs/include/nav_2d_msgs/nav_2d_msgs/msg/detail/pose2_d32__rosidl_typesupport_introspection_cpp.hpp
[2.872s] -- Up-to-date: /home/misaka/fishbot/install/nav_2d_msgs/include/nav_2d_msgs/nav_2d_msgs/msg/detail/pose2_d_stamped__type_support.cpp
[2.873s] -- Up-to-date: /home/misaka/fishbot/install/nav_2d_msgs/include/nav_2d_msgs/nav_2d_msgs/msg/detail/pose2_d_stamped__rosidl_typesupport_introspection_cpp.hpp
[2.873s] -- Up-to-date: /home/misaka/fishbot/install/nav_2d_msgs/include/nav_2d_msgs/nav_2d_msgs/msg/detail/twist2_d32__type_support.cpp
[2.873s] -- Up-to-date: /home/misaka/fishbot/install/nav_2d_msgs/include/nav_2d_msgs/nav_2d_msgs/msg/detail/twist2_d__rosidl_typesupport_introspection_cpp.hpp
[2.873s] -- Up-to-date: /home/misaka/fishbot/install/nav_2d_msgs/include/nav_2d_msgs/nav_2d_msgs/msg/detail/path2_d__type_support.cpp
[2.874s] -- Up-to-date: /home/misaka/fishbot/install/nav_2d_msgs/include/nav_2d_msgs/nav_2d_msgs/msg/detail/pose2_d32__type_support.cpp
[2.874s] -- Up-to-date: /home/misaka/fishbot/install/nav_2d_msgs/include/nav_2d_msgs/nav_2d_msgs/msg/detail/twist2_d32__rosidl_typesupport_introspection_cpp.hpp
[2.885s] -- Up-to-date: /home/misaka/fishbot/install/nav_2d_msgs/lib/libnav_2d_msgs__rosidl_typesupport_introspection_cpp.so
[2.889s] -- Up-to-date: /home/misaka/fishbot/install/nav_2d_msgs/lib/libnav_2d_msgs__rosidl_typesupport_cpp.so
[2.890s] -- Up-to-date: /home/misaka/fishbot/install/nav_2d_msgs/share/nav_2d_msgs/environment/pythonpath.sh
[2.892s] -- Up-to-date: /home/misaka/fishbot/install/nav_2d_msgs/share/nav_2d_msgs/environment/pythonpath.dsv
[2.892s] -- Up-to-date: /home/misaka/fishbot/install/nav_2d_msgs/local/lib/python3.10/dist-packages/nav_2d_msgs-1.1.0-py3.10.egg-info
[2.893s] -- Installing: /home/misaka/fishbot/install/nav_2d_msgs/local/lib/python3.10/dist-packages/nav_2d_msgs-1.1.0-py3.10.egg-info/PKG-INFO
[2.893s] -- Installing: /home/misaka/fishbot/install/nav_2d_msgs/local/lib/python3.10/dist-packages/nav_2d_msgs-1.1.0-py3.10.egg-info/dependency_links.txt
[2.893s] -- Installing: /home/misaka/fishbot/install/nav_2d_msgs/local/lib/python3.10/dist-packages/nav_2d_msgs-1.1.0-py3.10.egg-info/SOURCES.txt
[2.894s] -- Installing: /home/misaka/fishbot/install/nav_2d_msgs/local/lib/python3.10/dist-packages/nav_2d_msgs-1.1.0-py3.10.egg-info/top_level.txt
[2.894s] -- Up-to-date: /home/misaka/fishbot/install/nav_2d_msgs/local/lib/python3.10/dist-packages/nav_2d_msgs
[2.895s] -- Up-to-date: /home/misaka/fishbot/install/nav_2d_msgs/local/lib/python3.10/dist-packages/nav_2d_msgs/_nav_2d_msgs_s.ep.rosidl_typesupport_c.c
[2.895s] -- Up-to-date: /home/misaka/fishbot/install/nav_2d_msgs/local/lib/python3.10/dist-packages/nav_2d_msgs/nav_2d_msgs_s__rosidl_typesupport_c.cpython-310-x86_64-linux-gnu.so
[2.895s] -- Up-to-date: /home/misaka/fishbot/install/nav_2d_msgs/local/lib/python3.10/dist-packages/nav_2d_msgs/nav_2d_msgs_s__rosidl_typesupport_fastrtps_c.cpython-310-x86_64-linux-gnu.so
[2.895s] -- Up-to-date: /home/misaka/fishbot/install/nav_2d_msgs/local/lib/python3.10/dist-packages/nav_2d_msgs/_nav_2d_msgs_s.ep.rosidl_typesupport_introspection_c.c
[2.895s] -- Up-to-date: /home/misaka/fishbot/install/nav_2d_msgs/local/lib/python3.10/dist-packages/nav_2d_msgs/_nav_2d_msgs_s.ep.rosidl_typesupport_fastrtps_c.c
[2.895s] -- Up-to-date: /home/misaka/fishbot/install/nav_2d_msgs/local/lib/python3.10/dist-packages/nav_2d_msgs/__init__.py
[2.896s] -- Up-to-date: /home/misaka/fishbot/install/nav_2d_msgs/local/lib/python3.10/dist-packages/nav_2d_msgs/libnav_2d_msgs__rosidl_generator_py.so
[2.896s] -- Up-to-date: /home/misaka/fishbot/install/nav_2d_msgs/local/lib/python3.10/dist-packages/nav_2d_msgs/msg
[2.896s] -- Up-to-date: /home/misaka/fishbot/install/nav_2d_msgs/local/lib/python3.10/dist-packages/nav_2d_msgs/msg/_path2_d.py
[2.896s] -- Up-to-date: /home/misaka/fishbot/install/nav_2d_msgs/local/lib/python3.10/dist-packages/nav_2d_msgs/msg/_twist2_d32.py
[2.896s] -- Up-to-date: /home/misaka/fishbot/install/nav_2d_msgs/local/lib/python3.10/dist-packages/nav_2d_msgs/msg/_path2_d_s.c
[2.896s] -- Up-to-date: /home/misaka/fishbot/install/nav_2d_msgs/local/lib/python3.10/dist-packages/nav_2d_msgs/msg/_pose2_d_stamped.py
[2.896s] -- Up-to-date: /home/misaka/fishbot/install/nav_2d_msgs/local/lib/python3.10/dist-packages/nav_2d_msgs/msg/_twist2_d32_s.c
[2.897s] -- Up-to-date: /home/misaka/fishbot/install/nav_2d_msgs/local/lib/python3.10/dist-packages/nav_2d_msgs/msg/_pose2_d32_s.c
[2.897s] -- Up-to-date: /home/misaka/fishbot/install/nav_2d_msgs/local/lib/python3.10/dist-packages/nav_2d_msgs/msg/_twist2_d_stamped_s.c
[2.897s] -- Up-to-date: /home/misaka/fishbot/install/nav_2d_msgs/local/lib/python3.10/dist-packages/nav_2d_msgs/msg/_pose2_d32.py
[2.897s] -- Up-to-date: /home/misaka/fishbot/install/nav_2d_msgs/local/lib/python3.10/dist-packages/nav_2d_msgs/msg/_twist2_d_s.c
[2.897s] -- Up-to-date: /home/misaka/fishbot/install/nav_2d_msgs/local/lib/python3.10/dist-packages/nav_2d_msgs/msg/__init__.py
[2.897s] -- Up-to-date: /home/misaka/fishbot/install/nav_2d_msgs/local/lib/python3.10/dist-packages/nav_2d_msgs/msg/_pose2_d_stamped_s.c
[2.898s] -- Up-to-date: /home/misaka/fishbot/install/nav_2d_msgs/local/lib/python3.10/dist-packages/nav_2d_msgs/msg/_twist2_d_stamped.py
[2.898s] -- Up-to-date: /home/misaka/fishbot/install/nav_2d_msgs/local/lib/python3.10/dist-packages/nav_2d_msgs/msg/_twist2_d.py
[2.898s] -- Up-to-date: /home/misaka/fishbot/install/nav_2d_msgs/local/lib/python3.10/dist-packages/nav_2d_msgs/nav_2d_msgs_s__rosidl_typesupport_introspection_c.cpython-310-x86_64-linux-gnu.so
[3.009s] Listing '/home/misaka/fishbot/install/nav_2d_msgs/local/lib/python3.10/dist-packages/nav_2d_msgs'...
[3.010s] Listing '/home/misaka/fishbot/install/nav_2d_msgs/local/lib/python3.10/dist-packages/nav_2d_msgs/msg'...
[3.024s] -- Up-to-date: /home/misaka/fishbot/install/nav_2d_msgs/local/lib/python3.10/dist-packages/nav_2d_msgs/nav_2d_msgs_s__rosidl_typesupport_fastrtps_c.cpython-310-x86_64-linux-gnu.so
[3.028s] -- Up-to-date: /home/misaka/fishbot/install/nav_2d_msgs/local/lib/python3.10/dist-packages/nav_2d_msgs/nav_2d_msgs_s__rosidl_typesupport_introspection_c.cpython-310-x86_64-linux-gnu.so
[3.031s] -- Up-to-date: /home/misaka/fishbot/install/nav_2d_msgs/local/lib/python3.10/dist-packages/nav_2d_msgs/nav_2d_msgs_s__rosidl_typesupport_c.cpython-310-x86_64-linux-gnu.so
[3.036s] -- Up-to-date: /home/misaka/fishbot/install/nav_2d_msgs/lib/libnav_2d_msgs__rosidl_generator_py.so
[3.036s] -- Up-to-date: /home/misaka/fishbot/install/nav_2d_msgs/share/nav_2d_msgs/msg/Path2D.idl
[3.038s] -- Up-to-date: /home/misaka/fishbot/install/nav_2d_msgs/share/nav_2d_msgs/msg/Pose2D32.idl
[3.038s] -- Up-to-date: /home/misaka/fishbot/install/nav_2d_msgs/share/nav_2d_msgs/msg/Pose2DStamped.idl
[3.039s] -- Up-to-date: /home/misaka/fishbot/install/nav_2d_msgs/share/nav_2d_msgs/msg/Twist2D.idl
[3.039s] -- Up-to-date: /home/misaka/fishbot/install/nav_2d_msgs/share/nav_2d_msgs/msg/Twist2D32.idl
[3.039s] -- Up-to-date: /home/misaka/fishbot/install/nav_2d_msgs/share/nav_2d_msgs/msg/Twist2DStamped.idl
[3.039s] -- Up-to-date: /home/misaka/fishbot/install/nav_2d_msgs/share/nav_2d_msgs/msg/Path2D.msg
[3.039s] -- Up-to-date: /home/misaka/fishbot/install/nav_2d_msgs/share/nav_2d_msgs/msg/Pose2D32.msg
[3.041s] -- Up-to-date: /home/misaka/fishbot/install/nav_2d_msgs/share/nav_2d_msgs/msg/Pose2DStamped.msg
[3.041s] -- Up-to-date: /home/misaka/fishbot/install/nav_2d_msgs/share/nav_2d_msgs/msg/Twist2D.msg
[3.041s] -- Up-to-date: /home/misaka/fishbot/install/nav_2d_msgs/share/nav_2d_msgs/msg/Twist2D32.msg
[3.041s] -- Up-to-date: /home/misaka/fishbot/install/nav_2d_msgs/share/nav_2d_msgs/msg/Twist2DStamped.msg
[3.042s] -- Up-to-date: /home/misaka/fishbot/install/nav_2d_msgs/share/ament_index/resource_index/package_run_dependencies/nav_2d_msgs
[3.042s] -- Up-to-date: /home/misaka/fishbot/install/nav_2d_msgs/share/ament_index/resource_index/parent_prefix_path/nav_2d_msgs
[3.042s] -- Up-to-date: /home/misaka/fishbot/install/nav_2d_msgs/share/nav_2d_msgs/environment/ament_prefix_path.sh
[3.042s] -- Up-to-date: /home/misaka/fishbot/install/nav_2d_msgs/share/nav_2d_msgs/environment/ament_prefix_path.dsv
[3.043s] -- Up-to-date: /home/misaka/fishbot/install/nav_2d_msgs/share/nav_2d_msgs/environment/path.sh
[3.043s] -- Up-to-date: /home/misaka/fishbot/install/nav_2d_msgs/share/nav_2d_msgs/environment/path.dsv
[3.043s] -- Up-to-date: /home/misaka/fishbot/install/nav_2d_msgs/share/nav_2d_msgs/local_setup.bash
[3.043s] -- Up-to-date: /home/misaka/fishbot/install/nav_2d_msgs/share/nav_2d_msgs/local_setup.sh
[3.044s] -- Up-to-date: /home/misaka/fishbot/install/nav_2d_msgs/share/nav_2d_msgs/local_setup.zsh
[3.044s] -- Up-to-date: /home/misaka/fishbot/install/nav_2d_msgs/share/nav_2d_msgs/local_setup.dsv
[3.044s] -- Installing: /home/misaka/fishbot/install/nav_2d_msgs/share/nav_2d_msgs/package.dsv
[3.045s] -- Up-to-date: /home/misaka/fishbot/install/nav_2d_msgs/share/ament_index/resource_index/packages/nav_2d_msgs
[3.047s] -- Up-to-date: /home/misaka/fishbot/install/nav_2d_msgs/share/nav_2d_msgs/cmake/export_nav_2d_msgs__rosidl_generator_cExport.cmake
[3.047s] -- Up-to-date: /home/misaka/fishbot/install/nav_2d_msgs/share/nav_2d_msgs/cmake/export_nav_2d_msgs__rosidl_generator_cExport-noconfig.cmake
[3.048s] -- Up-to-date: /home/misaka/fishbot/install/nav_2d_msgs/share/nav_2d_msgs/cmake/export_nav_2d_msgs__rosidl_typesupport_fastrtps_cExport.cmake
[3.048s] -- Up-to-date: /home/misaka/fishbot/install/nav_2d_msgs/share/nav_2d_msgs/cmake/export_nav_2d_msgs__rosidl_typesupport_fastrtps_cExport-noconfig.cmake
[3.050s] -- Up-to-date: /home/misaka/fishbot/install/nav_2d_msgs/share/nav_2d_msgs/cmake/export_nav_2d_msgs__rosidl_generator_cppExport.cmake
[3.052s] -- Up-to-date: /home/misaka/fishbot/install/nav_2d_msgs/share/nav_2d_msgs/cmake/export_nav_2d_msgs__rosidl_typesupport_fastrtps_cppExport.cmake
[3.053s] -- Up-to-date: /home/misaka/fishbot/install/nav_2d_msgs/share/nav_2d_msgs/cmake/export_nav_2d_msgs__rosidl_typesupport_fastrtps_cppExport-noconfig.cmake
[3.054s] -- Up-to-date: /home/misaka/fishbot/install/nav_2d_msgs/share/nav_2d_msgs/cmake/nav_2d_msgs__rosidl_typesupport_introspection_cExport.cmake
[3.055s] -- Up-to-date: /home/misaka/fishbot/install/nav_2d_msgs/share/nav_2d_msgs/cmake/nav_2d_msgs__rosidl_typesupport_introspection_cExport-noconfig.cmake
[3.057s] -- Up-to-date: /home/misaka/fishbot/install/nav_2d_msgs/share/nav_2d_msgs/cmake/nav_2d_msgs__rosidl_typesupport_cExport.cmake
[3.059s] -- Up-to-date: /home/misaka/fishbot/install/nav_2d_msgs/share/nav_2d_msgs/cmake/nav_2d_msgs__rosidl_typesupport_cExport-noconfig.cmake
[3.059s] -- Up-to-date: /home/misaka/fishbot/install/nav_2d_msgs/share/nav_2d_msgs/cmake/nav_2d_msgs__rosidl_typesupport_introspection_cppExport.cmake
[3.059s] -- Up-to-date: /home/misaka/fishbot/install/nav_2d_msgs/share/nav_2d_msgs/cmake/nav_2d_msgs__rosidl_typesupport_introspection_cppExport-noconfig.cmake
[3.061s] -- Up-to-date: /home/misaka/fishbot/install/nav_2d_msgs/share/nav_2d_msgs/cmake/nav_2d_msgs__rosidl_typesupport_cppExport.cmake
[3.061s] -- Up-to-date: /home/misaka/fishbot/install/nav_2d_msgs/share/nav_2d_msgs/cmake/nav_2d_msgs__rosidl_typesupport_cppExport-noconfig.cmake
[3.063s] -- Up-to-date: /home/misaka/fishbot/install/nav_2d_msgs/share/nav_2d_msgs/cmake/export_nav_2d_msgs__rosidl_generator_pyExport.cmake
[3.064s] -- Up-to-date: /home/misaka/fishbot/install/nav_2d_msgs/share/nav_2d_msgs/cmake/export_nav_2d_msgs__rosidl_generator_pyExport-noconfig.cmake
[3.064s] -- Up-to-date: /home/misaka/fishbot/install/nav_2d_msgs/share/nav_2d_msgs/cmake/rosidl_cmake-extras.cmake
[3.064s] -- Up-to-date: /home/misaka/fishbot/install/nav_2d_msgs/share/nav_2d_msgs/cmake/ament_cmake_export_dependencies-extras.cmake
[3.065s] -- Up-to-date: /home/misaka/fishbot/install/nav_2d_msgs/share/nav_2d_msgs/cmake/ament_cmake_export_include_directories-extras.cmake
[3.065s] -- Up-to-date: /home/misaka/fishbot/install/nav_2d_msgs/share/nav_2d_msgs/cmake/ament_cmake_export_libraries-extras.cmake
[3.065s] -- Up-to-date: /home/misaka/fishbot/install/nav_2d_msgs/share/nav_2d_msgs/cmake/ament_cmake_export_targets-extras.cmake
[3.065s] -- Up-to-date: /home/misaka/fishbot/install/nav_2d_msgs/share/nav_2d_msgs/cmake/rosidl_cmake_export_typesupport_targets-extras.cmake
[3.065s] -- Up-to-date: /home/misaka/fishbot/install/nav_2d_msgs/share/nav_2d_msgs/cmake/rosidl_cmake_export_typesupport_libraries-extras.cmake
[3.065s] -- Up-to-date: /home/misaka/fishbot/install/nav_2d_msgs/share/nav_2d_msgs/cmake/nav_2d_msgsConfig.cmake
[3.066s] -- Up-to-date: /home/misaka/fishbot/install/nav_2d_msgs/share/nav_2d_msgs/cmake/nav_2d_msgsConfig-version.cmake
[3.066s] -- Up-to-date: /home/misaka/fishbot/install/nav_2d_msgs/share/nav_2d_msgs/package.xml
[3.075s] Invoked command in '/home/misaka/fishbot/build/nav_2d_msgs' returned '0': CMAKE_PREFIX_PATH=/opt/ros/humble /usr/bin/cmake --install /home/misaka/fishbot/build/nav_2d_msgs
