[0.101s] Invoking command in '/home/misaka/fishbot/build/cartographer': CMAKE_PREFIX_PATH=/opt/ros/humble /usr/bin/cmake --build /home/misaka/fishbot/build/cartographer -- -j16 -l16
[0.477s] [  0%] [34m[1mBuilding documentation.[0m
[0.552s] [  0%] Built target cartographer_detect_changes
[0.597s] [  1%] Built target gtest
[0.750s] [  2%] Built target gmock
[0.889s] [  2%] Built target gmock_main
[1.553s] [ 55%] Built target cartographer
[1.693s] [ 55%] Built target cartographer_print_configuration
[1.697s] [ 55%] Built target cartographer_compute_relations_metrics
[1.701s] [ 57%] Built target cartographer_autogenerate_ground_truth
[1.702s] [ 57%] Built target cartographer_pbstream
[1.795s] [ 58%] Built target cartographer_test_library
[1.964s] [ 58%] Built target cartographer.common.task_test
[1.980s] [ 59%] Built target cartographer.common.fixed_ratio_sampler_test
[1.980s] [ 59%] Built target cartographer.common.lua_parameter_dictionary_test
[1.989s] [ 60%] Built target cartographer.common.math_test
[2.008s] [ 61%] Built target cartographer.common.internal.rate_timer_test
[2.026s] [ 61%] Built target cartographer.common.internal.blocking_queue_test
[2.026s] [ 61%] Built target cartographer.common.configuration_files_test
[2.027s] [ 62%] Built target cartographer.io.internal.in_memory_proto_stream_test
[2.035s] [ 63%] Built target cartographer.io.serialization_format_migration_test
[2.035s] [ 63%] Built target cartographer.io.fake_file_writer_test
[2.046s] [ 64%] Built target cartographer.io.points_processor_pipeline_builder_test
[2.056s] [ 65%] Built target cartographer.common.thread_pool_test
[2.058s] [ 65%] Built target cartographer.io.probability_grid_points_processor_test
[2.064s] [ 66%] Built target cartographer.io.proto_stream_deserializer_test
[2.072s] [ 66%] Built target cartographer.io.proto_stream_test
[2.151s] [ 67%] Built target cartographer.mapping.2d.probability_grid_test
[2.164s] [ 67%] Built target cartographer.mapping.2d.range_data_inserter_2d_test
[2.182s] [ 68%] Built target cartographer.mapping.2d.submap_2d_test
[2.211s] [ 68%] Built target cartographer.mapping.id_test
[2.212s] [ 68%] Built target cartographer.mapping.2d.map_limits_test
[2.213s] [ 68%] Built target cartographer.mapping.2d.xy_index_test
[2.218s] [ 69%] Built target cartographer.mapping.imu_tracker_test
[2.223s] [ 70%] Built target cartographer.mapping.3d.hybrid_grid_test
[2.244s] [ 70%] Built target cartographer.mapping.3d.range_data_inserter_3d_test
[2.245s] [ 70%] Built target cartographer.mapping.internal.2d.normal_estimation_2d_test
[2.254s] [ 71%] Built target cartographer.mapping.3d.submap_3d_test
[2.284s] [ 72%] Built target cartographer.mapping.internal.2d.ray_to_pixel_mask_test
[2.294s] [ 72%] Built target cartographer.mapping.internal.2d.pose_graph_2d_test
[2.305s] [ 73%] Built target cartographer.mapping.internal.2d.overlapping_submaps_trimmer_2d_test
[2.313s] [ 73%] Built target cartographer.mapping.internal.2d.scan_matching.ceres_scan_matcher_2d_test
[2.354s] [ 74%] Built target cartographer.mapping.internal.2d.scan_matching.correlative_scan_matcher_test
[2.356s] [ 74%] Built target cartographer.mapping.internal.2d.scan_matching.fast_correlative_scan_matcher_2d_test
[2.400s] [ 75%] Built target cartographer.mapping.internal.2d.scan_matching.interpolated_tsdf_2d_test
[2.425s] [ 76%] Built target cartographer.mapping.internal.2d.scan_matching.real_time_correlative_scan_matcher_2d_test
[2.432s] [ 76%] Built target cartographer.mapping.internal.2d.scan_matching.occupied_space_cost_function_2d_test
[2.445s] [ 78%] Built target cartographer.mapping.internal.2d.tsdf_range_data_inserter_2d_test
[2.445s] [ 78%] Built target cartographer.mapping.internal.2d.tsd_value_converter_test
[2.456s] [ 78%] Built target cartographer.mapping.internal.2d.scan_matching.tsdf_match_cost_function_2d_test
[2.460s] [ 78%] Built target cartographer.mapping.internal.2d.tsdf_2d_test
[2.470s] [ 79%] Built target cartographer.mapping.internal.3d.pose_graph_3d_test
[2.480s] [ 80%] Built target cartographer.mapping.internal.3d.scan_matching.intensity_cost_function_3d_test
[2.483s] [ 80%] Built target cartographer.mapping.internal.3d.local_trajectory_builder_3d_test
[2.485s] [ 81%] Built target cartographer.mapping.internal.3d.scan_matching.ceres_scan_matcher_3d_test
[2.524s] [ 81%] Built target cartographer.mapping.internal.3d.scan_matching.interpolated_grid_test
[2.533s] [ 81%] Built target cartographer.mapping.internal.3d.scan_matching.fast_correlative_scan_matcher_3d_test
[2.548s] [ 82%] Built target cartographer.mapping.internal.3d.scan_matching.precomputation_grid_3d_test
[2.571s] [ 82%] Built target cartographer.mapping.internal.3d.scan_matching.real_time_correlative_scan_matcher_3d_test
[2.660s] [ 83%] Built target cartographer.mapping.internal.3d.scan_matching.rotation_delta_cost_functor_3d_test
[2.662s] [ 83%] Built target cartographer.mapping.internal.constraints.constraint_builder_2d_test
[2.663s] [ 84%] Built target cartographer.mapping.internal.optimization.cost_functions.landmark_cost_function_2d_test
[2.668s] [ 84%] Built target cartographer.mapping.internal.3d.scan_matching.rotational_scan_matcher_test
[2.670s] [ 84%] Built target cartographer.mapping.internal.motion_filter_test
[2.675s] [ 85%] Built target cartographer.mapping.internal.constraints.constraint_builder_3d_test
[2.688s] [ 86%] Built target cartographer.mapping.internal.connected_components_test
[2.691s] [ 87%] Built target cartographer.mapping.internal.optimization.cost_functions.spa_cost_function_2d_test
[2.694s] [ 87%] Built target cartographer.mapping.internal.optimization.cost_functions.landmark_cost_function_3d_test
[2.694s] [ 88%] Built target cartographer.mapping.internal.range_data_collator_test
[2.713s] [ 88%] Built target cartographer.mapping.internal.optimization.optimization_problem_3d_test
[2.746s] [ 88%] Built target cartographer.mapping.internal.trajectory_connectivity_state_test
[2.750s] [ 89%] Built target cartographer.mapping.map_builder_test
[2.762s] [ 89%] Built target cartographer.mapping.pose_extrapolator_test
[2.771s] [ 90%] Built target cartographer.mapping.pose_graph_test
[2.878s] [ 90%] Built target cartographer.mapping.pose_graph_trimmer_test
[2.878s] [ 90%] Built target cartographer.mapping.value_conversion_tables_test
[2.879s] [ 91%] Built target cartographer.mapping.trajectory_node_test
[2.896s] [ 92%] Built target cartographer.mapping.probability_values_test
[2.938s] [ 93%] Built target cartographer.sensor.internal.ordered_multi_queue_test
[2.946s] [ 94%] Built target cartographer.sensor.compressed_point_cloud_test
[2.955s] [ 94%] Built target cartographer.mapping.submaps_test
[2.955s] [ 95%] Built target cartographer.sensor.map_by_time_test
[2.956s] [ 96%] Built target cartographer.sensor.internal.voxel_filter_test
[2.972s] [ 96%] Built target cartographer.sensor.internal.collator_test
[2.981s] [ 97%] Built target cartographer.sensor.point_cloud_test
[2.982s] [ 97%] Built target cartographer.sensor.landmark_data_test
[2.988s] [ 97%] Built target cartographer.sensor.internal.trajectory_collator_test
[2.997s] [ 97%] Built target cartographer.sensor.range_data_test
[3.009s] [ 98%] Built target cartographer.transform.rigid_transform_test
[3.033s] [01mRunning Sphinx v4.3.2[39;49;00m
[3.069s] [ 98%] Built target cartographer.transform.timestamped_transform_test
[3.074s] [ 98%] Built target cartographer.transform.transform_test
[3.078s] [100%] Built target cartographer.transform.transform_interpolation_buffer_test
[3.953s] [01mloading pickled environment... [39;49;00mdone
[3.982s] [01mbuilding [mo]: [39;49;00mtargets for 0 po files that are out of date
[3.997s] [01mbuilding [html]: [39;49;00mtargets for 0 source files that are out of date
[4.001s] [01mupdating environment: [39;49;00m0 added, 0 changed, 0 removed
[4.004s] [01mlooking for now-outdated files... [39;49;00mnone found
[4.004s] [01mno targets are out of date.[39;49;00m
[4.004s] [01mbuild succeeded.[39;49;00m
[4.004s] 
[4.005s] The HTML pages are in html.
[4.361s] [100%] Built target build_doc
[4.420s] Invoked command in '/home/misaka/fishbot/build/cartographer' returned '0': CMAKE_PREFIX_PATH=/opt/ros/humble /usr/bin/cmake --build /home/misaka/fishbot/build/cartographer -- -j16 -l16
[11.480s] Invoking command in '/home/misaka/fishbot/build/cartographer': CMAKE_PREFIX_PATH=/opt/ros/humble /usr/bin/cmake --install /home/misaka/fishbot/build/cartographer
[11.545s] -- Install configuration: "Release"
[11.554s] -- Up-to-date: /home/misaka/fishbot/install/cartographer/share/cartographer/package.xml
[11.555s] -- Up-to-date: /home/misaka/fishbot/install/cartographer/share/cartographer//configuration_files
[11.555s] -- Up-to-date: /home/misaka/fishbot/install/cartographer/share/cartographer//configuration_files/map_builder_server.lua
[11.555s] -- Up-to-date: /home/misaka/fishbot/install/cartographer/share/cartographer//configuration_files/trajectory_builder.lua
[11.556s] -- Up-to-date: /home/misaka/fishbot/install/cartographer/share/cartographer//configuration_files/trajectory_builder_2d.lua
[11.557s] -- Up-to-date: /home/misaka/fishbot/install/cartographer/share/cartographer//configuration_files/pose_graph.lua
[11.557s] -- Up-to-date: /home/misaka/fishbot/install/cartographer/share/cartographer//configuration_files/map_builder.lua
[11.557s] -- Up-to-date: /home/misaka/fishbot/install/cartographer/share/cartographer//configuration_files/trajectory_builder_3d.lua
[11.558s] -- Up-to-date: /home/misaka/fishbot/install/cartographer/share/cartographer//cmake
[11.558s] -- Up-to-date: /home/misaka/fishbot/install/cartographer/share/cartographer//cmake/modules
[11.561s] -- Up-to-date: /home/misaka/fishbot/install/cartographer/share/cartographer//cmake/modules/FindGMock.cmake
[11.563s] -- Up-to-date: /home/misaka/fishbot/install/cartographer/share/cartographer//cmake/modules/FindEigen3.cmake
[11.564s] -- Up-to-date: /home/misaka/fishbot/install/cartographer/share/cartographer//cmake/modules/FindLuaGoogle.cmake
[11.565s] -- Up-to-date: /home/misaka/fishbot/install/cartographer/share/cartographer//cmake/modules/FindSphinx.cmake
[11.566s] -- Up-to-date: /home/misaka/fishbot/install/cartographer/share/cartographer//cmake/functions.cmake
[11.582s] -- Up-to-date: /home/misaka/fishbot/install/cartographer/bin/cartographer_autogenerate_ground_truth
[11.586s] -- Up-to-date: /home/misaka/fishbot/install/cartographer/bin/cartographer_compute_relations_metrics
[11.590s] -- Up-to-date: /home/misaka/fishbot/install/cartographer/bin/cartographer_pbstream
[11.596s] -- Up-to-date: /home/misaka/fishbot/install/cartographer/bin/cartographer_print_configuration
[11.598s] -- Up-to-date: /home/misaka/fishbot/install/cartographer/lib/libcartographer.a
[11.599s] -- Up-to-date: /home/misaka/fishbot/install/cartographer/include/cartographer/common/configuration_file_resolver.h
[11.600s] -- Up-to-date: /home/misaka/fishbot/install/cartographer/include/cartographer/common/fixed_ratio_sampler.h
[11.601s] -- Up-to-date: /home/misaka/fishbot/install/cartographer/include/cartographer/common/histogram.h
[11.601s] -- Up-to-date: /home/misaka/fishbot/install/cartographer/include/cartographer/common/lua.h
[11.602s] -- Up-to-date: /home/misaka/fishbot/install/cartographer/include/cartographer/common/lua_parameter_dictionary.h
[11.603s] -- Up-to-date: /home/misaka/fishbot/install/cartographer/include/cartographer/common/math.h
[11.604s] -- Up-to-date: /home/misaka/fishbot/install/cartographer/include/cartographer/common/port.h
[11.607s] -- Up-to-date: /home/misaka/fishbot/install/cartographer/include/cartographer/common/task.h
[11.607s] -- Up-to-date: /home/misaka/fishbot/install/cartographer/include/cartographer/common/thread_pool.h
[11.608s] -- Up-to-date: /home/misaka/fishbot/install/cartographer/include/cartographer/common/time.h
[11.609s] -- Up-to-date: /home/misaka/fishbot/install/cartographer/include/cartographer/ground_truth/autogenerate_ground_truth.h
[11.610s] -- Up-to-date: /home/misaka/fishbot/install/cartographer/include/cartographer/ground_truth/relations_text_file.h
[11.610s] -- Up-to-date: /home/misaka/fishbot/install/cartographer/include/cartographer/io/color.h
[11.611s] -- Up-to-date: /home/misaka/fishbot/install/cartographer/include/cartographer/io/coloring_points_processor.h
[11.611s] -- Up-to-date: /home/misaka/fishbot/install/cartographer/include/cartographer/io/counting_points_processor.h
[11.613s] -- Up-to-date: /home/misaka/fishbot/install/cartographer/include/cartographer/io/draw_trajectories.h
[11.615s] -- Up-to-date: /home/misaka/fishbot/install/cartographer/include/cartographer/io/file_writer.h
[11.617s] -- Up-to-date: /home/misaka/fishbot/install/cartographer/include/cartographer/io/fixed_ratio_sampling_points_processor.h
[11.618s] -- Up-to-date: /home/misaka/fishbot/install/cartographer/include/cartographer/io/frame_id_filtering_points_processor.h
[11.619s] -- Up-to-date: /home/misaka/fishbot/install/cartographer/include/cartographer/io/hybrid_grid_points_processor.h
[11.619s] -- Up-to-date: /home/misaka/fishbot/install/cartographer/include/cartographer/io/image.h
[11.621s] -- Up-to-date: /home/misaka/fishbot/install/cartographer/include/cartographer/io/intensity_to_color_points_processor.h
[11.623s] -- Up-to-date: /home/misaka/fishbot/install/cartographer/include/cartographer/io/min_max_range_filtering_points_processor.h
[11.624s] -- Up-to-date: /home/misaka/fishbot/install/cartographer/include/cartographer/io/null_points_processor.h
[11.625s] -- Up-to-date: /home/misaka/fishbot/install/cartographer/include/cartographer/io/outlier_removing_points_processor.h
[11.626s] -- Up-to-date: /home/misaka/fishbot/install/cartographer/include/cartographer/io/pcd_writing_points_processor.h
[11.627s] -- Up-to-date: /home/misaka/fishbot/install/cartographer/include/cartographer/io/ply_writing_points_processor.h
[11.629s] -- Up-to-date: /home/misaka/fishbot/install/cartographer/include/cartographer/io/points_batch.h
[11.630s] -- Up-to-date: /home/misaka/fishbot/install/cartographer/include/cartographer/io/points_processor.h
[11.630s] -- Up-to-date: /home/misaka/fishbot/install/cartographer/include/cartographer/io/points_processor_pipeline_builder.h
[11.632s] -- Up-to-date: /home/misaka/fishbot/install/cartographer/include/cartographer/io/probability_grid_points_processor.h
[11.635s] -- Up-to-date: /home/misaka/fishbot/install/cartographer/include/cartographer/io/proto_stream.h
[11.636s] -- Up-to-date: /home/misaka/fishbot/install/cartographer/include/cartographer/io/proto_stream_deserializer.h
[11.639s] -- Up-to-date: /home/misaka/fishbot/install/cartographer/include/cartographer/io/proto_stream_interface.h
[11.639s] -- Up-to-date: /home/misaka/fishbot/install/cartographer/include/cartographer/io/serialization_format_migration.h
[11.643s] -- Up-to-date: /home/misaka/fishbot/install/cartographer/include/cartographer/io/submap_painter.h
[11.646s] -- Up-to-date: /home/misaka/fishbot/install/cartographer/include/cartographer/io/vertical_range_filtering_points_processor.h
[11.646s] -- Up-to-date: /home/misaka/fishbot/install/cartographer/include/cartographer/io/xray_points_processor.h
[11.650s] -- Up-to-date: /home/misaka/fishbot/install/cartographer/include/cartographer/io/xyz_writing_points_processor.h
[11.652s] -- Up-to-date: /home/misaka/fishbot/install/cartographer/include/cartographer/mapping/2d/grid_2d.h
[11.653s] -- Up-to-date: /home/misaka/fishbot/install/cartographer/include/cartographer/mapping/2d/map_limits.h
[11.657s] -- Up-to-date: /home/misaka/fishbot/install/cartographer/include/cartographer/mapping/2d/probability_grid.h
[11.659s] -- Up-to-date: /home/misaka/fishbot/install/cartographer/include/cartographer/mapping/2d/probability_grid_range_data_inserter_2d.h
[11.660s] -- Up-to-date: /home/misaka/fishbot/install/cartographer/include/cartographer/mapping/2d/submap_2d.h
[11.661s] -- Up-to-date: /home/misaka/fishbot/install/cartographer/include/cartographer/mapping/2d/xy_index.h
[11.663s] -- Up-to-date: /home/misaka/fishbot/install/cartographer/include/cartographer/mapping/3d/hybrid_grid.h
[11.665s] -- Up-to-date: /home/misaka/fishbot/install/cartographer/include/cartographer/mapping/3d/range_data_inserter_3d.h
[11.666s] -- Up-to-date: /home/misaka/fishbot/install/cartographer/include/cartographer/mapping/3d/submap_3d.h
[11.668s] -- Up-to-date: /home/misaka/fishbot/install/cartographer/include/cartographer/mapping/detect_floors.h
[11.669s] -- Up-to-date: /home/misaka/fishbot/install/cartographer/include/cartographer/mapping/grid_interface.h
[11.670s] -- Up-to-date: /home/misaka/fishbot/install/cartographer/include/cartographer/mapping/id.h
[11.670s] -- Up-to-date: /home/misaka/fishbot/install/cartographer/include/cartographer/mapping/imu_tracker.h
[11.671s] -- Up-to-date: /home/misaka/fishbot/install/cartographer/include/cartographer/mapping/map_builder.h
[11.672s] -- Up-to-date: /home/misaka/fishbot/install/cartographer/include/cartographer/mapping/map_builder_interface.h
[11.674s] -- Up-to-date: /home/misaka/fishbot/install/cartographer/include/cartographer/mapping/pose_extrapolator.h
[11.674s] -- Up-to-date: /home/misaka/fishbot/install/cartographer/include/cartographer/mapping/pose_extrapolator_interface.h
[11.675s] -- Up-to-date: /home/misaka/fishbot/install/cartographer/include/cartographer/mapping/pose_graph.h
[11.676s] -- Up-to-date: /home/misaka/fishbot/install/cartographer/include/cartographer/mapping/pose_graph_interface.h
[11.678s] -- Up-to-date: /home/misaka/fishbot/install/cartographer/include/cartographer/mapping/pose_graph_trimmer.h
[11.681s] -- Up-to-date: /home/misaka/fishbot/install/cartographer/include/cartographer/mapping/probability_values.h
[11.682s] -- Up-to-date: /home/misaka/fishbot/install/cartographer/include/cartographer/mapping/range_data_inserter_interface.h
[11.684s] -- Up-to-date: /home/misaka/fishbot/install/cartographer/include/cartographer/mapping/submaps.h
[11.685s] -- Up-to-date: /home/misaka/fishbot/install/cartographer/include/cartographer/mapping/trajectory_builder_interface.h
[11.686s] -- Up-to-date: /home/misaka/fishbot/install/cartographer/include/cartographer/mapping/trajectory_node.h
[11.695s] -- Up-to-date: /home/misaka/fishbot/install/cartographer/include/cartographer/mapping/value_conversion_tables.h
[11.697s] -- Up-to-date: /home/misaka/fishbot/install/cartographer/include/cartographer/metrics/counter.h
[11.698s] -- Up-to-date: /home/misaka/fishbot/install/cartographer/include/cartographer/metrics/family_factory.h
[11.699s] -- Up-to-date: /home/misaka/fishbot/install/cartographer/include/cartographer/metrics/gauge.h
[11.699s] -- Up-to-date: /home/misaka/fishbot/install/cartographer/include/cartographer/metrics/histogram.h
[11.699s] -- Up-to-date: /home/misaka/fishbot/install/cartographer/include/cartographer/metrics/register.h
[11.699s] -- Up-to-date: /home/misaka/fishbot/install/cartographer/include/cartographer/sensor/collator_interface.h
[11.705s] -- Up-to-date: /home/misaka/fishbot/install/cartographer/include/cartographer/sensor/compressed_point_cloud.h
[11.706s] -- Up-to-date: /home/misaka/fishbot/install/cartographer/include/cartographer/sensor/data.h
[11.707s] -- Up-to-date: /home/misaka/fishbot/install/cartographer/include/cartographer/sensor/fixed_frame_pose_data.h
[11.708s] -- Up-to-date: /home/misaka/fishbot/install/cartographer/include/cartographer/sensor/imu_data.h
[11.708s] -- Up-to-date: /home/misaka/fishbot/install/cartographer/include/cartographer/sensor/landmark_data.h
[11.714s] -- Up-to-date: /home/misaka/fishbot/install/cartographer/include/cartographer/sensor/map_by_time.h
[11.714s] -- Up-to-date: /home/misaka/fishbot/install/cartographer/include/cartographer/sensor/odometry_data.h
[11.715s] -- Up-to-date: /home/misaka/fishbot/install/cartographer/include/cartographer/sensor/point_cloud.h
[11.716s] -- Up-to-date: /home/misaka/fishbot/install/cartographer/include/cartographer/sensor/range_data.h
[11.717s] -- Up-to-date: /home/misaka/fishbot/install/cartographer/include/cartographer/sensor/rangefinder_point.h
[11.719s] -- Up-to-date: /home/misaka/fishbot/install/cartographer/include/cartographer/sensor/timed_point_cloud_data.h
[11.720s] -- Up-to-date: /home/misaka/fishbot/install/cartographer/include/cartographer/transform/rigid_transform.h
[11.721s] -- Up-to-date: /home/misaka/fishbot/install/cartographer/include/cartographer/transform/timestamped_transform.h
[11.722s] -- Up-to-date: /home/misaka/fishbot/install/cartographer/include/cartographer/transform/transform.h
[11.723s] -- Up-to-date: /home/misaka/fishbot/install/cartographer/include/cartographer/transform/transform_interpolation_buffer.h
[11.724s] -- Up-to-date: /home/misaka/fishbot/install/cartographer/include/cartographer/io/fake_file_writer.h
[11.727s] -- Up-to-date: /home/misaka/fishbot/install/cartographer/include/cartographer/transform/rigid_transform_test_helpers.h
[11.729s] -- Up-to-date: /home/misaka/fishbot/install/cartographer/include/cartographer/common/proto/ceres_solver_options.pb.h
[11.731s] -- Up-to-date: /home/misaka/fishbot/install/cartographer/include/cartographer/ground_truth/proto/relations.pb.h
[11.733s] -- Up-to-date: /home/misaka/fishbot/install/cartographer/include/cartographer/mapping/proto/cell_limits_2d.pb.h
[11.735s] -- Up-to-date: /home/misaka/fishbot/install/cartographer/include/cartographer/mapping/proto/connected_components.pb.h
[11.736s] -- Up-to-date: /home/misaka/fishbot/install/cartographer/include/cartographer/mapping/proto/grid_2d.pb.h
[11.737s] -- Up-to-date: /home/misaka/fishbot/install/cartographer/include/cartographer/mapping/proto/grid_2d_options.pb.h
[11.738s] -- Up-to-date: /home/misaka/fishbot/install/cartographer/include/cartographer/mapping/proto/hybrid_grid.pb.h
[11.739s] -- Up-to-date: /home/misaka/fishbot/install/cartographer/include/cartographer/mapping/proto/local_trajectory_builder_options_2d.pb.h
[11.739s] -- Up-to-date: /home/misaka/fishbot/install/cartographer/include/cartographer/mapping/proto/local_trajectory_builder_options_3d.pb.h
[11.740s] -- Up-to-date: /home/misaka/fishbot/install/cartographer/include/cartographer/mapping/proto/map_builder_options.pb.h
[11.741s] -- Up-to-date: /home/misaka/fishbot/install/cartographer/include/cartographer/mapping/proto/map_limits.pb.h
[11.741s] -- Up-to-date: /home/misaka/fishbot/install/cartographer/include/cartographer/mapping/proto/motion_filter_options.pb.h
[11.742s] -- Up-to-date: /home/misaka/fishbot/install/cartographer/include/cartographer/mapping/proto/normal_estimation_options_2d.pb.h
[11.744s] -- Up-to-date: /home/misaka/fishbot/install/cartographer/include/cartographer/mapping/proto/pose_extrapolator_options.pb.h
[11.745s] -- Up-to-date: /home/misaka/fishbot/install/cartographer/include/cartographer/mapping/proto/pose_graph.pb.h
[11.747s] -- Up-to-date: /home/misaka/fishbot/install/cartographer/include/cartographer/mapping/proto/pose_graph/constraint_builder_options.pb.h
[11.750s] -- Up-to-date: /home/misaka/fishbot/install/cartographer/include/cartographer/mapping/proto/pose_graph/optimization_problem_options.pb.h
[11.750s] -- Up-to-date: /home/misaka/fishbot/install/cartographer/include/cartographer/mapping/proto/pose_graph_options.pb.h
[11.752s] -- Up-to-date: /home/misaka/fishbot/install/cartographer/include/cartographer/mapping/proto/probability_grid.pb.h
[11.753s] -- Up-to-date: /home/misaka/fishbot/install/cartographer/include/cartographer/mapping/proto/probability_grid_range_data_inserter_options_2d.pb.h
[11.755s] -- Up-to-date: /home/misaka/fishbot/install/cartographer/include/cartographer/mapping/proto/range_data_inserter_options.pb.h
[11.765s] -- Up-to-date: /home/misaka/fishbot/install/cartographer/include/cartographer/mapping/proto/range_data_inserter_options_3d.pb.h
[11.770s] -- Up-to-date: /home/misaka/fishbot/install/cartographer/include/cartographer/mapping/proto/scan_matching/ceres_scan_matcher_options_2d.pb.h
[11.770s] -- Up-to-date: /home/misaka/fishbot/install/cartographer/include/cartographer/mapping/proto/scan_matching/ceres_scan_matcher_options_3d.pb.h
[11.771s] -- Up-to-date: /home/misaka/fishbot/install/cartographer/include/cartographer/mapping/proto/scan_matching/fast_correlative_scan_matcher_options_2d.pb.h
[11.771s] -- Up-to-date: /home/misaka/fishbot/install/cartographer/include/cartographer/mapping/proto/scan_matching/fast_correlative_scan_matcher_options_3d.pb.h
[11.772s] -- Up-to-date: /home/misaka/fishbot/install/cartographer/include/cartographer/mapping/proto/scan_matching/real_time_correlative_scan_matcher_options.pb.h
[11.772s] -- Up-to-date: /home/misaka/fishbot/install/cartographer/include/cartographer/mapping/proto/serialization.pb.h
[11.773s] -- Up-to-date: /home/misaka/fishbot/install/cartographer/include/cartographer/mapping/proto/submap.pb.h
[11.773s] -- Up-to-date: /home/misaka/fishbot/install/cartographer/include/cartographer/mapping/proto/submap_visualization.pb.h
[11.774s] -- Up-to-date: /home/misaka/fishbot/install/cartographer/include/cartographer/mapping/proto/submaps_options_2d.pb.h
[11.774s] -- Up-to-date: /home/misaka/fishbot/install/cartographer/include/cartographer/mapping/proto/submaps_options_3d.pb.h
[11.775s] -- Up-to-date: /home/misaka/fishbot/install/cartographer/include/cartographer/mapping/proto/trajectory.pb.h
[11.775s] -- Up-to-date: /home/misaka/fishbot/install/cartographer/include/cartographer/mapping/proto/trajectory_builder_options.pb.h
[11.775s] -- Up-to-date: /home/misaka/fishbot/install/cartographer/include/cartographer/mapping/proto/trajectory_node_data.pb.h
[11.775s] -- Up-to-date: /home/misaka/fishbot/install/cartographer/include/cartographer/mapping/proto/tsdf_2d.pb.h
[11.776s] -- Up-to-date: /home/misaka/fishbot/install/cartographer/include/cartographer/mapping/proto/tsdf_range_data_inserter_options_2d.pb.h
[11.777s] -- Up-to-date: /home/misaka/fishbot/install/cartographer/include/cartographer/sensor/proto/adaptive_voxel_filter_options.pb.h
[11.777s] -- Up-to-date: /home/misaka/fishbot/install/cartographer/include/cartographer/sensor/proto/sensor.pb.h
[11.777s] -- Up-to-date: /home/misaka/fishbot/install/cartographer/include/cartographer/transform/proto/timestamped_transform.pb.h
[11.777s] -- Up-to-date: /home/misaka/fishbot/install/cartographer/include/cartographer/transform/proto/transform.pb.h
[11.778s] -- Up-to-date: /home/misaka/fishbot/install/cartographer/share/cartographer/cmake/CartographerTargets.cmake
[11.779s] -- Up-to-date: /home/misaka/fishbot/install/cartographer/share/cartographer/cmake/CartographerTargets-release.cmake
[11.779s] -- Up-to-date: /home/misaka/fishbot/install/cartographer/share/cartographer/cartographer-config.cmake
[11.779s] Invoked command in '/home/misaka/fishbot/build/cartographer' returned '0': CMAKE_PREFIX_PATH=/opt/ros/humble /usr/bin/cmake --install /home/misaka/fishbot/build/cartographer
