[0.078s] Invoking command in '/home/misaka/fishbot/build/nav2_util': AMENT_PREFIX_PATH=/home/misaka/fishbot/install/nav2_msgs:/home/misaka/fishbot/install/nav2_common:${AMENT_PREFIX_PATH} CMAKE_PREFIX_PATH=/home/misaka/fishbot/install/nav2_msgs:/home/misaka/fishbot/install/nav2_common:/opt/ros/humble LD_LIBRARY_PATH=/home/misaka/fishbot/install/nav2_msgs/lib:${LD_LIBRARY_PATH} PYTHONPATH=/home/misaka/fishbot/install/nav2_msgs/local/lib/python3.10/dist-packages:/home/misaka/fishbot/install/nav2_common/local/lib/python3.10/dist-packages:${PYTHONPATH} /usr/bin/cmake --build /home/misaka/fishbot/build/nav2_util -- -j16 -l16
[0.418s] [35m[1mConsolidate compiler generated dependencies of target gtest_main[0m
[0.418s] [35m[1mConsolidate compiler generated dependencies of target gtest[0m
[0.487s] [35m[1mConsolidate compiler generated dependencies of target nav2_util_core[0m
[0.492s] [  5%] Built target gtest_main
[0.520s] [ 10%] Built target gtest
[0.631s] [35m[1mConsolidate compiler generated dependencies of target test_execution_timer[0m
[0.704s] [ 15%] Built target test_execution_timer
[0.714s] [ 42%] Built target nav2_util_core
[0.791s] [35m[1mConsolidate compiler generated dependencies of target test_string_utils[0m
[0.795s] [35m[1mConsolidate compiler generated dependencies of target lifecycle_bringup[0m
[0.797s] [35m[1mConsolidate compiler generated dependencies of target test_service_client[0m
[0.797s] [35m[1mConsolidate compiler generated dependencies of target test_lifecycle_cli_node[0m
[0.800s] [35m[1mConsolidate compiler generated dependencies of target test_lifecycle_utils[0m
[0.810s] [35m[1mConsolidate compiler generated dependencies of target test_node_utils[0m
[0.811s] [35m[1mConsolidate compiler generated dependencies of target test_actions[0m
[0.813s] [35m[1mConsolidate compiler generated dependencies of target test_robot_utils[0m
[0.813s] [35m[1mConsolidate compiler generated dependencies of target test_odometry_utils[0m
[0.818s] [35m[1mConsolidate compiler generated dependencies of target test_lifecycle_node[0m
[0.847s] [35m[1mConsolidate compiler generated dependencies of target test_geometry_utils[0m
[0.881s] [ 47%] Built target test_string_utils
[0.893s] [ 52%] Built target lifecycle_bringup
[0.910s] [ 57%] Built target test_lifecycle_cli_node
[0.914s] [ 63%] Built target test_service_client
[0.914s] [ 68%] Built target test_node_utils
[0.915s] [ 73%] Built target test_lifecycle_utils
[0.926s] [ 78%] Built target test_lifecycle_node
[0.927s] [ 84%] Built target test_odometry_utils
[0.929s] [ 89%] Built target test_robot_utils
[0.932s] [ 94%] Built target test_actions
[0.948s] [100%] Built target test_geometry_utils
[1.604s] Invoked command in '/home/misaka/fishbot/build/nav2_util' returned '0': AMENT_PREFIX_PATH=/home/misaka/fishbot/install/nav2_msgs:/home/misaka/fishbot/install/nav2_common:${AMENT_PREFIX_PATH} CMAKE_PREFIX_PATH=/home/misaka/fishbot/install/nav2_msgs:/home/misaka/fishbot/install/nav2_common:/opt/ros/humble LD_LIBRARY_PATH=/home/misaka/fishbot/install/nav2_msgs/lib:${LD_LIBRARY_PATH} PYTHONPATH=/home/misaka/fishbot/install/nav2_msgs/local/lib/python3.10/dist-packages:/home/misaka/fishbot/install/nav2_common/local/lib/python3.10/dist-packages:${PYTHONPATH} /usr/bin/cmake --build /home/misaka/fishbot/build/nav2_util -- -j16 -l16
[1.871s] Invoking command in '/home/misaka/fishbot/build/nav2_util': AMENT_PREFIX_PATH=/home/misaka/fishbot/install/nav2_msgs:/home/misaka/fishbot/install/nav2_common:${AMENT_PREFIX_PATH} CMAKE_PREFIX_PATH=/home/misaka/fishbot/install/nav2_msgs:/home/misaka/fishbot/install/nav2_common:/opt/ros/humble LD_LIBRARY_PATH=/home/misaka/fishbot/install/nav2_msgs/lib:${LD_LIBRARY_PATH} PYTHONPATH=/home/misaka/fishbot/install/nav2_msgs/local/lib/python3.10/dist-packages:/home/misaka/fishbot/install/nav2_common/local/lib/python3.10/dist-packages:${PYTHONPATH} /usr/bin/cmake --install /home/misaka/fishbot/build/nav2_util
[1.904s] -- Install configuration: "Release"
[1.904s] -- Up-to-date: /home/misaka/fishbot/install/nav2_util/include/
[1.904s] -- Up-to-date: /home/misaka/fishbot/install/nav2_util/include//nav2_util
[1.904s] -- Up-to-date: /home/misaka/fishbot/install/nav2_util/include//nav2_util/node_thread.hpp
[1.904s] -- Up-to-date: /home/misaka/fishbot/install/nav2_util/include//nav2_util/clear_entirely_costmap_service_client.hpp
[1.904s] -- Up-to-date: /home/misaka/fishbot/install/nav2_util/include//nav2_util/costmap.hpp
[1.905s] -- Up-to-date: /home/misaka/fishbot/install/nav2_util/include//nav2_util/odometry_utils.hpp
[1.905s] -- Up-to-date: /home/misaka/fishbot/install/nav2_util/include//nav2_util/geometry_utils.hpp
[1.905s] -- Up-to-date: /home/misaka/fishbot/install/nav2_util/include//nav2_util/lifecycle_utils.hpp
[1.905s] -- Up-to-date: /home/misaka/fishbot/install/nav2_util/include//nav2_util/robot_utils.hpp
[1.906s] -- Up-to-date: /home/misaka/fishbot/install/nav2_util/include//nav2_util/line_iterator.hpp
[1.907s] -- Up-to-date: /home/misaka/fishbot/install/nav2_util/include//nav2_util/string_utils.hpp
[1.907s] -- Up-to-date: /home/misaka/fishbot/install/nav2_util/include//nav2_util/lifecycle_node.hpp
[1.908s] -- Up-to-date: /home/misaka/fishbot/install/nav2_util/include//nav2_util/execution_timer.hpp
[1.909s] -- Up-to-date: /home/misaka/fishbot/install/nav2_util/include//nav2_util/service_client.hpp
[1.909s] -- Up-to-date: /home/misaka/fishbot/install/nav2_util/include//nav2_util/simple_action_server.hpp
[1.910s] -- Up-to-date: /home/misaka/fishbot/install/nav2_util/include//nav2_util/occ_grid_values.hpp
[1.910s] -- Up-to-date: /home/misaka/fishbot/install/nav2_util/include//nav2_util/node_utils.hpp
[1.910s] -- Up-to-date: /home/misaka/fishbot/install/nav2_util/include//nav2_util/lifecycle_service_client.hpp
[1.911s] -- Up-to-date: /home/misaka/fishbot/install/nav2_util/share/nav2_util/environment/library_path.sh
[1.912s] -- Up-to-date: /home/misaka/fishbot/install/nav2_util/share/nav2_util/environment/library_path.dsv
[1.912s] -- Up-to-date: /home/misaka/fishbot/install/nav2_util/share/ament_index/resource_index/package_run_dependencies/nav2_util
[1.912s] -- Up-to-date: /home/misaka/fishbot/install/nav2_util/share/ament_index/resource_index/parent_prefix_path/nav2_util
[1.913s] -- Up-to-date: /home/misaka/fishbot/install/nav2_util/share/nav2_util/environment/ament_prefix_path.sh
[1.913s] -- Up-to-date: /home/misaka/fishbot/install/nav2_util/share/nav2_util/environment/ament_prefix_path.dsv
[1.914s] -- Up-to-date: /home/misaka/fishbot/install/nav2_util/share/nav2_util/environment/path.sh
[1.914s] -- Up-to-date: /home/misaka/fishbot/install/nav2_util/share/nav2_util/environment/path.dsv
[1.914s] -- Up-to-date: /home/misaka/fishbot/install/nav2_util/share/nav2_util/local_setup.bash
[1.914s] -- Up-to-date: /home/misaka/fishbot/install/nav2_util/share/nav2_util/local_setup.sh
[1.915s] -- Up-to-date: /home/misaka/fishbot/install/nav2_util/share/nav2_util/local_setup.zsh
[1.915s] -- Up-to-date: /home/misaka/fishbot/install/nav2_util/share/nav2_util/local_setup.dsv
[1.915s] -- Installing: /home/misaka/fishbot/install/nav2_util/share/nav2_util/package.dsv
[1.915s] -- Up-to-date: /home/misaka/fishbot/install/nav2_util/share/ament_index/resource_index/packages/nav2_util
[1.916s] -- Up-to-date: /home/misaka/fishbot/install/nav2_util/share/nav2_util/cmake/ament_cmake_export_include_directories-extras.cmake
[1.917s] -- Up-to-date: /home/misaka/fishbot/install/nav2_util/share/nav2_util/cmake/ament_cmake_export_libraries-extras.cmake
[1.917s] -- Up-to-date: /home/misaka/fishbot/install/nav2_util/share/nav2_util/cmake/ament_cmake_export_dependencies-extras.cmake
[1.917s] -- Up-to-date: /home/misaka/fishbot/install/nav2_util/share/nav2_util/cmake/nav2_utilConfig.cmake
[1.918s] -- Up-to-date: /home/misaka/fishbot/install/nav2_util/share/nav2_util/cmake/nav2_utilConfig-version.cmake
[1.918s] -- Up-to-date: /home/misaka/fishbot/install/nav2_util/share/nav2_util/package.xml
[1.918s] -- Up-to-date: /home/misaka/fishbot/install/nav2_util/lib/libnav2_util_core.so
[1.918s] -- Up-to-date: /home/misaka/fishbot/install/nav2_util/lib/nav2_util/lifecycle_bringup
[1.929s] Invoked command in '/home/misaka/fishbot/build/nav2_util' returned '0': AMENT_PREFIX_PATH=/home/misaka/fishbot/install/nav2_msgs:/home/misaka/fishbot/install/nav2_common:${AMENT_PREFIX_PATH} CMAKE_PREFIX_PATH=/home/misaka/fishbot/install/nav2_msgs:/home/misaka/fishbot/install/nav2_common:/opt/ros/humble LD_LIBRARY_PATH=/home/misaka/fishbot/install/nav2_msgs/lib:${LD_LIBRARY_PATH} PYTHONPATH=/home/misaka/fishbot/install/nav2_msgs/local/lib/python3.10/dist-packages:/home/misaka/fishbot/install/nav2_common/local/lib/python3.10/dist-packages:${PYTHONPATH} /usr/bin/cmake --install /home/misaka/fishbot/build/nav2_util
