[0.050s] Invoking command in '/home/misaka/fishbot/build/nav2_voxel_grid': AMENT_PREFIX_PATH=/home/misaka/fishbot/install/nav2_common:${AMENT_PREFIX_PATH} CMAKE_PREFIX_PATH=/home/misaka/fishbot/install/nav2_common:/opt/ros/humble PYTHONPATH=/home/misaka/fishbot/install/nav2_common/local/lib/python3.10/dist-packages:${PYTHONPATH} /usr/bin/cmake /home/misaka/fishbot/src/navigation/nav2_voxel_grid -DCMAKE_INSTALL_PREFIX=/home/misaka/fishbot/install/nav2_voxel_grid
[0.339s] -- The C compiler identification is GNU 11.4.0
[0.604s] -- The CXX compiler identification is GNU 11.4.0
[0.643s] -- Detecting C compiler ABI info
[0.989s] -- Detecting C compiler ABI info - done
[1.026s] -- Check for working C compiler: /usr/bin/cc - skipped
[1.027s] -- Detecting C compile features
[1.028s] -- Detecting C compile features - done
[1.041s] -- Detecting CXX compiler ABI info
[1.457s] -- Detecting CXX compiler ABI info - done
[1.485s] -- Check for working CXX compiler: /usr/bin/c++ - skipped
[1.486s] -- Detecting CXX compile features
[1.487s] -- Detecting CXX compile features - done
[1.497s] -- Found ament_cmake: 1.3.10 (/opt/ros/humble/share/ament_cmake/cmake)
[2.189s] -- Found Python3: /usr/bin/python3 (found version "3.10.12") found components: Interpreter 
[2.652s] -- Found nav2_common: 1.1.0 (/home/misaka/fishbot/install/nav2_common/share/nav2_common/cmake)
[2.672s] -- Found rclcpp: 16.0.10 (/opt/ros/humble/share/rclcpp/cmake)
[2.983s] -- Found rosidl_generator_c: 3.1.5 (/opt/ros/humble/share/rosidl_generator_c/cmake)
[3.007s] -- Found rosidl_adapter: 3.1.5 (/opt/ros/humble/share/rosidl_adapter/cmake)
[3.051s] -- Found rosidl_generator_cpp: 3.1.5 (/opt/ros/humble/share/rosidl_generator_cpp/cmake)
[3.120s] -- Using all available rosidl_typesupport_c: rosidl_typesupport_fastrtps_c;rosidl_typesupport_introspection_c
[3.203s] -- Using all available rosidl_typesupport_cpp: rosidl_typesupport_fastrtps_cpp;rosidl_typesupport_introspection_cpp
[3.574s] -- Found rmw_implementation_cmake: 6.1.2 (/opt/ros/humble/share/rmw_implementation_cmake/cmake)
[3.601s] -- Found rmw_fastrtps_cpp: 6.2.7 (/opt/ros/humble/share/rmw_fastrtps_cpp/cmake)
[4.335s] -- Found OpenSSL: /usr/lib/x86_64-linux-gnu/libcrypto.so (found version "3.0.2")  
[4.592s] -- Found FastRTPS: /opt/ros/humble/include  
[4.899s] -- Using RMW implementation 'rmw_fastrtps_cpp' as default
[5.089s] -- Looking for pthread.h
[6.017s] -- Looking for pthread.h - found
[6.017s] -- Performing Test CMAKE_HAVE_LIBC_PTHREAD
[6.774s] -- Performing Test CMAKE_HAVE_LIBC_PTHREAD - Success
[6.778s] -- Found Threads: TRUE  
[7.936s] -- Setting build type to Release as none was specified.
[8.144s] -- Found ament_lint_auto: 0.12.11 (/opt/ros/humble/share/ament_lint_auto/cmake)
[9.355s] -- Found gtest sources under '/opt/ros/humble/src/gtest_vendor': C++ tests using 'Google Test' will be built
[9.468s] -- Added test 'cppcheck' to perform static code analysis on C / C++ code
[9.468s] -- Configured cppcheck include dirs: /home/misaka/fishbot/src/navigation/nav2_voxel_grid/include
[9.469s] -- Configured cppcheck exclude dirs and/or files: 
[9.472s] -- Added test 'cpplint' to check C / C++ code against the Google style
[9.473s] -- Configured cpplint exclude dirs and/or files: 
[9.483s] -- Added test 'lint_cmake' to check CMake code style
[9.492s] -- Added test 'uncrustify' to check C / C++ code style
[9.492s] -- Configured uncrustify additional arguments: 
[9.496s] -- Added test 'xmllint' to check XML markup files
[9.510s] -- Configuring done
[9.631s] -- Generating done
[9.668s] -- Build files have been written to: /home/misaka/fishbot/build/nav2_voxel_grid
[9.769s] Invoked command in '/home/misaka/fishbot/build/nav2_voxel_grid' returned '0': AMENT_PREFIX_PATH=/home/misaka/fishbot/install/nav2_common:${AMENT_PREFIX_PATH} CMAKE_PREFIX_PATH=/home/misaka/fishbot/install/nav2_common:/opt/ros/humble PYTHONPATH=/home/misaka/fishbot/install/nav2_common/local/lib/python3.10/dist-packages:${PYTHONPATH} /usr/bin/cmake /home/misaka/fishbot/src/navigation/nav2_voxel_grid -DCMAKE_INSTALL_PREFIX=/home/misaka/fishbot/install/nav2_voxel_grid
[9.780s] Invoking command in '/home/misaka/fishbot/build/nav2_voxel_grid': AMENT_PREFIX_PATH=/home/misaka/fishbot/install/nav2_common:${AMENT_PREFIX_PATH} CMAKE_PREFIX_PATH=/home/misaka/fishbot/install/nav2_common:/opt/ros/humble PYTHONPATH=/home/misaka/fishbot/install/nav2_common/local/lib/python3.10/dist-packages:${PYTHONPATH} /usr/bin/cmake --build /home/misaka/fishbot/build/nav2_voxel_grid -- -j16 -l16
[10.782s] [ 10%] [32mBuilding CXX object gtest/CMakeFiles/gtest_main.dir/src/gtest_main.cc.o[0m
[10.783s] [ 20%] [32mBuilding CXX object CMakeFiles/voxel_grid.dir/src/voxel_grid.cpp.o[0m
[10.836s] [ 30%] [32mBuilding CXX object gtest/CMakeFiles/gtest.dir/src/gtest-all.cc.o[0m
[23.760s] [ 40%] [32m[1mLinking CXX static library libgtest_main.a[0m
[24.198s] [ 40%] Built target gtest_main
[48.214s] [ 50%] [32m[1mLinking CXX shared library libvoxel_grid.so[0m
[49.730s] [ 50%] Built target voxel_grid
[70.194s] [ 60%] [32m[1mLinking CXX static library libgtest.a[0m
[70.447s] [ 60%] Built target gtest
[70.581s] [ 70%] [32mBuilding CXX object test/CMakeFiles/voxel_grid_tests.dir/voxel_grid_tests.cpp.o[0m
[88.131s] [ 80%] [32m[1mLinking CXX executable voxel_grid_tests[0m
[88.734s] [ 80%] Built target voxel_grid_tests
[88.892s] [ 90%] [32mBuilding CXX object test/CMakeFiles/voxel_grid_bresenham_3d.dir/voxel_grid_bresenham_3d.cpp.o[0m
[110.995s] [100%] [32m[1mLinking CXX executable voxel_grid_bresenham_3d[0m
[111.636s] [100%] Built target voxel_grid_bresenham_3d
[111.713s] Invoked command in '/home/misaka/fishbot/build/nav2_voxel_grid' returned '0': AMENT_PREFIX_PATH=/home/misaka/fishbot/install/nav2_common:${AMENT_PREFIX_PATH} CMAKE_PREFIX_PATH=/home/misaka/fishbot/install/nav2_common:/opt/ros/humble PYTHONPATH=/home/misaka/fishbot/install/nav2_common/local/lib/python3.10/dist-packages:${PYTHONPATH} /usr/bin/cmake --build /home/misaka/fishbot/build/nav2_voxel_grid -- -j16 -l16
[111.973s] Invoking command in '/home/misaka/fishbot/build/nav2_voxel_grid': AMENT_PREFIX_PATH=/home/misaka/fishbot/install/nav2_common:${AMENT_PREFIX_PATH} CMAKE_PREFIX_PATH=/home/misaka/fishbot/install/nav2_common:/opt/ros/humble PYTHONPATH=/home/misaka/fishbot/install/nav2_common/local/lib/python3.10/dist-packages:${PYTHONPATH} /usr/bin/cmake --install /home/misaka/fishbot/build/nav2_voxel_grid
[112.039s] -- Install configuration: "Release"
[112.039s] -- Installing: /home/misaka/fishbot/install/nav2_voxel_grid/lib/libvoxel_grid.so
[112.040s] -- Set runtime path of "/home/misaka/fishbot/install/nav2_voxel_grid/lib/libvoxel_grid.so" to ""
[112.040s] -- Installing: /home/misaka/fishbot/install/nav2_voxel_grid/include
[112.040s] -- Installing: /home/misaka/fishbot/install/nav2_voxel_grid/include/nav2_voxel_grid
[112.040s] -- Installing: /home/misaka/fishbot/install/nav2_voxel_grid/include/nav2_voxel_grid/voxel_grid.hpp
[112.041s] -- Installing: /home/misaka/fishbot/install/nav2_voxel_grid/share/nav2_voxel_grid/environment/library_path.sh
[112.045s] -- Installing: /home/misaka/fishbot/install/nav2_voxel_grid/share/nav2_voxel_grid/environment/library_path.dsv
[112.058s] -- Installing: /home/misaka/fishbot/install/nav2_voxel_grid/share/ament_index/resource_index/package_run_dependencies/nav2_voxel_grid
[112.072s] -- Installing: /home/misaka/fishbot/install/nav2_voxel_grid/share/ament_index/resource_index/parent_prefix_path/nav2_voxel_grid
[112.076s] -- Installing: /home/misaka/fishbot/install/nav2_voxel_grid/share/nav2_voxel_grid/environment/ament_prefix_path.sh
[112.078s] -- Installing: /home/misaka/fishbot/install/nav2_voxel_grid/share/nav2_voxel_grid/environment/ament_prefix_path.dsv
[112.085s] -- Installing: /home/misaka/fishbot/install/nav2_voxel_grid/share/nav2_voxel_grid/environment/path.sh
[112.090s] -- Installing: /home/misaka/fishbot/install/nav2_voxel_grid/share/nav2_voxel_grid/environment/path.dsv
[112.090s] -- Installing: /home/misaka/fishbot/install/nav2_voxel_grid/share/nav2_voxel_grid/local_setup.bash
[112.092s] -- Installing: /home/misaka/fishbot/install/nav2_voxel_grid/share/nav2_voxel_grid/local_setup.sh
[112.093s] -- Installing: /home/misaka/fishbot/install/nav2_voxel_grid/share/nav2_voxel_grid/local_setup.zsh
[112.098s] -- Installing: /home/misaka/fishbot/install/nav2_voxel_grid/share/nav2_voxel_grid/local_setup.dsv
[112.099s] -- Installing: /home/misaka/fishbot/install/nav2_voxel_grid/share/nav2_voxel_grid/package.dsv
[112.116s] -- Installing: /home/misaka/fishbot/install/nav2_voxel_grid/share/ament_index/resource_index/packages/nav2_voxel_grid
[112.118s] -- Installing: /home/misaka/fishbot/install/nav2_voxel_grid/share/nav2_voxel_grid/cmake/ament_cmake_export_dependencies-extras.cmake
[112.121s] -- Installing: /home/misaka/fishbot/install/nav2_voxel_grid/share/nav2_voxel_grid/cmake/ament_cmake_export_include_directories-extras.cmake
[112.129s] -- Installing: /home/misaka/fishbot/install/nav2_voxel_grid/share/nav2_voxel_grid/cmake/ament_cmake_export_libraries-extras.cmake
[112.135s] -- Installing: /home/misaka/fishbot/install/nav2_voxel_grid/share/nav2_voxel_grid/cmake/nav2_voxel_gridConfig.cmake
[112.138s] -- Installing: /home/misaka/fishbot/install/nav2_voxel_grid/share/nav2_voxel_grid/cmake/nav2_voxel_gridConfig-version.cmake
[112.141s] -- Installing: /home/misaka/fishbot/install/nav2_voxel_grid/share/nav2_voxel_grid/package.xml
[112.156s] Invoked command in '/home/misaka/fishbot/build/nav2_voxel_grid' returned '0': AMENT_PREFIX_PATH=/home/misaka/fishbot/install/nav2_common:${AMENT_PREFIX_PATH} CMAKE_PREFIX_PATH=/home/misaka/fishbot/install/nav2_common:/opt/ros/humble PYTHONPATH=/home/misaka/fishbot/install/nav2_common/local/lib/python3.10/dist-packages:${PYTHONPATH} /usr/bin/cmake --install /home/misaka/fishbot/build/nav2_voxel_grid
