[0.151s] Invoking command in '/home/misaka/fishbot/build/dwb_msgs': AMENT_PREFIX_PATH=/home/misaka/fishbot/install/nav_2d_msgs:${AMENT_PREFIX_PATH} CMAKE_PREFIX_PATH=/home/misaka/fishbot/install/nav_2d_msgs:/opt/ros/humble LD_LIBRARY_PATH=/home/misaka/fishbot/install/nav_2d_msgs/lib:${LD_LIBRARY_PATH} PYTHONPATH=/home/misaka/fishbot/install/nav_2d_msgs/local/lib/python3.10/dist-packages:${PYTHONPATH} /usr/bin/cmake /home/misaka/fishbot/src/navigation/nav2_dwb_controller/dwb_msgs -DCMAKE_INSTALL_PREFIX=/home/misaka/fishbot/install/dwb_msgs
[0.934s] -- The C compiler identification is GNU 11.4.0
[1.466s] -- The CXX compiler identification is GNU 11.4.0
[1.639s] -- Detecting C compiler ABI info
[2.259s] -- Detecting C compiler ABI info - done
[2.287s] -- Check for working C compiler: /usr/bin/cc - skipped
[2.290s] -- Detecting C compile features
[2.295s] -- Detecting C compile features - done
[2.325s] -- Detecting CXX compiler ABI info
[3.036s] -- Detecting CXX compiler ABI info - done
[3.056s] -- Check for working CXX compiler: /usr/bin/c++ - skipped
[3.058s] -- Detecting CXX compile features
[3.061s] -- Detecting CXX compile features - done
[3.079s] -- Found builtin_interfaces: 1.2.1 (/opt/ros/humble/share/builtin_interfaces/cmake)
[4.298s] -- Found Python3: /usr/bin/python3 (found version "3.10.12") found components: Interpreter 
[6.314s] -- Found rosidl_generator_c: 3.1.5 (/opt/ros/humble/share/rosidl_generator_c/cmake)
[6.358s] -- Found rosidl_adapter: 3.1.5 (/opt/ros/humble/share/rosidl_adapter/cmake)
[6.433s] -- Found rosidl_generator_cpp: 3.1.5 (/opt/ros/humble/share/rosidl_generator_cpp/cmake)
[6.540s] -- Using all available rosidl_typesupport_c: rosidl_typesupport_fastrtps_c;rosidl_typesupport_introspection_c
[6.780s] -- Using all available rosidl_typesupport_cpp: rosidl_typesupport_fastrtps_cpp;rosidl_typesupport_introspection_cpp
[7.072s] -- Found geometry_msgs: 4.2.4 (/opt/ros/humble/share/geometry_msgs/cmake)
[7.448s] -- Found nav_2d_msgs: 1.1.0 (/home/misaka/fishbot/install/nav_2d_msgs/share/nav_2d_msgs/cmake)
[7.525s] -- Found nav_msgs: 4.2.4 (/opt/ros/humble/share/nav_msgs/cmake)
[7.686s] -- Found rosidl_default_generators: 1.2.0 (/opt/ros/humble/share/rosidl_default_generators/cmake)
[10.111s] -- Found ament_cmake_ros: 0.10.0 (/opt/ros/humble/share/ament_cmake_ros/cmake)
[12.486s] -- Using all available rosidl_typesupport_c: rosidl_typesupport_fastrtps_c;rosidl_typesupport_introspection_c
[13.366s] -- Using all available rosidl_typesupport_cpp: rosidl_typesupport_fastrtps_cpp;rosidl_typesupport_introspection_cpp
[13.491s] -- Found PythonInterp: /usr/bin/python3 (found suitable version "3.10.12", minimum required is "3.6") 
[13.505s] -- Found python_cmake_module: 0.10.0 (/opt/ros/humble/share/python_cmake_module/cmake)
[13.639s] -- Found PythonLibs: /usr/lib/x86_64-linux-gnu/libpython3.10.so (found suitable version "3.10.12", minimum required is "3.5") 
[13.640s] -- Using PYTHON_EXECUTABLE: /usr/bin/python3
[13.640s] -- Using PYTHON_INCLUDE_DIRS: /usr/include/python3.10
[13.642s] -- Using PYTHON_LIBRARIES: /usr/lib/x86_64-linux-gnu/libpython3.10.so
[13.741s] -- Found PythonExtra: .so  
[14.172s] -- Configuring done
[14.453s] -- Generating done
[14.462s] -- Build files have been written to: /home/misaka/fishbot/build/dwb_msgs
[14.498s] Invoked command in '/home/misaka/fishbot/build/dwb_msgs' returned '0': AMENT_PREFIX_PATH=/home/misaka/fishbot/install/nav_2d_msgs:${AMENT_PREFIX_PATH} CMAKE_PREFIX_PATH=/home/misaka/fishbot/install/nav_2d_msgs:/opt/ros/humble LD_LIBRARY_PATH=/home/misaka/fishbot/install/nav_2d_msgs/lib:${LD_LIBRARY_PATH} PYTHONPATH=/home/misaka/fishbot/install/nav_2d_msgs/local/lib/python3.10/dist-packages:${PYTHONPATH} /usr/bin/cmake /home/misaka/fishbot/src/navigation/nav2_dwb_controller/dwb_msgs -DCMAKE_INSTALL_PREFIX=/home/misaka/fishbot/install/dwb_msgs
[14.511s] Invoking command in '/home/misaka/fishbot/build/dwb_msgs': AMENT_PREFIX_PATH=/home/misaka/fishbot/install/nav_2d_msgs:${AMENT_PREFIX_PATH} CMAKE_PREFIX_PATH=/home/misaka/fishbot/install/nav_2d_msgs:/opt/ros/humble LD_LIBRARY_PATH=/home/misaka/fishbot/install/nav_2d_msgs/lib:${LD_LIBRARY_PATH} PYTHONPATH=/home/misaka/fishbot/install/nav_2d_msgs/local/lib/python3.10/dist-packages:${PYTHONPATH} /usr/bin/cmake --build /home/misaka/fishbot/build/dwb_msgs -- -j16 -l16
[14.841s] [  1%] [34m[1mGenerating C++ code for ROS interfaces[0m
[19.679s] [  1%] Built target dwb_msgs__cpp
[19.843s] [  1%] Built target ament_cmake_python_copy_dwb_msgs
[19.907s] [  2%] [34m[1mGenerating C++ introspection for ROS interfaces[0m
[23.515s] [  3%] [32mBuilding CXX object CMakeFiles/dwb_msgs__rosidl_typesupport_introspection_cpp.dir/rosidl_typesupport_introspection_cpp/dwb_msgs/msg/detail/critic_score__type_support.cpp.o[0m
[25.107s] [  4%] [32mBuilding CXX object CMakeFiles/dwb_msgs__rosidl_typesupport_introspection_cpp.dir/rosidl_typesupport_introspection_cpp/dwb_msgs/srv/detail/score_trajectory__type_support.cpp.o[0m
[26.998s] [  5%] [32mBuilding CXX object CMakeFiles/dwb_msgs__rosidl_typesupport_introspection_cpp.dir/rosidl_typesupport_introspection_cpp/dwb_msgs/srv/detail/get_critic_score__type_support.cpp.o[0m
[28.857s] [  6%] [32mBuilding CXX object CMakeFiles/dwb_msgs__rosidl_typesupport_introspection_cpp.dir/rosidl_typesupport_introspection_cpp/dwb_msgs/srv/detail/generate_twists__type_support.cpp.o[0m
[30.758s] [  7%] [32mBuilding CXX object CMakeFiles/dwb_msgs__rosidl_typesupport_introspection_cpp.dir/rosidl_typesupport_introspection_cpp/dwb_msgs/srv/detail/generate_trajectory__type_support.cpp.o[0m
[32.589s] [  8%] [32mBuilding CXX object CMakeFiles/dwb_msgs__rosidl_typesupport_introspection_cpp.dir/rosidl_typesupport_introspection_cpp/dwb_msgs/srv/detail/debug_local_plan__type_support.cpp.o[0m
[34.610s] [  9%] [32mBuilding CXX object CMakeFiles/dwb_msgs__rosidl_typesupport_introspection_cpp.dir/rosidl_typesupport_introspection_cpp/dwb_msgs/msg/detail/trajectory2_d__type_support.cpp.o[0m
[34.621s] [ 10%] [32mBuilding CXX object CMakeFiles/dwb_msgs__rosidl_typesupport_introspection_cpp.dir/rosidl_typesupport_introspection_cpp/dwb_msgs/msg/detail/trajectory_score__type_support.cpp.o[0m
[36.713s] [ 11%] [32mBuilding CXX object CMakeFiles/dwb_msgs__rosidl_typesupport_introspection_cpp.dir/rosidl_typesupport_introspection_cpp/dwb_msgs/msg/detail/local_plan_evaluation__type_support.cpp.o[0m
[39.370s] [ 12%] [32m[1mLinking CXX shared library libdwb_msgs__rosidl_typesupport_introspection_cpp.so[0m
[39.879s] [ 12%] Built target dwb_msgs__rosidl_typesupport_introspection_cpp
[39.938s] [ 13%] [34m[1mGenerating C++ type support for eProsima Fast-RTPS[0m
[39.996s] [ 14%] [34m[1mGenerating C++ type support dispatch for ROS interfaces[0m
[44.165s] running egg_info
[44.168s] creating dwb_msgs.egg-info
[44.172s] writing dwb_msgs.egg-info/PKG-INFO
[44.176s] writing dependency_links to dwb_msgs.egg-info/dependency_links.txt
[44.181s] writing top-level names to dwb_msgs.egg-info/top_level.txt
[44.187s] writing manifest file 'dwb_msgs.egg-info/SOURCES.txt'
[44.231s] reading manifest file 'dwb_msgs.egg-info/SOURCES.txt'
[44.234s] writing manifest file 'dwb_msgs.egg-info/SOURCES.txt'
[44.455s] [ 14%] Built target ament_cmake_python_build_dwb_msgs_egg
[44.473s] [ 15%] [32mBuilding CXX object CMakeFiles/dwb_msgs__rosidl_typesupport_cpp.dir/rosidl_typesupport_cpp/dwb_msgs/msg/critic_score__type_support.cpp.o[0m
[46.588s] [ 16%] [32mBuilding CXX object CMakeFiles/dwb_msgs__rosidl_typesupport_cpp.dir/rosidl_typesupport_cpp/dwb_msgs/srv/score_trajectory__type_support.cpp.o[0m
[46.708s] [ 17%] [32mBuilding CXX object CMakeFiles/dwb_msgs__rosidl_typesupport_fastrtps_cpp.dir/rosidl_typesupport_fastrtps_cpp/dwb_msgs/msg/detail/dds_fastrtps/critic_score__type_support.cpp.o[0m
[49.166s] [ 18%] [32mBuilding CXX object CMakeFiles/dwb_msgs__rosidl_typesupport_cpp.dir/rosidl_typesupport_cpp/dwb_msgs/srv/get_critic_score__type_support.cpp.o[0m
[49.206s] [ 20%] [32mBuilding CXX object CMakeFiles/dwb_msgs__rosidl_typesupport_fastrtps_cpp.dir/rosidl_typesupport_fastrtps_cpp/dwb_msgs/srv/detail/dds_fastrtps/get_critic_score__type_support.cpp.o[0m
[50.708s] [ 21%] [32mBuilding CXX object CMakeFiles/dwb_msgs__rosidl_typesupport_cpp.dir/rosidl_typesupport_cpp/dwb_msgs/srv/generate_twists__type_support.cpp.o[0m
[50.976s] [ 22%] [32mBuilding CXX object CMakeFiles/dwb_msgs__rosidl_typesupport_fastrtps_cpp.dir/rosidl_typesupport_fastrtps_cpp/dwb_msgs/srv/detail/dds_fastrtps/score_trajectory__type_support.cpp.o[0m
[51.938s] [ 23%] [32mBuilding CXX object CMakeFiles/dwb_msgs__rosidl_typesupport_cpp.dir/rosidl_typesupport_cpp/dwb_msgs/srv/generate_trajectory__type_support.cpp.o[0m
[54.318s] [ 24%] [32mBuilding CXX object CMakeFiles/dwb_msgs__rosidl_typesupport_fastrtps_cpp.dir/rosidl_typesupport_fastrtps_cpp/dwb_msgs/srv/detail/dds_fastrtps/generate_twists__type_support.cpp.o[0m
[55.038s] [ 25%] [32mBuilding CXX object CMakeFiles/dwb_msgs__rosidl_typesupport_cpp.dir/rosidl_typesupport_cpp/dwb_msgs/srv/debug_local_plan__type_support.cpp.o[0m
[58.103s] [ 26%] [32mBuilding CXX object CMakeFiles/dwb_msgs__rosidl_typesupport_cpp.dir/rosidl_typesupport_cpp/dwb_msgs/msg/trajectory_score__type_support.cpp.o[0m
[58.325s] [ 27%] [32mBuilding CXX object CMakeFiles/dwb_msgs__rosidl_typesupport_fastrtps_cpp.dir/rosidl_typesupport_fastrtps_cpp/dwb_msgs/srv/detail/dds_fastrtps/generate_trajectory__type_support.cpp.o[0m
[59.875s] [ 28%] [32mBuilding CXX object CMakeFiles/dwb_msgs__rosidl_typesupport_cpp.dir/rosidl_typesupport_cpp/dwb_msgs/msg/trajectory2_d__type_support.cpp.o[0m
[60.527s] [ 29%] [32mBuilding CXX object CMakeFiles/dwb_msgs__rosidl_typesupport_fastrtps_cpp.dir/rosidl_typesupport_fastrtps_cpp/dwb_msgs/srv/detail/dds_fastrtps/debug_local_plan__type_support.cpp.o[0m
[61.402s] [ 30%] [32mBuilding CXX object CMakeFiles/dwb_msgs__rosidl_typesupport_cpp.dir/rosidl_typesupport_cpp/dwb_msgs/msg/local_plan_evaluation__type_support.cpp.o[0m
[62.659s] [ 31%] [32mBuilding CXX object CMakeFiles/dwb_msgs__rosidl_typesupport_fastrtps_cpp.dir/rosidl_typesupport_fastrtps_cpp/dwb_msgs/msg/detail/dds_fastrtps/trajectory_score__type_support.cpp.o[0m
[62.827s] [ 32%] [32m[1mLinking CXX shared library libdwb_msgs__rosidl_typesupport_cpp.so[0m
[63.112s] [ 32%] Built target dwb_msgs__rosidl_typesupport_cpp
[64.863s] [ 33%] [32mBuilding CXX object CMakeFiles/dwb_msgs__rosidl_typesupport_fastrtps_cpp.dir/rosidl_typesupport_fastrtps_cpp/dwb_msgs/msg/detail/dds_fastrtps/trajectory2_d__type_support.cpp.o[0m
[67.043s] [ 34%] [32mBuilding CXX object CMakeFiles/dwb_msgs__rosidl_typesupport_fastrtps_cpp.dir/rosidl_typesupport_fastrtps_cpp/dwb_msgs/msg/detail/dds_fastrtps/local_plan_evaluation__type_support.cpp.o[0m
[69.250s] [ 35%] [32m[1mLinking CXX shared library libdwb_msgs__rosidl_typesupport_fastrtps_cpp.so[0m
[69.630s] [ 35%] Built target dwb_msgs__rosidl_typesupport_fastrtps_cpp
[69.691s] [ 36%] [34m[1mGenerating C code for ROS interfaces[0m
[75.055s] [ 37%] [32mBuilding C object CMakeFiles/dwb_msgs__rosidl_generator_c.dir/rosidl_generator_c/dwb_msgs/msg/detail/critic_score__functions.c.o[0m
[75.230s] [ 38%] [32mBuilding C object CMakeFiles/dwb_msgs__rosidl_generator_c.dir/rosidl_generator_c/dwb_msgs/srv/detail/score_trajectory__functions.c.o[0m
[75.513s] [ 40%] [32mBuilding C object CMakeFiles/dwb_msgs__rosidl_generator_c.dir/rosidl_generator_c/dwb_msgs/srv/detail/get_critic_score__functions.c.o[0m
[75.786s] [ 41%] [32mBuilding C object CMakeFiles/dwb_msgs__rosidl_generator_c.dir/rosidl_generator_c/dwb_msgs/srv/detail/generate_twists__functions.c.o[0m
[76.032s] [ 42%] [32mBuilding C object CMakeFiles/dwb_msgs__rosidl_generator_c.dir/rosidl_generator_c/dwb_msgs/srv/detail/generate_trajectory__functions.c.o[0m
[76.281s] [ 43%] [32mBuilding C object CMakeFiles/dwb_msgs__rosidl_generator_c.dir/rosidl_generator_c/dwb_msgs/srv/detail/debug_local_plan__functions.c.o[0m
[76.523s] [ 44%] [32mBuilding C object CMakeFiles/dwb_msgs__rosidl_generator_c.dir/rosidl_generator_c/dwb_msgs/msg/detail/trajectory_score__functions.c.o[0m
[76.710s] [ 45%] [32mBuilding C object CMakeFiles/dwb_msgs__rosidl_generator_c.dir/rosidl_generator_c/dwb_msgs/msg/detail/trajectory2_d__functions.c.o[0m
[76.929s] [ 46%] [32mBuilding C object CMakeFiles/dwb_msgs__rosidl_generator_c.dir/rosidl_generator_c/dwb_msgs/msg/detail/local_plan_evaluation__functions.c.o[0m
[77.155s] [ 47%] [32m[1mLinking C shared library libdwb_msgs__rosidl_generator_c.so[0m
[77.363s] [ 47%] Built target dwb_msgs__rosidl_generator_c
[77.424s] [ 48%] [34m[1mGenerating C type support for eProsima Fast-RTPS[0m
[80.749s] [ 49%] [32mBuilding CXX object CMakeFiles/dwb_msgs__rosidl_typesupport_fastrtps_c.dir/rosidl_typesupport_fastrtps_c/dwb_msgs/msg/detail/critic_score__type_support_c.cpp.o[0m
[80.811s] [ 50%] [32mBuilding CXX object CMakeFiles/dwb_msgs__rosidl_typesupport_fastrtps_c.dir/rosidl_typesupport_fastrtps_c/dwb_msgs/msg/detail/local_plan_evaluation__type_support_c.cpp.o[0m
[82.330s] [ 51%] [32mBuilding CXX object CMakeFiles/dwb_msgs__rosidl_typesupport_fastrtps_c.dir/rosidl_typesupport_fastrtps_c/dwb_msgs/srv/detail/score_trajectory__type_support_c.cpp.o[0m
[82.786s] [ 52%] [32mBuilding CXX object CMakeFiles/dwb_msgs__rosidl_typesupport_fastrtps_c.dir/rosidl_typesupport_fastrtps_c/dwb_msgs/srv/detail/get_critic_score__type_support_c.cpp.o[0m
[84.733s] [ 53%] [32mBuilding CXX object CMakeFiles/dwb_msgs__rosidl_typesupport_fastrtps_c.dir/rosidl_typesupport_fastrtps_c/dwb_msgs/srv/detail/generate_twists__type_support_c.cpp.o[0m
[86.435s] [ 54%] [32mBuilding CXX object CMakeFiles/dwb_msgs__rosidl_typesupport_fastrtps_c.dir/rosidl_typesupport_fastrtps_c/dwb_msgs/srv/detail/generate_trajectory__type_support_c.cpp.o[0m
[88.094s] [ 55%] [32mBuilding CXX object CMakeFiles/dwb_msgs__rosidl_typesupport_fastrtps_c.dir/rosidl_typesupport_fastrtps_c/dwb_msgs/srv/detail/debug_local_plan__type_support_c.cpp.o[0m
[89.589s] [ 56%] [32mBuilding CXX object CMakeFiles/dwb_msgs__rosidl_typesupport_fastrtps_c.dir/rosidl_typesupport_fastrtps_c/dwb_msgs/msg/detail/trajectory_score__type_support_c.cpp.o[0m
[91.193s] [ 57%] [32mBuilding CXX object CMakeFiles/dwb_msgs__rosidl_typesupport_fastrtps_c.dir/rosidl_typesupport_fastrtps_c/dwb_msgs/msg/detail/trajectory2_d__type_support_c.cpp.o[0m
[92.806s] [ 58%] [32m[1mLinking CXX shared library libdwb_msgs__rosidl_typesupport_fastrtps_c.so[0m
[93.204s] [ 58%] Built target dwb_msgs__rosidl_typesupport_fastrtps_c
[93.260s] [ 61%] [34m[1mGenerating C type support dispatch for ROS interfaces[0m
[93.261s] [ 61%] [34m[1mGenerating C introspection for ROS interfaces[0m
[97.358s] [ 62%] [32mBuilding CXX object CMakeFiles/dwb_msgs__rosidl_typesupport_c.dir/rosidl_typesupport_c/dwb_msgs/msg/local_plan_evaluation__type_support.cpp.o[0m
[97.379s] [ 63%] [32mBuilding CXX object CMakeFiles/dwb_msgs__rosidl_typesupport_c.dir/rosidl_typesupport_c/dwb_msgs/msg/trajectory_score__type_support.cpp.o[0m
[97.380s] [ 64%] [32mBuilding CXX object CMakeFiles/dwb_msgs__rosidl_typesupport_c.dir/rosidl_typesupport_c/dwb_msgs/msg/trajectory2_d__type_support.cpp.o[0m
[97.382s] [ 65%] [32mBuilding CXX object CMakeFiles/dwb_msgs__rosidl_typesupport_c.dir/rosidl_typesupport_c/dwb_msgs/msg/critic_score__type_support.cpp.o[0m
[97.611s] [ 66%] [32mBuilding CXX object CMakeFiles/dwb_msgs__rosidl_typesupport_c.dir/rosidl_typesupport_c/dwb_msgs/srv/score_trajectory__type_support.cpp.o[0m
[97.667s] [ 67%] [32mBuilding CXX object CMakeFiles/dwb_msgs__rosidl_typesupport_c.dir/rosidl_typesupport_c/dwb_msgs/srv/get_critic_score__type_support.cpp.o[0m
[97.701s] [ 68%] [32mBuilding CXX object CMakeFiles/dwb_msgs__rosidl_typesupport_c.dir/rosidl_typesupport_c/dwb_msgs/srv/generate_trajectory__type_support.cpp.o[0m
[97.764s] [ 69%] [32mBuilding CXX object CMakeFiles/dwb_msgs__rosidl_typesupport_c.dir/rosidl_typesupport_c/dwb_msgs/srv/generate_twists__type_support.cpp.o[0m
[97.986s] [ 70%] [32mBuilding CXX object CMakeFiles/dwb_msgs__rosidl_typesupport_c.dir/rosidl_typesupport_c/dwb_msgs/srv/debug_local_plan__type_support.cpp.o[0m
[98.283s] [ 71%] [32m[1mLinking CXX shared library libdwb_msgs__rosidl_typesupport_c.so[0m
[98.680s] [ 71%] Built target dwb_msgs__rosidl_typesupport_c
[99.709s] [ 72%] [32mBuilding C object CMakeFiles/dwb_msgs__rosidl_typesupport_introspection_c.dir/rosidl_typesupport_introspection_c/dwb_msgs/msg/detail/critic_score__type_support.c.o[0m
[100.068s] [ 73%] [32mBuilding C object CMakeFiles/dwb_msgs__rosidl_typesupport_introspection_c.dir/rosidl_typesupport_introspection_c/dwb_msgs/srv/detail/score_trajectory__type_support.c.o[0m
[100.510s] [ 74%] [32mBuilding C object CMakeFiles/dwb_msgs__rosidl_typesupport_introspection_c.dir/rosidl_typesupport_introspection_c/dwb_msgs/srv/detail/get_critic_score__type_support.c.o[0m
[100.799s] [ 75%] [32mBuilding C object CMakeFiles/dwb_msgs__rosidl_typesupport_introspection_c.dir/rosidl_typesupport_introspection_c/dwb_msgs/srv/detail/generate_twists__type_support.c.o[0m
[101.066s] [ 76%] [32mBuilding C object CMakeFiles/dwb_msgs__rosidl_typesupport_introspection_c.dir/rosidl_typesupport_introspection_c/dwb_msgs/srv/detail/generate_trajectory__type_support.c.o[0m
[101.513s] [ 77%] [32mBuilding C object CMakeFiles/dwb_msgs__rosidl_typesupport_introspection_c.dir/rosidl_typesupport_introspection_c/dwb_msgs/srv/detail/debug_local_plan__type_support.c.o[0m
[101.832s] [ 78%] [32mBuilding C object CMakeFiles/dwb_msgs__rosidl_typesupport_introspection_c.dir/rosidl_typesupport_introspection_c/dwb_msgs/msg/detail/trajectory_score__type_support.c.o[0m
[102.023s] [ 80%] [32mBuilding C object CMakeFiles/dwb_msgs__rosidl_typesupport_introspection_c.dir/rosidl_typesupport_introspection_c/dwb_msgs/msg/detail/trajectory2_d__type_support.c.o[0m
[102.415s] [ 81%] [32mBuilding C object CMakeFiles/dwb_msgs__rosidl_typesupport_introspection_c.dir/rosidl_typesupport_introspection_c/dwb_msgs/msg/detail/local_plan_evaluation__type_support.c.o[0m
[102.705s] [ 82%] [32m[1mLinking C shared library libdwb_msgs__rosidl_typesupport_introspection_c.so[0m
[102.981s] [ 82%] Built target dwb_msgs__rosidl_typesupport_introspection_c
[103.180s] [ 82%] Built target dwb_msgs
[103.368s] [ 83%] [34m[1mGenerating Python code for ROS interfaces[0m
[111.424s] [ 83%] Built target dwb_msgs__py
[111.535s] [ 84%] [32mBuilding C object CMakeFiles/dwb_msgs__rosidl_generator_py.dir/rosidl_generator_py/dwb_msgs/msg/_critic_score_s.c.o[0m
[112.001s] [ 85%] [32mBuilding C object CMakeFiles/dwb_msgs__rosidl_generator_py.dir/rosidl_generator_py/dwb_msgs/srv/_score_trajectory_s.c.o[0m
[112.503s] [ 86%] [32mBuilding C object CMakeFiles/dwb_msgs__rosidl_generator_py.dir/rosidl_generator_py/dwb_msgs/srv/_get_critic_score_s.c.o[0m
[112.952s] [ 87%] [32mBuilding C object CMakeFiles/dwb_msgs__rosidl_generator_py.dir/rosidl_generator_py/dwb_msgs/srv/_generate_twists_s.c.o[0m
[113.430s] [ 88%] [32mBuilding C object CMakeFiles/dwb_msgs__rosidl_generator_py.dir/rosidl_generator_py/dwb_msgs/srv/_generate_trajectory_s.c.o[0m
[113.886s] [ 89%] [32mBuilding C object CMakeFiles/dwb_msgs__rosidl_generator_py.dir/rosidl_generator_py/dwb_msgs/srv/_debug_local_plan_s.c.o[0m
[114.361s] [ 90%] [32mBuilding C object CMakeFiles/dwb_msgs__rosidl_generator_py.dir/rosidl_generator_py/dwb_msgs/msg/_trajectory_score_s.c.o[0m
[114.857s] [ 91%] [32mBuilding C object CMakeFiles/dwb_msgs__rosidl_generator_py.dir/rosidl_generator_py/dwb_msgs/msg/_trajectory2_d_s.c.o[0m
[115.329s] [ 92%] [32mBuilding C object CMakeFiles/dwb_msgs__rosidl_generator_py.dir/rosidl_generator_py/dwb_msgs/msg/_local_plan_evaluation_s.c.o[0m
[115.816s] [ 93%] [32m[1mLinking C shared library rosidl_generator_py/dwb_msgs/libdwb_msgs__rosidl_generator_py.so[0m
[116.057s] [ 93%] Built target dwb_msgs__rosidl_generator_py
[116.165s] [ 94%] [32mBuilding C object CMakeFiles/dwb_msgs__rosidl_typesupport_fastrtps_c__pyext.dir/rosidl_generator_py/dwb_msgs/_dwb_msgs_s.ep.rosidl_typesupport_fastrtps_c.c.o[0m
[116.792s] [ 95%] [32m[1mLinking C shared library rosidl_generator_py/dwb_msgs/dwb_msgs_s__rosidl_typesupport_fastrtps_c.cpython-310-x86_64-linux-gnu.so[0m
[117.042s] [ 95%] Built target dwb_msgs__rosidl_typesupport_fastrtps_c__pyext
[117.169s] [ 96%] [32mBuilding C object CMakeFiles/dwb_msgs__rosidl_typesupport_c__pyext.dir/rosidl_generator_py/dwb_msgs/_dwb_msgs_s.ep.rosidl_typesupport_c.c.o[0m
[117.860s] [ 97%] [32m[1mLinking C shared library rosidl_generator_py/dwb_msgs/dwb_msgs_s__rosidl_typesupport_c.cpython-310-x86_64-linux-gnu.so[0m
[118.117s] [ 97%] Built target dwb_msgs__rosidl_typesupport_c__pyext
[118.250s] [ 98%] [32mBuilding C object CMakeFiles/dwb_msgs__rosidl_typesupport_introspection_c__pyext.dir/rosidl_generator_py/dwb_msgs/_dwb_msgs_s.ep.rosidl_typesupport_introspection_c.c.o[0m
[118.921s] [100%] [32m[1mLinking C shared library rosidl_generator_py/dwb_msgs/dwb_msgs_s__rosidl_typesupport_introspection_c.cpython-310-x86_64-linux-gnu.so[0m
[119.181s] [100%] Built target dwb_msgs__rosidl_typesupport_introspection_c__pyext
[119.249s] Invoked command in '/home/misaka/fishbot/build/dwb_msgs' returned '0': AMENT_PREFIX_PATH=/home/misaka/fishbot/install/nav_2d_msgs:${AMENT_PREFIX_PATH} CMAKE_PREFIX_PATH=/home/misaka/fishbot/install/nav_2d_msgs:/opt/ros/humble LD_LIBRARY_PATH=/home/misaka/fishbot/install/nav_2d_msgs/lib:${LD_LIBRARY_PATH} PYTHONPATH=/home/misaka/fishbot/install/nav_2d_msgs/local/lib/python3.10/dist-packages:${PYTHONPATH} /usr/bin/cmake --build /home/misaka/fishbot/build/dwb_msgs -- -j16 -l16
[121.383s] Invoking command in '/home/misaka/fishbot/build/dwb_msgs': AMENT_PREFIX_PATH=/home/misaka/fishbot/install/nav_2d_msgs:${AMENT_PREFIX_PATH} CMAKE_PREFIX_PATH=/home/misaka/fishbot/install/nav_2d_msgs:/opt/ros/humble LD_LIBRARY_PATH=/home/misaka/fishbot/install/nav_2d_msgs/lib:${LD_LIBRARY_PATH} PYTHONPATH=/home/misaka/fishbot/install/nav_2d_msgs/local/lib/python3.10/dist-packages:${PYTHONPATH} /usr/bin/cmake --install /home/misaka/fishbot/build/dwb_msgs
[121.416s] -- Install configuration: ""
[121.417s] -- Installing: /home/misaka/fishbot/install/dwb_msgs/share/ament_index/resource_index/rosidl_interfaces/dwb_msgs
[121.418s] -- Installing: /home/misaka/fishbot/install/dwb_msgs/include/dwb_msgs/dwb_msgs
[121.419s] -- Installing: /home/misaka/fishbot/install/dwb_msgs/include/dwb_msgs/dwb_msgs/srv
[121.419s] -- Installing: /home/misaka/fishbot/install/dwb_msgs/include/dwb_msgs/dwb_msgs/srv/generate_trajectory.h
[121.420s] -- Installing: /home/misaka/fishbot/install/dwb_msgs/include/dwb_msgs/dwb_msgs/srv/get_critic_score.h
[121.420s] -- Installing: /home/misaka/fishbot/install/dwb_msgs/include/dwb_msgs/dwb_msgs/srv/detail
[121.420s] -- Installing: /home/misaka/fishbot/install/dwb_msgs/include/dwb_msgs/dwb_msgs/srv/detail/score_trajectory__struct.h
[121.420s] -- Installing: /home/misaka/fishbot/install/dwb_msgs/include/dwb_msgs/dwb_msgs/srv/detail/debug_local_plan__struct.h
[121.421s] -- Installing: /home/misaka/fishbot/install/dwb_msgs/include/dwb_msgs/dwb_msgs/srv/detail/get_critic_score__struct.h
[121.421s] -- Installing: /home/misaka/fishbot/install/dwb_msgs/include/dwb_msgs/dwb_msgs/srv/detail/generate_trajectory__functions.h
[121.421s] -- Installing: /home/misaka/fishbot/install/dwb_msgs/include/dwb_msgs/dwb_msgs/srv/detail/debug_local_plan__functions.h
[121.422s] -- Installing: /home/misaka/fishbot/install/dwb_msgs/include/dwb_msgs/dwb_msgs/srv/detail/get_critic_score__functions.h
[121.422s] -- Installing: /home/misaka/fishbot/install/dwb_msgs/include/dwb_msgs/dwb_msgs/srv/detail/generate_trajectory__type_support.h
[121.422s] -- Installing: /home/misaka/fishbot/install/dwb_msgs/include/dwb_msgs/dwb_msgs/srv/detail/score_trajectory__functions.c
[121.423s] -- Installing: /home/misaka/fishbot/install/dwb_msgs/include/dwb_msgs/dwb_msgs/srv/detail/generate_twists__functions.c
[121.423s] -- Installing: /home/misaka/fishbot/install/dwb_msgs/include/dwb_msgs/dwb_msgs/srv/detail/debug_local_plan__type_support.h
[121.423s] -- Installing: /home/misaka/fishbot/install/dwb_msgs/include/dwb_msgs/dwb_msgs/srv/detail/generate_twists__functions.h
[121.424s] -- Installing: /home/misaka/fishbot/install/dwb_msgs/include/dwb_msgs/dwb_msgs/srv/detail/score_trajectory__type_support.h
[121.424s] -- Installing: /home/misaka/fishbot/install/dwb_msgs/include/dwb_msgs/dwb_msgs/srv/detail/generate_trajectory__functions.c
[121.425s] -- Installing: /home/misaka/fishbot/install/dwb_msgs/include/dwb_msgs/dwb_msgs/srv/detail/generate_twists__type_support.h
[121.425s] -- Installing: /home/misaka/fishbot/install/dwb_msgs/include/dwb_msgs/dwb_msgs/srv/detail/score_trajectory__functions.h
[121.426s] -- Installing: /home/misaka/fishbot/install/dwb_msgs/include/dwb_msgs/dwb_msgs/srv/detail/get_critic_score__type_support.h
[121.426s] -- Installing: /home/misaka/fishbot/install/dwb_msgs/include/dwb_msgs/dwb_msgs/srv/detail/generate_twists__struct.h
[121.427s] -- Installing: /home/misaka/fishbot/install/dwb_msgs/include/dwb_msgs/dwb_msgs/srv/detail/get_critic_score__functions.c
[121.428s] -- Installing: /home/misaka/fishbot/install/dwb_msgs/include/dwb_msgs/dwb_msgs/srv/detail/debug_local_plan__functions.c
[121.428s] -- Installing: /home/misaka/fishbot/install/dwb_msgs/include/dwb_msgs/dwb_msgs/srv/detail/generate_trajectory__struct.h
[121.428s] -- Installing: /home/misaka/fishbot/install/dwb_msgs/include/dwb_msgs/dwb_msgs/srv/generate_twists.h
[121.429s] -- Installing: /home/misaka/fishbot/install/dwb_msgs/include/dwb_msgs/dwb_msgs/srv/debug_local_plan.h
[121.430s] -- Installing: /home/misaka/fishbot/install/dwb_msgs/include/dwb_msgs/dwb_msgs/srv/score_trajectory.h
[121.430s] -- Installing: /home/misaka/fishbot/install/dwb_msgs/include/dwb_msgs/dwb_msgs/msg
[121.430s] -- Installing: /home/misaka/fishbot/install/dwb_msgs/include/dwb_msgs/dwb_msgs/msg/rosidl_generator_c__visibility_control.h
[121.431s] -- Installing: /home/misaka/fishbot/install/dwb_msgs/include/dwb_msgs/dwb_msgs/msg/critic_score.h
[121.432s] -- Installing: /home/misaka/fishbot/install/dwb_msgs/include/dwb_msgs/dwb_msgs/msg/trajectory_score.h
[121.433s] -- Installing: /home/misaka/fishbot/install/dwb_msgs/include/dwb_msgs/dwb_msgs/msg/trajectory2_d.h
[121.433s] -- Installing: /home/misaka/fishbot/install/dwb_msgs/include/dwb_msgs/dwb_msgs/msg/detail
[121.433s] -- Installing: /home/misaka/fishbot/install/dwb_msgs/include/dwb_msgs/dwb_msgs/msg/detail/trajectory_score__functions.c
[121.433s] -- Installing: /home/misaka/fishbot/install/dwb_msgs/include/dwb_msgs/dwb_msgs/msg/detail/local_plan_evaluation__functions.c
[121.434s] -- Installing: /home/misaka/fishbot/install/dwb_msgs/include/dwb_msgs/dwb_msgs/msg/detail/critic_score__functions.c
[121.435s] -- Installing: /home/misaka/fishbot/install/dwb_msgs/include/dwb_msgs/dwb_msgs/msg/detail/trajectory_score__struct.h
[121.435s] -- Installing: /home/misaka/fishbot/install/dwb_msgs/include/dwb_msgs/dwb_msgs/msg/detail/trajectory_score__functions.h
[121.436s] -- Installing: /home/misaka/fishbot/install/dwb_msgs/include/dwb_msgs/dwb_msgs/msg/detail/local_plan_evaluation__type_support.h
[121.436s] -- Installing: /home/misaka/fishbot/install/dwb_msgs/include/dwb_msgs/dwb_msgs/msg/detail/trajectory2_d__type_support.h
[121.437s] -- Installing: /home/misaka/fishbot/install/dwb_msgs/include/dwb_msgs/dwb_msgs/msg/detail/local_plan_evaluation__functions.h
[121.437s] -- Installing: /home/misaka/fishbot/install/dwb_msgs/include/dwb_msgs/dwb_msgs/msg/detail/trajectory2_d__functions.c
[121.438s] -- Installing: /home/misaka/fishbot/install/dwb_msgs/include/dwb_msgs/dwb_msgs/msg/detail/critic_score__struct.h
[121.439s] -- Installing: /home/misaka/fishbot/install/dwb_msgs/include/dwb_msgs/dwb_msgs/msg/detail/trajectory2_d__struct.h
[121.440s] -- Installing: /home/misaka/fishbot/install/dwb_msgs/include/dwb_msgs/dwb_msgs/msg/detail/trajectory_score__type_support.h
[121.441s] -- Installing: /home/misaka/fishbot/install/dwb_msgs/include/dwb_msgs/dwb_msgs/msg/detail/critic_score__type_support.h
[121.441s] -- Installing: /home/misaka/fishbot/install/dwb_msgs/include/dwb_msgs/dwb_msgs/msg/detail/local_plan_evaluation__struct.h
[121.442s] -- Installing: /home/misaka/fishbot/install/dwb_msgs/include/dwb_msgs/dwb_msgs/msg/detail/trajectory2_d__functions.h
[121.442s] -- Installing: /home/misaka/fishbot/install/dwb_msgs/include/dwb_msgs/dwb_msgs/msg/detail/critic_score__functions.h
[121.442s] -- Installing: /home/misaka/fishbot/install/dwb_msgs/include/dwb_msgs/dwb_msgs/msg/local_plan_evaluation.h
[121.446s] -- Installing: /home/misaka/fishbot/install/dwb_msgs/share/dwb_msgs/environment/library_path.sh
[121.446s] -- Installing: /home/misaka/fishbot/install/dwb_msgs/share/dwb_msgs/environment/library_path.dsv
[121.447s] -- Installing: /home/misaka/fishbot/install/dwb_msgs/lib/libdwb_msgs__rosidl_generator_c.so
[121.448s] -- Set runtime path of "/home/misaka/fishbot/install/dwb_msgs/lib/libdwb_msgs__rosidl_generator_c.so" to ""
[121.448s] -- Up-to-date: /home/misaka/fishbot/install/dwb_msgs/include/dwb_msgs/dwb_msgs
[121.448s] -- Up-to-date: /home/misaka/fishbot/install/dwb_msgs/include/dwb_msgs/dwb_msgs/srv
[121.449s] -- Up-to-date: /home/misaka/fishbot/install/dwb_msgs/include/dwb_msgs/dwb_msgs/srv/detail
[121.449s] -- Installing: /home/misaka/fishbot/install/dwb_msgs/include/dwb_msgs/dwb_msgs/srv/detail/get_critic_score__rosidl_typesupport_fastrtps_c.h
[121.449s] -- Installing: /home/misaka/fishbot/install/dwb_msgs/include/dwb_msgs/dwb_msgs/srv/detail/generate_trajectory__rosidl_typesupport_fastrtps_c.h
[121.449s] -- Installing: /home/misaka/fishbot/install/dwb_msgs/include/dwb_msgs/dwb_msgs/srv/detail/score_trajectory__rosidl_typesupport_fastrtps_c.h
[121.450s] -- Installing: /home/misaka/fishbot/install/dwb_msgs/include/dwb_msgs/dwb_msgs/srv/detail/debug_local_plan__rosidl_typesupport_fastrtps_c.h
[121.451s] -- Installing: /home/misaka/fishbot/install/dwb_msgs/include/dwb_msgs/dwb_msgs/srv/detail/generate_twists__rosidl_typesupport_fastrtps_c.h
[121.451s] -- Up-to-date: /home/misaka/fishbot/install/dwb_msgs/include/dwb_msgs/dwb_msgs/msg
[121.452s] -- Installing: /home/misaka/fishbot/install/dwb_msgs/include/dwb_msgs/dwb_msgs/msg/rosidl_typesupport_fastrtps_c__visibility_control.h
[121.452s] -- Up-to-date: /home/misaka/fishbot/install/dwb_msgs/include/dwb_msgs/dwb_msgs/msg/detail
[121.452s] -- Installing: /home/misaka/fishbot/install/dwb_msgs/include/dwb_msgs/dwb_msgs/msg/detail/critic_score__rosidl_typesupport_fastrtps_c.h
[121.453s] -- Installing: /home/misaka/fishbot/install/dwb_msgs/include/dwb_msgs/dwb_msgs/msg/detail/trajectory2_d__rosidl_typesupport_fastrtps_c.h
[121.453s] -- Installing: /home/misaka/fishbot/install/dwb_msgs/include/dwb_msgs/dwb_msgs/msg/detail/local_plan_evaluation__rosidl_typesupport_fastrtps_c.h
[121.453s] -- Installing: /home/misaka/fishbot/install/dwb_msgs/include/dwb_msgs/dwb_msgs/msg/detail/trajectory_score__rosidl_typesupport_fastrtps_c.h
[121.454s] -- Installing: /home/misaka/fishbot/install/dwb_msgs/lib/libdwb_msgs__rosidl_typesupport_fastrtps_c.so
[121.454s] -- Set runtime path of "/home/misaka/fishbot/install/dwb_msgs/lib/libdwb_msgs__rosidl_typesupport_fastrtps_c.so" to ""
[121.454s] -- Up-to-date: /home/misaka/fishbot/install/dwb_msgs/include/dwb_msgs/dwb_msgs
[121.454s] -- Up-to-date: /home/misaka/fishbot/install/dwb_msgs/include/dwb_msgs/dwb_msgs/srv
[121.454s] -- Installing: /home/misaka/fishbot/install/dwb_msgs/include/dwb_msgs/dwb_msgs/srv/debug_local_plan.hpp
[121.455s] -- Up-to-date: /home/misaka/fishbot/install/dwb_msgs/include/dwb_msgs/dwb_msgs/srv/detail
[121.455s] -- Installing: /home/misaka/fishbot/install/dwb_msgs/include/dwb_msgs/dwb_msgs/srv/detail/generate_trajectory__builder.hpp
[121.455s] -- Installing: /home/misaka/fishbot/install/dwb_msgs/include/dwb_msgs/dwb_msgs/srv/detail/score_trajectory__builder.hpp
[121.457s] -- Installing: /home/misaka/fishbot/install/dwb_msgs/include/dwb_msgs/dwb_msgs/srv/detail/score_trajectory__traits.hpp
[121.457s] -- Installing: /home/misaka/fishbot/install/dwb_msgs/include/dwb_msgs/dwb_msgs/srv/detail/score_trajectory__struct.hpp
[121.457s] -- Installing: /home/misaka/fishbot/install/dwb_msgs/include/dwb_msgs/dwb_msgs/srv/detail/get_critic_score__builder.hpp
[121.457s] -- Installing: /home/misaka/fishbot/install/dwb_msgs/include/dwb_msgs/dwb_msgs/srv/detail/debug_local_plan__struct.hpp
[121.458s] -- Installing: /home/misaka/fishbot/install/dwb_msgs/include/dwb_msgs/dwb_msgs/srv/detail/get_critic_score__struct.hpp
[121.458s] -- Installing: /home/misaka/fishbot/install/dwb_msgs/include/dwb_msgs/dwb_msgs/srv/detail/debug_local_plan__traits.hpp
[121.458s] -- Installing: /home/misaka/fishbot/install/dwb_msgs/include/dwb_msgs/dwb_msgs/srv/detail/generate_twists__struct.hpp
[121.458s] -- Installing: /home/misaka/fishbot/install/dwb_msgs/include/dwb_msgs/dwb_msgs/srv/detail/generate_trajectory__traits.hpp
[121.459s] -- Installing: /home/misaka/fishbot/install/dwb_msgs/include/dwb_msgs/dwb_msgs/srv/detail/generate_twists__builder.hpp
[121.459s] -- Installing: /home/misaka/fishbot/install/dwb_msgs/include/dwb_msgs/dwb_msgs/srv/detail/generate_trajectory__struct.hpp
[121.460s] -- Installing: /home/misaka/fishbot/install/dwb_msgs/include/dwb_msgs/dwb_msgs/srv/detail/generate_twists__traits.hpp
[121.460s] -- Installing: /home/misaka/fishbot/install/dwb_msgs/include/dwb_msgs/dwb_msgs/srv/detail/debug_local_plan__builder.hpp
[121.460s] -- Installing: /home/misaka/fishbot/install/dwb_msgs/include/dwb_msgs/dwb_msgs/srv/detail/get_critic_score__traits.hpp
[121.461s] -- Installing: /home/misaka/fishbot/install/dwb_msgs/include/dwb_msgs/dwb_msgs/srv/score_trajectory.hpp
[121.461s] -- Installing: /home/misaka/fishbot/install/dwb_msgs/include/dwb_msgs/dwb_msgs/srv/generate_trajectory.hpp
[121.461s] -- Installing: /home/misaka/fishbot/install/dwb_msgs/include/dwb_msgs/dwb_msgs/srv/get_critic_score.hpp
[121.463s] -- Installing: /home/misaka/fishbot/install/dwb_msgs/include/dwb_msgs/dwb_msgs/srv/generate_twists.hpp
[121.464s] -- Up-to-date: /home/misaka/fishbot/install/dwb_msgs/include/dwb_msgs/dwb_msgs/msg
[121.464s] -- Installing: /home/misaka/fishbot/install/dwb_msgs/include/dwb_msgs/dwb_msgs/msg/trajectory2_d.hpp
[121.465s] -- Installing: /home/misaka/fishbot/install/dwb_msgs/include/dwb_msgs/dwb_msgs/msg/trajectory_score.hpp
[121.465s] -- Installing: /home/misaka/fishbot/install/dwb_msgs/include/dwb_msgs/dwb_msgs/msg/critic_score.hpp
[121.466s] -- Up-to-date: /home/misaka/fishbot/install/dwb_msgs/include/dwb_msgs/dwb_msgs/msg/detail
[121.466s] -- Installing: /home/misaka/fishbot/install/dwb_msgs/include/dwb_msgs/dwb_msgs/msg/detail/trajectory2_d__builder.hpp
[121.467s] -- Installing: /home/misaka/fishbot/install/dwb_msgs/include/dwb_msgs/dwb_msgs/msg/detail/trajectory2_d__struct.hpp
[121.467s] -- Installing: /home/misaka/fishbot/install/dwb_msgs/include/dwb_msgs/dwb_msgs/msg/detail/critic_score__builder.hpp
[121.468s] -- Installing: /home/misaka/fishbot/install/dwb_msgs/include/dwb_msgs/dwb_msgs/msg/detail/critic_score__traits.hpp
[121.469s] -- Installing: /home/misaka/fishbot/install/dwb_msgs/include/dwb_msgs/dwb_msgs/msg/detail/trajectory_score__builder.hpp
[121.469s] -- Installing: /home/misaka/fishbot/install/dwb_msgs/include/dwb_msgs/dwb_msgs/msg/detail/trajectory_score__traits.hpp
[121.470s] -- Installing: /home/misaka/fishbot/install/dwb_msgs/include/dwb_msgs/dwb_msgs/msg/detail/local_plan_evaluation__builder.hpp
[121.470s] -- Installing: /home/misaka/fishbot/install/dwb_msgs/include/dwb_msgs/dwb_msgs/msg/detail/trajectory_score__struct.hpp
[121.470s] -- Installing: /home/misaka/fishbot/install/dwb_msgs/include/dwb_msgs/dwb_msgs/msg/detail/local_plan_evaluation__struct.hpp
[121.471s] -- Installing: /home/misaka/fishbot/install/dwb_msgs/include/dwb_msgs/dwb_msgs/msg/detail/trajectory2_d__traits.hpp
[121.471s] -- Installing: /home/misaka/fishbot/install/dwb_msgs/include/dwb_msgs/dwb_msgs/msg/detail/local_plan_evaluation__traits.hpp
[121.471s] -- Installing: /home/misaka/fishbot/install/dwb_msgs/include/dwb_msgs/dwb_msgs/msg/detail/critic_score__struct.hpp
[121.472s] -- Installing: /home/misaka/fishbot/install/dwb_msgs/include/dwb_msgs/dwb_msgs/msg/local_plan_evaluation.hpp
[121.472s] -- Up-to-date: /home/misaka/fishbot/install/dwb_msgs/include/dwb_msgs/dwb_msgs
[121.472s] -- Up-to-date: /home/misaka/fishbot/install/dwb_msgs/include/dwb_msgs/dwb_msgs/srv
[121.472s] -- Up-to-date: /home/misaka/fishbot/install/dwb_msgs/include/dwb_msgs/dwb_msgs/srv/detail
[121.473s] -- Installing: /home/misaka/fishbot/install/dwb_msgs/include/dwb_msgs/dwb_msgs/srv/detail/debug_local_plan__rosidl_typesupport_fastrtps_cpp.hpp
[121.473s] -- Installing: /home/misaka/fishbot/install/dwb_msgs/include/dwb_msgs/dwb_msgs/srv/detail/generate_trajectory__rosidl_typesupport_fastrtps_cpp.hpp
[121.473s] -- Installing: /home/misaka/fishbot/install/dwb_msgs/include/dwb_msgs/dwb_msgs/srv/detail/dds_fastrtps
[121.474s] -- Installing: /home/misaka/fishbot/install/dwb_msgs/include/dwb_msgs/dwb_msgs/srv/detail/score_trajectory__rosidl_typesupport_fastrtps_cpp.hpp
[121.474s] -- Installing: /home/misaka/fishbot/install/dwb_msgs/include/dwb_msgs/dwb_msgs/srv/detail/get_critic_score__rosidl_typesupport_fastrtps_cpp.hpp
[121.475s] -- Installing: /home/misaka/fishbot/install/dwb_msgs/include/dwb_msgs/dwb_msgs/srv/detail/generate_twists__rosidl_typesupport_fastrtps_cpp.hpp
[121.475s] -- Up-to-date: /home/misaka/fishbot/install/dwb_msgs/include/dwb_msgs/dwb_msgs/msg
[121.475s] -- Up-to-date: /home/misaka/fishbot/install/dwb_msgs/include/dwb_msgs/dwb_msgs/msg/detail
[121.475s] -- Installing: /home/misaka/fishbot/install/dwb_msgs/include/dwb_msgs/dwb_msgs/msg/detail/dds_fastrtps
[121.476s] -- Installing: /home/misaka/fishbot/install/dwb_msgs/include/dwb_msgs/dwb_msgs/msg/detail/trajectory_score__rosidl_typesupport_fastrtps_cpp.hpp
[121.476s] -- Installing: /home/misaka/fishbot/install/dwb_msgs/include/dwb_msgs/dwb_msgs/msg/detail/local_plan_evaluation__rosidl_typesupport_fastrtps_cpp.hpp
[121.478s] -- Installing: /home/misaka/fishbot/install/dwb_msgs/include/dwb_msgs/dwb_msgs/msg/detail/critic_score__rosidl_typesupport_fastrtps_cpp.hpp
[121.478s] -- Installing: /home/misaka/fishbot/install/dwb_msgs/include/dwb_msgs/dwb_msgs/msg/detail/trajectory2_d__rosidl_typesupport_fastrtps_cpp.hpp
[121.479s] -- Installing: /home/misaka/fishbot/install/dwb_msgs/include/dwb_msgs/dwb_msgs/msg/rosidl_typesupport_fastrtps_cpp__visibility_control.h
[121.480s] -- Installing: /home/misaka/fishbot/install/dwb_msgs/lib/libdwb_msgs__rosidl_typesupport_fastrtps_cpp.so
[121.485s] -- Set runtime path of "/home/misaka/fishbot/install/dwb_msgs/lib/libdwb_msgs__rosidl_typesupport_fastrtps_cpp.so" to ""
[121.486s] -- Up-to-date: /home/misaka/fishbot/install/dwb_msgs/include/dwb_msgs/dwb_msgs
[121.486s] -- Up-to-date: /home/misaka/fishbot/install/dwb_msgs/include/dwb_msgs/dwb_msgs/srv
[121.486s] -- Up-to-date: /home/misaka/fishbot/install/dwb_msgs/include/dwb_msgs/dwb_msgs/srv/detail
[121.486s] -- Installing: /home/misaka/fishbot/install/dwb_msgs/include/dwb_msgs/dwb_msgs/srv/detail/score_trajectory__type_support.c
[121.486s] -- Installing: /home/misaka/fishbot/install/dwb_msgs/include/dwb_msgs/dwb_msgs/srv/detail/get_critic_score__rosidl_typesupport_introspection_c.h
[121.488s] -- Installing: /home/misaka/fishbot/install/dwb_msgs/include/dwb_msgs/dwb_msgs/srv/detail/score_trajectory__rosidl_typesupport_introspection_c.h
[121.492s] -- Installing: /home/misaka/fishbot/install/dwb_msgs/include/dwb_msgs/dwb_msgs/srv/detail/debug_local_plan__type_support.c
[121.493s] -- Installing: /home/misaka/fishbot/install/dwb_msgs/include/dwb_msgs/dwb_msgs/srv/detail/get_critic_score__type_support.c
[121.493s] -- Installing: /home/misaka/fishbot/install/dwb_msgs/include/dwb_msgs/dwb_msgs/srv/detail/debug_local_plan__rosidl_typesupport_introspection_c.h
[121.494s] -- Installing: /home/misaka/fishbot/install/dwb_msgs/include/dwb_msgs/dwb_msgs/srv/detail/generate_trajectory__type_support.c
[121.494s] -- Installing: /home/misaka/fishbot/install/dwb_msgs/include/dwb_msgs/dwb_msgs/srv/detail/generate_twists__rosidl_typesupport_introspection_c.h
[121.495s] -- Installing: /home/misaka/fishbot/install/dwb_msgs/include/dwb_msgs/dwb_msgs/srv/detail/generate_trajectory__rosidl_typesupport_introspection_c.h
[121.495s] -- Installing: /home/misaka/fishbot/install/dwb_msgs/include/dwb_msgs/dwb_msgs/srv/detail/generate_twists__type_support.c
[121.495s] -- Up-to-date: /home/misaka/fishbot/install/dwb_msgs/include/dwb_msgs/dwb_msgs/msg
[121.496s] -- Up-to-date: /home/misaka/fishbot/install/dwb_msgs/include/dwb_msgs/dwb_msgs/msg/detail
[121.496s] -- Installing: /home/misaka/fishbot/install/dwb_msgs/include/dwb_msgs/dwb_msgs/msg/detail/trajectory2_d__type_support.c
[121.496s] -- Installing: /home/misaka/fishbot/install/dwb_msgs/include/dwb_msgs/dwb_msgs/msg/detail/trajectory2_d__rosidl_typesupport_introspection_c.h
[121.496s] -- Installing: /home/misaka/fishbot/install/dwb_msgs/include/dwb_msgs/dwb_msgs/msg/detail/trajectory_score__type_support.c
[121.496s] -- Installing: /home/misaka/fishbot/install/dwb_msgs/include/dwb_msgs/dwb_msgs/msg/detail/critic_score__type_support.c
[121.496s] -- Installing: /home/misaka/fishbot/install/dwb_msgs/include/dwb_msgs/dwb_msgs/msg/detail/critic_score__rosidl_typesupport_introspection_c.h
[121.497s] -- Installing: /home/misaka/fishbot/install/dwb_msgs/include/dwb_msgs/dwb_msgs/msg/detail/local_plan_evaluation__rosidl_typesupport_introspection_c.h
[121.497s] -- Installing: /home/misaka/fishbot/install/dwb_msgs/include/dwb_msgs/dwb_msgs/msg/detail/trajectory_score__rosidl_typesupport_introspection_c.h
[121.497s] -- Installing: /home/misaka/fishbot/install/dwb_msgs/include/dwb_msgs/dwb_msgs/msg/detail/local_plan_evaluation__type_support.c
[121.498s] -- Installing: /home/misaka/fishbot/install/dwb_msgs/include/dwb_msgs/dwb_msgs/msg/rosidl_typesupport_introspection_c__visibility_control.h
[121.499s] -- Installing: /home/misaka/fishbot/install/dwb_msgs/lib/libdwb_msgs__rosidl_typesupport_introspection_c.so
[121.501s] -- Set runtime path of "/home/misaka/fishbot/install/dwb_msgs/lib/libdwb_msgs__rosidl_typesupport_introspection_c.so" to ""
[121.502s] -- Installing: /home/misaka/fishbot/install/dwb_msgs/lib/libdwb_msgs__rosidl_typesupport_c.so
[121.504s] -- Set runtime path of "/home/misaka/fishbot/install/dwb_msgs/lib/libdwb_msgs__rosidl_typesupport_c.so" to ""
[121.505s] -- Up-to-date: /home/misaka/fishbot/install/dwb_msgs/include/dwb_msgs/dwb_msgs
[121.505s] -- Up-to-date: /home/misaka/fishbot/install/dwb_msgs/include/dwb_msgs/dwb_msgs/srv
[121.505s] -- Up-to-date: /home/misaka/fishbot/install/dwb_msgs/include/dwb_msgs/dwb_msgs/srv/detail
[121.505s] -- Installing: /home/misaka/fishbot/install/dwb_msgs/include/dwb_msgs/dwb_msgs/srv/detail/get_critic_score__type_support.cpp
[121.507s] -- Installing: /home/misaka/fishbot/install/dwb_msgs/include/dwb_msgs/dwb_msgs/srv/detail/generate_trajectory__type_support.cpp
[121.509s] -- Installing: /home/misaka/fishbot/install/dwb_msgs/include/dwb_msgs/dwb_msgs/srv/detail/get_critic_score__rosidl_typesupport_introspection_cpp.hpp
[121.513s] -- Installing: /home/misaka/fishbot/install/dwb_msgs/include/dwb_msgs/dwb_msgs/srv/detail/generate_twists__type_support.cpp
[121.514s] -- Installing: /home/misaka/fishbot/install/dwb_msgs/include/dwb_msgs/dwb_msgs/srv/detail/debug_local_plan__rosidl_typesupport_introspection_cpp.hpp
[121.514s] -- Installing: /home/misaka/fishbot/install/dwb_msgs/include/dwb_msgs/dwb_msgs/srv/detail/generate_trajectory__rosidl_typesupport_introspection_cpp.hpp
[121.515s] -- Installing: /home/misaka/fishbot/install/dwb_msgs/include/dwb_msgs/dwb_msgs/srv/detail/debug_local_plan__type_support.cpp
[121.515s] -- Installing: /home/misaka/fishbot/install/dwb_msgs/include/dwb_msgs/dwb_msgs/srv/detail/score_trajectory__type_support.cpp
[121.515s] -- Installing: /home/misaka/fishbot/install/dwb_msgs/include/dwb_msgs/dwb_msgs/srv/detail/score_trajectory__rosidl_typesupport_introspection_cpp.hpp
[121.515s] -- Installing: /home/misaka/fishbot/install/dwb_msgs/include/dwb_msgs/dwb_msgs/srv/detail/generate_twists__rosidl_typesupport_introspection_cpp.hpp
[121.516s] -- Up-to-date: /home/misaka/fishbot/install/dwb_msgs/include/dwb_msgs/dwb_msgs/msg
[121.516s] -- Up-to-date: /home/misaka/fishbot/install/dwb_msgs/include/dwb_msgs/dwb_msgs/msg/detail
[121.518s] -- Installing: /home/misaka/fishbot/install/dwb_msgs/include/dwb_msgs/dwb_msgs/msg/detail/trajectory2_d__type_support.cpp
[121.518s] -- Installing: /home/misaka/fishbot/install/dwb_msgs/include/dwb_msgs/dwb_msgs/msg/detail/trajectory2_d__rosidl_typesupport_introspection_cpp.hpp
[121.518s] -- Installing: /home/misaka/fishbot/install/dwb_msgs/include/dwb_msgs/dwb_msgs/msg/detail/trajectory_score__type_support.cpp
[121.519s] -- Installing: /home/misaka/fishbot/install/dwb_msgs/include/dwb_msgs/dwb_msgs/msg/detail/local_plan_evaluation__type_support.cpp
[121.519s] -- Installing: /home/misaka/fishbot/install/dwb_msgs/include/dwb_msgs/dwb_msgs/msg/detail/critic_score__rosidl_typesupport_introspection_cpp.hpp
[121.520s] -- Installing: /home/misaka/fishbot/install/dwb_msgs/include/dwb_msgs/dwb_msgs/msg/detail/trajectory_score__rosidl_typesupport_introspection_cpp.hpp
[121.521s] -- Installing: /home/misaka/fishbot/install/dwb_msgs/include/dwb_msgs/dwb_msgs/msg/detail/local_plan_evaluation__rosidl_typesupport_introspection_cpp.hpp
[121.521s] -- Installing: /home/misaka/fishbot/install/dwb_msgs/include/dwb_msgs/dwb_msgs/msg/detail/critic_score__type_support.cpp
[121.522s] -- Installing: /home/misaka/fishbot/install/dwb_msgs/lib/libdwb_msgs__rosidl_typesupport_introspection_cpp.so
[121.528s] -- Set runtime path of "/home/misaka/fishbot/install/dwb_msgs/lib/libdwb_msgs__rosidl_typesupport_introspection_cpp.so" to ""
[121.529s] -- Installing: /home/misaka/fishbot/install/dwb_msgs/lib/libdwb_msgs__rosidl_typesupport_cpp.so
[121.529s] -- Set runtime path of "/home/misaka/fishbot/install/dwb_msgs/lib/libdwb_msgs__rosidl_typesupport_cpp.so" to ""
[121.535s] -- Installing: /home/misaka/fishbot/install/dwb_msgs/share/dwb_msgs/environment/pythonpath.sh
[121.536s] -- Installing: /home/misaka/fishbot/install/dwb_msgs/share/dwb_msgs/environment/pythonpath.dsv
[121.540s] -- Installing: /home/misaka/fishbot/install/dwb_msgs/local/lib/python3.10/dist-packages/dwb_msgs-1.1.0-py3.10.egg-info
[121.542s] -- Installing: /home/misaka/fishbot/install/dwb_msgs/local/lib/python3.10/dist-packages/dwb_msgs-1.1.0-py3.10.egg-info/PKG-INFO
[121.543s] -- Installing: /home/misaka/fishbot/install/dwb_msgs/local/lib/python3.10/dist-packages/dwb_msgs-1.1.0-py3.10.egg-info/dependency_links.txt
[121.548s] -- Installing: /home/misaka/fishbot/install/dwb_msgs/local/lib/python3.10/dist-packages/dwb_msgs-1.1.0-py3.10.egg-info/SOURCES.txt
[121.552s] -- Installing: /home/misaka/fishbot/install/dwb_msgs/local/lib/python3.10/dist-packages/dwb_msgs-1.1.0-py3.10.egg-info/top_level.txt
[121.560s] -- Installing: /home/misaka/fishbot/install/dwb_msgs/local/lib/python3.10/dist-packages/dwb_msgs
[121.560s] -- Installing: /home/misaka/fishbot/install/dwb_msgs/local/lib/python3.10/dist-packages/dwb_msgs/libdwb_msgs__rosidl_generator_py.so
[121.561s] -- Installing: /home/misaka/fishbot/install/dwb_msgs/local/lib/python3.10/dist-packages/dwb_msgs/_dwb_msgs_s.ep.rosidl_typesupport_c.c
[121.561s] -- Installing: /home/misaka/fishbot/install/dwb_msgs/local/lib/python3.10/dist-packages/dwb_msgs/_dwb_msgs_s.ep.rosidl_typesupport_fastrtps_c.c
[121.561s] -- Installing: /home/misaka/fishbot/install/dwb_msgs/local/lib/python3.10/dist-packages/dwb_msgs/srv
[121.561s] -- Installing: /home/misaka/fishbot/install/dwb_msgs/local/lib/python3.10/dist-packages/dwb_msgs/srv/_get_critic_score.py
[121.569s] -- Installing: /home/misaka/fishbot/install/dwb_msgs/local/lib/python3.10/dist-packages/dwb_msgs/srv/_score_trajectory.py
[121.569s] -- Installing: /home/misaka/fishbot/install/dwb_msgs/local/lib/python3.10/dist-packages/dwb_msgs/srv/_generate_twists_s.c
[121.569s] -- Installing: /home/misaka/fishbot/install/dwb_msgs/local/lib/python3.10/dist-packages/dwb_msgs/srv/_get_critic_score_s.c
[121.570s] -- Installing: /home/misaka/fishbot/install/dwb_msgs/local/lib/python3.10/dist-packages/dwb_msgs/srv/_score_trajectory_s.c
[121.570s] -- Installing: /home/misaka/fishbot/install/dwb_msgs/local/lib/python3.10/dist-packages/dwb_msgs/srv/_generate_trajectory.py
[121.570s] -- Installing: /home/misaka/fishbot/install/dwb_msgs/local/lib/python3.10/dist-packages/dwb_msgs/srv/_generate_twists.py
[121.570s] -- Installing: /home/misaka/fishbot/install/dwb_msgs/local/lib/python3.10/dist-packages/dwb_msgs/srv/_debug_local_plan_s.c
[121.570s] -- Installing: /home/misaka/fishbot/install/dwb_msgs/local/lib/python3.10/dist-packages/dwb_msgs/srv/_debug_local_plan.py
[121.570s] -- Installing: /home/misaka/fishbot/install/dwb_msgs/local/lib/python3.10/dist-packages/dwb_msgs/srv/__init__.py
[121.570s] -- Installing: /home/misaka/fishbot/install/dwb_msgs/local/lib/python3.10/dist-packages/dwb_msgs/srv/_generate_trajectory_s.c
[121.571s] -- Installing: /home/misaka/fishbot/install/dwb_msgs/local/lib/python3.10/dist-packages/dwb_msgs/dwb_msgs_s__rosidl_typesupport_c.cpython-310-x86_64-linux-gnu.so
[121.583s] -- Installing: /home/misaka/fishbot/install/dwb_msgs/local/lib/python3.10/dist-packages/dwb_msgs/_dwb_msgs_s.ep.rosidl_typesupport_introspection_c.c
[121.583s] -- Installing: /home/misaka/fishbot/install/dwb_msgs/local/lib/python3.10/dist-packages/dwb_msgs/dwb_msgs_s__rosidl_typesupport_fastrtps_c.cpython-310-x86_64-linux-gnu.so
[121.584s] -- Installing: /home/misaka/fishbot/install/dwb_msgs/local/lib/python3.10/dist-packages/dwb_msgs/__init__.py
[121.584s] -- Installing: /home/misaka/fishbot/install/dwb_msgs/local/lib/python3.10/dist-packages/dwb_msgs/msg
[121.584s] -- Installing: /home/misaka/fishbot/install/dwb_msgs/local/lib/python3.10/dist-packages/dwb_msgs/msg/_critic_score.py
[121.584s] -- Installing: /home/misaka/fishbot/install/dwb_msgs/local/lib/python3.10/dist-packages/dwb_msgs/msg/_trajectory_score_s.c
[121.591s] -- Installing: /home/misaka/fishbot/install/dwb_msgs/local/lib/python3.10/dist-packages/dwb_msgs/msg/_critic_score_s.c
[121.591s] -- Installing: /home/misaka/fishbot/install/dwb_msgs/local/lib/python3.10/dist-packages/dwb_msgs/msg/_trajectory2_d_s.c
[121.592s] -- Installing: /home/misaka/fishbot/install/dwb_msgs/local/lib/python3.10/dist-packages/dwb_msgs/msg/_trajectory2_d.py
[121.592s] -- Installing: /home/misaka/fishbot/install/dwb_msgs/local/lib/python3.10/dist-packages/dwb_msgs/msg/_local_plan_evaluation_s.c
[121.592s] -- Installing: /home/misaka/fishbot/install/dwb_msgs/local/lib/python3.10/dist-packages/dwb_msgs/msg/_local_plan_evaluation.py
[121.593s] -- Installing: /home/misaka/fishbot/install/dwb_msgs/local/lib/python3.10/dist-packages/dwb_msgs/msg/__init__.py
[121.593s] -- Installing: /home/misaka/fishbot/install/dwb_msgs/local/lib/python3.10/dist-packages/dwb_msgs/msg/_trajectory_score.py
[121.593s] -- Installing: /home/misaka/fishbot/install/dwb_msgs/local/lib/python3.10/dist-packages/dwb_msgs/dwb_msgs_s__rosidl_typesupport_introspection_c.cpython-310-x86_64-linux-gnu.so
[121.770s] Listing '/home/misaka/fishbot/install/dwb_msgs/local/lib/python3.10/dist-packages/dwb_msgs'...
[121.771s] Compiling '/home/misaka/fishbot/install/dwb_msgs/local/lib/python3.10/dist-packages/dwb_msgs/__init__.py'...
[121.771s] Listing '/home/misaka/fishbot/install/dwb_msgs/local/lib/python3.10/dist-packages/dwb_msgs/msg'...
[121.771s] Compiling '/home/misaka/fishbot/install/dwb_msgs/local/lib/python3.10/dist-packages/dwb_msgs/msg/__init__.py'...
[121.772s] Compiling '/home/misaka/fishbot/install/dwb_msgs/local/lib/python3.10/dist-packages/dwb_msgs/msg/_critic_score.py'...
[121.772s] Compiling '/home/misaka/fishbot/install/dwb_msgs/local/lib/python3.10/dist-packages/dwb_msgs/msg/_local_plan_evaluation.py'...
[121.772s] Compiling '/home/misaka/fishbot/install/dwb_msgs/local/lib/python3.10/dist-packages/dwb_msgs/msg/_trajectory2_d.py'...
[121.772s] Compiling '/home/misaka/fishbot/install/dwb_msgs/local/lib/python3.10/dist-packages/dwb_msgs/msg/_trajectory_score.py'...
[121.772s] Listing '/home/misaka/fishbot/install/dwb_msgs/local/lib/python3.10/dist-packages/dwb_msgs/srv'...
[121.772s] Compiling '/home/misaka/fishbot/install/dwb_msgs/local/lib/python3.10/dist-packages/dwb_msgs/srv/__init__.py'...
[121.773s] Compiling '/home/misaka/fishbot/install/dwb_msgs/local/lib/python3.10/dist-packages/dwb_msgs/srv/_debug_local_plan.py'...
[121.773s] Compiling '/home/misaka/fishbot/install/dwb_msgs/local/lib/python3.10/dist-packages/dwb_msgs/srv/_generate_trajectory.py'...
[121.773s] Compiling '/home/misaka/fishbot/install/dwb_msgs/local/lib/python3.10/dist-packages/dwb_msgs/srv/_generate_twists.py'...
[121.774s] Compiling '/home/misaka/fishbot/install/dwb_msgs/local/lib/python3.10/dist-packages/dwb_msgs/srv/_get_critic_score.py'...
[121.774s] Compiling '/home/misaka/fishbot/install/dwb_msgs/local/lib/python3.10/dist-packages/dwb_msgs/srv/_score_trajectory.py'...
[121.796s] -- Installing: /home/misaka/fishbot/install/dwb_msgs/local/lib/python3.10/dist-packages/dwb_msgs/dwb_msgs_s__rosidl_typesupport_fastrtps_c.cpython-310-x86_64-linux-gnu.so
[121.796s] -- Set runtime path of "/home/misaka/fishbot/install/dwb_msgs/local/lib/python3.10/dist-packages/dwb_msgs/dwb_msgs_s__rosidl_typesupport_fastrtps_c.cpython-310-x86_64-linux-gnu.so" to ""
[121.796s] -- Installing: /home/misaka/fishbot/install/dwb_msgs/local/lib/python3.10/dist-packages/dwb_msgs/dwb_msgs_s__rosidl_typesupport_introspection_c.cpython-310-x86_64-linux-gnu.so
[121.801s] -- Set runtime path of "/home/misaka/fishbot/install/dwb_msgs/local/lib/python3.10/dist-packages/dwb_msgs/dwb_msgs_s__rosidl_typesupport_introspection_c.cpython-310-x86_64-linux-gnu.so" to ""
[121.806s] -- Installing: /home/misaka/fishbot/install/dwb_msgs/local/lib/python3.10/dist-packages/dwb_msgs/dwb_msgs_s__rosidl_typesupport_c.cpython-310-x86_64-linux-gnu.so
[121.807s] -- Set runtime path of "/home/misaka/fishbot/install/dwb_msgs/local/lib/python3.10/dist-packages/dwb_msgs/dwb_msgs_s__rosidl_typesupport_c.cpython-310-x86_64-linux-gnu.so" to ""
[121.807s] -- Installing: /home/misaka/fishbot/install/dwb_msgs/lib/libdwb_msgs__rosidl_generator_py.so
[121.808s] -- Set runtime path of "/home/misaka/fishbot/install/dwb_msgs/lib/libdwb_msgs__rosidl_generator_py.so" to ""
[121.808s] -- Installing: /home/misaka/fishbot/install/dwb_msgs/share/dwb_msgs/msg/CriticScore.idl
[121.808s] -- Installing: /home/misaka/fishbot/install/dwb_msgs/share/dwb_msgs/msg/LocalPlanEvaluation.idl
[121.808s] -- Installing: /home/misaka/fishbot/install/dwb_msgs/share/dwb_msgs/msg/Trajectory2D.idl
[121.809s] -- Installing: /home/misaka/fishbot/install/dwb_msgs/share/dwb_msgs/msg/TrajectoryScore.idl
[121.812s] -- Installing: /home/misaka/fishbot/install/dwb_msgs/share/dwb_msgs/srv/DebugLocalPlan.idl
[121.813s] -- Installing: /home/misaka/fishbot/install/dwb_msgs/share/dwb_msgs/srv/GenerateTrajectory.idl
[121.813s] -- Installing: /home/misaka/fishbot/install/dwb_msgs/share/dwb_msgs/srv/GenerateTwists.idl
[121.813s] -- Installing: /home/misaka/fishbot/install/dwb_msgs/share/dwb_msgs/srv/GetCriticScore.idl
[121.814s] -- Installing: /home/misaka/fishbot/install/dwb_msgs/share/dwb_msgs/srv/ScoreTrajectory.idl
[121.815s] -- Installing: /home/misaka/fishbot/install/dwb_msgs/share/dwb_msgs/msg/CriticScore.msg
[121.816s] -- Installing: /home/misaka/fishbot/install/dwb_msgs/share/dwb_msgs/msg/LocalPlanEvaluation.msg
[121.816s] -- Installing: /home/misaka/fishbot/install/dwb_msgs/share/dwb_msgs/msg/Trajectory2D.msg
[121.816s] -- Installing: /home/misaka/fishbot/install/dwb_msgs/share/dwb_msgs/msg/TrajectoryScore.msg
[121.816s] -- Installing: /home/misaka/fishbot/install/dwb_msgs/share/dwb_msgs/srv/DebugLocalPlan.srv
[121.817s] -- Installing: /home/misaka/fishbot/install/dwb_msgs/share/dwb_msgs/srv/DebugLocalPlan_Request.msg
[121.817s] -- Installing: /home/misaka/fishbot/install/dwb_msgs/share/dwb_msgs/srv/DebugLocalPlan_Response.msg
[121.818s] -- Installing: /home/misaka/fishbot/install/dwb_msgs/share/dwb_msgs/srv/GenerateTrajectory.srv
[121.818s] -- Installing: /home/misaka/fishbot/install/dwb_msgs/share/dwb_msgs/srv/GenerateTrajectory_Request.msg
[121.818s] -- Installing: /home/misaka/fishbot/install/dwb_msgs/share/dwb_msgs/srv/GenerateTrajectory_Response.msg
[121.818s] -- Installing: /home/misaka/fishbot/install/dwb_msgs/share/dwb_msgs/srv/GenerateTwists.srv
[121.818s] -- Installing: /home/misaka/fishbot/install/dwb_msgs/share/dwb_msgs/srv/GenerateTwists_Request.msg
[121.822s] -- Installing: /home/misaka/fishbot/install/dwb_msgs/share/dwb_msgs/srv/GenerateTwists_Response.msg
[121.822s] -- Installing: /home/misaka/fishbot/install/dwb_msgs/share/dwb_msgs/srv/GetCriticScore.srv
[121.823s] -- Installing: /home/misaka/fishbot/install/dwb_msgs/share/dwb_msgs/srv/GetCriticScore_Request.msg
[121.824s] -- Installing: /home/misaka/fishbot/install/dwb_msgs/share/dwb_msgs/srv/GetCriticScore_Response.msg
[121.824s] -- Installing: /home/misaka/fishbot/install/dwb_msgs/share/dwb_msgs/srv/ScoreTrajectory.srv
[121.824s] -- Installing: /home/misaka/fishbot/install/dwb_msgs/share/dwb_msgs/srv/ScoreTrajectory_Request.msg
[121.824s] -- Installing: /home/misaka/fishbot/install/dwb_msgs/share/dwb_msgs/srv/ScoreTrajectory_Response.msg
[121.825s] -- Installing: /home/misaka/fishbot/install/dwb_msgs/share/ament_index/resource_index/package_run_dependencies/dwb_msgs
[121.825s] -- Installing: /home/misaka/fishbot/install/dwb_msgs/share/ament_index/resource_index/parent_prefix_path/dwb_msgs
[121.825s] -- Installing: /home/misaka/fishbot/install/dwb_msgs/share/dwb_msgs/environment/ament_prefix_path.sh
[121.825s] -- Installing: /home/misaka/fishbot/install/dwb_msgs/share/dwb_msgs/environment/ament_prefix_path.dsv
[121.825s] -- Installing: /home/misaka/fishbot/install/dwb_msgs/share/dwb_msgs/environment/path.sh
[121.826s] -- Installing: /home/misaka/fishbot/install/dwb_msgs/share/dwb_msgs/environment/path.dsv
[121.826s] -- Installing: /home/misaka/fishbot/install/dwb_msgs/share/dwb_msgs/local_setup.bash
[121.826s] -- Installing: /home/misaka/fishbot/install/dwb_msgs/share/dwb_msgs/local_setup.sh
[121.826s] -- Installing: /home/misaka/fishbot/install/dwb_msgs/share/dwb_msgs/local_setup.zsh
[121.827s] -- Installing: /home/misaka/fishbot/install/dwb_msgs/share/dwb_msgs/local_setup.dsv
[121.827s] -- Installing: /home/misaka/fishbot/install/dwb_msgs/share/dwb_msgs/package.dsv
[121.828s] -- Installing: /home/misaka/fishbot/install/dwb_msgs/share/ament_index/resource_index/packages/dwb_msgs
[121.828s] -- Installing: /home/misaka/fishbot/install/dwb_msgs/share/dwb_msgs/cmake/export_dwb_msgs__rosidl_generator_cExport.cmake
[121.829s] -- Installing: /home/misaka/fishbot/install/dwb_msgs/share/dwb_msgs/cmake/export_dwb_msgs__rosidl_generator_cExport-noconfig.cmake
[121.830s] -- Installing: /home/misaka/fishbot/install/dwb_msgs/share/dwb_msgs/cmake/export_dwb_msgs__rosidl_typesupport_fastrtps_cExport.cmake
[121.831s] -- Installing: /home/misaka/fishbot/install/dwb_msgs/share/dwb_msgs/cmake/export_dwb_msgs__rosidl_typesupport_fastrtps_cExport-noconfig.cmake
[121.832s] -- Installing: /home/misaka/fishbot/install/dwb_msgs/share/dwb_msgs/cmake/export_dwb_msgs__rosidl_generator_cppExport.cmake
[121.832s] -- Installing: /home/misaka/fishbot/install/dwb_msgs/share/dwb_msgs/cmake/export_dwb_msgs__rosidl_typesupport_fastrtps_cppExport.cmake
[121.834s] -- Installing: /home/misaka/fishbot/install/dwb_msgs/share/dwb_msgs/cmake/export_dwb_msgs__rosidl_typesupport_fastrtps_cppExport-noconfig.cmake
[121.834s] -- Installing: /home/misaka/fishbot/install/dwb_msgs/share/dwb_msgs/cmake/dwb_msgs__rosidl_typesupport_introspection_cExport.cmake
[121.835s] -- Installing: /home/misaka/fishbot/install/dwb_msgs/share/dwb_msgs/cmake/dwb_msgs__rosidl_typesupport_introspection_cExport-noconfig.cmake
[121.836s] -- Installing: /home/misaka/fishbot/install/dwb_msgs/share/dwb_msgs/cmake/dwb_msgs__rosidl_typesupport_cExport.cmake
[121.836s] -- Installing: /home/misaka/fishbot/install/dwb_msgs/share/dwb_msgs/cmake/dwb_msgs__rosidl_typesupport_cExport-noconfig.cmake
[121.836s] -- Installing: /home/misaka/fishbot/install/dwb_msgs/share/dwb_msgs/cmake/dwb_msgs__rosidl_typesupport_introspection_cppExport.cmake
[121.836s] -- Installing: /home/misaka/fishbot/install/dwb_msgs/share/dwb_msgs/cmake/dwb_msgs__rosidl_typesupport_introspection_cppExport-noconfig.cmake
[121.836s] -- Installing: /home/misaka/fishbot/install/dwb_msgs/share/dwb_msgs/cmake/dwb_msgs__rosidl_typesupport_cppExport.cmake
[121.836s] -- Installing: /home/misaka/fishbot/install/dwb_msgs/share/dwb_msgs/cmake/dwb_msgs__rosidl_typesupport_cppExport-noconfig.cmake
[121.837s] -- Installing: /home/misaka/fishbot/install/dwb_msgs/share/dwb_msgs/cmake/export_dwb_msgs__rosidl_generator_pyExport.cmake
[121.837s] -- Installing: /home/misaka/fishbot/install/dwb_msgs/share/dwb_msgs/cmake/export_dwb_msgs__rosidl_generator_pyExport-noconfig.cmake
[121.838s] -- Installing: /home/misaka/fishbot/install/dwb_msgs/share/dwb_msgs/cmake/rosidl_cmake-extras.cmake
[121.839s] -- Installing: /home/misaka/fishbot/install/dwb_msgs/share/dwb_msgs/cmake/ament_cmake_export_dependencies-extras.cmake
[121.839s] -- Installing: /home/misaka/fishbot/install/dwb_msgs/share/dwb_msgs/cmake/ament_cmake_export_include_directories-extras.cmake
[121.840s] -- Installing: /home/misaka/fishbot/install/dwb_msgs/share/dwb_msgs/cmake/ament_cmake_export_libraries-extras.cmake
[121.842s] -- Installing: /home/misaka/fishbot/install/dwb_msgs/share/dwb_msgs/cmake/ament_cmake_export_targets-extras.cmake
[121.844s] -- Installing: /home/misaka/fishbot/install/dwb_msgs/share/dwb_msgs/cmake/rosidl_cmake_export_typesupport_targets-extras.cmake
[121.845s] -- Installing: /home/misaka/fishbot/install/dwb_msgs/share/dwb_msgs/cmake/rosidl_cmake_export_typesupport_libraries-extras.cmake
[121.845s] -- Installing: /home/misaka/fishbot/install/dwb_msgs/share/dwb_msgs/cmake/dwb_msgsConfig.cmake
[121.846s] -- Installing: /home/misaka/fishbot/install/dwb_msgs/share/dwb_msgs/cmake/dwb_msgsConfig-version.cmake
[121.847s] -- Installing: /home/misaka/fishbot/install/dwb_msgs/share/dwb_msgs/package.xml
[121.856s] Invoked command in '/home/misaka/fishbot/build/dwb_msgs' returned '0': AMENT_PREFIX_PATH=/home/misaka/fishbot/install/nav_2d_msgs:${AMENT_PREFIX_PATH} CMAKE_PREFIX_PATH=/home/misaka/fishbot/install/nav_2d_msgs:/opt/ros/humble LD_LIBRARY_PATH=/home/misaka/fishbot/install/nav_2d_msgs/lib:${LD_LIBRARY_PATH} PYTHONPATH=/home/misaka/fishbot/install/nav_2d_msgs/local/lib/python3.10/dist-packages:${PYTHONPATH} /usr/bin/cmake --install /home/misaka/fishbot/build/dwb_msgs
