[0.225s] Invoking command in '/home/misaka/fishbot/build/nav2_rotation_shim_controller': AMENT_PREFIX_PATH=/home/misaka/fishbot/install/nav2_regulated_pure_pursuit_controller:/home/misaka/fishbot/install/nav2_controller:/home/misaka/fishbot/install/nav2_core:/home/misaka/fishbot/install/nav2_costmap_2d:/home/misaka/fishbot/install/nav_2d_utils:/home/misaka/fishbot/install/nav2_map_server:/home/misaka/fishbot/install/nav2_lifecycle_manager:/home/misaka/fishbot/install/nav2_util:/home/misaka/fishbot/install/nav2_voxel_grid:/home/misaka/fishbot/install/nav2_msgs:/home/misaka/fishbot/install/nav_2d_msgs:/home/misaka/fishbot/install/nav2_common:${AMENT_PREFIX_PATH} CMAKE_PREFIX_PATH=/home/misaka/fishbot/install/nav2_regulated_pure_pursuit_controller:/home/misaka/fishbot/install/nav2_controller:/home/misaka/fishbot/install/nav2_core:/home/misaka/fishbot/install/nav2_costmap_2d:/home/misaka/fishbot/install/nav_2d_utils:/home/misaka/fishbot/install/nav2_map_server:/home/misaka/fishbot/install/nav2_lifecycle_manager:/home/misaka/fishbot/install/nav2_util:/home/misaka/fishbot/install/nav2_voxel_grid:/home/misaka/fishbot/install/nav2_msgs:/home/misaka/fishbot/install/nav_2d_msgs:/home/misaka/fishbot/install/nav2_common:/opt/ros/humble LD_LIBRARY_PATH=/home/misaka/fishbot/install/nav2_regulated_pure_pursuit_controller/lib:/home/misaka/fishbot/install/nav2_controller/lib:/home/misaka/fishbot/install/nav2_costmap_2d/lib:/home/misaka/fishbot/install/nav_2d_utils/lib:/home/misaka/fishbot/install/nav2_map_server/lib:/home/misaka/fishbot/install/nav2_lifecycle_manager/lib:/home/misaka/fishbot/install/nav2_util/lib:/home/misaka/fishbot/install/nav2_voxel_grid/lib:/home/misaka/fishbot/install/nav2_msgs/lib:/home/misaka/fishbot/install/nav_2d_msgs/lib:${LD_LIBRARY_PATH} PYTHONPATH=/home/misaka/fishbot/install/nav2_msgs/local/lib/python3.10/dist-packages:/home/misaka/fishbot/install/nav_2d_msgs/local/lib/python3.10/dist-packages:/home/misaka/fishbot/install/nav2_common/local/lib/python3.10/dist-packages:${PYTHONPATH} /usr/bin/cmake /home/misaka/fishbot/src/navigation/nav2_rotation_shim_controller -DCMAKE_INSTALL_PREFIX=/home/misaka/fishbot/install/nav2_rotation_shim_controller
[0.560s] -- The C compiler identification is GNU 11.4.0
[0.805s] -- The CXX compiler identification is GNU 11.4.0
[0.836s] -- Detecting C compiler ABI info
[1.107s] -- Detecting C compiler ABI info - done
[1.124s] -- Check for working C compiler: /usr/bin/cc - skipped
[1.125s] -- Detecting C compile features
[1.127s] -- Detecting C compile features - done
[1.133s] -- Detecting CXX compiler ABI info
[1.471s] -- Detecting CXX compiler ABI info - done
[1.497s] -- Check for working CXX compiler: /usr/bin/c++ - skipped
[1.497s] -- Detecting CXX compile features
[1.498s] -- Detecting CXX compile features - done
[1.503s] -- Found ament_cmake: 1.3.10 (/opt/ros/humble/share/ament_cmake/cmake)
[2.070s] -- Found Python3: /usr/bin/python3 (found version "3.10.12") found components: Interpreter 
[2.480s] -- Found nav2_common: 1.1.0 (/home/misaka/fishbot/install/nav2_common/share/nav2_common/cmake)
[2.483s] -- Found nav2_core: 1.1.0 (/home/misaka/fishbot/install/nav2_core/share/nav2_core/cmake)
[2.691s] -- Found rosidl_generator_c: 3.1.5 (/opt/ros/humble/share/rosidl_generator_c/cmake)
[2.720s] -- Found rosidl_adapter: 3.1.5 (/opt/ros/humble/share/rosidl_adapter/cmake)
[2.753s] -- Found rosidl_generator_cpp: 3.1.5 (/opt/ros/humble/share/rosidl_generator_cpp/cmake)
[2.817s] -- Using all available rosidl_typesupport_c: rosidl_typesupport_fastrtps_c;rosidl_typesupport_introspection_c
[2.883s] -- Using all available rosidl_typesupport_cpp: rosidl_typesupport_fastrtps_cpp;rosidl_typesupport_introspection_cpp
[3.063s] -- Found rmw_implementation_cmake: 6.1.2 (/opt/ros/humble/share/rmw_implementation_cmake/cmake)
[3.075s] -- Found rmw_fastrtps_cpp: 6.2.7 (/opt/ros/humble/share/rmw_fastrtps_cpp/cmake)
[3.475s] -- Found OpenSSL: /usr/lib/x86_64-linux-gnu/libcrypto.so (found version "3.0.2")  
[3.574s] -- Found FastRTPS: /opt/ros/humble/include  
[3.745s] -- Using RMW implementation 'rmw_fastrtps_cpp' as default
[3.793s] -- Looking for pthread.h
[4.099s] -- Looking for pthread.h - found
[4.101s] -- Performing Test CMAKE_HAVE_LIBC_PTHREAD
[4.436s] -- Performing Test CMAKE_HAVE_LIBC_PTHREAD - Success
[4.441s] -- Found Threads: TRUE  
[5.521s] -- Found Eigen3: TRUE (found version "3.4.0") 
[5.522s] -- Ensuring Eigen3 include directory is part of orocos-kdl CMake target
[5.861s] -- Setting build type to Release as none was specified.
[6.882s] -- Found ament_lint_auto: 0.12.11 (/opt/ros/humble/share/ament_lint_auto/cmake)
[7.453s] -- Found gtest sources under '/opt/ros/humble/src/gtest_vendor': C++ tests using 'Google Test' will be built
[9.555s] -- Added test 'cppcheck' to perform static code analysis on C / C++ code
[9.556s] -- Configured cppcheck include dirs: /home/misaka/fishbot/src/navigation/nav2_rotation_shim_controller/include
[9.556s] -- Configured cppcheck exclude dirs and/or files: 
[9.562s] -- Added test 'cpplint' to check C / C++ code against the Google style
[9.563s] -- Configured cpplint exclude dirs and/or files: 
[9.567s] -- Added test 'lint_cmake' to check CMake code style
[9.575s] -- Added test 'uncrustify' to check C / C++ code style
[9.575s] -- Configured uncrustify additional arguments: 
[9.577s] -- Added test 'xmllint' to check XML markup files
[9.593s] -- Configuring done
[10.185s] -- Generating done
[10.192s] -- Build files have been written to: /home/misaka/fishbot/build/nav2_rotation_shim_controller
[10.220s] Invoked command in '/home/misaka/fishbot/build/nav2_rotation_shim_controller' returned '0': AMENT_PREFIX_PATH=/home/misaka/fishbot/install/nav2_regulated_pure_pursuit_controller:/home/misaka/fishbot/install/nav2_controller:/home/misaka/fishbot/install/nav2_core:/home/misaka/fishbot/install/nav2_costmap_2d:/home/misaka/fishbot/install/nav_2d_utils:/home/misaka/fishbot/install/nav2_map_server:/home/misaka/fishbot/install/nav2_lifecycle_manager:/home/misaka/fishbot/install/nav2_util:/home/misaka/fishbot/install/nav2_voxel_grid:/home/misaka/fishbot/install/nav2_msgs:/home/misaka/fishbot/install/nav_2d_msgs:/home/misaka/fishbot/install/nav2_common:${AMENT_PREFIX_PATH} CMAKE_PREFIX_PATH=/home/misaka/fishbot/install/nav2_regulated_pure_pursuit_controller:/home/misaka/fishbot/install/nav2_controller:/home/misaka/fishbot/install/nav2_core:/home/misaka/fishbot/install/nav2_costmap_2d:/home/misaka/fishbot/install/nav_2d_utils:/home/misaka/fishbot/install/nav2_map_server:/home/misaka/fishbot/install/nav2_lifecycle_manager:/home/misaka/fishbot/install/nav2_util:/home/misaka/fishbot/install/nav2_voxel_grid:/home/misaka/fishbot/install/nav2_msgs:/home/misaka/fishbot/install/nav_2d_msgs:/home/misaka/fishbot/install/nav2_common:/opt/ros/humble LD_LIBRARY_PATH=/home/misaka/fishbot/install/nav2_regulated_pure_pursuit_controller/lib:/home/misaka/fishbot/install/nav2_controller/lib:/home/misaka/fishbot/install/nav2_costmap_2d/lib:/home/misaka/fishbot/install/nav_2d_utils/lib:/home/misaka/fishbot/install/nav2_map_server/lib:/home/misaka/fishbot/install/nav2_lifecycle_manager/lib:/home/misaka/fishbot/install/nav2_util/lib:/home/misaka/fishbot/install/nav2_voxel_grid/lib:/home/misaka/fishbot/install/nav2_msgs/lib:/home/misaka/fishbot/install/nav_2d_msgs/lib:${LD_LIBRARY_PATH} PYTHONPATH=/home/misaka/fishbot/install/nav2_msgs/local/lib/python3.10/dist-packages:/home/misaka/fishbot/install/nav_2d_msgs/local/lib/python3.10/dist-packages:/home/misaka/fishbot/install/nav2_common/local/lib/python3.10/dist-packages:${PYTHONPATH} /usr/bin/cmake /home/misaka/fishbot/src/navigation/nav2_rotation_shim_controller -DCMAKE_INSTALL_PREFIX=/home/misaka/fishbot/install/nav2_rotation_shim_controller
[10.225s] Invoking command in '/home/misaka/fishbot/build/nav2_rotation_shim_controller': AMENT_PREFIX_PATH=/home/misaka/fishbot/install/nav2_regulated_pure_pursuit_controller:/home/misaka/fishbot/install/nav2_controller:/home/misaka/fishbot/install/nav2_core:/home/misaka/fishbot/install/nav2_costmap_2d:/home/misaka/fishbot/install/nav_2d_utils:/home/misaka/fishbot/install/nav2_map_server:/home/misaka/fishbot/install/nav2_lifecycle_manager:/home/misaka/fishbot/install/nav2_util:/home/misaka/fishbot/install/nav2_voxel_grid:/home/misaka/fishbot/install/nav2_msgs:/home/misaka/fishbot/install/nav_2d_msgs:/home/misaka/fishbot/install/nav2_common:${AMENT_PREFIX_PATH} CMAKE_PREFIX_PATH=/home/misaka/fishbot/install/nav2_regulated_pure_pursuit_controller:/home/misaka/fishbot/install/nav2_controller:/home/misaka/fishbot/install/nav2_core:/home/misaka/fishbot/install/nav2_costmap_2d:/home/misaka/fishbot/install/nav_2d_utils:/home/misaka/fishbot/install/nav2_map_server:/home/misaka/fishbot/install/nav2_lifecycle_manager:/home/misaka/fishbot/install/nav2_util:/home/misaka/fishbot/install/nav2_voxel_grid:/home/misaka/fishbot/install/nav2_msgs:/home/misaka/fishbot/install/nav_2d_msgs:/home/misaka/fishbot/install/nav2_common:/opt/ros/humble LD_LIBRARY_PATH=/home/misaka/fishbot/install/nav2_regulated_pure_pursuit_controller/lib:/home/misaka/fishbot/install/nav2_controller/lib:/home/misaka/fishbot/install/nav2_costmap_2d/lib:/home/misaka/fishbot/install/nav_2d_utils/lib:/home/misaka/fishbot/install/nav2_map_server/lib:/home/misaka/fishbot/install/nav2_lifecycle_manager/lib:/home/misaka/fishbot/install/nav2_util/lib:/home/misaka/fishbot/install/nav2_voxel_grid/lib:/home/misaka/fishbot/install/nav2_msgs/lib:/home/misaka/fishbot/install/nav_2d_msgs/lib:${LD_LIBRARY_PATH} PYTHONPATH=/home/misaka/fishbot/install/nav2_msgs/local/lib/python3.10/dist-packages:/home/misaka/fishbot/install/nav_2d_msgs/local/lib/python3.10/dist-packages:/home/misaka/fishbot/install/nav2_common/local/lib/python3.10/dist-packages:${PYTHONPATH} /usr/bin/cmake --build /home/misaka/fishbot/build/nav2_rotation_shim_controller -- -j16 -l16
[10.473s] [ 25%] [32mBuilding CXX object gtest/CMakeFiles/gtest.dir/src/gtest-all.cc.o[0m
[10.473s] [ 25%] [32mBuilding CXX object gtest/CMakeFiles/gtest_main.dir/src/gtest_main.cc.o[0m
[10.473s] [ 37%] [32mBuilding CXX object CMakeFiles/nav2_rotation_shim_controller.dir/src/nav2_rotation_shim_controller.cpp.o[0m
[14.105s] [ 50%] [32m[1mLinking CXX static library libgtest_main.a[0m
[14.286s] [ 50%] Built target gtest_main
[37.816s] [ 62%] [32m[1mLinking CXX static library libgtest.a[0m
[38.022s] [ 62%] Built target gtest
[45.554s] [ 75%] [32m[1mLinking CXX shared library libnav2_rotation_shim_controller.so[0m
[46.485s] [ 75%] Built target nav2_rotation_shim_controller
[46.598s] [ 87%] [32mBuilding CXX object test/CMakeFiles/test_shim_controller.dir/test_shim_controller.cpp.o[0m
[105.326s] [100%] [32m[1mLinking CXX executable test_shim_controller[0m
[106.627s] [100%] Built target test_shim_controller
[106.654s] Invoked command in '/home/misaka/fishbot/build/nav2_rotation_shim_controller' returned '0': AMENT_PREFIX_PATH=/home/misaka/fishbot/install/nav2_regulated_pure_pursuit_controller:/home/misaka/fishbot/install/nav2_controller:/home/misaka/fishbot/install/nav2_core:/home/misaka/fishbot/install/nav2_costmap_2d:/home/misaka/fishbot/install/nav_2d_utils:/home/misaka/fishbot/install/nav2_map_server:/home/misaka/fishbot/install/nav2_lifecycle_manager:/home/misaka/fishbot/install/nav2_util:/home/misaka/fishbot/install/nav2_voxel_grid:/home/misaka/fishbot/install/nav2_msgs:/home/misaka/fishbot/install/nav_2d_msgs:/home/misaka/fishbot/install/nav2_common:${AMENT_PREFIX_PATH} CMAKE_PREFIX_PATH=/home/misaka/fishbot/install/nav2_regulated_pure_pursuit_controller:/home/misaka/fishbot/install/nav2_controller:/home/misaka/fishbot/install/nav2_core:/home/misaka/fishbot/install/nav2_costmap_2d:/home/misaka/fishbot/install/nav_2d_utils:/home/misaka/fishbot/install/nav2_map_server:/home/misaka/fishbot/install/nav2_lifecycle_manager:/home/misaka/fishbot/install/nav2_util:/home/misaka/fishbot/install/nav2_voxel_grid:/home/misaka/fishbot/install/nav2_msgs:/home/misaka/fishbot/install/nav_2d_msgs:/home/misaka/fishbot/install/nav2_common:/opt/ros/humble LD_LIBRARY_PATH=/home/misaka/fishbot/install/nav2_regulated_pure_pursuit_controller/lib:/home/misaka/fishbot/install/nav2_controller/lib:/home/misaka/fishbot/install/nav2_costmap_2d/lib:/home/misaka/fishbot/install/nav_2d_utils/lib:/home/misaka/fishbot/install/nav2_map_server/lib:/home/misaka/fishbot/install/nav2_lifecycle_manager/lib:/home/misaka/fishbot/install/nav2_util/lib:/home/misaka/fishbot/install/nav2_voxel_grid/lib:/home/misaka/fishbot/install/nav2_msgs/lib:/home/misaka/fishbot/install/nav_2d_msgs/lib:${LD_LIBRARY_PATH} PYTHONPATH=/home/misaka/fishbot/install/nav2_msgs/local/lib/python3.10/dist-packages:/home/misaka/fishbot/install/nav_2d_msgs/local/lib/python3.10/dist-packages:/home/misaka/fishbot/install/nav2_common/local/lib/python3.10/dist-packages:${PYTHONPATH} /usr/bin/cmake --build /home/misaka/fishbot/build/nav2_rotation_shim_controller -- -j16 -l16
[106.780s] Invoking command in '/home/misaka/fishbot/build/nav2_rotation_shim_controller': AMENT_PREFIX_PATH=/home/misaka/fishbot/install/nav2_regulated_pure_pursuit_controller:/home/misaka/fishbot/install/nav2_controller:/home/misaka/fishbot/install/nav2_core:/home/misaka/fishbot/install/nav2_costmap_2d:/home/misaka/fishbot/install/nav_2d_utils:/home/misaka/fishbot/install/nav2_map_server:/home/misaka/fishbot/install/nav2_lifecycle_manager:/home/misaka/fishbot/install/nav2_util:/home/misaka/fishbot/install/nav2_voxel_grid:/home/misaka/fishbot/install/nav2_msgs:/home/misaka/fishbot/install/nav_2d_msgs:/home/misaka/fishbot/install/nav2_common:${AMENT_PREFIX_PATH} CMAKE_PREFIX_PATH=/home/misaka/fishbot/install/nav2_regulated_pure_pursuit_controller:/home/misaka/fishbot/install/nav2_controller:/home/misaka/fishbot/install/nav2_core:/home/misaka/fishbot/install/nav2_costmap_2d:/home/misaka/fishbot/install/nav_2d_utils:/home/misaka/fishbot/install/nav2_map_server:/home/misaka/fishbot/install/nav2_lifecycle_manager:/home/misaka/fishbot/install/nav2_util:/home/misaka/fishbot/install/nav2_voxel_grid:/home/misaka/fishbot/install/nav2_msgs:/home/misaka/fishbot/install/nav_2d_msgs:/home/misaka/fishbot/install/nav2_common:/opt/ros/humble LD_LIBRARY_PATH=/home/misaka/fishbot/install/nav2_regulated_pure_pursuit_controller/lib:/home/misaka/fishbot/install/nav2_controller/lib:/home/misaka/fishbot/install/nav2_costmap_2d/lib:/home/misaka/fishbot/install/nav_2d_utils/lib:/home/misaka/fishbot/install/nav2_map_server/lib:/home/misaka/fishbot/install/nav2_lifecycle_manager/lib:/home/misaka/fishbot/install/nav2_util/lib:/home/misaka/fishbot/install/nav2_voxel_grid/lib:/home/misaka/fishbot/install/nav2_msgs/lib:/home/misaka/fishbot/install/nav_2d_msgs/lib:${LD_LIBRARY_PATH} PYTHONPATH=/home/misaka/fishbot/install/nav2_msgs/local/lib/python3.10/dist-packages:/home/misaka/fishbot/install/nav_2d_msgs/local/lib/python3.10/dist-packages:/home/misaka/fishbot/install/nav2_common/local/lib/python3.10/dist-packages:${PYTHONPATH} /usr/bin/cmake --install /home/misaka/fishbot/build/nav2_rotation_shim_controller
[106.808s] -- Install configuration: "Release"
[106.808s] -- Installing: /home/misaka/fishbot/install/nav2_rotation_shim_controller/lib/libnav2_rotation_shim_controller.so
[106.810s] -- Set runtime path of "/home/misaka/fishbot/install/nav2_rotation_shim_controller/lib/libnav2_rotation_shim_controller.so" to ""
[106.810s] -- Installing: /home/misaka/fishbot/install/nav2_rotation_shim_controller/include/
[106.811s] -- Installing: /home/misaka/fishbot/install/nav2_rotation_shim_controller/include//nav2_rotation_shim_controller
[106.811s] -- Installing: /home/misaka/fishbot/install/nav2_rotation_shim_controller/include//nav2_rotation_shim_controller/nav2_rotation_shim_controller.hpp
[106.811s] -- Installing: /home/misaka/fishbot/install/nav2_rotation_shim_controller/share/nav2_rotation_shim_controller/environment/library_path.sh
[106.812s] -- Installing: /home/misaka/fishbot/install/nav2_rotation_shim_controller/share/nav2_rotation_shim_controller/environment/library_path.dsv
[106.812s] -- Installing: /home/misaka/fishbot/install/nav2_rotation_shim_controller/share/nav2_rotation_shim_controller/nav2_rotation_shim_controller.xml
[106.812s] -- Installing: /home/misaka/fishbot/install/nav2_rotation_shim_controller/share/ament_index/resource_index/package_run_dependencies/nav2_rotation_shim_controller
[106.813s] -- Installing: /home/misaka/fishbot/install/nav2_rotation_shim_controller/share/ament_index/resource_index/parent_prefix_path/nav2_rotation_shim_controller
[106.813s] -- Installing: /home/misaka/fishbot/install/nav2_rotation_shim_controller/share/nav2_rotation_shim_controller/environment/ament_prefix_path.sh
[106.814s] -- Installing: /home/misaka/fishbot/install/nav2_rotation_shim_controller/share/nav2_rotation_shim_controller/environment/ament_prefix_path.dsv
[106.814s] -- Installing: /home/misaka/fishbot/install/nav2_rotation_shim_controller/share/nav2_rotation_shim_controller/environment/path.sh
[106.814s] -- Installing: /home/misaka/fishbot/install/nav2_rotation_shim_controller/share/nav2_rotation_shim_controller/environment/path.dsv
[106.815s] -- Installing: /home/misaka/fishbot/install/nav2_rotation_shim_controller/share/nav2_rotation_shim_controller/local_setup.bash
[106.815s] -- Installing: /home/misaka/fishbot/install/nav2_rotation_shim_controller/share/nav2_rotation_shim_controller/local_setup.sh
[106.815s] -- Installing: /home/misaka/fishbot/install/nav2_rotation_shim_controller/share/nav2_rotation_shim_controller/local_setup.zsh
[106.816s] -- Installing: /home/misaka/fishbot/install/nav2_rotation_shim_controller/share/nav2_rotation_shim_controller/local_setup.dsv
[106.816s] -- Installing: /home/misaka/fishbot/install/nav2_rotation_shim_controller/share/nav2_rotation_shim_controller/package.dsv
[106.816s] -- Installing: /home/misaka/fishbot/install/nav2_rotation_shim_controller/share/ament_index/resource_index/packages/nav2_rotation_shim_controller
[106.816s] -- Installing: /home/misaka/fishbot/install/nav2_rotation_shim_controller/share/ament_index/resource_index/nav2_core__pluginlib__plugin/nav2_rotation_shim_controller
[106.817s] -- Installing: /home/misaka/fishbot/install/nav2_rotation_shim_controller/share/nav2_rotation_shim_controller/cmake/ament_cmake_export_include_directories-extras.cmake
[106.817s] -- Installing: /home/misaka/fishbot/install/nav2_rotation_shim_controller/share/nav2_rotation_shim_controller/cmake/ament_cmake_export_libraries-extras.cmake
[106.817s] -- Installing: /home/misaka/fishbot/install/nav2_rotation_shim_controller/share/nav2_rotation_shim_controller/cmake/ament_cmake_export_dependencies-extras.cmake
[106.817s] -- Installing: /home/misaka/fishbot/install/nav2_rotation_shim_controller/share/nav2_rotation_shim_controller/cmake/nav2_rotation_shim_controllerConfig.cmake
[106.817s] -- Installing: /home/misaka/fishbot/install/nav2_rotation_shim_controller/share/nav2_rotation_shim_controller/cmake/nav2_rotation_shim_controllerConfig-version.cmake
[106.818s] -- Installing: /home/misaka/fishbot/install/nav2_rotation_shim_controller/share/nav2_rotation_shim_controller/package.xml
[106.821s] Invoked command in '/home/misaka/fishbot/build/nav2_rotation_shim_controller' returned '0': AMENT_PREFIX_PATH=/home/misaka/fishbot/install/nav2_regulated_pure_pursuit_controller:/home/misaka/fishbot/install/nav2_controller:/home/misaka/fishbot/install/nav2_core:/home/misaka/fishbot/install/nav2_costmap_2d:/home/misaka/fishbot/install/nav_2d_utils:/home/misaka/fishbot/install/nav2_map_server:/home/misaka/fishbot/install/nav2_lifecycle_manager:/home/misaka/fishbot/install/nav2_util:/home/misaka/fishbot/install/nav2_voxel_grid:/home/misaka/fishbot/install/nav2_msgs:/home/misaka/fishbot/install/nav_2d_msgs:/home/misaka/fishbot/install/nav2_common:${AMENT_PREFIX_PATH} CMAKE_PREFIX_PATH=/home/misaka/fishbot/install/nav2_regulated_pure_pursuit_controller:/home/misaka/fishbot/install/nav2_controller:/home/misaka/fishbot/install/nav2_core:/home/misaka/fishbot/install/nav2_costmap_2d:/home/misaka/fishbot/install/nav_2d_utils:/home/misaka/fishbot/install/nav2_map_server:/home/misaka/fishbot/install/nav2_lifecycle_manager:/home/misaka/fishbot/install/nav2_util:/home/misaka/fishbot/install/nav2_voxel_grid:/home/misaka/fishbot/install/nav2_msgs:/home/misaka/fishbot/install/nav_2d_msgs:/home/misaka/fishbot/install/nav2_common:/opt/ros/humble LD_LIBRARY_PATH=/home/misaka/fishbot/install/nav2_regulated_pure_pursuit_controller/lib:/home/misaka/fishbot/install/nav2_controller/lib:/home/misaka/fishbot/install/nav2_costmap_2d/lib:/home/misaka/fishbot/install/nav_2d_utils/lib:/home/misaka/fishbot/install/nav2_map_server/lib:/home/misaka/fishbot/install/nav2_lifecycle_manager/lib:/home/misaka/fishbot/install/nav2_util/lib:/home/misaka/fishbot/install/nav2_voxel_grid/lib:/home/misaka/fishbot/install/nav2_msgs/lib:/home/misaka/fishbot/install/nav_2d_msgs/lib:${LD_LIBRARY_PATH} PYTHONPATH=/home/misaka/fishbot/install/nav2_msgs/local/lib/python3.10/dist-packages:/home/misaka/fishbot/install/nav_2d_msgs/local/lib/python3.10/dist-packages:/home/misaka/fishbot/install/nav2_common/local/lib/python3.10/dist-packages:${PYTHONPATH} /usr/bin/cmake --install /home/misaka/fishbot/build/nav2_rotation_shim_controller
