[0.155s] Invoking command in '/home/misaka/fishbot/build/nav2_planner': AMENT_PREFIX_PATH=/home/misaka/fishbot/install/nav2_core:/home/misaka/fishbot/install/nav2_costmap_2d:/home/misaka/fishbot/install/nav2_map_server:/home/misaka/fishbot/install/nav2_lifecycle_manager:/home/misaka/fishbot/install/nav2_util:/home/misaka/fishbot/install/nav2_voxel_grid:/home/misaka/fishbot/install/nav2_msgs:/home/misaka/fishbot/install/nav2_common:${AMENT_PREFIX_PATH} CMAKE_PREFIX_PATH=/home/misaka/fishbot/install/nav2_core:/home/misaka/fishbot/install/nav2_costmap_2d:/home/misaka/fishbot/install/nav2_map_server:/home/misaka/fishbot/install/nav2_lifecycle_manager:/home/misaka/fishbot/install/nav2_util:/home/misaka/fishbot/install/nav2_voxel_grid:/home/misaka/fishbot/install/nav2_msgs:/home/misaka/fishbot/install/nav2_common:/opt/ros/humble LD_LIBRARY_PATH=/home/misaka/fishbot/install/nav2_costmap_2d/lib:/home/misaka/fishbot/install/nav2_map_server/lib:/home/misaka/fishbot/install/nav2_lifecycle_manager/lib:/home/misaka/fishbot/install/nav2_util/lib:/home/misaka/fishbot/install/nav2_voxel_grid/lib:/home/misaka/fishbot/install/nav2_msgs/lib:${LD_LIBRARY_PATH} PYTHONPATH=/home/misaka/fishbot/install/nav2_msgs/local/lib/python3.10/dist-packages:/home/misaka/fishbot/install/nav2_common/local/lib/python3.10/dist-packages:${PYTHONPATH} /usr/bin/cmake /home/misaka/fishbot/src/navigation/nav2_planner -DCMAKE_INSTALL_PREFIX=/home/misaka/fishbot/install/nav2_planner
[0.396s] -- The C compiler identification is GNU 11.4.0
[0.607s] -- The CXX compiler identification is GNU 11.4.0
[0.637s] -- Detecting C compiler ABI info
[0.938s] -- Detecting C compiler ABI info - done
[0.958s] -- Check for working C compiler: /usr/bin/cc - skipped
[0.959s] -- Detecting C compile features
[0.960s] -- Detecting C compile features - done
[0.970s] -- Detecting CXX compiler ABI info
[1.298s] -- Detecting CXX compiler ABI info - done
[1.318s] -- Check for working CXX compiler: /usr/bin/c++ - skipped
[1.319s] -- Detecting CXX compile features
[1.321s] -- Detecting CXX compile features - done
[1.332s] -- Found ament_cmake: 1.3.10 (/opt/ros/humble/share/ament_cmake/cmake)
[1.914s] -- Found Python3: /usr/bin/python3 (found version "3.10.12") found components: Interpreter 
[2.265s] -- Found nav2_common: 1.1.0 (/home/misaka/fishbot/install/nav2_common/share/nav2_common/cmake)
[2.273s] -- Found rclcpp: 16.0.10 (/opt/ros/humble/share/rclcpp/cmake)
[2.443s] -- Found rosidl_generator_c: 3.1.5 (/opt/ros/humble/share/rosidl_generator_c/cmake)
[2.464s] -- Found rosidl_adapter: 3.1.5 (/opt/ros/humble/share/rosidl_adapter/cmake)
[2.499s] -- Found rosidl_generator_cpp: 3.1.5 (/opt/ros/humble/share/rosidl_generator_cpp/cmake)
[2.544s] -- Using all available rosidl_typesupport_c: rosidl_typesupport_fastrtps_c;rosidl_typesupport_introspection_c
[2.609s] -- Using all available rosidl_typesupport_cpp: rosidl_typesupport_fastrtps_cpp;rosidl_typesupport_introspection_cpp
[2.782s] -- Found rmw_implementation_cmake: 6.1.2 (/opt/ros/humble/share/rmw_implementation_cmake/cmake)
[2.795s] -- Found rmw_fastrtps_cpp: 6.2.7 (/opt/ros/humble/share/rmw_fastrtps_cpp/cmake)
[3.168s] -- Found OpenSSL: /usr/lib/x86_64-linux-gnu/libcrypto.so (found version "3.0.2")  
[3.262s] -- Found FastRTPS: /opt/ros/humble/include  
[3.406s] -- Using RMW implementation 'rmw_fastrtps_cpp' as default
[3.442s] -- Looking for pthread.h
[3.757s] -- Looking for pthread.h - found
[3.757s] -- Performing Test CMAKE_HAVE_LIBC_PTHREAD
[4.072s] -- Performing Test CMAKE_HAVE_LIBC_PTHREAD - Success
[4.076s] -- Found Threads: TRUE  
[4.259s] -- Found rclcpp_action: 16.0.10 (/opt/ros/humble/share/rclcpp_action/cmake)
[4.386s] -- Found rclcpp_lifecycle: 16.0.10 (/opt/ros/humble/share/rclcpp_lifecycle/cmake)
[4.462s] -- Found rclcpp_components: 16.0.10 (/opt/ros/humble/share/rclcpp_components/cmake)
[4.560s] -- Found visualization_msgs: 4.2.4 (/opt/ros/humble/share/visualization_msgs/cmake)
[4.724s] -- Found nav2_util: 1.1.0 (/home/misaka/fishbot/install/nav2_util/share/nav2_util/cmake)
[5.057s] -- Found eigen3_cmake_module: 0.1.1 (/opt/ros/humble/share/eigen3_cmake_module/cmake)
[5.062s] -- Found Eigen3: TRUE (found version "3.4.0") 
[5.062s] -- Ensuring Eigen3 include directory is part of orocos-kdl CMake target
[5.170s] -- Found nav2_costmap_2d: 1.1.0 (/home/misaka/fishbot/install/nav2_costmap_2d/share/nav2_costmap_2d/cmake)
[5.390s] -- Found nav2_core: 1.1.0 (/home/misaka/fishbot/install/nav2_core/share/nav2_core/cmake)
[5.433s] -- Setting build type to Release as none was specified.
[6.971s] -- Found ament_lint_auto: 0.12.11 (/opt/ros/humble/share/ament_lint_auto/cmake)
[6.980s] -- Found ament_cmake_gtest: 1.3.10 (/opt/ros/humble/share/ament_cmake_gtest/cmake)
[7.347s] -- Found gtest sources under '/opt/ros/humble/src/gtest_vendor': C++ tests using 'Google Test' will be built
[7.727s] -- Added test 'copyright' to check source files copyright and LICENSE
[7.733s] -- Added test 'cppcheck' to perform static code analysis on C / C++ code
[7.735s] -- Configured cppcheck include dirs: /home/misaka/fishbot/src/navigation/nav2_planner/include
[7.736s] -- Configured cppcheck exclude dirs and/or files: 
[7.739s] -- Added test 'cpplint' to check C / C++ code against the Google style
[7.740s] -- Configured cpplint exclude dirs and/or files: 
[7.744s] -- Added test 'lint_cmake' to check CMake code style
[7.749s] -- Added test 'uncrustify' to check C / C++ code style
[7.749s] -- Configured uncrustify additional arguments: 
[7.751s] -- Added test 'xmllint' to check XML markup files
[7.763s] -- Configuring done
[8.354s] -- Generating done
[8.361s] -- Build files have been written to: /home/misaka/fishbot/build/nav2_planner
[8.408s] Invoked command in '/home/misaka/fishbot/build/nav2_planner' returned '0': AMENT_PREFIX_PATH=/home/misaka/fishbot/install/nav2_core:/home/misaka/fishbot/install/nav2_costmap_2d:/home/misaka/fishbot/install/nav2_map_server:/home/misaka/fishbot/install/nav2_lifecycle_manager:/home/misaka/fishbot/install/nav2_util:/home/misaka/fishbot/install/nav2_voxel_grid:/home/misaka/fishbot/install/nav2_msgs:/home/misaka/fishbot/install/nav2_common:${AMENT_PREFIX_PATH} CMAKE_PREFIX_PATH=/home/misaka/fishbot/install/nav2_core:/home/misaka/fishbot/install/nav2_costmap_2d:/home/misaka/fishbot/install/nav2_map_server:/home/misaka/fishbot/install/nav2_lifecycle_manager:/home/misaka/fishbot/install/nav2_util:/home/misaka/fishbot/install/nav2_voxel_grid:/home/misaka/fishbot/install/nav2_msgs:/home/misaka/fishbot/install/nav2_common:/opt/ros/humble LD_LIBRARY_PATH=/home/misaka/fishbot/install/nav2_costmap_2d/lib:/home/misaka/fishbot/install/nav2_map_server/lib:/home/misaka/fishbot/install/nav2_lifecycle_manager/lib:/home/misaka/fishbot/install/nav2_util/lib:/home/misaka/fishbot/install/nav2_voxel_grid/lib:/home/misaka/fishbot/install/nav2_msgs/lib:${LD_LIBRARY_PATH} PYTHONPATH=/home/misaka/fishbot/install/nav2_msgs/local/lib/python3.10/dist-packages:/home/misaka/fishbot/install/nav2_common/local/lib/python3.10/dist-packages:${PYTHONPATH} /usr/bin/cmake /home/misaka/fishbot/src/navigation/nav2_planner -DCMAKE_INSTALL_PREFIX=/home/misaka/fishbot/install/nav2_planner
[8.433s] Invoking command in '/home/misaka/fishbot/build/nav2_planner': AMENT_PREFIX_PATH=/home/misaka/fishbot/install/nav2_core:/home/misaka/fishbot/install/nav2_costmap_2d:/home/misaka/fishbot/install/nav2_map_server:/home/misaka/fishbot/install/nav2_lifecycle_manager:/home/misaka/fishbot/install/nav2_util:/home/misaka/fishbot/install/nav2_voxel_grid:/home/misaka/fishbot/install/nav2_msgs:/home/misaka/fishbot/install/nav2_common:${AMENT_PREFIX_PATH} CMAKE_PREFIX_PATH=/home/misaka/fishbot/install/nav2_core:/home/misaka/fishbot/install/nav2_costmap_2d:/home/misaka/fishbot/install/nav2_map_server:/home/misaka/fishbot/install/nav2_lifecycle_manager:/home/misaka/fishbot/install/nav2_util:/home/misaka/fishbot/install/nav2_voxel_grid:/home/misaka/fishbot/install/nav2_msgs:/home/misaka/fishbot/install/nav2_common:/opt/ros/humble LD_LIBRARY_PATH=/home/misaka/fishbot/install/nav2_costmap_2d/lib:/home/misaka/fishbot/install/nav2_map_server/lib:/home/misaka/fishbot/install/nav2_lifecycle_manager/lib:/home/misaka/fishbot/install/nav2_util/lib:/home/misaka/fishbot/install/nav2_voxel_grid/lib:/home/misaka/fishbot/install/nav2_msgs/lib:${LD_LIBRARY_PATH} PYTHONPATH=/home/misaka/fishbot/install/nav2_msgs/local/lib/python3.10/dist-packages:/home/misaka/fishbot/install/nav2_common/local/lib/python3.10/dist-packages:${PYTHONPATH} /usr/bin/cmake --build /home/misaka/fishbot/build/nav2_planner -- -j16 -l16
[8.689s] [ 10%] [32mBuilding CXX object gtest/CMakeFiles/gtest_main.dir/src/gtest_main.cc.o[0m
[8.701s] [ 20%] [32mBuilding CXX object gtest/CMakeFiles/gtest.dir/src/gtest-all.cc.o[0m
[8.717s] [ 30%] [32mBuilding CXX object CMakeFiles/planner_server_core.dir/src/planner_server.cpp.o[0m
[12.104s] [ 40%] [32m[1mLinking CXX static library libgtest_main.a[0m
[12.264s] [ 40%] Built target gtest_main
[34.344s] [ 50%] [32m[1mLinking CXX static library libgtest.a[0m
[34.517s] [ 50%] Built target gtest
[68.395s] [ 60%] [32m[1mLinking CXX shared library libplanner_server_core.so[0m
[69.665s] [ 60%] Built target planner_server_core
[69.800s] [ 70%] [32mBuilding CXX object test/CMakeFiles/test_dynamic_parameters.dir/test_dynamic_parameters.cpp.o[0m
[69.802s] [ 80%] [32mBuilding CXX object CMakeFiles/planner_server.dir/src/main.cpp.o[0m
[87.726s] [ 90%] [32m[1mLinking CXX executable planner_server[0m
[88.633s] [ 90%] Built target planner_server
[92.900s] [100%] [32m[1mLinking CXX executable test_dynamic_parameters[0m
[94.342s] [100%] Built target test_dynamic_parameters
[94.388s] Invoked command in '/home/misaka/fishbot/build/nav2_planner' returned '0': AMENT_PREFIX_PATH=/home/misaka/fishbot/install/nav2_core:/home/misaka/fishbot/install/nav2_costmap_2d:/home/misaka/fishbot/install/nav2_map_server:/home/misaka/fishbot/install/nav2_lifecycle_manager:/home/misaka/fishbot/install/nav2_util:/home/misaka/fishbot/install/nav2_voxel_grid:/home/misaka/fishbot/install/nav2_msgs:/home/misaka/fishbot/install/nav2_common:${AMENT_PREFIX_PATH} CMAKE_PREFIX_PATH=/home/misaka/fishbot/install/nav2_core:/home/misaka/fishbot/install/nav2_costmap_2d:/home/misaka/fishbot/install/nav2_map_server:/home/misaka/fishbot/install/nav2_lifecycle_manager:/home/misaka/fishbot/install/nav2_util:/home/misaka/fishbot/install/nav2_voxel_grid:/home/misaka/fishbot/install/nav2_msgs:/home/misaka/fishbot/install/nav2_common:/opt/ros/humble LD_LIBRARY_PATH=/home/misaka/fishbot/install/nav2_costmap_2d/lib:/home/misaka/fishbot/install/nav2_map_server/lib:/home/misaka/fishbot/install/nav2_lifecycle_manager/lib:/home/misaka/fishbot/install/nav2_util/lib:/home/misaka/fishbot/install/nav2_voxel_grid/lib:/home/misaka/fishbot/install/nav2_msgs/lib:${LD_LIBRARY_PATH} PYTHONPATH=/home/misaka/fishbot/install/nav2_msgs/local/lib/python3.10/dist-packages:/home/misaka/fishbot/install/nav2_common/local/lib/python3.10/dist-packages:${PYTHONPATH} /usr/bin/cmake --build /home/misaka/fishbot/build/nav2_planner -- -j16 -l16
[94.617s] Invoking command in '/home/misaka/fishbot/build/nav2_planner': AMENT_PREFIX_PATH=/home/misaka/fishbot/install/nav2_core:/home/misaka/fishbot/install/nav2_costmap_2d:/home/misaka/fishbot/install/nav2_map_server:/home/misaka/fishbot/install/nav2_lifecycle_manager:/home/misaka/fishbot/install/nav2_util:/home/misaka/fishbot/install/nav2_voxel_grid:/home/misaka/fishbot/install/nav2_msgs:/home/misaka/fishbot/install/nav2_common:${AMENT_PREFIX_PATH} CMAKE_PREFIX_PATH=/home/misaka/fishbot/install/nav2_core:/home/misaka/fishbot/install/nav2_costmap_2d:/home/misaka/fishbot/install/nav2_map_server:/home/misaka/fishbot/install/nav2_lifecycle_manager:/home/misaka/fishbot/install/nav2_util:/home/misaka/fishbot/install/nav2_voxel_grid:/home/misaka/fishbot/install/nav2_msgs:/home/misaka/fishbot/install/nav2_common:/opt/ros/humble LD_LIBRARY_PATH=/home/misaka/fishbot/install/nav2_costmap_2d/lib:/home/misaka/fishbot/install/nav2_map_server/lib:/home/misaka/fishbot/install/nav2_lifecycle_manager/lib:/home/misaka/fishbot/install/nav2_util/lib:/home/misaka/fishbot/install/nav2_voxel_grid/lib:/home/misaka/fishbot/install/nav2_msgs/lib:${LD_LIBRARY_PATH} PYTHONPATH=/home/misaka/fishbot/install/nav2_msgs/local/lib/python3.10/dist-packages:/home/misaka/fishbot/install/nav2_common/local/lib/python3.10/dist-packages:${PYTHONPATH} /usr/bin/cmake --install /home/misaka/fishbot/build/nav2_planner
[94.640s] -- Install configuration: "Release"
[94.640s] -- Installing: /home/misaka/fishbot/install/nav2_planner/lib/libplanner_server_core.so
[94.644s] -- Set runtime path of "/home/misaka/fishbot/install/nav2_planner/lib/libplanner_server_core.so" to ""
[94.645s] -- Installing: /home/misaka/fishbot/install/nav2_planner/lib/nav2_planner/planner_server
[94.645s] -- Set runtime path of "/home/misaka/fishbot/install/nav2_planner/lib/nav2_planner/planner_server" to ""
[94.646s] -- Installing: /home/misaka/fishbot/install/nav2_planner/include/
[94.646s] -- Installing: /home/misaka/fishbot/install/nav2_planner/include//nav2_planner
[94.646s] -- Installing: /home/misaka/fishbot/install/nav2_planner/include//nav2_planner/planner_server.hpp
[94.647s] -- Installing: /home/misaka/fishbot/install/nav2_planner/share/nav2_planner/environment/library_path.sh
[94.648s] -- Installing: /home/misaka/fishbot/install/nav2_planner/share/nav2_planner/environment/library_path.dsv
[94.648s] -- Installing: /home/misaka/fishbot/install/nav2_planner/share/ament_index/resource_index/package_run_dependencies/nav2_planner
[94.649s] -- Installing: /home/misaka/fishbot/install/nav2_planner/share/ament_index/resource_index/parent_prefix_path/nav2_planner
[94.650s] -- Installing: /home/misaka/fishbot/install/nav2_planner/share/nav2_planner/environment/ament_prefix_path.sh
[94.650s] -- Installing: /home/misaka/fishbot/install/nav2_planner/share/nav2_planner/environment/ament_prefix_path.dsv
[94.651s] -- Installing: /home/misaka/fishbot/install/nav2_planner/share/nav2_planner/environment/path.sh
[94.651s] -- Installing: /home/misaka/fishbot/install/nav2_planner/share/nav2_planner/environment/path.dsv
[94.652s] -- Installing: /home/misaka/fishbot/install/nav2_planner/share/nav2_planner/local_setup.bash
[94.653s] -- Installing: /home/misaka/fishbot/install/nav2_planner/share/nav2_planner/local_setup.sh
[94.654s] -- Installing: /home/misaka/fishbot/install/nav2_planner/share/nav2_planner/local_setup.zsh
[94.654s] -- Installing: /home/misaka/fishbot/install/nav2_planner/share/nav2_planner/local_setup.dsv
[94.655s] -- Installing: /home/misaka/fishbot/install/nav2_planner/share/nav2_planner/package.dsv
[94.655s] -- Installing: /home/misaka/fishbot/install/nav2_planner/share/ament_index/resource_index/packages/nav2_planner
[94.656s] -- Installing: /home/misaka/fishbot/install/nav2_planner/share/ament_index/resource_index/rclcpp_components/nav2_planner
[94.656s] -- Installing: /home/misaka/fishbot/install/nav2_planner/share/nav2_planner/cmake/ament_cmake_export_include_directories-extras.cmake
[94.657s] -- Installing: /home/misaka/fishbot/install/nav2_planner/share/nav2_planner/cmake/ament_cmake_export_libraries-extras.cmake
[94.657s] -- Installing: /home/misaka/fishbot/install/nav2_planner/share/nav2_planner/cmake/ament_cmake_export_dependencies-extras.cmake
[94.658s] -- Installing: /home/misaka/fishbot/install/nav2_planner/share/nav2_planner/cmake/nav2_plannerConfig.cmake
[94.658s] -- Installing: /home/misaka/fishbot/install/nav2_planner/share/nav2_planner/cmake/nav2_plannerConfig-version.cmake
[94.658s] -- Installing: /home/misaka/fishbot/install/nav2_planner/share/nav2_planner/package.xml
[94.665s] Invoked command in '/home/misaka/fishbot/build/nav2_planner' returned '0': AMENT_PREFIX_PATH=/home/misaka/fishbot/install/nav2_core:/home/misaka/fishbot/install/nav2_costmap_2d:/home/misaka/fishbot/install/nav2_map_server:/home/misaka/fishbot/install/nav2_lifecycle_manager:/home/misaka/fishbot/install/nav2_util:/home/misaka/fishbot/install/nav2_voxel_grid:/home/misaka/fishbot/install/nav2_msgs:/home/misaka/fishbot/install/nav2_common:${AMENT_PREFIX_PATH} CMAKE_PREFIX_PATH=/home/misaka/fishbot/install/nav2_core:/home/misaka/fishbot/install/nav2_costmap_2d:/home/misaka/fishbot/install/nav2_map_server:/home/misaka/fishbot/install/nav2_lifecycle_manager:/home/misaka/fishbot/install/nav2_util:/home/misaka/fishbot/install/nav2_voxel_grid:/home/misaka/fishbot/install/nav2_msgs:/home/misaka/fishbot/install/nav2_common:/opt/ros/humble LD_LIBRARY_PATH=/home/misaka/fishbot/install/nav2_costmap_2d/lib:/home/misaka/fishbot/install/nav2_map_server/lib:/home/misaka/fishbot/install/nav2_lifecycle_manager/lib:/home/misaka/fishbot/install/nav2_util/lib:/home/misaka/fishbot/install/nav2_voxel_grid/lib:/home/misaka/fishbot/install/nav2_msgs/lib:${LD_LIBRARY_PATH} PYTHONPATH=/home/misaka/fishbot/install/nav2_msgs/local/lib/python3.10/dist-packages:/home/misaka/fishbot/install/nav2_common/local/lib/python3.10/dist-packages:${PYTHONPATH} /usr/bin/cmake --install /home/misaka/fishbot/build/nav2_planner
