[0.216s] Invoking command in '/home/misaka/fishbot/build/nav2_lifecycle_manager': AMENT_PREFIX_PATH=/home/misaka/fishbot/install/nav2_util:/home/misaka/fishbot/install/nav2_msgs:/home/misaka/fishbot/install/nav2_common:${AMENT_PREFIX_PATH} CMAKE_PREFIX_PATH=/home/misaka/fishbot/install/nav2_util:/home/misaka/fishbot/install/nav2_msgs:/home/misaka/fishbot/install/nav2_common:/opt/ros/humble LD_LIBRARY_PATH=/home/misaka/fishbot/install/nav2_util/lib:/home/misaka/fishbot/install/nav2_msgs/lib:${LD_LIBRARY_PATH} PYTHONPATH=/home/misaka/fishbot/install/nav2_msgs/local/lib/python3.10/dist-packages:/home/misaka/fishbot/install/nav2_common/local/lib/python3.10/dist-packages:${PYTHONPATH} /usr/bin/cmake /home/misaka/fishbot/src/navigation/nav2_lifecycle_manager -DCMAKE_INSTALL_PREFIX=/home/misaka/fishbot/install/nav2_lifecycle_manager
[0.601s] -- The C compiler identification is GNU 11.4.0
[0.859s] -- The CXX compiler identification is GNU 11.4.0
[0.900s] -- Detecting C compiler ABI info
[1.230s] -- Detecting C compiler ABI info - done
[1.253s] -- Check for working C compiler: /usr/bin/cc - skipped
[1.255s] -- Detecting C compile features
[1.257s] -- Detecting C compile features - done
[1.269s] -- Detecting CXX compiler ABI info
[1.637s] -- Detecting CXX compiler ABI info - done
[1.667s] -- Check for working CXX compiler: /usr/bin/c++ - skipped
[1.668s] -- Detecting CXX compile features
[1.671s] -- Detecting CXX compile features - done
[1.682s] -- Found ament_cmake: 1.3.10 (/opt/ros/humble/share/ament_cmake/cmake)
[2.329s] -- Found Python3: /usr/bin/python3 (found version "3.10.12") found components: Interpreter 
[2.742s] -- Found geometry_msgs: 4.2.4 (/opt/ros/humble/share/geometry_msgs/cmake)
[2.893s] -- Found rosidl_generator_c: 3.1.5 (/opt/ros/humble/share/rosidl_generator_c/cmake)
[2.913s] -- Found rosidl_adapter: 3.1.5 (/opt/ros/humble/share/rosidl_adapter/cmake)
[2.946s] -- Found rosidl_generator_cpp: 3.1.5 (/opt/ros/humble/share/rosidl_generator_cpp/cmake)
[3.038s] -- Using all available rosidl_typesupport_c: rosidl_typesupport_fastrtps_c;rosidl_typesupport_introspection_c
[3.132s] -- Using all available rosidl_typesupport_cpp: rosidl_typesupport_fastrtps_cpp;rosidl_typesupport_introspection_cpp
[3.367s] -- Found lifecycle_msgs: 1.2.1 (/opt/ros/humble/share/lifecycle_msgs/cmake)
[3.436s] -- Found nav2_common: 1.1.0 (/home/misaka/fishbot/install/nav2_common/share/nav2_common/cmake)
[3.443s] -- Found nav2_msgs: 1.1.0 (/home/misaka/fishbot/install/nav2_msgs/share/nav2_msgs/cmake)
[3.795s] -- Found nav2_util: 1.1.0 (/home/misaka/fishbot/install/nav2_util/share/nav2_util/cmake)
[4.145s] -- Found rmw_implementation_cmake: 6.1.2 (/opt/ros/humble/share/rmw_implementation_cmake/cmake)
[4.158s] -- Found rmw_fastrtps_cpp: 6.2.7 (/opt/ros/humble/share/rmw_fastrtps_cpp/cmake)
[4.543s] -- Found OpenSSL: /usr/lib/x86_64-linux-gnu/libcrypto.so (found version "3.0.2")  
[4.647s] -- Found FastRTPS: /opt/ros/humble/include  
[4.818s] -- Using RMW implementation 'rmw_fastrtps_cpp' as default
[4.850s] -- Looking for pthread.h
[5.205s] -- Looking for pthread.h - found
[5.207s] -- Performing Test CMAKE_HAVE_LIBC_PTHREAD
[5.598s] -- Performing Test CMAKE_HAVE_LIBC_PTHREAD - Success
[5.605s] -- Found Threads: TRUE  
[6.023s] -- Found eigen3_cmake_module: 0.1.1 (/opt/ros/humble/share/eigen3_cmake_module/cmake)
[6.028s] -- Found Eigen3: TRUE (found version "3.4.0") 
[6.028s] -- Ensuring Eigen3 include directory is part of orocos-kdl CMake target
[6.208s] -- Found std_srvs: 4.2.4 (/opt/ros/humble/share/std_srvs/cmake)
[6.273s] -- Found diagnostic_updater: 4.0.0 (/opt/ros/humble/share/diagnostic_updater/cmake)
[6.412s] -- Setting build type to Release as none was specified.
[6.636s] -- Found ament_lint_auto: 0.12.11 (/opt/ros/humble/share/ament_lint_auto/cmake)
[7.051s] -- Found gtest sources under '/opt/ros/humble/src/gtest_vendor': C++ tests using 'Google Test' will be built
[7.266s] -- Added test 'copyright' to check source files copyright and LICENSE
[7.272s] -- Added test 'cppcheck' to perform static code analysis on C / C++ code
[7.278s] -- Configured cppcheck include dirs: /home/misaka/fishbot/src/navigation/nav2_lifecycle_manager/include
[7.279s] -- Configured cppcheck exclude dirs and/or files: 
[7.291s] -- Added test 'cpplint' to check C / C++ code against the Google style
[7.306s] -- Configured cpplint exclude dirs and/or files: 
[7.307s] -- Added test 'flake8' to check Python code syntax and style conventions
[7.307s] -- Added test 'lint_cmake' to check CMake code style
[7.309s] -- Added test 'pep257' to check Python code against some of the docstring style conventions in PEP 257
[7.313s] -- Added test 'uncrustify' to check C / C++ code style
[7.314s] -- Configured uncrustify additional arguments: 
[7.314s] -- Added test 'xmllint' to check XML markup files
[7.321s] -- Configuring done
[7.788s] -- Generating done
[7.797s] -- Build files have been written to: /home/misaka/fishbot/build/nav2_lifecycle_manager
[7.854s] Invoked command in '/home/misaka/fishbot/build/nav2_lifecycle_manager' returned '0': AMENT_PREFIX_PATH=/home/misaka/fishbot/install/nav2_util:/home/misaka/fishbot/install/nav2_msgs:/home/misaka/fishbot/install/nav2_common:${AMENT_PREFIX_PATH} CMAKE_PREFIX_PATH=/home/misaka/fishbot/install/nav2_util:/home/misaka/fishbot/install/nav2_msgs:/home/misaka/fishbot/install/nav2_common:/opt/ros/humble LD_LIBRARY_PATH=/home/misaka/fishbot/install/nav2_util/lib:/home/misaka/fishbot/install/nav2_msgs/lib:${LD_LIBRARY_PATH} PYTHONPATH=/home/misaka/fishbot/install/nav2_msgs/local/lib/python3.10/dist-packages:/home/misaka/fishbot/install/nav2_common/local/lib/python3.10/dist-packages:${PYTHONPATH} /usr/bin/cmake /home/misaka/fishbot/src/navigation/nav2_lifecycle_manager -DCMAKE_INSTALL_PREFIX=/home/misaka/fishbot/install/nav2_lifecycle_manager
[7.869s] Invoking command in '/home/misaka/fishbot/build/nav2_lifecycle_manager': AMENT_PREFIX_PATH=/home/misaka/fishbot/install/nav2_util:/home/misaka/fishbot/install/nav2_msgs:/home/misaka/fishbot/install/nav2_common:${AMENT_PREFIX_PATH} CMAKE_PREFIX_PATH=/home/misaka/fishbot/install/nav2_util:/home/misaka/fishbot/install/nav2_msgs:/home/misaka/fishbot/install/nav2_common:/opt/ros/humble LD_LIBRARY_PATH=/home/misaka/fishbot/install/nav2_util/lib:/home/misaka/fishbot/install/nav2_msgs/lib:${LD_LIBRARY_PATH} PYTHONPATH=/home/misaka/fishbot/install/nav2_msgs/local/lib/python3.10/dist-packages:/home/misaka/fishbot/install/nav2_common/local/lib/python3.10/dist-packages:${PYTHONPATH} /usr/bin/cmake --build /home/misaka/fishbot/build/nav2_lifecycle_manager -- -j16 -l16
[8.162s] [  7%] [32mBuilding CXX object gtest/CMakeFiles/gtest.dir/src/gtest-all.cc.o[0m
[8.162s] [ 15%] [32mBuilding CXX object gtest/CMakeFiles/gtest_main.dir/src/gtest_main.cc.o[0m
[8.162s] [ 23%] [32mBuilding CXX object CMakeFiles/nav2_lifecycle_manager_core.dir/src/lifecycle_manager_client.cpp.o[0m
[8.173s] [ 30%] [32mBuilding CXX object CMakeFiles/nav2_lifecycle_manager_core.dir/src/lifecycle_manager.cpp.o[0m
[14.016s] [ 38%] [32m[1mLinking CXX static library libgtest_main.a[0m
[14.291s] [ 38%] Built target gtest_main
[359.045s] [ 46%] [32m[1mLinking CXX static library libgtest.a[0m
[359.050s] [ 46%] Built target gtest
[377.134s] [ 53%] [32m[1mLinking CXX shared library libnav2_lifecycle_manager_core.so[0m
[378.350s] [ 53%] Built target nav2_lifecycle_manager_core
[378.509s] [ 61%] [32mBuilding CXX object CMakeFiles/lifecycle_manager.dir/src/main.cpp.o[0m
[398.947s] [ 69%] [32m[1mLinking CXX executable lifecycle_manager[0m
[399.836s] [ 69%] Built target lifecycle_manager
[399.990s] [ 76%] [32mBuilding CXX object test/CMakeFiles/test_bond_gtest.dir/test_bond.cpp.o[0m
[428.934s] [ 84%] [32m[1mLinking CXX executable test_bond_gtest[0m
[430.148s] [ 84%] Built target test_bond_gtest
[430.307s] [ 92%] [32mBuilding CXX object test/CMakeFiles/test_lifecycle_gtest.dir/test_lifecycle_manager.cpp.o[0m
[454.003s] [100%] [32m[1mLinking CXX executable test_lifecycle_gtest[0m
[460.381s] [100%] Built target test_lifecycle_gtest
