[0.069s] Invoking command in '/home/misaka/fishbot/build/nav2_voxel_grid': AMENT_PREFIX_PATH=/home/misaka/fishbot/install/nav2_common:${AMENT_PREFIX_PATH} CMAKE_PREFIX_PATH=/home/misaka/fishbot/install/nav2_common:/opt/ros/humble PYTHONPATH=/home/misaka/fishbot/install/nav2_common/local/lib/python3.10/dist-packages:${PYTHONPATH} /usr/bin/cmake --build /home/misaka/fishbot/build/nav2_voxel_grid -- -j16 -l16
[0.401s] [ 20%] Built target gtest_main
[0.403s] [ 40%] Built target gtest
[0.478s] [ 60%] Built target voxel_grid
[0.630s] [ 80%] Built target voxel_grid_tests
[0.647s] [100%] Built target voxel_grid_bresenham_3d
[0.701s] Invoked command in '/home/misaka/fishbot/build/nav2_voxel_grid' returned '0': AMENT_PREFIX_PATH=/home/misaka/fishbot/install/nav2_common:${AMENT_PREFIX_PATH} CMAKE_PREFIX_PATH=/home/misaka/fishbot/install/nav2_common:/opt/ros/humble PYTHONPATH=/home/misaka/fishbot/install/nav2_common/local/lib/python3.10/dist-packages:${PYTHONPATH} /usr/bin/cmake --build /home/misaka/fishbot/build/nav2_voxel_grid -- -j16 -l16
[0.932s] Invoking command in '/home/misaka/fishbot/build/nav2_voxel_grid': AMENT_PREFIX_PATH=/home/misaka/fishbot/install/nav2_common:${AMENT_PREFIX_PATH} CMAKE_PREFIX_PATH=/home/misaka/fishbot/install/nav2_common:/opt/ros/humble PYTHONPATH=/home/misaka/fishbot/install/nav2_common/local/lib/python3.10/dist-packages:${PYTHONPATH} /usr/bin/cmake --install /home/misaka/fishbot/build/nav2_voxel_grid
[0.991s] -- Install configuration: "Release"
[0.996s] -- Up-to-date: /home/misaka/fishbot/install/nav2_voxel_grid/lib/libvoxel_grid.so
[0.998s] -- Up-to-date: /home/misaka/fishbot/install/nav2_voxel_grid/include
[1.002s] -- Up-to-date: /home/misaka/fishbot/install/nav2_voxel_grid/include/nav2_voxel_grid
[1.003s] -- Up-to-date: /home/misaka/fishbot/install/nav2_voxel_grid/include/nav2_voxel_grid/voxel_grid.hpp
[1.003s] -- Up-to-date: /home/misaka/fishbot/install/nav2_voxel_grid/share/nav2_voxel_grid/environment/library_path.sh
[1.003s] -- Up-to-date: /home/misaka/fishbot/install/nav2_voxel_grid/share/nav2_voxel_grid/environment/library_path.dsv
[1.004s] -- Up-to-date: /home/misaka/fishbot/install/nav2_voxel_grid/share/ament_index/resource_index/package_run_dependencies/nav2_voxel_grid
[1.005s] -- Up-to-date: /home/misaka/fishbot/install/nav2_voxel_grid/share/ament_index/resource_index/parent_prefix_path/nav2_voxel_grid
[1.019s] -- Up-to-date: /home/misaka/fishbot/install/nav2_voxel_grid/share/nav2_voxel_grid/environment/ament_prefix_path.sh
[1.023s] -- Up-to-date: /home/misaka/fishbot/install/nav2_voxel_grid/share/nav2_voxel_grid/environment/ament_prefix_path.dsv
[1.024s] -- Up-to-date: /home/misaka/fishbot/install/nav2_voxel_grid/share/nav2_voxel_grid/environment/path.sh
[1.024s] -- Up-to-date: /home/misaka/fishbot/install/nav2_voxel_grid/share/nav2_voxel_grid/environment/path.dsv
[1.024s] -- Up-to-date: /home/misaka/fishbot/install/nav2_voxel_grid/share/nav2_voxel_grid/local_setup.bash
[1.025s] -- Up-to-date: /home/misaka/fishbot/install/nav2_voxel_grid/share/nav2_voxel_grid/local_setup.sh
[1.026s] -- Up-to-date: /home/misaka/fishbot/install/nav2_voxel_grid/share/nav2_voxel_grid/local_setup.zsh
[1.026s] -- Up-to-date: /home/misaka/fishbot/install/nav2_voxel_grid/share/nav2_voxel_grid/local_setup.dsv
[1.027s] -- Installing: /home/misaka/fishbot/install/nav2_voxel_grid/share/nav2_voxel_grid/package.dsv
[1.033s] -- Up-to-date: /home/misaka/fishbot/install/nav2_voxel_grid/share/ament_index/resource_index/packages/nav2_voxel_grid
[1.034s] -- Up-to-date: /home/misaka/fishbot/install/nav2_voxel_grid/share/nav2_voxel_grid/cmake/ament_cmake_export_dependencies-extras.cmake
[1.034s] -- Up-to-date: /home/misaka/fishbot/install/nav2_voxel_grid/share/nav2_voxel_grid/cmake/ament_cmake_export_include_directories-extras.cmake
[1.034s] -- Up-to-date: /home/misaka/fishbot/install/nav2_voxel_grid/share/nav2_voxel_grid/cmake/ament_cmake_export_libraries-extras.cmake
[1.037s] -- Up-to-date: /home/misaka/fishbot/install/nav2_voxel_grid/share/nav2_voxel_grid/cmake/nav2_voxel_gridConfig.cmake
[1.040s] -- Up-to-date: /home/misaka/fishbot/install/nav2_voxel_grid/share/nav2_voxel_grid/cmake/nav2_voxel_gridConfig-version.cmake
[1.040s] -- Up-to-date: /home/misaka/fishbot/install/nav2_voxel_grid/share/nav2_voxel_grid/package.xml
[1.074s] Invoked command in '/home/misaka/fishbot/build/nav2_voxel_grid' returned '0': AMENT_PREFIX_PATH=/home/misaka/fishbot/install/nav2_common:${AMENT_PREFIX_PATH} CMAKE_PREFIX_PATH=/home/misaka/fishbot/install/nav2_common:/opt/ros/humble PYTHONPATH=/home/misaka/fishbot/install/nav2_common/local/lib/python3.10/dist-packages:${PYTHONPATH} /usr/bin/cmake --install /home/misaka/fishbot/build/nav2_voxel_grid
