[0.101s] Invoking command in '/home/misaka/fishbot/build/nav2_theta_star_planner': AMENT_PREFIX_PATH=/home/misaka/fishbot/install/nav2_core:/home/misaka/fishbot/install/nav2_costmap_2d:/home/misaka/fishbot/install/nav2_map_server:/home/misaka/fishbot/install/nav2_lifecycle_manager:/home/misaka/fishbot/install/nav2_util:/home/misaka/fishbot/install/nav2_voxel_grid:/home/misaka/fishbot/install/nav2_msgs:/home/misaka/fishbot/install/nav2_common:${AMENT_PREFIX_PATH} CMAKE_PREFIX_PATH=/home/misaka/fishbot/install/nav2_core:/home/misaka/fishbot/install/nav2_costmap_2d:/home/misaka/fishbot/install/nav2_map_server:/home/misaka/fishbot/install/nav2_lifecycle_manager:/home/misaka/fishbot/install/nav2_util:/home/misaka/fishbot/install/nav2_voxel_grid:/home/misaka/fishbot/install/nav2_msgs:/home/misaka/fishbot/install/nav2_common:/opt/ros/humble LD_LIBRARY_PATH=/home/misaka/fishbot/install/nav2_costmap_2d/lib:/home/misaka/fishbot/install/nav2_map_server/lib:/home/misaka/fishbot/install/nav2_lifecycle_manager/lib:/home/misaka/fishbot/install/nav2_util/lib:/home/misaka/fishbot/install/nav2_voxel_grid/lib:/home/misaka/fishbot/install/nav2_msgs/lib:${LD_LIBRARY_PATH} PYTHONPATH=/home/misaka/fishbot/install/nav2_msgs/local/lib/python3.10/dist-packages:/home/misaka/fishbot/install/nav2_common/local/lib/python3.10/dist-packages:${PYTHONPATH} /usr/bin/cmake /home/misaka/fishbot/src/navigation/nav2_theta_star_planner -DCMAKE_INSTALL_PREFIX=/home/misaka/fishbot/install/nav2_theta_star_planner
[0.317s] -- The C compiler identification is GNU 11.4.0
[0.530s] -- The CXX compiler identification is GNU 11.4.0
[0.570s] -- Detecting C compiler ABI info
[0.902s] -- Detecting C compiler ABI info - done
[0.928s] -- Check for working C compiler: /usr/bin/cc - skipped
[0.929s] -- Detecting C compile features
[0.931s] -- Detecting C compile features - done
[0.947s] -- Detecting CXX compiler ABI info
[1.275s] -- Detecting CXX compiler ABI info - done
[1.300s] -- Check for working CXX compiler: /usr/bin/c++ - skipped
[1.302s] -- Detecting CXX compile features
[1.304s] -- Detecting CXX compile features - done
[1.318s] -- Found ament_cmake: 1.3.10 (/opt/ros/humble/share/ament_cmake/cmake)
[1.925s] -- Found Python3: /usr/bin/python3 (found version "3.10.12") found components: Interpreter 
[2.333s] -- Found builtin_interfaces: 1.2.1 (/opt/ros/humble/share/builtin_interfaces/cmake)
[2.474s] -- Found rosidl_generator_c: 3.1.5 (/opt/ros/humble/share/rosidl_generator_c/cmake)
[2.503s] -- Found rosidl_adapter: 3.1.5 (/opt/ros/humble/share/rosidl_adapter/cmake)
[2.540s] -- Found rosidl_generator_cpp: 3.1.5 (/opt/ros/humble/share/rosidl_generator_cpp/cmake)
[2.599s] -- Using all available rosidl_typesupport_c: rosidl_typesupport_fastrtps_c;rosidl_typesupport_introspection_c
[2.669s] -- Using all available rosidl_typesupport_cpp: rosidl_typesupport_fastrtps_cpp;rosidl_typesupport_introspection_cpp
[2.746s] -- Found nav2_common: 1.1.0 (/home/misaka/fishbot/install/nav2_common/share/nav2_common/cmake)
[2.747s] -- Found nav2_core: 1.1.0 (/home/misaka/fishbot/install/nav2_core/share/nav2_core/cmake)
[2.951s] -- Found rmw_implementation_cmake: 6.1.2 (/opt/ros/humble/share/rmw_implementation_cmake/cmake)
[2.964s] -- Found rmw_fastrtps_cpp: 6.2.7 (/opt/ros/humble/share/rmw_fastrtps_cpp/cmake)
[3.403s] -- Found OpenSSL: /usr/lib/x86_64-linux-gnu/libcrypto.so (found version "3.0.2")  
[3.508s] -- Found FastRTPS: /opt/ros/humble/include  
[3.673s] -- Using RMW implementation 'rmw_fastrtps_cpp' as default
[3.718s] -- Looking for pthread.h
[4.063s] -- Looking for pthread.h - found
[4.064s] -- Performing Test CMAKE_HAVE_LIBC_PTHREAD
[4.382s] -- Performing Test CMAKE_HAVE_LIBC_PTHREAD - Success
[4.388s] -- Found Threads: TRUE  
[5.497s] -- Found Eigen3: TRUE (found version "3.4.0") 
[5.498s] -- Ensuring Eigen3 include directory is part of orocos-kdl CMake target
[5.845s] -- Setting build type to Release as none was specified.
[6.636s] -- Found ament_lint_auto: 0.12.11 (/opt/ros/humble/share/ament_lint_auto/cmake)
[6.978s] -- Found gtest sources under '/opt/ros/humble/src/gtest_vendor': C++ tests using 'Google Test' will be built
[7.298s] -- Added test 'copyright' to check source files copyright and LICENSE
[7.304s] -- Added test 'cppcheck' to perform static code analysis on C / C++ code
[7.306s] -- Configured cppcheck include dirs: /home/misaka/fishbot/src/navigation/nav2_theta_star_planner/include
[7.307s] -- Configured cppcheck exclude dirs and/or files: 
[7.313s] -- Added test 'cpplint' to check C / C++ code against the Google style
[7.313s] -- Configured cpplint exclude dirs and/or files: 
[7.318s] -- Added test 'lint_cmake' to check CMake code style
[7.323s] -- Added test 'uncrustify' to check C / C++ code style
[7.323s] -- Configured uncrustify additional arguments: 
[7.327s] -- Added test 'xmllint' to check XML markup files
[7.341s] -- Configuring done
[7.844s] -- Generating done
[7.844s] -- Build files have been written to: /home/misaka/fishbot/build/nav2_theta_star_planner
[7.867s] Invoked command in '/home/misaka/fishbot/build/nav2_theta_star_planner' returned '0': AMENT_PREFIX_PATH=/home/misaka/fishbot/install/nav2_core:/home/misaka/fishbot/install/nav2_costmap_2d:/home/misaka/fishbot/install/nav2_map_server:/home/misaka/fishbot/install/nav2_lifecycle_manager:/home/misaka/fishbot/install/nav2_util:/home/misaka/fishbot/install/nav2_voxel_grid:/home/misaka/fishbot/install/nav2_msgs:/home/misaka/fishbot/install/nav2_common:${AMENT_PREFIX_PATH} CMAKE_PREFIX_PATH=/home/misaka/fishbot/install/nav2_core:/home/misaka/fishbot/install/nav2_costmap_2d:/home/misaka/fishbot/install/nav2_map_server:/home/misaka/fishbot/install/nav2_lifecycle_manager:/home/misaka/fishbot/install/nav2_util:/home/misaka/fishbot/install/nav2_voxel_grid:/home/misaka/fishbot/install/nav2_msgs:/home/misaka/fishbot/install/nav2_common:/opt/ros/humble LD_LIBRARY_PATH=/home/misaka/fishbot/install/nav2_costmap_2d/lib:/home/misaka/fishbot/install/nav2_map_server/lib:/home/misaka/fishbot/install/nav2_lifecycle_manager/lib:/home/misaka/fishbot/install/nav2_util/lib:/home/misaka/fishbot/install/nav2_voxel_grid/lib:/home/misaka/fishbot/install/nav2_msgs/lib:${LD_LIBRARY_PATH} PYTHONPATH=/home/misaka/fishbot/install/nav2_msgs/local/lib/python3.10/dist-packages:/home/misaka/fishbot/install/nav2_common/local/lib/python3.10/dist-packages:${PYTHONPATH} /usr/bin/cmake /home/misaka/fishbot/src/navigation/nav2_theta_star_planner -DCMAKE_INSTALL_PREFIX=/home/misaka/fishbot/install/nav2_theta_star_planner
[7.872s] Invoking command in '/home/misaka/fishbot/build/nav2_theta_star_planner': AMENT_PREFIX_PATH=/home/misaka/fishbot/install/nav2_core:/home/misaka/fishbot/install/nav2_costmap_2d:/home/misaka/fishbot/install/nav2_map_server:/home/misaka/fishbot/install/nav2_lifecycle_manager:/home/misaka/fishbot/install/nav2_util:/home/misaka/fishbot/install/nav2_voxel_grid:/home/misaka/fishbot/install/nav2_msgs:/home/misaka/fishbot/install/nav2_common:${AMENT_PREFIX_PATH} CMAKE_PREFIX_PATH=/home/misaka/fishbot/install/nav2_core:/home/misaka/fishbot/install/nav2_costmap_2d:/home/misaka/fishbot/install/nav2_map_server:/home/misaka/fishbot/install/nav2_lifecycle_manager:/home/misaka/fishbot/install/nav2_util:/home/misaka/fishbot/install/nav2_voxel_grid:/home/misaka/fishbot/install/nav2_msgs:/home/misaka/fishbot/install/nav2_common:/opt/ros/humble LD_LIBRARY_PATH=/home/misaka/fishbot/install/nav2_costmap_2d/lib:/home/misaka/fishbot/install/nav2_map_server/lib:/home/misaka/fishbot/install/nav2_lifecycle_manager/lib:/home/misaka/fishbot/install/nav2_util/lib:/home/misaka/fishbot/install/nav2_voxel_grid/lib:/home/misaka/fishbot/install/nav2_msgs/lib:${LD_LIBRARY_PATH} PYTHONPATH=/home/misaka/fishbot/install/nav2_msgs/local/lib/python3.10/dist-packages:/home/misaka/fishbot/install/nav2_common/local/lib/python3.10/dist-packages:${PYTHONPATH} /usr/bin/cmake --build /home/misaka/fishbot/build/nav2_theta_star_planner -- -j16 -l16
[8.135s] [ 11%] [32mBuilding CXX object gtest/CMakeFiles/gtest_main.dir/src/gtest_main.cc.o[0m
[8.136s] [ 22%] [32mBuilding CXX object CMakeFiles/nav2_theta_star_planner.dir/src/theta_star.cpp.o[0m
[8.137s] [ 33%] [32mBuilding CXX object gtest/CMakeFiles/gtest.dir/src/gtest-all.cc.o[0m
[8.143s] [ 44%] [32mBuilding CXX object CMakeFiles/nav2_theta_star_planner.dir/src/theta_star_planner.cpp.o[0m
[11.799s] [ 55%] [32m[1mLinking CXX static library libgtest_main.a[0m
[11.951s] [ 55%] Built target gtest_main
[30.237s] [ 66%] [32m[1mLinking CXX shared library libnav2_theta_star_planner.so[0m
[31.133s] [ 66%] Built target nav2_theta_star_planner
[35.821s] [ 77%] [32m[1mLinking CXX static library libgtest.a[0m
[35.956s] [ 77%] Built target gtest
[36.050s] [ 88%] [32mBuilding CXX object CMakeFiles/test_theta_star.dir/test/test_theta_star.cpp.o[0m
[54.859s] [100%] [32m[1mLinking CXX executable test_theta_star[0m
[56.146s] [100%] Built target test_theta_star
[56.201s] Invoked command in '/home/misaka/fishbot/build/nav2_theta_star_planner' returned '0': AMENT_PREFIX_PATH=/home/misaka/fishbot/install/nav2_core:/home/misaka/fishbot/install/nav2_costmap_2d:/home/misaka/fishbot/install/nav2_map_server:/home/misaka/fishbot/install/nav2_lifecycle_manager:/home/misaka/fishbot/install/nav2_util:/home/misaka/fishbot/install/nav2_voxel_grid:/home/misaka/fishbot/install/nav2_msgs:/home/misaka/fishbot/install/nav2_common:${AMENT_PREFIX_PATH} CMAKE_PREFIX_PATH=/home/misaka/fishbot/install/nav2_core:/home/misaka/fishbot/install/nav2_costmap_2d:/home/misaka/fishbot/install/nav2_map_server:/home/misaka/fishbot/install/nav2_lifecycle_manager:/home/misaka/fishbot/install/nav2_util:/home/misaka/fishbot/install/nav2_voxel_grid:/home/misaka/fishbot/install/nav2_msgs:/home/misaka/fishbot/install/nav2_common:/opt/ros/humble LD_LIBRARY_PATH=/home/misaka/fishbot/install/nav2_costmap_2d/lib:/home/misaka/fishbot/install/nav2_map_server/lib:/home/misaka/fishbot/install/nav2_lifecycle_manager/lib:/home/misaka/fishbot/install/nav2_util/lib:/home/misaka/fishbot/install/nav2_voxel_grid/lib:/home/misaka/fishbot/install/nav2_msgs/lib:${LD_LIBRARY_PATH} PYTHONPATH=/home/misaka/fishbot/install/nav2_msgs/local/lib/python3.10/dist-packages:/home/misaka/fishbot/install/nav2_common/local/lib/python3.10/dist-packages:${PYTHONPATH} /usr/bin/cmake --build /home/misaka/fishbot/build/nav2_theta_star_planner -- -j16 -l16
[56.379s] Invoking command in '/home/misaka/fishbot/build/nav2_theta_star_planner': AMENT_PREFIX_PATH=/home/misaka/fishbot/install/nav2_core:/home/misaka/fishbot/install/nav2_costmap_2d:/home/misaka/fishbot/install/nav2_map_server:/home/misaka/fishbot/install/nav2_lifecycle_manager:/home/misaka/fishbot/install/nav2_util:/home/misaka/fishbot/install/nav2_voxel_grid:/home/misaka/fishbot/install/nav2_msgs:/home/misaka/fishbot/install/nav2_common:${AMENT_PREFIX_PATH} CMAKE_PREFIX_PATH=/home/misaka/fishbot/install/nav2_core:/home/misaka/fishbot/install/nav2_costmap_2d:/home/misaka/fishbot/install/nav2_map_server:/home/misaka/fishbot/install/nav2_lifecycle_manager:/home/misaka/fishbot/install/nav2_util:/home/misaka/fishbot/install/nav2_voxel_grid:/home/misaka/fishbot/install/nav2_msgs:/home/misaka/fishbot/install/nav2_common:/opt/ros/humble LD_LIBRARY_PATH=/home/misaka/fishbot/install/nav2_costmap_2d/lib:/home/misaka/fishbot/install/nav2_map_server/lib:/home/misaka/fishbot/install/nav2_lifecycle_manager/lib:/home/misaka/fishbot/install/nav2_util/lib:/home/misaka/fishbot/install/nav2_voxel_grid/lib:/home/misaka/fishbot/install/nav2_msgs/lib:${LD_LIBRARY_PATH} PYTHONPATH=/home/misaka/fishbot/install/nav2_msgs/local/lib/python3.10/dist-packages:/home/misaka/fishbot/install/nav2_common/local/lib/python3.10/dist-packages:${PYTHONPATH} /usr/bin/cmake --install /home/misaka/fishbot/build/nav2_theta_star_planner
[56.408s] -- Install configuration: "Release"
[56.408s] -- Installing: /home/misaka/fishbot/install/nav2_theta_star_planner/share/nav2_theta_star_planner/theta_star_planner.xml
[56.409s] -- Installing: /home/misaka/fishbot/install/nav2_theta_star_planner/lib/libnav2_theta_star_planner.so
[56.412s] -- Set runtime path of "/home/misaka/fishbot/install/nav2_theta_star_planner/lib/libnav2_theta_star_planner.so" to ""
[56.413s] -- Installing: /home/misaka/fishbot/install/nav2_theta_star_planner/include/
[56.413s] -- Installing: /home/misaka/fishbot/install/nav2_theta_star_planner/include//nav2_theta_star_planner
[56.413s] -- Installing: /home/misaka/fishbot/install/nav2_theta_star_planner/include//nav2_theta_star_planner/theta_star.hpp
[56.413s] -- Installing: /home/misaka/fishbot/install/nav2_theta_star_planner/include//nav2_theta_star_planner/theta_star_planner.hpp
[56.414s] -- Up-to-date: /home/misaka/fishbot/install/nav2_theta_star_planner/share/nav2_theta_star_planner/theta_star_planner.xml
[56.414s] -- Installing: /home/misaka/fishbot/install/nav2_theta_star_planner/share/nav2_theta_star_planner/environment/library_path.sh
[56.414s] -- Installing: /home/misaka/fishbot/install/nav2_theta_star_planner/share/nav2_theta_star_planner/environment/library_path.dsv
[56.415s] -- Installing: /home/misaka/fishbot/install/nav2_theta_star_planner/share/ament_index/resource_index/package_run_dependencies/nav2_theta_star_planner
[56.415s] -- Installing: /home/misaka/fishbot/install/nav2_theta_star_planner/share/ament_index/resource_index/parent_prefix_path/nav2_theta_star_planner
[56.415s] -- Installing: /home/misaka/fishbot/install/nav2_theta_star_planner/share/nav2_theta_star_planner/environment/ament_prefix_path.sh
[56.415s] -- Installing: /home/misaka/fishbot/install/nav2_theta_star_planner/share/nav2_theta_star_planner/environment/ament_prefix_path.dsv
[56.416s] -- Installing: /home/misaka/fishbot/install/nav2_theta_star_planner/share/nav2_theta_star_planner/environment/path.sh
[56.416s] -- Installing: /home/misaka/fishbot/install/nav2_theta_star_planner/share/nav2_theta_star_planner/environment/path.dsv
[56.417s] -- Installing: /home/misaka/fishbot/install/nav2_theta_star_planner/share/nav2_theta_star_planner/local_setup.bash
[56.418s] -- Installing: /home/misaka/fishbot/install/nav2_theta_star_planner/share/nav2_theta_star_planner/local_setup.sh
[56.418s] -- Installing: /home/misaka/fishbot/install/nav2_theta_star_planner/share/nav2_theta_star_planner/local_setup.zsh
[56.418s] -- Installing: /home/misaka/fishbot/install/nav2_theta_star_planner/share/nav2_theta_star_planner/local_setup.dsv
[56.422s] -- Installing: /home/misaka/fishbot/install/nav2_theta_star_planner/share/nav2_theta_star_planner/package.dsv
[56.423s] -- Installing: /home/misaka/fishbot/install/nav2_theta_star_planner/share/ament_index/resource_index/packages/nav2_theta_star_planner
[56.423s] -- Installing: /home/misaka/fishbot/install/nav2_theta_star_planner/share/ament_index/resource_index/nav2_core__pluginlib__plugin/nav2_theta_star_planner
[56.425s] -- Installing: /home/misaka/fishbot/install/nav2_theta_star_planner/share/nav2_theta_star_planner/cmake/ament_cmake_export_include_directories-extras.cmake
[56.426s] -- Installing: /home/misaka/fishbot/install/nav2_theta_star_planner/share/nav2_theta_star_planner/cmake/ament_cmake_export_libraries-extras.cmake
[56.426s] -- Installing: /home/misaka/fishbot/install/nav2_theta_star_planner/share/nav2_theta_star_planner/cmake/ament_cmake_export_dependencies-extras.cmake
[56.426s] -- Installing: /home/misaka/fishbot/install/nav2_theta_star_planner/share/nav2_theta_star_planner/cmake/nav2_theta_star_plannerConfig.cmake
[56.426s] -- Installing: /home/misaka/fishbot/install/nav2_theta_star_planner/share/nav2_theta_star_planner/cmake/nav2_theta_star_plannerConfig-version.cmake
[56.426s] -- Installing: /home/misaka/fishbot/install/nav2_theta_star_planner/share/nav2_theta_star_planner/package.xml
[56.434s] Invoked command in '/home/misaka/fishbot/build/nav2_theta_star_planner' returned '0': AMENT_PREFIX_PATH=/home/misaka/fishbot/install/nav2_core:/home/misaka/fishbot/install/nav2_costmap_2d:/home/misaka/fishbot/install/nav2_map_server:/home/misaka/fishbot/install/nav2_lifecycle_manager:/home/misaka/fishbot/install/nav2_util:/home/misaka/fishbot/install/nav2_voxel_grid:/home/misaka/fishbot/install/nav2_msgs:/home/misaka/fishbot/install/nav2_common:${AMENT_PREFIX_PATH} CMAKE_PREFIX_PATH=/home/misaka/fishbot/install/nav2_core:/home/misaka/fishbot/install/nav2_costmap_2d:/home/misaka/fishbot/install/nav2_map_server:/home/misaka/fishbot/install/nav2_lifecycle_manager:/home/misaka/fishbot/install/nav2_util:/home/misaka/fishbot/install/nav2_voxel_grid:/home/misaka/fishbot/install/nav2_msgs:/home/misaka/fishbot/install/nav2_common:/opt/ros/humble LD_LIBRARY_PATH=/home/misaka/fishbot/install/nav2_costmap_2d/lib:/home/misaka/fishbot/install/nav2_map_server/lib:/home/misaka/fishbot/install/nav2_lifecycle_manager/lib:/home/misaka/fishbot/install/nav2_util/lib:/home/misaka/fishbot/install/nav2_voxel_grid/lib:/home/misaka/fishbot/install/nav2_msgs/lib:${LD_LIBRARY_PATH} PYTHONPATH=/home/misaka/fishbot/install/nav2_msgs/local/lib/python3.10/dist-packages:/home/misaka/fishbot/install/nav2_common/local/lib/python3.10/dist-packages:${PYTHONPATH} /usr/bin/cmake --install /home/misaka/fishbot/build/nav2_theta_star_planner
