[0.106s] Invoking command in '/home/misaka/fishbot/build/nav_2d_msgs': CMAKE_PREFIX_PATH=/opt/ros/humble /usr/bin/cmake /home/misaka/fishbot/src/navigation/nav2_dwb_controller/nav_2d_msgs -DCMAKE_INSTALL_PREFIX=/home/misaka/fishbot/install/nav_2d_msgs
[0.636s] -- The C compiler identification is GNU 11.4.0
[1.106s] -- The CXX compiler identification is GNU 11.4.0
[1.154s] -- Detecting C compiler ABI info
[1.522s] -- Detecting C compiler ABI info - done
[1.551s] -- Check for working C compiler: /usr/bin/cc - skipped
[1.554s] -- Detecting C compile features
[1.555s] -- Detecting C compile features - done
[1.567s] -- Detecting CXX compiler ABI info
[1.965s] -- Detecting CXX compiler ABI info - done
[1.997s] -- Check for working CXX compiler: /usr/bin/c++ - skipped
[1.998s] -- Detecting CXX compile features
[1.999s] -- Detecting CXX compile features - done
[2.015s] -- Found geometry_msgs: 4.2.4 (/opt/ros/humble/share/geometry_msgs/cmake)
[2.727s] -- Found Python3: /usr/bin/python3 (found version "3.10.12") found components: Interpreter 
[3.334s] -- Found rosidl_generator_c: 3.1.5 (/opt/ros/humble/share/rosidl_generator_c/cmake)
[3.355s] -- Found rosidl_adapter: 3.1.5 (/opt/ros/humble/share/rosidl_adapter/cmake)
[3.403s] -- Found rosidl_generator_cpp: 3.1.5 (/opt/ros/humble/share/rosidl_generator_cpp/cmake)
[3.482s] -- Using all available rosidl_typesupport_c: rosidl_typesupport_fastrtps_c;rosidl_typesupport_introspection_c
[3.546s] -- Using all available rosidl_typesupport_cpp: rosidl_typesupport_fastrtps_cpp;rosidl_typesupport_introspection_cpp
[3.798s] -- Found rosidl_default_generators: 1.2.0 (/opt/ros/humble/share/rosidl_default_generators/cmake)
[5.190s] -- Found ament_cmake_ros: 0.10.0 (/opt/ros/humble/share/ament_cmake_ros/cmake)
[7.169s] -- Using all available rosidl_typesupport_c: rosidl_typesupport_fastrtps_c;rosidl_typesupport_introspection_c
[8.208s] -- Using all available rosidl_typesupport_cpp: rosidl_typesupport_fastrtps_cpp;rosidl_typesupport_introspection_cpp
[8.325s] -- Found PythonInterp: /usr/bin/python3 (found suitable version "3.10.12", minimum required is "3.6") 
[8.334s] -- Found python_cmake_module: 0.10.0 (/opt/ros/humble/share/python_cmake_module/cmake)
[8.509s] -- Found PythonLibs: /usr/lib/x86_64-linux-gnu/libpython3.10.so (found suitable version "3.10.12", minimum required is "3.5") 
[8.509s] -- Using PYTHON_EXECUTABLE: /usr/bin/python3
[8.509s] -- Using PYTHON_INCLUDE_DIRS: /usr/include/python3.10
[8.509s] -- Using PYTHON_LIBRARIES: /usr/lib/x86_64-linux-gnu/libpython3.10.so
[8.675s] -- Found PythonExtra: .so  
[9.136s] -- Configuring done
[9.448s] -- Generating done
[9.456s] -- Build files have been written to: /home/misaka/fishbot/build/nav_2d_msgs
[9.528s] Invoked command in '/home/misaka/fishbot/build/nav_2d_msgs' returned '0': CMAKE_PREFIX_PATH=/opt/ros/humble /usr/bin/cmake /home/misaka/fishbot/src/navigation/nav2_dwb_controller/nav_2d_msgs -DCMAKE_INSTALL_PREFIX=/home/misaka/fishbot/install/nav_2d_msgs
[9.543s] Invoking command in '/home/misaka/fishbot/build/nav_2d_msgs': CMAKE_PREFIX_PATH=/opt/ros/humble /usr/bin/cmake --build /home/misaka/fishbot/build/nav_2d_msgs -- -j16 -l16
[10.305s] [  1%] [34m[1mGenerating C code for ROS interfaces[0m
[10.473s] [  2%] [34m[1mGenerating C++ code for ROS interfaces[0m
[10.549s] [  2%] Built target ament_cmake_python_copy_nav_2d_msgs
[14.502s] running egg_info
[14.545s] creating nav_2d_msgs.egg-info
[14.569s] writing nav_2d_msgs.egg-info/PKG-INFO
[14.579s] writing dependency_links to nav_2d_msgs.egg-info/dependency_links.txt
[14.582s] writing top-level names to nav_2d_msgs.egg-info/top_level.txt
[14.582s] writing manifest file 'nav_2d_msgs.egg-info/SOURCES.txt'
[14.630s] reading manifest file 'nav_2d_msgs.egg-info/SOURCES.txt'
[14.636s] writing manifest file 'nav_2d_msgs.egg-info/SOURCES.txt'
[15.023s] [  2%] Built target ament_cmake_python_build_nav_2d_msgs_egg
[15.101s] [  4%] [32mBuilding C object CMakeFiles/nav_2d_msgs__rosidl_generator_c.dir/rosidl_generator_c/nav_2d_msgs/msg/detail/twist2_d_stamped__functions.c.o[0m
[15.105s] [  5%] [32mBuilding C object CMakeFiles/nav_2d_msgs__rosidl_generator_c.dir/rosidl_generator_c/nav_2d_msgs/msg/detail/twist2_d__functions.c.o[0m
[15.134s] [  5%] Built target nav_2d_msgs__cpp
[15.162s] [  8%] [32mBuilding C object CMakeFiles/nav_2d_msgs__rosidl_generator_c.dir/rosidl_generator_c/nav_2d_msgs/msg/detail/twist2_d32__functions.c.o[0m
[15.162s] [  8%] [32mBuilding C object CMakeFiles/nav_2d_msgs__rosidl_generator_c.dir/rosidl_generator_c/nav_2d_msgs/msg/detail/pose2_d_stamped__functions.c.o[0m
[15.186s] [ 11%] [32mBuilding C object CMakeFiles/nav_2d_msgs__rosidl_generator_c.dir/rosidl_generator_c/nav_2d_msgs/msg/detail/path2_d__functions.c.o[0m
[15.187s] [ 11%] [32mBuilding C object CMakeFiles/nav_2d_msgs__rosidl_generator_c.dir/rosidl_generator_c/nav_2d_msgs/msg/detail/pose2_d32__functions.c.o[0m
[15.323s] [ 12%] [34m[1mGenerating C++ type support dispatch for ROS interfaces[0m
[15.327s] [ 14%] [34m[1mGenerating C++ introspection for ROS interfaces[0m
[15.329s] [ 15%] [34m[1mGenerating C++ type support for eProsima Fast-RTPS[0m
[16.086s] [ 16%] [32m[1mLinking C shared library libnav_2d_msgs__rosidl_generator_c.so[0m
[16.905s] [ 16%] Built target nav_2d_msgs__rosidl_generator_c
[17.037s] [ 18%] [34m[1mGenerating C introspection for ROS interfaces[0m
[17.080s] [ 19%] [34m[1mGenerating C type support for eProsima Fast-RTPS[0m
[17.080s] [ 21%] [34m[1mGenerating C type support dispatch for ROS interfaces[0m
[17.907s] [ 22%] [32mBuilding CXX object CMakeFiles/nav_2d_msgs__rosidl_typesupport_introspection_cpp.dir/rosidl_typesupport_introspection_cpp/nav_2d_msgs/msg/detail/pose2_d32__type_support.cpp.o[0m
[17.907s] [ 23%] [32mBuilding CXX object CMakeFiles/nav_2d_msgs__rosidl_typesupport_introspection_cpp.dir/rosidl_typesupport_introspection_cpp/nav_2d_msgs/msg/detail/path2_d__type_support.cpp.o[0m
[17.939s] [ 25%] [32mBuilding CXX object CMakeFiles/nav_2d_msgs__rosidl_typesupport_introspection_cpp.dir/rosidl_typesupport_introspection_cpp/nav_2d_msgs/msg/detail/twist2_d__type_support.cpp.o[0m
[17.978s] [ 28%] [32mBuilding CXX object CMakeFiles/nav_2d_msgs__rosidl_typesupport_introspection_cpp.dir/rosidl_typesupport_introspection_cpp/nav_2d_msgs/msg/detail/twist2_d_stamped__type_support.cpp.o[0m
[17.999s] [ 26%] [32mBuilding CXX object CMakeFiles/nav_2d_msgs__rosidl_typesupport_introspection_cpp.dir/rosidl_typesupport_introspection_cpp/nav_2d_msgs/msg/detail/pose2_d_stamped__type_support.cpp.o[0m
[18.042s] [ 29%] [32mBuilding CXX object CMakeFiles/nav_2d_msgs__rosidl_typesupport_introspection_cpp.dir/rosidl_typesupport_introspection_cpp/nav_2d_msgs/msg/detail/twist2_d32__type_support.cpp.o[0m
[18.725s] [ 30%] [32mBuilding CXX object CMakeFiles/nav_2d_msgs__rosidl_typesupport_cpp.dir/rosidl_typesupport_cpp/nav_2d_msgs/msg/path2_d__type_support.cpp.o[0m
[18.760s] [ 32%] [32mBuilding CXX object CMakeFiles/nav_2d_msgs__rosidl_typesupport_cpp.dir/rosidl_typesupport_cpp/nav_2d_msgs/msg/pose2_d_stamped__type_support.cpp.o[0m
[18.781s] [ 33%] [32mBuilding CXX object CMakeFiles/nav_2d_msgs__rosidl_typesupport_cpp.dir/rosidl_typesupport_cpp/nav_2d_msgs/msg/pose2_d32__type_support.cpp.o[0m
[18.847s] [ 35%] [32mBuilding CXX object CMakeFiles/nav_2d_msgs__rosidl_typesupport_cpp.dir/rosidl_typesupport_cpp/nav_2d_msgs/msg/twist2_d_stamped__type_support.cpp.o[0m
[18.861s] [ 36%] [32mBuilding CXX object CMakeFiles/nav_2d_msgs__rosidl_typesupport_cpp.dir/rosidl_typesupport_cpp/nav_2d_msgs/msg/twist2_d__type_support.cpp.o[0m
[18.918s] [ 38%] [32mBuilding CXX object CMakeFiles/nav_2d_msgs__rosidl_typesupport_cpp.dir/rosidl_typesupport_cpp/nav_2d_msgs/msg/twist2_d32__type_support.cpp.o[0m
[20.312s] [ 39%] [32mBuilding CXX object CMakeFiles/nav_2d_msgs__rosidl_typesupport_c.dir/rosidl_typesupport_c/nav_2d_msgs/msg/path2_d__type_support.cpp.o[0m
[20.866s] [ 40%] [32mBuilding CXX object CMakeFiles/nav_2d_msgs__rosidl_typesupport_c.dir/rosidl_typesupport_c/nav_2d_msgs/msg/pose2_d32__type_support.cpp.o[0m
[21.551s] [ 42%] [32mBuilding CXX object CMakeFiles/nav_2d_msgs__rosidl_typesupport_c.dir/rosidl_typesupport_c/nav_2d_msgs/msg/pose2_d_stamped__type_support.cpp.o[0m
[21.999s] [ 43%] [32mBuilding CXX object CMakeFiles/nav_2d_msgs__rosidl_typesupport_c.dir/rosidl_typesupport_c/nav_2d_msgs/msg/twist2_d__type_support.cpp.o[0m
[22.295s] [ 45%] [32mBuilding CXX object CMakeFiles/nav_2d_msgs__rosidl_typesupport_c.dir/rosidl_typesupport_c/nav_2d_msgs/msg/twist2_d32__type_support.cpp.o[0m
[22.360s] [ 46%] [32mBuilding CXX object CMakeFiles/nav_2d_msgs__rosidl_typesupport_fastrtps_cpp.dir/rosidl_typesupport_fastrtps_cpp/nav_2d_msgs/msg/detail/dds_fastrtps/path2_d__type_support.cpp.o[0m
[22.710s] [ 47%] [32mBuilding CXX object CMakeFiles/nav_2d_msgs__rosidl_typesupport_c.dir/rosidl_typesupport_c/nav_2d_msgs/msg/twist2_d_stamped__type_support.cpp.o[0m
[22.810s] [ 49%] [32mBuilding CXX object CMakeFiles/nav_2d_msgs__rosidl_typesupport_fastrtps_c.dir/rosidl_typesupport_fastrtps_c/nav_2d_msgs/msg/detail/path2_d__type_support_c.cpp.o[0m
[22.923s] [ 50%] [32mBuilding CXX object CMakeFiles/nav_2d_msgs__rosidl_typesupport_fastrtps_c.dir/rosidl_typesupport_fastrtps_c/nav_2d_msgs/msg/detail/pose2_d32__type_support_c.cpp.o[0m
[23.223s] [ 52%] [32mBuilding CXX object CMakeFiles/nav_2d_msgs__rosidl_typesupport_fastrtps_c.dir/rosidl_typesupport_fastrtps_c/nav_2d_msgs/msg/detail/pose2_d_stamped__type_support_c.cpp.o[0m
[23.312s] [ 53%] [32mBuilding CXX object CMakeFiles/nav_2d_msgs__rosidl_typesupport_fastrtps_cpp.dir/rosidl_typesupport_fastrtps_cpp/nav_2d_msgs/msg/detail/dds_fastrtps/pose2_d32__type_support.cpp.o[0m
[23.347s] [ 54%] [32mBuilding CXX object CMakeFiles/nav_2d_msgs__rosidl_typesupport_fastrtps_cpp.dir/rosidl_typesupport_fastrtps_cpp/nav_2d_msgs/msg/detail/dds_fastrtps/pose2_d_stamped__type_support.cpp.o[0m
[23.359s] [ 56%] [32mBuilding CXX object CMakeFiles/nav_2d_msgs__rosidl_typesupport_fastrtps_cpp.dir/rosidl_typesupport_fastrtps_cpp/nav_2d_msgs/msg/detail/dds_fastrtps/twist2_d__type_support.cpp.o[0m
[23.417s] [ 57%] [32m[1mLinking CXX shared library libnav_2d_msgs__rosidl_typesupport_c.so[0m
[23.951s] [ 59%] [32mBuilding CXX object CMakeFiles/nav_2d_msgs__rosidl_typesupport_fastrtps_c.dir/rosidl_typesupport_fastrtps_c/nav_2d_msgs/msg/detail/twist2_d__type_support_c.cpp.o[0m
[24.101s] [ 59%] Built target nav_2d_msgs__rosidl_typesupport_c
[24.143s] [ 60%] [32mBuilding CXX object CMakeFiles/nav_2d_msgs__rosidl_typesupport_fastrtps_c.dir/rosidl_typesupport_fastrtps_c/nav_2d_msgs/msg/detail/twist2_d32__type_support_c.cpp.o[0m
[24.236s] [ 61%] [32mBuilding CXX object CMakeFiles/nav_2d_msgs__rosidl_typesupport_fastrtps_cpp.dir/rosidl_typesupport_fastrtps_cpp/nav_2d_msgs/msg/detail/dds_fastrtps/twist2_d32__type_support.cpp.o[0m
[24.352s] [ 63%] [32mBuilding C object CMakeFiles/nav_2d_msgs__rosidl_typesupport_introspection_c.dir/rosidl_typesupport_introspection_c/nav_2d_msgs/msg/detail/path2_d__type_support.c.o[0m
[24.568s] [ 64%] [32mBuilding CXX object CMakeFiles/nav_2d_msgs__rosidl_typesupport_fastrtps_c.dir/rosidl_typesupport_fastrtps_c/nav_2d_msgs/msg/detail/twist2_d_stamped__type_support_c.cpp.o[0m
[24.571s] [ 66%] [32mBuilding CXX object CMakeFiles/nav_2d_msgs__rosidl_typesupport_fastrtps_cpp.dir/rosidl_typesupport_fastrtps_cpp/nav_2d_msgs/msg/detail/dds_fastrtps/twist2_d_stamped__type_support.cpp.o[0m
[24.802s] [ 67%] [32mBuilding C object CMakeFiles/nav_2d_msgs__rosidl_typesupport_introspection_c.dir/rosidl_typesupport_introspection_c/nav_2d_msgs/msg/detail/pose2_d32__type_support.c.o[0m
[24.815s] [ 69%] [32m[1mLinking CXX shared library libnav_2d_msgs__rosidl_typesupport_cpp.so[0m
[25.135s] [ 70%] [32mBuilding C object CMakeFiles/nav_2d_msgs__rosidl_typesupport_introspection_c.dir/rosidl_typesupport_introspection_c/nav_2d_msgs/msg/detail/pose2_d_stamped__type_support.c.o[0m
[25.325s] [ 70%] Built target nav_2d_msgs__rosidl_typesupport_cpp
[25.426s] [ 71%] [32mBuilding C object CMakeFiles/nav_2d_msgs__rosidl_typesupport_introspection_c.dir/rosidl_typesupport_introspection_c/nav_2d_msgs/msg/detail/twist2_d__type_support.c.o[0m
[25.493s] [ 73%] [32mBuilding C object CMakeFiles/nav_2d_msgs__rosidl_typesupport_introspection_c.dir/rosidl_typesupport_introspection_c/nav_2d_msgs/msg/detail/twist2_d32__type_support.c.o[0m
[25.691s] [ 74%] [32m[1mLinking CXX shared library libnav_2d_msgs__rosidl_typesupport_introspection_cpp.so[0m
[25.826s] [ 76%] [32mBuilding C object CMakeFiles/nav_2d_msgs__rosidl_typesupport_introspection_c.dir/rosidl_typesupport_introspection_c/nav_2d_msgs/msg/detail/twist2_d_stamped__type_support.c.o[0m
[26.278s] [ 77%] [32m[1mLinking C shared library libnav_2d_msgs__rosidl_typesupport_introspection_c.so[0m
[26.919s] [ 77%] Built target nav_2d_msgs__rosidl_typesupport_introspection_c
[26.999s] [ 77%] Built target nav_2d_msgs__rosidl_typesupport_introspection_cpp
[29.055s] [ 78%] [32m[1mLinking CXX shared library libnav_2d_msgs__rosidl_typesupport_fastrtps_cpp.so[0m
[29.794s] [ 80%] [32m[1mLinking CXX shared library libnav_2d_msgs__rosidl_typesupport_fastrtps_c.so[0m
[30.049s] [ 80%] Built target nav_2d_msgs__rosidl_typesupport_fastrtps_cpp
[30.414s] [ 80%] Built target nav_2d_msgs__rosidl_typesupport_fastrtps_c
[30.546s] [ 80%] Built target nav_2d_msgs
[30.669s] [ 81%] [34m[1mGenerating Python code for ROS interfaces[0m
[37.857s] [ 81%] Built target nav_2d_msgs__py
[38.125s] [ 83%] [32mBuilding C object CMakeFiles/nav_2d_msgs__rosidl_generator_py.dir/rosidl_generator_py/nav_2d_msgs/msg/_path2_d_s.c.o[0m
[38.127s] [ 84%] [32mBuilding C object CMakeFiles/nav_2d_msgs__rosidl_generator_py.dir/rosidl_generator_py/nav_2d_msgs/msg/_pose2_d_stamped_s.c.o[0m
[38.136s] [ 85%] [32mBuilding C object CMakeFiles/nav_2d_msgs__rosidl_generator_py.dir/rosidl_generator_py/nav_2d_msgs/msg/_pose2_d32_s.c.o[0m
[38.168s] [ 87%] [32mBuilding C object CMakeFiles/nav_2d_msgs__rosidl_generator_py.dir/rosidl_generator_py/nav_2d_msgs/msg/_twist2_d32_s.c.o[0m
[38.182s] [ 88%] [32mBuilding C object CMakeFiles/nav_2d_msgs__rosidl_generator_py.dir/rosidl_generator_py/nav_2d_msgs/msg/_twist2_d_stamped_s.c.o[0m
[38.191s] [ 90%] [32mBuilding C object CMakeFiles/nav_2d_msgs__rosidl_generator_py.dir/rosidl_generator_py/nav_2d_msgs/msg/_twist2_d_s.c.o[0m
[39.605s] [ 91%] [32m[1mLinking C shared library rosidl_generator_py/nav_2d_msgs/libnav_2d_msgs__rosidl_generator_py.so[0m
[40.627s] [ 91%] Built target nav_2d_msgs__rosidl_generator_py
[41.013s] [ 94%] [32mBuilding C object CMakeFiles/nav_2d_msgs__rosidl_typesupport_fastrtps_c__pyext.dir/rosidl_generator_py/nav_2d_msgs/_nav_2d_msgs_s.ep.rosidl_typesupport_fastrtps_c.c.o[0m
[41.013s] [ 94%] [32mBuilding C object CMakeFiles/nav_2d_msgs__rosidl_typesupport_c__pyext.dir/rosidl_generator_py/nav_2d_msgs/_nav_2d_msgs_s.ep.rosidl_typesupport_c.c.o[0m
[41.062s] [ 95%] [32mBuilding C object CMakeFiles/nav_2d_msgs__rosidl_typesupport_introspection_c__pyext.dir/rosidl_generator_py/nav_2d_msgs/_nav_2d_msgs_s.ep.rosidl_typesupport_introspection_c.c.o[0m
[42.187s] [ 97%] [32m[1mLinking C shared library rosidl_generator_py/nav_2d_msgs/nav_2d_msgs_s__rosidl_typesupport_c.cpython-310-x86_64-linux-gnu.so[0m
[42.237s] [ 98%] [32m[1mLinking C shared library rosidl_generator_py/nav_2d_msgs/nav_2d_msgs_s__rosidl_typesupport_introspection_c.cpython-310-x86_64-linux-gnu.so[0m
[42.317s] [100%] [32m[1mLinking C shared library rosidl_generator_py/nav_2d_msgs/nav_2d_msgs_s__rosidl_typesupport_fastrtps_c.cpython-310-x86_64-linux-gnu.so[0m
[43.068s] [100%] Built target nav_2d_msgs__rosidl_typesupport_c__pyext
[43.069s] [100%] Built target nav_2d_msgs__rosidl_typesupport_introspection_c__pyext
[43.471s] [100%] Built target nav_2d_msgs__rosidl_typesupport_fastrtps_c__pyext
[43.646s] Invoked command in '/home/misaka/fishbot/build/nav_2d_msgs' returned '0': CMAKE_PREFIX_PATH=/opt/ros/humble /usr/bin/cmake --build /home/misaka/fishbot/build/nav_2d_msgs -- -j16 -l16
[47.068s] Invoking command in '/home/misaka/fishbot/build/nav_2d_msgs': CMAKE_PREFIX_PATH=/opt/ros/humble /usr/bin/cmake --install /home/misaka/fishbot/build/nav_2d_msgs
[47.221s] -- Install configuration: ""
[47.235s] -- Installing: /home/misaka/fishbot/install/nav_2d_msgs/share/ament_index/resource_index/rosidl_interfaces/nav_2d_msgs
[47.243s] -- Installing: /home/misaka/fishbot/install/nav_2d_msgs/include/nav_2d_msgs/nav_2d_msgs
[47.260s] -- Installing: /home/misaka/fishbot/install/nav_2d_msgs/include/nav_2d_msgs/nav_2d_msgs/msg
[47.263s] -- Installing: /home/misaka/fishbot/install/nav_2d_msgs/include/nav_2d_msgs/nav_2d_msgs/msg/twist2_d32.h
[47.264s] -- Installing: /home/misaka/fishbot/install/nav_2d_msgs/include/nav_2d_msgs/nav_2d_msgs/msg/rosidl_generator_c__visibility_control.h
[47.269s] -- Installing: /home/misaka/fishbot/install/nav_2d_msgs/include/nav_2d_msgs/nav_2d_msgs/msg/twist2_d_stamped.h
[47.281s] -- Installing: /home/misaka/fishbot/install/nav_2d_msgs/include/nav_2d_msgs/nav_2d_msgs/msg/twist2_d.h
[47.287s] -- Installing: /home/misaka/fishbot/install/nav_2d_msgs/include/nav_2d_msgs/nav_2d_msgs/msg/detail
[47.287s] -- Installing: /home/misaka/fishbot/install/nav_2d_msgs/include/nav_2d_msgs/nav_2d_msgs/msg/detail/twist2_d_stamped__type_support.h
[47.310s] -- Installing: /home/misaka/fishbot/install/nav_2d_msgs/include/nav_2d_msgs/nav_2d_msgs/msg/detail/twist2_d32__functions.c
[47.318s] -- Installing: /home/misaka/fishbot/install/nav_2d_msgs/include/nav_2d_msgs/nav_2d_msgs/msg/detail/twist2_d_stamped__functions.c
[47.318s] -- Installing: /home/misaka/fishbot/install/nav_2d_msgs/include/nav_2d_msgs/nav_2d_msgs/msg/detail/pose2_d_stamped__type_support.h
[47.326s] -- Installing: /home/misaka/fishbot/install/nav_2d_msgs/include/nav_2d_msgs/nav_2d_msgs/msg/detail/pose2_d32__functions.c
[47.327s] -- Installing: /home/misaka/fishbot/install/nav_2d_msgs/include/nav_2d_msgs/nav_2d_msgs/msg/detail/pose2_d_stamped__struct.h
[47.328s] -- Installing: /home/misaka/fishbot/install/nav_2d_msgs/include/nav_2d_msgs/nav_2d_msgs/msg/detail/twist2_d_stamped__functions.h
[47.328s] -- Installing: /home/misaka/fishbot/install/nav_2d_msgs/include/nav_2d_msgs/nav_2d_msgs/msg/detail/path2_d__struct.h
[47.329s] -- Installing: /home/misaka/fishbot/install/nav_2d_msgs/include/nav_2d_msgs/nav_2d_msgs/msg/detail/path2_d__functions.c
[47.329s] -- Installing: /home/misaka/fishbot/install/nav_2d_msgs/include/nav_2d_msgs/nav_2d_msgs/msg/detail/pose2_d32__struct.h
[47.333s] -- Installing: /home/misaka/fishbot/install/nav_2d_msgs/include/nav_2d_msgs/nav_2d_msgs/msg/detail/path2_d__type_support.h
[47.333s] -- Installing: /home/misaka/fishbot/install/nav_2d_msgs/include/nav_2d_msgs/nav_2d_msgs/msg/detail/path2_d__functions.h
[47.334s] -- Installing: /home/misaka/fishbot/install/nav_2d_msgs/include/nav_2d_msgs/nav_2d_msgs/msg/detail/pose2_d_stamped__functions.c
[47.344s] -- Installing: /home/misaka/fishbot/install/nav_2d_msgs/include/nav_2d_msgs/nav_2d_msgs/msg/detail/twist2_d32__struct.h
[47.352s] -- Installing: /home/misaka/fishbot/install/nav_2d_msgs/include/nav_2d_msgs/nav_2d_msgs/msg/detail/twist2_d32__type_support.h
[47.353s] -- Installing: /home/misaka/fishbot/install/nav_2d_msgs/include/nav_2d_msgs/nav_2d_msgs/msg/detail/pose2_d_stamped__functions.h
[47.353s] -- Installing: /home/misaka/fishbot/install/nav_2d_msgs/include/nav_2d_msgs/nav_2d_msgs/msg/detail/twist2_d__functions.h
[47.353s] -- Installing: /home/misaka/fishbot/install/nav_2d_msgs/include/nav_2d_msgs/nav_2d_msgs/msg/detail/twist2_d_stamped__struct.h
[47.353s] -- Installing: /home/misaka/fishbot/install/nav_2d_msgs/include/nav_2d_msgs/nav_2d_msgs/msg/detail/twist2_d__functions.c
[47.369s] -- Installing: /home/misaka/fishbot/install/nav_2d_msgs/include/nav_2d_msgs/nav_2d_msgs/msg/detail/twist2_d32__functions.h
[47.369s] -- Installing: /home/misaka/fishbot/install/nav_2d_msgs/include/nav_2d_msgs/nav_2d_msgs/msg/detail/twist2_d__type_support.h
[47.370s] -- Installing: /home/misaka/fishbot/install/nav_2d_msgs/include/nav_2d_msgs/nav_2d_msgs/msg/detail/pose2_d32__functions.h
[47.374s] -- Installing: /home/misaka/fishbot/install/nav_2d_msgs/include/nav_2d_msgs/nav_2d_msgs/msg/detail/twist2_d__struct.h
[47.375s] -- Installing: /home/misaka/fishbot/install/nav_2d_msgs/include/nav_2d_msgs/nav_2d_msgs/msg/detail/pose2_d32__type_support.h
[47.375s] -- Installing: /home/misaka/fishbot/install/nav_2d_msgs/include/nav_2d_msgs/nav_2d_msgs/msg/pose2_d32.h
[47.375s] -- Installing: /home/misaka/fishbot/install/nav_2d_msgs/include/nav_2d_msgs/nav_2d_msgs/msg/path2_d.h
[47.382s] -- Installing: /home/misaka/fishbot/install/nav_2d_msgs/include/nav_2d_msgs/nav_2d_msgs/msg/pose2_d_stamped.h
[47.388s] -- Installing: /home/misaka/fishbot/install/nav_2d_msgs/share/nav_2d_msgs/environment/library_path.sh
[47.415s] -- Installing: /home/misaka/fishbot/install/nav_2d_msgs/share/nav_2d_msgs/environment/library_path.dsv
[47.435s] -- Installing: /home/misaka/fishbot/install/nav_2d_msgs/lib/libnav_2d_msgs__rosidl_generator_c.so
[47.462s] -- Set runtime path of "/home/misaka/fishbot/install/nav_2d_msgs/lib/libnav_2d_msgs__rosidl_generator_c.so" to ""
[47.464s] -- Up-to-date: /home/misaka/fishbot/install/nav_2d_msgs/include/nav_2d_msgs/nav_2d_msgs
[47.490s] -- Up-to-date: /home/misaka/fishbot/install/nav_2d_msgs/include/nav_2d_msgs/nav_2d_msgs/msg
[47.491s] -- Installing: /home/misaka/fishbot/install/nav_2d_msgs/include/nav_2d_msgs/nav_2d_msgs/msg/rosidl_typesupport_fastrtps_c__visibility_control.h
[47.496s] -- Up-to-date: /home/misaka/fishbot/install/nav_2d_msgs/include/nav_2d_msgs/nav_2d_msgs/msg/detail
[47.496s] -- Installing: /home/misaka/fishbot/install/nav_2d_msgs/include/nav_2d_msgs/nav_2d_msgs/msg/detail/twist2_d_stamped__rosidl_typesupport_fastrtps_c.h
[47.503s] -- Installing: /home/misaka/fishbot/install/nav_2d_msgs/include/nav_2d_msgs/nav_2d_msgs/msg/detail/pose2_d32__rosidl_typesupport_fastrtps_c.h
[47.525s] -- Installing: /home/misaka/fishbot/install/nav_2d_msgs/include/nav_2d_msgs/nav_2d_msgs/msg/detail/twist2_d32__rosidl_typesupport_fastrtps_c.h
[47.526s] -- Installing: /home/misaka/fishbot/install/nav_2d_msgs/include/nav_2d_msgs/nav_2d_msgs/msg/detail/twist2_d__rosidl_typesupport_fastrtps_c.h
[47.545s] -- Installing: /home/misaka/fishbot/install/nav_2d_msgs/include/nav_2d_msgs/nav_2d_msgs/msg/detail/pose2_d_stamped__rosidl_typesupport_fastrtps_c.h
[47.546s] -- Installing: /home/misaka/fishbot/install/nav_2d_msgs/include/nav_2d_msgs/nav_2d_msgs/msg/detail/path2_d__rosidl_typesupport_fastrtps_c.h
[47.573s] -- Installing: /home/misaka/fishbot/install/nav_2d_msgs/lib/libnav_2d_msgs__rosidl_typesupport_fastrtps_c.so
[47.601s] -- Set runtime path of "/home/misaka/fishbot/install/nav_2d_msgs/lib/libnav_2d_msgs__rosidl_typesupport_fastrtps_c.so" to ""
[47.624s] -- Up-to-date: /home/misaka/fishbot/install/nav_2d_msgs/include/nav_2d_msgs/nav_2d_msgs
[47.626s] -- Up-to-date: /home/misaka/fishbot/install/nav_2d_msgs/include/nav_2d_msgs/nav_2d_msgs/msg
[47.630s] -- Installing: /home/misaka/fishbot/install/nav_2d_msgs/include/nav_2d_msgs/nav_2d_msgs/msg/pose2_d32.hpp
[47.635s] -- Installing: /home/misaka/fishbot/install/nav_2d_msgs/include/nav_2d_msgs/nav_2d_msgs/msg/twist2_d32.hpp
[47.642s] -- Installing: /home/misaka/fishbot/install/nav_2d_msgs/include/nav_2d_msgs/nav_2d_msgs/msg/twist2_d.hpp
[47.649s] -- Installing: /home/misaka/fishbot/install/nav_2d_msgs/include/nav_2d_msgs/nav_2d_msgs/msg/pose2_d_stamped.hpp
[47.670s] -- Up-to-date: /home/misaka/fishbot/install/nav_2d_msgs/include/nav_2d_msgs/nav_2d_msgs/msg/detail
[47.671s] -- Installing: /home/misaka/fishbot/install/nav_2d_msgs/include/nav_2d_msgs/nav_2d_msgs/msg/detail/pose2_d_stamped__builder.hpp
[47.674s] -- Installing: /home/misaka/fishbot/install/nav_2d_msgs/include/nav_2d_msgs/nav_2d_msgs/msg/detail/path2_d__struct.hpp
[47.683s] -- Installing: /home/misaka/fishbot/install/nav_2d_msgs/include/nav_2d_msgs/nav_2d_msgs/msg/detail/twist2_d32__struct.hpp
[47.683s] -- Installing: /home/misaka/fishbot/install/nav_2d_msgs/include/nav_2d_msgs/nav_2d_msgs/msg/detail/twist2_d_stamped__traits.hpp
[47.684s] -- Installing: /home/misaka/fishbot/install/nav_2d_msgs/include/nav_2d_msgs/nav_2d_msgs/msg/detail/pose2_d_stamped__traits.hpp
[47.701s] -- Installing: /home/misaka/fishbot/install/nav_2d_msgs/include/nav_2d_msgs/nav_2d_msgs/msg/detail/twist2_d__builder.hpp
[47.708s] -- Installing: /home/misaka/fishbot/install/nav_2d_msgs/include/nav_2d_msgs/nav_2d_msgs/msg/detail/twist2_d_stamped__builder.hpp
[47.709s] -- Installing: /home/misaka/fishbot/install/nav_2d_msgs/include/nav_2d_msgs/nav_2d_msgs/msg/detail/path2_d__traits.hpp
[47.714s] -- Installing: /home/misaka/fishbot/install/nav_2d_msgs/include/nav_2d_msgs/nav_2d_msgs/msg/detail/pose2_d32__struct.hpp
[47.715s] -- Installing: /home/misaka/fishbot/install/nav_2d_msgs/include/nav_2d_msgs/nav_2d_msgs/msg/detail/pose2_d32__traits.hpp
[47.716s] -- Installing: /home/misaka/fishbot/install/nav_2d_msgs/include/nav_2d_msgs/nav_2d_msgs/msg/detail/pose2_d32__builder.hpp
[47.730s] -- Installing: /home/misaka/fishbot/install/nav_2d_msgs/include/nav_2d_msgs/nav_2d_msgs/msg/detail/twist2_d__traits.hpp
[47.731s] -- Installing: /home/misaka/fishbot/install/nav_2d_msgs/include/nav_2d_msgs/nav_2d_msgs/msg/detail/twist2_d_stamped__struct.hpp
[47.733s] -- Installing: /home/misaka/fishbot/install/nav_2d_msgs/include/nav_2d_msgs/nav_2d_msgs/msg/detail/path2_d__builder.hpp
[47.738s] -- Installing: /home/misaka/fishbot/install/nav_2d_msgs/include/nav_2d_msgs/nav_2d_msgs/msg/detail/twist2_d32__builder.hpp
[47.739s] -- Installing: /home/misaka/fishbot/install/nav_2d_msgs/include/nav_2d_msgs/nav_2d_msgs/msg/detail/twist2_d32__traits.hpp
[47.744s] -- Installing: /home/misaka/fishbot/install/nav_2d_msgs/include/nav_2d_msgs/nav_2d_msgs/msg/detail/pose2_d_stamped__struct.hpp
[47.754s] -- Installing: /home/misaka/fishbot/install/nav_2d_msgs/include/nav_2d_msgs/nav_2d_msgs/msg/detail/twist2_d__struct.hpp
[47.761s] -- Installing: /home/misaka/fishbot/install/nav_2d_msgs/include/nav_2d_msgs/nav_2d_msgs/msg/path2_d.hpp
[47.778s] -- Installing: /home/misaka/fishbot/install/nav_2d_msgs/include/nav_2d_msgs/nav_2d_msgs/msg/twist2_d_stamped.hpp
[47.789s] -- Up-to-date: /home/misaka/fishbot/install/nav_2d_msgs/include/nav_2d_msgs/nav_2d_msgs
[47.794s] -- Up-to-date: /home/misaka/fishbot/install/nav_2d_msgs/include/nav_2d_msgs/nav_2d_msgs/msg
[47.795s] -- Up-to-date: /home/misaka/fishbot/install/nav_2d_msgs/include/nav_2d_msgs/nav_2d_msgs/msg/detail
[47.796s] -- Installing: /home/misaka/fishbot/install/nav_2d_msgs/include/nav_2d_msgs/nav_2d_msgs/msg/detail/twist2_d_stamped__rosidl_typesupport_fastrtps_cpp.hpp
[47.797s] -- Installing: /home/misaka/fishbot/install/nav_2d_msgs/include/nav_2d_msgs/nav_2d_msgs/msg/detail/twist2_d32__rosidl_typesupport_fastrtps_cpp.hpp
[47.798s] -- Installing: /home/misaka/fishbot/install/nav_2d_msgs/include/nav_2d_msgs/nav_2d_msgs/msg/detail/dds_fastrtps
[47.799s] -- Installing: /home/misaka/fishbot/install/nav_2d_msgs/include/nav_2d_msgs/nav_2d_msgs/msg/detail/path2_d__rosidl_typesupport_fastrtps_cpp.hpp
[47.799s] -- Installing: /home/misaka/fishbot/install/nav_2d_msgs/include/nav_2d_msgs/nav_2d_msgs/msg/detail/pose2_d_stamped__rosidl_typesupport_fastrtps_cpp.hpp
[47.808s] -- Installing: /home/misaka/fishbot/install/nav_2d_msgs/include/nav_2d_msgs/nav_2d_msgs/msg/detail/twist2_d__rosidl_typesupport_fastrtps_cpp.hpp
[47.809s] -- Installing: /home/misaka/fishbot/install/nav_2d_msgs/include/nav_2d_msgs/nav_2d_msgs/msg/detail/pose2_d32__rosidl_typesupport_fastrtps_cpp.hpp
[47.810s] -- Installing: /home/misaka/fishbot/install/nav_2d_msgs/include/nav_2d_msgs/nav_2d_msgs/msg/rosidl_typesupport_fastrtps_cpp__visibility_control.h
[47.811s] -- Installing: /home/misaka/fishbot/install/nav_2d_msgs/lib/libnav_2d_msgs__rosidl_typesupport_fastrtps_cpp.so
[47.831s] -- Set runtime path of "/home/misaka/fishbot/install/nav_2d_msgs/lib/libnav_2d_msgs__rosidl_typesupport_fastrtps_cpp.so" to ""
[47.833s] -- Up-to-date: /home/misaka/fishbot/install/nav_2d_msgs/include/nav_2d_msgs/nav_2d_msgs
[47.834s] -- Up-to-date: /home/misaka/fishbot/install/nav_2d_msgs/include/nav_2d_msgs/nav_2d_msgs/msg
[47.835s] -- Up-to-date: /home/misaka/fishbot/install/nav_2d_msgs/include/nav_2d_msgs/nav_2d_msgs/msg/detail
[47.835s] -- Installing: /home/misaka/fishbot/install/nav_2d_msgs/include/nav_2d_msgs/nav_2d_msgs/msg/detail/pose2_d_stamped__type_support.c
[47.852s] -- Installing: /home/misaka/fishbot/install/nav_2d_msgs/include/nav_2d_msgs/nav_2d_msgs/msg/detail/twist2_d__rosidl_typesupport_introspection_c.h
[47.853s] -- Installing: /home/misaka/fishbot/install/nav_2d_msgs/include/nav_2d_msgs/nav_2d_msgs/msg/detail/path2_d__type_support.c
[47.854s] -- Installing: /home/misaka/fishbot/install/nav_2d_msgs/include/nav_2d_msgs/nav_2d_msgs/msg/detail/pose2_d_stamped__rosidl_typesupport_introspection_c.h
[47.855s] -- Installing: /home/misaka/fishbot/install/nav_2d_msgs/include/nav_2d_msgs/nav_2d_msgs/msg/detail/twist2_d_stamped__type_support.c
[47.857s] -- Installing: /home/misaka/fishbot/install/nav_2d_msgs/include/nav_2d_msgs/nav_2d_msgs/msg/detail/pose2_d32__type_support.c
[47.861s] -- Installing: /home/misaka/fishbot/install/nav_2d_msgs/include/nav_2d_msgs/nav_2d_msgs/msg/detail/twist2_d__type_support.c
[47.902s] -- Installing: /home/misaka/fishbot/install/nav_2d_msgs/include/nav_2d_msgs/nav_2d_msgs/msg/detail/twist2_d_stamped__rosidl_typesupport_introspection_c.h
[47.903s] -- Installing: /home/misaka/fishbot/install/nav_2d_msgs/include/nav_2d_msgs/nav_2d_msgs/msg/detail/twist2_d32__type_support.c
[47.903s] -- Installing: /home/misaka/fishbot/install/nav_2d_msgs/include/nav_2d_msgs/nav_2d_msgs/msg/detail/twist2_d32__rosidl_typesupport_introspection_c.h
[47.906s] -- Installing: /home/misaka/fishbot/install/nav_2d_msgs/include/nav_2d_msgs/nav_2d_msgs/msg/detail/path2_d__rosidl_typesupport_introspection_c.h
[47.907s] -- Installing: /home/misaka/fishbot/install/nav_2d_msgs/include/nav_2d_msgs/nav_2d_msgs/msg/detail/pose2_d32__rosidl_typesupport_introspection_c.h
[47.907s] -- Installing: /home/misaka/fishbot/install/nav_2d_msgs/include/nav_2d_msgs/nav_2d_msgs/msg/rosidl_typesupport_introspection_c__visibility_control.h
[47.908s] -- Installing: /home/misaka/fishbot/install/nav_2d_msgs/lib/libnav_2d_msgs__rosidl_typesupport_introspection_c.so
[47.913s] -- Set runtime path of "/home/misaka/fishbot/install/nav_2d_msgs/lib/libnav_2d_msgs__rosidl_typesupport_introspection_c.so" to ""
[47.933s] -- Installing: /home/misaka/fishbot/install/nav_2d_msgs/lib/libnav_2d_msgs__rosidl_typesupport_c.so
[47.937s] -- Set runtime path of "/home/misaka/fishbot/install/nav_2d_msgs/lib/libnav_2d_msgs__rosidl_typesupport_c.so" to ""
[47.938s] -- Up-to-date: /home/misaka/fishbot/install/nav_2d_msgs/include/nav_2d_msgs/nav_2d_msgs
[47.939s] -- Up-to-date: /home/misaka/fishbot/install/nav_2d_msgs/include/nav_2d_msgs/nav_2d_msgs/msg
[47.939s] -- Up-to-date: /home/misaka/fishbot/install/nav_2d_msgs/include/nav_2d_msgs/nav_2d_msgs/msg/detail
[47.940s] -- Installing: /home/misaka/fishbot/install/nav_2d_msgs/include/nav_2d_msgs/nav_2d_msgs/msg/detail/path2_d__rosidl_typesupport_introspection_cpp.hpp
[47.940s] -- Installing: /home/misaka/fishbot/install/nav_2d_msgs/include/nav_2d_msgs/nav_2d_msgs/msg/detail/twist2_d__type_support.cpp
[47.941s] -- Installing: /home/misaka/fishbot/install/nav_2d_msgs/include/nav_2d_msgs/nav_2d_msgs/msg/detail/twist2_d_stamped__type_support.cpp
[47.941s] -- Installing: /home/misaka/fishbot/install/nav_2d_msgs/include/nav_2d_msgs/nav_2d_msgs/msg/detail/twist2_d_stamped__rosidl_typesupport_introspection_cpp.hpp
[47.944s] -- Installing: /home/misaka/fishbot/install/nav_2d_msgs/include/nav_2d_msgs/nav_2d_msgs/msg/detail/pose2_d32__rosidl_typesupport_introspection_cpp.hpp
[47.956s] -- Installing: /home/misaka/fishbot/install/nav_2d_msgs/include/nav_2d_msgs/nav_2d_msgs/msg/detail/pose2_d_stamped__type_support.cpp
[47.958s] -- Installing: /home/misaka/fishbot/install/nav_2d_msgs/include/nav_2d_msgs/nav_2d_msgs/msg/detail/pose2_d_stamped__rosidl_typesupport_introspection_cpp.hpp
[47.962s] -- Installing: /home/misaka/fishbot/install/nav_2d_msgs/include/nav_2d_msgs/nav_2d_msgs/msg/detail/twist2_d32__type_support.cpp
[47.965s] -- Installing: /home/misaka/fishbot/install/nav_2d_msgs/include/nav_2d_msgs/nav_2d_msgs/msg/detail/twist2_d__rosidl_typesupport_introspection_cpp.hpp
[47.971s] -- Installing: /home/misaka/fishbot/install/nav_2d_msgs/include/nav_2d_msgs/nav_2d_msgs/msg/detail/path2_d__type_support.cpp
[47.972s] -- Installing: /home/misaka/fishbot/install/nav_2d_msgs/include/nav_2d_msgs/nav_2d_msgs/msg/detail/pose2_d32__type_support.cpp
[47.981s] -- Installing: /home/misaka/fishbot/install/nav_2d_msgs/include/nav_2d_msgs/nav_2d_msgs/msg/detail/twist2_d32__rosidl_typesupport_introspection_cpp.hpp
[47.987s] -- Installing: /home/misaka/fishbot/install/nav_2d_msgs/lib/libnav_2d_msgs__rosidl_typesupport_introspection_cpp.so
[47.988s] -- Set runtime path of "/home/misaka/fishbot/install/nav_2d_msgs/lib/libnav_2d_msgs__rosidl_typesupport_introspection_cpp.so" to ""
[47.989s] -- Installing: /home/misaka/fishbot/install/nav_2d_msgs/lib/libnav_2d_msgs__rosidl_typesupport_cpp.so
[47.990s] -- Set runtime path of "/home/misaka/fishbot/install/nav_2d_msgs/lib/libnav_2d_msgs__rosidl_typesupport_cpp.so" to ""
[47.991s] -- Installing: /home/misaka/fishbot/install/nav_2d_msgs/share/nav_2d_msgs/environment/pythonpath.sh
[48.019s] -- Installing: /home/misaka/fishbot/install/nav_2d_msgs/share/nav_2d_msgs/environment/pythonpath.dsv
[48.040s] -- Installing: /home/misaka/fishbot/install/nav_2d_msgs/local/lib/python3.10/dist-packages/nav_2d_msgs-1.1.0-py3.10.egg-info
[48.041s] -- Installing: /home/misaka/fishbot/install/nav_2d_msgs/local/lib/python3.10/dist-packages/nav_2d_msgs-1.1.0-py3.10.egg-info/PKG-INFO
[48.042s] -- Installing: /home/misaka/fishbot/install/nav_2d_msgs/local/lib/python3.10/dist-packages/nav_2d_msgs-1.1.0-py3.10.egg-info/dependency_links.txt
[48.044s] -- Installing: /home/misaka/fishbot/install/nav_2d_msgs/local/lib/python3.10/dist-packages/nav_2d_msgs-1.1.0-py3.10.egg-info/SOURCES.txt
[48.048s] -- Installing: /home/misaka/fishbot/install/nav_2d_msgs/local/lib/python3.10/dist-packages/nav_2d_msgs-1.1.0-py3.10.egg-info/top_level.txt
[48.053s] -- Installing: /home/misaka/fishbot/install/nav_2d_msgs/local/lib/python3.10/dist-packages/nav_2d_msgs
[48.054s] -- Installing: /home/misaka/fishbot/install/nav_2d_msgs/local/lib/python3.10/dist-packages/nav_2d_msgs/_nav_2d_msgs_s.ep.rosidl_typesupport_c.c
[48.054s] -- Installing: /home/misaka/fishbot/install/nav_2d_msgs/local/lib/python3.10/dist-packages/nav_2d_msgs/nav_2d_msgs_s__rosidl_typesupport_c.cpython-310-x86_64-linux-gnu.so
[48.055s] -- Installing: /home/misaka/fishbot/install/nav_2d_msgs/local/lib/python3.10/dist-packages/nav_2d_msgs/nav_2d_msgs_s__rosidl_typesupport_fastrtps_c.cpython-310-x86_64-linux-gnu.so
[48.056s] -- Installing: /home/misaka/fishbot/install/nav_2d_msgs/local/lib/python3.10/dist-packages/nav_2d_msgs/_nav_2d_msgs_s.ep.rosidl_typesupport_introspection_c.c
[48.086s] -- Installing: /home/misaka/fishbot/install/nav_2d_msgs/local/lib/python3.10/dist-packages/nav_2d_msgs/_nav_2d_msgs_s.ep.rosidl_typesupport_fastrtps_c.c
[48.087s] -- Installing: /home/misaka/fishbot/install/nav_2d_msgs/local/lib/python3.10/dist-packages/nav_2d_msgs/__init__.py
[48.087s] -- Installing: /home/misaka/fishbot/install/nav_2d_msgs/local/lib/python3.10/dist-packages/nav_2d_msgs/libnav_2d_msgs__rosidl_generator_py.so
[48.092s] -- Installing: /home/misaka/fishbot/install/nav_2d_msgs/local/lib/python3.10/dist-packages/nav_2d_msgs/msg
[48.094s] -- Installing: /home/misaka/fishbot/install/nav_2d_msgs/local/lib/python3.10/dist-packages/nav_2d_msgs/msg/_path2_d.py
[48.094s] -- Installing: /home/misaka/fishbot/install/nav_2d_msgs/local/lib/python3.10/dist-packages/nav_2d_msgs/msg/_twist2_d32.py
[48.095s] -- Installing: /home/misaka/fishbot/install/nav_2d_msgs/local/lib/python3.10/dist-packages/nav_2d_msgs/msg/_path2_d_s.c
[48.096s] -- Installing: /home/misaka/fishbot/install/nav_2d_msgs/local/lib/python3.10/dist-packages/nav_2d_msgs/msg/_pose2_d_stamped.py
[48.096s] -- Installing: /home/misaka/fishbot/install/nav_2d_msgs/local/lib/python3.10/dist-packages/nav_2d_msgs/msg/_twist2_d32_s.c
[48.097s] -- Installing: /home/misaka/fishbot/install/nav_2d_msgs/local/lib/python3.10/dist-packages/nav_2d_msgs/msg/_pose2_d32_s.c
[48.105s] -- Installing: /home/misaka/fishbot/install/nav_2d_msgs/local/lib/python3.10/dist-packages/nav_2d_msgs/msg/_twist2_d_stamped_s.c
[48.106s] -- Installing: /home/misaka/fishbot/install/nav_2d_msgs/local/lib/python3.10/dist-packages/nav_2d_msgs/msg/_pose2_d32.py
[48.106s] -- Installing: /home/misaka/fishbot/install/nav_2d_msgs/local/lib/python3.10/dist-packages/nav_2d_msgs/msg/_twist2_d_s.c
[48.118s] -- Installing: /home/misaka/fishbot/install/nav_2d_msgs/local/lib/python3.10/dist-packages/nav_2d_msgs/msg/__init__.py
[48.127s] -- Installing: /home/misaka/fishbot/install/nav_2d_msgs/local/lib/python3.10/dist-packages/nav_2d_msgs/msg/_pose2_d_stamped_s.c
[48.133s] -- Installing: /home/misaka/fishbot/install/nav_2d_msgs/local/lib/python3.10/dist-packages/nav_2d_msgs/msg/_twist2_d_stamped.py
[48.134s] -- Installing: /home/misaka/fishbot/install/nav_2d_msgs/local/lib/python3.10/dist-packages/nav_2d_msgs/msg/_twist2_d.py
[48.134s] -- Installing: /home/misaka/fishbot/install/nav_2d_msgs/local/lib/python3.10/dist-packages/nav_2d_msgs/nav_2d_msgs_s__rosidl_typesupport_introspection_c.cpython-310-x86_64-linux-gnu.so
[49.043s] Listing '/home/misaka/fishbot/install/nav_2d_msgs/local/lib/python3.10/dist-packages/nav_2d_msgs'...
[49.043s] Compiling '/home/misaka/fishbot/install/nav_2d_msgs/local/lib/python3.10/dist-packages/nav_2d_msgs/__init__.py'...
[49.044s] Listing '/home/misaka/fishbot/install/nav_2d_msgs/local/lib/python3.10/dist-packages/nav_2d_msgs/msg'...
[49.045s] Compiling '/home/misaka/fishbot/install/nav_2d_msgs/local/lib/python3.10/dist-packages/nav_2d_msgs/msg/__init__.py'...
[49.045s] Compiling '/home/misaka/fishbot/install/nav_2d_msgs/local/lib/python3.10/dist-packages/nav_2d_msgs/msg/_path2_d.py'...
[49.045s] Compiling '/home/misaka/fishbot/install/nav_2d_msgs/local/lib/python3.10/dist-packages/nav_2d_msgs/msg/_pose2_d32.py'...
[49.045s] Compiling '/home/misaka/fishbot/install/nav_2d_msgs/local/lib/python3.10/dist-packages/nav_2d_msgs/msg/_pose2_d_stamped.py'...
[49.045s] Compiling '/home/misaka/fishbot/install/nav_2d_msgs/local/lib/python3.10/dist-packages/nav_2d_msgs/msg/_twist2_d.py'...
[49.045s] Compiling '/home/misaka/fishbot/install/nav_2d_msgs/local/lib/python3.10/dist-packages/nav_2d_msgs/msg/_twist2_d32.py'...
[49.046s] Compiling '/home/misaka/fishbot/install/nav_2d_msgs/local/lib/python3.10/dist-packages/nav_2d_msgs/msg/_twist2_d_stamped.py'...
[49.060s] -- Installing: /home/misaka/fishbot/install/nav_2d_msgs/local/lib/python3.10/dist-packages/nav_2d_msgs/nav_2d_msgs_s__rosidl_typesupport_fastrtps_c.cpython-310-x86_64-linux-gnu.so
[49.061s] -- Set runtime path of "/home/misaka/fishbot/install/nav_2d_msgs/local/lib/python3.10/dist-packages/nav_2d_msgs/nav_2d_msgs_s__rosidl_typesupport_fastrtps_c.cpython-310-x86_64-linux-gnu.so" to ""
[49.064s] -- Installing: /home/misaka/fishbot/install/nav_2d_msgs/local/lib/python3.10/dist-packages/nav_2d_msgs/nav_2d_msgs_s__rosidl_typesupport_introspection_c.cpython-310-x86_64-linux-gnu.so
[49.066s] -- Set runtime path of "/home/misaka/fishbot/install/nav_2d_msgs/local/lib/python3.10/dist-packages/nav_2d_msgs/nav_2d_msgs_s__rosidl_typesupport_introspection_c.cpython-310-x86_64-linux-gnu.so" to ""
[49.067s] -- Installing: /home/misaka/fishbot/install/nav_2d_msgs/local/lib/python3.10/dist-packages/nav_2d_msgs/nav_2d_msgs_s__rosidl_typesupport_c.cpython-310-x86_64-linux-gnu.so
[49.080s] -- Set runtime path of "/home/misaka/fishbot/install/nav_2d_msgs/local/lib/python3.10/dist-packages/nav_2d_msgs/nav_2d_msgs_s__rosidl_typesupport_c.cpython-310-x86_64-linux-gnu.so" to ""
[49.081s] -- Installing: /home/misaka/fishbot/install/nav_2d_msgs/lib/libnav_2d_msgs__rosidl_generator_py.so
[49.090s] -- Set runtime path of "/home/misaka/fishbot/install/nav_2d_msgs/lib/libnav_2d_msgs__rosidl_generator_py.so" to ""
[49.091s] -- Installing: /home/misaka/fishbot/install/nav_2d_msgs/share/nav_2d_msgs/msg/Path2D.idl
[49.110s] -- Installing: /home/misaka/fishbot/install/nav_2d_msgs/share/nav_2d_msgs/msg/Pose2D32.idl
[49.112s] -- Installing: /home/misaka/fishbot/install/nav_2d_msgs/share/nav_2d_msgs/msg/Pose2DStamped.idl
[49.120s] -- Installing: /home/misaka/fishbot/install/nav_2d_msgs/share/nav_2d_msgs/msg/Twist2D.idl
[49.123s] -- Installing: /home/misaka/fishbot/install/nav_2d_msgs/share/nav_2d_msgs/msg/Twist2D32.idl
[49.139s] -- Installing: /home/misaka/fishbot/install/nav_2d_msgs/share/nav_2d_msgs/msg/Twist2DStamped.idl
[49.139s] -- Installing: /home/misaka/fishbot/install/nav_2d_msgs/share/nav_2d_msgs/msg/Path2D.msg
[49.140s] -- Installing: /home/misaka/fishbot/install/nav_2d_msgs/share/nav_2d_msgs/msg/Pose2D32.msg
[49.146s] -- Installing: /home/misaka/fishbot/install/nav_2d_msgs/share/nav_2d_msgs/msg/Pose2DStamped.msg
[49.147s] -- Installing: /home/misaka/fishbot/install/nav_2d_msgs/share/nav_2d_msgs/msg/Twist2D.msg
[49.156s] -- Installing: /home/misaka/fishbot/install/nav_2d_msgs/share/nav_2d_msgs/msg/Twist2D32.msg
[49.162s] -- Installing: /home/misaka/fishbot/install/nav_2d_msgs/share/nav_2d_msgs/msg/Twist2DStamped.msg
[49.185s] -- Installing: /home/misaka/fishbot/install/nav_2d_msgs/share/ament_index/resource_index/package_run_dependencies/nav_2d_msgs
[49.197s] -- Installing: /home/misaka/fishbot/install/nav_2d_msgs/share/ament_index/resource_index/parent_prefix_path/nav_2d_msgs
[49.200s] -- Installing: /home/misaka/fishbot/install/nav_2d_msgs/share/nav_2d_msgs/environment/ament_prefix_path.sh
[49.208s] -- Installing: /home/misaka/fishbot/install/nav_2d_msgs/share/nav_2d_msgs/environment/ament_prefix_path.dsv
[49.222s] -- Installing: /home/misaka/fishbot/install/nav_2d_msgs/share/nav_2d_msgs/environment/path.sh
[49.227s] -- Installing: /home/misaka/fishbot/install/nav_2d_msgs/share/nav_2d_msgs/environment/path.dsv
[49.235s] -- Installing: /home/misaka/fishbot/install/nav_2d_msgs/share/nav_2d_msgs/local_setup.bash
[49.235s] -- Installing: /home/misaka/fishbot/install/nav_2d_msgs/share/nav_2d_msgs/local_setup.sh
[49.238s] -- Installing: /home/misaka/fishbot/install/nav_2d_msgs/share/nav_2d_msgs/local_setup.zsh
[49.254s] -- Installing: /home/misaka/fishbot/install/nav_2d_msgs/share/nav_2d_msgs/local_setup.dsv
[49.268s] -- Installing: /home/misaka/fishbot/install/nav_2d_msgs/share/nav_2d_msgs/package.dsv
[49.278s] -- Installing: /home/misaka/fishbot/install/nav_2d_msgs/share/ament_index/resource_index/packages/nav_2d_msgs
[49.278s] -- Installing: /home/misaka/fishbot/install/nav_2d_msgs/share/nav_2d_msgs/cmake/export_nav_2d_msgs__rosidl_generator_cExport.cmake
[49.286s] -- Installing: /home/misaka/fishbot/install/nav_2d_msgs/share/nav_2d_msgs/cmake/export_nav_2d_msgs__rosidl_generator_cExport-noconfig.cmake
[49.289s] -- Installing: /home/misaka/fishbot/install/nav_2d_msgs/share/nav_2d_msgs/cmake/export_nav_2d_msgs__rosidl_typesupport_fastrtps_cExport.cmake
[49.296s] -- Installing: /home/misaka/fishbot/install/nav_2d_msgs/share/nav_2d_msgs/cmake/export_nav_2d_msgs__rosidl_typesupport_fastrtps_cExport-noconfig.cmake
[49.303s] -- Installing: /home/misaka/fishbot/install/nav_2d_msgs/share/nav_2d_msgs/cmake/export_nav_2d_msgs__rosidl_generator_cppExport.cmake
[49.303s] -- Installing: /home/misaka/fishbot/install/nav_2d_msgs/share/nav_2d_msgs/cmake/export_nav_2d_msgs__rosidl_typesupport_fastrtps_cppExport.cmake
[49.311s] -- Installing: /home/misaka/fishbot/install/nav_2d_msgs/share/nav_2d_msgs/cmake/export_nav_2d_msgs__rosidl_typesupport_fastrtps_cppExport-noconfig.cmake
[49.318s] -- Installing: /home/misaka/fishbot/install/nav_2d_msgs/share/nav_2d_msgs/cmake/nav_2d_msgs__rosidl_typesupport_introspection_cExport.cmake
[49.334s] -- Installing: /home/misaka/fishbot/install/nav_2d_msgs/share/nav_2d_msgs/cmake/nav_2d_msgs__rosidl_typesupport_introspection_cExport-noconfig.cmake
[49.341s] -- Installing: /home/misaka/fishbot/install/nav_2d_msgs/share/nav_2d_msgs/cmake/nav_2d_msgs__rosidl_typesupport_cExport.cmake
[49.342s] -- Installing: /home/misaka/fishbot/install/nav_2d_msgs/share/nav_2d_msgs/cmake/nav_2d_msgs__rosidl_typesupport_cExport-noconfig.cmake
[49.342s] -- Installing: /home/misaka/fishbot/install/nav_2d_msgs/share/nav_2d_msgs/cmake/nav_2d_msgs__rosidl_typesupport_introspection_cppExport.cmake
[49.343s] -- Installing: /home/misaka/fishbot/install/nav_2d_msgs/share/nav_2d_msgs/cmake/nav_2d_msgs__rosidl_typesupport_introspection_cppExport-noconfig.cmake
[49.352s] -- Installing: /home/misaka/fishbot/install/nav_2d_msgs/share/nav_2d_msgs/cmake/nav_2d_msgs__rosidl_typesupport_cppExport.cmake
[49.353s] -- Installing: /home/misaka/fishbot/install/nav_2d_msgs/share/nav_2d_msgs/cmake/nav_2d_msgs__rosidl_typesupport_cppExport-noconfig.cmake
[49.357s] -- Installing: /home/misaka/fishbot/install/nav_2d_msgs/share/nav_2d_msgs/cmake/export_nav_2d_msgs__rosidl_generator_pyExport.cmake
[49.362s] -- Installing: /home/misaka/fishbot/install/nav_2d_msgs/share/nav_2d_msgs/cmake/export_nav_2d_msgs__rosidl_generator_pyExport-noconfig.cmake
[49.366s] -- Installing: /home/misaka/fishbot/install/nav_2d_msgs/share/nav_2d_msgs/cmake/rosidl_cmake-extras.cmake
[49.370s] -- Installing: /home/misaka/fishbot/install/nav_2d_msgs/share/nav_2d_msgs/cmake/ament_cmake_export_dependencies-extras.cmake
[49.375s] -- Installing: /home/misaka/fishbot/install/nav_2d_msgs/share/nav_2d_msgs/cmake/ament_cmake_export_include_directories-extras.cmake
[49.385s] -- Installing: /home/misaka/fishbot/install/nav_2d_msgs/share/nav_2d_msgs/cmake/ament_cmake_export_libraries-extras.cmake
[49.388s] -- Installing: /home/misaka/fishbot/install/nav_2d_msgs/share/nav_2d_msgs/cmake/ament_cmake_export_targets-extras.cmake
[49.404s] -- Installing: /home/misaka/fishbot/install/nav_2d_msgs/share/nav_2d_msgs/cmake/rosidl_cmake_export_typesupport_targets-extras.cmake
[49.405s] -- Installing: /home/misaka/fishbot/install/nav_2d_msgs/share/nav_2d_msgs/cmake/rosidl_cmake_export_typesupport_libraries-extras.cmake
[49.420s] -- Installing: /home/misaka/fishbot/install/nav_2d_msgs/share/nav_2d_msgs/cmake/nav_2d_msgsConfig.cmake
[49.422s] -- Installing: /home/misaka/fishbot/install/nav_2d_msgs/share/nav_2d_msgs/cmake/nav_2d_msgsConfig-version.cmake
[49.422s] -- Installing: /home/misaka/fishbot/install/nav_2d_msgs/share/nav_2d_msgs/package.xml
[49.435s] Invoked command in '/home/misaka/fishbot/build/nav_2d_msgs' returned '0': CMAKE_PREFIX_PATH=/opt/ros/humble /usr/bin/cmake --install /home/misaka/fishbot/build/nav_2d_msgs
