[3.920s] Invoking command in '/home/misaka/fishbot/src/navigation/nav2_simple_commander': AMENT_PREFIX_PATH=/home/misaka/fishbot/install/nav2_msgs:/home/misaka/fishbot/install/nav2_common:${AMENT_PREFIX_PATH} CMAKE_PREFIX_PATH=/home/misaka/fishbot/install/nav2_msgs:/home/misaka/fishbot/install/nav2_common LD_LIBRARY_PATH=/home/misaka/fishbot/install/nav2_msgs/lib:${LD_LIBRARY_PATH} PYTHONPATH=/home/misaka/fishbot/build/nav2_simple_commander/prefix_override:/usr/lib/python3/dist-packages/colcon_core/task/python/colcon_distutils_commands:/home/misaka/fishbot/install/nav2_simple_commander/lib/python3.10/site-packages:/home/misaka/fishbot/install/nav2_msgs/local/lib/python3.10/dist-packages:/home/misaka/fishbot/install/nav2_common/local/lib/python3.10/dist-packages:${PYTHONPATH} /usr/bin/python3 -W ignore:setup.py install is deprecated setup.py egg_info --egg-base ../../../build/nav2_simple_commander build --build-base /home/misaka/fishbot/build/nav2_simple_commander/build install --record /home/misaka/fishbot/build/nav2_simple_commander/install.log --single-version-externally-managed install_data
[4.946s] running egg_info
[4.950s] writing ../../../build/nav2_simple_commander/nav2_simple_commander.egg-info/PKG-INFO
[4.950s] writing dependency_links to ../../../build/nav2_simple_commander/nav2_simple_commander.egg-info/dependency_links.txt
[4.950s] writing entry points to ../../../build/nav2_simple_commander/nav2_simple_commander.egg-info/entry_points.txt
[4.952s] writing requirements to ../../../build/nav2_simple_commander/nav2_simple_commander.egg-info/requires.txt
[4.954s] writing top-level names to ../../../build/nav2_simple_commander/nav2_simple_commander.egg-info/top_level.txt
[4.962s] reading manifest file '../../../build/nav2_simple_commander/nav2_simple_commander.egg-info/SOURCES.txt'
[4.975s] writing manifest file '../../../build/nav2_simple_commander/nav2_simple_commander.egg-info/SOURCES.txt'
[4.976s] running build
[4.976s] running build_py
[4.981s] running install
[4.982s] running install_lib
[4.988s] running install_data
[4.990s] running install_egg_info
[5.009s] removing '/home/misaka/fishbot/install/nav2_simple_commander/lib/python3.10/site-packages/nav2_simple_commander-1.0.0-py3.10.egg-info' (and everything under it)
[5.009s] Copying ../../../build/nav2_simple_commander/nav2_simple_commander.egg-info to /home/misaka/fishbot/install/nav2_simple_commander/lib/python3.10/site-packages/nav2_simple_commander-1.0.0-py3.10.egg-info
[5.010s] running install_scripts
[5.085s] Installing demo_inspection script to /home/misaka/fishbot/install/nav2_simple_commander/lib/nav2_simple_commander
[5.085s] Installing demo_picking script to /home/misaka/fishbot/install/nav2_simple_commander/lib/nav2_simple_commander
[5.085s] Installing demo_recoveries script to /home/misaka/fishbot/install/nav2_simple_commander/lib/nav2_simple_commander
[5.085s] Installing demo_security script to /home/misaka/fishbot/install/nav2_simple_commander/lib/nav2_simple_commander
[5.086s] Installing example_follow_path script to /home/misaka/fishbot/install/nav2_simple_commander/lib/nav2_simple_commander
[5.086s] Installing example_nav_through_poses script to /home/misaka/fishbot/install/nav2_simple_commander/lib/nav2_simple_commander
[5.091s] Installing example_nav_to_pose script to /home/misaka/fishbot/install/nav2_simple_commander/lib/nav2_simple_commander
[5.091s] Installing example_waypoint_follower script to /home/misaka/fishbot/install/nav2_simple_commander/lib/nav2_simple_commander
[5.092s] writing list of installed files to '/home/misaka/fishbot/build/nav2_simple_commander/install.log'
[5.147s] Invoked command in '/home/misaka/fishbot/src/navigation/nav2_simple_commander' returned '0': AMENT_PREFIX_PATH=/home/misaka/fishbot/install/nav2_msgs:/home/misaka/fishbot/install/nav2_common:${AMENT_PREFIX_PATH} CMAKE_PREFIX_PATH=/home/misaka/fishbot/install/nav2_msgs:/home/misaka/fishbot/install/nav2_common LD_LIBRARY_PATH=/home/misaka/fishbot/install/nav2_msgs/lib:${LD_LIBRARY_PATH} PYTHONPATH=/home/misaka/fishbot/build/nav2_simple_commander/prefix_override:/usr/lib/python3/dist-packages/colcon_core/task/python/colcon_distutils_commands:/home/misaka/fishbot/install/nav2_simple_commander/lib/python3.10/site-packages:/home/misaka/fishbot/install/nav2_msgs/local/lib/python3.10/dist-packages:/home/misaka/fishbot/install/nav2_common/local/lib/python3.10/dist-packages:${PYTHONPATH} /usr/bin/python3 -W ignore:setup.py install is deprecated setup.py egg_info --egg-base ../../../build/nav2_simple_commander build --build-base /home/misaka/fishbot/build/nav2_simple_commander/build install --record /home/misaka/fishbot/build/nav2_simple_commander/install.log --single-version-externally-managed install_data
