[0.125s] Invoking command in '/home/misaka/fishbot/build/nav_2d_utils': AMENT_PREFIX_PATH=/home/misaka/fishbot/install/nav2_util:/home/misaka/fishbot/install/nav2_msgs:/home/misaka/fishbot/install/nav_2d_msgs:/home/misaka/fishbot/install/nav2_common:${AMENT_PREFIX_PATH} CMAKE_PREFIX_PATH=/home/misaka/fishbot/install/nav2_util:/home/misaka/fishbot/install/nav2_msgs:/home/misaka/fishbot/install/nav_2d_msgs:/home/misaka/fishbot/install/nav2_common:/opt/ros/humble LD_LIBRARY_PATH=/home/misaka/fishbot/install/nav2_util/lib:/home/misaka/fishbot/install/nav2_msgs/lib:/home/misaka/fishbot/install/nav_2d_msgs/lib:${LD_LIBRARY_PATH} PYTHONPATH=/home/misaka/fishbot/install/nav2_msgs/local/lib/python3.10/dist-packages:/home/misaka/fishbot/install/nav_2d_msgs/local/lib/python3.10/dist-packages:/home/misaka/fishbot/install/nav2_common/local/lib/python3.10/dist-packages:${PYTHONPATH} /usr/bin/cmake --build /home/misaka/fishbot/build/nav_2d_utils -- -j16 -l16
[0.432s] [ 12%] Built target gtest_main
[0.443s] [ 25%] Built target path_ops
[0.449s] [ 50%] Built target conversions
[0.449s] [ 50%] Built target gtest
[0.594s] [ 62%] Built target path_ops_tests
[0.731s] [ 75%] Built target 2d_utils_tests
[0.734s] [ 87%] Built target tf_help
[0.877s] [100%] Built target tf_help_tests
[0.922s] Invoked command in '/home/misaka/fishbot/build/nav_2d_utils' returned '0': AMENT_PREFIX_PATH=/home/misaka/fishbot/install/nav2_util:/home/misaka/fishbot/install/nav2_msgs:/home/misaka/fishbot/install/nav_2d_msgs:/home/misaka/fishbot/install/nav2_common:${AMENT_PREFIX_PATH} CMAKE_PREFIX_PATH=/home/misaka/fishbot/install/nav2_util:/home/misaka/fishbot/install/nav2_msgs:/home/misaka/fishbot/install/nav_2d_msgs:/home/misaka/fishbot/install/nav2_common:/opt/ros/humble LD_LIBRARY_PATH=/home/misaka/fishbot/install/nav2_util/lib:/home/misaka/fishbot/install/nav2_msgs/lib:/home/misaka/fishbot/install/nav_2d_msgs/lib:${LD_LIBRARY_PATH} PYTHONPATH=/home/misaka/fishbot/install/nav2_msgs/local/lib/python3.10/dist-packages:/home/misaka/fishbot/install/nav_2d_msgs/local/lib/python3.10/dist-packages:/home/misaka/fishbot/install/nav2_common/local/lib/python3.10/dist-packages:${PYTHONPATH} /usr/bin/cmake --build /home/misaka/fishbot/build/nav_2d_utils -- -j16 -l16
[1.162s] Invoking command in '/home/misaka/fishbot/build/nav_2d_utils': AMENT_PREFIX_PATH=/home/misaka/fishbot/install/nav2_util:/home/misaka/fishbot/install/nav2_msgs:/home/misaka/fishbot/install/nav_2d_msgs:/home/misaka/fishbot/install/nav2_common:${AMENT_PREFIX_PATH} CMAKE_PREFIX_PATH=/home/misaka/fishbot/install/nav2_util:/home/misaka/fishbot/install/nav2_msgs:/home/misaka/fishbot/install/nav_2d_msgs:/home/misaka/fishbot/install/nav2_common:/opt/ros/humble LD_LIBRARY_PATH=/home/misaka/fishbot/install/nav2_util/lib:/home/misaka/fishbot/install/nav2_msgs/lib:/home/misaka/fishbot/install/nav_2d_msgs/lib:${LD_LIBRARY_PATH} PYTHONPATH=/home/misaka/fishbot/install/nav2_msgs/local/lib/python3.10/dist-packages:/home/misaka/fishbot/install/nav_2d_msgs/local/lib/python3.10/dist-packages:/home/misaka/fishbot/install/nav2_common/local/lib/python3.10/dist-packages:${PYTHONPATH} /usr/bin/cmake --install /home/misaka/fishbot/build/nav_2d_utils
[1.204s] -- Install configuration: "Release"
[1.215s] -- Up-to-date: /home/misaka/fishbot/install/nav_2d_utils/lib/libconversions.so
[1.220s] -- Up-to-date: /home/misaka/fishbot/install/nav_2d_utils/lib/libpath_ops.so
[1.229s] -- Up-to-date: /home/misaka/fishbot/install/nav_2d_utils/lib/libtf_help.so
[1.230s] -- Up-to-date: /home/misaka/fishbot/install/nav_2d_utils/include/
[1.232s] -- Up-to-date: /home/misaka/fishbot/install/nav_2d_utils/include//nav_2d_utils
[1.235s] -- Up-to-date: /home/misaka/fishbot/install/nav_2d_utils/include//nav_2d_utils/conversions.hpp
[1.237s] -- Up-to-date: /home/misaka/fishbot/install/nav_2d_utils/include//nav_2d_utils/odom_subscriber.hpp
[1.239s] -- Up-to-date: /home/misaka/fishbot/install/nav_2d_utils/include//nav_2d_utils/parameters.hpp
[1.239s] -- Up-to-date: /home/misaka/fishbot/install/nav_2d_utils/include//nav_2d_utils/path_ops.hpp
[1.239s] -- Up-to-date: /home/misaka/fishbot/install/nav_2d_utils/include//nav_2d_utils/tf_help.hpp
[1.240s] -- Up-to-date: /home/misaka/fishbot/install/nav_2d_utils/share/nav_2d_utils/environment/library_path.sh
[1.240s] -- Up-to-date: /home/misaka/fishbot/install/nav_2d_utils/share/nav_2d_utils/environment/library_path.dsv
[1.245s] -- Up-to-date: /home/misaka/fishbot/install/nav_2d_utils/share/ament_index/resource_index/package_run_dependencies/nav_2d_utils
[1.247s] -- Up-to-date: /home/misaka/fishbot/install/nav_2d_utils/share/ament_index/resource_index/parent_prefix_path/nav_2d_utils
[1.248s] -- Up-to-date: /home/misaka/fishbot/install/nav_2d_utils/share/nav_2d_utils/environment/ament_prefix_path.sh
[1.249s] -- Up-to-date: /home/misaka/fishbot/install/nav_2d_utils/share/nav_2d_utils/environment/ament_prefix_path.dsv
[1.250s] -- Up-to-date: /home/misaka/fishbot/install/nav_2d_utils/share/nav_2d_utils/environment/path.sh
[1.250s] -- Up-to-date: /home/misaka/fishbot/install/nav_2d_utils/share/nav_2d_utils/environment/path.dsv
[1.251s] -- Up-to-date: /home/misaka/fishbot/install/nav_2d_utils/share/nav_2d_utils/local_setup.bash
[1.251s] -- Up-to-date: /home/misaka/fishbot/install/nav_2d_utils/share/nav_2d_utils/local_setup.sh
[1.251s] -- Up-to-date: /home/misaka/fishbot/install/nav_2d_utils/share/nav_2d_utils/local_setup.zsh
[1.251s] -- Up-to-date: /home/misaka/fishbot/install/nav_2d_utils/share/nav_2d_utils/local_setup.dsv
[1.252s] -- Installing: /home/misaka/fishbot/install/nav_2d_utils/share/nav_2d_utils/package.dsv
[1.253s] -- Up-to-date: /home/misaka/fishbot/install/nav_2d_utils/share/ament_index/resource_index/packages/nav_2d_utils
[1.256s] -- Up-to-date: /home/misaka/fishbot/install/nav_2d_utils/share/nav_2d_utils/cmake/ament_cmake_export_include_directories-extras.cmake
[1.256s] -- Up-to-date: /home/misaka/fishbot/install/nav_2d_utils/share/nav_2d_utils/cmake/ament_cmake_export_libraries-extras.cmake
[1.256s] -- Up-to-date: /home/misaka/fishbot/install/nav_2d_utils/share/nav_2d_utils/cmake/ament_cmake_export_dependencies-extras.cmake
[1.256s] -- Up-to-date: /home/misaka/fishbot/install/nav_2d_utils/share/nav_2d_utils/cmake/nav_2d_utilsConfig.cmake
[1.256s] -- Up-to-date: /home/misaka/fishbot/install/nav_2d_utils/share/nav_2d_utils/cmake/nav_2d_utilsConfig-version.cmake
[1.258s] -- Up-to-date: /home/misaka/fishbot/install/nav_2d_utils/share/nav_2d_utils/package.xml
[1.276s] Invoked command in '/home/misaka/fishbot/build/nav_2d_utils' returned '0': AMENT_PREFIX_PATH=/home/misaka/fishbot/install/nav2_util:/home/misaka/fishbot/install/nav2_msgs:/home/misaka/fishbot/install/nav_2d_msgs:/home/misaka/fishbot/install/nav2_common:${AMENT_PREFIX_PATH} CMAKE_PREFIX_PATH=/home/misaka/fishbot/install/nav2_util:/home/misaka/fishbot/install/nav2_msgs:/home/misaka/fishbot/install/nav_2d_msgs:/home/misaka/fishbot/install/nav2_common:/opt/ros/humble LD_LIBRARY_PATH=/home/misaka/fishbot/install/nav2_util/lib:/home/misaka/fishbot/install/nav2_msgs/lib:/home/misaka/fishbot/install/nav_2d_msgs/lib:${LD_LIBRARY_PATH} PYTHONPATH=/home/misaka/fishbot/install/nav2_msgs/local/lib/python3.10/dist-packages:/home/misaka/fishbot/install/nav_2d_msgs/local/lib/python3.10/dist-packages:/home/misaka/fishbot/install/nav2_common/local/lib/python3.10/dist-packages:${PYTHONPATH} /usr/bin/cmake --install /home/misaka/fishbot/build/nav_2d_utils
