[  1%] Built target nav2_compute_path_to_pose_action_bt_node
[  3%] Built target nav2_behavior_tree
[  4%] Built target nav2_controller_cancel_bt_node
[  3%] Built target nav2_spin_cancel_bt_node
[  5%] Built target nav2_wait_cancel_bt_node
[  6%] Built target nav2_compute_path_through_poses_action_bt_node
[  7%] Built target nav2_assisted_teleop_cancel_bt_node
[  8%] Built target nav2_back_up_cancel_bt_node
[  9%] Built target nav2_smooth_path_action_bt_node
[ 10%] Built target nav2_drive_on_heading_cancel_bt_node
[ 11%] Built target nav2_spin_action_bt_node
[ 12%] Built target nav2_follow_path_action_bt_node
[ 13%] Built target nav2_back_up_action_bt_node
[ 14%] Built target nav2_wait_action_bt_node
[ 15%] Built target nav2_transform_available_condition_bt_node
[ 16%] Built target nav2_clear_costmap_service_bt_node
[ 17%] Built target nav2_goal_updated_condition_bt_node
[ 18%] Built target nav2_is_stuck_condition_bt_node
[ 19%] Built target nav2_assisted_teleop_action_bt_node
[ 20%] Built target nav2_drive_on_heading_bt_node
[ 21%] Built target nav2_time_expired_condition_bt_node
[ 22%] Built target nav2_globally_updated_goal_condition_bt_node
[ 23%] Built target nav2_distance_traveled_condition_bt_node
[ 24%] Built target nav2_path_expiring_timer_condition
[ 25%] Built target nav2_is_path_valid_condition_bt_node
[ 26%] Built target nav2_goal_reached_condition_bt_node
[ 27%] Built target nav2_reinitialize_global_localization_service_bt_node
[ 28%] Built target nav2_distance_controller_bt_node
[ 29%] Built target nav2_rate_controller_bt_node
[ 30%] Built target nav2_initial_pose_received_condition_bt_node
[ 31%] Built target nav2_truncate_path_action_bt_node
[ 33%] Built target nav2_is_battery_low_condition_bt_node
[ 33%] Built target nav2_truncate_path_local_action_bt_node
[ 34%] Built target nav2_goal_updater_node_bt_node
[ 35%] Built target nav2_recovery_node_bt_node
[ 36%] Built target nav2_pipeline_sequence_bt_node
[ 37%] Built target nav2_path_longer_on_approach_bt_node
[ 38%] Built target nav2_round_robin_node_bt_node
[ 39%] Built target nav2_speed_controller_bt_node
[ 40%] Built target nav2_navigate_through_poses_action_bt_node
[ 41%] Built target nav2_remove_passed_goals_action_bt_node
[ 42%] Built target nav2_navigate_to_pose_action_bt_node
[ 43%] Built target gtest_main
[ 44%] Built target nav2_single_trigger_bt_node
[ 45%] Built target nav2_controller_selector_bt_node
[ 46%] Built target nav2_goal_checker_selector_bt_node
[ 47%] Built target nav2_goal_updated_controller_bt_node
[ 49%] Built target nav2_planner_selector_bt_node
[ 50%] Built target gtest
[ 52%] Built target test_bt_conversions
[ 52%] Built target test_condition_distance_traveled
[ 53%] [32mBuilding CXX object test/plugins/decorator/CMakeFiles/test_decorator_rate_controller.dir/test_rate_controller.cpp.o[0m
[ 54%] [32mBuilding CXX object test/plugins/decorator/CMakeFiles/test_decorator_speed_controller.dir/test_speed_controller.cpp.o[0m
[ 55%] [32mBuilding CXX object test/plugins/decorator/CMakeFiles/test_goal_updater_node.dir/test_goal_updater_node.cpp.o[0m
[ 56%] [32mBuilding CXX object test/plugins/decorator/CMakeFiles/test_decorator_distance_controller.dir/test_distance_controller.cpp.o[0m
[ 57%] Built target test_condition_is_path_valid
[ 58%] Built target test_condition_is_battery_low
[ 59%] [32mBuilding CXX object test/plugins/decorator/CMakeFiles/test_goal_updated_controller.dir/test_goal_updated_controller.cpp.o[0m
[ 60%] [32mBuilding CXX object test/plugins/decorator/CMakeFiles/test_decorator_path_longer_on_approach.dir/test_path_longer_on_approach.cpp.o[0m
[ 61%] [32mBuilding CXX object test/plugins/control/CMakeFiles/test_control_recovery_node.dir/test_recovery_node.cpp.o[0m
[ 62%] Built target test_condition_is_stuck
[ 63%] [32mBuilding CXX object test/plugins/decorator/CMakeFiles/test_single_trigger_node.dir/test_single_trigger_node.cpp.o[0m
[ 64%] Built target test_condition_transform_available
[ 65%] [32mBuilding CXX object test/plugins/control/CMakeFiles/test_control_pipeline_sequence.dir/test_pipeline_sequence.cpp.o[0m
[ 66%] Built target test_condition_initial_pose_received
[ 67%] [32mBuilding CXX object test/plugins/control/CMakeFiles/test_control_round_robin_node.dir/test_round_robin_node.cpp.o[0m
[ 67%] [32mBuilding CXX object test/plugins/action/CMakeFiles/test_bt_action_node.dir/test_bt_action_node.cpp.o[0m
[ 68%] Built target test_condition_goal_reached
[ 69%] Built target test_condition_goal_updated
[ 70%] Built target test_condition_globally_updated_goal
[ 71%] Built target test_condition_time_expired
[ 72%] Built target test_condition_path_expiring_timer
[ 73%] [32mBuilding CXX object test/plugins/action/CMakeFiles/test_action_back_up_action.dir/test_back_up_action.cpp.o[0m
[ 74%] [32mBuilding CXX object test/plugins/action/CMakeFiles/test_action_spin_action.dir/test_spin_action.cpp.o[0m
[ 75%] [32mBuilding CXX object test/plugins/action/CMakeFiles/test_action_drive_on_heading.dir/test_drive_on_heading_action.cpp.o[0m
[ 76%] [32mBuilding CXX object test/plugins/action/CMakeFiles/test_action_assisted_teleop_action.dir/test_assisted_teleop_action.cpp.o[0m
[ 76%] [32mBuilding CXX object test/plugins/action/CMakeFiles/test_action_wait_action.dir/test_wait_action.cpp.o[0m
