[0.200s] Invoking command in '/home/misaka/fishbot/build/nav2_behavior_tree': AMENT_PREFIX_PATH=/home/misaka/fishbot/install/nav2_util:/home/misaka/fishbot/install/nav2_msgs:/home/misaka/fishbot/install/nav2_common:${AMENT_PREFIX_PATH} CMAKE_PREFIX_PATH=/home/misaka/fishbot/install/nav2_util:/home/misaka/fishbot/install/nav2_msgs:/home/misaka/fishbot/install/nav2_common:/opt/ros/humble LD_LIBRARY_PATH=/home/misaka/fishbot/install/nav2_util/lib:/home/misaka/fishbot/install/nav2_msgs/lib:${LD_LIBRARY_PATH} PYTHONPATH=/home/misaka/fishbot/install/nav2_msgs/local/lib/python3.10/dist-packages:/home/misaka/fishbot/install/nav2_common/local/lib/python3.10/dist-packages:${PYTHONPATH} /usr/bin/cmake --build /home/misaka/fishbot/build/nav2_behavior_tree -- -j16 -l16
[0.633s] [  1%] Built target nav2_compute_path_to_pose_action_bt_node
[0.648s] [  3%] Built target nav2_behavior_tree
[0.650s] [  4%] Built target nav2_controller_cancel_bt_node
[0.650s] [  3%] Built target nav2_spin_cancel_bt_node
[0.651s] [  5%] Built target nav2_wait_cancel_bt_node
[0.664s] [  6%] Built target nav2_compute_path_through_poses_action_bt_node
[0.679s] [  7%] Built target nav2_assisted_teleop_cancel_bt_node
[0.679s] [  8%] Built target nav2_back_up_cancel_bt_node
[0.714s] [  9%] Built target nav2_smooth_path_action_bt_node
[0.715s] [ 10%] Built target nav2_drive_on_heading_cancel_bt_node
[1.010s] [ 11%] Built target nav2_spin_action_bt_node
[1.017s] [ 12%] Built target nav2_follow_path_action_bt_node
[1.025s] [ 13%] Built target nav2_back_up_action_bt_node
[1.025s] [ 14%] Built target nav2_wait_action_bt_node
[1.035s] [ 15%] Built target nav2_transform_available_condition_bt_node
[1.035s] [ 16%] Built target nav2_clear_costmap_service_bt_node
[1.043s] [ 17%] Built target nav2_goal_updated_condition_bt_node
[1.044s] [ 18%] Built target nav2_is_stuck_condition_bt_node
[1.071s] [ 19%] Built target nav2_assisted_teleop_action_bt_node
[1.077s] [ 20%] Built target nav2_drive_on_heading_bt_node
[1.084s] [ 21%] Built target nav2_time_expired_condition_bt_node
[1.086s] [ 22%] Built target nav2_globally_updated_goal_condition_bt_node
[1.088s] [ 23%] Built target nav2_distance_traveled_condition_bt_node
[1.105s] [ 24%] Built target nav2_path_expiring_timer_condition
[1.107s] [ 25%] Built target nav2_is_path_valid_condition_bt_node
[1.107s] [ 26%] Built target nav2_goal_reached_condition_bt_node
[1.295s] [ 27%] Built target nav2_reinitialize_global_localization_service_bt_node
[1.307s] [ 28%] Built target nav2_distance_controller_bt_node
[1.307s] [ 29%] Built target nav2_rate_controller_bt_node
[1.316s] [ 30%] Built target nav2_initial_pose_received_condition_bt_node
[1.333s] [ 31%] Built target nav2_truncate_path_action_bt_node
[1.343s] [ 33%] Built target nav2_is_battery_low_condition_bt_node
[1.344s] [ 33%] Built target nav2_truncate_path_local_action_bt_node
[1.346s] [ 34%] Built target nav2_goal_updater_node_bt_node
[1.349s] [ 35%] Built target nav2_recovery_node_bt_node
[1.351s] [ 36%] Built target nav2_pipeline_sequence_bt_node
[1.362s] [ 37%] Built target nav2_path_longer_on_approach_bt_node
[1.368s] [ 38%] Built target nav2_round_robin_node_bt_node
[1.371s] [ 39%] Built target nav2_speed_controller_bt_node
[1.416s] [ 40%] Built target nav2_navigate_through_poses_action_bt_node
[1.416s] [ 41%] Built target nav2_remove_passed_goals_action_bt_node
[1.440s] [ 42%] Built target nav2_navigate_to_pose_action_bt_node
[1.519s] [ 43%] Built target gtest_main
[1.522s] [ 44%] Built target nav2_single_trigger_bt_node
[1.541s] [ 45%] Built target nav2_controller_selector_bt_node
[1.542s] [ 46%] Built target nav2_goal_checker_selector_bt_node
[1.553s] [ 47%] Built target nav2_goal_updated_controller_bt_node
[1.554s] [ 49%] Built target nav2_planner_selector_bt_node
[1.557s] [ 50%] Built target gtest
[1.717s] [ 52%] Built target test_bt_conversions
[1.717s] [ 52%] Built target test_condition_distance_traveled
[1.762s] [ 53%] [32mBuilding CXX object test/plugins/decorator/CMakeFiles/test_decorator_rate_controller.dir/test_rate_controller.cpp.o[0m
[1.768s] [ 54%] [32mBuilding CXX object test/plugins/decorator/CMakeFiles/test_decorator_speed_controller.dir/test_speed_controller.cpp.o[0m
[1.769s] [ 55%] [32mBuilding CXX object test/plugins/decorator/CMakeFiles/test_goal_updater_node.dir/test_goal_updater_node.cpp.o[0m
[1.783s] [ 56%] [32mBuilding CXX object test/plugins/decorator/CMakeFiles/test_decorator_distance_controller.dir/test_distance_controller.cpp.o[0m
[1.883s] [ 57%] Built target test_condition_is_path_valid
[1.895s] [ 58%] Built target test_condition_is_battery_low
[2.027s] [ 59%] [32mBuilding CXX object test/plugins/decorator/CMakeFiles/test_goal_updated_controller.dir/test_goal_updated_controller.cpp.o[0m
[2.042s] [ 60%] [32mBuilding CXX object test/plugins/decorator/CMakeFiles/test_decorator_path_longer_on_approach.dir/test_path_longer_on_approach.cpp.o[0m
[3.172s] [ 61%] [32mBuilding CXX object test/plugins/control/CMakeFiles/test_control_recovery_node.dir/test_recovery_node.cpp.o[0m
[3.193s] [ 62%] Built target test_condition_is_stuck
[3.193s] [ 63%] [32mBuilding CXX object test/plugins/decorator/CMakeFiles/test_single_trigger_node.dir/test_single_trigger_node.cpp.o[0m
[3.220s] [ 64%] Built target test_condition_transform_available
[3.359s] [ 65%] [32mBuilding CXX object test/plugins/control/CMakeFiles/test_control_pipeline_sequence.dir/test_pipeline_sequence.cpp.o[0m
[3.383s] [ 66%] Built target test_condition_initial_pose_received
[3.521s] [ 67%] [32mBuilding CXX object test/plugins/control/CMakeFiles/test_control_round_robin_node.dir/test_round_robin_node.cpp.o[0m
[4.719s] [ 67%] [32mBuilding CXX object test/plugins/action/CMakeFiles/test_bt_action_node.dir/test_bt_action_node.cpp.o[0m
[4.758s] [ 68%] Built target test_condition_goal_reached
[4.768s] [ 69%] Built target test_condition_goal_updated
[4.818s] [ 70%] Built target test_condition_globally_updated_goal
[4.912s] [ 71%] Built target test_condition_time_expired
[4.928s] [ 72%] Built target test_condition_path_expiring_timer
[4.958s] [ 73%] [32mBuilding CXX object test/plugins/action/CMakeFiles/test_action_back_up_action.dir/test_back_up_action.cpp.o[0m
[5.034s] [ 74%] [32mBuilding CXX object test/plugins/action/CMakeFiles/test_action_spin_action.dir/test_spin_action.cpp.o[0m
[5.058s] [ 75%] [32mBuilding CXX object test/plugins/action/CMakeFiles/test_action_drive_on_heading.dir/test_drive_on_heading_action.cpp.o[0m
[5.127s] [ 76%] [32mBuilding CXX object test/plugins/action/CMakeFiles/test_action_assisted_teleop_action.dir/test_assisted_teleop_action.cpp.o[0m
[5.139s] [ 76%] [32mBuilding CXX object test/plugins/action/CMakeFiles/test_action_wait_action.dir/test_wait_action.cpp.o[0m
