[0.044s] Invoking command in '/home/misaka/fishbot/build/nav2_msgs': AMENT_PREFIX_PATH=/home/misaka/fishbot/install/nav2_common:${AMENT_PREFIX_PATH} CMAKE_PREFIX_PATH=/home/misaka/fishbot/install/nav2_common:/opt/ros/humble PYTHONPATH=/home/misaka/fishbot/install/nav2_common/local/lib/python3.10/dist-packages:${PYTHONPATH} /usr/bin/cmake --build /home/misaka/fishbot/build/nav2_msgs -- -j16 -l16
[0.351s] [  0%] Built target nav2_msgs__cpp
[0.379s] [ 12%] Built target nav2_msgs__rosidl_generator_c
[0.504s] [ 24%] Built target nav2_msgs__rosidl_typesupport_cpp
[0.514s] [ 36%] Built target nav2_msgs__rosidl_typesupport_fastrtps_cpp
[0.525s] [ 38%] Built target ament_cmake_python_copy_nav2_msgs
[0.526s] [ 49%] Built target nav2_msgs__rosidl_typesupport_introspection_cpp
[0.536s] [ 61%] Built target nav2_msgs__rosidl_typesupport_c
[0.546s] [ 74%] Built target nav2_msgs__rosidl_typesupport_introspection_c
[0.572s] [ 86%] Built target nav2_msgs__rosidl_typesupport_fastrtps_c
[0.708s] [ 86%] Built target nav2_msgs
[0.820s] [ 86%] Built target nav2_msgs__py
[1.009s] [ 98%] Built target nav2_msgs__rosidl_generator_py
[1.136s] [ 98%] Built target nav2_msgs__rosidl_typesupport_introspection_c__pyext
[1.137s] [ 99%] Built target nav2_msgs__rosidl_typesupport_c__pyext
[1.138s] [100%] Built target nav2_msgs__rosidl_typesupport_fastrtps_c__pyext
[1.583s] running egg_info
[1.586s] writing nav2_msgs.egg-info/PKG-INFO
[1.588s] writing dependency_links to nav2_msgs.egg-info/dependency_links.txt
[1.591s] writing top-level names to nav2_msgs.egg-info/top_level.txt
[1.600s] reading manifest file 'nav2_msgs.egg-info/SOURCES.txt'
[1.606s] writing manifest file 'nav2_msgs.egg-info/SOURCES.txt'
[1.718s] [100%] Built target ament_cmake_python_build_nav2_msgs_egg
[1.778s] Invoked command in '/home/misaka/fishbot/build/nav2_msgs' returned '0': AMENT_PREFIX_PATH=/home/misaka/fishbot/install/nav2_common:${AMENT_PREFIX_PATH} CMAKE_PREFIX_PATH=/home/misaka/fishbot/install/nav2_common:/opt/ros/humble PYTHONPATH=/home/misaka/fishbot/install/nav2_common/local/lib/python3.10/dist-packages:${PYTHONPATH} /usr/bin/cmake --build /home/misaka/fishbot/build/nav2_msgs -- -j16 -l16
[7.795s] Invoking command in '/home/misaka/fishbot/build/nav2_msgs': AMENT_PREFIX_PATH=/home/misaka/fishbot/install/nav2_common:${AMENT_PREFIX_PATH} CMAKE_PREFIX_PATH=/home/misaka/fishbot/install/nav2_common:/opt/ros/humble PYTHONPATH=/home/misaka/fishbot/install/nav2_common/local/lib/python3.10/dist-packages:${PYTHONPATH} /usr/bin/cmake --install /home/misaka/fishbot/build/nav2_msgs
[7.850s] -- Install configuration: "Release"
[7.852s] -- Up-to-date: /home/misaka/fishbot/install/nav2_msgs/share/ament_index/resource_index/rosidl_interfaces/nav2_msgs
[7.852s] -- Up-to-date: /home/misaka/fishbot/install/nav2_msgs/include/nav2_msgs/nav2_msgs
[7.854s] -- Up-to-date: /home/misaka/fishbot/install/nav2_msgs/include/nav2_msgs/nav2_msgs/srv
[7.854s] -- Up-to-date: /home/misaka/fishbot/install/nav2_msgs/include/nav2_msgs/nav2_msgs/srv/load_map.h
[7.855s] -- Up-to-date: /home/misaka/fishbot/install/nav2_msgs/include/nav2_msgs/nav2_msgs/srv/clear_costmap_except_region.h
[7.855s] -- Up-to-date: /home/misaka/fishbot/install/nav2_msgs/include/nav2_msgs/nav2_msgs/srv/manage_lifecycle_nodes.h
[7.856s] -- Up-to-date: /home/misaka/fishbot/install/nav2_msgs/include/nav2_msgs/nav2_msgs/srv/clear_costmap_around_robot.h
[7.856s] -- Up-to-date: /home/misaka/fishbot/install/nav2_msgs/include/nav2_msgs/nav2_msgs/srv/get_costmap.h
[7.856s] -- Up-to-date: /home/misaka/fishbot/install/nav2_msgs/include/nav2_msgs/nav2_msgs/srv/clear_entire_costmap.h
[7.856s] -- Up-to-date: /home/misaka/fishbot/install/nav2_msgs/include/nav2_msgs/nav2_msgs/srv/is_path_valid.h
[7.856s] -- Up-to-date: /home/misaka/fishbot/install/nav2_msgs/include/nav2_msgs/nav2_msgs/srv/detail
[7.856s] -- Up-to-date: /home/misaka/fishbot/install/nav2_msgs/include/nav2_msgs/nav2_msgs/srv/detail/clear_costmap_except_region__struct.h
[7.857s] -- Up-to-date: /home/misaka/fishbot/install/nav2_msgs/include/nav2_msgs/nav2_msgs/srv/detail/clear_costmap_except_region__type_support.h
[7.857s] -- Up-to-date: /home/misaka/fishbot/install/nav2_msgs/include/nav2_msgs/nav2_msgs/srv/detail/manage_lifecycle_nodes__struct.h
[7.858s] -- Up-to-date: /home/misaka/fishbot/install/nav2_msgs/include/nav2_msgs/nav2_msgs/srv/detail/load_map__type_support.h
[7.858s] -- Up-to-date: /home/misaka/fishbot/install/nav2_msgs/include/nav2_msgs/nav2_msgs/srv/detail/clear_costmap_around_robot__struct.h
[7.859s] -- Up-to-date: /home/misaka/fishbot/install/nav2_msgs/include/nav2_msgs/nav2_msgs/srv/detail/clear_costmap_around_robot__functions.h
[7.859s] -- Up-to-date: /home/misaka/fishbot/install/nav2_msgs/include/nav2_msgs/nav2_msgs/srv/detail/get_costmap__functions.c
[7.859s] -- Up-to-date: /home/misaka/fishbot/install/nav2_msgs/include/nav2_msgs/nav2_msgs/srv/detail/clear_entire_costmap__struct.h
[7.860s] -- Up-to-date: /home/misaka/fishbot/install/nav2_msgs/include/nav2_msgs/nav2_msgs/srv/detail/clear_entire_costmap__type_support.h
[7.860s] -- Up-to-date: /home/misaka/fishbot/install/nav2_msgs/include/nav2_msgs/nav2_msgs/srv/detail/load_map__functions.c
[7.861s] -- Up-to-date: /home/misaka/fishbot/install/nav2_msgs/include/nav2_msgs/nav2_msgs/srv/detail/save_map__functions.h
[7.862s] -- Up-to-date: /home/misaka/fishbot/install/nav2_msgs/include/nav2_msgs/nav2_msgs/srv/detail/save_map__struct.h
[7.862s] -- Up-to-date: /home/misaka/fishbot/install/nav2_msgs/include/nav2_msgs/nav2_msgs/srv/detail/save_map__functions.c
[7.863s] -- Up-to-date: /home/misaka/fishbot/install/nav2_msgs/include/nav2_msgs/nav2_msgs/srv/detail/manage_lifecycle_nodes__type_support.h
[7.863s] -- Up-to-date: /home/misaka/fishbot/install/nav2_msgs/include/nav2_msgs/nav2_msgs/srv/detail/is_path_valid__struct.h
[7.863s] -- Up-to-date: /home/misaka/fishbot/install/nav2_msgs/include/nav2_msgs/nav2_msgs/srv/detail/clear_costmap_except_region__functions.h
[7.863s] -- Up-to-date: /home/misaka/fishbot/install/nav2_msgs/include/nav2_msgs/nav2_msgs/srv/detail/clear_entire_costmap__functions.h
[7.863s] -- Up-to-date: /home/misaka/fishbot/install/nav2_msgs/include/nav2_msgs/nav2_msgs/srv/detail/get_costmap__functions.h
[7.864s] -- Up-to-date: /home/misaka/fishbot/install/nav2_msgs/include/nav2_msgs/nav2_msgs/srv/detail/save_map__type_support.h
[7.864s] -- Up-to-date: /home/misaka/fishbot/install/nav2_msgs/include/nav2_msgs/nav2_msgs/srv/detail/get_costmap__struct.h
[7.864s] -- Up-to-date: /home/misaka/fishbot/install/nav2_msgs/include/nav2_msgs/nav2_msgs/srv/detail/is_path_valid__type_support.h
[7.865s] -- Up-to-date: /home/misaka/fishbot/install/nav2_msgs/include/nav2_msgs/nav2_msgs/srv/detail/clear_costmap_except_region__functions.c
[7.865s] -- Up-to-date: /home/misaka/fishbot/install/nav2_msgs/include/nav2_msgs/nav2_msgs/srv/detail/is_path_valid__functions.c
[7.865s] -- Up-to-date: /home/misaka/fishbot/install/nav2_msgs/include/nav2_msgs/nav2_msgs/srv/detail/manage_lifecycle_nodes__functions.h
[7.865s] -- Up-to-date: /home/misaka/fishbot/install/nav2_msgs/include/nav2_msgs/nav2_msgs/srv/detail/get_costmap__type_support.h
[7.866s] -- Up-to-date: /home/misaka/fishbot/install/nav2_msgs/include/nav2_msgs/nav2_msgs/srv/detail/load_map__functions.h
[7.866s] -- Up-to-date: /home/misaka/fishbot/install/nav2_msgs/include/nav2_msgs/nav2_msgs/srv/detail/manage_lifecycle_nodes__functions.c
[7.866s] -- Up-to-date: /home/misaka/fishbot/install/nav2_msgs/include/nav2_msgs/nav2_msgs/srv/detail/clear_entire_costmap__functions.c
[7.867s] -- Up-to-date: /home/misaka/fishbot/install/nav2_msgs/include/nav2_msgs/nav2_msgs/srv/detail/is_path_valid__functions.h
[7.867s] -- Up-to-date: /home/misaka/fishbot/install/nav2_msgs/include/nav2_msgs/nav2_msgs/srv/detail/load_map__struct.h
[7.868s] -- Up-to-date: /home/misaka/fishbot/install/nav2_msgs/include/nav2_msgs/nav2_msgs/srv/detail/clear_costmap_around_robot__type_support.h
[7.868s] -- Up-to-date: /home/misaka/fishbot/install/nav2_msgs/include/nav2_msgs/nav2_msgs/srv/detail/clear_costmap_around_robot__functions.c
[7.868s] -- Up-to-date: /home/misaka/fishbot/install/nav2_msgs/include/nav2_msgs/nav2_msgs/srv/save_map.h
[7.868s] -- Up-to-date: /home/misaka/fishbot/install/nav2_msgs/include/nav2_msgs/nav2_msgs/action
[7.868s] -- Up-to-date: /home/misaka/fishbot/install/nav2_msgs/include/nav2_msgs/nav2_msgs/action/follow_waypoints.h
[7.869s] -- Up-to-date: /home/misaka/fishbot/install/nav2_msgs/include/nav2_msgs/nav2_msgs/action/dummy_behavior.h
[7.869s] -- Up-to-date: /home/misaka/fishbot/install/nav2_msgs/include/nav2_msgs/nav2_msgs/action/spin.h
[7.869s] -- Up-to-date: /home/misaka/fishbot/install/nav2_msgs/include/nav2_msgs/nav2_msgs/action/smooth_path.h
[7.869s] -- Up-to-date: /home/misaka/fishbot/install/nav2_msgs/include/nav2_msgs/nav2_msgs/action/wait.h
[7.869s] -- Up-to-date: /home/misaka/fishbot/install/nav2_msgs/include/nav2_msgs/nav2_msgs/action/back_up.h
[7.869s] -- Up-to-date: /home/misaka/fishbot/install/nav2_msgs/include/nav2_msgs/nav2_msgs/action/compute_path_through_poses.h
[7.870s] -- Up-to-date: /home/misaka/fishbot/install/nav2_msgs/include/nav2_msgs/nav2_msgs/action/navigate_to_pose.h
[7.870s] -- Up-to-date: /home/misaka/fishbot/install/nav2_msgs/include/nav2_msgs/nav2_msgs/action/detail
[7.870s] -- Up-to-date: /home/misaka/fishbot/install/nav2_msgs/include/nav2_msgs/nav2_msgs/action/detail/spin__type_support.h
[7.870s] -- Up-to-date: /home/misaka/fishbot/install/nav2_msgs/include/nav2_msgs/nav2_msgs/action/detail/follow_path__functions.c
[7.870s] -- Up-to-date: /home/misaka/fishbot/install/nav2_msgs/include/nav2_msgs/nav2_msgs/action/detail/wait__functions.c
[7.870s] -- Up-to-date: /home/misaka/fishbot/install/nav2_msgs/include/nav2_msgs/nav2_msgs/action/detail/dummy_behavior__struct.h
[7.871s] -- Up-to-date: /home/misaka/fishbot/install/nav2_msgs/include/nav2_msgs/nav2_msgs/action/detail/back_up__functions.h
[7.871s] -- Up-to-date: /home/misaka/fishbot/install/nav2_msgs/include/nav2_msgs/nav2_msgs/action/detail/compute_path_to_pose__functions.c
[7.871s] -- Up-to-date: /home/misaka/fishbot/install/nav2_msgs/include/nav2_msgs/nav2_msgs/action/detail/drive_on_heading__functions.h
[7.871s] -- Up-to-date: /home/misaka/fishbot/install/nav2_msgs/include/nav2_msgs/nav2_msgs/action/detail/wait__struct.h
[7.871s] -- Up-to-date: /home/misaka/fishbot/install/nav2_msgs/include/nav2_msgs/nav2_msgs/action/detail/assisted_teleop__functions.c
[7.871s] -- Up-to-date: /home/misaka/fishbot/install/nav2_msgs/include/nav2_msgs/nav2_msgs/action/detail/smooth_path__functions.h
[7.872s] -- Up-to-date: /home/misaka/fishbot/install/nav2_msgs/include/nav2_msgs/nav2_msgs/action/detail/navigate_through_poses__type_support.h
[7.872s] -- Up-to-date: /home/misaka/fishbot/install/nav2_msgs/include/nav2_msgs/nav2_msgs/action/detail/follow_path__functions.h
[7.872s] -- Up-to-date: /home/misaka/fishbot/install/nav2_msgs/include/nav2_msgs/nav2_msgs/action/detail/compute_path_through_poses__functions.h
[7.872s] -- Up-to-date: /home/misaka/fishbot/install/nav2_msgs/include/nav2_msgs/nav2_msgs/action/detail/compute_path_to_pose__type_support.h
[7.872s] -- Up-to-date: /home/misaka/fishbot/install/nav2_msgs/include/nav2_msgs/nav2_msgs/action/detail/back_up__struct.h
[7.873s] -- Up-to-date: /home/misaka/fishbot/install/nav2_msgs/include/nav2_msgs/nav2_msgs/action/detail/follow_path__type_support.h
[7.873s] -- Up-to-date: /home/misaka/fishbot/install/nav2_msgs/include/nav2_msgs/nav2_msgs/action/detail/assisted_teleop__type_support.h
[7.873s] -- Up-to-date: /home/misaka/fishbot/install/nav2_msgs/include/nav2_msgs/nav2_msgs/action/detail/follow_waypoints__type_support.h
[7.873s] -- Up-to-date: /home/misaka/fishbot/install/nav2_msgs/include/nav2_msgs/nav2_msgs/action/detail/back_up__functions.c
[7.873s] -- Up-to-date: /home/misaka/fishbot/install/nav2_msgs/include/nav2_msgs/nav2_msgs/action/detail/smooth_path__struct.h
[7.873s] -- Up-to-date: /home/misaka/fishbot/install/nav2_msgs/include/nav2_msgs/nav2_msgs/action/detail/dummy_behavior__type_support.h
[7.874s] -- Up-to-date: /home/misaka/fishbot/install/nav2_msgs/include/nav2_msgs/nav2_msgs/action/detail/compute_path_through_poses__functions.c
[7.874s] -- Up-to-date: /home/misaka/fishbot/install/nav2_msgs/include/nav2_msgs/nav2_msgs/action/detail/drive_on_heading__type_support.h
[7.874s] -- Up-to-date: /home/misaka/fishbot/install/nav2_msgs/include/nav2_msgs/nav2_msgs/action/detail/navigate_to_pose__functions.c
[7.874s] -- Up-to-date: /home/misaka/fishbot/install/nav2_msgs/include/nav2_msgs/nav2_msgs/action/detail/spin__functions.c
[7.875s] -- Up-to-date: /home/misaka/fishbot/install/nav2_msgs/include/nav2_msgs/nav2_msgs/action/detail/navigate_through_poses__functions.h
[7.875s] -- Up-to-date: /home/misaka/fishbot/install/nav2_msgs/include/nav2_msgs/nav2_msgs/action/detail/follow_path__struct.h
[7.876s] -- Up-to-date: /home/misaka/fishbot/install/nav2_msgs/include/nav2_msgs/nav2_msgs/action/detail/assisted_teleop__functions.h
[7.876s] -- Up-to-date: /home/misaka/fishbot/install/nav2_msgs/include/nav2_msgs/nav2_msgs/action/detail/wait__type_support.h
[7.876s] -- Up-to-date: /home/misaka/fishbot/install/nav2_msgs/include/nav2_msgs/nav2_msgs/action/detail/dummy_behavior__functions.c
[7.876s] -- Up-to-date: /home/misaka/fishbot/install/nav2_msgs/include/nav2_msgs/nav2_msgs/action/detail/navigate_to_pose__struct.h
[7.876s] -- Up-to-date: /home/misaka/fishbot/install/nav2_msgs/include/nav2_msgs/nav2_msgs/action/detail/navigate_to_pose__type_support.h
[7.876s] -- Up-to-date: /home/misaka/fishbot/install/nav2_msgs/include/nav2_msgs/nav2_msgs/action/detail/follow_waypoints__struct.h
[7.877s] -- Up-to-date: /home/misaka/fishbot/install/nav2_msgs/include/nav2_msgs/nav2_msgs/action/detail/spin__struct.h
[7.877s] -- Up-to-date: /home/misaka/fishbot/install/nav2_msgs/include/nav2_msgs/nav2_msgs/action/detail/smooth_path__functions.c
[7.877s] -- Up-to-date: /home/misaka/fishbot/install/nav2_msgs/include/nav2_msgs/nav2_msgs/action/detail/navigate_to_pose__functions.h
[7.877s] -- Up-to-date: /home/misaka/fishbot/install/nav2_msgs/include/nav2_msgs/nav2_msgs/action/detail/follow_waypoints__functions.c
[7.877s] -- Up-to-date: /home/misaka/fishbot/install/nav2_msgs/include/nav2_msgs/nav2_msgs/action/detail/compute_path_to_pose__functions.h
[7.878s] -- Up-to-date: /home/misaka/fishbot/install/nav2_msgs/include/nav2_msgs/nav2_msgs/action/detail/follow_waypoints__functions.h
[7.878s] -- Up-to-date: /home/misaka/fishbot/install/nav2_msgs/include/nav2_msgs/nav2_msgs/action/detail/drive_on_heading__struct.h
[7.878s] -- Up-to-date: /home/misaka/fishbot/install/nav2_msgs/include/nav2_msgs/nav2_msgs/action/detail/back_up__type_support.h
[7.878s] -- Up-to-date: /home/misaka/fishbot/install/nav2_msgs/include/nav2_msgs/nav2_msgs/action/detail/spin__functions.h
[7.879s] -- Up-to-date: /home/misaka/fishbot/install/nav2_msgs/include/nav2_msgs/nav2_msgs/action/detail/wait__functions.h
[7.879s] -- Up-to-date: /home/misaka/fishbot/install/nav2_msgs/include/nav2_msgs/nav2_msgs/action/detail/drive_on_heading__functions.c
[7.880s] -- Up-to-date: /home/misaka/fishbot/install/nav2_msgs/include/nav2_msgs/nav2_msgs/action/detail/compute_path_through_poses__type_support.h
[7.880s] -- Up-to-date: /home/misaka/fishbot/install/nav2_msgs/include/nav2_msgs/nav2_msgs/action/detail/smooth_path__type_support.h
[7.880s] -- Up-to-date: /home/misaka/fishbot/install/nav2_msgs/include/nav2_msgs/nav2_msgs/action/detail/compute_path_to_pose__struct.h
[7.880s] -- Up-to-date: /home/misaka/fishbot/install/nav2_msgs/include/nav2_msgs/nav2_msgs/action/detail/assisted_teleop__struct.h
[7.880s] -- Up-to-date: /home/misaka/fishbot/install/nav2_msgs/include/nav2_msgs/nav2_msgs/action/detail/navigate_through_poses__struct.h
[7.881s] -- Up-to-date: /home/misaka/fishbot/install/nav2_msgs/include/nav2_msgs/nav2_msgs/action/detail/navigate_through_poses__functions.c
[7.881s] -- Up-to-date: /home/misaka/fishbot/install/nav2_msgs/include/nav2_msgs/nav2_msgs/action/detail/compute_path_through_poses__struct.h
[7.881s] -- Up-to-date: /home/misaka/fishbot/install/nav2_msgs/include/nav2_msgs/nav2_msgs/action/detail/dummy_behavior__functions.h
[7.881s] -- Up-to-date: /home/misaka/fishbot/install/nav2_msgs/include/nav2_msgs/nav2_msgs/action/drive_on_heading.h
[7.881s] -- Up-to-date: /home/misaka/fishbot/install/nav2_msgs/include/nav2_msgs/nav2_msgs/action/compute_path_to_pose.h
[7.882s] -- Up-to-date: /home/misaka/fishbot/install/nav2_msgs/include/nav2_msgs/nav2_msgs/action/navigate_through_poses.h
[7.882s] -- Up-to-date: /home/misaka/fishbot/install/nav2_msgs/include/nav2_msgs/nav2_msgs/action/assisted_teleop.h
[7.883s] -- Up-to-date: /home/misaka/fishbot/install/nav2_msgs/include/nav2_msgs/nav2_msgs/action/follow_path.h
[7.884s] -- Up-to-date: /home/misaka/fishbot/install/nav2_msgs/include/nav2_msgs/nav2_msgs/msg
[7.885s] -- Up-to-date: /home/misaka/fishbot/install/nav2_msgs/include/nav2_msgs/nav2_msgs/msg/particle_cloud.h
[7.886s] -- Up-to-date: /home/misaka/fishbot/install/nav2_msgs/include/nav2_msgs/nav2_msgs/msg/voxel_grid.h
[7.887s] -- Up-to-date: /home/misaka/fishbot/install/nav2_msgs/include/nav2_msgs/nav2_msgs/msg/behavior_tree_status_change.h
[7.887s] -- Up-to-date: /home/misaka/fishbot/install/nav2_msgs/include/nav2_msgs/nav2_msgs/msg/rosidl_generator_c__visibility_control.h
[7.887s] -- Up-to-date: /home/misaka/fishbot/install/nav2_msgs/include/nav2_msgs/nav2_msgs/msg/costmap_filter_info.h
[7.887s] -- Up-to-date: /home/misaka/fishbot/install/nav2_msgs/include/nav2_msgs/nav2_msgs/msg/detail
[7.887s] -- Up-to-date: /home/misaka/fishbot/install/nav2_msgs/include/nav2_msgs/nav2_msgs/msg/detail/particle_cloud__functions.c
[7.887s] -- Up-to-date: /home/misaka/fishbot/install/nav2_msgs/include/nav2_msgs/nav2_msgs/msg/detail/costmap_filter_info__type_support.h
[7.887s] -- Up-to-date: /home/misaka/fishbot/install/nav2_msgs/include/nav2_msgs/nav2_msgs/msg/detail/particle_cloud__struct.h
[7.888s] -- Up-to-date: /home/misaka/fishbot/install/nav2_msgs/include/nav2_msgs/nav2_msgs/msg/detail/speed_limit__functions.h
[7.888s] -- Up-to-date: /home/misaka/fishbot/install/nav2_msgs/include/nav2_msgs/nav2_msgs/msg/detail/particle_cloud__functions.h
[7.888s] -- Up-to-date: /home/misaka/fishbot/install/nav2_msgs/include/nav2_msgs/nav2_msgs/msg/detail/costmap__type_support.h
[7.888s] -- Up-to-date: /home/misaka/fishbot/install/nav2_msgs/include/nav2_msgs/nav2_msgs/msg/detail/voxel_grid__struct.h
[7.888s] -- Up-to-date: /home/misaka/fishbot/install/nav2_msgs/include/nav2_msgs/nav2_msgs/msg/detail/particle_cloud__type_support.h
[7.888s] -- Up-to-date: /home/misaka/fishbot/install/nav2_msgs/include/nav2_msgs/nav2_msgs/msg/detail/costmap_meta_data__functions.c
[7.889s] -- Up-to-date: /home/misaka/fishbot/install/nav2_msgs/include/nav2_msgs/nav2_msgs/msg/detail/behavior_tree_status_change__struct.h
[7.889s] -- Up-to-date: /home/misaka/fishbot/install/nav2_msgs/include/nav2_msgs/nav2_msgs/msg/detail/behavior_tree_status_change__functions.h
[7.889s] -- Up-to-date: /home/misaka/fishbot/install/nav2_msgs/include/nav2_msgs/nav2_msgs/msg/detail/particle__functions.h
[7.889s] -- Up-to-date: /home/misaka/fishbot/install/nav2_msgs/include/nav2_msgs/nav2_msgs/msg/detail/speed_limit__functions.c
[7.889s] -- Up-to-date: /home/misaka/fishbot/install/nav2_msgs/include/nav2_msgs/nav2_msgs/msg/detail/costmap_filter_info__functions.h
[7.889s] -- Up-to-date: /home/misaka/fishbot/install/nav2_msgs/include/nav2_msgs/nav2_msgs/msg/detail/costmap__functions.h
[7.890s] -- Up-to-date: /home/misaka/fishbot/install/nav2_msgs/include/nav2_msgs/nav2_msgs/msg/detail/costmap_filter_info__functions.c
[7.890s] -- Up-to-date: /home/misaka/fishbot/install/nav2_msgs/include/nav2_msgs/nav2_msgs/msg/detail/voxel_grid__functions.c
[7.890s] -- Up-to-date: /home/misaka/fishbot/install/nav2_msgs/include/nav2_msgs/nav2_msgs/msg/detail/voxel_grid__functions.h
[7.891s] -- Up-to-date: /home/misaka/fishbot/install/nav2_msgs/include/nav2_msgs/nav2_msgs/msg/detail/costmap_meta_data__struct.h
[7.891s] -- Up-to-date: /home/misaka/fishbot/install/nav2_msgs/include/nav2_msgs/nav2_msgs/msg/detail/behavior_tree_log__type_support.h
[7.891s] -- Up-to-date: /home/misaka/fishbot/install/nav2_msgs/include/nav2_msgs/nav2_msgs/msg/detail/particle__functions.c
[7.891s] -- Up-to-date: /home/misaka/fishbot/install/nav2_msgs/include/nav2_msgs/nav2_msgs/msg/detail/particle__struct.h
[7.891s] -- Up-to-date: /home/misaka/fishbot/install/nav2_msgs/include/nav2_msgs/nav2_msgs/msg/detail/speed_limit__type_support.h
[7.891s] -- Up-to-date: /home/misaka/fishbot/install/nav2_msgs/include/nav2_msgs/nav2_msgs/msg/detail/behavior_tree_log__functions.h
[7.892s] -- Up-to-date: /home/misaka/fishbot/install/nav2_msgs/include/nav2_msgs/nav2_msgs/msg/detail/behavior_tree_log__functions.c
[7.892s] -- Up-to-date: /home/misaka/fishbot/install/nav2_msgs/include/nav2_msgs/nav2_msgs/msg/detail/costmap__struct.h
[7.892s] -- Up-to-date: /home/misaka/fishbot/install/nav2_msgs/include/nav2_msgs/nav2_msgs/msg/detail/behavior_tree_status_change__type_support.h
[7.893s] -- Up-to-date: /home/misaka/fishbot/install/nav2_msgs/include/nav2_msgs/nav2_msgs/msg/detail/costmap_filter_info__struct.h
[7.893s] -- Up-to-date: /home/misaka/fishbot/install/nav2_msgs/include/nav2_msgs/nav2_msgs/msg/detail/voxel_grid__type_support.h
[7.893s] -- Up-to-date: /home/misaka/fishbot/install/nav2_msgs/include/nav2_msgs/nav2_msgs/msg/detail/behavior_tree_log__struct.h
[7.893s] -- Up-to-date: /home/misaka/fishbot/install/nav2_msgs/include/nav2_msgs/nav2_msgs/msg/detail/speed_limit__struct.h
[7.893s] -- Up-to-date: /home/misaka/fishbot/install/nav2_msgs/include/nav2_msgs/nav2_msgs/msg/detail/behavior_tree_status_change__functions.c
[7.894s] -- Up-to-date: /home/misaka/fishbot/install/nav2_msgs/include/nav2_msgs/nav2_msgs/msg/detail/costmap_meta_data__functions.h
[7.894s] -- Up-to-date: /home/misaka/fishbot/install/nav2_msgs/include/nav2_msgs/nav2_msgs/msg/detail/costmap__functions.c
[7.894s] -- Up-to-date: /home/misaka/fishbot/install/nav2_msgs/include/nav2_msgs/nav2_msgs/msg/detail/costmap_meta_data__type_support.h
[7.895s] -- Up-to-date: /home/misaka/fishbot/install/nav2_msgs/include/nav2_msgs/nav2_msgs/msg/detail/particle__type_support.h
[7.896s] -- Up-to-date: /home/misaka/fishbot/install/nav2_msgs/include/nav2_msgs/nav2_msgs/msg/speed_limit.h
[7.897s] -- Up-to-date: /home/misaka/fishbot/install/nav2_msgs/include/nav2_msgs/nav2_msgs/msg/particle.h
[7.898s] -- Up-to-date: /home/misaka/fishbot/install/nav2_msgs/include/nav2_msgs/nav2_msgs/msg/costmap.h
[7.899s] -- Up-to-date: /home/misaka/fishbot/install/nav2_msgs/include/nav2_msgs/nav2_msgs/msg/costmap_meta_data.h
[7.899s] -- Up-to-date: /home/misaka/fishbot/install/nav2_msgs/include/nav2_msgs/nav2_msgs/msg/behavior_tree_log.h
[7.900s] -- Up-to-date: /home/misaka/fishbot/install/nav2_msgs/share/nav2_msgs/environment/library_path.sh
[7.901s] -- Up-to-date: /home/misaka/fishbot/install/nav2_msgs/share/nav2_msgs/environment/library_path.dsv
[7.901s] -- Up-to-date: /home/misaka/fishbot/install/nav2_msgs/lib/libnav2_msgs__rosidl_generator_c.so
[7.901s] -- Up-to-date: /home/misaka/fishbot/install/nav2_msgs/include/nav2_msgs/nav2_msgs
[7.902s] -- Up-to-date: /home/misaka/fishbot/install/nav2_msgs/include/nav2_msgs/nav2_msgs/srv
[7.903s] -- Up-to-date: /home/misaka/fishbot/install/nav2_msgs/include/nav2_msgs/nav2_msgs/srv/detail
[7.903s] -- Up-to-date: /home/misaka/fishbot/install/nav2_msgs/include/nav2_msgs/nav2_msgs/srv/detail/clear_entire_costmap__rosidl_typesupport_fastrtps_c.h
[7.904s] -- Up-to-date: /home/misaka/fishbot/install/nav2_msgs/include/nav2_msgs/nav2_msgs/srv/detail/get_costmap__rosidl_typesupport_fastrtps_c.h
[7.904s] -- Up-to-date: /home/misaka/fishbot/install/nav2_msgs/include/nav2_msgs/nav2_msgs/srv/detail/save_map__rosidl_typesupport_fastrtps_c.h
[7.905s] -- Up-to-date: /home/misaka/fishbot/install/nav2_msgs/include/nav2_msgs/nav2_msgs/srv/detail/is_path_valid__rosidl_typesupport_fastrtps_c.h
[7.905s] -- Up-to-date: /home/misaka/fishbot/install/nav2_msgs/include/nav2_msgs/nav2_msgs/srv/detail/load_map__rosidl_typesupport_fastrtps_c.h
[7.906s] -- Up-to-date: /home/misaka/fishbot/install/nav2_msgs/include/nav2_msgs/nav2_msgs/srv/detail/clear_costmap_except_region__rosidl_typesupport_fastrtps_c.h
[7.907s] -- Up-to-date: /home/misaka/fishbot/install/nav2_msgs/include/nav2_msgs/nav2_msgs/srv/detail/clear_costmap_around_robot__rosidl_typesupport_fastrtps_c.h
[7.907s] -- Up-to-date: /home/misaka/fishbot/install/nav2_msgs/include/nav2_msgs/nav2_msgs/srv/detail/manage_lifecycle_nodes__rosidl_typesupport_fastrtps_c.h
[7.907s] -- Up-to-date: /home/misaka/fishbot/install/nav2_msgs/include/nav2_msgs/nav2_msgs/action
[7.907s] -- Up-to-date: /home/misaka/fishbot/install/nav2_msgs/include/nav2_msgs/nav2_msgs/action/detail
[7.908s] -- Up-to-date: /home/misaka/fishbot/install/nav2_msgs/include/nav2_msgs/nav2_msgs/action/detail/navigate_through_poses__rosidl_typesupport_fastrtps_c.h
[7.908s] -- Up-to-date: /home/misaka/fishbot/install/nav2_msgs/include/nav2_msgs/nav2_msgs/action/detail/compute_path_to_pose__rosidl_typesupport_fastrtps_c.h
[7.908s] -- Up-to-date: /home/misaka/fishbot/install/nav2_msgs/include/nav2_msgs/nav2_msgs/action/detail/assisted_teleop__rosidl_typesupport_fastrtps_c.h
[7.908s] -- Up-to-date: /home/misaka/fishbot/install/nav2_msgs/include/nav2_msgs/nav2_msgs/action/detail/wait__rosidl_typesupport_fastrtps_c.h
[7.909s] -- Up-to-date: /home/misaka/fishbot/install/nav2_msgs/include/nav2_msgs/nav2_msgs/action/detail/compute_path_through_poses__rosidl_typesupport_fastrtps_c.h
[7.909s] -- Up-to-date: /home/misaka/fishbot/install/nav2_msgs/include/nav2_msgs/nav2_msgs/action/detail/navigate_to_pose__rosidl_typesupport_fastrtps_c.h
[7.909s] -- Up-to-date: /home/misaka/fishbot/install/nav2_msgs/include/nav2_msgs/nav2_msgs/action/detail/follow_path__rosidl_typesupport_fastrtps_c.h
[7.909s] -- Up-to-date: /home/misaka/fishbot/install/nav2_msgs/include/nav2_msgs/nav2_msgs/action/detail/spin__rosidl_typesupport_fastrtps_c.h
[7.909s] -- Up-to-date: /home/misaka/fishbot/install/nav2_msgs/include/nav2_msgs/nav2_msgs/action/detail/drive_on_heading__rosidl_typesupport_fastrtps_c.h
[7.909s] -- Up-to-date: /home/misaka/fishbot/install/nav2_msgs/include/nav2_msgs/nav2_msgs/action/detail/smooth_path__rosidl_typesupport_fastrtps_c.h
[7.910s] -- Up-to-date: /home/misaka/fishbot/install/nav2_msgs/include/nav2_msgs/nav2_msgs/action/detail/follow_waypoints__rosidl_typesupport_fastrtps_c.h
[7.910s] -- Up-to-date: /home/misaka/fishbot/install/nav2_msgs/include/nav2_msgs/nav2_msgs/action/detail/back_up__rosidl_typesupport_fastrtps_c.h
[7.910s] -- Up-to-date: /home/misaka/fishbot/install/nav2_msgs/include/nav2_msgs/nav2_msgs/action/detail/dummy_behavior__rosidl_typesupport_fastrtps_c.h
[7.910s] -- Up-to-date: /home/misaka/fishbot/install/nav2_msgs/include/nav2_msgs/nav2_msgs/msg
[7.911s] -- Up-to-date: /home/misaka/fishbot/install/nav2_msgs/include/nav2_msgs/nav2_msgs/msg/rosidl_typesupport_fastrtps_c__visibility_control.h
[7.911s] -- Up-to-date: /home/misaka/fishbot/install/nav2_msgs/include/nav2_msgs/nav2_msgs/msg/detail
[7.912s] -- Up-to-date: /home/misaka/fishbot/install/nav2_msgs/include/nav2_msgs/nav2_msgs/msg/detail/particle_cloud__rosidl_typesupport_fastrtps_c.h
[7.912s] -- Up-to-date: /home/misaka/fishbot/install/nav2_msgs/include/nav2_msgs/nav2_msgs/msg/detail/costmap_meta_data__rosidl_typesupport_fastrtps_c.h
[7.912s] -- Up-to-date: /home/misaka/fishbot/install/nav2_msgs/include/nav2_msgs/nav2_msgs/msg/detail/speed_limit__rosidl_typesupport_fastrtps_c.h
[7.912s] -- Up-to-date: /home/misaka/fishbot/install/nav2_msgs/include/nav2_msgs/nav2_msgs/msg/detail/behavior_tree_log__rosidl_typesupport_fastrtps_c.h
[7.912s] -- Up-to-date: /home/misaka/fishbot/install/nav2_msgs/include/nav2_msgs/nav2_msgs/msg/detail/costmap__rosidl_typesupport_fastrtps_c.h
[7.912s] -- Up-to-date: /home/misaka/fishbot/install/nav2_msgs/include/nav2_msgs/nav2_msgs/msg/detail/behavior_tree_status_change__rosidl_typesupport_fastrtps_c.h
[7.912s] -- Up-to-date: /home/misaka/fishbot/install/nav2_msgs/include/nav2_msgs/nav2_msgs/msg/detail/particle__rosidl_typesupport_fastrtps_c.h
[7.913s] -- Up-to-date: /home/misaka/fishbot/install/nav2_msgs/include/nav2_msgs/nav2_msgs/msg/detail/voxel_grid__rosidl_typesupport_fastrtps_c.h
[7.913s] -- Up-to-date: /home/misaka/fishbot/install/nav2_msgs/include/nav2_msgs/nav2_msgs/msg/detail/costmap_filter_info__rosidl_typesupport_fastrtps_c.h
[7.913s] -- Up-to-date: /home/misaka/fishbot/install/nav2_msgs/lib/libnav2_msgs__rosidl_typesupport_fastrtps_c.so
[7.913s] -- Up-to-date: /home/misaka/fishbot/install/nav2_msgs/include/nav2_msgs/nav2_msgs
[7.913s] -- Up-to-date: /home/misaka/fishbot/install/nav2_msgs/include/nav2_msgs/nav2_msgs/srv
[7.914s] -- Up-to-date: /home/misaka/fishbot/install/nav2_msgs/include/nav2_msgs/nav2_msgs/srv/clear_entire_costmap.hpp
[7.915s] -- Up-to-date: /home/misaka/fishbot/install/nav2_msgs/include/nav2_msgs/nav2_msgs/srv/save_map.hpp
[7.915s] -- Up-to-date: /home/misaka/fishbot/install/nav2_msgs/include/nav2_msgs/nav2_msgs/srv/get_costmap.hpp
[7.916s] -- Up-to-date: /home/misaka/fishbot/install/nav2_msgs/include/nav2_msgs/nav2_msgs/srv/clear_costmap_around_robot.hpp
[7.916s] -- Up-to-date: /home/misaka/fishbot/install/nav2_msgs/include/nav2_msgs/nav2_msgs/srv/detail
[7.918s] -- Up-to-date: /home/misaka/fishbot/install/nav2_msgs/include/nav2_msgs/nav2_msgs/srv/detail/clear_entire_costmap__struct.hpp
[7.919s] -- Up-to-date: /home/misaka/fishbot/install/nav2_msgs/include/nav2_msgs/nav2_msgs/srv/detail/clear_costmap_except_region__struct.hpp
[7.919s] -- Up-to-date: /home/misaka/fishbot/install/nav2_msgs/include/nav2_msgs/nav2_msgs/srv/detail/save_map__struct.hpp
[7.920s] -- Up-to-date: /home/misaka/fishbot/install/nav2_msgs/include/nav2_msgs/nav2_msgs/srv/detail/load_map__struct.hpp
[7.921s] -- Up-to-date: /home/misaka/fishbot/install/nav2_msgs/include/nav2_msgs/nav2_msgs/srv/detail/save_map__traits.hpp
[7.921s] -- Up-to-date: /home/misaka/fishbot/install/nav2_msgs/include/nav2_msgs/nav2_msgs/srv/detail/manage_lifecycle_nodes__builder.hpp
[7.922s] -- Up-to-date: /home/misaka/fishbot/install/nav2_msgs/include/nav2_msgs/nav2_msgs/srv/detail/get_costmap__traits.hpp
[7.923s] -- Up-to-date: /home/misaka/fishbot/install/nav2_msgs/include/nav2_msgs/nav2_msgs/srv/detail/load_map__builder.hpp
[7.923s] -- Up-to-date: /home/misaka/fishbot/install/nav2_msgs/include/nav2_msgs/nav2_msgs/srv/detail/load_map__traits.hpp
[7.924s] -- Up-to-date: /home/misaka/fishbot/install/nav2_msgs/include/nav2_msgs/nav2_msgs/srv/detail/is_path_valid__traits.hpp
[7.924s] -- Up-to-date: /home/misaka/fishbot/install/nav2_msgs/include/nav2_msgs/nav2_msgs/srv/detail/get_costmap__struct.hpp
[7.924s] -- Up-to-date: /home/misaka/fishbot/install/nav2_msgs/include/nav2_msgs/nav2_msgs/srv/detail/clear_costmap_around_robot__builder.hpp
[7.925s] -- Up-to-date: /home/misaka/fishbot/install/nav2_msgs/include/nav2_msgs/nav2_msgs/srv/detail/manage_lifecycle_nodes__traits.hpp
[7.925s] -- Up-to-date: /home/misaka/fishbot/install/nav2_msgs/include/nav2_msgs/nav2_msgs/srv/detail/save_map__builder.hpp
[7.925s] -- Up-to-date: /home/misaka/fishbot/install/nav2_msgs/include/nav2_msgs/nav2_msgs/srv/detail/clear_entire_costmap__traits.hpp
[7.925s] -- Up-to-date: /home/misaka/fishbot/install/nav2_msgs/include/nav2_msgs/nav2_msgs/srv/detail/clear_costmap_around_robot__struct.hpp
[7.925s] -- Up-to-date: /home/misaka/fishbot/install/nav2_msgs/include/nav2_msgs/nav2_msgs/srv/detail/clear_costmap_except_region__builder.hpp
[7.926s] -- Up-to-date: /home/misaka/fishbot/install/nav2_msgs/include/nav2_msgs/nav2_msgs/srv/detail/clear_costmap_except_region__traits.hpp
[7.926s] -- Up-to-date: /home/misaka/fishbot/install/nav2_msgs/include/nav2_msgs/nav2_msgs/srv/detail/clear_costmap_around_robot__traits.hpp
[7.926s] -- Up-to-date: /home/misaka/fishbot/install/nav2_msgs/include/nav2_msgs/nav2_msgs/srv/detail/clear_entire_costmap__builder.hpp
[7.926s] -- Up-to-date: /home/misaka/fishbot/install/nav2_msgs/include/nav2_msgs/nav2_msgs/srv/detail/get_costmap__builder.hpp
[7.926s] -- Up-to-date: /home/misaka/fishbot/install/nav2_msgs/include/nav2_msgs/nav2_msgs/srv/detail/is_path_valid__builder.hpp
[7.926s] -- Up-to-date: /home/misaka/fishbot/install/nav2_msgs/include/nav2_msgs/nav2_msgs/srv/detail/manage_lifecycle_nodes__struct.hpp
[7.926s] -- Up-to-date: /home/misaka/fishbot/install/nav2_msgs/include/nav2_msgs/nav2_msgs/srv/detail/is_path_valid__struct.hpp
[7.927s] -- Up-to-date: /home/misaka/fishbot/install/nav2_msgs/include/nav2_msgs/nav2_msgs/srv/is_path_valid.hpp
[7.927s] -- Up-to-date: /home/misaka/fishbot/install/nav2_msgs/include/nav2_msgs/nav2_msgs/srv/clear_costmap_except_region.hpp
[7.927s] -- Up-to-date: /home/misaka/fishbot/install/nav2_msgs/include/nav2_msgs/nav2_msgs/srv/manage_lifecycle_nodes.hpp
[7.927s] -- Up-to-date: /home/misaka/fishbot/install/nav2_msgs/include/nav2_msgs/nav2_msgs/srv/load_map.hpp
[7.928s] -- Up-to-date: /home/misaka/fishbot/install/nav2_msgs/include/nav2_msgs/nav2_msgs/action
[7.928s] -- Up-to-date: /home/misaka/fishbot/install/nav2_msgs/include/nav2_msgs/nav2_msgs/action/wait.hpp
[7.929s] -- Up-to-date: /home/misaka/fishbot/install/nav2_msgs/include/nav2_msgs/nav2_msgs/action/assisted_teleop.hpp
[7.929s] -- Up-to-date: /home/misaka/fishbot/install/nav2_msgs/include/nav2_msgs/nav2_msgs/action/compute_path_through_poses.hpp
[7.929s] -- Up-to-date: /home/misaka/fishbot/install/nav2_msgs/include/nav2_msgs/nav2_msgs/action/compute_path_to_pose.hpp
[7.929s] -- Up-to-date: /home/misaka/fishbot/install/nav2_msgs/include/nav2_msgs/nav2_msgs/action/follow_path.hpp
[7.930s] -- Up-to-date: /home/misaka/fishbot/install/nav2_msgs/include/nav2_msgs/nav2_msgs/action/back_up.hpp
[7.930s] -- Up-to-date: /home/misaka/fishbot/install/nav2_msgs/include/nav2_msgs/nav2_msgs/action/drive_on_heading.hpp
[7.930s] -- Up-to-date: /home/misaka/fishbot/install/nav2_msgs/include/nav2_msgs/nav2_msgs/action/detail
[7.930s] -- Up-to-date: /home/misaka/fishbot/install/nav2_msgs/include/nav2_msgs/nav2_msgs/action/detail/spin__traits.hpp
[7.930s] -- Up-to-date: /home/misaka/fishbot/install/nav2_msgs/include/nav2_msgs/nav2_msgs/action/detail/navigate_to_pose__struct.hpp
[7.930s] -- Up-to-date: /home/misaka/fishbot/install/nav2_msgs/include/nav2_msgs/nav2_msgs/action/detail/assisted_teleop__traits.hpp
[7.930s] -- Up-to-date: /home/misaka/fishbot/install/nav2_msgs/include/nav2_msgs/nav2_msgs/action/detail/navigate_through_poses__builder.hpp
[7.931s] -- Up-to-date: /home/misaka/fishbot/install/nav2_msgs/include/nav2_msgs/nav2_msgs/action/detail/drive_on_heading__traits.hpp
[7.931s] -- Up-to-date: /home/misaka/fishbot/install/nav2_msgs/include/nav2_msgs/nav2_msgs/action/detail/follow_waypoints__struct.hpp
[7.931s] -- Up-to-date: /home/misaka/fishbot/install/nav2_msgs/include/nav2_msgs/nav2_msgs/action/detail/drive_on_heading__builder.hpp
[7.931s] -- Up-to-date: /home/misaka/fishbot/install/nav2_msgs/include/nav2_msgs/nav2_msgs/action/detail/compute_path_to_pose__struct.hpp
[7.931s] -- Up-to-date: /home/misaka/fishbot/install/nav2_msgs/include/nav2_msgs/nav2_msgs/action/detail/compute_path_to_pose__builder.hpp
[7.931s] -- Up-to-date: /home/misaka/fishbot/install/nav2_msgs/include/nav2_msgs/nav2_msgs/action/detail/drive_on_heading__struct.hpp
[7.932s] -- Up-to-date: /home/misaka/fishbot/install/nav2_msgs/include/nav2_msgs/nav2_msgs/action/detail/navigate_through_poses__traits.hpp
[7.932s] -- Up-to-date: /home/misaka/fishbot/install/nav2_msgs/include/nav2_msgs/nav2_msgs/action/detail/follow_path__builder.hpp
[7.932s] -- Up-to-date: /home/misaka/fishbot/install/nav2_msgs/include/nav2_msgs/nav2_msgs/action/detail/navigate_to_pose__builder.hpp
[7.933s] -- Up-to-date: /home/misaka/fishbot/install/nav2_msgs/include/nav2_msgs/nav2_msgs/action/detail/smooth_path__traits.hpp
[7.933s] -- Up-to-date: /home/misaka/fishbot/install/nav2_msgs/include/nav2_msgs/nav2_msgs/action/detail/spin__builder.hpp
[7.933s] -- Up-to-date: /home/misaka/fishbot/install/nav2_msgs/include/nav2_msgs/nav2_msgs/action/detail/navigate_through_poses__struct.hpp
[7.934s] -- Up-to-date: /home/misaka/fishbot/install/nav2_msgs/include/nav2_msgs/nav2_msgs/action/detail/assisted_teleop__builder.hpp
[7.935s] -- Up-to-date: /home/misaka/fishbot/install/nav2_msgs/include/nav2_msgs/nav2_msgs/action/detail/wait__struct.hpp
[7.937s] -- Up-to-date: /home/misaka/fishbot/install/nav2_msgs/include/nav2_msgs/nav2_msgs/action/detail/back_up__builder.hpp
[7.937s] -- Up-to-date: /home/misaka/fishbot/install/nav2_msgs/include/nav2_msgs/nav2_msgs/action/detail/back_up__traits.hpp
[7.938s] -- Up-to-date: /home/misaka/fishbot/install/nav2_msgs/include/nav2_msgs/nav2_msgs/action/detail/smooth_path__struct.hpp
[7.939s] -- Up-to-date: /home/misaka/fishbot/install/nav2_msgs/include/nav2_msgs/nav2_msgs/action/detail/dummy_behavior__struct.hpp
[7.939s] -- Up-to-date: /home/misaka/fishbot/install/nav2_msgs/include/nav2_msgs/nav2_msgs/action/detail/dummy_behavior__traits.hpp
[7.939s] -- Up-to-date: /home/misaka/fishbot/install/nav2_msgs/include/nav2_msgs/nav2_msgs/action/detail/assisted_teleop__struct.hpp
[7.940s] -- Up-to-date: /home/misaka/fishbot/install/nav2_msgs/include/nav2_msgs/nav2_msgs/action/detail/smooth_path__builder.hpp
[7.940s] -- Up-to-date: /home/misaka/fishbot/install/nav2_msgs/include/nav2_msgs/nav2_msgs/action/detail/spin__struct.hpp
[7.940s] -- Up-to-date: /home/misaka/fishbot/install/nav2_msgs/include/nav2_msgs/nav2_msgs/action/detail/follow_waypoints__traits.hpp
[7.941s] -- Up-to-date: /home/misaka/fishbot/install/nav2_msgs/include/nav2_msgs/nav2_msgs/action/detail/compute_path_through_poses__builder.hpp
[7.942s] -- Up-to-date: /home/misaka/fishbot/install/nav2_msgs/include/nav2_msgs/nav2_msgs/action/detail/compute_path_to_pose__traits.hpp
[7.943s] -- Up-to-date: /home/misaka/fishbot/install/nav2_msgs/include/nav2_msgs/nav2_msgs/action/detail/wait__traits.hpp
[7.945s] -- Up-to-date: /home/misaka/fishbot/install/nav2_msgs/include/nav2_msgs/nav2_msgs/action/detail/compute_path_through_poses__struct.hpp
[7.945s] -- Up-to-date: /home/misaka/fishbot/install/nav2_msgs/include/nav2_msgs/nav2_msgs/action/detail/wait__builder.hpp
[7.946s] -- Up-to-date: /home/misaka/fishbot/install/nav2_msgs/include/nav2_msgs/nav2_msgs/action/detail/follow_path__traits.hpp
[7.946s] -- Up-to-date: /home/misaka/fishbot/install/nav2_msgs/include/nav2_msgs/nav2_msgs/action/detail/follow_path__struct.hpp
[7.947s] -- Up-to-date: /home/misaka/fishbot/install/nav2_msgs/include/nav2_msgs/nav2_msgs/action/detail/dummy_behavior__builder.hpp
[7.947s] -- Up-to-date: /home/misaka/fishbot/install/nav2_msgs/include/nav2_msgs/nav2_msgs/action/detail/follow_waypoints__builder.hpp
[7.948s] -- Up-to-date: /home/misaka/fishbot/install/nav2_msgs/include/nav2_msgs/nav2_msgs/action/detail/back_up__struct.hpp
[7.948s] -- Up-to-date: /home/misaka/fishbot/install/nav2_msgs/include/nav2_msgs/nav2_msgs/action/detail/compute_path_through_poses__traits.hpp
[7.949s] -- Up-to-date: /home/misaka/fishbot/install/nav2_msgs/include/nav2_msgs/nav2_msgs/action/detail/navigate_to_pose__traits.hpp
[7.949s] -- Up-to-date: /home/misaka/fishbot/install/nav2_msgs/include/nav2_msgs/nav2_msgs/action/follow_waypoints.hpp
[7.950s] -- Up-to-date: /home/misaka/fishbot/install/nav2_msgs/include/nav2_msgs/nav2_msgs/action/smooth_path.hpp
[7.950s] -- Up-to-date: /home/misaka/fishbot/install/nav2_msgs/include/nav2_msgs/nav2_msgs/action/navigate_to_pose.hpp
[7.951s] -- Up-to-date: /home/misaka/fishbot/install/nav2_msgs/include/nav2_msgs/nav2_msgs/action/spin.hpp
[7.952s] -- Up-to-date: /home/misaka/fishbot/install/nav2_msgs/include/nav2_msgs/nav2_msgs/action/dummy_behavior.hpp
[7.952s] -- Up-to-date: /home/misaka/fishbot/install/nav2_msgs/include/nav2_msgs/nav2_msgs/action/navigate_through_poses.hpp
[7.952s] -- Up-to-date: /home/misaka/fishbot/install/nav2_msgs/include/nav2_msgs/nav2_msgs/msg
[7.953s] -- Up-to-date: /home/misaka/fishbot/install/nav2_msgs/include/nav2_msgs/nav2_msgs/msg/costmap.hpp
[7.953s] -- Up-to-date: /home/misaka/fishbot/install/nav2_msgs/include/nav2_msgs/nav2_msgs/msg/particle_cloud.hpp
[7.953s] -- Up-to-date: /home/misaka/fishbot/install/nav2_msgs/include/nav2_msgs/nav2_msgs/msg/voxel_grid.hpp
[7.954s] -- Up-to-date: /home/misaka/fishbot/install/nav2_msgs/include/nav2_msgs/nav2_msgs/msg/costmap_meta_data.hpp
[7.954s] -- Up-to-date: /home/misaka/fishbot/install/nav2_msgs/include/nav2_msgs/nav2_msgs/msg/behavior_tree_log.hpp
[7.954s] -- Up-to-date: /home/misaka/fishbot/install/nav2_msgs/include/nav2_msgs/nav2_msgs/msg/detail
[7.954s] -- Up-to-date: /home/misaka/fishbot/install/nav2_msgs/include/nav2_msgs/nav2_msgs/msg/detail/particle_cloud__builder.hpp
[7.955s] -- Up-to-date: /home/misaka/fishbot/install/nav2_msgs/include/nav2_msgs/nav2_msgs/msg/detail/behavior_tree_log__struct.hpp
[7.956s] -- Up-to-date: /home/misaka/fishbot/install/nav2_msgs/include/nav2_msgs/nav2_msgs/msg/detail/particle__traits.hpp
[7.956s] -- Up-to-date: /home/misaka/fishbot/install/nav2_msgs/include/nav2_msgs/nav2_msgs/msg/detail/particle_cloud__traits.hpp
[7.957s] -- Up-to-date: /home/misaka/fishbot/install/nav2_msgs/include/nav2_msgs/nav2_msgs/msg/detail/costmap_meta_data__traits.hpp
[7.957s] -- Up-to-date: /home/misaka/fishbot/install/nav2_msgs/include/nav2_msgs/nav2_msgs/msg/detail/costmap__struct.hpp
[7.957s] -- Up-to-date: /home/misaka/fishbot/install/nav2_msgs/include/nav2_msgs/nav2_msgs/msg/detail/costmap__builder.hpp
[7.958s] -- Up-to-date: /home/misaka/fishbot/install/nav2_msgs/include/nav2_msgs/nav2_msgs/msg/detail/particle_cloud__struct.hpp
[7.958s] -- Up-to-date: /home/misaka/fishbot/install/nav2_msgs/include/nav2_msgs/nav2_msgs/msg/detail/costmap_meta_data__builder.hpp
[7.958s] -- Up-to-date: /home/misaka/fishbot/install/nav2_msgs/include/nav2_msgs/nav2_msgs/msg/detail/costmap__traits.hpp
[7.958s] -- Up-to-date: /home/misaka/fishbot/install/nav2_msgs/include/nav2_msgs/nav2_msgs/msg/detail/behavior_tree_log__builder.hpp
[7.958s] -- Up-to-date: /home/misaka/fishbot/install/nav2_msgs/include/nav2_msgs/nav2_msgs/msg/detail/costmap_meta_data__struct.hpp
[7.958s] -- Up-to-date: /home/misaka/fishbot/install/nav2_msgs/include/nav2_msgs/nav2_msgs/msg/detail/behavior_tree_status_change__struct.hpp
[7.959s] -- Up-to-date: /home/misaka/fishbot/install/nav2_msgs/include/nav2_msgs/nav2_msgs/msg/detail/voxel_grid__traits.hpp
[7.959s] -- Up-to-date: /home/misaka/fishbot/install/nav2_msgs/include/nav2_msgs/nav2_msgs/msg/detail/speed_limit__struct.hpp
[7.959s] -- Up-to-date: /home/misaka/fishbot/install/nav2_msgs/include/nav2_msgs/nav2_msgs/msg/detail/behavior_tree_status_change__builder.hpp
[7.959s] -- Up-to-date: /home/misaka/fishbot/install/nav2_msgs/include/nav2_msgs/nav2_msgs/msg/detail/voxel_grid__struct.hpp
[7.960s] -- Up-to-date: /home/misaka/fishbot/install/nav2_msgs/include/nav2_msgs/nav2_msgs/msg/detail/costmap_filter_info__traits.hpp
[7.960s] -- Up-to-date: /home/misaka/fishbot/install/nav2_msgs/include/nav2_msgs/nav2_msgs/msg/detail/speed_limit__traits.hpp
[7.960s] -- Up-to-date: /home/misaka/fishbot/install/nav2_msgs/include/nav2_msgs/nav2_msgs/msg/detail/particle__builder.hpp
[7.960s] -- Up-to-date: /home/misaka/fishbot/install/nav2_msgs/include/nav2_msgs/nav2_msgs/msg/detail/costmap_filter_info__struct.hpp
[7.961s] -- Up-to-date: /home/misaka/fishbot/install/nav2_msgs/include/nav2_msgs/nav2_msgs/msg/detail/particle__struct.hpp
[7.961s] -- Up-to-date: /home/misaka/fishbot/install/nav2_msgs/include/nav2_msgs/nav2_msgs/msg/detail/behavior_tree_log__traits.hpp
[7.962s] -- Up-to-date: /home/misaka/fishbot/install/nav2_msgs/include/nav2_msgs/nav2_msgs/msg/detail/voxel_grid__builder.hpp
[7.962s] -- Up-to-date: /home/misaka/fishbot/install/nav2_msgs/include/nav2_msgs/nav2_msgs/msg/detail/costmap_filter_info__builder.hpp
[7.962s] -- Up-to-date: /home/misaka/fishbot/install/nav2_msgs/include/nav2_msgs/nav2_msgs/msg/detail/speed_limit__builder.hpp
[7.963s] -- Up-to-date: /home/misaka/fishbot/install/nav2_msgs/include/nav2_msgs/nav2_msgs/msg/detail/behavior_tree_status_change__traits.hpp
[7.963s] -- Up-to-date: /home/misaka/fishbot/install/nav2_msgs/include/nav2_msgs/nav2_msgs/msg/particle.hpp
[7.964s] -- Up-to-date: /home/misaka/fishbot/install/nav2_msgs/include/nav2_msgs/nav2_msgs/msg/costmap_filter_info.hpp
[7.964s] -- Up-to-date: /home/misaka/fishbot/install/nav2_msgs/include/nav2_msgs/nav2_msgs/msg/speed_limit.hpp
[7.964s] -- Up-to-date: /home/misaka/fishbot/install/nav2_msgs/include/nav2_msgs/nav2_msgs/msg/behavior_tree_status_change.hpp
[7.964s] -- Up-to-date: /home/misaka/fishbot/install/nav2_msgs/include/nav2_msgs/nav2_msgs
[7.964s] -- Up-to-date: /home/misaka/fishbot/install/nav2_msgs/include/nav2_msgs/nav2_msgs/srv
[7.965s] -- Up-to-date: /home/misaka/fishbot/install/nav2_msgs/include/nav2_msgs/nav2_msgs/srv/detail
[7.965s] -- Up-to-date: /home/misaka/fishbot/install/nav2_msgs/include/nav2_msgs/nav2_msgs/srv/detail/clear_entire_costmap__rosidl_typesupport_fastrtps_cpp.hpp
[7.965s] -- Up-to-date: /home/misaka/fishbot/install/nav2_msgs/include/nav2_msgs/nav2_msgs/srv/detail/dds_fastrtps
[7.965s] -- Up-to-date: /home/misaka/fishbot/install/nav2_msgs/include/nav2_msgs/nav2_msgs/srv/detail/get_costmap__rosidl_typesupport_fastrtps_cpp.hpp
[7.966s] -- Up-to-date: /home/misaka/fishbot/install/nav2_msgs/include/nav2_msgs/nav2_msgs/srv/detail/clear_costmap_around_robot__rosidl_typesupport_fastrtps_cpp.hpp
[7.966s] -- Up-to-date: /home/misaka/fishbot/install/nav2_msgs/include/nav2_msgs/nav2_msgs/srv/detail/load_map__rosidl_typesupport_fastrtps_cpp.hpp
[7.966s] -- Up-to-date: /home/misaka/fishbot/install/nav2_msgs/include/nav2_msgs/nav2_msgs/srv/detail/is_path_valid__rosidl_typesupport_fastrtps_cpp.hpp
[7.967s] -- Up-to-date: /home/misaka/fishbot/install/nav2_msgs/include/nav2_msgs/nav2_msgs/srv/detail/save_map__rosidl_typesupport_fastrtps_cpp.hpp
[7.968s] -- Up-to-date: /home/misaka/fishbot/install/nav2_msgs/include/nav2_msgs/nav2_msgs/srv/detail/clear_costmap_except_region__rosidl_typesupport_fastrtps_cpp.hpp
[7.968s] -- Up-to-date: /home/misaka/fishbot/install/nav2_msgs/include/nav2_msgs/nav2_msgs/srv/detail/manage_lifecycle_nodes__rosidl_typesupport_fastrtps_cpp.hpp
[7.968s] -- Up-to-date: /home/misaka/fishbot/install/nav2_msgs/include/nav2_msgs/nav2_msgs/action
[7.969s] -- Up-to-date: /home/misaka/fishbot/install/nav2_msgs/include/nav2_msgs/nav2_msgs/action/detail
[7.970s] -- Up-to-date: /home/misaka/fishbot/install/nav2_msgs/include/nav2_msgs/nav2_msgs/action/detail/assisted_teleop__rosidl_typesupport_fastrtps_cpp.hpp
[7.970s] -- Up-to-date: /home/misaka/fishbot/install/nav2_msgs/include/nav2_msgs/nav2_msgs/action/detail/compute_path_to_pose__rosidl_typesupport_fastrtps_cpp.hpp
[7.970s] -- Up-to-date: /home/misaka/fishbot/install/nav2_msgs/include/nav2_msgs/nav2_msgs/action/detail/navigate_to_pose__rosidl_typesupport_fastrtps_cpp.hpp
[7.970s] -- Up-to-date: /home/misaka/fishbot/install/nav2_msgs/include/nav2_msgs/nav2_msgs/action/detail/wait__rosidl_typesupport_fastrtps_cpp.hpp
[7.971s] -- Up-to-date: /home/misaka/fishbot/install/nav2_msgs/include/nav2_msgs/nav2_msgs/action/detail/drive_on_heading__rosidl_typesupport_fastrtps_cpp.hpp
[7.971s] -- Up-to-date: /home/misaka/fishbot/install/nav2_msgs/include/nav2_msgs/nav2_msgs/action/detail/back_up__rosidl_typesupport_fastrtps_cpp.hpp
[7.971s] -- Up-to-date: /home/misaka/fishbot/install/nav2_msgs/include/nav2_msgs/nav2_msgs/action/detail/navigate_through_poses__rosidl_typesupport_fastrtps_cpp.hpp
[7.971s] -- Up-to-date: /home/misaka/fishbot/install/nav2_msgs/include/nav2_msgs/nav2_msgs/action/detail/dds_fastrtps
[7.972s] -- Up-to-date: /home/misaka/fishbot/install/nav2_msgs/include/nav2_msgs/nav2_msgs/action/detail/smooth_path__rosidl_typesupport_fastrtps_cpp.hpp
[7.972s] -- Up-to-date: /home/misaka/fishbot/install/nav2_msgs/include/nav2_msgs/nav2_msgs/action/detail/spin__rosidl_typesupport_fastrtps_cpp.hpp
[7.972s] -- Up-to-date: /home/misaka/fishbot/install/nav2_msgs/include/nav2_msgs/nav2_msgs/action/detail/follow_path__rosidl_typesupport_fastrtps_cpp.hpp
[7.973s] -- Up-to-date: /home/misaka/fishbot/install/nav2_msgs/include/nav2_msgs/nav2_msgs/action/detail/dummy_behavior__rosidl_typesupport_fastrtps_cpp.hpp
[7.973s] -- Up-to-date: /home/misaka/fishbot/install/nav2_msgs/include/nav2_msgs/nav2_msgs/action/detail/compute_path_through_poses__rosidl_typesupport_fastrtps_cpp.hpp
[7.973s] -- Up-to-date: /home/misaka/fishbot/install/nav2_msgs/include/nav2_msgs/nav2_msgs/action/detail/follow_waypoints__rosidl_typesupport_fastrtps_cpp.hpp
[7.974s] -- Up-to-date: /home/misaka/fishbot/install/nav2_msgs/include/nav2_msgs/nav2_msgs/msg
[7.974s] -- Up-to-date: /home/misaka/fishbot/install/nav2_msgs/include/nav2_msgs/nav2_msgs/msg/detail
[7.975s] -- Up-to-date: /home/misaka/fishbot/install/nav2_msgs/include/nav2_msgs/nav2_msgs/msg/detail/behavior_tree_status_change__rosidl_typesupport_fastrtps_cpp.hpp
[7.975s] -- Up-to-date: /home/misaka/fishbot/install/nav2_msgs/include/nav2_msgs/nav2_msgs/msg/detail/costmap__rosidl_typesupport_fastrtps_cpp.hpp
[7.975s] -- Up-to-date: /home/misaka/fishbot/install/nav2_msgs/include/nav2_msgs/nav2_msgs/msg/detail/costmap_meta_data__rosidl_typesupport_fastrtps_cpp.hpp
[7.975s] -- Up-to-date: /home/misaka/fishbot/install/nav2_msgs/include/nav2_msgs/nav2_msgs/msg/detail/voxel_grid__rosidl_typesupport_fastrtps_cpp.hpp
[7.975s] -- Up-to-date: /home/misaka/fishbot/install/nav2_msgs/include/nav2_msgs/nav2_msgs/msg/detail/particle__rosidl_typesupport_fastrtps_cpp.hpp
[7.975s] -- Up-to-date: /home/misaka/fishbot/install/nav2_msgs/include/nav2_msgs/nav2_msgs/msg/detail/dds_fastrtps
[7.975s] -- Up-to-date: /home/misaka/fishbot/install/nav2_msgs/include/nav2_msgs/nav2_msgs/msg/detail/behavior_tree_log__rosidl_typesupport_fastrtps_cpp.hpp
[7.976s] -- Up-to-date: /home/misaka/fishbot/install/nav2_msgs/include/nav2_msgs/nav2_msgs/msg/detail/costmap_filter_info__rosidl_typesupport_fastrtps_cpp.hpp
[7.976s] -- Up-to-date: /home/misaka/fishbot/install/nav2_msgs/include/nav2_msgs/nav2_msgs/msg/detail/speed_limit__rosidl_typesupport_fastrtps_cpp.hpp
[7.976s] -- Up-to-date: /home/misaka/fishbot/install/nav2_msgs/include/nav2_msgs/nav2_msgs/msg/detail/particle_cloud__rosidl_typesupport_fastrtps_cpp.hpp
[7.976s] -- Up-to-date: /home/misaka/fishbot/install/nav2_msgs/include/nav2_msgs/nav2_msgs/msg/rosidl_typesupport_fastrtps_cpp__visibility_control.h
[7.976s] -- Up-to-date: /home/misaka/fishbot/install/nav2_msgs/lib/libnav2_msgs__rosidl_typesupport_fastrtps_cpp.so
[7.976s] -- Up-to-date: /home/misaka/fishbot/install/nav2_msgs/include/nav2_msgs/nav2_msgs
[7.977s] -- Up-to-date: /home/misaka/fishbot/install/nav2_msgs/include/nav2_msgs/nav2_msgs/srv
[7.977s] -- Up-to-date: /home/misaka/fishbot/install/nav2_msgs/include/nav2_msgs/nav2_msgs/srv/detail
[7.977s] -- Up-to-date: /home/misaka/fishbot/install/nav2_msgs/include/nav2_msgs/nav2_msgs/srv/detail/clear_entire_costmap__type_support.c
[7.977s] -- Up-to-date: /home/misaka/fishbot/install/nav2_msgs/include/nav2_msgs/nav2_msgs/srv/detail/clear_costmap_except_region__rosidl_typesupport_introspection_c.h
[7.977s] -- Up-to-date: /home/misaka/fishbot/install/nav2_msgs/include/nav2_msgs/nav2_msgs/srv/detail/clear_costmap_except_region__type_support.c
[7.977s] -- Up-to-date: /home/misaka/fishbot/install/nav2_msgs/include/nav2_msgs/nav2_msgs/srv/detail/manage_lifecycle_nodes__type_support.c
[7.978s] -- Up-to-date: /home/misaka/fishbot/install/nav2_msgs/include/nav2_msgs/nav2_msgs/srv/detail/save_map__rosidl_typesupport_introspection_c.h
[7.978s] -- Up-to-date: /home/misaka/fishbot/install/nav2_msgs/include/nav2_msgs/nav2_msgs/srv/detail/clear_entire_costmap__rosidl_typesupport_introspection_c.h
[7.978s] -- Up-to-date: /home/misaka/fishbot/install/nav2_msgs/include/nav2_msgs/nav2_msgs/srv/detail/load_map__rosidl_typesupport_introspection_c.h
[7.978s] -- Up-to-date: /home/misaka/fishbot/install/nav2_msgs/include/nav2_msgs/nav2_msgs/srv/detail/is_path_valid__rosidl_typesupport_introspection_c.h
[7.978s] -- Up-to-date: /home/misaka/fishbot/install/nav2_msgs/include/nav2_msgs/nav2_msgs/srv/detail/clear_costmap_around_robot__rosidl_typesupport_introspection_c.h
[7.978s] -- Up-to-date: /home/misaka/fishbot/install/nav2_msgs/include/nav2_msgs/nav2_msgs/srv/detail/get_costmap__type_support.c
[7.979s] -- Up-to-date: /home/misaka/fishbot/install/nav2_msgs/include/nav2_msgs/nav2_msgs/srv/detail/manage_lifecycle_nodes__rosidl_typesupport_introspection_c.h
[7.979s] -- Up-to-date: /home/misaka/fishbot/install/nav2_msgs/include/nav2_msgs/nav2_msgs/srv/detail/is_path_valid__type_support.c
[7.979s] -- Up-to-date: /home/misaka/fishbot/install/nav2_msgs/include/nav2_msgs/nav2_msgs/srv/detail/clear_costmap_around_robot__type_support.c
[7.979s] -- Up-to-date: /home/misaka/fishbot/install/nav2_msgs/include/nav2_msgs/nav2_msgs/srv/detail/get_costmap__rosidl_typesupport_introspection_c.h
[7.980s] -- Up-to-date: /home/misaka/fishbot/install/nav2_msgs/include/nav2_msgs/nav2_msgs/srv/detail/load_map__type_support.c
[7.980s] -- Up-to-date: /home/misaka/fishbot/install/nav2_msgs/include/nav2_msgs/nav2_msgs/srv/detail/save_map__type_support.c
[7.980s] -- Up-to-date: /home/misaka/fishbot/install/nav2_msgs/include/nav2_msgs/nav2_msgs/action
[7.981s] -- Up-to-date: /home/misaka/fishbot/install/nav2_msgs/include/nav2_msgs/nav2_msgs/action/detail
[7.981s] -- Up-to-date: /home/misaka/fishbot/install/nav2_msgs/include/nav2_msgs/nav2_msgs/action/detail/drive_on_heading__rosidl_typesupport_introspection_c.h
[7.981s] -- Up-to-date: /home/misaka/fishbot/install/nav2_msgs/include/nav2_msgs/nav2_msgs/action/detail/follow_waypoints__rosidl_typesupport_introspection_c.h
[7.982s] -- Up-to-date: /home/misaka/fishbot/install/nav2_msgs/include/nav2_msgs/nav2_msgs/action/detail/navigate_through_poses__rosidl_typesupport_introspection_c.h
[7.982s] -- Up-to-date: /home/misaka/fishbot/install/nav2_msgs/include/nav2_msgs/nav2_msgs/action/detail/assisted_teleop__rosidl_typesupport_introspection_c.h
[7.982s] -- Up-to-date: /home/misaka/fishbot/install/nav2_msgs/include/nav2_msgs/nav2_msgs/action/detail/drive_on_heading__type_support.c
[7.982s] -- Up-to-date: /home/misaka/fishbot/install/nav2_msgs/include/nav2_msgs/nav2_msgs/action/detail/dummy_behavior__type_support.c
[7.982s] -- Up-to-date: /home/misaka/fishbot/install/nav2_msgs/include/nav2_msgs/nav2_msgs/action/detail/compute_path_through_poses__type_support.c
[7.982s] -- Up-to-date: /home/misaka/fishbot/install/nav2_msgs/include/nav2_msgs/nav2_msgs/action/detail/wait__type_support.c
[7.983s] -- Up-to-date: /home/misaka/fishbot/install/nav2_msgs/include/nav2_msgs/nav2_msgs/action/detail/smooth_path__rosidl_typesupport_introspection_c.h
[7.983s] -- Up-to-date: /home/misaka/fishbot/install/nav2_msgs/include/nav2_msgs/nav2_msgs/action/detail/spin__type_support.c
[7.983s] -- Up-to-date: /home/misaka/fishbot/install/nav2_msgs/include/nav2_msgs/nav2_msgs/action/detail/wait__rosidl_typesupport_introspection_c.h
[7.983s] -- Up-to-date: /home/misaka/fishbot/install/nav2_msgs/include/nav2_msgs/nav2_msgs/action/detail/follow_path__rosidl_typesupport_introspection_c.h
[7.983s] -- Up-to-date: /home/misaka/fishbot/install/nav2_msgs/include/nav2_msgs/nav2_msgs/action/detail/compute_path_to_pose__type_support.c
[7.984s] -- Up-to-date: /home/misaka/fishbot/install/nav2_msgs/include/nav2_msgs/nav2_msgs/action/detail/navigate_through_poses__type_support.c
[7.984s] -- Up-to-date: /home/misaka/fishbot/install/nav2_msgs/include/nav2_msgs/nav2_msgs/action/detail/assisted_teleop__type_support.c
[7.984s] -- Up-to-date: /home/misaka/fishbot/install/nav2_msgs/include/nav2_msgs/nav2_msgs/action/detail/follow_waypoints__type_support.c
[7.985s] -- Up-to-date: /home/misaka/fishbot/install/nav2_msgs/include/nav2_msgs/nav2_msgs/action/detail/navigate_to_pose__rosidl_typesupport_introspection_c.h
[7.985s] -- Up-to-date: /home/misaka/fishbot/install/nav2_msgs/include/nav2_msgs/nav2_msgs/action/detail/spin__rosidl_typesupport_introspection_c.h
[7.985s] -- Up-to-date: /home/misaka/fishbot/install/nav2_msgs/include/nav2_msgs/nav2_msgs/action/detail/compute_path_to_pose__rosidl_typesupport_introspection_c.h
[7.986s] -- Up-to-date: /home/misaka/fishbot/install/nav2_msgs/include/nav2_msgs/nav2_msgs/action/detail/back_up__rosidl_typesupport_introspection_c.h
[7.986s] -- Up-to-date: /home/misaka/fishbot/install/nav2_msgs/include/nav2_msgs/nav2_msgs/action/detail/back_up__type_support.c
[7.986s] -- Up-to-date: /home/misaka/fishbot/install/nav2_msgs/include/nav2_msgs/nav2_msgs/action/detail/dummy_behavior__rosidl_typesupport_introspection_c.h
[7.986s] -- Up-to-date: /home/misaka/fishbot/install/nav2_msgs/include/nav2_msgs/nav2_msgs/action/detail/follow_path__type_support.c
[7.986s] -- Up-to-date: /home/misaka/fishbot/install/nav2_msgs/include/nav2_msgs/nav2_msgs/action/detail/smooth_path__type_support.c
[7.986s] -- Up-to-date: /home/misaka/fishbot/install/nav2_msgs/include/nav2_msgs/nav2_msgs/action/detail/navigate_to_pose__type_support.c
[7.986s] -- Up-to-date: /home/misaka/fishbot/install/nav2_msgs/include/nav2_msgs/nav2_msgs/action/detail/compute_path_through_poses__rosidl_typesupport_introspection_c.h
[7.986s] -- Up-to-date: /home/misaka/fishbot/install/nav2_msgs/include/nav2_msgs/nav2_msgs/msg
[7.987s] -- Up-to-date: /home/misaka/fishbot/install/nav2_msgs/include/nav2_msgs/nav2_msgs/msg/detail
[7.987s] -- Up-to-date: /home/misaka/fishbot/install/nav2_msgs/include/nav2_msgs/nav2_msgs/msg/detail/behavior_tree_log__type_support.c
[7.987s] -- Up-to-date: /home/misaka/fishbot/install/nav2_msgs/include/nav2_msgs/nav2_msgs/msg/detail/particle__rosidl_typesupport_introspection_c.h
[7.987s] -- Up-to-date: /home/misaka/fishbot/install/nav2_msgs/include/nav2_msgs/nav2_msgs/msg/detail/behavior_tree_status_change__type_support.c
[7.987s] -- Up-to-date: /home/misaka/fishbot/install/nav2_msgs/include/nav2_msgs/nav2_msgs/msg/detail/costmap_filter_info__rosidl_typesupport_introspection_c.h
[7.987s] -- Up-to-date: /home/misaka/fishbot/install/nav2_msgs/include/nav2_msgs/nav2_msgs/msg/detail/particle_cloud__type_support.c
[7.987s] -- Up-to-date: /home/misaka/fishbot/install/nav2_msgs/include/nav2_msgs/nav2_msgs/msg/detail/costmap__rosidl_typesupport_introspection_c.h
[7.988s] -- Up-to-date: /home/misaka/fishbot/install/nav2_msgs/include/nav2_msgs/nav2_msgs/msg/detail/behavior_tree_log__rosidl_typesupport_introspection_c.h
[7.988s] -- Up-to-date: /home/misaka/fishbot/install/nav2_msgs/include/nav2_msgs/nav2_msgs/msg/detail/voxel_grid__type_support.c
[7.988s] -- Up-to-date: /home/misaka/fishbot/install/nav2_msgs/include/nav2_msgs/nav2_msgs/msg/detail/costmap_meta_data__rosidl_typesupport_introspection_c.h
[7.988s] -- Up-to-date: /home/misaka/fishbot/install/nav2_msgs/include/nav2_msgs/nav2_msgs/msg/detail/costmap_filter_info__type_support.c
[7.988s] -- Up-to-date: /home/misaka/fishbot/install/nav2_msgs/include/nav2_msgs/nav2_msgs/msg/detail/voxel_grid__rosidl_typesupport_introspection_c.h
[7.988s] -- Up-to-date: /home/misaka/fishbot/install/nav2_msgs/include/nav2_msgs/nav2_msgs/msg/detail/costmap__type_support.c
[7.989s] -- Up-to-date: /home/misaka/fishbot/install/nav2_msgs/include/nav2_msgs/nav2_msgs/msg/detail/particle__type_support.c
[7.989s] -- Up-to-date: /home/misaka/fishbot/install/nav2_msgs/include/nav2_msgs/nav2_msgs/msg/detail/speed_limit__rosidl_typesupport_introspection_c.h
[7.989s] -- Up-to-date: /home/misaka/fishbot/install/nav2_msgs/include/nav2_msgs/nav2_msgs/msg/detail/speed_limit__type_support.c
[7.989s] -- Up-to-date: /home/misaka/fishbot/install/nav2_msgs/include/nav2_msgs/nav2_msgs/msg/detail/particle_cloud__rosidl_typesupport_introspection_c.h
[7.989s] -- Up-to-date: /home/misaka/fishbot/install/nav2_msgs/include/nav2_msgs/nav2_msgs/msg/detail/costmap_meta_data__type_support.c
[7.989s] -- Up-to-date: /home/misaka/fishbot/install/nav2_msgs/include/nav2_msgs/nav2_msgs/msg/detail/behavior_tree_status_change__rosidl_typesupport_introspection_c.h
[7.989s] -- Up-to-date: /home/misaka/fishbot/install/nav2_msgs/include/nav2_msgs/nav2_msgs/msg/rosidl_typesupport_introspection_c__visibility_control.h
[7.990s] -- Up-to-date: /home/misaka/fishbot/install/nav2_msgs/lib/libnav2_msgs__rosidl_typesupport_introspection_c.so
[7.990s] -- Up-to-date: /home/misaka/fishbot/install/nav2_msgs/lib/libnav2_msgs__rosidl_typesupport_c.so
[7.990s] -- Up-to-date: /home/misaka/fishbot/install/nav2_msgs/include/nav2_msgs/nav2_msgs
[7.990s] -- Up-to-date: /home/misaka/fishbot/install/nav2_msgs/include/nav2_msgs/nav2_msgs/srv
[7.990s] -- Up-to-date: /home/misaka/fishbot/install/nav2_msgs/include/nav2_msgs/nav2_msgs/srv/detail
[7.990s] -- Up-to-date: /home/misaka/fishbot/install/nav2_msgs/include/nav2_msgs/nav2_msgs/srv/detail/manage_lifecycle_nodes__type_support.cpp
[7.991s] -- Up-to-date: /home/misaka/fishbot/install/nav2_msgs/include/nav2_msgs/nav2_msgs/srv/detail/manage_lifecycle_nodes__rosidl_typesupport_introspection_cpp.hpp
[7.991s] -- Up-to-date: /home/misaka/fishbot/install/nav2_msgs/include/nav2_msgs/nav2_msgs/srv/detail/clear_costmap_around_robot__type_support.cpp
[7.991s] -- Up-to-date: /home/misaka/fishbot/install/nav2_msgs/include/nav2_msgs/nav2_msgs/srv/detail/clear_entire_costmap__rosidl_typesupport_introspection_cpp.hpp
[7.991s] -- Up-to-date: /home/misaka/fishbot/install/nav2_msgs/include/nav2_msgs/nav2_msgs/srv/detail/get_costmap__rosidl_typesupport_introspection_cpp.hpp
[7.991s] -- Up-to-date: /home/misaka/fishbot/install/nav2_msgs/include/nav2_msgs/nav2_msgs/srv/detail/load_map__rosidl_typesupport_introspection_cpp.hpp
[7.991s] -- Up-to-date: /home/misaka/fishbot/install/nav2_msgs/include/nav2_msgs/nav2_msgs/srv/detail/save_map__rosidl_typesupport_introspection_cpp.hpp
[7.991s] -- Up-to-date: /home/misaka/fishbot/install/nav2_msgs/include/nav2_msgs/nav2_msgs/srv/detail/clear_costmap_around_robot__rosidl_typesupport_introspection_cpp.hpp
[7.992s] -- Up-to-date: /home/misaka/fishbot/install/nav2_msgs/include/nav2_msgs/nav2_msgs/srv/detail/is_path_valid__rosidl_typesupport_introspection_cpp.hpp
[7.992s] -- Up-to-date: /home/misaka/fishbot/install/nav2_msgs/include/nav2_msgs/nav2_msgs/srv/detail/is_path_valid__type_support.cpp
[7.992s] -- Up-to-date: /home/misaka/fishbot/install/nav2_msgs/include/nav2_msgs/nav2_msgs/srv/detail/save_map__type_support.cpp
[7.992s] -- Up-to-date: /home/misaka/fishbot/install/nav2_msgs/include/nav2_msgs/nav2_msgs/srv/detail/load_map__type_support.cpp
[7.992s] -- Up-to-date: /home/misaka/fishbot/install/nav2_msgs/include/nav2_msgs/nav2_msgs/srv/detail/clear_entire_costmap__type_support.cpp
[7.992s] -- Up-to-date: /home/misaka/fishbot/install/nav2_msgs/include/nav2_msgs/nav2_msgs/srv/detail/get_costmap__type_support.cpp
[7.992s] -- Up-to-date: /home/misaka/fishbot/install/nav2_msgs/include/nav2_msgs/nav2_msgs/srv/detail/clear_costmap_except_region__rosidl_typesupport_introspection_cpp.hpp
[7.993s] -- Up-to-date: /home/misaka/fishbot/install/nav2_msgs/include/nav2_msgs/nav2_msgs/srv/detail/clear_costmap_except_region__type_support.cpp
[7.993s] -- Up-to-date: /home/misaka/fishbot/install/nav2_msgs/include/nav2_msgs/nav2_msgs/action
[7.993s] -- Up-to-date: /home/misaka/fishbot/install/nav2_msgs/include/nav2_msgs/nav2_msgs/action/detail
[7.993s] -- Up-to-date: /home/misaka/fishbot/install/nav2_msgs/include/nav2_msgs/nav2_msgs/action/detail/compute_path_to_pose__rosidl_typesupport_introspection_cpp.hpp
[7.993s] -- Up-to-date: /home/misaka/fishbot/install/nav2_msgs/include/nav2_msgs/nav2_msgs/action/detail/spin__type_support.cpp
[7.993s] -- Up-to-date: /home/misaka/fishbot/install/nav2_msgs/include/nav2_msgs/nav2_msgs/action/detail/follow_path__type_support.cpp
[7.993s] -- Up-to-date: /home/misaka/fishbot/install/nav2_msgs/include/nav2_msgs/nav2_msgs/action/detail/compute_path_to_pose__type_support.cpp
[7.994s] -- Up-to-date: /home/misaka/fishbot/install/nav2_msgs/include/nav2_msgs/nav2_msgs/action/detail/dummy_behavior__type_support.cpp
[7.994s] -- Up-to-date: /home/misaka/fishbot/install/nav2_msgs/include/nav2_msgs/nav2_msgs/action/detail/compute_path_through_poses__type_support.cpp
[7.994s] -- Up-to-date: /home/misaka/fishbot/install/nav2_msgs/include/nav2_msgs/nav2_msgs/action/detail/assisted_teleop__type_support.cpp
[7.994s] -- Up-to-date: /home/misaka/fishbot/install/nav2_msgs/include/nav2_msgs/nav2_msgs/action/detail/compute_path_through_poses__rosidl_typesupport_introspection_cpp.hpp
[7.994s] -- Up-to-date: /home/misaka/fishbot/install/nav2_msgs/include/nav2_msgs/nav2_msgs/action/detail/follow_path__rosidl_typesupport_introspection_cpp.hpp
[7.994s] -- Up-to-date: /home/misaka/fishbot/install/nav2_msgs/include/nav2_msgs/nav2_msgs/action/detail/dummy_behavior__rosidl_typesupport_introspection_cpp.hpp
[7.994s] -- Up-to-date: /home/misaka/fishbot/install/nav2_msgs/include/nav2_msgs/nav2_msgs/action/detail/drive_on_heading__rosidl_typesupport_introspection_cpp.hpp
[7.995s] -- Up-to-date: /home/misaka/fishbot/install/nav2_msgs/include/nav2_msgs/nav2_msgs/action/detail/smooth_path__rosidl_typesupport_introspection_cpp.hpp
[7.995s] -- Up-to-date: /home/misaka/fishbot/install/nav2_msgs/include/nav2_msgs/nav2_msgs/action/detail/wait__rosidl_typesupport_introspection_cpp.hpp
[7.995s] -- Up-to-date: /home/misaka/fishbot/install/nav2_msgs/include/nav2_msgs/nav2_msgs/action/detail/spin__rosidl_typesupport_introspection_cpp.hpp
[7.995s] -- Up-to-date: /home/misaka/fishbot/install/nav2_msgs/include/nav2_msgs/nav2_msgs/action/detail/navigate_to_pose__rosidl_typesupport_introspection_cpp.hpp
[7.995s] -- Up-to-date: /home/misaka/fishbot/install/nav2_msgs/include/nav2_msgs/nav2_msgs/action/detail/follow_waypoints__rosidl_typesupport_introspection_cpp.hpp
[7.995s] -- Up-to-date: /home/misaka/fishbot/install/nav2_msgs/include/nav2_msgs/nav2_msgs/action/detail/navigate_through_poses__rosidl_typesupport_introspection_cpp.hpp
[7.995s] -- Up-to-date: /home/misaka/fishbot/install/nav2_msgs/include/nav2_msgs/nav2_msgs/action/detail/navigate_to_pose__type_support.cpp
[7.996s] -- Up-to-date: /home/misaka/fishbot/install/nav2_msgs/include/nav2_msgs/nav2_msgs/action/detail/navigate_through_poses__type_support.cpp
[7.996s] -- Up-to-date: /home/misaka/fishbot/install/nav2_msgs/include/nav2_msgs/nav2_msgs/action/detail/drive_on_heading__type_support.cpp
[7.996s] -- Up-to-date: /home/misaka/fishbot/install/nav2_msgs/include/nav2_msgs/nav2_msgs/action/detail/follow_waypoints__type_support.cpp
[7.996s] -- Up-to-date: /home/misaka/fishbot/install/nav2_msgs/include/nav2_msgs/nav2_msgs/action/detail/back_up__rosidl_typesupport_introspection_cpp.hpp
[7.996s] -- Up-to-date: /home/misaka/fishbot/install/nav2_msgs/include/nav2_msgs/nav2_msgs/action/detail/wait__type_support.cpp
[7.996s] -- Up-to-date: /home/misaka/fishbot/install/nav2_msgs/include/nav2_msgs/nav2_msgs/action/detail/assisted_teleop__rosidl_typesupport_introspection_cpp.hpp
[7.996s] -- Up-to-date: /home/misaka/fishbot/install/nav2_msgs/include/nav2_msgs/nav2_msgs/action/detail/back_up__type_support.cpp
[7.996s] -- Up-to-date: /home/misaka/fishbot/install/nav2_msgs/include/nav2_msgs/nav2_msgs/action/detail/smooth_path__type_support.cpp
[7.997s] -- Up-to-date: /home/misaka/fishbot/install/nav2_msgs/include/nav2_msgs/nav2_msgs/msg
[7.997s] -- Up-to-date: /home/misaka/fishbot/install/nav2_msgs/include/nav2_msgs/nav2_msgs/msg/detail
[7.997s] -- Up-to-date: /home/misaka/fishbot/install/nav2_msgs/include/nav2_msgs/nav2_msgs/msg/detail/particle_cloud__type_support.cpp
[7.997s] -- Up-to-date: /home/misaka/fishbot/install/nav2_msgs/include/nav2_msgs/nav2_msgs/msg/detail/particle__type_support.cpp
[7.997s] -- Up-to-date: /home/misaka/fishbot/install/nav2_msgs/include/nav2_msgs/nav2_msgs/msg/detail/costmap_meta_data__rosidl_typesupport_introspection_cpp.hpp
[7.997s] -- Up-to-date: /home/misaka/fishbot/install/nav2_msgs/include/nav2_msgs/nav2_msgs/msg/detail/costmap_filter_info__rosidl_typesupport_introspection_cpp.hpp
[7.997s] -- Up-to-date: /home/misaka/fishbot/install/nav2_msgs/include/nav2_msgs/nav2_msgs/msg/detail/costmap_filter_info__type_support.cpp
[7.998s] -- Up-to-date: /home/misaka/fishbot/install/nav2_msgs/include/nav2_msgs/nav2_msgs/msg/detail/particle_cloud__rosidl_typesupport_introspection_cpp.hpp
[7.998s] -- Up-to-date: /home/misaka/fishbot/install/nav2_msgs/include/nav2_msgs/nav2_msgs/msg/detail/costmap__type_support.cpp
[7.998s] -- Up-to-date: /home/misaka/fishbot/install/nav2_msgs/include/nav2_msgs/nav2_msgs/msg/detail/behavior_tree_log__type_support.cpp
[7.998s] -- Up-to-date: /home/misaka/fishbot/install/nav2_msgs/include/nav2_msgs/nav2_msgs/msg/detail/behavior_tree_status_change__rosidl_typesupport_introspection_cpp.hpp
[7.998s] -- Up-to-date: /home/misaka/fishbot/install/nav2_msgs/include/nav2_msgs/nav2_msgs/msg/detail/speed_limit__rosidl_typesupport_introspection_cpp.hpp
[7.998s] -- Up-to-date: /home/misaka/fishbot/install/nav2_msgs/include/nav2_msgs/nav2_msgs/msg/detail/voxel_grid__rosidl_typesupport_introspection_cpp.hpp
[7.998s] -- Up-to-date: /home/misaka/fishbot/install/nav2_msgs/include/nav2_msgs/nav2_msgs/msg/detail/voxel_grid__type_support.cpp
[7.999s] -- Up-to-date: /home/misaka/fishbot/install/nav2_msgs/include/nav2_msgs/nav2_msgs/msg/detail/costmap_meta_data__type_support.cpp
[7.999s] -- Up-to-date: /home/misaka/fishbot/install/nav2_msgs/include/nav2_msgs/nav2_msgs/msg/detail/particle__rosidl_typesupport_introspection_cpp.hpp
[7.999s] -- Up-to-date: /home/misaka/fishbot/install/nav2_msgs/include/nav2_msgs/nav2_msgs/msg/detail/costmap__rosidl_typesupport_introspection_cpp.hpp
[7.999s] -- Up-to-date: /home/misaka/fishbot/install/nav2_msgs/include/nav2_msgs/nav2_msgs/msg/detail/behavior_tree_status_change__type_support.cpp
[7.999s] -- Up-to-date: /home/misaka/fishbot/install/nav2_msgs/include/nav2_msgs/nav2_msgs/msg/detail/speed_limit__type_support.cpp
[7.999s] -- Up-to-date: /home/misaka/fishbot/install/nav2_msgs/include/nav2_msgs/nav2_msgs/msg/detail/behavior_tree_log__rosidl_typesupport_introspection_cpp.hpp
[8.000s] -- Up-to-date: /home/misaka/fishbot/install/nav2_msgs/lib/libnav2_msgs__rosidl_typesupport_introspection_cpp.so
[8.000s] -- Up-to-date: /home/misaka/fishbot/install/nav2_msgs/lib/libnav2_msgs__rosidl_typesupport_cpp.so
[8.000s] -- Up-to-date: /home/misaka/fishbot/install/nav2_msgs/share/nav2_msgs/environment/pythonpath.sh
[8.000s] -- Up-to-date: /home/misaka/fishbot/install/nav2_msgs/share/nav2_msgs/environment/pythonpath.dsv
[8.000s] -- Up-to-date: /home/misaka/fishbot/install/nav2_msgs/local/lib/python3.10/dist-packages/nav2_msgs-1.1.0-py3.10.egg-info
[8.000s] -- Installing: /home/misaka/fishbot/install/nav2_msgs/local/lib/python3.10/dist-packages/nav2_msgs-1.1.0-py3.10.egg-info/PKG-INFO
[8.000s] -- Installing: /home/misaka/fishbot/install/nav2_msgs/local/lib/python3.10/dist-packages/nav2_msgs-1.1.0-py3.10.egg-info/dependency_links.txt
[8.000s] -- Installing: /home/misaka/fishbot/install/nav2_msgs/local/lib/python3.10/dist-packages/nav2_msgs-1.1.0-py3.10.egg-info/SOURCES.txt
[8.001s] -- Installing: /home/misaka/fishbot/install/nav2_msgs/local/lib/python3.10/dist-packages/nav2_msgs-1.1.0-py3.10.egg-info/top_level.txt
[8.001s] -- Up-to-date: /home/misaka/fishbot/install/nav2_msgs/local/lib/python3.10/dist-packages/nav2_msgs
[8.002s] -- Up-to-date: /home/misaka/fishbot/install/nav2_msgs/local/lib/python3.10/dist-packages/nav2_msgs/nav2_msgs_s__rosidl_typesupport_c.cpython-310-x86_64-linux-gnu.so
[8.002s] -- Up-to-date: /home/misaka/fishbot/install/nav2_msgs/local/lib/python3.10/dist-packages/nav2_msgs/libnav2_msgs__rosidl_generator_py.so
[8.003s] -- Up-to-date: /home/misaka/fishbot/install/nav2_msgs/local/lib/python3.10/dist-packages/nav2_msgs/srv
[8.003s] -- Up-to-date: /home/misaka/fishbot/install/nav2_msgs/local/lib/python3.10/dist-packages/nav2_msgs/srv/_load_map.py
[8.003s] -- Up-to-date: /home/misaka/fishbot/install/nav2_msgs/local/lib/python3.10/dist-packages/nav2_msgs/srv/_clear_entire_costmap_s.c
[8.003s] -- Up-to-date: /home/misaka/fishbot/install/nav2_msgs/local/lib/python3.10/dist-packages/nav2_msgs/srv/_save_map_s.c
[8.004s] -- Up-to-date: /home/misaka/fishbot/install/nav2_msgs/local/lib/python3.10/dist-packages/nav2_msgs/srv/_save_map.py
[8.004s] -- Up-to-date: /home/misaka/fishbot/install/nav2_msgs/local/lib/python3.10/dist-packages/nav2_msgs/srv/_clear_entire_costmap.py
[8.004s] -- Up-to-date: /home/misaka/fishbot/install/nav2_msgs/local/lib/python3.10/dist-packages/nav2_msgs/srv/_clear_costmap_around_robot.py
[8.005s] -- Up-to-date: /home/misaka/fishbot/install/nav2_msgs/local/lib/python3.10/dist-packages/nav2_msgs/srv/_is_path_valid_s.c
[8.005s] -- Up-to-date: /home/misaka/fishbot/install/nav2_msgs/local/lib/python3.10/dist-packages/nav2_msgs/srv/_clear_costmap_except_region.py
[8.005s] -- Up-to-date: /home/misaka/fishbot/install/nav2_msgs/local/lib/python3.10/dist-packages/nav2_msgs/srv/_clear_costmap_except_region_s.c
[8.005s] -- Up-to-date: /home/misaka/fishbot/install/nav2_msgs/local/lib/python3.10/dist-packages/nav2_msgs/srv/_manage_lifecycle_nodes_s.c
[8.005s] -- Up-to-date: /home/misaka/fishbot/install/nav2_msgs/local/lib/python3.10/dist-packages/nav2_msgs/srv/_get_costmap_s.c
[8.005s] -- Up-to-date: /home/misaka/fishbot/install/nav2_msgs/local/lib/python3.10/dist-packages/nav2_msgs/srv/_is_path_valid.py
[8.006s] -- Up-to-date: /home/misaka/fishbot/install/nav2_msgs/local/lib/python3.10/dist-packages/nav2_msgs/srv/__init__.py
[8.006s] -- Up-to-date: /home/misaka/fishbot/install/nav2_msgs/local/lib/python3.10/dist-packages/nav2_msgs/srv/_clear_costmap_around_robot_s.c
[8.007s] -- Up-to-date: /home/misaka/fishbot/install/nav2_msgs/local/lib/python3.10/dist-packages/nav2_msgs/srv/_manage_lifecycle_nodes.py
[8.007s] -- Up-to-date: /home/misaka/fishbot/install/nav2_msgs/local/lib/python3.10/dist-packages/nav2_msgs/srv/_load_map_s.c
[8.007s] -- Up-to-date: /home/misaka/fishbot/install/nav2_msgs/local/lib/python3.10/dist-packages/nav2_msgs/srv/_get_costmap.py
[8.007s] -- Up-to-date: /home/misaka/fishbot/install/nav2_msgs/local/lib/python3.10/dist-packages/nav2_msgs/nav2_msgs_s__rosidl_typesupport_introspection_c.cpython-310-x86_64-linux-gnu.so
[8.008s] -- Up-to-date: /home/misaka/fishbot/install/nav2_msgs/local/lib/python3.10/dist-packages/nav2_msgs/nav2_msgs_s__rosidl_typesupport_fastrtps_c.cpython-310-x86_64-linux-gnu.so
[8.008s] -- Up-to-date: /home/misaka/fishbot/install/nav2_msgs/local/lib/python3.10/dist-packages/nav2_msgs/action
[8.008s] -- Up-to-date: /home/misaka/fishbot/install/nav2_msgs/local/lib/python3.10/dist-packages/nav2_msgs/action/_smooth_path_s.c
[8.009s] -- Up-to-date: /home/misaka/fishbot/install/nav2_msgs/local/lib/python3.10/dist-packages/nav2_msgs/action/_navigate_through_poses.py
[8.009s] -- Up-to-date: /home/misaka/fishbot/install/nav2_msgs/local/lib/python3.10/dist-packages/nav2_msgs/action/_wait_s.c
[8.009s] -- Up-to-date: /home/misaka/fishbot/install/nav2_msgs/local/lib/python3.10/dist-packages/nav2_msgs/action/_navigate_to_pose_s.c
[8.009s] -- Up-to-date: /home/misaka/fishbot/install/nav2_msgs/local/lib/python3.10/dist-packages/nav2_msgs/action/_drive_on_heading.py
[8.009s] -- Up-to-date: /home/misaka/fishbot/install/nav2_msgs/local/lib/python3.10/dist-packages/nav2_msgs/action/_back_up_s.c
[8.010s] -- Up-to-date: /home/misaka/fishbot/install/nav2_msgs/local/lib/python3.10/dist-packages/nav2_msgs/action/_follow_waypoints_s.c
[8.010s] -- Up-to-date: /home/misaka/fishbot/install/nav2_msgs/local/lib/python3.10/dist-packages/nav2_msgs/action/_navigate_through_poses_s.c
[8.011s] -- Up-to-date: /home/misaka/fishbot/install/nav2_msgs/local/lib/python3.10/dist-packages/nav2_msgs/action/_dummy_behavior.py
[8.011s] -- Up-to-date: /home/misaka/fishbot/install/nav2_msgs/local/lib/python3.10/dist-packages/nav2_msgs/action/_follow_waypoints.py
[8.011s] -- Up-to-date: /home/misaka/fishbot/install/nav2_msgs/local/lib/python3.10/dist-packages/nav2_msgs/action/_compute_path_to_pose.py
[8.012s] -- Up-to-date: /home/misaka/fishbot/install/nav2_msgs/local/lib/python3.10/dist-packages/nav2_msgs/action/_spin.py
[8.012s] -- Up-to-date: /home/misaka/fishbot/install/nav2_msgs/local/lib/python3.10/dist-packages/nav2_msgs/action/_back_up.py
[8.012s] -- Up-to-date: /home/misaka/fishbot/install/nav2_msgs/local/lib/python3.10/dist-packages/nav2_msgs/action/_assisted_teleop.py
[8.012s] -- Up-to-date: /home/misaka/fishbot/install/nav2_msgs/local/lib/python3.10/dist-packages/nav2_msgs/action/_compute_path_through_poses_s.c
[8.013s] -- Up-to-date: /home/misaka/fishbot/install/nav2_msgs/local/lib/python3.10/dist-packages/nav2_msgs/action/_follow_path_s.c
[8.013s] -- Up-to-date: /home/misaka/fishbot/install/nav2_msgs/local/lib/python3.10/dist-packages/nav2_msgs/action/_compute_path_to_pose_s.c
[8.013s] -- Up-to-date: /home/misaka/fishbot/install/nav2_msgs/local/lib/python3.10/dist-packages/nav2_msgs/action/_dummy_behavior_s.c
[8.014s] -- Up-to-date: /home/misaka/fishbot/install/nav2_msgs/local/lib/python3.10/dist-packages/nav2_msgs/action/_navigate_to_pose.py
[8.014s] -- Up-to-date: /home/misaka/fishbot/install/nav2_msgs/local/lib/python3.10/dist-packages/nav2_msgs/action/_wait.py
[8.014s] -- Up-to-date: /home/misaka/fishbot/install/nav2_msgs/local/lib/python3.10/dist-packages/nav2_msgs/action/_spin_s.c
[8.015s] -- Up-to-date: /home/misaka/fishbot/install/nav2_msgs/local/lib/python3.10/dist-packages/nav2_msgs/action/__init__.py
[8.015s] -- Up-to-date: /home/misaka/fishbot/install/nav2_msgs/local/lib/python3.10/dist-packages/nav2_msgs/action/_assisted_teleop_s.c
[8.015s] -- Up-to-date: /home/misaka/fishbot/install/nav2_msgs/local/lib/python3.10/dist-packages/nav2_msgs/action/_compute_path_through_poses.py
[8.015s] -- Up-to-date: /home/misaka/fishbot/install/nav2_msgs/local/lib/python3.10/dist-packages/nav2_msgs/action/_smooth_path.py
[8.015s] -- Up-to-date: /home/misaka/fishbot/install/nav2_msgs/local/lib/python3.10/dist-packages/nav2_msgs/action/_drive_on_heading_s.c
[8.015s] -- Up-to-date: /home/misaka/fishbot/install/nav2_msgs/local/lib/python3.10/dist-packages/nav2_msgs/action/_follow_path.py
[8.015s] -- Up-to-date: /home/misaka/fishbot/install/nav2_msgs/local/lib/python3.10/dist-packages/nav2_msgs/_nav2_msgs_s.ep.rosidl_typesupport_c.c
[8.015s] -- Up-to-date: /home/misaka/fishbot/install/nav2_msgs/local/lib/python3.10/dist-packages/nav2_msgs/__init__.py
[8.016s] -- Up-to-date: /home/misaka/fishbot/install/nav2_msgs/local/lib/python3.10/dist-packages/nav2_msgs/msg
[8.016s] -- Up-to-date: /home/misaka/fishbot/install/nav2_msgs/local/lib/python3.10/dist-packages/nav2_msgs/msg/_costmap_filter_info.py
[8.016s] -- Up-to-date: /home/misaka/fishbot/install/nav2_msgs/local/lib/python3.10/dist-packages/nav2_msgs/msg/_particle.py
[8.016s] -- Up-to-date: /home/misaka/fishbot/install/nav2_msgs/local/lib/python3.10/dist-packages/nav2_msgs/msg/_particle_s.c
[8.016s] -- Up-to-date: /home/misaka/fishbot/install/nav2_msgs/local/lib/python3.10/dist-packages/nav2_msgs/msg/_voxel_grid.py
[8.016s] -- Up-to-date: /home/misaka/fishbot/install/nav2_msgs/local/lib/python3.10/dist-packages/nav2_msgs/msg/_particle_cloud_s.c
[8.017s] -- Up-to-date: /home/misaka/fishbot/install/nav2_msgs/local/lib/python3.10/dist-packages/nav2_msgs/msg/_speed_limit.py
[8.017s] -- Up-to-date: /home/misaka/fishbot/install/nav2_msgs/local/lib/python3.10/dist-packages/nav2_msgs/msg/_costmap_meta_data_s.c
[8.017s] -- Up-to-date: /home/misaka/fishbot/install/nav2_msgs/local/lib/python3.10/dist-packages/nav2_msgs/msg/_costmap_filter_info_s.c
[8.017s] -- Up-to-date: /home/misaka/fishbot/install/nav2_msgs/local/lib/python3.10/dist-packages/nav2_msgs/msg/_behavior_tree_log.py
[8.017s] -- Up-to-date: /home/misaka/fishbot/install/nav2_msgs/local/lib/python3.10/dist-packages/nav2_msgs/msg/_costmap_meta_data.py
[8.017s] -- Up-to-date: /home/misaka/fishbot/install/nav2_msgs/local/lib/python3.10/dist-packages/nav2_msgs/msg/_behavior_tree_status_change.py
[8.018s] -- Up-to-date: /home/misaka/fishbot/install/nav2_msgs/local/lib/python3.10/dist-packages/nav2_msgs/msg/_costmap.py
[8.018s] -- Up-to-date: /home/misaka/fishbot/install/nav2_msgs/local/lib/python3.10/dist-packages/nav2_msgs/msg/_voxel_grid_s.c
[8.018s] -- Up-to-date: /home/misaka/fishbot/install/nav2_msgs/local/lib/python3.10/dist-packages/nav2_msgs/msg/_particle_cloud.py
[8.018s] -- Up-to-date: /home/misaka/fishbot/install/nav2_msgs/local/lib/python3.10/dist-packages/nav2_msgs/msg/_speed_limit_s.c
[8.018s] -- Up-to-date: /home/misaka/fishbot/install/nav2_msgs/local/lib/python3.10/dist-packages/nav2_msgs/msg/_costmap_s.c
[8.018s] -- Up-to-date: /home/misaka/fishbot/install/nav2_msgs/local/lib/python3.10/dist-packages/nav2_msgs/msg/_behavior_tree_log_s.c
[8.018s] -- Up-to-date: /home/misaka/fishbot/install/nav2_msgs/local/lib/python3.10/dist-packages/nav2_msgs/msg/_behavior_tree_status_change_s.c
[8.019s] -- Up-to-date: /home/misaka/fishbot/install/nav2_msgs/local/lib/python3.10/dist-packages/nav2_msgs/msg/__init__.py
[8.019s] -- Up-to-date: /home/misaka/fishbot/install/nav2_msgs/local/lib/python3.10/dist-packages/nav2_msgs/_nav2_msgs_s.ep.rosidl_typesupport_fastrtps_c.c
[8.019s] -- Up-to-date: /home/misaka/fishbot/install/nav2_msgs/local/lib/python3.10/dist-packages/nav2_msgs/_nav2_msgs_s.ep.rosidl_typesupport_introspection_c.c
[8.144s] Listing '/home/misaka/fishbot/install/nav2_msgs/local/lib/python3.10/dist-packages/nav2_msgs'...
[8.144s] Listing '/home/misaka/fishbot/install/nav2_msgs/local/lib/python3.10/dist-packages/nav2_msgs/action'...
[8.145s] Listing '/home/misaka/fishbot/install/nav2_msgs/local/lib/python3.10/dist-packages/nav2_msgs/msg'...
[8.145s] Listing '/home/misaka/fishbot/install/nav2_msgs/local/lib/python3.10/dist-packages/nav2_msgs/srv'...
[8.163s] -- Up-to-date: /home/misaka/fishbot/install/nav2_msgs/local/lib/python3.10/dist-packages/nav2_msgs/nav2_msgs_s__rosidl_typesupport_fastrtps_c.cpython-310-x86_64-linux-gnu.so
[8.167s] -- Up-to-date: /home/misaka/fishbot/install/nav2_msgs/local/lib/python3.10/dist-packages/nav2_msgs/nav2_msgs_s__rosidl_typesupport_introspection_c.cpython-310-x86_64-linux-gnu.so
[8.173s] -- Up-to-date: /home/misaka/fishbot/install/nav2_msgs/local/lib/python3.10/dist-packages/nav2_msgs/nav2_msgs_s__rosidl_typesupport_c.cpython-310-x86_64-linux-gnu.so
[8.177s] -- Up-to-date: /home/misaka/fishbot/install/nav2_msgs/lib/libnav2_msgs__rosidl_generator_py.so
[8.178s] -- Up-to-date: /home/misaka/fishbot/install/nav2_msgs/share/nav2_msgs/msg/Costmap.idl
[8.178s] -- Up-to-date: /home/misaka/fishbot/install/nav2_msgs/share/nav2_msgs/msg/CostmapMetaData.idl
[8.179s] -- Up-to-date: /home/misaka/fishbot/install/nav2_msgs/share/nav2_msgs/msg/CostmapFilterInfo.idl
[8.180s] -- Up-to-date: /home/misaka/fishbot/install/nav2_msgs/share/nav2_msgs/msg/SpeedLimit.idl
[8.180s] -- Up-to-date: /home/misaka/fishbot/install/nav2_msgs/share/nav2_msgs/msg/VoxelGrid.idl
[8.180s] -- Up-to-date: /home/misaka/fishbot/install/nav2_msgs/share/nav2_msgs/msg/BehaviorTreeStatusChange.idl
[8.180s] -- Up-to-date: /home/misaka/fishbot/install/nav2_msgs/share/nav2_msgs/msg/BehaviorTreeLog.idl
[8.180s] -- Up-to-date: /home/misaka/fishbot/install/nav2_msgs/share/nav2_msgs/msg/Particle.idl
[8.181s] -- Up-to-date: /home/misaka/fishbot/install/nav2_msgs/share/nav2_msgs/msg/ParticleCloud.idl
[8.181s] -- Up-to-date: /home/misaka/fishbot/install/nav2_msgs/share/nav2_msgs/srv/GetCostmap.idl
[8.182s] -- Up-to-date: /home/misaka/fishbot/install/nav2_msgs/share/nav2_msgs/srv/IsPathValid.idl
[8.183s] -- Up-to-date: /home/misaka/fishbot/install/nav2_msgs/share/nav2_msgs/srv/ClearCostmapExceptRegion.idl
[8.184s] -- Up-to-date: /home/misaka/fishbot/install/nav2_msgs/share/nav2_msgs/srv/ClearCostmapAroundRobot.idl
[8.184s] -- Up-to-date: /home/misaka/fishbot/install/nav2_msgs/share/nav2_msgs/srv/ClearEntireCostmap.idl
[8.185s] -- Up-to-date: /home/misaka/fishbot/install/nav2_msgs/share/nav2_msgs/srv/ManageLifecycleNodes.idl
[8.185s] -- Up-to-date: /home/misaka/fishbot/install/nav2_msgs/share/nav2_msgs/srv/LoadMap.idl
[8.186s] -- Up-to-date: /home/misaka/fishbot/install/nav2_msgs/share/nav2_msgs/srv/SaveMap.idl
[8.186s] -- Up-to-date: /home/misaka/fishbot/install/nav2_msgs/share/nav2_msgs/action/AssistedTeleop.idl
[8.186s] -- Up-to-date: /home/misaka/fishbot/install/nav2_msgs/share/nav2_msgs/action/BackUp.idl
[8.186s] -- Up-to-date: /home/misaka/fishbot/install/nav2_msgs/share/nav2_msgs/action/ComputePathToPose.idl
[8.186s] -- Up-to-date: /home/misaka/fishbot/install/nav2_msgs/share/nav2_msgs/action/ComputePathThroughPoses.idl
[8.187s] -- Up-to-date: /home/misaka/fishbot/install/nav2_msgs/share/nav2_msgs/action/DriveOnHeading.idl
[8.188s] -- Up-to-date: /home/misaka/fishbot/install/nav2_msgs/share/nav2_msgs/action/SmoothPath.idl
[8.188s] -- Up-to-date: /home/misaka/fishbot/install/nav2_msgs/share/nav2_msgs/action/FollowPath.idl
[8.188s] -- Up-to-date: /home/misaka/fishbot/install/nav2_msgs/share/nav2_msgs/action/NavigateToPose.idl
[8.188s] -- Up-to-date: /home/misaka/fishbot/install/nav2_msgs/share/nav2_msgs/action/NavigateThroughPoses.idl
[8.188s] -- Up-to-date: /home/misaka/fishbot/install/nav2_msgs/share/nav2_msgs/action/Wait.idl
[8.189s] -- Up-to-date: /home/misaka/fishbot/install/nav2_msgs/share/nav2_msgs/action/Spin.idl
[8.190s] -- Up-to-date: /home/misaka/fishbot/install/nav2_msgs/share/nav2_msgs/action/DummyBehavior.idl
[8.190s] -- Up-to-date: /home/misaka/fishbot/install/nav2_msgs/share/nav2_msgs/action/FollowWaypoints.idl
[8.190s] -- Up-to-date: /home/misaka/fishbot/install/nav2_msgs/share/nav2_msgs/msg/Costmap.msg
[8.190s] -- Up-to-date: /home/misaka/fishbot/install/nav2_msgs/share/nav2_msgs/msg/CostmapMetaData.msg
[8.190s] -- Up-to-date: /home/misaka/fishbot/install/nav2_msgs/share/nav2_msgs/msg/CostmapFilterInfo.msg
[8.190s] -- Up-to-date: /home/misaka/fishbot/install/nav2_msgs/share/nav2_msgs/msg/SpeedLimit.msg
[8.190s] -- Up-to-date: /home/misaka/fishbot/install/nav2_msgs/share/nav2_msgs/msg/VoxelGrid.msg
[8.192s] -- Up-to-date: /home/misaka/fishbot/install/nav2_msgs/share/nav2_msgs/msg/BehaviorTreeStatusChange.msg
[8.193s] -- Up-to-date: /home/misaka/fishbot/install/nav2_msgs/share/nav2_msgs/msg/BehaviorTreeLog.msg
[8.193s] -- Up-to-date: /home/misaka/fishbot/install/nav2_msgs/share/nav2_msgs/msg/Particle.msg
[8.193s] -- Up-to-date: /home/misaka/fishbot/install/nav2_msgs/share/nav2_msgs/msg/ParticleCloud.msg
[8.193s] -- Up-to-date: /home/misaka/fishbot/install/nav2_msgs/share/nav2_msgs/srv/GetCostmap.srv
[8.193s] -- Up-to-date: /home/misaka/fishbot/install/nav2_msgs/share/nav2_msgs/srv/GetCostmap_Request.msg
[8.193s] -- Up-to-date: /home/misaka/fishbot/install/nav2_msgs/share/nav2_msgs/srv/GetCostmap_Response.msg
[8.194s] -- Up-to-date: /home/misaka/fishbot/install/nav2_msgs/share/nav2_msgs/srv/IsPathValid.srv
[8.194s] -- Up-to-date: /home/misaka/fishbot/install/nav2_msgs/share/nav2_msgs/srv/IsPathValid_Request.msg
[8.194s] -- Up-to-date: /home/misaka/fishbot/install/nav2_msgs/share/nav2_msgs/srv/IsPathValid_Response.msg
[8.194s] -- Up-to-date: /home/misaka/fishbot/install/nav2_msgs/share/nav2_msgs/srv/ClearCostmapExceptRegion.srv
[8.195s] -- Up-to-date: /home/misaka/fishbot/install/nav2_msgs/share/nav2_msgs/srv/ClearCostmapExceptRegion_Request.msg
[8.196s] -- Up-to-date: /home/misaka/fishbot/install/nav2_msgs/share/nav2_msgs/srv/ClearCostmapExceptRegion_Response.msg
[8.197s] -- Up-to-date: /home/misaka/fishbot/install/nav2_msgs/share/nav2_msgs/srv/ClearCostmapAroundRobot.srv
[8.198s] -- Up-to-date: /home/misaka/fishbot/install/nav2_msgs/share/nav2_msgs/srv/ClearCostmapAroundRobot_Request.msg
[8.199s] -- Up-to-date: /home/misaka/fishbot/install/nav2_msgs/share/nav2_msgs/srv/ClearCostmapAroundRobot_Response.msg
[8.199s] -- Up-to-date: /home/misaka/fishbot/install/nav2_msgs/share/nav2_msgs/srv/ClearEntireCostmap.srv
[8.200s] -- Up-to-date: /home/misaka/fishbot/install/nav2_msgs/share/nav2_msgs/srv/ClearEntireCostmap_Request.msg
[8.200s] -- Up-to-date: /home/misaka/fishbot/install/nav2_msgs/share/nav2_msgs/srv/ClearEntireCostmap_Response.msg
[8.201s] -- Up-to-date: /home/misaka/fishbot/install/nav2_msgs/share/nav2_msgs/srv/ManageLifecycleNodes.srv
[8.203s] -- Up-to-date: /home/misaka/fishbot/install/nav2_msgs/share/nav2_msgs/srv/ManageLifecycleNodes_Request.msg
[8.203s] -- Up-to-date: /home/misaka/fishbot/install/nav2_msgs/share/nav2_msgs/srv/ManageLifecycleNodes_Response.msg
[8.204s] -- Up-to-date: /home/misaka/fishbot/install/nav2_msgs/share/nav2_msgs/srv/LoadMap.srv
[8.205s] -- Up-to-date: /home/misaka/fishbot/install/nav2_msgs/share/nav2_msgs/srv/LoadMap_Request.msg
[8.206s] -- Up-to-date: /home/misaka/fishbot/install/nav2_msgs/share/nav2_msgs/srv/LoadMap_Response.msg
[8.206s] -- Up-to-date: /home/misaka/fishbot/install/nav2_msgs/share/nav2_msgs/srv/SaveMap.srv
[8.207s] -- Up-to-date: /home/misaka/fishbot/install/nav2_msgs/share/nav2_msgs/srv/SaveMap_Request.msg
[8.207s] -- Up-to-date: /home/misaka/fishbot/install/nav2_msgs/share/nav2_msgs/srv/SaveMap_Response.msg
[8.207s] -- Up-to-date: /home/misaka/fishbot/install/nav2_msgs/share/nav2_msgs/action/AssistedTeleop.action
[8.208s] -- Up-to-date: /home/misaka/fishbot/install/nav2_msgs/share/nav2_msgs/action/BackUp.action
[8.209s] -- Up-to-date: /home/misaka/fishbot/install/nav2_msgs/share/nav2_msgs/action/ComputePathToPose.action
[8.209s] -- Up-to-date: /home/misaka/fishbot/install/nav2_msgs/share/nav2_msgs/action/ComputePathThroughPoses.action
[8.209s] -- Up-to-date: /home/misaka/fishbot/install/nav2_msgs/share/nav2_msgs/action/DriveOnHeading.action
[8.210s] -- Up-to-date: /home/misaka/fishbot/install/nav2_msgs/share/nav2_msgs/action/SmoothPath.action
[8.211s] -- Up-to-date: /home/misaka/fishbot/install/nav2_msgs/share/nav2_msgs/action/FollowPath.action
[8.213s] -- Up-to-date: /home/misaka/fishbot/install/nav2_msgs/share/nav2_msgs/action/NavigateToPose.action
[8.214s] -- Up-to-date: /home/misaka/fishbot/install/nav2_msgs/share/nav2_msgs/action/NavigateThroughPoses.action
[8.214s] -- Up-to-date: /home/misaka/fishbot/install/nav2_msgs/share/nav2_msgs/action/Wait.action
[8.214s] -- Up-to-date: /home/misaka/fishbot/install/nav2_msgs/share/nav2_msgs/action/Spin.action
[8.215s] -- Up-to-date: /home/misaka/fishbot/install/nav2_msgs/share/nav2_msgs/action/DummyBehavior.action
[8.215s] -- Up-to-date: /home/misaka/fishbot/install/nav2_msgs/share/nav2_msgs/action/FollowWaypoints.action
[8.215s] -- Up-to-date: /home/misaka/fishbot/install/nav2_msgs/share/ament_index/resource_index/package_run_dependencies/nav2_msgs
[8.216s] -- Up-to-date: /home/misaka/fishbot/install/nav2_msgs/share/ament_index/resource_index/parent_prefix_path/nav2_msgs
[8.216s] -- Up-to-date: /home/misaka/fishbot/install/nav2_msgs/share/nav2_msgs/environment/ament_prefix_path.sh
[8.216s] -- Up-to-date: /home/misaka/fishbot/install/nav2_msgs/share/nav2_msgs/environment/ament_prefix_path.dsv
[8.217s] -- Up-to-date: /home/misaka/fishbot/install/nav2_msgs/share/nav2_msgs/environment/path.sh
[8.218s] -- Up-to-date: /home/misaka/fishbot/install/nav2_msgs/share/nav2_msgs/environment/path.dsv
[8.219s] -- Up-to-date: /home/misaka/fishbot/install/nav2_msgs/share/nav2_msgs/local_setup.bash
[8.219s] -- Up-to-date: /home/misaka/fishbot/install/nav2_msgs/share/nav2_msgs/local_setup.sh
[8.220s] -- Up-to-date: /home/misaka/fishbot/install/nav2_msgs/share/nav2_msgs/local_setup.zsh
[8.220s] -- Up-to-date: /home/misaka/fishbot/install/nav2_msgs/share/nav2_msgs/local_setup.dsv
[8.221s] -- Installing: /home/misaka/fishbot/install/nav2_msgs/share/nav2_msgs/package.dsv
[8.221s] -- Up-to-date: /home/misaka/fishbot/install/nav2_msgs/share/ament_index/resource_index/packages/nav2_msgs
[8.221s] -- Up-to-date: /home/misaka/fishbot/install/nav2_msgs/share/nav2_msgs/cmake/export_nav2_msgs__rosidl_generator_cExport.cmake
[8.221s] -- Up-to-date: /home/misaka/fishbot/install/nav2_msgs/share/nav2_msgs/cmake/export_nav2_msgs__rosidl_generator_cExport-release.cmake
[8.222s] -- Up-to-date: /home/misaka/fishbot/install/nav2_msgs/share/nav2_msgs/cmake/export_nav2_msgs__rosidl_typesupport_fastrtps_cExport.cmake
[8.222s] -- Up-to-date: /home/misaka/fishbot/install/nav2_msgs/share/nav2_msgs/cmake/export_nav2_msgs__rosidl_typesupport_fastrtps_cExport-release.cmake
[8.222s] -- Up-to-date: /home/misaka/fishbot/install/nav2_msgs/share/nav2_msgs/cmake/export_nav2_msgs__rosidl_generator_cppExport.cmake
[8.223s] -- Up-to-date: /home/misaka/fishbot/install/nav2_msgs/share/nav2_msgs/cmake/export_nav2_msgs__rosidl_typesupport_fastrtps_cppExport.cmake
[8.224s] -- Up-to-date: /home/misaka/fishbot/install/nav2_msgs/share/nav2_msgs/cmake/export_nav2_msgs__rosidl_typesupport_fastrtps_cppExport-release.cmake
[8.225s] -- Up-to-date: /home/misaka/fishbot/install/nav2_msgs/share/nav2_msgs/cmake/nav2_msgs__rosidl_typesupport_introspection_cExport.cmake
[8.225s] -- Up-to-date: /home/misaka/fishbot/install/nav2_msgs/share/nav2_msgs/cmake/nav2_msgs__rosidl_typesupport_introspection_cExport-release.cmake
[8.225s] -- Up-to-date: /home/misaka/fishbot/install/nav2_msgs/share/nav2_msgs/cmake/nav2_msgs__rosidl_typesupport_cExport.cmake
[8.225s] -- Up-to-date: /home/misaka/fishbot/install/nav2_msgs/share/nav2_msgs/cmake/nav2_msgs__rosidl_typesupport_cExport-release.cmake
[8.227s] -- Up-to-date: /home/misaka/fishbot/install/nav2_msgs/share/nav2_msgs/cmake/nav2_msgs__rosidl_typesupport_introspection_cppExport.cmake
[8.228s] -- Up-to-date: /home/misaka/fishbot/install/nav2_msgs/share/nav2_msgs/cmake/nav2_msgs__rosidl_typesupport_introspection_cppExport-release.cmake
[8.231s] -- Up-to-date: /home/misaka/fishbot/install/nav2_msgs/share/nav2_msgs/cmake/nav2_msgs__rosidl_typesupport_cppExport.cmake
[8.233s] -- Up-to-date: /home/misaka/fishbot/install/nav2_msgs/share/nav2_msgs/cmake/nav2_msgs__rosidl_typesupport_cppExport-release.cmake
[8.234s] -- Up-to-date: /home/misaka/fishbot/install/nav2_msgs/share/nav2_msgs/cmake/export_nav2_msgs__rosidl_generator_pyExport.cmake
[8.236s] -- Up-to-date: /home/misaka/fishbot/install/nav2_msgs/share/nav2_msgs/cmake/export_nav2_msgs__rosidl_generator_pyExport-release.cmake
[8.237s] -- Up-to-date: /home/misaka/fishbot/install/nav2_msgs/share/nav2_msgs/cmake/rosidl_cmake-extras.cmake
[8.237s] -- Up-to-date: /home/misaka/fishbot/install/nav2_msgs/share/nav2_msgs/cmake/ament_cmake_export_dependencies-extras.cmake
[8.238s] -- Up-to-date: /home/misaka/fishbot/install/nav2_msgs/share/nav2_msgs/cmake/ament_cmake_export_include_directories-extras.cmake
[8.239s] -- Up-to-date: /home/misaka/fishbot/install/nav2_msgs/share/nav2_msgs/cmake/ament_cmake_export_libraries-extras.cmake
[8.240s] -- Up-to-date: /home/misaka/fishbot/install/nav2_msgs/share/nav2_msgs/cmake/ament_cmake_export_targets-extras.cmake
[8.242s] -- Up-to-date: /home/misaka/fishbot/install/nav2_msgs/share/nav2_msgs/cmake/rosidl_cmake_export_typesupport_targets-extras.cmake
[8.243s] -- Up-to-date: /home/misaka/fishbot/install/nav2_msgs/share/nav2_msgs/cmake/rosidl_cmake_export_typesupport_libraries-extras.cmake
[8.244s] -- Up-to-date: /home/misaka/fishbot/install/nav2_msgs/share/nav2_msgs/cmake/nav2_msgsConfig.cmake
[8.245s] -- Up-to-date: /home/misaka/fishbot/install/nav2_msgs/share/nav2_msgs/cmake/nav2_msgsConfig-version.cmake
[8.245s] -- Up-to-date: /home/misaka/fishbot/install/nav2_msgs/share/nav2_msgs/package.xml
[8.262s] Invoked command in '/home/misaka/fishbot/build/nav2_msgs' returned '0': AMENT_PREFIX_PATH=/home/misaka/fishbot/install/nav2_common:${AMENT_PREFIX_PATH} CMAKE_PREFIX_PATH=/home/misaka/fishbot/install/nav2_common:/opt/ros/humble PYTHONPATH=/home/misaka/fishbot/install/nav2_common/local/lib/python3.10/dist-packages:${PYTHONPATH} /usr/bin/cmake --install /home/misaka/fishbot/build/nav2_msgs
