[0.136s] Invoking command in '/home/misaka/fishbot/build/nav2_costmap_2d': AMENT_PREFIX_PATH=/home/misaka/fishbot/install/nav2_map_server:/home/misaka/fishbot/install/nav2_lifecycle_manager:/home/misaka/fishbot/install/nav2_util:/home/misaka/fishbot/install/nav2_voxel_grid:/home/misaka/fishbot/install/nav2_msgs:/home/misaka/fishbot/install/nav2_common:${AMENT_PREFIX_PATH} CMAKE_PREFIX_PATH=/home/misaka/fishbot/install/nav2_map_server:/home/misaka/fishbot/install/nav2_lifecycle_manager:/home/misaka/fishbot/install/nav2_util:/home/misaka/fishbot/install/nav2_voxel_grid:/home/misaka/fishbot/install/nav2_msgs:/home/misaka/fishbot/install/nav2_common:/opt/ros/humble LD_LIBRARY_PATH=/home/misaka/fishbot/install/nav2_map_server/lib:/home/misaka/fishbot/install/nav2_lifecycle_manager/lib:/home/misaka/fishbot/install/nav2_util/lib:/home/misaka/fishbot/install/nav2_voxel_grid/lib:/home/misaka/fishbot/install/nav2_msgs/lib:${LD_LIBRARY_PATH} PYTHONPATH=/home/misaka/fishbot/install/nav2_msgs/local/lib/python3.10/dist-packages:/home/misaka/fishbot/install/nav2_common/local/lib/python3.10/dist-packages:${PYTHONPATH} /usr/bin/cmake /home/misaka/fishbot/src/navigation/nav2_costmap_2d -DCMAKE_INSTALL_PREFIX=/home/misaka/fishbot/install/nav2_costmap_2d
[0.645s] -- The C compiler identification is GNU 11.4.0
[0.887s] -- The CXX compiler identification is GNU 11.4.0
[0.952s] -- Detecting C compiler ABI info
[1.254s] -- Detecting C compiler ABI info - done
[1.278s] -- Check for working C compiler: /usr/bin/cc - skipped
[1.281s] -- Detecting C compile features
[1.284s] -- Detecting C compile features - done
[1.301s] -- Detecting CXX compiler ABI info
[1.645s] -- Detecting CXX compiler ABI info - done
[1.668s] -- Check for working CXX compiler: /usr/bin/c++ - skipped
[1.668s] -- Detecting CXX compile features
[1.669s] -- Detecting CXX compile features - done
[1.692s] -- Found ament_cmake: 1.3.10 (/opt/ros/humble/share/ament_cmake/cmake)
[2.335s] -- Found Python3: /usr/bin/python3 (found version "3.10.12") found components: Interpreter 
[2.921s] -- Found geometry_msgs: 4.2.4 (/opt/ros/humble/share/geometry_msgs/cmake)
[3.202s] -- Found rosidl_generator_c: 3.1.5 (/opt/ros/humble/share/rosidl_generator_c/cmake)
[3.234s] -- Found rosidl_adapter: 3.1.5 (/opt/ros/humble/share/rosidl_adapter/cmake)
[3.294s] -- Found rosidl_generator_cpp: 3.1.5 (/opt/ros/humble/share/rosidl_generator_cpp/cmake)
[3.390s] -- Using all available rosidl_typesupport_c: rosidl_typesupport_fastrtps_c;rosidl_typesupport_introspection_c
[3.511s] -- Using all available rosidl_typesupport_cpp: rosidl_typesupport_fastrtps_cpp;rosidl_typesupport_introspection_cpp
[3.830s] -- Found laser_geometry: 2.4.0 (/opt/ros/humble/share/laser_geometry/cmake)
[4.240s] -- Found rmw_implementation_cmake: 6.1.2 (/opt/ros/humble/share/rmw_implementation_cmake/cmake)
[4.268s] -- Found rmw_fastrtps_cpp: 6.2.7 (/opt/ros/humble/share/rmw_fastrtps_cpp/cmake)
[4.862s] -- Found OpenSSL: /usr/lib/x86_64-linux-gnu/libcrypto.so (found version "3.0.2")  
[4.985s] -- Found FastRTPS: /opt/ros/humble/include  
[5.163s] -- Using RMW implementation 'rmw_fastrtps_cpp' as default
[5.243s] -- Looking for pthread.h
[5.587s] -- Looking for pthread.h - found
[5.588s] -- Performing Test CMAKE_HAVE_LIBC_PTHREAD
[5.963s] -- Performing Test CMAKE_HAVE_LIBC_PTHREAD - Success
[5.969s] -- Found Threads: TRUE  
[6.480s] -- Found map_msgs: 2.1.0 (/opt/ros/humble/share/map_msgs/cmake)
[6.749s] -- Found message_filters: 4.3.5 (/opt/ros/humble/share/message_filters/cmake)
[6.774s] -- Found nav2_common: 1.1.0 (/home/misaka/fishbot/install/nav2_common/share/nav2_common/cmake)
[6.787s] -- Found nav2_msgs: 1.1.0 (/home/misaka/fishbot/install/nav2_msgs/share/nav2_msgs/cmake)
[7.134s] -- Found nav2_util: 1.1.0 (/home/misaka/fishbot/install/nav2_util/share/nav2_util/cmake)
[7.635s] -- Found Eigen3: TRUE (found version "3.4.0") 
[7.635s] -- Ensuring Eigen3 include directory is part of orocos-kdl CMake target
[7.961s] -- Found nav2_voxel_grid: 1.1.0 (/home/misaka/fishbot/install/nav2_voxel_grid/share/nav2_voxel_grid/cmake)
[7.985s] -- Found pluginlib: 5.1.0 (/opt/ros/humble/share/pluginlib/cmake)
[8.090s] -- Found tf2_sensor_msgs: 0.25.8 (/opt/ros/humble/share/tf2_sensor_msgs/cmake)
[8.129s] -- Found visualization_msgs: 4.2.4 (/opt/ros/humble/share/visualization_msgs/cmake)
[8.277s] -- Found angles: 1.15.0 (/opt/ros/humble/share/angles/cmake)
[8.291s] -- Setting build type to Release as none was specified.
[8.797s] -- Found ament_lint_auto: 0.12.11 (/opt/ros/humble/share/ament_lint_auto/cmake)
[9.799s] -- Found gtest sources under '/opt/ros/humble/src/gtest_vendor': C++ tests using 'Google Test' will be built
[9.871s] -- Found gtest sources under '/opt/ros/humble/src/gtest_vendor': C++ tests using 'Google Test' will be built
[10.489s] -- Found gtest sources under '/opt/ros/humble/src/gtest_vendor': C++ tests using 'Google Test' will be built
[10.555s] -- Added test 'cppcheck' to perform static code analysis on C / C++ code
[10.562s] -- Configured cppcheck include dirs: /home/misaka/fishbot/src/navigation/nav2_costmap_2d/include
[10.562s] -- Configured cppcheck exclude dirs and/or files: 
[10.569s] -- Added test 'flake8' to check Python code syntax and style conventions
[10.578s] -- Added test 'lint_cmake' to check CMake code style
[10.585s] -- Added test 'pep257' to check Python code against some of the docstring style conventions in PEP 257
[10.615s] -- Added test 'uncrustify' to check C / C++ code style
[10.615s] -- Configured uncrustify additional arguments: 
[10.623s] -- Added test 'xmllint' to check XML markup files
[10.653s] -- Configuring done
[14.026s] -- Generating done
[14.049s] -- Build files have been written to: /home/misaka/fishbot/build/nav2_costmap_2d
[14.119s] Invoked command in '/home/misaka/fishbot/build/nav2_costmap_2d' returned '0': AMENT_PREFIX_PATH=/home/misaka/fishbot/install/nav2_map_server:/home/misaka/fishbot/install/nav2_lifecycle_manager:/home/misaka/fishbot/install/nav2_util:/home/misaka/fishbot/install/nav2_voxel_grid:/home/misaka/fishbot/install/nav2_msgs:/home/misaka/fishbot/install/nav2_common:${AMENT_PREFIX_PATH} CMAKE_PREFIX_PATH=/home/misaka/fishbot/install/nav2_map_server:/home/misaka/fishbot/install/nav2_lifecycle_manager:/home/misaka/fishbot/install/nav2_util:/home/misaka/fishbot/install/nav2_voxel_grid:/home/misaka/fishbot/install/nav2_msgs:/home/misaka/fishbot/install/nav2_common:/opt/ros/humble LD_LIBRARY_PATH=/home/misaka/fishbot/install/nav2_map_server/lib:/home/misaka/fishbot/install/nav2_lifecycle_manager/lib:/home/misaka/fishbot/install/nav2_util/lib:/home/misaka/fishbot/install/nav2_voxel_grid/lib:/home/misaka/fishbot/install/nav2_msgs/lib:${LD_LIBRARY_PATH} PYTHONPATH=/home/misaka/fishbot/install/nav2_msgs/local/lib/python3.10/dist-packages:/home/misaka/fishbot/install/nav2_common/local/lib/python3.10/dist-packages:${PYTHONPATH} /usr/bin/cmake /home/misaka/fishbot/src/navigation/nav2_costmap_2d -DCMAKE_INSTALL_PREFIX=/home/misaka/fishbot/install/nav2_costmap_2d
[14.129s] Invoking command in '/home/misaka/fishbot/build/nav2_costmap_2d': AMENT_PREFIX_PATH=/home/misaka/fishbot/install/nav2_map_server:/home/misaka/fishbot/install/nav2_lifecycle_manager:/home/misaka/fishbot/install/nav2_util:/home/misaka/fishbot/install/nav2_voxel_grid:/home/misaka/fishbot/install/nav2_msgs:/home/misaka/fishbot/install/nav2_common:${AMENT_PREFIX_PATH} CMAKE_PREFIX_PATH=/home/misaka/fishbot/install/nav2_map_server:/home/misaka/fishbot/install/nav2_lifecycle_manager:/home/misaka/fishbot/install/nav2_util:/home/misaka/fishbot/install/nav2_voxel_grid:/home/misaka/fishbot/install/nav2_msgs:/home/misaka/fishbot/install/nav2_common:/opt/ros/humble LD_LIBRARY_PATH=/home/misaka/fishbot/install/nav2_map_server/lib:/home/misaka/fishbot/install/nav2_lifecycle_manager/lib:/home/misaka/fishbot/install/nav2_util/lib:/home/misaka/fishbot/install/nav2_voxel_grid/lib:/home/misaka/fishbot/install/nav2_msgs/lib:${LD_LIBRARY_PATH} PYTHONPATH=/home/misaka/fishbot/install/nav2_msgs/local/lib/python3.10/dist-packages:/home/misaka/fishbot/install/nav2_common/local/lib/python3.10/dist-packages:${PYTHONPATH} /usr/bin/cmake --build /home/misaka/fishbot/build/nav2_costmap_2d -- -j16 -l16
[14.422s] [  1%] [32mBuilding CXX object gtest/CMakeFiles/gtest_main.dir/src/gtest_main.cc.o[0m
[14.423s] [  3%] [32mBuilding CXX object gtest/CMakeFiles/gtest.dir/src/gtest-all.cc.o[0m
[14.430s] [  4%] [32mBuilding CXX object CMakeFiles/nav2_costmap_2d_core.dir/src/costmap_2d.cpp.o[0m
[14.432s] [  6%] [32mBuilding CXX object CMakeFiles/nav2_costmap_2d_core.dir/src/layer.cpp.o[0m
[14.443s] [  7%] [32mBuilding CXX object CMakeFiles/nav2_costmap_2d_core.dir/src/costmap_2d_publisher.cpp.o[0m
[14.444s] [ 10%] [32mBuilding CXX object CMakeFiles/nav2_costmap_2d_core.dir/src/costmap_2d_ros.cpp.o[0m
[14.444s] [ 12%] [32mBuilding CXX object CMakeFiles/nav2_costmap_2d_core.dir/src/footprint.cpp.o[0m
[14.444s] [ 13%] [32mBuilding CXX object CMakeFiles/nav2_costmap_2d_core.dir/src/costmap_layer.cpp.o[0m
[14.445s] [ 13%] [32mBuilding CXX object CMakeFiles/nav2_costmap_2d_core.dir/src/layered_costmap.cpp.o[0m
[14.446s] [ 15%] [32mBuilding CXX object CMakeFiles/nav2_costmap_2d_core.dir/src/array_parser.cpp.o[0m
[14.450s] [ 18%] [32mBuilding CXX object CMakeFiles/nav2_costmap_2d_core.dir/src/observation_buffer.cpp.o[0m
[14.451s] [ 18%] [32mBuilding CXX object CMakeFiles/nav2_costmap_2d_core.dir/src/footprint_collision_checker.cpp.o[0m
[14.452s] [ 21%] [32mBuilding CXX object CMakeFiles/nav2_costmap_2d_core.dir/src/clear_costmap_service.cpp.o[0m
[14.452s] [ 21%] [32mBuilding CXX object CMakeFiles/nav2_costmap_2d_core.dir/src/costmap_math.cpp.o[0m
[14.452s] [ 22%] [32mBuilding CXX object CMakeFiles/nav2_costmap_2d_core.dir/plugins/costmap_filters/costmap_filter.cpp.o[0m
[19.095s] [ 24%] [32m[1mLinking CXX static library libgtest_main.a[0m
[19.332s] [ 24%] Built target gtest_main
[45.996s] [ 25%] [32m[1mLinking CXX static library libgtest.a[0m
[46.178s] [ 25%] Built target gtest
[82.636s] [ 27%] [32m[1mLinking CXX shared library libnav2_costmap_2d_core.so[0m
[83.991s] [ 27%] Built target nav2_costmap_2d_core
[84.121s] [ 28%] [32mBuilding CXX object CMakeFiles/layers.dir/plugins/inflation_layer.cpp.o[0m
[84.131s] [ 30%] [32mBuilding CXX object CMakeFiles/nav2_costmap_2d_client.dir/src/footprint_subscriber.cpp.o[0m
[84.131s] [ 31%] [32mBuilding CXX object test/unit/CMakeFiles/costmap_convesion_test.dir/costmap_conversion_test.cpp.o[0m
[84.132s] [ 34%] [32mBuilding CXX object CMakeFiles/layers.dir/plugins/obstacle_layer.cpp.o[0m
[84.132s] [ 36%] [32mBuilding CXX object CMakeFiles/filters.dir/plugins/costmap_filters/speed_filter.cpp.o[0m
[84.133s] [ 36%] [32mBuilding CXX object CMakeFiles/layers.dir/src/observation_buffer.cpp.o[0m
[84.133s] [ 37%] [32mBuilding CXX object test/unit/CMakeFiles/array_parser_test.dir/array_parser_test.cpp.o[0m
[84.133s] [ 39%] [32mBuilding CXX object test/unit/CMakeFiles/declare_parameter_test.dir/declare_parameter_test.cpp.o[0m
[84.133s] [ 40%] [32mBuilding CXX object CMakeFiles/layers.dir/plugins/static_layer.cpp.o[0m
[84.134s] [ 42%] [32mBuilding CXX object CMakeFiles/nav2_costmap_2d_cloud.dir/src/costmap_2d_cloud.cpp.o[0m
[84.134s] [ 43%] [32mBuilding CXX object CMakeFiles/nav2_costmap_2d_markers.dir/src/costmap_2d_markers.cpp.o[0m
[84.136s] [ 45%] [32mBuilding CXX object CMakeFiles/filters.dir/plugins/costmap_filters/keepout_filter.cpp.o[0m
[84.141s] [ 46%] [32mBuilding CXX object test/unit/CMakeFiles/collision_footprint_test.dir/footprint_collision_checker_test.cpp.o[0m
[84.149s] [ 48%] [32mBuilding CXX object test/regression/CMakeFiles/costmap_bresenham_2d.dir/costmap_bresenham_2d.cpp.o[0m
[84.167s] [ 50%] [32mBuilding CXX object test/unit/CMakeFiles/copy_window_test.dir/copy_window_test.cpp.o[0m
[84.171s] [ 51%] [32mBuilding CXX object test/integration/CMakeFiles/dyn_params_tests.dir/dyn_params_tests.cpp.o[0m
[92.295s] [ 53%] [32m[1mLinking CXX executable costmap_bresenham_2d[0m
[92.417s] [ 54%] [32m[1mLinking CXX executable array_parser_test[0m
[93.633s] [ 54%] Built target costmap_bresenham_2d
[93.669s] [ 56%] [32mBuilding CXX object CMakeFiles/nav2_costmap_2d_client.dir/src/costmap_subscriber.cpp.o[0m
[93.705s] [ 56%] Built target array_parser_test
[93.761s] [ 57%] [32mBuilding CXX object CMakeFiles/layers.dir/plugins/voxel_layer.cpp.o[0m
[103.397s] [ 59%] [32m[1mLinking CXX executable copy_window_test[0m
[105.618s] [ 60%] [32m[1mLinking CXX executable costmap_convesion_test[0m
[106.104s] [ 60%] Built target copy_window_test
[106.238s] [ 62%] [32mBuilding CXX object CMakeFiles/nav2_costmap_2d_client.dir/src/costmap_topic_collision_checker.cpp.o[0m
[107.506s] [ 62%] Built target costmap_convesion_test
[107.669s] [ 63%] [32mBuilding CXX object CMakeFiles/layers.dir/plugins/range_sensor_layer.cpp.o[0m
[107.973s] [ 65%] [32m[1mLinking CXX executable declare_parameter_test[0m
[109.461s] [ 65%] Built target declare_parameter_test
[109.781s] [ 66%] [32m[1mLinking CXX executable collision_footprint_test[0m
[110.933s] [ 66%] Built target collision_footprint_test
[124.629s] [ 68%] [32m[1mLinking CXX executable dyn_params_tests[0m
[127.453s] [ 68%] Built target dyn_params_tests
[142.382s] [ 69%] [32m[1mLinking CXX executable nav2_costmap_2d_markers[0m
[143.530s] [ 69%] Built target nav2_costmap_2d_markers
[144.717s] [ 71%] [32m[1mLinking CXX executable nav2_costmap_2d_cloud[0m
[145.832s] [ 71%] Built target nav2_costmap_2d_cloud
[146.745s] [ 72%] [32m[1mLinking CXX shared library libnav2_costmap_2d_client.so[0m
[148.644s] [ 72%] Built target nav2_costmap_2d_client
[171.598s] [ 74%] [32m[1mLinking CXX shared library libfilters.so[0m
[173.170s] [ 74%] Built target filters
[173.396s] [ 75%] [32mBuilding CXX object test/unit/CMakeFiles/speed_filter_test.dir/speed_filter_test.cpp.o[0m
[173.399s] [ 77%] [32mBuilding CXX object test/unit/CMakeFiles/keepout_filter_test.dir/keepout_filter_test.cpp.o[0m
[177.892s] [ 78%] [32m[1mLinking CXX shared library liblayers.so[0m
[180.123s] [ 78%] Built target layers
[180.262s] [ 80%] [32mBuilding CXX object CMakeFiles/nav2_costmap_2d.dir/src/costmap_2d_node.cpp.o[0m
[180.273s] [ 81%] [32mBuilding CXX object test/integration/CMakeFiles/footprint_tests_exec.dir/footprint_tests.cpp.o[0m
[180.278s] [ 83%] [32mBuilding CXX object test/integration/CMakeFiles/test_collision_checker_exec.dir/test_costmap_topic_collision_checker.cpp.o[0m
[180.279s] [ 84%] [32mBuilding CXX object test/integration/CMakeFiles/inflation_tests_exec.dir/inflation_tests.cpp.o[0m
[180.287s] [ 86%] [32mBuilding CXX object test/integration/CMakeFiles/obstacle_tests_exec.dir/obstacle_tests.cpp.o[0m
[180.287s] [ 87%] [32mBuilding CXX object test/integration/CMakeFiles/range_tests_exec.dir/range_tests.cpp.o[0m
[201.558s] [ 89%] [32m[1mLinking CXX executable footprint_tests_exec[0m
[203.262s] [ 89%] Built target footprint_tests_exec
[203.763s] [ 90%] [32m[1mLinking CXX executable nav2_costmap_2d[0m
[205.231s] [ 90%] Built target nav2_costmap_2d
[211.693s] [ 92%] [32m[1mLinking CXX executable keepout_filter_test[0m
[212.796s] [ 93%] [32m[1mLinking CXX executable range_tests_exec[0m
[213.335s] [ 93%] Built target keepout_filter_test
[214.883s] [ 93%] Built target range_tests_exec
[223.465s] [ 95%] [32m[1mLinking CXX executable obstacle_tests_exec[0m
[223.802s] [ 96%] [32m[1mLinking CXX executable inflation_tests_exec[0m
[223.923s] [ 98%] [32m[1mLinking CXX executable test_collision_checker_exec[0m
[225.463s] [ 98%] Built target obstacle_tests_exec
[225.781s] [ 98%] Built target inflation_tests_exec
[225.954s] [ 98%] Built target test_collision_checker_exec
[234.807s] [100%] [32m[1mLinking CXX executable speed_filter_test[0m
[236.325s] [100%] Built target speed_filter_test
[236.927s] Invoked command in '/home/misaka/fishbot/build/nav2_costmap_2d' returned '0': AMENT_PREFIX_PATH=/home/misaka/fishbot/install/nav2_map_server:/home/misaka/fishbot/install/nav2_lifecycle_manager:/home/misaka/fishbot/install/nav2_util:/home/misaka/fishbot/install/nav2_voxel_grid:/home/misaka/fishbot/install/nav2_msgs:/home/misaka/fishbot/install/nav2_common:${AMENT_PREFIX_PATH} CMAKE_PREFIX_PATH=/home/misaka/fishbot/install/nav2_map_server:/home/misaka/fishbot/install/nav2_lifecycle_manager:/home/misaka/fishbot/install/nav2_util:/home/misaka/fishbot/install/nav2_voxel_grid:/home/misaka/fishbot/install/nav2_msgs:/home/misaka/fishbot/install/nav2_common:/opt/ros/humble LD_LIBRARY_PATH=/home/misaka/fishbot/install/nav2_map_server/lib:/home/misaka/fishbot/install/nav2_lifecycle_manager/lib:/home/misaka/fishbot/install/nav2_util/lib:/home/misaka/fishbot/install/nav2_voxel_grid/lib:/home/misaka/fishbot/install/nav2_msgs/lib:${LD_LIBRARY_PATH} PYTHONPATH=/home/misaka/fishbot/install/nav2_msgs/local/lib/python3.10/dist-packages:/home/misaka/fishbot/install/nav2_common/local/lib/python3.10/dist-packages:${PYTHONPATH} /usr/bin/cmake --build /home/misaka/fishbot/build/nav2_costmap_2d -- -j16 -l16
[238.105s] Invoking command in '/home/misaka/fishbot/build/nav2_costmap_2d': AMENT_PREFIX_PATH=/home/misaka/fishbot/install/nav2_map_server:/home/misaka/fishbot/install/nav2_lifecycle_manager:/home/misaka/fishbot/install/nav2_util:/home/misaka/fishbot/install/nav2_voxel_grid:/home/misaka/fishbot/install/nav2_msgs:/home/misaka/fishbot/install/nav2_common:${AMENT_PREFIX_PATH} CMAKE_PREFIX_PATH=/home/misaka/fishbot/install/nav2_map_server:/home/misaka/fishbot/install/nav2_lifecycle_manager:/home/misaka/fishbot/install/nav2_util:/home/misaka/fishbot/install/nav2_voxel_grid:/home/misaka/fishbot/install/nav2_msgs:/home/misaka/fishbot/install/nav2_common:/opt/ros/humble LD_LIBRARY_PATH=/home/misaka/fishbot/install/nav2_map_server/lib:/home/misaka/fishbot/install/nav2_lifecycle_manager/lib:/home/misaka/fishbot/install/nav2_util/lib:/home/misaka/fishbot/install/nav2_voxel_grid/lib:/home/misaka/fishbot/install/nav2_msgs/lib:${LD_LIBRARY_PATH} PYTHONPATH=/home/misaka/fishbot/install/nav2_msgs/local/lib/python3.10/dist-packages:/home/misaka/fishbot/install/nav2_common/local/lib/python3.10/dist-packages:${PYTHONPATH} /usr/bin/cmake --install /home/misaka/fishbot/build/nav2_costmap_2d
[238.141s] -- Install configuration: "Release"
[238.145s] -- Installing: /home/misaka/fishbot/install/nav2_costmap_2d/lib/libnav2_costmap_2d_core.so
[238.172s] -- Set runtime path of "/home/misaka/fishbot/install/nav2_costmap_2d/lib/libnav2_costmap_2d_core.so" to ""
[238.173s] -- Installing: /home/misaka/fishbot/install/nav2_costmap_2d/lib/liblayers.so
[238.187s] -- Set runtime path of "/home/misaka/fishbot/install/nav2_costmap_2d/lib/liblayers.so" to ""
[238.187s] -- Installing: /home/misaka/fishbot/install/nav2_costmap_2d/lib/libfilters.so
[238.194s] -- Set runtime path of "/home/misaka/fishbot/install/nav2_costmap_2d/lib/libfilters.so" to ""
[238.194s] -- Installing: /home/misaka/fishbot/install/nav2_costmap_2d/lib/libnav2_costmap_2d_client.so
[238.201s] -- Set runtime path of "/home/misaka/fishbot/install/nav2_costmap_2d/lib/libnav2_costmap_2d_client.so" to ""
[238.202s] -- Installing: /home/misaka/fishbot/install/nav2_costmap_2d/lib/nav2_costmap_2d/nav2_costmap_2d
[238.203s] -- Set runtime path of "/home/misaka/fishbot/install/nav2_costmap_2d/lib/nav2_costmap_2d/nav2_costmap_2d" to ""
[238.204s] -- Installing: /home/misaka/fishbot/install/nav2_costmap_2d/lib/nav2_costmap_2d/nav2_costmap_2d_markers
[238.208s] -- Set runtime path of "/home/misaka/fishbot/install/nav2_costmap_2d/lib/nav2_costmap_2d/nav2_costmap_2d_markers" to ""
[238.209s] -- Installing: /home/misaka/fishbot/install/nav2_costmap_2d/lib/nav2_costmap_2d/nav2_costmap_2d_cloud
[238.213s] -- Set runtime path of "/home/misaka/fishbot/install/nav2_costmap_2d/lib/nav2_costmap_2d/nav2_costmap_2d_cloud" to ""
[238.214s] -- Installing: /home/misaka/fishbot/install/nav2_costmap_2d/share/nav2_costmap_2d/costmap_plugins.xml
[238.217s] -- Installing: /home/misaka/fishbot/install/nav2_costmap_2d/include/
[238.219s] -- Installing: /home/misaka/fishbot/install/nav2_costmap_2d/include//nav2_costmap_2d
[238.220s] -- Installing: /home/misaka/fishbot/install/nav2_costmap_2d/include//nav2_costmap_2d/costmap_topic_collision_checker.hpp
[238.220s] -- Installing: /home/misaka/fishbot/install/nav2_costmap_2d/include//nav2_costmap_2d/obstacle_layer.hpp
[238.221s] -- Installing: /home/misaka/fishbot/install/nav2_costmap_2d/include//nav2_costmap_2d/costmap_math.hpp
[238.221s] -- Installing: /home/misaka/fishbot/install/nav2_costmap_2d/include//nav2_costmap_2d/costmap_2d.hpp
[238.222s] -- Installing: /home/misaka/fishbot/install/nav2_costmap_2d/include//nav2_costmap_2d/costmap_2d_ros.hpp
[238.222s] -- Installing: /home/misaka/fishbot/install/nav2_costmap_2d/include//nav2_costmap_2d/footprint_subscriber.hpp
[238.223s] -- Installing: /home/misaka/fishbot/install/nav2_costmap_2d/include//nav2_costmap_2d/clear_costmap_service.hpp
[238.223s] -- Installing: /home/misaka/fishbot/install/nav2_costmap_2d/include//nav2_costmap_2d/cost_values.hpp
[238.223s] -- Installing: /home/misaka/fishbot/install/nav2_costmap_2d/include//nav2_costmap_2d/voxel_layer.hpp
[238.225s] -- Installing: /home/misaka/fishbot/install/nav2_costmap_2d/include//nav2_costmap_2d/static_layer.hpp
[238.226s] -- Installing: /home/misaka/fishbot/install/nav2_costmap_2d/include//nav2_costmap_2d/footprint_collision_checker.hpp
[238.226s] -- Installing: /home/misaka/fishbot/install/nav2_costmap_2d/include//nav2_costmap_2d/observation_buffer.hpp
[238.226s] -- Installing: /home/misaka/fishbot/install/nav2_costmap_2d/include//nav2_costmap_2d/costmap_2d_publisher.hpp
[238.226s] -- Installing: /home/misaka/fishbot/install/nav2_costmap_2d/include//nav2_costmap_2d/layered_costmap.hpp
[238.227s] -- Installing: /home/misaka/fishbot/install/nav2_costmap_2d/include//nav2_costmap_2d/range_sensor_layer.hpp
[238.227s] -- Installing: /home/misaka/fishbot/install/nav2_costmap_2d/include//nav2_costmap_2d/footprint.hpp
[238.227s] -- Installing: /home/misaka/fishbot/install/nav2_costmap_2d/include//nav2_costmap_2d/exceptions.hpp
[238.228s] -- Installing: /home/misaka/fishbot/install/nav2_costmap_2d/include//nav2_costmap_2d/array_parser.hpp
[238.231s] -- Installing: /home/misaka/fishbot/install/nav2_costmap_2d/include//nav2_costmap_2d/layer.hpp
[238.231s] -- Installing: /home/misaka/fishbot/install/nav2_costmap_2d/include//nav2_costmap_2d/costmap_layer.hpp
[238.232s] -- Installing: /home/misaka/fishbot/install/nav2_costmap_2d/include//nav2_costmap_2d/costmap_filters
[238.233s] -- Installing: /home/misaka/fishbot/install/nav2_costmap_2d/include//nav2_costmap_2d/costmap_filters/costmap_filter.hpp
[238.233s] -- Installing: /home/misaka/fishbot/install/nav2_costmap_2d/include//nav2_costmap_2d/costmap_filters/speed_filter.hpp
[238.233s] -- Installing: /home/misaka/fishbot/install/nav2_costmap_2d/include//nav2_costmap_2d/costmap_filters/filter_values.hpp
[238.233s] -- Installing: /home/misaka/fishbot/install/nav2_costmap_2d/include//nav2_costmap_2d/costmap_filters/keepout_filter.hpp
[238.233s] -- Installing: /home/misaka/fishbot/install/nav2_costmap_2d/include//nav2_costmap_2d/observation.hpp
[238.233s] -- Installing: /home/misaka/fishbot/install/nav2_costmap_2d/include//nav2_costmap_2d/inflation_layer.hpp
[238.234s] -- Installing: /home/misaka/fishbot/install/nav2_costmap_2d/include//nav2_costmap_2d/costmap_subscriber.hpp
[238.239s] -- Installing: /home/misaka/fishbot/install/nav2_costmap_2d/share/nav2_costmap_2d/environment/library_path.sh
[238.242s] -- Installing: /home/misaka/fishbot/install/nav2_costmap_2d/share/nav2_costmap_2d/environment/library_path.dsv
[238.246s] -- Up-to-date: /home/misaka/fishbot/install/nav2_costmap_2d/share/nav2_costmap_2d/costmap_plugins.xml
[238.252s] -- Installing: /home/misaka/fishbot/install/nav2_costmap_2d/share/ament_index/resource_index/package_run_dependencies/nav2_costmap_2d
[238.255s] -- Installing: /home/misaka/fishbot/install/nav2_costmap_2d/share/ament_index/resource_index/parent_prefix_path/nav2_costmap_2d
[238.266s] -- Installing: /home/misaka/fishbot/install/nav2_costmap_2d/share/nav2_costmap_2d/environment/ament_prefix_path.sh
[238.269s] -- Installing: /home/misaka/fishbot/install/nav2_costmap_2d/share/nav2_costmap_2d/environment/ament_prefix_path.dsv
[238.271s] -- Installing: /home/misaka/fishbot/install/nav2_costmap_2d/share/nav2_costmap_2d/environment/path.sh
[238.273s] -- Installing: /home/misaka/fishbot/install/nav2_costmap_2d/share/nav2_costmap_2d/environment/path.dsv
[238.275s] -- Installing: /home/misaka/fishbot/install/nav2_costmap_2d/share/nav2_costmap_2d/local_setup.bash
[238.278s] -- Installing: /home/misaka/fishbot/install/nav2_costmap_2d/share/nav2_costmap_2d/local_setup.sh
[238.279s] -- Installing: /home/misaka/fishbot/install/nav2_costmap_2d/share/nav2_costmap_2d/local_setup.zsh
[238.281s] -- Installing: /home/misaka/fishbot/install/nav2_costmap_2d/share/nav2_costmap_2d/local_setup.dsv
[238.283s] -- Installing: /home/misaka/fishbot/install/nav2_costmap_2d/share/nav2_costmap_2d/package.dsv
[238.287s] -- Installing: /home/misaka/fishbot/install/nav2_costmap_2d/share/ament_index/resource_index/packages/nav2_costmap_2d
[238.290s] -- Installing: /home/misaka/fishbot/install/nav2_costmap_2d/share/ament_index/resource_index/nav2_costmap_2d__pluginlib__plugin/nav2_costmap_2d
[238.294s] -- Installing: /home/misaka/fishbot/install/nav2_costmap_2d/share/nav2_costmap_2d/cmake/ament_cmake_export_include_directories-extras.cmake
[238.297s] -- Installing: /home/misaka/fishbot/install/nav2_costmap_2d/share/nav2_costmap_2d/cmake/ament_cmake_export_libraries-extras.cmake
[238.300s] -- Installing: /home/misaka/fishbot/install/nav2_costmap_2d/share/nav2_costmap_2d/cmake/ament_cmake_export_dependencies-extras.cmake
[238.304s] -- Installing: /home/misaka/fishbot/install/nav2_costmap_2d/share/nav2_costmap_2d/cmake/nav2_costmap_2dConfig.cmake
[238.306s] -- Installing: /home/misaka/fishbot/install/nav2_costmap_2d/share/nav2_costmap_2d/cmake/nav2_costmap_2dConfig-version.cmake
[238.308s] -- Installing: /home/misaka/fishbot/install/nav2_costmap_2d/share/nav2_costmap_2d/package.xml
[238.339s] Invoked command in '/home/misaka/fishbot/build/nav2_costmap_2d' returned '0': AMENT_PREFIX_PATH=/home/misaka/fishbot/install/nav2_map_server:/home/misaka/fishbot/install/nav2_lifecycle_manager:/home/misaka/fishbot/install/nav2_util:/home/misaka/fishbot/install/nav2_voxel_grid:/home/misaka/fishbot/install/nav2_msgs:/home/misaka/fishbot/install/nav2_common:${AMENT_PREFIX_PATH} CMAKE_PREFIX_PATH=/home/misaka/fishbot/install/nav2_map_server:/home/misaka/fishbot/install/nav2_lifecycle_manager:/home/misaka/fishbot/install/nav2_util:/home/misaka/fishbot/install/nav2_voxel_grid:/home/misaka/fishbot/install/nav2_msgs:/home/misaka/fishbot/install/nav2_common:/opt/ros/humble LD_LIBRARY_PATH=/home/misaka/fishbot/install/nav2_map_server/lib:/home/misaka/fishbot/install/nav2_lifecycle_manager/lib:/home/misaka/fishbot/install/nav2_util/lib:/home/misaka/fishbot/install/nav2_voxel_grid/lib:/home/misaka/fishbot/install/nav2_msgs/lib:${LD_LIBRARY_PATH} PYTHONPATH=/home/misaka/fishbot/install/nav2_msgs/local/lib/python3.10/dist-packages:/home/misaka/fishbot/install/nav2_common/local/lib/python3.10/dist-packages:${PYTHONPATH} /usr/bin/cmake --install /home/misaka/fishbot/build/nav2_costmap_2d
