[0.094s] Invoking command in '/home/misaka/fishbot/build/dwb_msgs': AMENT_PREFIX_PATH=/home/misaka/fishbot/install/nav_2d_msgs:${AMENT_PREFIX_PATH} CMAKE_PREFIX_PATH=/home/misaka/fishbot/install/nav_2d_msgs:/opt/ros/humble LD_LIBRARY_PATH=/home/misaka/fishbot/install/nav_2d_msgs/lib:${LD_LIBRARY_PATH} PYTHONPATH=/home/misaka/fishbot/install/nav_2d_msgs/local/lib/python3.10/dist-packages:${PYTHONPATH} /usr/bin/cmake --build /home/misaka/fishbot/build/dwb_msgs -- -j16 -l16
[0.399s] [  1%] Built target dwb_msgs__cpp
[0.413s] [ 12%] Built target dwb_msgs__rosidl_generator_c
[0.483s] [ 12%] Built target ament_cmake_python_copy_dwb_msgs
[0.545s] [ 24%] Built target dwb_msgs__rosidl_typesupport_c
[0.550s] [ 35%] Built target dwb_msgs__rosidl_typesupport_introspection_cpp
[0.557s] [ 47%] Built target dwb_msgs__rosidl_typesupport_fastrtps_cpp
[0.564s] [ 65%] Built target dwb_msgs__rosidl_typesupport_fastrtps_c
[0.567s] [ 70%] Built target dwb_msgs__rosidl_typesupport_cpp
[0.570s] [ 82%] Built target dwb_msgs__rosidl_typesupport_introspection_c
[0.699s] [ 82%] Built target dwb_msgs
[0.911s] [ 83%] Built target dwb_msgs__py
[0.984s] [ 93%] Built target dwb_msgs__rosidl_generator_py
[1.132s] [ 95%] Built target dwb_msgs__rosidl_typesupport_introspection_c__pyext
[1.135s] [ 97%] Built target dwb_msgs__rosidl_typesupport_c__pyext
[1.148s] [100%] Built target dwb_msgs__rosidl_typesupport_fastrtps_c__pyext
[1.609s] running egg_info
[1.613s] writing dwb_msgs.egg-info/PKG-INFO
[1.614s] writing dependency_links to dwb_msgs.egg-info/dependency_links.txt
[1.615s] writing top-level names to dwb_msgs.egg-info/top_level.txt
[1.627s] reading manifest file 'dwb_msgs.egg-info/SOURCES.txt'
[1.632s] writing manifest file 'dwb_msgs.egg-info/SOURCES.txt'
[1.759s] [100%] Built target ament_cmake_python_build_dwb_msgs_egg
[1.823s] Invoked command in '/home/misaka/fishbot/build/dwb_msgs' returned '0': AMENT_PREFIX_PATH=/home/misaka/fishbot/install/nav_2d_msgs:${AMENT_PREFIX_PATH} CMAKE_PREFIX_PATH=/home/misaka/fishbot/install/nav_2d_msgs:/opt/ros/humble LD_LIBRARY_PATH=/home/misaka/fishbot/install/nav_2d_msgs/lib:${LD_LIBRARY_PATH} PYTHONPATH=/home/misaka/fishbot/install/nav_2d_msgs/local/lib/python3.10/dist-packages:${PYTHONPATH} /usr/bin/cmake --build /home/misaka/fishbot/build/dwb_msgs -- -j16 -l16
[3.929s] Invoking command in '/home/misaka/fishbot/build/dwb_msgs': AMENT_PREFIX_PATH=/home/misaka/fishbot/install/nav_2d_msgs:${AMENT_PREFIX_PATH} CMAKE_PREFIX_PATH=/home/misaka/fishbot/install/nav_2d_msgs:/opt/ros/humble LD_LIBRARY_PATH=/home/misaka/fishbot/install/nav_2d_msgs/lib:${LD_LIBRARY_PATH} PYTHONPATH=/home/misaka/fishbot/install/nav_2d_msgs/local/lib/python3.10/dist-packages:${PYTHONPATH} /usr/bin/cmake --install /home/misaka/fishbot/build/dwb_msgs
[3.985s] -- Install configuration: ""
[3.987s] -- Up-to-date: /home/misaka/fishbot/install/dwb_msgs/share/ament_index/resource_index/rosidl_interfaces/dwb_msgs
[3.990s] -- Up-to-date: /home/misaka/fishbot/install/dwb_msgs/include/dwb_msgs/dwb_msgs
[3.991s] -- Up-to-date: /home/misaka/fishbot/install/dwb_msgs/include/dwb_msgs/dwb_msgs/srv
[3.991s] -- Up-to-date: /home/misaka/fishbot/install/dwb_msgs/include/dwb_msgs/dwb_msgs/srv/generate_trajectory.h
[3.992s] -- Up-to-date: /home/misaka/fishbot/install/dwb_msgs/include/dwb_msgs/dwb_msgs/srv/get_critic_score.h
[3.992s] -- Up-to-date: /home/misaka/fishbot/install/dwb_msgs/include/dwb_msgs/dwb_msgs/srv/detail
[3.992s] -- Up-to-date: /home/misaka/fishbot/install/dwb_msgs/include/dwb_msgs/dwb_msgs/srv/detail/score_trajectory__struct.h
[3.995s] -- Up-to-date: /home/misaka/fishbot/install/dwb_msgs/include/dwb_msgs/dwb_msgs/srv/detail/debug_local_plan__struct.h
[3.997s] -- Up-to-date: /home/misaka/fishbot/install/dwb_msgs/include/dwb_msgs/dwb_msgs/srv/detail/get_critic_score__struct.h
[3.998s] -- Up-to-date: /home/misaka/fishbot/install/dwb_msgs/include/dwb_msgs/dwb_msgs/srv/detail/generate_trajectory__functions.h
[3.999s] -- Up-to-date: /home/misaka/fishbot/install/dwb_msgs/include/dwb_msgs/dwb_msgs/srv/detail/debug_local_plan__functions.h
[4.000s] -- Up-to-date: /home/misaka/fishbot/install/dwb_msgs/include/dwb_msgs/dwb_msgs/srv/detail/get_critic_score__functions.h
[4.000s] -- Up-to-date: /home/misaka/fishbot/install/dwb_msgs/include/dwb_msgs/dwb_msgs/srv/detail/generate_trajectory__type_support.h
[4.002s] -- Up-to-date: /home/misaka/fishbot/install/dwb_msgs/include/dwb_msgs/dwb_msgs/srv/detail/score_trajectory__functions.c
[4.003s] -- Up-to-date: /home/misaka/fishbot/install/dwb_msgs/include/dwb_msgs/dwb_msgs/srv/detail/generate_twists__functions.c
[4.003s] -- Up-to-date: /home/misaka/fishbot/install/dwb_msgs/include/dwb_msgs/dwb_msgs/srv/detail/debug_local_plan__type_support.h
[4.003s] -- Up-to-date: /home/misaka/fishbot/install/dwb_msgs/include/dwb_msgs/dwb_msgs/srv/detail/generate_twists__functions.h
[4.004s] -- Up-to-date: /home/misaka/fishbot/install/dwb_msgs/include/dwb_msgs/dwb_msgs/srv/detail/score_trajectory__type_support.h
[4.005s] -- Up-to-date: /home/misaka/fishbot/install/dwb_msgs/include/dwb_msgs/dwb_msgs/srv/detail/generate_trajectory__functions.c
[4.006s] -- Up-to-date: /home/misaka/fishbot/install/dwb_msgs/include/dwb_msgs/dwb_msgs/srv/detail/generate_twists__type_support.h
[4.008s] -- Up-to-date: /home/misaka/fishbot/install/dwb_msgs/include/dwb_msgs/dwb_msgs/srv/detail/score_trajectory__functions.h
[4.009s] -- Up-to-date: /home/misaka/fishbot/install/dwb_msgs/include/dwb_msgs/dwb_msgs/srv/detail/get_critic_score__type_support.h
[4.014s] -- Up-to-date: /home/misaka/fishbot/install/dwb_msgs/include/dwb_msgs/dwb_msgs/srv/detail/generate_twists__struct.h
[4.015s] -- Up-to-date: /home/misaka/fishbot/install/dwb_msgs/include/dwb_msgs/dwb_msgs/srv/detail/get_critic_score__functions.c
[4.017s] -- Up-to-date: /home/misaka/fishbot/install/dwb_msgs/include/dwb_msgs/dwb_msgs/srv/detail/debug_local_plan__functions.c
[4.018s] -- Up-to-date: /home/misaka/fishbot/install/dwb_msgs/include/dwb_msgs/dwb_msgs/srv/detail/generate_trajectory__struct.h
[4.020s] -- Up-to-date: /home/misaka/fishbot/install/dwb_msgs/include/dwb_msgs/dwb_msgs/srv/generate_twists.h
[4.021s] -- Up-to-date: /home/misaka/fishbot/install/dwb_msgs/include/dwb_msgs/dwb_msgs/srv/debug_local_plan.h
[4.022s] -- Up-to-date: /home/misaka/fishbot/install/dwb_msgs/include/dwb_msgs/dwb_msgs/srv/score_trajectory.h
[4.022s] -- Up-to-date: /home/misaka/fishbot/install/dwb_msgs/include/dwb_msgs/dwb_msgs/msg
[4.024s] -- Up-to-date: /home/misaka/fishbot/install/dwb_msgs/include/dwb_msgs/dwb_msgs/msg/rosidl_generator_c__visibility_control.h
[4.025s] -- Up-to-date: /home/misaka/fishbot/install/dwb_msgs/include/dwb_msgs/dwb_msgs/msg/critic_score.h
[4.028s] -- Up-to-date: /home/misaka/fishbot/install/dwb_msgs/include/dwb_msgs/dwb_msgs/msg/trajectory_score.h
[4.028s] -- Up-to-date: /home/misaka/fishbot/install/dwb_msgs/include/dwb_msgs/dwb_msgs/msg/trajectory2_d.h
[4.028s] -- Up-to-date: /home/misaka/fishbot/install/dwb_msgs/include/dwb_msgs/dwb_msgs/msg/detail
[4.028s] -- Up-to-date: /home/misaka/fishbot/install/dwb_msgs/include/dwb_msgs/dwb_msgs/msg/detail/trajectory_score__functions.c
[4.028s] -- Up-to-date: /home/misaka/fishbot/install/dwb_msgs/include/dwb_msgs/dwb_msgs/msg/detail/local_plan_evaluation__functions.c
[4.029s] -- Up-to-date: /home/misaka/fishbot/install/dwb_msgs/include/dwb_msgs/dwb_msgs/msg/detail/critic_score__functions.c
[4.029s] -- Up-to-date: /home/misaka/fishbot/install/dwb_msgs/include/dwb_msgs/dwb_msgs/msg/detail/trajectory_score__struct.h
[4.029s] -- Up-to-date: /home/misaka/fishbot/install/dwb_msgs/include/dwb_msgs/dwb_msgs/msg/detail/trajectory_score__functions.h
[4.029s] -- Up-to-date: /home/misaka/fishbot/install/dwb_msgs/include/dwb_msgs/dwb_msgs/msg/detail/local_plan_evaluation__type_support.h
[4.030s] -- Up-to-date: /home/misaka/fishbot/install/dwb_msgs/include/dwb_msgs/dwb_msgs/msg/detail/trajectory2_d__type_support.h
[4.031s] -- Up-to-date: /home/misaka/fishbot/install/dwb_msgs/include/dwb_msgs/dwb_msgs/msg/detail/local_plan_evaluation__functions.h
[4.032s] -- Up-to-date: /home/misaka/fishbot/install/dwb_msgs/include/dwb_msgs/dwb_msgs/msg/detail/trajectory2_d__functions.c
[4.033s] -- Up-to-date: /home/misaka/fishbot/install/dwb_msgs/include/dwb_msgs/dwb_msgs/msg/detail/critic_score__struct.h
[4.033s] -- Up-to-date: /home/misaka/fishbot/install/dwb_msgs/include/dwb_msgs/dwb_msgs/msg/detail/trajectory2_d__struct.h
[4.034s] -- Up-to-date: /home/misaka/fishbot/install/dwb_msgs/include/dwb_msgs/dwb_msgs/msg/detail/trajectory_score__type_support.h
[4.034s] -- Up-to-date: /home/misaka/fishbot/install/dwb_msgs/include/dwb_msgs/dwb_msgs/msg/detail/critic_score__type_support.h
[4.034s] -- Up-to-date: /home/misaka/fishbot/install/dwb_msgs/include/dwb_msgs/dwb_msgs/msg/detail/local_plan_evaluation__struct.h
[4.034s] -- Up-to-date: /home/misaka/fishbot/install/dwb_msgs/include/dwb_msgs/dwb_msgs/msg/detail/trajectory2_d__functions.h
[4.034s] -- Up-to-date: /home/misaka/fishbot/install/dwb_msgs/include/dwb_msgs/dwb_msgs/msg/detail/critic_score__functions.h
[4.035s] -- Up-to-date: /home/misaka/fishbot/install/dwb_msgs/include/dwb_msgs/dwb_msgs/msg/local_plan_evaluation.h
[4.036s] -- Up-to-date: /home/misaka/fishbot/install/dwb_msgs/share/dwb_msgs/environment/library_path.sh
[4.038s] -- Up-to-date: /home/misaka/fishbot/install/dwb_msgs/share/dwb_msgs/environment/library_path.dsv
[4.038s] -- Up-to-date: /home/misaka/fishbot/install/dwb_msgs/lib/libdwb_msgs__rosidl_generator_c.so
[4.038s] -- Up-to-date: /home/misaka/fishbot/install/dwb_msgs/include/dwb_msgs/dwb_msgs
[4.040s] -- Up-to-date: /home/misaka/fishbot/install/dwb_msgs/include/dwb_msgs/dwb_msgs/srv
[4.041s] -- Up-to-date: /home/misaka/fishbot/install/dwb_msgs/include/dwb_msgs/dwb_msgs/srv/detail
[4.041s] -- Up-to-date: /home/misaka/fishbot/install/dwb_msgs/include/dwb_msgs/dwb_msgs/srv/detail/get_critic_score__rosidl_typesupport_fastrtps_c.h
[4.042s] -- Up-to-date: /home/misaka/fishbot/install/dwb_msgs/include/dwb_msgs/dwb_msgs/srv/detail/generate_trajectory__rosidl_typesupport_fastrtps_c.h
[4.043s] -- Up-to-date: /home/misaka/fishbot/install/dwb_msgs/include/dwb_msgs/dwb_msgs/srv/detail/score_trajectory__rosidl_typesupport_fastrtps_c.h
[4.044s] -- Up-to-date: /home/misaka/fishbot/install/dwb_msgs/include/dwb_msgs/dwb_msgs/srv/detail/debug_local_plan__rosidl_typesupport_fastrtps_c.h
[4.044s] -- Up-to-date: /home/misaka/fishbot/install/dwb_msgs/include/dwb_msgs/dwb_msgs/srv/detail/generate_twists__rosidl_typesupport_fastrtps_c.h
[4.044s] -- Up-to-date: /home/misaka/fishbot/install/dwb_msgs/include/dwb_msgs/dwb_msgs/msg
[4.044s] -- Up-to-date: /home/misaka/fishbot/install/dwb_msgs/include/dwb_msgs/dwb_msgs/msg/rosidl_typesupport_fastrtps_c__visibility_control.h
[4.045s] -- Up-to-date: /home/misaka/fishbot/install/dwb_msgs/include/dwb_msgs/dwb_msgs/msg/detail
[4.045s] -- Up-to-date: /home/misaka/fishbot/install/dwb_msgs/include/dwb_msgs/dwb_msgs/msg/detail/critic_score__rosidl_typesupport_fastrtps_c.h
[4.045s] -- Up-to-date: /home/misaka/fishbot/install/dwb_msgs/include/dwb_msgs/dwb_msgs/msg/detail/trajectory2_d__rosidl_typesupport_fastrtps_c.h
[4.045s] -- Up-to-date: /home/misaka/fishbot/install/dwb_msgs/include/dwb_msgs/dwb_msgs/msg/detail/local_plan_evaluation__rosidl_typesupport_fastrtps_c.h
[4.045s] -- Up-to-date: /home/misaka/fishbot/install/dwb_msgs/include/dwb_msgs/dwb_msgs/msg/detail/trajectory_score__rosidl_typesupport_fastrtps_c.h
[4.046s] -- Up-to-date: /home/misaka/fishbot/install/dwb_msgs/lib/libdwb_msgs__rosidl_typesupport_fastrtps_c.so
[4.048s] -- Up-to-date: /home/misaka/fishbot/install/dwb_msgs/include/dwb_msgs/dwb_msgs
[4.051s] -- Up-to-date: /home/misaka/fishbot/install/dwb_msgs/include/dwb_msgs/dwb_msgs/srv
[4.052s] -- Up-to-date: /home/misaka/fishbot/install/dwb_msgs/include/dwb_msgs/dwb_msgs/srv/debug_local_plan.hpp
[4.053s] -- Up-to-date: /home/misaka/fishbot/install/dwb_msgs/include/dwb_msgs/dwb_msgs/srv/detail
[4.053s] -- Up-to-date: /home/misaka/fishbot/install/dwb_msgs/include/dwb_msgs/dwb_msgs/srv/detail/generate_trajectory__builder.hpp
[4.054s] -- Up-to-date: /home/misaka/fishbot/install/dwb_msgs/include/dwb_msgs/dwb_msgs/srv/detail/score_trajectory__builder.hpp
[4.055s] -- Up-to-date: /home/misaka/fishbot/install/dwb_msgs/include/dwb_msgs/dwb_msgs/srv/detail/score_trajectory__traits.hpp
[4.057s] -- Up-to-date: /home/misaka/fishbot/install/dwb_msgs/include/dwb_msgs/dwb_msgs/srv/detail/score_trajectory__struct.hpp
[4.058s] -- Up-to-date: /home/misaka/fishbot/install/dwb_msgs/include/dwb_msgs/dwb_msgs/srv/detail/get_critic_score__builder.hpp
[4.059s] -- Up-to-date: /home/misaka/fishbot/install/dwb_msgs/include/dwb_msgs/dwb_msgs/srv/detail/debug_local_plan__struct.hpp
[4.059s] -- Up-to-date: /home/misaka/fishbot/install/dwb_msgs/include/dwb_msgs/dwb_msgs/srv/detail/get_critic_score__struct.hpp
[4.059s] -- Up-to-date: /home/misaka/fishbot/install/dwb_msgs/include/dwb_msgs/dwb_msgs/srv/detail/debug_local_plan__traits.hpp
[4.059s] -- Up-to-date: /home/misaka/fishbot/install/dwb_msgs/include/dwb_msgs/dwb_msgs/srv/detail/generate_twists__struct.hpp
[4.059s] -- Up-to-date: /home/misaka/fishbot/install/dwb_msgs/include/dwb_msgs/dwb_msgs/srv/detail/generate_trajectory__traits.hpp
[4.059s] -- Up-to-date: /home/misaka/fishbot/install/dwb_msgs/include/dwb_msgs/dwb_msgs/srv/detail/generate_twists__builder.hpp
[4.059s] -- Up-to-date: /home/misaka/fishbot/install/dwb_msgs/include/dwb_msgs/dwb_msgs/srv/detail/generate_trajectory__struct.hpp
[4.059s] -- Up-to-date: /home/misaka/fishbot/install/dwb_msgs/include/dwb_msgs/dwb_msgs/srv/detail/generate_twists__traits.hpp
[4.059s] -- Up-to-date: /home/misaka/fishbot/install/dwb_msgs/include/dwb_msgs/dwb_msgs/srv/detail/debug_local_plan__builder.hpp
[4.060s] -- Up-to-date: /home/misaka/fishbot/install/dwb_msgs/include/dwb_msgs/dwb_msgs/srv/detail/get_critic_score__traits.hpp
[4.060s] -- Up-to-date: /home/misaka/fishbot/install/dwb_msgs/include/dwb_msgs/dwb_msgs/srv/score_trajectory.hpp
[4.061s] -- Up-to-date: /home/misaka/fishbot/install/dwb_msgs/include/dwb_msgs/dwb_msgs/srv/generate_trajectory.hpp
[4.061s] -- Up-to-date: /home/misaka/fishbot/install/dwb_msgs/include/dwb_msgs/dwb_msgs/srv/get_critic_score.hpp
[4.061s] -- Up-to-date: /home/misaka/fishbot/install/dwb_msgs/include/dwb_msgs/dwb_msgs/srv/generate_twists.hpp
[4.061s] -- Up-to-date: /home/misaka/fishbot/install/dwb_msgs/include/dwb_msgs/dwb_msgs/msg
[4.061s] -- Up-to-date: /home/misaka/fishbot/install/dwb_msgs/include/dwb_msgs/dwb_msgs/msg/trajectory2_d.hpp
[4.062s] -- Up-to-date: /home/misaka/fishbot/install/dwb_msgs/include/dwb_msgs/dwb_msgs/msg/trajectory_score.hpp
[4.062s] -- Up-to-date: /home/misaka/fishbot/install/dwb_msgs/include/dwb_msgs/dwb_msgs/msg/critic_score.hpp
[4.063s] -- Up-to-date: /home/misaka/fishbot/install/dwb_msgs/include/dwb_msgs/dwb_msgs/msg/detail
[4.064s] -- Up-to-date: /home/misaka/fishbot/install/dwb_msgs/include/dwb_msgs/dwb_msgs/msg/detail/trajectory2_d__builder.hpp
[4.064s] -- Up-to-date: /home/misaka/fishbot/install/dwb_msgs/include/dwb_msgs/dwb_msgs/msg/detail/trajectory2_d__struct.hpp
[4.065s] -- Up-to-date: /home/misaka/fishbot/install/dwb_msgs/include/dwb_msgs/dwb_msgs/msg/detail/critic_score__builder.hpp
[4.065s] -- Up-to-date: /home/misaka/fishbot/install/dwb_msgs/include/dwb_msgs/dwb_msgs/msg/detail/critic_score__traits.hpp
[4.065s] -- Up-to-date: /home/misaka/fishbot/install/dwb_msgs/include/dwb_msgs/dwb_msgs/msg/detail/trajectory_score__builder.hpp
[4.065s] -- Up-to-date: /home/misaka/fishbot/install/dwb_msgs/include/dwb_msgs/dwb_msgs/msg/detail/trajectory_score__traits.hpp
[4.066s] -- Up-to-date: /home/misaka/fishbot/install/dwb_msgs/include/dwb_msgs/dwb_msgs/msg/detail/local_plan_evaluation__builder.hpp
[4.066s] -- Up-to-date: /home/misaka/fishbot/install/dwb_msgs/include/dwb_msgs/dwb_msgs/msg/detail/trajectory_score__struct.hpp
[4.066s] -- Up-to-date: /home/misaka/fishbot/install/dwb_msgs/include/dwb_msgs/dwb_msgs/msg/detail/local_plan_evaluation__struct.hpp
[4.067s] -- Up-to-date: /home/misaka/fishbot/install/dwb_msgs/include/dwb_msgs/dwb_msgs/msg/detail/trajectory2_d__traits.hpp
[4.067s] -- Up-to-date: /home/misaka/fishbot/install/dwb_msgs/include/dwb_msgs/dwb_msgs/msg/detail/local_plan_evaluation__traits.hpp
[4.067s] -- Up-to-date: /home/misaka/fishbot/install/dwb_msgs/include/dwb_msgs/dwb_msgs/msg/detail/critic_score__struct.hpp
[4.067s] -- Up-to-date: /home/misaka/fishbot/install/dwb_msgs/include/dwb_msgs/dwb_msgs/msg/local_plan_evaluation.hpp
[4.067s] -- Up-to-date: /home/misaka/fishbot/install/dwb_msgs/include/dwb_msgs/dwb_msgs
[4.067s] -- Up-to-date: /home/misaka/fishbot/install/dwb_msgs/include/dwb_msgs/dwb_msgs/srv
[4.068s] -- Up-to-date: /home/misaka/fishbot/install/dwb_msgs/include/dwb_msgs/dwb_msgs/srv/detail
[4.068s] -- Up-to-date: /home/misaka/fishbot/install/dwb_msgs/include/dwb_msgs/dwb_msgs/srv/detail/debug_local_plan__rosidl_typesupport_fastrtps_cpp.hpp
[4.068s] -- Up-to-date: /home/misaka/fishbot/install/dwb_msgs/include/dwb_msgs/dwb_msgs/srv/detail/generate_trajectory__rosidl_typesupport_fastrtps_cpp.hpp
[4.068s] -- Up-to-date: /home/misaka/fishbot/install/dwb_msgs/include/dwb_msgs/dwb_msgs/srv/detail/dds_fastrtps
[4.069s] -- Up-to-date: /home/misaka/fishbot/install/dwb_msgs/include/dwb_msgs/dwb_msgs/srv/detail/score_trajectory__rosidl_typesupport_fastrtps_cpp.hpp
[4.069s] -- Up-to-date: /home/misaka/fishbot/install/dwb_msgs/include/dwb_msgs/dwb_msgs/srv/detail/get_critic_score__rosidl_typesupport_fastrtps_cpp.hpp
[4.069s] -- Up-to-date: /home/misaka/fishbot/install/dwb_msgs/include/dwb_msgs/dwb_msgs/srv/detail/generate_twists__rosidl_typesupport_fastrtps_cpp.hpp
[4.069s] -- Up-to-date: /home/misaka/fishbot/install/dwb_msgs/include/dwb_msgs/dwb_msgs/msg
[4.069s] -- Up-to-date: /home/misaka/fishbot/install/dwb_msgs/include/dwb_msgs/dwb_msgs/msg/detail
[4.069s] -- Up-to-date: /home/misaka/fishbot/install/dwb_msgs/include/dwb_msgs/dwb_msgs/msg/detail/dds_fastrtps
[4.069s] -- Up-to-date: /home/misaka/fishbot/install/dwb_msgs/include/dwb_msgs/dwb_msgs/msg/detail/trajectory_score__rosidl_typesupport_fastrtps_cpp.hpp
[4.069s] -- Up-to-date: /home/misaka/fishbot/install/dwb_msgs/include/dwb_msgs/dwb_msgs/msg/detail/local_plan_evaluation__rosidl_typesupport_fastrtps_cpp.hpp
[4.070s] -- Up-to-date: /home/misaka/fishbot/install/dwb_msgs/include/dwb_msgs/dwb_msgs/msg/detail/critic_score__rosidl_typesupport_fastrtps_cpp.hpp
[4.070s] -- Up-to-date: /home/misaka/fishbot/install/dwb_msgs/include/dwb_msgs/dwb_msgs/msg/detail/trajectory2_d__rosidl_typesupport_fastrtps_cpp.hpp
[4.070s] -- Up-to-date: /home/misaka/fishbot/install/dwb_msgs/include/dwb_msgs/dwb_msgs/msg/rosidl_typesupport_fastrtps_cpp__visibility_control.h
[4.070s] -- Up-to-date: /home/misaka/fishbot/install/dwb_msgs/lib/libdwb_msgs__rosidl_typesupport_fastrtps_cpp.so
[4.070s] -- Up-to-date: /home/misaka/fishbot/install/dwb_msgs/include/dwb_msgs/dwb_msgs
[4.070s] -- Up-to-date: /home/misaka/fishbot/install/dwb_msgs/include/dwb_msgs/dwb_msgs/srv
[4.071s] -- Up-to-date: /home/misaka/fishbot/install/dwb_msgs/include/dwb_msgs/dwb_msgs/srv/detail
[4.071s] -- Up-to-date: /home/misaka/fishbot/install/dwb_msgs/include/dwb_msgs/dwb_msgs/srv/detail/score_trajectory__type_support.c
[4.071s] -- Up-to-date: /home/misaka/fishbot/install/dwb_msgs/include/dwb_msgs/dwb_msgs/srv/detail/get_critic_score__rosidl_typesupport_introspection_c.h
[4.072s] -- Up-to-date: /home/misaka/fishbot/install/dwb_msgs/include/dwb_msgs/dwb_msgs/srv/detail/score_trajectory__rosidl_typesupport_introspection_c.h
[4.072s] -- Up-to-date: /home/misaka/fishbot/install/dwb_msgs/include/dwb_msgs/dwb_msgs/srv/detail/debug_local_plan__type_support.c
[4.072s] -- Up-to-date: /home/misaka/fishbot/install/dwb_msgs/include/dwb_msgs/dwb_msgs/srv/detail/get_critic_score__type_support.c
[4.072s] -- Up-to-date: /home/misaka/fishbot/install/dwb_msgs/include/dwb_msgs/dwb_msgs/srv/detail/debug_local_plan__rosidl_typesupport_introspection_c.h
[4.072s] -- Up-to-date: /home/misaka/fishbot/install/dwb_msgs/include/dwb_msgs/dwb_msgs/srv/detail/generate_trajectory__type_support.c
[4.072s] -- Up-to-date: /home/misaka/fishbot/install/dwb_msgs/include/dwb_msgs/dwb_msgs/srv/detail/generate_twists__rosidl_typesupport_introspection_c.h
[4.072s] -- Up-to-date: /home/misaka/fishbot/install/dwb_msgs/include/dwb_msgs/dwb_msgs/srv/detail/generate_trajectory__rosidl_typesupport_introspection_c.h
[4.072s] -- Up-to-date: /home/misaka/fishbot/install/dwb_msgs/include/dwb_msgs/dwb_msgs/srv/detail/generate_twists__type_support.c
[4.072s] -- Up-to-date: /home/misaka/fishbot/install/dwb_msgs/include/dwb_msgs/dwb_msgs/msg
[4.072s] -- Up-to-date: /home/misaka/fishbot/install/dwb_msgs/include/dwb_msgs/dwb_msgs/msg/detail
[4.073s] -- Up-to-date: /home/misaka/fishbot/install/dwb_msgs/include/dwb_msgs/dwb_msgs/msg/detail/trajectory2_d__type_support.c
[4.073s] -- Up-to-date: /home/misaka/fishbot/install/dwb_msgs/include/dwb_msgs/dwb_msgs/msg/detail/trajectory2_d__rosidl_typesupport_introspection_c.h
[4.073s] -- Up-to-date: /home/misaka/fishbot/install/dwb_msgs/include/dwb_msgs/dwb_msgs/msg/detail/trajectory_score__type_support.c
[4.073s] -- Up-to-date: /home/misaka/fishbot/install/dwb_msgs/include/dwb_msgs/dwb_msgs/msg/detail/critic_score__type_support.c
[4.073s] -- Up-to-date: /home/misaka/fishbot/install/dwb_msgs/include/dwb_msgs/dwb_msgs/msg/detail/critic_score__rosidl_typesupport_introspection_c.h
[4.074s] -- Up-to-date: /home/misaka/fishbot/install/dwb_msgs/include/dwb_msgs/dwb_msgs/msg/detail/local_plan_evaluation__rosidl_typesupport_introspection_c.h
[4.075s] -- Up-to-date: /home/misaka/fishbot/install/dwb_msgs/include/dwb_msgs/dwb_msgs/msg/detail/trajectory_score__rosidl_typesupport_introspection_c.h
[4.076s] -- Up-to-date: /home/misaka/fishbot/install/dwb_msgs/include/dwb_msgs/dwb_msgs/msg/detail/local_plan_evaluation__type_support.c
[4.076s] -- Up-to-date: /home/misaka/fishbot/install/dwb_msgs/include/dwb_msgs/dwb_msgs/msg/rosidl_typesupport_introspection_c__visibility_control.h
[4.077s] -- Up-to-date: /home/misaka/fishbot/install/dwb_msgs/lib/libdwb_msgs__rosidl_typesupport_introspection_c.so
[4.077s] -- Up-to-date: /home/misaka/fishbot/install/dwb_msgs/lib/libdwb_msgs__rosidl_typesupport_c.so
[4.077s] -- Up-to-date: /home/misaka/fishbot/install/dwb_msgs/include/dwb_msgs/dwb_msgs
[4.078s] -- Up-to-date: /home/misaka/fishbot/install/dwb_msgs/include/dwb_msgs/dwb_msgs/srv
[4.078s] -- Up-to-date: /home/misaka/fishbot/install/dwb_msgs/include/dwb_msgs/dwb_msgs/srv/detail
[4.079s] -- Up-to-date: /home/misaka/fishbot/install/dwb_msgs/include/dwb_msgs/dwb_msgs/srv/detail/get_critic_score__type_support.cpp
[4.079s] -- Up-to-date: /home/misaka/fishbot/install/dwb_msgs/include/dwb_msgs/dwb_msgs/srv/detail/generate_trajectory__type_support.cpp
[4.079s] -- Up-to-date: /home/misaka/fishbot/install/dwb_msgs/include/dwb_msgs/dwb_msgs/srv/detail/get_critic_score__rosidl_typesupport_introspection_cpp.hpp
[4.079s] -- Up-to-date: /home/misaka/fishbot/install/dwb_msgs/include/dwb_msgs/dwb_msgs/srv/detail/generate_twists__type_support.cpp
[4.079s] -- Up-to-date: /home/misaka/fishbot/install/dwb_msgs/include/dwb_msgs/dwb_msgs/srv/detail/debug_local_plan__rosidl_typesupport_introspection_cpp.hpp
[4.079s] -- Up-to-date: /home/misaka/fishbot/install/dwb_msgs/include/dwb_msgs/dwb_msgs/srv/detail/generate_trajectory__rosidl_typesupport_introspection_cpp.hpp
[4.080s] -- Up-to-date: /home/misaka/fishbot/install/dwb_msgs/include/dwb_msgs/dwb_msgs/srv/detail/debug_local_plan__type_support.cpp
[4.080s] -- Up-to-date: /home/misaka/fishbot/install/dwb_msgs/include/dwb_msgs/dwb_msgs/srv/detail/score_trajectory__type_support.cpp
[4.080s] -- Up-to-date: /home/misaka/fishbot/install/dwb_msgs/include/dwb_msgs/dwb_msgs/srv/detail/score_trajectory__rosidl_typesupport_introspection_cpp.hpp
[4.080s] -- Up-to-date: /home/misaka/fishbot/install/dwb_msgs/include/dwb_msgs/dwb_msgs/srv/detail/generate_twists__rosidl_typesupport_introspection_cpp.hpp
[4.080s] -- Up-to-date: /home/misaka/fishbot/install/dwb_msgs/include/dwb_msgs/dwb_msgs/msg
[4.081s] -- Up-to-date: /home/misaka/fishbot/install/dwb_msgs/include/dwb_msgs/dwb_msgs/msg/detail
[4.081s] -- Up-to-date: /home/misaka/fishbot/install/dwb_msgs/include/dwb_msgs/dwb_msgs/msg/detail/trajectory2_d__type_support.cpp
[4.082s] -- Up-to-date: /home/misaka/fishbot/install/dwb_msgs/include/dwb_msgs/dwb_msgs/msg/detail/trajectory2_d__rosidl_typesupport_introspection_cpp.hpp
[4.082s] -- Up-to-date: /home/misaka/fishbot/install/dwb_msgs/include/dwb_msgs/dwb_msgs/msg/detail/trajectory_score__type_support.cpp
[4.082s] -- Up-to-date: /home/misaka/fishbot/install/dwb_msgs/include/dwb_msgs/dwb_msgs/msg/detail/local_plan_evaluation__type_support.cpp
[4.082s] -- Up-to-date: /home/misaka/fishbot/install/dwb_msgs/include/dwb_msgs/dwb_msgs/msg/detail/critic_score__rosidl_typesupport_introspection_cpp.hpp
[4.082s] -- Up-to-date: /home/misaka/fishbot/install/dwb_msgs/include/dwb_msgs/dwb_msgs/msg/detail/trajectory_score__rosidl_typesupport_introspection_cpp.hpp
[4.083s] -- Up-to-date: /home/misaka/fishbot/install/dwb_msgs/include/dwb_msgs/dwb_msgs/msg/detail/local_plan_evaluation__rosidl_typesupport_introspection_cpp.hpp
[4.083s] -- Up-to-date: /home/misaka/fishbot/install/dwb_msgs/include/dwb_msgs/dwb_msgs/msg/detail/critic_score__type_support.cpp
[4.083s] -- Up-to-date: /home/misaka/fishbot/install/dwb_msgs/lib/libdwb_msgs__rosidl_typesupport_introspection_cpp.so
[4.084s] -- Up-to-date: /home/misaka/fishbot/install/dwb_msgs/lib/libdwb_msgs__rosidl_typesupport_cpp.so
[4.084s] -- Up-to-date: /home/misaka/fishbot/install/dwb_msgs/share/dwb_msgs/environment/pythonpath.sh
[4.084s] -- Up-to-date: /home/misaka/fishbot/install/dwb_msgs/share/dwb_msgs/environment/pythonpath.dsv
[4.084s] -- Up-to-date: /home/misaka/fishbot/install/dwb_msgs/local/lib/python3.10/dist-packages/dwb_msgs-1.1.0-py3.10.egg-info
[4.085s] -- Installing: /home/misaka/fishbot/install/dwb_msgs/local/lib/python3.10/dist-packages/dwb_msgs-1.1.0-py3.10.egg-info/PKG-INFO
[4.085s] -- Installing: /home/misaka/fishbot/install/dwb_msgs/local/lib/python3.10/dist-packages/dwb_msgs-1.1.0-py3.10.egg-info/dependency_links.txt
[4.085s] -- Installing: /home/misaka/fishbot/install/dwb_msgs/local/lib/python3.10/dist-packages/dwb_msgs-1.1.0-py3.10.egg-info/SOURCES.txt
[4.086s] -- Installing: /home/misaka/fishbot/install/dwb_msgs/local/lib/python3.10/dist-packages/dwb_msgs-1.1.0-py3.10.egg-info/top_level.txt
[4.086s] -- Up-to-date: /home/misaka/fishbot/install/dwb_msgs/local/lib/python3.10/dist-packages/dwb_msgs
[4.087s] -- Up-to-date: /home/misaka/fishbot/install/dwb_msgs/local/lib/python3.10/dist-packages/dwb_msgs/libdwb_msgs__rosidl_generator_py.so
[4.088s] -- Up-to-date: /home/misaka/fishbot/install/dwb_msgs/local/lib/python3.10/dist-packages/dwb_msgs/_dwb_msgs_s.ep.rosidl_typesupport_c.c
[4.089s] -- Up-to-date: /home/misaka/fishbot/install/dwb_msgs/local/lib/python3.10/dist-packages/dwb_msgs/_dwb_msgs_s.ep.rosidl_typesupport_fastrtps_c.c
[4.089s] -- Up-to-date: /home/misaka/fishbot/install/dwb_msgs/local/lib/python3.10/dist-packages/dwb_msgs/srv
[4.089s] -- Up-to-date: /home/misaka/fishbot/install/dwb_msgs/local/lib/python3.10/dist-packages/dwb_msgs/srv/_get_critic_score.py
[4.089s] -- Up-to-date: /home/misaka/fishbot/install/dwb_msgs/local/lib/python3.10/dist-packages/dwb_msgs/srv/_score_trajectory.py
[4.090s] -- Up-to-date: /home/misaka/fishbot/install/dwb_msgs/local/lib/python3.10/dist-packages/dwb_msgs/srv/_generate_twists_s.c
[4.090s] -- Up-to-date: /home/misaka/fishbot/install/dwb_msgs/local/lib/python3.10/dist-packages/dwb_msgs/srv/_get_critic_score_s.c
[4.092s] -- Up-to-date: /home/misaka/fishbot/install/dwb_msgs/local/lib/python3.10/dist-packages/dwb_msgs/srv/_score_trajectory_s.c
[4.092s] -- Up-to-date: /home/misaka/fishbot/install/dwb_msgs/local/lib/python3.10/dist-packages/dwb_msgs/srv/_generate_trajectory.py
[4.092s] -- Up-to-date: /home/misaka/fishbot/install/dwb_msgs/local/lib/python3.10/dist-packages/dwb_msgs/srv/_generate_twists.py
[4.092s] -- Up-to-date: /home/misaka/fishbot/install/dwb_msgs/local/lib/python3.10/dist-packages/dwb_msgs/srv/_debug_local_plan_s.c
[4.092s] -- Up-to-date: /home/misaka/fishbot/install/dwb_msgs/local/lib/python3.10/dist-packages/dwb_msgs/srv/_debug_local_plan.py
[4.093s] -- Up-to-date: /home/misaka/fishbot/install/dwb_msgs/local/lib/python3.10/dist-packages/dwb_msgs/srv/__init__.py
[4.094s] -- Up-to-date: /home/misaka/fishbot/install/dwb_msgs/local/lib/python3.10/dist-packages/dwb_msgs/srv/_generate_trajectory_s.c
[4.094s] -- Up-to-date: /home/misaka/fishbot/install/dwb_msgs/local/lib/python3.10/dist-packages/dwb_msgs/dwb_msgs_s__rosidl_typesupport_c.cpython-310-x86_64-linux-gnu.so
[4.094s] -- Up-to-date: /home/misaka/fishbot/install/dwb_msgs/local/lib/python3.10/dist-packages/dwb_msgs/_dwb_msgs_s.ep.rosidl_typesupport_introspection_c.c
[4.095s] -- Up-to-date: /home/misaka/fishbot/install/dwb_msgs/local/lib/python3.10/dist-packages/dwb_msgs/dwb_msgs_s__rosidl_typesupport_fastrtps_c.cpython-310-x86_64-linux-gnu.so
[4.095s] -- Up-to-date: /home/misaka/fishbot/install/dwb_msgs/local/lib/python3.10/dist-packages/dwb_msgs/__init__.py
[4.096s] -- Up-to-date: /home/misaka/fishbot/install/dwb_msgs/local/lib/python3.10/dist-packages/dwb_msgs/msg
[4.097s] -- Up-to-date: /home/misaka/fishbot/install/dwb_msgs/local/lib/python3.10/dist-packages/dwb_msgs/msg/_critic_score.py
[4.098s] -- Up-to-date: /home/misaka/fishbot/install/dwb_msgs/local/lib/python3.10/dist-packages/dwb_msgs/msg/_trajectory_score_s.c
[4.098s] -- Up-to-date: /home/misaka/fishbot/install/dwb_msgs/local/lib/python3.10/dist-packages/dwb_msgs/msg/_critic_score_s.c
[4.101s] -- Up-to-date: /home/misaka/fishbot/install/dwb_msgs/local/lib/python3.10/dist-packages/dwb_msgs/msg/_trajectory2_d_s.c
[4.102s] -- Up-to-date: /home/misaka/fishbot/install/dwb_msgs/local/lib/python3.10/dist-packages/dwb_msgs/msg/_trajectory2_d.py
[4.102s] -- Up-to-date: /home/misaka/fishbot/install/dwb_msgs/local/lib/python3.10/dist-packages/dwb_msgs/msg/_local_plan_evaluation_s.c
[4.103s] -- Up-to-date: /home/misaka/fishbot/install/dwb_msgs/local/lib/python3.10/dist-packages/dwb_msgs/msg/_local_plan_evaluation.py
[4.104s] -- Up-to-date: /home/misaka/fishbot/install/dwb_msgs/local/lib/python3.10/dist-packages/dwb_msgs/msg/__init__.py
[4.104s] -- Up-to-date: /home/misaka/fishbot/install/dwb_msgs/local/lib/python3.10/dist-packages/dwb_msgs/msg/_trajectory_score.py
[4.104s] -- Up-to-date: /home/misaka/fishbot/install/dwb_msgs/local/lib/python3.10/dist-packages/dwb_msgs/dwb_msgs_s__rosidl_typesupport_introspection_c.cpython-310-x86_64-linux-gnu.so
[4.212s] Listing '/home/misaka/fishbot/install/dwb_msgs/local/lib/python3.10/dist-packages/dwb_msgs'...
[4.214s] Listing '/home/misaka/fishbot/install/dwb_msgs/local/lib/python3.10/dist-packages/dwb_msgs/msg'...
[4.216s] Listing '/home/misaka/fishbot/install/dwb_msgs/local/lib/python3.10/dist-packages/dwb_msgs/srv'...
[4.236s] -- Up-to-date: /home/misaka/fishbot/install/dwb_msgs/local/lib/python3.10/dist-packages/dwb_msgs/dwb_msgs_s__rosidl_typesupport_fastrtps_c.cpython-310-x86_64-linux-gnu.so
[4.241s] -- Up-to-date: /home/misaka/fishbot/install/dwb_msgs/local/lib/python3.10/dist-packages/dwb_msgs/dwb_msgs_s__rosidl_typesupport_introspection_c.cpython-310-x86_64-linux-gnu.so
[4.246s] -- Up-to-date: /home/misaka/fishbot/install/dwb_msgs/local/lib/python3.10/dist-packages/dwb_msgs/dwb_msgs_s__rosidl_typesupport_c.cpython-310-x86_64-linux-gnu.so
[4.252s] -- Up-to-date: /home/misaka/fishbot/install/dwb_msgs/lib/libdwb_msgs__rosidl_generator_py.so
[4.253s] -- Up-to-date: /home/misaka/fishbot/install/dwb_msgs/share/dwb_msgs/msg/CriticScore.idl
[4.253s] -- Up-to-date: /home/misaka/fishbot/install/dwb_msgs/share/dwb_msgs/msg/LocalPlanEvaluation.idl
[4.255s] -- Up-to-date: /home/misaka/fishbot/install/dwb_msgs/share/dwb_msgs/msg/Trajectory2D.idl
[4.255s] -- Up-to-date: /home/misaka/fishbot/install/dwb_msgs/share/dwb_msgs/msg/TrajectoryScore.idl
[4.256s] -- Up-to-date: /home/misaka/fishbot/install/dwb_msgs/share/dwb_msgs/srv/DebugLocalPlan.idl
[4.256s] -- Up-to-date: /home/misaka/fishbot/install/dwb_msgs/share/dwb_msgs/srv/GenerateTrajectory.idl
[4.257s] -- Up-to-date: /home/misaka/fishbot/install/dwb_msgs/share/dwb_msgs/srv/GenerateTwists.idl
[4.258s] -- Up-to-date: /home/misaka/fishbot/install/dwb_msgs/share/dwb_msgs/srv/GetCriticScore.idl
[4.260s] -- Up-to-date: /home/misaka/fishbot/install/dwb_msgs/share/dwb_msgs/srv/ScoreTrajectory.idl
[4.261s] -- Up-to-date: /home/misaka/fishbot/install/dwb_msgs/share/dwb_msgs/msg/CriticScore.msg
[4.262s] -- Up-to-date: /home/misaka/fishbot/install/dwb_msgs/share/dwb_msgs/msg/LocalPlanEvaluation.msg
[4.262s] -- Up-to-date: /home/misaka/fishbot/install/dwb_msgs/share/dwb_msgs/msg/Trajectory2D.msg
[4.263s] -- Up-to-date: /home/misaka/fishbot/install/dwb_msgs/share/dwb_msgs/msg/TrajectoryScore.msg
[4.263s] -- Up-to-date: /home/misaka/fishbot/install/dwb_msgs/share/dwb_msgs/srv/DebugLocalPlan.srv
[4.263s] -- Up-to-date: /home/misaka/fishbot/install/dwb_msgs/share/dwb_msgs/srv/DebugLocalPlan_Request.msg
[4.263s] -- Up-to-date: /home/misaka/fishbot/install/dwb_msgs/share/dwb_msgs/srv/DebugLocalPlan_Response.msg
[4.264s] -- Up-to-date: /home/misaka/fishbot/install/dwb_msgs/share/dwb_msgs/srv/GenerateTrajectory.srv
[4.264s] -- Up-to-date: /home/misaka/fishbot/install/dwb_msgs/share/dwb_msgs/srv/GenerateTrajectory_Request.msg
[4.264s] -- Up-to-date: /home/misaka/fishbot/install/dwb_msgs/share/dwb_msgs/srv/GenerateTrajectory_Response.msg
[4.266s] -- Up-to-date: /home/misaka/fishbot/install/dwb_msgs/share/dwb_msgs/srv/GenerateTwists.srv
[4.267s] -- Up-to-date: /home/misaka/fishbot/install/dwb_msgs/share/dwb_msgs/srv/GenerateTwists_Request.msg
[4.267s] -- Up-to-date: /home/misaka/fishbot/install/dwb_msgs/share/dwb_msgs/srv/GenerateTwists_Response.msg
[4.269s] -- Up-to-date: /home/misaka/fishbot/install/dwb_msgs/share/dwb_msgs/srv/GetCriticScore.srv
[4.270s] -- Up-to-date: /home/misaka/fishbot/install/dwb_msgs/share/dwb_msgs/srv/GetCriticScore_Request.msg
[4.270s] -- Up-to-date: /home/misaka/fishbot/install/dwb_msgs/share/dwb_msgs/srv/GetCriticScore_Response.msg
[4.271s] -- Up-to-date: /home/misaka/fishbot/install/dwb_msgs/share/dwb_msgs/srv/ScoreTrajectory.srv
[4.271s] -- Up-to-date: /home/misaka/fishbot/install/dwb_msgs/share/dwb_msgs/srv/ScoreTrajectory_Request.msg
[4.273s] -- Up-to-date: /home/misaka/fishbot/install/dwb_msgs/share/dwb_msgs/srv/ScoreTrajectory_Response.msg
[4.274s] -- Up-to-date: /home/misaka/fishbot/install/dwb_msgs/share/ament_index/resource_index/package_run_dependencies/dwb_msgs
[4.276s] -- Up-to-date: /home/misaka/fishbot/install/dwb_msgs/share/ament_index/resource_index/parent_prefix_path/dwb_msgs
[4.276s] -- Up-to-date: /home/misaka/fishbot/install/dwb_msgs/share/dwb_msgs/environment/ament_prefix_path.sh
[4.277s] -- Up-to-date: /home/misaka/fishbot/install/dwb_msgs/share/dwb_msgs/environment/ament_prefix_path.dsv
[4.277s] -- Up-to-date: /home/misaka/fishbot/install/dwb_msgs/share/dwb_msgs/environment/path.sh
[4.277s] -- Up-to-date: /home/misaka/fishbot/install/dwb_msgs/share/dwb_msgs/environment/path.dsv
[4.278s] -- Up-to-date: /home/misaka/fishbot/install/dwb_msgs/share/dwb_msgs/local_setup.bash
[4.278s] -- Up-to-date: /home/misaka/fishbot/install/dwb_msgs/share/dwb_msgs/local_setup.sh
[4.278s] -- Up-to-date: /home/misaka/fishbot/install/dwb_msgs/share/dwb_msgs/local_setup.zsh
[4.278s] -- Up-to-date: /home/misaka/fishbot/install/dwb_msgs/share/dwb_msgs/local_setup.dsv
[4.279s] -- Installing: /home/misaka/fishbot/install/dwb_msgs/share/dwb_msgs/package.dsv
[4.280s] -- Up-to-date: /home/misaka/fishbot/install/dwb_msgs/share/ament_index/resource_index/packages/dwb_msgs
[4.281s] -- Up-to-date: /home/misaka/fishbot/install/dwb_msgs/share/dwb_msgs/cmake/export_dwb_msgs__rosidl_generator_cExport.cmake
[4.281s] -- Up-to-date: /home/misaka/fishbot/install/dwb_msgs/share/dwb_msgs/cmake/export_dwb_msgs__rosidl_generator_cExport-noconfig.cmake
[4.282s] -- Up-to-date: /home/misaka/fishbot/install/dwb_msgs/share/dwb_msgs/cmake/export_dwb_msgs__rosidl_typesupport_fastrtps_cExport.cmake
[4.283s] -- Up-to-date: /home/misaka/fishbot/install/dwb_msgs/share/dwb_msgs/cmake/export_dwb_msgs__rosidl_typesupport_fastrtps_cExport-noconfig.cmake
[4.283s] -- Up-to-date: /home/misaka/fishbot/install/dwb_msgs/share/dwb_msgs/cmake/export_dwb_msgs__rosidl_generator_cppExport.cmake
[4.283s] -- Up-to-date: /home/misaka/fishbot/install/dwb_msgs/share/dwb_msgs/cmake/export_dwb_msgs__rosidl_typesupport_fastrtps_cppExport.cmake
[4.283s] -- Up-to-date: /home/misaka/fishbot/install/dwb_msgs/share/dwb_msgs/cmake/export_dwb_msgs__rosidl_typesupport_fastrtps_cppExport-noconfig.cmake
[4.284s] -- Up-to-date: /home/misaka/fishbot/install/dwb_msgs/share/dwb_msgs/cmake/dwb_msgs__rosidl_typesupport_introspection_cExport.cmake
[4.284s] -- Up-to-date: /home/misaka/fishbot/install/dwb_msgs/share/dwb_msgs/cmake/dwb_msgs__rosidl_typesupport_introspection_cExport-noconfig.cmake
[4.285s] -- Up-to-date: /home/misaka/fishbot/install/dwb_msgs/share/dwb_msgs/cmake/dwb_msgs__rosidl_typesupport_cExport.cmake
[4.285s] -- Up-to-date: /home/misaka/fishbot/install/dwb_msgs/share/dwb_msgs/cmake/dwb_msgs__rosidl_typesupport_cExport-noconfig.cmake
[4.289s] -- Up-to-date: /home/misaka/fishbot/install/dwb_msgs/share/dwb_msgs/cmake/dwb_msgs__rosidl_typesupport_introspection_cppExport.cmake
[4.290s] -- Up-to-date: /home/misaka/fishbot/install/dwb_msgs/share/dwb_msgs/cmake/dwb_msgs__rosidl_typesupport_introspection_cppExport-noconfig.cmake
[4.291s] -- Up-to-date: /home/misaka/fishbot/install/dwb_msgs/share/dwb_msgs/cmake/dwb_msgs__rosidl_typesupport_cppExport.cmake
[4.291s] -- Up-to-date: /home/misaka/fishbot/install/dwb_msgs/share/dwb_msgs/cmake/dwb_msgs__rosidl_typesupport_cppExport-noconfig.cmake
[4.292s] -- Up-to-date: /home/misaka/fishbot/install/dwb_msgs/share/dwb_msgs/cmake/export_dwb_msgs__rosidl_generator_pyExport.cmake
[4.292s] -- Up-to-date: /home/misaka/fishbot/install/dwb_msgs/share/dwb_msgs/cmake/export_dwb_msgs__rosidl_generator_pyExport-noconfig.cmake
[4.292s] -- Up-to-date: /home/misaka/fishbot/install/dwb_msgs/share/dwb_msgs/cmake/rosidl_cmake-extras.cmake
[4.293s] -- Up-to-date: /home/misaka/fishbot/install/dwb_msgs/share/dwb_msgs/cmake/ament_cmake_export_dependencies-extras.cmake
[4.293s] -- Up-to-date: /home/misaka/fishbot/install/dwb_msgs/share/dwb_msgs/cmake/ament_cmake_export_include_directories-extras.cmake
[4.295s] -- Up-to-date: /home/misaka/fishbot/install/dwb_msgs/share/dwb_msgs/cmake/ament_cmake_export_libraries-extras.cmake
[4.295s] -- Up-to-date: /home/misaka/fishbot/install/dwb_msgs/share/dwb_msgs/cmake/ament_cmake_export_targets-extras.cmake
[4.295s] -- Up-to-date: /home/misaka/fishbot/install/dwb_msgs/share/dwb_msgs/cmake/rosidl_cmake_export_typesupport_targets-extras.cmake
[4.297s] -- Up-to-date: /home/misaka/fishbot/install/dwb_msgs/share/dwb_msgs/cmake/rosidl_cmake_export_typesupport_libraries-extras.cmake
[4.298s] -- Up-to-date: /home/misaka/fishbot/install/dwb_msgs/share/dwb_msgs/cmake/dwb_msgsConfig.cmake
[4.299s] -- Up-to-date: /home/misaka/fishbot/install/dwb_msgs/share/dwb_msgs/cmake/dwb_msgsConfig-version.cmake
[4.299s] -- Up-to-date: /home/misaka/fishbot/install/dwb_msgs/share/dwb_msgs/package.xml
[4.308s] Invoked command in '/home/misaka/fishbot/build/dwb_msgs' returned '0': AMENT_PREFIX_PATH=/home/misaka/fishbot/install/nav_2d_msgs:${AMENT_PREFIX_PATH} CMAKE_PREFIX_PATH=/home/misaka/fishbot/install/nav_2d_msgs:/opt/ros/humble LD_LIBRARY_PATH=/home/misaka/fishbot/install/nav_2d_msgs/lib:${LD_LIBRARY_PATH} PYTHONPATH=/home/misaka/fishbot/install/nav_2d_msgs/local/lib/python3.10/dist-packages:${PYTHONPATH} /usr/bin/cmake --install /home/misaka/fishbot/build/dwb_msgs
