[0.189s] Invoking command in '/home/misaka/fishbot/build/nav2_map_server': AMENT_PREFIX_PATH=/home/misaka/fishbot/install/nav2_util:/home/misaka/fishbot/install/nav2_msgs:/home/misaka/fishbot/install/nav2_common:${AMENT_PREFIX_PATH} CMAKE_PREFIX_PATH=/home/misaka/fishbot/install/nav2_util:/home/misaka/fishbot/install/nav2_msgs:/home/misaka/fishbot/install/nav2_common:/opt/ros/humble LD_LIBRARY_PATH=/home/misaka/fishbot/install/nav2_util/lib:/home/misaka/fishbot/install/nav2_msgs/lib:${LD_LIBRARY_PATH} PYTHONPATH=/home/misaka/fishbot/install/nav2_msgs/local/lib/python3.10/dist-packages:/home/misaka/fishbot/install/nav2_common/local/lib/python3.10/dist-packages:${PYTHONPATH} /usr/bin/cmake /home/misaka/fishbot/src/navigation/nav2_map_server -DCMAKE_INSTALL_PREFIX=/home/misaka/fishbot/install/nav2_map_server
[0.557s] -- The C compiler identification is GNU 11.4.0
[0.827s] -- The CXX compiler identification is GNU 11.4.0
[0.859s] -- Detecting C compiler ABI info
[1.253s] -- Detecting C compiler ABI info - done
[1.284s] -- Check for working C compiler: /usr/bin/cc - skipped
[1.286s] -- Detecting C compile features
[1.287s] -- Detecting C compile features - done
[1.306s] -- Detecting CXX compiler ABI info
[1.701s] -- Detecting CXX compiler ABI info - done
[1.730s] -- Check for working CXX compiler: /usr/bin/c++ - skipped
[1.731s] -- Detecting CXX compile features
[1.733s] -- Detecting CXX compile features - done
[1.745s] -- Found ament_cmake: 1.3.10 (/opt/ros/humble/share/ament_cmake/cmake)
[2.428s] -- Found Python3: /usr/bin/python3 (found version "3.10.12") found components: Interpreter 
[2.800s] -- Found nav2_common: 1.1.0 (/home/misaka/fishbot/install/nav2_common/share/nav2_common/cmake)
[2.807s] -- Found rclcpp: 16.0.10 (/opt/ros/humble/share/rclcpp/cmake)
[2.970s] -- Found rosidl_generator_c: 3.1.5 (/opt/ros/humble/share/rosidl_generator_c/cmake)
[2.991s] -- Found rosidl_adapter: 3.1.5 (/opt/ros/humble/share/rosidl_adapter/cmake)
[3.027s] -- Found rosidl_generator_cpp: 3.1.5 (/opt/ros/humble/share/rosidl_generator_cpp/cmake)
[3.079s] -- Using all available rosidl_typesupport_c: rosidl_typesupport_fastrtps_c;rosidl_typesupport_introspection_c
[3.147s] -- Using all available rosidl_typesupport_cpp: rosidl_typesupport_fastrtps_cpp;rosidl_typesupport_introspection_cpp
[3.371s] -- Found rmw_implementation_cmake: 6.1.2 (/opt/ros/humble/share/rmw_implementation_cmake/cmake)
[3.386s] -- Found rmw_fastrtps_cpp: 6.2.7 (/opt/ros/humble/share/rmw_fastrtps_cpp/cmake)
[3.847s] -- Found OpenSSL: /usr/lib/x86_64-linux-gnu/libcrypto.so (found version "3.0.2")  
[3.948s] -- Found FastRTPS: /opt/ros/humble/include  
[4.096s] -- Using RMW implementation 'rmw_fastrtps_cpp' as default
[4.136s] -- Looking for pthread.h
[4.474s] -- Looking for pthread.h - found
[4.476s] -- Performing Test CMAKE_HAVE_LIBC_PTHREAD
[4.801s] -- Performing Test CMAKE_HAVE_LIBC_PTHREAD - Success
[4.804s] -- Found Threads: TRUE  
[5.061s] -- Found rclcpp_lifecycle: 16.0.10 (/opt/ros/humble/share/rclcpp_lifecycle/cmake)
[5.149s] -- Found rclcpp_components: 16.0.10 (/opt/ros/humble/share/rclcpp_components/cmake)
[5.257s] -- Found nav_msgs: 4.2.4 (/opt/ros/humble/share/nav_msgs/cmake)
[5.371s] -- Found nav2_msgs: 1.1.0 (/home/misaka/fishbot/install/nav2_msgs/share/nav2_msgs/cmake)
[5.577s] -- Found yaml_cpp_vendor: 8.0.2 (/opt/ros/humble/share/yaml_cpp_vendor/cmake)
[5.601s] -- Found tf2: 0.25.8 (/opt/ros/humble/share/tf2/cmake)
[5.616s] -- Found nav2_util: 1.1.0 (/home/misaka/fishbot/install/nav2_util/share/nav2_util/cmake)
[5.853s] -- Found eigen3_cmake_module: 0.1.1 (/opt/ros/humble/share/eigen3_cmake_module/cmake)
[5.858s] -- Found Eigen3: TRUE (found version "3.4.0") 
[5.858s] -- Ensuring Eigen3 include directory is part of orocos-kdl CMake target
[6.002s] -- Found GRAPHICSMAGICKCPP: /usr/include/GraphicsMagick  
[6.002s] -- Setting build type to Release as none was specified.
[6.425s] -- Found ament_lint_auto: 0.12.11 (/opt/ros/humble/share/ament_lint_auto/cmake)
[6.917s] -- Found gtest sources under '/opt/ros/humble/src/gtest_vendor': C++ tests using 'Google Test' will be built
[6.950s] -- Found gtest sources under '/opt/ros/humble/src/gtest_vendor': C++ tests using 'Google Test' will be built
[6.976s] -- Found gtest sources under '/opt/ros/humble/src/gtest_vendor': C++ tests using 'Google Test' will be built
[7.019s] -- Added test 'cppcheck' to perform static code analysis on C / C++ code
[7.024s] -- Configured cppcheck include dirs: /home/misaka/fishbot/src/navigation/nav2_map_server/include
[7.025s] -- Configured cppcheck exclude dirs and/or files: 
[7.039s] -- Added test 'cpplint' to check C / C++ code against the Google style
[7.039s] -- Configured cpplint exclude dirs and/or files: 
[7.042s] -- Added test 'flake8' to check Python code syntax and style conventions
[7.048s] -- Added test 'lint_cmake' to check CMake code style
[7.051s] -- Added test 'pep257' to check Python code against some of the docstring style conventions in PEP 257
[7.066s] -- Added test 'uncrustify' to check C / C++ code style
[7.067s] -- Configured uncrustify additional arguments: 
[7.070s] -- Added test 'xmllint' to check XML markup files
[7.084s] -- Configuring done
[8.630s] -- Generating done
[8.639s] -- Build files have been written to: /home/misaka/fishbot/build/nav2_map_server
[8.732s] Invoked command in '/home/misaka/fishbot/build/nav2_map_server' returned '0': AMENT_PREFIX_PATH=/home/misaka/fishbot/install/nav2_util:/home/misaka/fishbot/install/nav2_msgs:/home/misaka/fishbot/install/nav2_common:${AMENT_PREFIX_PATH} CMAKE_PREFIX_PATH=/home/misaka/fishbot/install/nav2_util:/home/misaka/fishbot/install/nav2_msgs:/home/misaka/fishbot/install/nav2_common:/opt/ros/humble LD_LIBRARY_PATH=/home/misaka/fishbot/install/nav2_util/lib:/home/misaka/fishbot/install/nav2_msgs/lib:${LD_LIBRARY_PATH} PYTHONPATH=/home/misaka/fishbot/install/nav2_msgs/local/lib/python3.10/dist-packages:/home/misaka/fishbot/install/nav2_common/local/lib/python3.10/dist-packages:${PYTHONPATH} /usr/bin/cmake /home/misaka/fishbot/src/navigation/nav2_map_server -DCMAKE_INSTALL_PREFIX=/home/misaka/fishbot/install/nav2_map_server
[8.756s] Invoking command in '/home/misaka/fishbot/build/nav2_map_server': AMENT_PREFIX_PATH=/home/misaka/fishbot/install/nav2_util:/home/misaka/fishbot/install/nav2_msgs:/home/misaka/fishbot/install/nav2_common:${AMENT_PREFIX_PATH} CMAKE_PREFIX_PATH=/home/misaka/fishbot/install/nav2_util:/home/misaka/fishbot/install/nav2_msgs:/home/misaka/fishbot/install/nav2_common:/opt/ros/humble LD_LIBRARY_PATH=/home/misaka/fishbot/install/nav2_util/lib:/home/misaka/fishbot/install/nav2_msgs/lib:${LD_LIBRARY_PATH} PYTHONPATH=/home/misaka/fishbot/install/nav2_msgs/local/lib/python3.10/dist-packages:/home/misaka/fishbot/install/nav2_common/local/lib/python3.10/dist-packages:${PYTHONPATH} /usr/bin/cmake --build /home/misaka/fishbot/build/nav2_map_server -- -j16 -l16
[9.286s] [  2%] [32mBuilding CXX object CMakeFiles/map_io.dir/src/map_io.cpp.o[0m
[9.317s] [  5%] [32mBuilding CXX object gtest/CMakeFiles/gtest.dir/src/gtest-all.cc.o[0m
[9.342s] [  8%] [32mBuilding CXX object CMakeFiles/map_io.dir/src/map_mode.cpp.o[0m
[9.345s] [ 11%] [32mBuilding CXX object gtest/CMakeFiles/gtest_main.dir/src/gtest_main.cc.o[0m
[14.727s] [ 13%] [32m[1mLinking CXX static library libgtest_main.a[0m
[15.032s] [ 13%] Built target gtest_main
[39.239s] [ 16%] [32m[1mLinking CXX shared library libmap_io.so[0m
[47.762s] [ 16%] Built target map_io
[358.985s] [ 19%] [32m[1mLinking CXX static library libgtest.a[0m
[358.988s] [ 19%] Built target gtest
[358.988s] [ 22%] [32mBuilding CXX object test/component/CMakeFiles/test_map_saver_publisher.dir/test_map_saver_publisher.cpp.o[0m
[359.009s] [ 25%] [32mBuilding CXX object test/component/CMakeFiles/test_map_saver_publisher.dir/__/test_constants.cpp.o[0m
[359.010s] [ 27%] [32m[1mLinking CXX executable test_map_saver_publisher[0m
[359.010s] [ 27%] Built target test_map_saver_publisher
[359.010s] [ 30%] [32mBuilding CXX object test/map_saver_cli/CMakeFiles/test_map_saver_cli.dir/test_map_saver_cli.cpp.o[0m
[386.848s] [ 33%] [32mBuilding CXX object test/map_saver_cli/CMakeFiles/test_map_saver_cli.dir/__/test_constants.cpp.o[0m
[387.465s] [ 36%] [32m[1mLinking CXX executable test_map_saver_cli[0m
[388.256s] [ 36%] Built target test_map_saver_cli
[388.393s] [ 38%] [32mBuilding CXX object test/unit/CMakeFiles/test_map_io.dir/test_map_io.cpp.o[0m
[415.752s] [ 41%] [32mBuilding CXX object test/unit/CMakeFiles/test_map_io.dir/__/test_constants.cpp.o[0m
[416.355s] [ 44%] [32m[1mLinking CXX executable test_map_io[0m
[417.532s] [ 44%] Built target test_map_io
[417.655s] [ 47%] [32mBuilding CXX object CMakeFiles/map_server_core.dir/src/map_server/map_server.cpp.o[0m
[462.109s] [ 50%] [32mBuilding CXX object CMakeFiles/map_server_core.dir/src/costmap_filter_info/costmap_filter_info_server.cpp.o[0m
[504.599s] [ 52%] [32mBuilding CXX object CMakeFiles/map_server_core.dir/src/map_saver/map_saver.cpp.o[0m
[561.493s] [ 55%] [32m[1mLinking CXX shared library libmap_server_core.so[0m
[564.791s] [ 55%] Built target map_server_core
[565.125s] [ 58%] [32mBuilding CXX object CMakeFiles/map_saver_server.dir/src/map_saver/main_server.cpp.o[0m
[565.205s] [ 61%] [32mBuilding CXX object CMakeFiles/map_saver_cli.dir/src/map_saver/main_cli.cpp.o[0m
[565.224s] [ 63%] [32mBuilding CXX object CMakeFiles/map_server.dir/src/map_server/main.cpp.o[0m
[588.083s] [ 66%] [32m[1mLinking CXX executable map_server[0m
[588.498s] [ 69%] [32m[1mLinking CXX executable map_saver_server[0m
[589.551s] [ 72%] [32m[1mLinking CXX executable map_saver_cli[0m
[591.394s] [ 72%] Built target map_saver_cli
[591.397s] [ 72%] Built target map_saver_server
[591.434s] [ 72%] Built target map_server
[591.666s] [ 75%] [32mBuilding CXX object test/component/CMakeFiles/test_map_saver_node.dir/test_map_saver_node.cpp.o[0m
[627.621s] [ 77%] [32mBuilding CXX object test/component/CMakeFiles/test_map_saver_node.dir/__/test_constants.cpp.o[0m
[628.237s] [ 80%] [32m[1mLinking CXX executable test_map_saver_node[0m
[629.748s] [ 80%] Built target test_map_saver_node
[629.899s] [ 83%] [32mBuilding CXX object test/component/CMakeFiles/test_map_server_node.dir/__/test_constants.cpp.o[0m
[629.923s] [ 86%] [32mBuilding CXX object test/unit/CMakeFiles/test_costmap_filter_info_server.dir/test_costmap_filter_info_server.cpp.o[0m
[629.932s] [ 88%] [32mBuilding CXX object test/component/CMakeFiles/test_map_server_node.dir/test_map_server_node.cpp.o[0m
[629.967s] [ 91%] [32mBuilding CXX object CMakeFiles/costmap_filter_info_server.dir/src/costmap_filter_info/main.cpp.o[0m
[666.764s] [ 94%] [32m[1mLinking CXX executable costmap_filter_info_server[0m
[676.911s] [ 94%] Built target costmap_filter_info_server
