[0.067s] Invoking command in '/home/misaka/fishbot/build/cartographer': CMAKE_PREFIX_PATH=/opt/ros/humble /usr/bin/cmake --build /home/misaka/fishbot/build/cartographer -- -j16 -l16
[0.492s] [  0%] [34m[1mBuilding documentation.[0m
[0.556s] [  0%] Built target cartographer_detect_changes
[0.574s] [  1%] Built target gtest
[0.714s] [  2%] Built target gmock
[0.847s] [  2%] Built target gmock_main
[1.478s] [ 55%] Built target cartographer
[1.613s] [ 57%] Built target cartographer_autogenerate_ground_truth
[1.614s] [ 57%] Built target cartographer_pbstream
[1.617s] [ 57%] Built target cartographer_print_configuration
[1.629s] [ 58%] Built target cartographer_test_library
[1.632s] [ 58%] Built target cartographer_compute_relations_metrics
[1.797s] [ 59%] Built target cartographer.common.internal.rate_timer_test
[1.797s] [ 60%] Built target cartographer.common.configuration_files_test
[1.798s] [ 60%] Built target cartographer.common.fixed_ratio_sampler_test
[1.798s] [ 60%] Built target cartographer.common.internal.blocking_queue_test
[1.798s] [ 60%] Built target cartographer.common.lua_parameter_dictionary_test
[1.800s] [ 60%] Built target cartographer.common.task_test
[1.814s] [ 60%] Built target cartographer.io.fake_file_writer_test
[1.814s] [ 61%] Built target cartographer.common.math_test
[1.814s] [ 62%] Built target cartographer.common.thread_pool_test
[1.828s] [ 63%] Built target cartographer.io.proto_stream_deserializer_test
[1.828s] [ 64%] Built target cartographer.io.proto_stream_test
[1.829s] [ 64%] Built target cartographer.io.probability_grid_points_processor_test
[1.829s] [ 64%] Built target cartographer.io.internal.in_memory_proto_stream_test
[1.833s] [ 65%] Built target cartographer.io.serialization_format_migration_test
[1.842s] [ 66%] Built target cartographer.io.points_processor_pipeline_builder_test
[1.955s] [ 66%] Built target cartographer.mapping.2d.map_limits_test
[1.963s] [ 66%] Built target cartographer.mapping.2d.range_data_inserter_2d_test
[1.968s] [ 66%] Built target cartographer.mapping.id_test
[1.969s] [ 66%] Built target cartographer.mapping.2d.xy_index_test
[1.979s] [ 67%] Built target cartographer.mapping.2d.submap_2d_test
[1.980s] [ 68%] Built target cartographer.mapping.2d.probability_grid_test
[1.990s] [ 68%] Built target cartographer.mapping.3d.range_data_inserter_3d_test
[1.995s] [ 69%] Built target cartographer.mapping.3d.hybrid_grid_test
[1.995s] [ 70%] Built target cartographer.mapping.imu_tracker_test
[1.997s] [ 71%] Built target cartographer.mapping.internal.2d.overlapping_submaps_trimmer_2d_test
[2.009s] [ 72%] Built target cartographer.mapping.3d.submap_3d_test
[2.019s] [ 72%] Built target cartographer.mapping.internal.2d.scan_matching.ceres_scan_matcher_2d_test
[2.020s] [ 72%] Built target cartographer.mapping.internal.2d.normal_estimation_2d_test
[2.029s] [ 73%] Built target cartographer.mapping.internal.2d.ray_to_pixel_mask_test
[2.030s] [ 73%] Built target cartographer.mapping.internal.2d.pose_graph_2d_test
[2.116s] [ 74%] Built target cartographer.mapping.internal.2d.scan_matching.correlative_scan_matcher_test
[2.135s] [ 74%] Built target cartographer.mapping.internal.2d.scan_matching.occupied_space_cost_function_2d_test
[2.148s] [ 75%] Built target cartographer.mapping.internal.2d.scan_matching.interpolated_tsdf_2d_test
[2.152s] [ 75%] Built target cartographer.mapping.internal.2d.scan_matching.fast_correlative_scan_matcher_2d_test
[2.153s] [ 76%] Built target cartographer.mapping.internal.2d.scan_matching.real_time_correlative_scan_matcher_2d_test
[2.156s] [ 76%] Built target cartographer.mapping.internal.2d.scan_matching.tsdf_match_cost_function_2d_test
[2.156s] [ 77%] Built target cartographer.mapping.internal.2d.tsd_value_converter_test
[2.174s] [ 77%] Built target cartographer.mapping.internal.2d.tsdf_2d_test
[2.187s] [ 77%] Built target cartographer.mapping.internal.3d.local_trajectory_builder_3d_test
[2.190s] [ 78%] Built target cartographer.mapping.internal.2d.tsdf_range_data_inserter_2d_test
[2.196s] [ 79%] Built target cartographer.mapping.internal.3d.pose_graph_3d_test
[2.202s] [ 79%] Built target cartographer.mapping.internal.3d.scan_matching.interpolated_grid_test
[2.210s] [ 80%] Built target cartographer.mapping.internal.3d.scan_matching.ceres_scan_matcher_3d_test
[2.210s] [ 80%] Built target cartographer.mapping.internal.3d.scan_matching.fast_correlative_scan_matcher_3d_test
[2.250s] [ 81%] Built target cartographer.mapping.internal.3d.scan_matching.intensity_cost_function_3d_test
[2.316s] [ 81%] Built target cartographer.mapping.internal.3d.scan_matching.rotational_scan_matcher_test
[2.333s] [ 81%] Built target cartographer.mapping.internal.constraints.constraint_builder_2d_test
[2.334s] [ 83%] Built target cartographer.mapping.internal.3d.scan_matching.rotation_delta_cost_functor_3d_test
[2.334s] [ 83%] Built target cartographer.mapping.internal.3d.scan_matching.real_time_correlative_scan_matcher_3d_test
[2.334s] [ 83%] Built target cartographer.mapping.internal.connected_components_test
[2.349s] [ 84%] Built target cartographer.mapping.internal.3d.scan_matching.precomputation_grid_3d_test
[2.359s] [ 84%] Built target cartographer.mapping.internal.motion_filter_test
[2.366s] [ 85%] Built target cartographer.mapping.internal.constraints.constraint_builder_3d_test
[2.372s] [ 85%] Built target cartographer.mapping.internal.optimization.optimization_problem_3d_test
[2.373s] [ 86%] Built target cartographer.mapping.internal.optimization.cost_functions.landmark_cost_function_2d_test
[2.381s] [ 87%] Built target cartographer.mapping.internal.optimization.cost_functions.spa_cost_function_2d_test
[2.387s] [ 87%] Built target cartographer.mapping.internal.optimization.cost_functions.landmark_cost_function_3d_test
[2.391s] [ 87%] Built target cartographer.mapping.internal.trajectory_connectivity_state_test
[2.397s] [ 88%] Built target cartographer.mapping.internal.range_data_collator_test
[2.448s] [ 89%] Built target cartographer.mapping.map_builder_test
[2.480s] [ 89%] Built target cartographer.mapping.pose_extrapolator_test
[2.504s] [ 89%] Built target cartographer.mapping.submaps_test
[2.520s] [ 90%] Built target cartographer.mapping.pose_graph_trimmer_test
[2.520s] [ 90%] Built target cartographer.mapping.probability_values_test
[2.527s] [ 91%] Built target cartographer.mapping.pose_graph_test
[2.539s] [ 92%] Built target cartographer.sensor.compressed_point_cloud_test
[2.554s] [ 92%] Built target cartographer.mapping.value_conversion_tables_test
[2.562s] [ 93%] Built target cartographer.mapping.trajectory_node_test
[2.570s] [ 93%] Built target cartographer.sensor.internal.collator_test
[2.571s] [ 94%] Built target cartographer.sensor.map_by_time_test
[2.573s] [ 94%] Built target cartographer.sensor.landmark_data_test
[2.583s] [ 94%] Built target cartographer.sensor.internal.trajectory_collator_test
[2.592s] [ 95%] Built target cartographer.sensor.internal.voxel_filter_test
[2.605s] [ 96%] Built target cartographer.sensor.internal.ordered_multi_queue_test
[2.623s] [ 97%] Built target cartographer.sensor.point_cloud_test
[2.646s] [ 97%] Built target cartographer.sensor.range_data_test
[2.665s] [ 98%] Built target cartographer.transform.rigid_transform_test
[2.688s] [100%] Built target cartographer.transform.transform_interpolation_buffer_test
[2.696s] [100%] Built target cartographer.transform.transform_test
[2.697s] [100%] Built target cartographer.transform.timestamped_transform_test
[2.863s] [01mRunning Sphinx v4.3.2[39;49;00m
[3.627s] [01mloading pickled environment... [39;49;00mdone
[3.650s] [01mbuilding [mo]: [39;49;00mtargets for 0 po files that are out of date
[3.662s] [01mbuilding [html]: [39;49;00mtargets for 0 source files that are out of date
[3.665s] [01mupdating environment: [39;49;00m0 added, 0 changed, 0 removed
[3.666s] [01mlooking for now-outdated files... [39;49;00mnone found
[3.667s] [01mno targets are out of date.[39;49;00m
[3.667s] [01mbuild succeeded.[39;49;00m
[3.667s] 
[3.667s] The HTML pages are in html.
[3.892s] [100%] Built target build_doc
[3.940s] Invoked command in '/home/misaka/fishbot/build/cartographer' returned '0': CMAKE_PREFIX_PATH=/opt/ros/humble /usr/bin/cmake --build /home/misaka/fishbot/build/cartographer -- -j16 -l16
[9.170s] Invoking command in '/home/misaka/fishbot/build/cartographer': CMAKE_PREFIX_PATH=/opt/ros/humble /usr/bin/cmake --install /home/misaka/fishbot/build/cartographer
[9.208s] -- Install configuration: "Release"
[9.209s] -- Up-to-date: /home/misaka/fishbot/install/cartographer/share/cartographer/package.xml
[9.210s] -- Up-to-date: /home/misaka/fishbot/install/cartographer/share/cartographer//configuration_files
[9.211s] -- Up-to-date: /home/misaka/fishbot/install/cartographer/share/cartographer//configuration_files/map_builder_server.lua
[9.211s] -- Up-to-date: /home/misaka/fishbot/install/cartographer/share/cartographer//configuration_files/trajectory_builder.lua
[9.212s] -- Up-to-date: /home/misaka/fishbot/install/cartographer/share/cartographer//configuration_files/trajectory_builder_2d.lua
[9.212s] -- Up-to-date: /home/misaka/fishbot/install/cartographer/share/cartographer//configuration_files/pose_graph.lua
[9.212s] -- Up-to-date: /home/misaka/fishbot/install/cartographer/share/cartographer//configuration_files/map_builder.lua
[9.212s] -- Up-to-date: /home/misaka/fishbot/install/cartographer/share/cartographer//configuration_files/trajectory_builder_3d.lua
[9.212s] -- Up-to-date: /home/misaka/fishbot/install/cartographer/share/cartographer//cmake
[9.212s] -- Up-to-date: /home/misaka/fishbot/install/cartographer/share/cartographer//cmake/modules
[9.213s] -- Up-to-date: /home/misaka/fishbot/install/cartographer/share/cartographer//cmake/modules/FindGMock.cmake
[9.213s] -- Up-to-date: /home/misaka/fishbot/install/cartographer/share/cartographer//cmake/modules/FindEigen3.cmake
[9.214s] -- Up-to-date: /home/misaka/fishbot/install/cartographer/share/cartographer//cmake/modules/FindLuaGoogle.cmake
[9.214s] -- Up-to-date: /home/misaka/fishbot/install/cartographer/share/cartographer//cmake/modules/FindSphinx.cmake
[9.215s] -- Up-to-date: /home/misaka/fishbot/install/cartographer/share/cartographer//cmake/functions.cmake
[9.216s] -- Up-to-date: /home/misaka/fishbot/install/cartographer/bin/cartographer_autogenerate_ground_truth
[9.218s] -- Up-to-date: /home/misaka/fishbot/install/cartographer/bin/cartographer_compute_relations_metrics
[9.222s] -- Up-to-date: /home/misaka/fishbot/install/cartographer/bin/cartographer_pbstream
[9.227s] -- Up-to-date: /home/misaka/fishbot/install/cartographer/bin/cartographer_print_configuration
[9.228s] -- Up-to-date: /home/misaka/fishbot/install/cartographer/lib/libcartographer.a
[9.229s] -- Up-to-date: /home/misaka/fishbot/install/cartographer/include/cartographer/common/configuration_file_resolver.h
[9.229s] -- Up-to-date: /home/misaka/fishbot/install/cartographer/include/cartographer/common/fixed_ratio_sampler.h
[9.230s] -- Up-to-date: /home/misaka/fishbot/install/cartographer/include/cartographer/common/histogram.h
[9.231s] -- Up-to-date: /home/misaka/fishbot/install/cartographer/include/cartographer/common/lua.h
[9.232s] -- Up-to-date: /home/misaka/fishbot/install/cartographer/include/cartographer/common/lua_parameter_dictionary.h
[9.233s] -- Up-to-date: /home/misaka/fishbot/install/cartographer/include/cartographer/common/math.h
[9.233s] -- Up-to-date: /home/misaka/fishbot/install/cartographer/include/cartographer/common/port.h
[9.234s] -- Up-to-date: /home/misaka/fishbot/install/cartographer/include/cartographer/common/task.h
[9.235s] -- Up-to-date: /home/misaka/fishbot/install/cartographer/include/cartographer/common/thread_pool.h
[9.235s] -- Up-to-date: /home/misaka/fishbot/install/cartographer/include/cartographer/common/time.h
[9.236s] -- Up-to-date: /home/misaka/fishbot/install/cartographer/include/cartographer/ground_truth/autogenerate_ground_truth.h
[9.236s] -- Up-to-date: /home/misaka/fishbot/install/cartographer/include/cartographer/ground_truth/relations_text_file.h
[9.236s] -- Up-to-date: /home/misaka/fishbot/install/cartographer/include/cartographer/io/color.h
[9.237s] -- Up-to-date: /home/misaka/fishbot/install/cartographer/include/cartographer/io/coloring_points_processor.h
[9.237s] -- Up-to-date: /home/misaka/fishbot/install/cartographer/include/cartographer/io/counting_points_processor.h
[9.237s] -- Up-to-date: /home/misaka/fishbot/install/cartographer/include/cartographer/io/draw_trajectories.h
[9.237s] -- Up-to-date: /home/misaka/fishbot/install/cartographer/include/cartographer/io/file_writer.h
[9.237s] -- Up-to-date: /home/misaka/fishbot/install/cartographer/include/cartographer/io/fixed_ratio_sampling_points_processor.h
[9.237s] -- Up-to-date: /home/misaka/fishbot/install/cartographer/include/cartographer/io/frame_id_filtering_points_processor.h
[9.238s] -- Up-to-date: /home/misaka/fishbot/install/cartographer/include/cartographer/io/hybrid_grid_points_processor.h
[9.238s] -- Up-to-date: /home/misaka/fishbot/install/cartographer/include/cartographer/io/image.h
[9.239s] -- Up-to-date: /home/misaka/fishbot/install/cartographer/include/cartographer/io/intensity_to_color_points_processor.h
[9.240s] -- Up-to-date: /home/misaka/fishbot/install/cartographer/include/cartographer/io/min_max_range_filtering_points_processor.h
[9.240s] -- Up-to-date: /home/misaka/fishbot/install/cartographer/include/cartographer/io/null_points_processor.h
[9.241s] -- Up-to-date: /home/misaka/fishbot/install/cartographer/include/cartographer/io/outlier_removing_points_processor.h
[9.241s] -- Up-to-date: /home/misaka/fishbot/install/cartographer/include/cartographer/io/pcd_writing_points_processor.h
[9.241s] -- Up-to-date: /home/misaka/fishbot/install/cartographer/include/cartographer/io/ply_writing_points_processor.h
[9.242s] -- Up-to-date: /home/misaka/fishbot/install/cartographer/include/cartographer/io/points_batch.h
[9.243s] -- Up-to-date: /home/misaka/fishbot/install/cartographer/include/cartographer/io/points_processor.h
[9.243s] -- Up-to-date: /home/misaka/fishbot/install/cartographer/include/cartographer/io/points_processor_pipeline_builder.h
[9.244s] -- Up-to-date: /home/misaka/fishbot/install/cartographer/include/cartographer/io/probability_grid_points_processor.h
[9.245s] -- Up-to-date: /home/misaka/fishbot/install/cartographer/include/cartographer/io/proto_stream.h
[9.245s] -- Up-to-date: /home/misaka/fishbot/install/cartographer/include/cartographer/io/proto_stream_deserializer.h
[9.246s] -- Up-to-date: /home/misaka/fishbot/install/cartographer/include/cartographer/io/proto_stream_interface.h
[9.247s] -- Up-to-date: /home/misaka/fishbot/install/cartographer/include/cartographer/io/serialization_format_migration.h
[9.247s] -- Up-to-date: /home/misaka/fishbot/install/cartographer/include/cartographer/io/submap_painter.h
[9.248s] -- Up-to-date: /home/misaka/fishbot/install/cartographer/include/cartographer/io/vertical_range_filtering_points_processor.h
[9.249s] -- Up-to-date: /home/misaka/fishbot/install/cartographer/include/cartographer/io/xray_points_processor.h
[9.249s] -- Up-to-date: /home/misaka/fishbot/install/cartographer/include/cartographer/io/xyz_writing_points_processor.h
[9.249s] -- Up-to-date: /home/misaka/fishbot/install/cartographer/include/cartographer/mapping/2d/grid_2d.h
[9.249s] -- Up-to-date: /home/misaka/fishbot/install/cartographer/include/cartographer/mapping/2d/map_limits.h
[9.250s] -- Up-to-date: /home/misaka/fishbot/install/cartographer/include/cartographer/mapping/2d/probability_grid.h
[9.250s] -- Up-to-date: /home/misaka/fishbot/install/cartographer/include/cartographer/mapping/2d/probability_grid_range_data_inserter_2d.h
[9.250s] -- Up-to-date: /home/misaka/fishbot/install/cartographer/include/cartographer/mapping/2d/submap_2d.h
[9.250s] -- Up-to-date: /home/misaka/fishbot/install/cartographer/include/cartographer/mapping/2d/xy_index.h
[9.251s] -- Up-to-date: /home/misaka/fishbot/install/cartographer/include/cartographer/mapping/3d/hybrid_grid.h
[9.251s] -- Up-to-date: /home/misaka/fishbot/install/cartographer/include/cartographer/mapping/3d/range_data_inserter_3d.h
[9.252s] -- Up-to-date: /home/misaka/fishbot/install/cartographer/include/cartographer/mapping/3d/submap_3d.h
[9.252s] -- Up-to-date: /home/misaka/fishbot/install/cartographer/include/cartographer/mapping/detect_floors.h
[9.253s] -- Up-to-date: /home/misaka/fishbot/install/cartographer/include/cartographer/mapping/grid_interface.h
[9.253s] -- Up-to-date: /home/misaka/fishbot/install/cartographer/include/cartographer/mapping/id.h
[9.253s] -- Up-to-date: /home/misaka/fishbot/install/cartographer/include/cartographer/mapping/imu_tracker.h
[9.253s] -- Up-to-date: /home/misaka/fishbot/install/cartographer/include/cartographer/mapping/map_builder.h
[9.253s] -- Up-to-date: /home/misaka/fishbot/install/cartographer/include/cartographer/mapping/map_builder_interface.h
[9.253s] -- Up-to-date: /home/misaka/fishbot/install/cartographer/include/cartographer/mapping/pose_extrapolator.h
[9.254s] -- Up-to-date: /home/misaka/fishbot/install/cartographer/include/cartographer/mapping/pose_extrapolator_interface.h
[9.254s] -- Up-to-date: /home/misaka/fishbot/install/cartographer/include/cartographer/mapping/pose_graph.h
[9.254s] -- Up-to-date: /home/misaka/fishbot/install/cartographer/include/cartographer/mapping/pose_graph_interface.h
[9.254s] -- Up-to-date: /home/misaka/fishbot/install/cartographer/include/cartographer/mapping/pose_graph_trimmer.h
[9.254s] -- Up-to-date: /home/misaka/fishbot/install/cartographer/include/cartographer/mapping/probability_values.h
[9.254s] -- Up-to-date: /home/misaka/fishbot/install/cartographer/include/cartographer/mapping/range_data_inserter_interface.h
[9.254s] -- Up-to-date: /home/misaka/fishbot/install/cartographer/include/cartographer/mapping/submaps.h
[9.255s] -- Up-to-date: /home/misaka/fishbot/install/cartographer/include/cartographer/mapping/trajectory_builder_interface.h
[9.255s] -- Up-to-date: /home/misaka/fishbot/install/cartographer/include/cartographer/mapping/trajectory_node.h
[9.255s] -- Up-to-date: /home/misaka/fishbot/install/cartographer/include/cartographer/mapping/value_conversion_tables.h
[9.255s] -- Up-to-date: /home/misaka/fishbot/install/cartographer/include/cartographer/metrics/counter.h
[9.255s] -- Up-to-date: /home/misaka/fishbot/install/cartographer/include/cartographer/metrics/family_factory.h
[9.255s] -- Up-to-date: /home/misaka/fishbot/install/cartographer/include/cartographer/metrics/gauge.h
[9.255s] -- Up-to-date: /home/misaka/fishbot/install/cartographer/include/cartographer/metrics/histogram.h
[9.256s] -- Up-to-date: /home/misaka/fishbot/install/cartographer/include/cartographer/metrics/register.h
[9.256s] -- Up-to-date: /home/misaka/fishbot/install/cartographer/include/cartographer/sensor/collator_interface.h
[9.256s] -- Up-to-date: /home/misaka/fishbot/install/cartographer/include/cartographer/sensor/compressed_point_cloud.h
[9.256s] -- Up-to-date: /home/misaka/fishbot/install/cartographer/include/cartographer/sensor/data.h
[9.256s] -- Up-to-date: /home/misaka/fishbot/install/cartographer/include/cartographer/sensor/fixed_frame_pose_data.h
[9.257s] -- Up-to-date: /home/misaka/fishbot/install/cartographer/include/cartographer/sensor/imu_data.h
[9.257s] -- Up-to-date: /home/misaka/fishbot/install/cartographer/include/cartographer/sensor/landmark_data.h
[9.257s] -- Up-to-date: /home/misaka/fishbot/install/cartographer/include/cartographer/sensor/map_by_time.h
[9.258s] -- Up-to-date: /home/misaka/fishbot/install/cartographer/include/cartographer/sensor/odometry_data.h
[9.258s] -- Up-to-date: /home/misaka/fishbot/install/cartographer/include/cartographer/sensor/point_cloud.h
[9.259s] -- Up-to-date: /home/misaka/fishbot/install/cartographer/include/cartographer/sensor/range_data.h
[9.259s] -- Up-to-date: /home/misaka/fishbot/install/cartographer/include/cartographer/sensor/rangefinder_point.h
[9.260s] -- Up-to-date: /home/misaka/fishbot/install/cartographer/include/cartographer/sensor/timed_point_cloud_data.h
[9.260s] -- Up-to-date: /home/misaka/fishbot/install/cartographer/include/cartographer/transform/rigid_transform.h
[9.261s] -- Up-to-date: /home/misaka/fishbot/install/cartographer/include/cartographer/transform/timestamped_transform.h
[9.261s] -- Up-to-date: /home/misaka/fishbot/install/cartographer/include/cartographer/transform/transform.h
[9.262s] -- Up-to-date: /home/misaka/fishbot/install/cartographer/include/cartographer/transform/transform_interpolation_buffer.h
[9.262s] -- Up-to-date: /home/misaka/fishbot/install/cartographer/include/cartographer/io/fake_file_writer.h
[9.262s] -- Up-to-date: /home/misaka/fishbot/install/cartographer/include/cartographer/transform/rigid_transform_test_helpers.h
[9.263s] -- Up-to-date: /home/misaka/fishbot/install/cartographer/include/cartographer/common/proto/ceres_solver_options.pb.h
[9.264s] -- Up-to-date: /home/misaka/fishbot/install/cartographer/include/cartographer/ground_truth/proto/relations.pb.h
[9.264s] -- Up-to-date: /home/misaka/fishbot/install/cartographer/include/cartographer/mapping/proto/cell_limits_2d.pb.h
[9.265s] -- Up-to-date: /home/misaka/fishbot/install/cartographer/include/cartographer/mapping/proto/connected_components.pb.h
[9.265s] -- Up-to-date: /home/misaka/fishbot/install/cartographer/include/cartographer/mapping/proto/grid_2d.pb.h
[9.265s] -- Up-to-date: /home/misaka/fishbot/install/cartographer/include/cartographer/mapping/proto/grid_2d_options.pb.h
[9.266s] -- Up-to-date: /home/misaka/fishbot/install/cartographer/include/cartographer/mapping/proto/hybrid_grid.pb.h
[9.268s] -- Up-to-date: /home/misaka/fishbot/install/cartographer/include/cartographer/mapping/proto/local_trajectory_builder_options_2d.pb.h
[9.269s] -- Up-to-date: /home/misaka/fishbot/install/cartographer/include/cartographer/mapping/proto/local_trajectory_builder_options_3d.pb.h
[9.269s] -- Up-to-date: /home/misaka/fishbot/install/cartographer/include/cartographer/mapping/proto/map_builder_options.pb.h
[9.269s] -- Up-to-date: /home/misaka/fishbot/install/cartographer/include/cartographer/mapping/proto/map_limits.pb.h
[9.270s] -- Up-to-date: /home/misaka/fishbot/install/cartographer/include/cartographer/mapping/proto/motion_filter_options.pb.h
[9.270s] -- Up-to-date: /home/misaka/fishbot/install/cartographer/include/cartographer/mapping/proto/normal_estimation_options_2d.pb.h
[9.271s] -- Up-to-date: /home/misaka/fishbot/install/cartographer/include/cartographer/mapping/proto/pose_extrapolator_options.pb.h
[9.271s] -- Up-to-date: /home/misaka/fishbot/install/cartographer/include/cartographer/mapping/proto/pose_graph.pb.h
[9.271s] -- Up-to-date: /home/misaka/fishbot/install/cartographer/include/cartographer/mapping/proto/pose_graph/constraint_builder_options.pb.h
[9.272s] -- Up-to-date: /home/misaka/fishbot/install/cartographer/include/cartographer/mapping/proto/pose_graph/optimization_problem_options.pb.h
[9.273s] -- Up-to-date: /home/misaka/fishbot/install/cartographer/include/cartographer/mapping/proto/pose_graph_options.pb.h
[9.274s] -- Up-to-date: /home/misaka/fishbot/install/cartographer/include/cartographer/mapping/proto/probability_grid.pb.h
[9.274s] -- Up-to-date: /home/misaka/fishbot/install/cartographer/include/cartographer/mapping/proto/probability_grid_range_data_inserter_options_2d.pb.h
[9.276s] -- Up-to-date: /home/misaka/fishbot/install/cartographer/include/cartographer/mapping/proto/range_data_inserter_options.pb.h
[9.276s] -- Up-to-date: /home/misaka/fishbot/install/cartographer/include/cartographer/mapping/proto/range_data_inserter_options_3d.pb.h
[9.277s] -- Up-to-date: /home/misaka/fishbot/install/cartographer/include/cartographer/mapping/proto/scan_matching/ceres_scan_matcher_options_2d.pb.h
[9.277s] -- Up-to-date: /home/misaka/fishbot/install/cartographer/include/cartographer/mapping/proto/scan_matching/ceres_scan_matcher_options_3d.pb.h
[9.279s] -- Up-to-date: /home/misaka/fishbot/install/cartographer/include/cartographer/mapping/proto/scan_matching/fast_correlative_scan_matcher_options_2d.pb.h
[9.279s] -- Up-to-date: /home/misaka/fishbot/install/cartographer/include/cartographer/mapping/proto/scan_matching/fast_correlative_scan_matcher_options_3d.pb.h
[9.279s] -- Up-to-date: /home/misaka/fishbot/install/cartographer/include/cartographer/mapping/proto/scan_matching/real_time_correlative_scan_matcher_options.pb.h
[9.281s] -- Up-to-date: /home/misaka/fishbot/install/cartographer/include/cartographer/mapping/proto/serialization.pb.h
[9.282s] -- Up-to-date: /home/misaka/fishbot/install/cartographer/include/cartographer/mapping/proto/submap.pb.h
[9.282s] -- Up-to-date: /home/misaka/fishbot/install/cartographer/include/cartographer/mapping/proto/submap_visualization.pb.h
[9.283s] -- Up-to-date: /home/misaka/fishbot/install/cartographer/include/cartographer/mapping/proto/submaps_options_2d.pb.h
[9.283s] -- Up-to-date: /home/misaka/fishbot/install/cartographer/include/cartographer/mapping/proto/submaps_options_3d.pb.h
[9.285s] -- Up-to-date: /home/misaka/fishbot/install/cartographer/include/cartographer/mapping/proto/trajectory.pb.h
[9.285s] -- Up-to-date: /home/misaka/fishbot/install/cartographer/include/cartographer/mapping/proto/trajectory_builder_options.pb.h
[9.285s] -- Up-to-date: /home/misaka/fishbot/install/cartographer/include/cartographer/mapping/proto/trajectory_node_data.pb.h
[9.285s] -- Up-to-date: /home/misaka/fishbot/install/cartographer/include/cartographer/mapping/proto/tsdf_2d.pb.h
[9.285s] -- Up-to-date: /home/misaka/fishbot/install/cartographer/include/cartographer/mapping/proto/tsdf_range_data_inserter_options_2d.pb.h
[9.286s] -- Up-to-date: /home/misaka/fishbot/install/cartographer/include/cartographer/sensor/proto/adaptive_voxel_filter_options.pb.h
[9.286s] -- Up-to-date: /home/misaka/fishbot/install/cartographer/include/cartographer/sensor/proto/sensor.pb.h
[9.286s] -- Up-to-date: /home/misaka/fishbot/install/cartographer/include/cartographer/transform/proto/timestamped_transform.pb.h
[9.287s] -- Up-to-date: /home/misaka/fishbot/install/cartographer/include/cartographer/transform/proto/transform.pb.h
[9.287s] -- Up-to-date: /home/misaka/fishbot/install/cartographer/share/cartographer/cmake/CartographerTargets.cmake
[9.287s] -- Up-to-date: /home/misaka/fishbot/install/cartographer/share/cartographer/cmake/CartographerTargets-release.cmake
[9.287s] -- Up-to-date: /home/misaka/fishbot/install/cartographer/share/cartographer/cartographer-config.cmake
[9.287s] Invoked command in '/home/misaka/fishbot/build/cartographer' returned '0': CMAKE_PREFIX_PATH=/opt/ros/humble /usr/bin/cmake --install /home/misaka/fishbot/build/cartographer
