[0.135s] Invoking command in '/home/misaka/fishbot/build/nav2_constrained_smoother': AMENT_PREFIX_PATH=/home/misaka/fishbot/install/nav2_core:/home/misaka/fishbot/install/nav2_costmap_2d:/home/misaka/fishbot/install/nav2_map_server:/home/misaka/fishbot/install/nav2_lifecycle_manager:/home/misaka/fishbot/install/nav2_util:/home/misaka/fishbot/install/nav2_voxel_grid:/home/misaka/fishbot/install/nav2_msgs:/home/misaka/fishbot/install/nav2_common:${AMENT_PREFIX_PATH} CMAKE_PREFIX_PATH=/home/misaka/fishbot/install/nav2_core:/home/misaka/fishbot/install/nav2_costmap_2d:/home/misaka/fishbot/install/nav2_map_server:/home/misaka/fishbot/install/nav2_lifecycle_manager:/home/misaka/fishbot/install/nav2_util:/home/misaka/fishbot/install/nav2_voxel_grid:/home/misaka/fishbot/install/nav2_msgs:/home/misaka/fishbot/install/nav2_common:/opt/ros/humble LD_LIBRARY_PATH=/home/misaka/fishbot/install/nav2_costmap_2d/lib:/home/misaka/fishbot/install/nav2_map_server/lib:/home/misaka/fishbot/install/nav2_lifecycle_manager/lib:/home/misaka/fishbot/install/nav2_util/lib:/home/misaka/fishbot/install/nav2_voxel_grid/lib:/home/misaka/fishbot/install/nav2_msgs/lib:${LD_LIBRARY_PATH} PYTHONPATH=/home/misaka/fishbot/install/nav2_msgs/local/lib/python3.10/dist-packages:/home/misaka/fishbot/install/nav2_common/local/lib/python3.10/dist-packages:${PYTHONPATH} /usr/bin/cmake /home/misaka/fishbot/src/navigation/nav2_constrained_smoother -DCMAKE_INSTALL_PREFIX=/home/misaka/fishbot/install/nav2_constrained_smoother
[0.367s] -- The C compiler identification is GNU 11.4.0
[0.574s] -- The CXX compiler identification is GNU 11.4.0
[0.601s] -- Detecting C compiler ABI info
[0.883s] -- Detecting C compiler ABI info - done
[0.909s] -- Check for working C compiler: /usr/bin/cc - skipped
[0.909s] -- Detecting C compile features
[0.910s] -- Detecting C compile features - done
[0.921s] -- Detecting CXX compiler ABI info
[1.238s] -- Detecting CXX compiler ABI info - done
[1.266s] -- Check for working CXX compiler: /usr/bin/c++ - skipped
[1.268s] -- Detecting CXX compile features
[1.270s] -- Detecting CXX compile features - done
[1.278s] -- Found ament_cmake: 1.3.10 (/opt/ros/humble/share/ament_cmake/cmake)
[1.788s] -- Found Python3: /usr/bin/python3 (found version "3.10.12") found components: Interpreter 
[2.106s] -- Found nav2_core: 1.1.0 (/home/misaka/fishbot/install/nav2_core/share/nav2_core/cmake)
[2.282s] -- Found rosidl_generator_c: 3.1.5 (/opt/ros/humble/share/rosidl_generator_c/cmake)
[2.304s] -- Found rosidl_adapter: 3.1.5 (/opt/ros/humble/share/rosidl_adapter/cmake)
[2.335s] -- Found rosidl_generator_cpp: 3.1.5 (/opt/ros/humble/share/rosidl_generator_cpp/cmake)
[2.381s] -- Using all available rosidl_typesupport_c: rosidl_typesupport_fastrtps_c;rosidl_typesupport_introspection_c
[2.444s] -- Using all available rosidl_typesupport_cpp: rosidl_typesupport_fastrtps_cpp;rosidl_typesupport_introspection_cpp
[2.609s] -- Found rmw_implementation_cmake: 6.1.2 (/opt/ros/humble/share/rmw_implementation_cmake/cmake)
[2.626s] -- Found rmw_fastrtps_cpp: 6.2.7 (/opt/ros/humble/share/rmw_fastrtps_cpp/cmake)
[2.987s] -- Found OpenSSL: /usr/lib/x86_64-linux-gnu/libcrypto.so (found version "3.0.2")  
[3.081s] -- Found FastRTPS: /opt/ros/humble/include  
[3.224s] -- Using RMW implementation 'rmw_fastrtps_cpp' as default
[3.269s] -- Looking for pthread.h
[3.564s] -- Looking for pthread.h - found
[3.565s] -- Performing Test CMAKE_HAVE_LIBC_PTHREAD
[3.870s] -- Performing Test CMAKE_HAVE_LIBC_PTHREAD - Success
[3.874s] -- Found Threads: TRUE  
[4.920s] -- Found Eigen3: TRUE (found version "3.4.0") 
[4.920s] -- Ensuring Eigen3 include directory is part of orocos-kdl CMake target
[5.250s] -- Found nav2_common: 1.1.0 (/home/misaka/fishbot/install/nav2_common/share/nav2_common/cmake)
[5.288s] -- Found required Ceres dependency: Eigen version 3.4.0 in /usr/include/eigen3
[5.324s] -- Found required Ceres dependency: glog
[5.326s] -- Found required Ceres dependency: gflags
[5.329s] -- Found Ceres version: 2.0.0 installed in: /usr with components: [EigenSparse, SparseLinearAlgebraLibrary, LAPACK, SuiteSparse, CXSparse, SchurSpecializations, Multithreading]
[6.287s] -- Found ament_lint_auto: 0.12.11 (/opt/ros/humble/share/ament_lint_auto/cmake)
[6.715s] -- Found gtest sources under '/opt/ros/humble/src/gtest_vendor': C++ tests using 'Google Test' will be built
[7.342s] -- Added test 'cppcheck' to perform static code analysis on C / C++ code
[7.343s] -- Configured cppcheck include dirs: /home/misaka/fishbot/src/navigation/nav2_constrained_smoother/include
[7.343s] -- Configured cppcheck exclude dirs and/or files: 
[7.348s] -- Added test 'cpplint' to check C / C++ code against the Google style
[7.348s] -- Configured cpplint exclude dirs and/or files: 
[7.351s] -- Added test 'lint_cmake' to check CMake code style
[7.357s] -- Added test 'uncrustify' to check C / C++ code style
[7.358s] -- Configured uncrustify additional arguments: 
[7.359s] -- Added test 'xmllint' to check XML markup files
[7.368s] -- Configuring done
[7.956s] -- Generating done
[7.970s] -- Build files have been written to: /home/misaka/fishbot/build/nav2_constrained_smoother
[8.017s] Invoked command in '/home/misaka/fishbot/build/nav2_constrained_smoother' returned '0': AMENT_PREFIX_PATH=/home/misaka/fishbot/install/nav2_core:/home/misaka/fishbot/install/nav2_costmap_2d:/home/misaka/fishbot/install/nav2_map_server:/home/misaka/fishbot/install/nav2_lifecycle_manager:/home/misaka/fishbot/install/nav2_util:/home/misaka/fishbot/install/nav2_voxel_grid:/home/misaka/fishbot/install/nav2_msgs:/home/misaka/fishbot/install/nav2_common:${AMENT_PREFIX_PATH} CMAKE_PREFIX_PATH=/home/misaka/fishbot/install/nav2_core:/home/misaka/fishbot/install/nav2_costmap_2d:/home/misaka/fishbot/install/nav2_map_server:/home/misaka/fishbot/install/nav2_lifecycle_manager:/home/misaka/fishbot/install/nav2_util:/home/misaka/fishbot/install/nav2_voxel_grid:/home/misaka/fishbot/install/nav2_msgs:/home/misaka/fishbot/install/nav2_common:/opt/ros/humble LD_LIBRARY_PATH=/home/misaka/fishbot/install/nav2_costmap_2d/lib:/home/misaka/fishbot/install/nav2_map_server/lib:/home/misaka/fishbot/install/nav2_lifecycle_manager/lib:/home/misaka/fishbot/install/nav2_util/lib:/home/misaka/fishbot/install/nav2_voxel_grid/lib:/home/misaka/fishbot/install/nav2_msgs/lib:${LD_LIBRARY_PATH} PYTHONPATH=/home/misaka/fishbot/install/nav2_msgs/local/lib/python3.10/dist-packages:/home/misaka/fishbot/install/nav2_common/local/lib/python3.10/dist-packages:${PYTHONPATH} /usr/bin/cmake /home/misaka/fishbot/src/navigation/nav2_constrained_smoother -DCMAKE_INSTALL_PREFIX=/home/misaka/fishbot/install/nav2_constrained_smoother
[8.030s] Invoking command in '/home/misaka/fishbot/build/nav2_constrained_smoother': AMENT_PREFIX_PATH=/home/misaka/fishbot/install/nav2_core:/home/misaka/fishbot/install/nav2_costmap_2d:/home/misaka/fishbot/install/nav2_map_server:/home/misaka/fishbot/install/nav2_lifecycle_manager:/home/misaka/fishbot/install/nav2_util:/home/misaka/fishbot/install/nav2_voxel_grid:/home/misaka/fishbot/install/nav2_msgs:/home/misaka/fishbot/install/nav2_common:${AMENT_PREFIX_PATH} CMAKE_PREFIX_PATH=/home/misaka/fishbot/install/nav2_core:/home/misaka/fishbot/install/nav2_costmap_2d:/home/misaka/fishbot/install/nav2_map_server:/home/misaka/fishbot/install/nav2_lifecycle_manager:/home/misaka/fishbot/install/nav2_util:/home/misaka/fishbot/install/nav2_voxel_grid:/home/misaka/fishbot/install/nav2_msgs:/home/misaka/fishbot/install/nav2_common:/opt/ros/humble LD_LIBRARY_PATH=/home/misaka/fishbot/install/nav2_costmap_2d/lib:/home/misaka/fishbot/install/nav2_map_server/lib:/home/misaka/fishbot/install/nav2_lifecycle_manager/lib:/home/misaka/fishbot/install/nav2_util/lib:/home/misaka/fishbot/install/nav2_voxel_grid/lib:/home/misaka/fishbot/install/nav2_msgs/lib:${LD_LIBRARY_PATH} PYTHONPATH=/home/misaka/fishbot/install/nav2_msgs/local/lib/python3.10/dist-packages:/home/misaka/fishbot/install/nav2_common/local/lib/python3.10/dist-packages:${PYTHONPATH} /usr/bin/cmake --build /home/misaka/fishbot/build/nav2_constrained_smoother -- -j16 -l16
[8.338s] [ 10%] [32mBuilding CXX object gtest/CMakeFiles/gtest_main.dir/src/gtest_main.cc.o[0m
[8.356s] [ 20%] [32mBuilding CXX object gtest/CMakeFiles/gtest.dir/src/gtest-all.cc.o[0m
[8.368s] [ 30%] [32mBuilding CXX object CMakeFiles/nav2_constrained_smoother.dir/src/constrained_smoother.cpp.o[0m
[12.034s] [ 40%] [32m[1mLinking CXX static library libgtest_main.a[0m
[12.214s] [ 40%] Built target gtest_main
[31.596s] [ 50%] [32m[1mLinking CXX static library libgtest.a[0m
[31.771s] [ 50%] Built target gtest
[38.449s] [ 60%] [32m[1mLinking CXX shared library libnav2_constrained_smoother.so[0m
[39.374s] [ 60%] Built target nav2_constrained_smoother
[39.469s] [ 70%] [32mBuilding CXX object test/CMakeFiles/test_constrained_smoother.dir/test_constrained_smoother.cpp.o[0m
[39.473s] [ 80%] [32mBuilding CXX object test/CMakeFiles/test_smoother_cost_function.dir/test_smoother_cost_function.cpp.o[0m
[57.705s] [ 90%] [32m[1mLinking CXX executable test_smoother_cost_function[0m
[58.562s] [ 90%] Built target test_smoother_cost_function
[77.607s] [100%] [32m[1mLinking CXX executable test_constrained_smoother[0m
[78.846s] [100%] Built target test_constrained_smoother
[78.895s] Invoked command in '/home/misaka/fishbot/build/nav2_constrained_smoother' returned '0': AMENT_PREFIX_PATH=/home/misaka/fishbot/install/nav2_core:/home/misaka/fishbot/install/nav2_costmap_2d:/home/misaka/fishbot/install/nav2_map_server:/home/misaka/fishbot/install/nav2_lifecycle_manager:/home/misaka/fishbot/install/nav2_util:/home/misaka/fishbot/install/nav2_voxel_grid:/home/misaka/fishbot/install/nav2_msgs:/home/misaka/fishbot/install/nav2_common:${AMENT_PREFIX_PATH} CMAKE_PREFIX_PATH=/home/misaka/fishbot/install/nav2_core:/home/misaka/fishbot/install/nav2_costmap_2d:/home/misaka/fishbot/install/nav2_map_server:/home/misaka/fishbot/install/nav2_lifecycle_manager:/home/misaka/fishbot/install/nav2_util:/home/misaka/fishbot/install/nav2_voxel_grid:/home/misaka/fishbot/install/nav2_msgs:/home/misaka/fishbot/install/nav2_common:/opt/ros/humble LD_LIBRARY_PATH=/home/misaka/fishbot/install/nav2_costmap_2d/lib:/home/misaka/fishbot/install/nav2_map_server/lib:/home/misaka/fishbot/install/nav2_lifecycle_manager/lib:/home/misaka/fishbot/install/nav2_util/lib:/home/misaka/fishbot/install/nav2_voxel_grid/lib:/home/misaka/fishbot/install/nav2_msgs/lib:${LD_LIBRARY_PATH} PYTHONPATH=/home/misaka/fishbot/install/nav2_msgs/local/lib/python3.10/dist-packages:/home/misaka/fishbot/install/nav2_common/local/lib/python3.10/dist-packages:${PYTHONPATH} /usr/bin/cmake --build /home/misaka/fishbot/build/nav2_constrained_smoother -- -j16 -l16
[79.055s] Invoking command in '/home/misaka/fishbot/build/nav2_constrained_smoother': AMENT_PREFIX_PATH=/home/misaka/fishbot/install/nav2_core:/home/misaka/fishbot/install/nav2_costmap_2d:/home/misaka/fishbot/install/nav2_map_server:/home/misaka/fishbot/install/nav2_lifecycle_manager:/home/misaka/fishbot/install/nav2_util:/home/misaka/fishbot/install/nav2_voxel_grid:/home/misaka/fishbot/install/nav2_msgs:/home/misaka/fishbot/install/nav2_common:${AMENT_PREFIX_PATH} CMAKE_PREFIX_PATH=/home/misaka/fishbot/install/nav2_core:/home/misaka/fishbot/install/nav2_costmap_2d:/home/misaka/fishbot/install/nav2_map_server:/home/misaka/fishbot/install/nav2_lifecycle_manager:/home/misaka/fishbot/install/nav2_util:/home/misaka/fishbot/install/nav2_voxel_grid:/home/misaka/fishbot/install/nav2_msgs:/home/misaka/fishbot/install/nav2_common:/opt/ros/humble LD_LIBRARY_PATH=/home/misaka/fishbot/install/nav2_costmap_2d/lib:/home/misaka/fishbot/install/nav2_map_server/lib:/home/misaka/fishbot/install/nav2_lifecycle_manager/lib:/home/misaka/fishbot/install/nav2_util/lib:/home/misaka/fishbot/install/nav2_voxel_grid/lib:/home/misaka/fishbot/install/nav2_msgs/lib:${LD_LIBRARY_PATH} PYTHONPATH=/home/misaka/fishbot/install/nav2_msgs/local/lib/python3.10/dist-packages:/home/misaka/fishbot/install/nav2_common/local/lib/python3.10/dist-packages:${PYTHONPATH} /usr/bin/cmake --install /home/misaka/fishbot/build/nav2_constrained_smoother
[79.084s] -- Install configuration: "Release"
[79.086s] -- Installing: /home/misaka/fishbot/install/nav2_constrained_smoother/lib/libnav2_constrained_smoother.so
[79.086s] -- Set runtime path of "/home/misaka/fishbot/install/nav2_constrained_smoother/lib/libnav2_constrained_smoother.so" to ""
[79.087s] -- Installing: /home/misaka/fishbot/install/nav2_constrained_smoother/include/
[79.088s] -- Installing: /home/misaka/fishbot/install/nav2_constrained_smoother/include//nav2_constrained_smoother
[79.088s] -- Installing: /home/misaka/fishbot/install/nav2_constrained_smoother/include//nav2_constrained_smoother/smoother_cost_function.hpp
[79.089s] -- Installing: /home/misaka/fishbot/install/nav2_constrained_smoother/include//nav2_constrained_smoother/smoother.hpp
[79.089s] -- Installing: /home/misaka/fishbot/install/nav2_constrained_smoother/include//nav2_constrained_smoother/constrained_smoother.hpp
[79.090s] -- Installing: /home/misaka/fishbot/install/nav2_constrained_smoother/include//nav2_constrained_smoother/options.hpp
[79.091s] -- Installing: /home/misaka/fishbot/install/nav2_constrained_smoother/include//nav2_constrained_smoother/utils.hpp
[79.091s] -- Installing: /home/misaka/fishbot/install/nav2_constrained_smoother/share/nav2_constrained_smoother/environment/library_path.sh
[79.092s] -- Installing: /home/misaka/fishbot/install/nav2_constrained_smoother/share/nav2_constrained_smoother/environment/library_path.dsv
[79.092s] -- Installing: /home/misaka/fishbot/install/nav2_constrained_smoother/share/nav2_constrained_smoother/nav2_constrained_smoother.xml
[79.105s] -- Installing: /home/misaka/fishbot/install/nav2_constrained_smoother/share/ament_index/resource_index/package_run_dependencies/nav2_constrained_smoother
[79.105s] -- Installing: /home/misaka/fishbot/install/nav2_constrained_smoother/share/ament_index/resource_index/parent_prefix_path/nav2_constrained_smoother
[79.105s] -- Installing: /home/misaka/fishbot/install/nav2_constrained_smoother/share/nav2_constrained_smoother/environment/ament_prefix_path.sh
[79.107s] -- Installing: /home/misaka/fishbot/install/nav2_constrained_smoother/share/nav2_constrained_smoother/environment/ament_prefix_path.dsv
[79.108s] -- Installing: /home/misaka/fishbot/install/nav2_constrained_smoother/share/nav2_constrained_smoother/environment/path.sh
[79.108s] -- Installing: /home/misaka/fishbot/install/nav2_constrained_smoother/share/nav2_constrained_smoother/environment/path.dsv
[79.109s] -- Installing: /home/misaka/fishbot/install/nav2_constrained_smoother/share/nav2_constrained_smoother/local_setup.bash
[79.110s] -- Installing: /home/misaka/fishbot/install/nav2_constrained_smoother/share/nav2_constrained_smoother/local_setup.sh
[79.111s] -- Installing: /home/misaka/fishbot/install/nav2_constrained_smoother/share/nav2_constrained_smoother/local_setup.zsh
[79.112s] -- Installing: /home/misaka/fishbot/install/nav2_constrained_smoother/share/nav2_constrained_smoother/local_setup.dsv
[79.113s] -- Installing: /home/misaka/fishbot/install/nav2_constrained_smoother/share/nav2_constrained_smoother/package.dsv
[79.114s] -- Installing: /home/misaka/fishbot/install/nav2_constrained_smoother/share/ament_index/resource_index/packages/nav2_constrained_smoother
[79.115s] -- Installing: /home/misaka/fishbot/install/nav2_constrained_smoother/share/ament_index/resource_index/nav2_core__pluginlib__plugin/nav2_constrained_smoother
[79.116s] -- Installing: /home/misaka/fishbot/install/nav2_constrained_smoother/share/nav2_constrained_smoother/cmake/ament_cmake_export_include_directories-extras.cmake
[79.117s] -- Installing: /home/misaka/fishbot/install/nav2_constrained_smoother/share/nav2_constrained_smoother/cmake/ament_cmake_export_libraries-extras.cmake
[79.118s] -- Installing: /home/misaka/fishbot/install/nav2_constrained_smoother/share/nav2_constrained_smoother/cmake/ament_cmake_export_dependencies-extras.cmake
[79.119s] -- Installing: /home/misaka/fishbot/install/nav2_constrained_smoother/share/nav2_constrained_smoother/cmake/nav2_constrained_smootherConfig.cmake
[79.120s] -- Installing: /home/misaka/fishbot/install/nav2_constrained_smoother/share/nav2_constrained_smoother/cmake/nav2_constrained_smootherConfig-version.cmake
[79.121s] -- Installing: /home/misaka/fishbot/install/nav2_constrained_smoother/share/nav2_constrained_smoother/package.xml
[79.128s] Invoked command in '/home/misaka/fishbot/build/nav2_constrained_smoother' returned '0': AMENT_PREFIX_PATH=/home/misaka/fishbot/install/nav2_core:/home/misaka/fishbot/install/nav2_costmap_2d:/home/misaka/fishbot/install/nav2_map_server:/home/misaka/fishbot/install/nav2_lifecycle_manager:/home/misaka/fishbot/install/nav2_util:/home/misaka/fishbot/install/nav2_voxel_grid:/home/misaka/fishbot/install/nav2_msgs:/home/misaka/fishbot/install/nav2_common:${AMENT_PREFIX_PATH} CMAKE_PREFIX_PATH=/home/misaka/fishbot/install/nav2_core:/home/misaka/fishbot/install/nav2_costmap_2d:/home/misaka/fishbot/install/nav2_map_server:/home/misaka/fishbot/install/nav2_lifecycle_manager:/home/misaka/fishbot/install/nav2_util:/home/misaka/fishbot/install/nav2_voxel_grid:/home/misaka/fishbot/install/nav2_msgs:/home/misaka/fishbot/install/nav2_common:/opt/ros/humble LD_LIBRARY_PATH=/home/misaka/fishbot/install/nav2_costmap_2d/lib:/home/misaka/fishbot/install/nav2_map_server/lib:/home/misaka/fishbot/install/nav2_lifecycle_manager/lib:/home/misaka/fishbot/install/nav2_util/lib:/home/misaka/fishbot/install/nav2_voxel_grid/lib:/home/misaka/fishbot/install/nav2_msgs/lib:${LD_LIBRARY_PATH} PYTHONPATH=/home/misaka/fishbot/install/nav2_msgs/local/lib/python3.10/dist-packages:/home/misaka/fishbot/install/nav2_common/local/lib/python3.10/dist-packages:${PYTHONPATH} /usr/bin/cmake --install /home/misaka/fishbot/build/nav2_constrained_smoother
