[0.137s] Invoking command in '/home/misaka/fishbot/build/nav2_lifecycle_manager': AMENT_PREFIX_PATH=/home/misaka/fishbot/install/nav2_util:/home/misaka/fishbot/install/nav2_msgs:/home/misaka/fishbot/install/nav2_common:${AMENT_PREFIX_PATH} CMAKE_PREFIX_PATH=/home/misaka/fishbot/install/nav2_util:/home/misaka/fishbot/install/nav2_msgs:/home/misaka/fishbot/install/nav2_common:/opt/ros/humble LD_LIBRARY_PATH=/home/misaka/fishbot/install/nav2_util/lib:/home/misaka/fishbot/install/nav2_msgs/lib:${LD_LIBRARY_PATH} PYTHONPATH=/home/misaka/fishbot/install/nav2_msgs/local/lib/python3.10/dist-packages:/home/misaka/fishbot/install/nav2_common/local/lib/python3.10/dist-packages:${PYTHONPATH} /usr/bin/cmake --build /home/misaka/fishbot/build/nav2_lifecycle_manager -- -j16 -l16
[0.498s] [ 15%] Built target gtest
[0.498s] [ 30%] Built target gtest_main
[0.561s] [ 53%] Built target nav2_lifecycle_manager_core
[0.824s] [ 69%] Built target test_bond_gtest
[0.825s] [ 84%] Built target lifecycle_manager
[0.897s] [100%] Built target test_lifecycle_gtest
[1.119s] Invoked command in '/home/misaka/fishbot/build/nav2_lifecycle_manager' returned '0': AMENT_PREFIX_PATH=/home/misaka/fishbot/install/nav2_util:/home/misaka/fishbot/install/nav2_msgs:/home/misaka/fishbot/install/nav2_common:${AMENT_PREFIX_PATH} CMAKE_PREFIX_PATH=/home/misaka/fishbot/install/nav2_util:/home/misaka/fishbot/install/nav2_msgs:/home/misaka/fishbot/install/nav2_common:/opt/ros/humble LD_LIBRARY_PATH=/home/misaka/fishbot/install/nav2_util/lib:/home/misaka/fishbot/install/nav2_msgs/lib:${LD_LIBRARY_PATH} PYTHONPATH=/home/misaka/fishbot/install/nav2_msgs/local/lib/python3.10/dist-packages:/home/misaka/fishbot/install/nav2_common/local/lib/python3.10/dist-packages:${PYTHONPATH} /usr/bin/cmake --build /home/misaka/fishbot/build/nav2_lifecycle_manager -- -j16 -l16
[1.586s] Invoking command in '/home/misaka/fishbot/build/nav2_lifecycle_manager': AMENT_PREFIX_PATH=/home/misaka/fishbot/install/nav2_util:/home/misaka/fishbot/install/nav2_msgs:/home/misaka/fishbot/install/nav2_common:${AMENT_PREFIX_PATH} CMAKE_PREFIX_PATH=/home/misaka/fishbot/install/nav2_util:/home/misaka/fishbot/install/nav2_msgs:/home/misaka/fishbot/install/nav2_common:/opt/ros/humble LD_LIBRARY_PATH=/home/misaka/fishbot/install/nav2_util/lib:/home/misaka/fishbot/install/nav2_msgs/lib:${LD_LIBRARY_PATH} PYTHONPATH=/home/misaka/fishbot/install/nav2_msgs/local/lib/python3.10/dist-packages:/home/misaka/fishbot/install/nav2_common/local/lib/python3.10/dist-packages:${PYTHONPATH} /usr/bin/cmake --install /home/misaka/fishbot/build/nav2_lifecycle_manager
[1.613s] -- Install configuration: "Release"
[1.616s] -- Up-to-date: /home/misaka/fishbot/install/nav2_lifecycle_manager/lib/libnav2_lifecycle_manager_core.so
[1.623s] -- Up-to-date: /home/misaka/fishbot/install/nav2_lifecycle_manager/lib/nav2_lifecycle_manager/lifecycle_manager
[1.624s] -- Up-to-date: /home/misaka/fishbot/install/nav2_lifecycle_manager/include/
[1.625s] -- Up-to-date: /home/misaka/fishbot/install/nav2_lifecycle_manager/include//nav2_lifecycle_manager
[1.626s] -- Up-to-date: /home/misaka/fishbot/install/nav2_lifecycle_manager/include//nav2_lifecycle_manager/lifecycle_manager_client.hpp
[1.627s] -- Up-to-date: /home/misaka/fishbot/install/nav2_lifecycle_manager/include//nav2_lifecycle_manager/lifecycle_manager.hpp
[1.628s] -- Up-to-date: /home/misaka/fishbot/install/nav2_lifecycle_manager/share/nav2_lifecycle_manager/environment/library_path.sh
[1.629s] -- Up-to-date: /home/misaka/fishbot/install/nav2_lifecycle_manager/share/nav2_lifecycle_manager/environment/library_path.dsv
[1.629s] -- Up-to-date: /home/misaka/fishbot/install/nav2_lifecycle_manager/share/ament_index/resource_index/package_run_dependencies/nav2_lifecycle_manager
[1.629s] -- Up-to-date: /home/misaka/fishbot/install/nav2_lifecycle_manager/share/ament_index/resource_index/parent_prefix_path/nav2_lifecycle_manager
[1.629s] -- Up-to-date: /home/misaka/fishbot/install/nav2_lifecycle_manager/share/nav2_lifecycle_manager/environment/ament_prefix_path.sh
[1.629s] -- Up-to-date: /home/misaka/fishbot/install/nav2_lifecycle_manager/share/nav2_lifecycle_manager/environment/ament_prefix_path.dsv
[1.630s] -- Up-to-date: /home/misaka/fishbot/install/nav2_lifecycle_manager/share/nav2_lifecycle_manager/environment/path.sh
[1.630s] -- Up-to-date: /home/misaka/fishbot/install/nav2_lifecycle_manager/share/nav2_lifecycle_manager/environment/path.dsv
[1.630s] -- Up-to-date: /home/misaka/fishbot/install/nav2_lifecycle_manager/share/nav2_lifecycle_manager/local_setup.bash
[1.630s] -- Up-to-date: /home/misaka/fishbot/install/nav2_lifecycle_manager/share/nav2_lifecycle_manager/local_setup.sh
[1.631s] -- Up-to-date: /home/misaka/fishbot/install/nav2_lifecycle_manager/share/nav2_lifecycle_manager/local_setup.zsh
[1.631s] -- Up-to-date: /home/misaka/fishbot/install/nav2_lifecycle_manager/share/nav2_lifecycle_manager/local_setup.dsv
[1.631s] -- Installing: /home/misaka/fishbot/install/nav2_lifecycle_manager/share/nav2_lifecycle_manager/package.dsv
[1.631s] -- Up-to-date: /home/misaka/fishbot/install/nav2_lifecycle_manager/share/ament_index/resource_index/packages/nav2_lifecycle_manager
[1.633s] -- Up-to-date: /home/misaka/fishbot/install/nav2_lifecycle_manager/share/ament_index/resource_index/rclcpp_components/nav2_lifecycle_manager
[1.633s] -- Up-to-date: /home/misaka/fishbot/install/nav2_lifecycle_manager/share/nav2_lifecycle_manager/cmake/ament_cmake_export_include_directories-extras.cmake
[1.634s] -- Up-to-date: /home/misaka/fishbot/install/nav2_lifecycle_manager/share/nav2_lifecycle_manager/cmake/ament_cmake_export_libraries-extras.cmake
[1.634s] -- Up-to-date: /home/misaka/fishbot/install/nav2_lifecycle_manager/share/nav2_lifecycle_manager/cmake/ament_cmake_export_dependencies-extras.cmake
[1.634s] -- Up-to-date: /home/misaka/fishbot/install/nav2_lifecycle_manager/share/nav2_lifecycle_manager/cmake/nav2_lifecycle_managerConfig.cmake
[1.634s] -- Up-to-date: /home/misaka/fishbot/install/nav2_lifecycle_manager/share/nav2_lifecycle_manager/cmake/nav2_lifecycle_managerConfig-version.cmake
[1.635s] -- Up-to-date: /home/misaka/fishbot/install/nav2_lifecycle_manager/share/nav2_lifecycle_manager/package.xml
[1.645s] Invoked command in '/home/misaka/fishbot/build/nav2_lifecycle_manager' returned '0': AMENT_PREFIX_PATH=/home/misaka/fishbot/install/nav2_util:/home/misaka/fishbot/install/nav2_msgs:/home/misaka/fishbot/install/nav2_common:${AMENT_PREFIX_PATH} CMAKE_PREFIX_PATH=/home/misaka/fishbot/install/nav2_util:/home/misaka/fishbot/install/nav2_msgs:/home/misaka/fishbot/install/nav2_common:/opt/ros/humble LD_LIBRARY_PATH=/home/misaka/fishbot/install/nav2_util/lib:/home/misaka/fishbot/install/nav2_msgs/lib:${LD_LIBRARY_PATH} PYTHONPATH=/home/misaka/fishbot/install/nav2_msgs/local/lib/python3.10/dist-packages:/home/misaka/fishbot/install/nav2_common/local/lib/python3.10/dist-packages:${PYTHONPATH} /usr/bin/cmake --install /home/misaka/fishbot/build/nav2_lifecycle_manager
