[0.203s] Invoking command in '/home/misaka/fishbot/build/nav2_rviz_plugins': AMENT_PREFIX_PATH=/home/misaka/fishbot/install/nav2_lifecycle_manager:/home/misaka/fishbot/install/nav2_util:/home/misaka/fishbot/install/nav2_msgs:/home/misaka/fishbot/install/nav2_common:${AMENT_PREFIX_PATH} CMAKE_PREFIX_PATH=/home/misaka/fishbot/install/nav2_lifecycle_manager:/home/misaka/fishbot/install/nav2_util:/home/misaka/fishbot/install/nav2_msgs:/home/misaka/fishbot/install/nav2_common:/opt/ros/humble LD_LIBRARY_PATH=/home/misaka/fishbot/install/nav2_lifecycle_manager/lib:/home/misaka/fishbot/install/nav2_util/lib:/home/misaka/fishbot/install/nav2_msgs/lib:${LD_LIBRARY_PATH} PYTHONPATH=/home/misaka/fishbot/install/nav2_msgs/local/lib/python3.10/dist-packages:/home/misaka/fishbot/install/nav2_common/local/lib/python3.10/dist-packages:${PYTHONPATH} /usr/bin/cmake --build /home/misaka/fishbot/build/nav2_rviz_plugins -- -j16 -l16
[0.777s] [ 14%] [34m[1mAutomatic MOC for target nav2_rviz_plugins[0m
[1.042s] [ 14%] Built target nav2_rviz_plugins_autogen
[1.197s] [ 28%] [32mBuilding CXX object CMakeFiles/nav2_rviz_plugins.dir/src/goal_tool.cpp.o[0m
[1.198s] [ 42%] [32mBuilding CXX object CMakeFiles/nav2_rviz_plugins.dir/nav2_rviz_plugins_autogen/mocs_compilation.cpp.o[0m
[1.203s] [ 57%] [32mBuilding CXX object CMakeFiles/nav2_rviz_plugins.dir/src/particle_cloud_display/particle_cloud_display.cpp.o[0m
[1.204s] [ 85%] [32mBuilding CXX object CMakeFiles/nav2_rviz_plugins.dir/src/particle_cloud_display/flat_weighted_arrows_array.cpp.o[0m
[1.205s] [ 85%] [32mBuilding CXX object CMakeFiles/nav2_rviz_plugins.dir/src/nav2_panel.cpp.o[0m
[81.427s] [100%] [32m[1mLinking CXX shared library libnav2_rviz_plugins.so[0m
[97.230s] [100%] Built target nav2_rviz_plugins
[97.302s] Invoked command in '/home/misaka/fishbot/build/nav2_rviz_plugins' returned '0': AMENT_PREFIX_PATH=/home/misaka/fishbot/install/nav2_lifecycle_manager:/home/misaka/fishbot/install/nav2_util:/home/misaka/fishbot/install/nav2_msgs:/home/misaka/fishbot/install/nav2_common:${AMENT_PREFIX_PATH} CMAKE_PREFIX_PATH=/home/misaka/fishbot/install/nav2_lifecycle_manager:/home/misaka/fishbot/install/nav2_util:/home/misaka/fishbot/install/nav2_msgs:/home/misaka/fishbot/install/nav2_common:/opt/ros/humble LD_LIBRARY_PATH=/home/misaka/fishbot/install/nav2_lifecycle_manager/lib:/home/misaka/fishbot/install/nav2_util/lib:/home/misaka/fishbot/install/nav2_msgs/lib:${LD_LIBRARY_PATH} PYTHONPATH=/home/misaka/fishbot/install/nav2_msgs/local/lib/python3.10/dist-packages:/home/misaka/fishbot/install/nav2_common/local/lib/python3.10/dist-packages:${PYTHONPATH} /usr/bin/cmake --build /home/misaka/fishbot/build/nav2_rviz_plugins -- -j16 -l16
[97.544s] Invoking command in '/home/misaka/fishbot/build/nav2_rviz_plugins': AMENT_PREFIX_PATH=/home/misaka/fishbot/install/nav2_lifecycle_manager:/home/misaka/fishbot/install/nav2_util:/home/misaka/fishbot/install/nav2_msgs:/home/misaka/fishbot/install/nav2_common:${AMENT_PREFIX_PATH} CMAKE_PREFIX_PATH=/home/misaka/fishbot/install/nav2_lifecycle_manager:/home/misaka/fishbot/install/nav2_util:/home/misaka/fishbot/install/nav2_msgs:/home/misaka/fishbot/install/nav2_common:/opt/ros/humble LD_LIBRARY_PATH=/home/misaka/fishbot/install/nav2_lifecycle_manager/lib:/home/misaka/fishbot/install/nav2_util/lib:/home/misaka/fishbot/install/nav2_msgs/lib:${LD_LIBRARY_PATH} PYTHONPATH=/home/misaka/fishbot/install/nav2_msgs/local/lib/python3.10/dist-packages:/home/misaka/fishbot/install/nav2_common/local/lib/python3.10/dist-packages:${PYTHONPATH} /usr/bin/cmake --install /home/misaka/fishbot/build/nav2_rviz_plugins
[97.596s] -- Install configuration: ""
[97.597s] -- Installing: /home/misaka/fishbot/install/nav2_rviz_plugins/share/nav2_rviz_plugins/plugins_description.xml
[97.601s] -- Installing: /home/misaka/fishbot/install/nav2_rviz_plugins/lib/libnav2_rviz_plugins.so
[97.688s] -- Set runtime path of "/home/misaka/fishbot/install/nav2_rviz_plugins/lib/libnav2_rviz_plugins.so" to ""
[97.689s] -- Installing: /home/misaka/fishbot/install/nav2_rviz_plugins/include/
[97.695s] -- Installing: /home/misaka/fishbot/install/nav2_rviz_plugins/include//nav2_rviz_plugins
[97.696s] -- Installing: /home/misaka/fishbot/install/nav2_rviz_plugins/include//nav2_rviz_plugins/goal_common.hpp
[97.697s] -- Installing: /home/misaka/fishbot/install/nav2_rviz_plugins/include//nav2_rviz_plugins/nav2_panel.hpp
[97.697s] -- Installing: /home/misaka/fishbot/install/nav2_rviz_plugins/include//nav2_rviz_plugins/ros_action_qevent.hpp
[97.698s] -- Installing: /home/misaka/fishbot/install/nav2_rviz_plugins/include//nav2_rviz_plugins/goal_pose_updater.hpp
[97.698s] -- Installing: /home/misaka/fishbot/install/nav2_rviz_plugins/include//nav2_rviz_plugins/goal_tool.hpp
[97.699s] -- Installing: /home/misaka/fishbot/install/nav2_rviz_plugins/include//nav2_rviz_plugins/particle_cloud_display
[97.700s] -- Installing: /home/misaka/fishbot/install/nav2_rviz_plugins/include//nav2_rviz_plugins/particle_cloud_display/flat_weighted_arrows_array.hpp
[97.700s] -- Installing: /home/misaka/fishbot/install/nav2_rviz_plugins/include//nav2_rviz_plugins/particle_cloud_display/particle_cloud_display.hpp
[97.700s] -- Installing: /home/misaka/fishbot/install/nav2_rviz_plugins/share/nav2_rviz_plugins/environment/library_path.sh
[97.701s] -- Installing: /home/misaka/fishbot/install/nav2_rviz_plugins/share/nav2_rviz_plugins/environment/library_path.dsv
[97.701s] -- Installing: /home/misaka/fishbot/install/nav2_rviz_plugins/share/ament_index/resource_index/package_run_dependencies/nav2_rviz_plugins
[97.702s] -- Installing: /home/misaka/fishbot/install/nav2_rviz_plugins/share/ament_index/resource_index/parent_prefix_path/nav2_rviz_plugins
[97.703s] -- Installing: /home/misaka/fishbot/install/nav2_rviz_plugins/share/nav2_rviz_plugins/environment/ament_prefix_path.sh
[97.704s] -- Installing: /home/misaka/fishbot/install/nav2_rviz_plugins/share/nav2_rviz_plugins/environment/ament_prefix_path.dsv
[97.705s] -- Installing: /home/misaka/fishbot/install/nav2_rviz_plugins/share/nav2_rviz_plugins/environment/path.sh
[97.706s] -- Installing: /home/misaka/fishbot/install/nav2_rviz_plugins/share/nav2_rviz_plugins/environment/path.dsv
[97.708s] -- Installing: /home/misaka/fishbot/install/nav2_rviz_plugins/share/nav2_rviz_plugins/local_setup.bash
[97.710s] -- Installing: /home/misaka/fishbot/install/nav2_rviz_plugins/share/nav2_rviz_plugins/local_setup.sh
[97.713s] -- Installing: /home/misaka/fishbot/install/nav2_rviz_plugins/share/nav2_rviz_plugins/local_setup.zsh
[97.716s] -- Installing: /home/misaka/fishbot/install/nav2_rviz_plugins/share/nav2_rviz_plugins/local_setup.dsv
[97.718s] -- Installing: /home/misaka/fishbot/install/nav2_rviz_plugins/share/nav2_rviz_plugins/package.dsv
[97.721s] -- Installing: /home/misaka/fishbot/install/nav2_rviz_plugins/share/ament_index/resource_index/packages/nav2_rviz_plugins
[97.723s] -- Installing: /home/misaka/fishbot/install/nav2_rviz_plugins/share/ament_index/resource_index/rviz_common__pluginlib__plugin/nav2_rviz_plugins
[97.732s] -- Installing: /home/misaka/fishbot/install/nav2_rviz_plugins/share/nav2_rviz_plugins/cmake/nav2_rviz_pluginsExport.cmake
[97.736s] -- Installing: /home/misaka/fishbot/install/nav2_rviz_plugins/share/nav2_rviz_plugins/cmake/nav2_rviz_pluginsExport-noconfig.cmake
[97.740s] -- Installing: /home/misaka/fishbot/install/nav2_rviz_plugins/share/nav2_rviz_plugins/cmake/ament_cmake_export_include_directories-extras.cmake
[97.741s] -- Installing: /home/misaka/fishbot/install/nav2_rviz_plugins/share/nav2_rviz_plugins/cmake/ament_cmake_export_targets-extras.cmake
[97.744s] -- Installing: /home/misaka/fishbot/install/nav2_rviz_plugins/share/nav2_rviz_plugins/cmake/ament_cmake_export_dependencies-extras.cmake
[97.745s] -- Installing: /home/misaka/fishbot/install/nav2_rviz_plugins/share/nav2_rviz_plugins/cmake/nav2_rviz_pluginsConfig.cmake
[97.747s] -- Installing: /home/misaka/fishbot/install/nav2_rviz_plugins/share/nav2_rviz_plugins/cmake/nav2_rviz_pluginsConfig-version.cmake
[97.749s] -- Installing: /home/misaka/fishbot/install/nav2_rviz_plugins/share/nav2_rviz_plugins/package.xml
[97.761s] Invoked command in '/home/misaka/fishbot/build/nav2_rviz_plugins' returned '0': AMENT_PREFIX_PATH=/home/misaka/fishbot/install/nav2_lifecycle_manager:/home/misaka/fishbot/install/nav2_util:/home/misaka/fishbot/install/nav2_msgs:/home/misaka/fishbot/install/nav2_common:${AMENT_PREFIX_PATH} CMAKE_PREFIX_PATH=/home/misaka/fishbot/install/nav2_lifecycle_manager:/home/misaka/fishbot/install/nav2_util:/home/misaka/fishbot/install/nav2_msgs:/home/misaka/fishbot/install/nav2_common:/opt/ros/humble LD_LIBRARY_PATH=/home/misaka/fishbot/install/nav2_lifecycle_manager/lib:/home/misaka/fishbot/install/nav2_util/lib:/home/misaka/fishbot/install/nav2_msgs/lib:${LD_LIBRARY_PATH} PYTHONPATH=/home/misaka/fishbot/install/nav2_msgs/local/lib/python3.10/dist-packages:/home/misaka/fishbot/install/nav2_common/local/lib/python3.10/dist-packages:${PYTHONPATH} /usr/bin/cmake --install /home/misaka/fishbot/build/nav2_rviz_plugins
