[0.091s] Invoking command in '/home/misaka/fishbot/build/nav_2d_msgs': CMAKE_PREFIX_PATH=/opt/ros/humble /usr/bin/cmake --build /home/misaka/fishbot/build/nav_2d_msgs -- -j16 -l16
[0.450s] [  1%] Built target nav_2d_msgs__cpp
[0.537s] [ 12%] Built target nav_2d_msgs__rosidl_generator_c
[0.544s] [ 12%] Built target ament_cmake_python_copy_nav_2d_msgs
[0.634s] [ 23%] Built target nav_2d_msgs__rosidl_typesupport_introspection_cpp
[0.643s] [ 35%] Built target nav_2d_msgs__rosidl_typesupport_cpp
[0.652s] [ 46%] Built target nav_2d_msgs__rosidl_typesupport_fastrtps_cpp
[0.718s] [ 57%] Built target nav_2d_msgs__rosidl_typesupport_c
[0.720s] [ 69%] Built target nav_2d_msgs__rosidl_typesupport_introspection_c
[0.726s] [ 80%] Built target nav_2d_msgs__rosidl_typesupport_fastrtps_c
[0.850s] [ 80%] Built target nav_2d_msgs
[0.984s] [ 81%] Built target nav_2d_msgs__py
[1.149s] [ 91%] Built target nav_2d_msgs__rosidl_generator_py
[1.269s] [ 94%] Built target nav_2d_msgs__rosidl_typesupport_c__pyext
[1.272s] [ 97%] Built target nav_2d_msgs__rosidl_typesupport_introspection_c__pyext
[1.272s] [100%] Built target nav_2d_msgs__rosidl_typesupport_fastrtps_c__pyext
[1.899s] running egg_info
[1.906s] writing nav_2d_msgs.egg-info/PKG-INFO
[1.906s] writing dependency_links to nav_2d_msgs.egg-info/dependency_links.txt
[1.907s] writing top-level names to nav_2d_msgs.egg-info/top_level.txt
[1.919s] reading manifest file 'nav_2d_msgs.egg-info/SOURCES.txt'
[1.928s] writing manifest file 'nav_2d_msgs.egg-info/SOURCES.txt'
[2.053s] [100%] Built target ament_cmake_python_build_nav_2d_msgs_egg
[2.140s] Invoked command in '/home/misaka/fishbot/build/nav_2d_msgs' returned '0': CMAKE_PREFIX_PATH=/opt/ros/humble /usr/bin/cmake --build /home/misaka/fishbot/build/nav_2d_msgs -- -j16 -l16
[3.754s] Invoking command in '/home/misaka/fishbot/build/nav_2d_msgs': CMAKE_PREFIX_PATH=/opt/ros/humble /usr/bin/cmake --install /home/misaka/fishbot/build/nav_2d_msgs
[3.794s] -- Install configuration: ""
[3.797s] -- Up-to-date: /home/misaka/fishbot/install/nav_2d_msgs/share/ament_index/resource_index/rosidl_interfaces/nav_2d_msgs
[3.797s] -- Up-to-date: /home/misaka/fishbot/install/nav_2d_msgs/include/nav_2d_msgs/nav_2d_msgs
[3.798s] -- Up-to-date: /home/misaka/fishbot/install/nav_2d_msgs/include/nav_2d_msgs/nav_2d_msgs/msg
[3.799s] -- Up-to-date: /home/misaka/fishbot/install/nav_2d_msgs/include/nav_2d_msgs/nav_2d_msgs/msg/twist2_d32.h
[3.800s] -- Up-to-date: /home/misaka/fishbot/install/nav_2d_msgs/include/nav_2d_msgs/nav_2d_msgs/msg/rosidl_generator_c__visibility_control.h
[3.800s] -- Up-to-date: /home/misaka/fishbot/install/nav_2d_msgs/include/nav_2d_msgs/nav_2d_msgs/msg/twist2_d_stamped.h
[3.800s] -- Up-to-date: /home/misaka/fishbot/install/nav_2d_msgs/include/nav_2d_msgs/nav_2d_msgs/msg/twist2_d.h
[3.801s] -- Up-to-date: /home/misaka/fishbot/install/nav_2d_msgs/include/nav_2d_msgs/nav_2d_msgs/msg/detail
[3.802s] -- Up-to-date: /home/misaka/fishbot/install/nav_2d_msgs/include/nav_2d_msgs/nav_2d_msgs/msg/detail/twist2_d_stamped__type_support.h
[3.803s] -- Up-to-date: /home/misaka/fishbot/install/nav_2d_msgs/include/nav_2d_msgs/nav_2d_msgs/msg/detail/twist2_d32__functions.c
[3.804s] -- Up-to-date: /home/misaka/fishbot/install/nav_2d_msgs/include/nav_2d_msgs/nav_2d_msgs/msg/detail/twist2_d_stamped__functions.c
[3.804s] -- Up-to-date: /home/misaka/fishbot/install/nav_2d_msgs/include/nav_2d_msgs/nav_2d_msgs/msg/detail/pose2_d_stamped__type_support.h
[3.804s] -- Up-to-date: /home/misaka/fishbot/install/nav_2d_msgs/include/nav_2d_msgs/nav_2d_msgs/msg/detail/pose2_d32__functions.c
[3.804s] -- Up-to-date: /home/misaka/fishbot/install/nav_2d_msgs/include/nav_2d_msgs/nav_2d_msgs/msg/detail/pose2_d_stamped__struct.h
[3.805s] -- Up-to-date: /home/misaka/fishbot/install/nav_2d_msgs/include/nav_2d_msgs/nav_2d_msgs/msg/detail/twist2_d_stamped__functions.h
[3.806s] -- Up-to-date: /home/misaka/fishbot/install/nav_2d_msgs/include/nav_2d_msgs/nav_2d_msgs/msg/detail/path2_d__struct.h
[3.807s] -- Up-to-date: /home/misaka/fishbot/install/nav_2d_msgs/include/nav_2d_msgs/nav_2d_msgs/msg/detail/path2_d__functions.c
[3.808s] -- Up-to-date: /home/misaka/fishbot/install/nav_2d_msgs/include/nav_2d_msgs/nav_2d_msgs/msg/detail/pose2_d32__struct.h
[3.809s] -- Up-to-date: /home/misaka/fishbot/install/nav_2d_msgs/include/nav_2d_msgs/nav_2d_msgs/msg/detail/path2_d__type_support.h
[3.809s] -- Up-to-date: /home/misaka/fishbot/install/nav_2d_msgs/include/nav_2d_msgs/nav_2d_msgs/msg/detail/path2_d__functions.h
[3.810s] -- Up-to-date: /home/misaka/fishbot/install/nav_2d_msgs/include/nav_2d_msgs/nav_2d_msgs/msg/detail/pose2_d_stamped__functions.c
[3.812s] -- Up-to-date: /home/misaka/fishbot/install/nav_2d_msgs/include/nav_2d_msgs/nav_2d_msgs/msg/detail/twist2_d32__struct.h
[3.814s] -- Up-to-date: /home/misaka/fishbot/install/nav_2d_msgs/include/nav_2d_msgs/nav_2d_msgs/msg/detail/twist2_d32__type_support.h
[3.814s] -- Up-to-date: /home/misaka/fishbot/install/nav_2d_msgs/include/nav_2d_msgs/nav_2d_msgs/msg/detail/pose2_d_stamped__functions.h
[3.814s] -- Up-to-date: /home/misaka/fishbot/install/nav_2d_msgs/include/nav_2d_msgs/nav_2d_msgs/msg/detail/twist2_d__functions.h
[3.815s] -- Up-to-date: /home/misaka/fishbot/install/nav_2d_msgs/include/nav_2d_msgs/nav_2d_msgs/msg/detail/twist2_d_stamped__struct.h
[3.817s] -- Up-to-date: /home/misaka/fishbot/install/nav_2d_msgs/include/nav_2d_msgs/nav_2d_msgs/msg/detail/twist2_d__functions.c
[3.819s] -- Up-to-date: /home/misaka/fishbot/install/nav_2d_msgs/include/nav_2d_msgs/nav_2d_msgs/msg/detail/twist2_d32__functions.h
[3.819s] -- Up-to-date: /home/misaka/fishbot/install/nav_2d_msgs/include/nav_2d_msgs/nav_2d_msgs/msg/detail/twist2_d__type_support.h
[3.819s] -- Up-to-date: /home/misaka/fishbot/install/nav_2d_msgs/include/nav_2d_msgs/nav_2d_msgs/msg/detail/pose2_d32__functions.h
[3.820s] -- Up-to-date: /home/misaka/fishbot/install/nav_2d_msgs/include/nav_2d_msgs/nav_2d_msgs/msg/detail/twist2_d__struct.h
[3.821s] -- Up-to-date: /home/misaka/fishbot/install/nav_2d_msgs/include/nav_2d_msgs/nav_2d_msgs/msg/detail/pose2_d32__type_support.h
[3.823s] -- Up-to-date: /home/misaka/fishbot/install/nav_2d_msgs/include/nav_2d_msgs/nav_2d_msgs/msg/pose2_d32.h
[3.825s] -- Up-to-date: /home/misaka/fishbot/install/nav_2d_msgs/include/nav_2d_msgs/nav_2d_msgs/msg/path2_d.h
[3.826s] -- Up-to-date: /home/misaka/fishbot/install/nav_2d_msgs/include/nav_2d_msgs/nav_2d_msgs/msg/pose2_d_stamped.h
[3.828s] -- Up-to-date: /home/misaka/fishbot/install/nav_2d_msgs/share/nav_2d_msgs/environment/library_path.sh
[3.829s] -- Up-to-date: /home/misaka/fishbot/install/nav_2d_msgs/share/nav_2d_msgs/environment/library_path.dsv
[3.832s] -- Up-to-date: /home/misaka/fishbot/install/nav_2d_msgs/lib/libnav_2d_msgs__rosidl_generator_c.so
[3.842s] -- Up-to-date: /home/misaka/fishbot/install/nav_2d_msgs/include/nav_2d_msgs/nav_2d_msgs
[3.845s] -- Up-to-date: /home/misaka/fishbot/install/nav_2d_msgs/include/nav_2d_msgs/nav_2d_msgs/msg
[3.846s] -- Up-to-date: /home/misaka/fishbot/install/nav_2d_msgs/include/nav_2d_msgs/nav_2d_msgs/msg/rosidl_typesupport_fastrtps_c__visibility_control.h
[3.847s] -- Up-to-date: /home/misaka/fishbot/install/nav_2d_msgs/include/nav_2d_msgs/nav_2d_msgs/msg/detail
[3.848s] -- Up-to-date: /home/misaka/fishbot/install/nav_2d_msgs/include/nav_2d_msgs/nav_2d_msgs/msg/detail/twist2_d_stamped__rosidl_typesupport_fastrtps_c.h
[3.849s] -- Up-to-date: /home/misaka/fishbot/install/nav_2d_msgs/include/nav_2d_msgs/nav_2d_msgs/msg/detail/pose2_d32__rosidl_typesupport_fastrtps_c.h
[3.850s] -- Up-to-date: /home/misaka/fishbot/install/nav_2d_msgs/include/nav_2d_msgs/nav_2d_msgs/msg/detail/twist2_d32__rosidl_typesupport_fastrtps_c.h
[3.853s] -- Up-to-date: /home/misaka/fishbot/install/nav_2d_msgs/include/nav_2d_msgs/nav_2d_msgs/msg/detail/twist2_d__rosidl_typesupport_fastrtps_c.h
[3.854s] -- Up-to-date: /home/misaka/fishbot/install/nav_2d_msgs/include/nav_2d_msgs/nav_2d_msgs/msg/detail/pose2_d_stamped__rosidl_typesupport_fastrtps_c.h
[3.854s] -- Up-to-date: /home/misaka/fishbot/install/nav_2d_msgs/include/nav_2d_msgs/nav_2d_msgs/msg/detail/path2_d__rosidl_typesupport_fastrtps_c.h
[3.865s] -- Up-to-date: /home/misaka/fishbot/install/nav_2d_msgs/lib/libnav_2d_msgs__rosidl_typesupport_fastrtps_c.so
[3.865s] -- Up-to-date: /home/misaka/fishbot/install/nav_2d_msgs/include/nav_2d_msgs/nav_2d_msgs
[3.865s] -- Up-to-date: /home/misaka/fishbot/install/nav_2d_msgs/include/nav_2d_msgs/nav_2d_msgs/msg
[3.866s] -- Up-to-date: /home/misaka/fishbot/install/nav_2d_msgs/include/nav_2d_msgs/nav_2d_msgs/msg/pose2_d32.hpp
[3.866s] -- Up-to-date: /home/misaka/fishbot/install/nav_2d_msgs/include/nav_2d_msgs/nav_2d_msgs/msg/twist2_d32.hpp
[3.866s] -- Up-to-date: /home/misaka/fishbot/install/nav_2d_msgs/include/nav_2d_msgs/nav_2d_msgs/msg/twist2_d.hpp
[3.877s] -- Up-to-date: /home/misaka/fishbot/install/nav_2d_msgs/include/nav_2d_msgs/nav_2d_msgs/msg/pose2_d_stamped.hpp
[3.877s] -- Up-to-date: /home/misaka/fishbot/install/nav_2d_msgs/include/nav_2d_msgs/nav_2d_msgs/msg/detail
[3.878s] -- Up-to-date: /home/misaka/fishbot/install/nav_2d_msgs/include/nav_2d_msgs/nav_2d_msgs/msg/detail/pose2_d_stamped__builder.hpp
[3.878s] -- Up-to-date: /home/misaka/fishbot/install/nav_2d_msgs/include/nav_2d_msgs/nav_2d_msgs/msg/detail/path2_d__struct.hpp
[3.880s] -- Up-to-date: /home/misaka/fishbot/install/nav_2d_msgs/include/nav_2d_msgs/nav_2d_msgs/msg/detail/twist2_d32__struct.hpp
[3.882s] -- Up-to-date: /home/misaka/fishbot/install/nav_2d_msgs/include/nav_2d_msgs/nav_2d_msgs/msg/detail/twist2_d_stamped__traits.hpp
[3.884s] -- Up-to-date: /home/misaka/fishbot/install/nav_2d_msgs/include/nav_2d_msgs/nav_2d_msgs/msg/detail/pose2_d_stamped__traits.hpp
[3.885s] -- Up-to-date: /home/misaka/fishbot/install/nav_2d_msgs/include/nav_2d_msgs/nav_2d_msgs/msg/detail/twist2_d__builder.hpp
[3.885s] -- Up-to-date: /home/misaka/fishbot/install/nav_2d_msgs/include/nav_2d_msgs/nav_2d_msgs/msg/detail/twist2_d_stamped__builder.hpp
[3.886s] -- Up-to-date: /home/misaka/fishbot/install/nav_2d_msgs/include/nav_2d_msgs/nav_2d_msgs/msg/detail/path2_d__traits.hpp
[3.888s] -- Up-to-date: /home/misaka/fishbot/install/nav_2d_msgs/include/nav_2d_msgs/nav_2d_msgs/msg/detail/pose2_d32__struct.hpp
[3.889s] -- Up-to-date: /home/misaka/fishbot/install/nav_2d_msgs/include/nav_2d_msgs/nav_2d_msgs/msg/detail/pose2_d32__traits.hpp
[3.889s] -- Up-to-date: /home/misaka/fishbot/install/nav_2d_msgs/include/nav_2d_msgs/nav_2d_msgs/msg/detail/pose2_d32__builder.hpp
[3.889s] -- Up-to-date: /home/misaka/fishbot/install/nav_2d_msgs/include/nav_2d_msgs/nav_2d_msgs/msg/detail/twist2_d__traits.hpp
[3.890s] -- Up-to-date: /home/misaka/fishbot/install/nav_2d_msgs/include/nav_2d_msgs/nav_2d_msgs/msg/detail/twist2_d_stamped__struct.hpp
[3.890s] -- Up-to-date: /home/misaka/fishbot/install/nav_2d_msgs/include/nav_2d_msgs/nav_2d_msgs/msg/detail/path2_d__builder.hpp
[3.890s] -- Up-to-date: /home/misaka/fishbot/install/nav_2d_msgs/include/nav_2d_msgs/nav_2d_msgs/msg/detail/twist2_d32__builder.hpp
[3.892s] -- Up-to-date: /home/misaka/fishbot/install/nav_2d_msgs/include/nav_2d_msgs/nav_2d_msgs/msg/detail/twist2_d32__traits.hpp
[3.892s] -- Up-to-date: /home/misaka/fishbot/install/nav_2d_msgs/include/nav_2d_msgs/nav_2d_msgs/msg/detail/pose2_d_stamped__struct.hpp
[3.893s] -- Up-to-date: /home/misaka/fishbot/install/nav_2d_msgs/include/nav_2d_msgs/nav_2d_msgs/msg/detail/twist2_d__struct.hpp
[3.894s] -- Up-to-date: /home/misaka/fishbot/install/nav_2d_msgs/include/nav_2d_msgs/nav_2d_msgs/msg/path2_d.hpp
[3.894s] -- Up-to-date: /home/misaka/fishbot/install/nav_2d_msgs/include/nav_2d_msgs/nav_2d_msgs/msg/twist2_d_stamped.hpp
[3.894s] -- Up-to-date: /home/misaka/fishbot/install/nav_2d_msgs/include/nav_2d_msgs/nav_2d_msgs
[3.894s] -- Up-to-date: /home/misaka/fishbot/install/nav_2d_msgs/include/nav_2d_msgs/nav_2d_msgs/msg
[3.895s] -- Up-to-date: /home/misaka/fishbot/install/nav_2d_msgs/include/nav_2d_msgs/nav_2d_msgs/msg/detail
[3.895s] -- Up-to-date: /home/misaka/fishbot/install/nav_2d_msgs/include/nav_2d_msgs/nav_2d_msgs/msg/detail/twist2_d_stamped__rosidl_typesupport_fastrtps_cpp.hpp
[3.895s] -- Up-to-date: /home/misaka/fishbot/install/nav_2d_msgs/include/nav_2d_msgs/nav_2d_msgs/msg/detail/twist2_d32__rosidl_typesupport_fastrtps_cpp.hpp
[3.896s] -- Up-to-date: /home/misaka/fishbot/install/nav_2d_msgs/include/nav_2d_msgs/nav_2d_msgs/msg/detail/dds_fastrtps
[3.896s] -- Up-to-date: /home/misaka/fishbot/install/nav_2d_msgs/include/nav_2d_msgs/nav_2d_msgs/msg/detail/path2_d__rosidl_typesupport_fastrtps_cpp.hpp
[3.897s] -- Up-to-date: /home/misaka/fishbot/install/nav_2d_msgs/include/nav_2d_msgs/nav_2d_msgs/msg/detail/pose2_d_stamped__rosidl_typesupport_fastrtps_cpp.hpp
[3.899s] -- Up-to-date: /home/misaka/fishbot/install/nav_2d_msgs/include/nav_2d_msgs/nav_2d_msgs/msg/detail/twist2_d__rosidl_typesupport_fastrtps_cpp.hpp
[3.901s] -- Up-to-date: /home/misaka/fishbot/install/nav_2d_msgs/include/nav_2d_msgs/nav_2d_msgs/msg/detail/pose2_d32__rosidl_typesupport_fastrtps_cpp.hpp
[3.901s] -- Up-to-date: /home/misaka/fishbot/install/nav_2d_msgs/include/nav_2d_msgs/nav_2d_msgs/msg/rosidl_typesupport_fastrtps_cpp__visibility_control.h
[3.902s] -- Up-to-date: /home/misaka/fishbot/install/nav_2d_msgs/lib/libnav_2d_msgs__rosidl_typesupport_fastrtps_cpp.so
[3.903s] -- Up-to-date: /home/misaka/fishbot/install/nav_2d_msgs/include/nav_2d_msgs/nav_2d_msgs
[3.904s] -- Up-to-date: /home/misaka/fishbot/install/nav_2d_msgs/include/nav_2d_msgs/nav_2d_msgs/msg
[3.904s] -- Up-to-date: /home/misaka/fishbot/install/nav_2d_msgs/include/nav_2d_msgs/nav_2d_msgs/msg/detail
[3.905s] -- Up-to-date: /home/misaka/fishbot/install/nav_2d_msgs/include/nav_2d_msgs/nav_2d_msgs/msg/detail/pose2_d_stamped__type_support.c
[3.906s] -- Up-to-date: /home/misaka/fishbot/install/nav_2d_msgs/include/nav_2d_msgs/nav_2d_msgs/msg/detail/twist2_d__rosidl_typesupport_introspection_c.h
[3.907s] -- Up-to-date: /home/misaka/fishbot/install/nav_2d_msgs/include/nav_2d_msgs/nav_2d_msgs/msg/detail/path2_d__type_support.c
[3.907s] -- Up-to-date: /home/misaka/fishbot/install/nav_2d_msgs/include/nav_2d_msgs/nav_2d_msgs/msg/detail/pose2_d_stamped__rosidl_typesupport_introspection_c.h
[3.907s] -- Up-to-date: /home/misaka/fishbot/install/nav_2d_msgs/include/nav_2d_msgs/nav_2d_msgs/msg/detail/twist2_d_stamped__type_support.c
[3.907s] -- Up-to-date: /home/misaka/fishbot/install/nav_2d_msgs/include/nav_2d_msgs/nav_2d_msgs/msg/detail/pose2_d32__type_support.c
[3.908s] -- Up-to-date: /home/misaka/fishbot/install/nav_2d_msgs/include/nav_2d_msgs/nav_2d_msgs/msg/detail/twist2_d__type_support.c
[3.908s] -- Up-to-date: /home/misaka/fishbot/install/nav_2d_msgs/include/nav_2d_msgs/nav_2d_msgs/msg/detail/twist2_d_stamped__rosidl_typesupport_introspection_c.h
[3.909s] -- Up-to-date: /home/misaka/fishbot/install/nav_2d_msgs/include/nav_2d_msgs/nav_2d_msgs/msg/detail/twist2_d32__type_support.c
[3.909s] -- Up-to-date: /home/misaka/fishbot/install/nav_2d_msgs/include/nav_2d_msgs/nav_2d_msgs/msg/detail/twist2_d32__rosidl_typesupport_introspection_c.h
[3.909s] -- Up-to-date: /home/misaka/fishbot/install/nav_2d_msgs/include/nav_2d_msgs/nav_2d_msgs/msg/detail/path2_d__rosidl_typesupport_introspection_c.h
[3.909s] -- Up-to-date: /home/misaka/fishbot/install/nav_2d_msgs/include/nav_2d_msgs/nav_2d_msgs/msg/detail/pose2_d32__rosidl_typesupport_introspection_c.h
[3.909s] -- Up-to-date: /home/misaka/fishbot/install/nav_2d_msgs/include/nav_2d_msgs/nav_2d_msgs/msg/rosidl_typesupport_introspection_c__visibility_control.h
[3.911s] -- Up-to-date: /home/misaka/fishbot/install/nav_2d_msgs/lib/libnav_2d_msgs__rosidl_typesupport_introspection_c.so
[3.912s] -- Up-to-date: /home/misaka/fishbot/install/nav_2d_msgs/lib/libnav_2d_msgs__rosidl_typesupport_c.so
[3.912s] -- Up-to-date: /home/misaka/fishbot/install/nav_2d_msgs/include/nav_2d_msgs/nav_2d_msgs
[3.912s] -- Up-to-date: /home/misaka/fishbot/install/nav_2d_msgs/include/nav_2d_msgs/nav_2d_msgs/msg
[3.912s] -- Up-to-date: /home/misaka/fishbot/install/nav_2d_msgs/include/nav_2d_msgs/nav_2d_msgs/msg/detail
[3.913s] -- Up-to-date: /home/misaka/fishbot/install/nav_2d_msgs/include/nav_2d_msgs/nav_2d_msgs/msg/detail/path2_d__rosidl_typesupport_introspection_cpp.hpp
[3.913s] -- Up-to-date: /home/misaka/fishbot/install/nav_2d_msgs/include/nav_2d_msgs/nav_2d_msgs/msg/detail/twist2_d__type_support.cpp
[3.913s] -- Up-to-date: /home/misaka/fishbot/install/nav_2d_msgs/include/nav_2d_msgs/nav_2d_msgs/msg/detail/twist2_d_stamped__type_support.cpp
[3.913s] -- Up-to-date: /home/misaka/fishbot/install/nav_2d_msgs/include/nav_2d_msgs/nav_2d_msgs/msg/detail/twist2_d_stamped__rosidl_typesupport_introspection_cpp.hpp
[3.914s] -- Up-to-date: /home/misaka/fishbot/install/nav_2d_msgs/include/nav_2d_msgs/nav_2d_msgs/msg/detail/pose2_d32__rosidl_typesupport_introspection_cpp.hpp
[3.914s] -- Up-to-date: /home/misaka/fishbot/install/nav_2d_msgs/include/nav_2d_msgs/nav_2d_msgs/msg/detail/pose2_d_stamped__type_support.cpp
[3.917s] -- Up-to-date: /home/misaka/fishbot/install/nav_2d_msgs/include/nav_2d_msgs/nav_2d_msgs/msg/detail/pose2_d_stamped__rosidl_typesupport_introspection_cpp.hpp
[3.918s] -- Up-to-date: /home/misaka/fishbot/install/nav_2d_msgs/include/nav_2d_msgs/nav_2d_msgs/msg/detail/twist2_d32__type_support.cpp
[3.919s] -- Up-to-date: /home/misaka/fishbot/install/nav_2d_msgs/include/nav_2d_msgs/nav_2d_msgs/msg/detail/twist2_d__rosidl_typesupport_introspection_cpp.hpp
[3.923s] -- Up-to-date: /home/misaka/fishbot/install/nav_2d_msgs/include/nav_2d_msgs/nav_2d_msgs/msg/detail/path2_d__type_support.cpp
[3.924s] -- Up-to-date: /home/misaka/fishbot/install/nav_2d_msgs/include/nav_2d_msgs/nav_2d_msgs/msg/detail/pose2_d32__type_support.cpp
[3.928s] -- Up-to-date: /home/misaka/fishbot/install/nav_2d_msgs/include/nav_2d_msgs/nav_2d_msgs/msg/detail/twist2_d32__rosidl_typesupport_introspection_cpp.hpp
[3.929s] -- Up-to-date: /home/misaka/fishbot/install/nav_2d_msgs/lib/libnav_2d_msgs__rosidl_typesupport_introspection_cpp.so
[3.929s] -- Up-to-date: /home/misaka/fishbot/install/nav_2d_msgs/lib/libnav_2d_msgs__rosidl_typesupport_cpp.so
[3.930s] -- Up-to-date: /home/misaka/fishbot/install/nav_2d_msgs/share/nav_2d_msgs/environment/pythonpath.sh
[3.933s] -- Up-to-date: /home/misaka/fishbot/install/nav_2d_msgs/share/nav_2d_msgs/environment/pythonpath.dsv
[3.934s] -- Up-to-date: /home/misaka/fishbot/install/nav_2d_msgs/local/lib/python3.10/dist-packages/nav_2d_msgs-1.1.0-py3.10.egg-info
[3.934s] -- Installing: /home/misaka/fishbot/install/nav_2d_msgs/local/lib/python3.10/dist-packages/nav_2d_msgs-1.1.0-py3.10.egg-info/PKG-INFO
[3.935s] -- Installing: /home/misaka/fishbot/install/nav_2d_msgs/local/lib/python3.10/dist-packages/nav_2d_msgs-1.1.0-py3.10.egg-info/dependency_links.txt
[3.936s] -- Installing: /home/misaka/fishbot/install/nav_2d_msgs/local/lib/python3.10/dist-packages/nav_2d_msgs-1.1.0-py3.10.egg-info/SOURCES.txt
[3.937s] -- Installing: /home/misaka/fishbot/install/nav_2d_msgs/local/lib/python3.10/dist-packages/nav_2d_msgs-1.1.0-py3.10.egg-info/top_level.txt
[3.938s] -- Up-to-date: /home/misaka/fishbot/install/nav_2d_msgs/local/lib/python3.10/dist-packages/nav_2d_msgs
[3.938s] -- Up-to-date: /home/misaka/fishbot/install/nav_2d_msgs/local/lib/python3.10/dist-packages/nav_2d_msgs/_nav_2d_msgs_s.ep.rosidl_typesupport_c.c
[3.940s] -- Up-to-date: /home/misaka/fishbot/install/nav_2d_msgs/local/lib/python3.10/dist-packages/nav_2d_msgs/nav_2d_msgs_s__rosidl_typesupport_c.cpython-310-x86_64-linux-gnu.so
[3.942s] -- Up-to-date: /home/misaka/fishbot/install/nav_2d_msgs/local/lib/python3.10/dist-packages/nav_2d_msgs/nav_2d_msgs_s__rosidl_typesupport_fastrtps_c.cpython-310-x86_64-linux-gnu.so
[3.943s] -- Up-to-date: /home/misaka/fishbot/install/nav_2d_msgs/local/lib/python3.10/dist-packages/nav_2d_msgs/_nav_2d_msgs_s.ep.rosidl_typesupport_introspection_c.c
[3.944s] -- Up-to-date: /home/misaka/fishbot/install/nav_2d_msgs/local/lib/python3.10/dist-packages/nav_2d_msgs/_nav_2d_msgs_s.ep.rosidl_typesupport_fastrtps_c.c
[3.946s] -- Up-to-date: /home/misaka/fishbot/install/nav_2d_msgs/local/lib/python3.10/dist-packages/nav_2d_msgs/__init__.py
[3.947s] -- Up-to-date: /home/misaka/fishbot/install/nav_2d_msgs/local/lib/python3.10/dist-packages/nav_2d_msgs/libnav_2d_msgs__rosidl_generator_py.so
[3.948s] -- Up-to-date: /home/misaka/fishbot/install/nav_2d_msgs/local/lib/python3.10/dist-packages/nav_2d_msgs/msg
[3.949s] -- Up-to-date: /home/misaka/fishbot/install/nav_2d_msgs/local/lib/python3.10/dist-packages/nav_2d_msgs/msg/_path2_d.py
[3.951s] -- Up-to-date: /home/misaka/fishbot/install/nav_2d_msgs/local/lib/python3.10/dist-packages/nav_2d_msgs/msg/_twist2_d32.py
[3.952s] -- Up-to-date: /home/misaka/fishbot/install/nav_2d_msgs/local/lib/python3.10/dist-packages/nav_2d_msgs/msg/_path2_d_s.c
[3.952s] -- Up-to-date: /home/misaka/fishbot/install/nav_2d_msgs/local/lib/python3.10/dist-packages/nav_2d_msgs/msg/_pose2_d_stamped.py
[3.953s] -- Up-to-date: /home/misaka/fishbot/install/nav_2d_msgs/local/lib/python3.10/dist-packages/nav_2d_msgs/msg/_twist2_d32_s.c
[3.953s] -- Up-to-date: /home/misaka/fishbot/install/nav_2d_msgs/local/lib/python3.10/dist-packages/nav_2d_msgs/msg/_pose2_d32_s.c
[3.954s] -- Up-to-date: /home/misaka/fishbot/install/nav_2d_msgs/local/lib/python3.10/dist-packages/nav_2d_msgs/msg/_twist2_d_stamped_s.c
[3.956s] -- Up-to-date: /home/misaka/fishbot/install/nav_2d_msgs/local/lib/python3.10/dist-packages/nav_2d_msgs/msg/_pose2_d32.py
[3.957s] -- Up-to-date: /home/misaka/fishbot/install/nav_2d_msgs/local/lib/python3.10/dist-packages/nav_2d_msgs/msg/_twist2_d_s.c
[3.959s] -- Up-to-date: /home/misaka/fishbot/install/nav_2d_msgs/local/lib/python3.10/dist-packages/nav_2d_msgs/msg/__init__.py
[3.960s] -- Up-to-date: /home/misaka/fishbot/install/nav_2d_msgs/local/lib/python3.10/dist-packages/nav_2d_msgs/msg/_pose2_d_stamped_s.c
[3.961s] -- Up-to-date: /home/misaka/fishbot/install/nav_2d_msgs/local/lib/python3.10/dist-packages/nav_2d_msgs/msg/_twist2_d_stamped.py
[3.961s] -- Up-to-date: /home/misaka/fishbot/install/nav_2d_msgs/local/lib/python3.10/dist-packages/nav_2d_msgs/msg/_twist2_d.py
[3.962s] -- Up-to-date: /home/misaka/fishbot/install/nav_2d_msgs/local/lib/python3.10/dist-packages/nav_2d_msgs/nav_2d_msgs_s__rosidl_typesupport_introspection_c.cpython-310-x86_64-linux-gnu.so
[3.995s] Listing '/home/misaka/fishbot/install/nav_2d_msgs/local/lib/python3.10/dist-packages/nav_2d_msgs'...
[3.996s] Listing '/home/misaka/fishbot/install/nav_2d_msgs/local/lib/python3.10/dist-packages/nav_2d_msgs/msg'...
[4.012s] -- Up-to-date: /home/misaka/fishbot/install/nav_2d_msgs/local/lib/python3.10/dist-packages/nav_2d_msgs/nav_2d_msgs_s__rosidl_typesupport_fastrtps_c.cpython-310-x86_64-linux-gnu.so
[4.015s] -- Up-to-date: /home/misaka/fishbot/install/nav_2d_msgs/local/lib/python3.10/dist-packages/nav_2d_msgs/nav_2d_msgs_s__rosidl_typesupport_introspection_c.cpython-310-x86_64-linux-gnu.so
[4.018s] -- Up-to-date: /home/misaka/fishbot/install/nav_2d_msgs/local/lib/python3.10/dist-packages/nav_2d_msgs/nav_2d_msgs_s__rosidl_typesupport_c.cpython-310-x86_64-linux-gnu.so
[4.024s] -- Up-to-date: /home/misaka/fishbot/install/nav_2d_msgs/lib/libnav_2d_msgs__rosidl_generator_py.so
[4.024s] -- Up-to-date: /home/misaka/fishbot/install/nav_2d_msgs/share/nav_2d_msgs/msg/Path2D.idl
[4.025s] -- Up-to-date: /home/misaka/fishbot/install/nav_2d_msgs/share/nav_2d_msgs/msg/Pose2D32.idl
[4.025s] -- Up-to-date: /home/misaka/fishbot/install/nav_2d_msgs/share/nav_2d_msgs/msg/Pose2DStamped.idl
[4.025s] -- Up-to-date: /home/misaka/fishbot/install/nav_2d_msgs/share/nav_2d_msgs/msg/Twist2D.idl
[4.031s] -- Up-to-date: /home/misaka/fishbot/install/nav_2d_msgs/share/nav_2d_msgs/msg/Twist2D32.idl
[4.032s] -- Up-to-date: /home/misaka/fishbot/install/nav_2d_msgs/share/nav_2d_msgs/msg/Twist2DStamped.idl
[4.032s] -- Up-to-date: /home/misaka/fishbot/install/nav_2d_msgs/share/nav_2d_msgs/msg/Path2D.msg
[4.032s] -- Up-to-date: /home/misaka/fishbot/install/nav_2d_msgs/share/nav_2d_msgs/msg/Pose2D32.msg
[4.033s] -- Up-to-date: /home/misaka/fishbot/install/nav_2d_msgs/share/nav_2d_msgs/msg/Pose2DStamped.msg
[4.033s] -- Up-to-date: /home/misaka/fishbot/install/nav_2d_msgs/share/nav_2d_msgs/msg/Twist2D.msg
[4.033s] -- Up-to-date: /home/misaka/fishbot/install/nav_2d_msgs/share/nav_2d_msgs/msg/Twist2D32.msg
[4.035s] -- Up-to-date: /home/misaka/fishbot/install/nav_2d_msgs/share/nav_2d_msgs/msg/Twist2DStamped.msg
[4.035s] -- Up-to-date: /home/misaka/fishbot/install/nav_2d_msgs/share/ament_index/resource_index/package_run_dependencies/nav_2d_msgs
[4.035s] -- Up-to-date: /home/misaka/fishbot/install/nav_2d_msgs/share/ament_index/resource_index/parent_prefix_path/nav_2d_msgs
[4.035s] -- Up-to-date: /home/misaka/fishbot/install/nav_2d_msgs/share/nav_2d_msgs/environment/ament_prefix_path.sh
[4.035s] -- Up-to-date: /home/misaka/fishbot/install/nav_2d_msgs/share/nav_2d_msgs/environment/ament_prefix_path.dsv
[4.036s] -- Up-to-date: /home/misaka/fishbot/install/nav_2d_msgs/share/nav_2d_msgs/environment/path.sh
[4.036s] -- Up-to-date: /home/misaka/fishbot/install/nav_2d_msgs/share/nav_2d_msgs/environment/path.dsv
[4.037s] -- Up-to-date: /home/misaka/fishbot/install/nav_2d_msgs/share/nav_2d_msgs/local_setup.bash
[4.037s] -- Up-to-date: /home/misaka/fishbot/install/nav_2d_msgs/share/nav_2d_msgs/local_setup.sh
[4.037s] -- Up-to-date: /home/misaka/fishbot/install/nav_2d_msgs/share/nav_2d_msgs/local_setup.zsh
[4.037s] -- Up-to-date: /home/misaka/fishbot/install/nav_2d_msgs/share/nav_2d_msgs/local_setup.dsv
[4.037s] -- Installing: /home/misaka/fishbot/install/nav_2d_msgs/share/nav_2d_msgs/package.dsv
[4.037s] -- Up-to-date: /home/misaka/fishbot/install/nav_2d_msgs/share/ament_index/resource_index/packages/nav_2d_msgs
[4.038s] -- Up-to-date: /home/misaka/fishbot/install/nav_2d_msgs/share/nav_2d_msgs/cmake/export_nav_2d_msgs__rosidl_generator_cExport.cmake
[4.038s] -- Up-to-date: /home/misaka/fishbot/install/nav_2d_msgs/share/nav_2d_msgs/cmake/export_nav_2d_msgs__rosidl_generator_cExport-noconfig.cmake
[4.038s] -- Up-to-date: /home/misaka/fishbot/install/nav_2d_msgs/share/nav_2d_msgs/cmake/export_nav_2d_msgs__rosidl_typesupport_fastrtps_cExport.cmake
[4.040s] -- Up-to-date: /home/misaka/fishbot/install/nav_2d_msgs/share/nav_2d_msgs/cmake/export_nav_2d_msgs__rosidl_typesupport_fastrtps_cExport-noconfig.cmake
[4.042s] -- Up-to-date: /home/misaka/fishbot/install/nav_2d_msgs/share/nav_2d_msgs/cmake/export_nav_2d_msgs__rosidl_generator_cppExport.cmake
[4.042s] -- Up-to-date: /home/misaka/fishbot/install/nav_2d_msgs/share/nav_2d_msgs/cmake/export_nav_2d_msgs__rosidl_typesupport_fastrtps_cppExport.cmake
[4.042s] -- Up-to-date: /home/misaka/fishbot/install/nav_2d_msgs/share/nav_2d_msgs/cmake/export_nav_2d_msgs__rosidl_typesupport_fastrtps_cppExport-noconfig.cmake
[4.044s] -- Up-to-date: /home/misaka/fishbot/install/nav_2d_msgs/share/nav_2d_msgs/cmake/nav_2d_msgs__rosidl_typesupport_introspection_cExport.cmake
[4.044s] -- Up-to-date: /home/misaka/fishbot/install/nav_2d_msgs/share/nav_2d_msgs/cmake/nav_2d_msgs__rosidl_typesupport_introspection_cExport-noconfig.cmake
[4.047s] -- Up-to-date: /home/misaka/fishbot/install/nav_2d_msgs/share/nav_2d_msgs/cmake/nav_2d_msgs__rosidl_typesupport_cExport.cmake
[4.047s] -- Up-to-date: /home/misaka/fishbot/install/nav_2d_msgs/share/nav_2d_msgs/cmake/nav_2d_msgs__rosidl_typesupport_cExport-noconfig.cmake
[4.048s] -- Up-to-date: /home/misaka/fishbot/install/nav_2d_msgs/share/nav_2d_msgs/cmake/nav_2d_msgs__rosidl_typesupport_introspection_cppExport.cmake
[4.049s] -- Up-to-date: /home/misaka/fishbot/install/nav_2d_msgs/share/nav_2d_msgs/cmake/nav_2d_msgs__rosidl_typesupport_introspection_cppExport-noconfig.cmake
[4.052s] -- Up-to-date: /home/misaka/fishbot/install/nav_2d_msgs/share/nav_2d_msgs/cmake/nav_2d_msgs__rosidl_typesupport_cppExport.cmake
[4.053s] -- Up-to-date: /home/misaka/fishbot/install/nav_2d_msgs/share/nav_2d_msgs/cmake/nav_2d_msgs__rosidl_typesupport_cppExport-noconfig.cmake
[4.057s] -- Up-to-date: /home/misaka/fishbot/install/nav_2d_msgs/share/nav_2d_msgs/cmake/export_nav_2d_msgs__rosidl_generator_pyExport.cmake
[4.057s] -- Up-to-date: /home/misaka/fishbot/install/nav_2d_msgs/share/nav_2d_msgs/cmake/export_nav_2d_msgs__rosidl_generator_pyExport-noconfig.cmake
[4.057s] -- Up-to-date: /home/misaka/fishbot/install/nav_2d_msgs/share/nav_2d_msgs/cmake/rosidl_cmake-extras.cmake
[4.058s] -- Up-to-date: /home/misaka/fishbot/install/nav_2d_msgs/share/nav_2d_msgs/cmake/ament_cmake_export_dependencies-extras.cmake
[4.059s] -- Up-to-date: /home/misaka/fishbot/install/nav_2d_msgs/share/nav_2d_msgs/cmake/ament_cmake_export_include_directories-extras.cmake
[4.059s] -- Up-to-date: /home/misaka/fishbot/install/nav_2d_msgs/share/nav_2d_msgs/cmake/ament_cmake_export_libraries-extras.cmake
[4.059s] -- Up-to-date: /home/misaka/fishbot/install/nav_2d_msgs/share/nav_2d_msgs/cmake/ament_cmake_export_targets-extras.cmake
[4.060s] -- Up-to-date: /home/misaka/fishbot/install/nav_2d_msgs/share/nav_2d_msgs/cmake/rosidl_cmake_export_typesupport_targets-extras.cmake
[4.060s] -- Up-to-date: /home/misaka/fishbot/install/nav_2d_msgs/share/nav_2d_msgs/cmake/rosidl_cmake_export_typesupport_libraries-extras.cmake
[4.060s] -- Up-to-date: /home/misaka/fishbot/install/nav_2d_msgs/share/nav_2d_msgs/cmake/nav_2d_msgsConfig.cmake
[4.060s] -- Up-to-date: /home/misaka/fishbot/install/nav_2d_msgs/share/nav_2d_msgs/cmake/nav_2d_msgsConfig-version.cmake
[4.060s] -- Up-to-date: /home/misaka/fishbot/install/nav_2d_msgs/share/nav_2d_msgs/package.xml
[4.068s] Invoked command in '/home/misaka/fishbot/build/nav_2d_msgs' returned '0': CMAKE_PREFIX_PATH=/opt/ros/humble /usr/bin/cmake --install /home/misaka/fishbot/build/nav_2d_msgs
