[0.145s] Invoking command in '/home/misaka/fishbot/build/nav2_map_server': AMENT_PREFIX_PATH=/home/misaka/fishbot/install/nav2_util:/home/misaka/fishbot/install/nav2_msgs:/home/misaka/fishbot/install/nav2_common:${AMENT_PREFIX_PATH} CMAKE_PREFIX_PATH=/home/misaka/fishbot/install/nav2_util:/home/misaka/fishbot/install/nav2_msgs:/home/misaka/fishbot/install/nav2_common:/opt/ros/humble LD_LIBRARY_PATH=/home/misaka/fishbot/install/nav2_util/lib:/home/misaka/fishbot/install/nav2_msgs/lib:${LD_LIBRARY_PATH} PYTHONPATH=/home/misaka/fishbot/install/nav2_msgs/local/lib/python3.10/dist-packages:/home/misaka/fishbot/install/nav2_common/local/lib/python3.10/dist-packages:${PYTHONPATH} /usr/bin/cmake --build /home/misaka/fishbot/build/nav2_map_server -- -j16 -l16
[0.380s] [35m[1mConsolidate compiler generated dependencies of target gtest_main[0m
[0.438s] [35m[1mConsolidate compiler generated dependencies of target gtest[0m
[0.483s] [  5%] Built target gtest_main
[0.499s] [ 11%] Built target gtest
[0.526s] [35m[1mConsolidate compiler generated dependencies of target map_io[0m
[0.642s] [35m[1mConsolidate compiler generated dependencies of target test_map_saver_cli[0m
[0.706s] [ 19%] Built target map_io
[0.880s] [35m[1mConsolidate compiler generated dependencies of target test_map_io[0m
[0.893s] [35m[1mConsolidate compiler generated dependencies of target map_server_core[0m
[0.955s] [ 27%] Built target test_map_saver_cli
[0.956s] [35m[1mConsolidate compiler generated dependencies of target test_map_saver_publisher[0m
[1.079s] [ 36%] Built target test_map_io
[1.117s] [ 47%] Built target map_server_core
[1.199s] [ 55%] Built target test_map_saver_publisher
[1.239s] [35m[1mConsolidate compiler generated dependencies of target map_saver_cli[0m
[1.240s] [35m[1mConsolidate compiler generated dependencies of target map_saver_server[0m
[1.269s] [35m[1mConsolidate compiler generated dependencies of target test_map_server_node[0m
[1.292s] [35m[1mConsolidate compiler generated dependencies of target test_map_saver_node[0m
[1.297s] [35m[1mConsolidate compiler generated dependencies of target map_server[0m
[1.356s] [ 58%] [32mBuilding CXX object test/unit/CMakeFiles/test_costmap_filter_info_server.dir/test_costmap_filter_info_server.cpp.o[0m
[1.387s] [35m[1mConsolidate compiler generated dependencies of target costmap_filter_info_server[0m
[1.407s] [ 61%] [32mBuilding CXX object test/component/CMakeFiles/test_map_server_node.dir/test_map_server_node.cpp.o[0m
[1.423s] [ 66%] Built target map_saver_server
[1.429s] [ 72%] Built target map_saver_cli
[1.476s] [ 80%] Built target test_map_saver_node
[1.477s] [ 86%] Built target map_server
[1.517s] [ 91%] Built target costmap_filter_info_server
