[0.103s] Invoking command in '/home/misaka/fishbot/build/cartographer': CMAKE_PREFIX_PATH=/opt/ros/humble /usr/bin/cmake /home/misaka/fishbot/src/cartographer_code/cartographer -DCMAKE_INSTALL_PREFIX=/home/misaka/fishbot/install/cartographer
[0.623s] -- The C compiler identification is GNU 11.4.0
[1.085s] -- The CXX compiler identification is GNU 11.4.0
[1.133s] -- Detecting C compiler ABI info
[1.491s] -- Detecting C compiler ABI info - done
[1.523s] -- Check for working C compiler: /usr/bin/cc - skipped
[1.525s] -- Detecting C compile features
[1.533s] -- Detecting C compile features - done
[1.547s] -- Detecting CXX compiler ABI info
[1.960s] -- Detecting CXX compiler ABI info - done
[1.992s] -- Check for working CXX compiler: /usr/bin/c++ - skipped
[1.992s] -- Detecting CXX compile features
[1.995s] -- Detecting CXX compile features - done
[1.998s] -- Build type: Release
[2.042s] æ–‡ä»¶ /home/misaka/fishbot/build/cartographer/AllFiles.cmake å’Œ - ä¸åŒ
[2.991s] -- Found Python: /usr/bin/python3.10 (found version "3.10.12") found components: Interpreter 
[3.003s] -- Looking for pthread.h
[3.442s] -- Looking for pthread.h - found
[3.444s] -- Performing Test CMAKE_HAVE_LIBC_PTHREAD
[3.808s] -- Performing Test CMAKE_HAVE_LIBC_PTHREAD - Success
[3.814s] -- Found Threads: TRUE  
[3.834s] -- Found GMock: gmock_main  
[3.978s] -- Found Boost: /usr/lib/x86_64-linux-gnu/cmake/Boost-1.74.0/BoostConfig.cmake (found version "1.74.0") found components: iostreams 
[4.024s] -- Found required Ceres dependency: Eigen version 3.4.0 in /usr/include/eigen3
[4.042s] -- Found required Ceres dependency: glog
[4.043s] -- Found required Ceres dependency: gflags
[4.044s] -- Found Ceres version: 2.0.0 installed in: /usr with components: [EigenSparse, SparseLinearAlgebraLibrary, LAPACK, SuiteSparse, CXSparse, SchurSpecializations, Multithreading]
[4.074s] -- Found Lua: /usr/lib/x86_64-linux-gnu/liblua5.2.so;/usr/lib/x86_64-linux-gnu/libm.so (found version "5.2.4") 
[4.180s] -- Found Protobuf: /usr/lib/x86_64-linux-gnu/libprotobuf.so (found suitable version "3.12.4", minimum required is "3.0.0") 
[4.203s] -- Found PkgConfig: /usr/bin/pkg-config (found version "0.29.2") 
[4.208s] -- Checking for one of the modules 'cairo>=1.12.16'
[4.545s] -- Found Sphinx: /usr/bin/sphinx-build  
[4.824s] -- Configuring done
[6.060s] -- Generating done
[6.094s] -- Build files have been written to: /home/misaka/fishbot/build/cartographer
[6.149s] Invoked command in '/home/misaka/fishbot/build/cartographer' returned '0': CMAKE_PREFIX_PATH=/opt/ros/humble /usr/bin/cmake /home/misaka/fishbot/src/cartographer_code/cartographer -DCMAKE_INSTALL_PREFIX=/home/misaka/fishbot/install/cartographer
[6.159s] Invoking command in '/home/misaka/fishbot/build/cartographer': CMAKE_PREFIX_PATH=/opt/ros/humble /usr/bin/cmake --build /home/misaka/fishbot/build/cartographer -- -j16 -l16
[6.462s] [  0%] [34m[1mRunning C++ protocol buffer compiler on /home/misaka/fishbot/src/cartographer_code/cartographer/cartographer/transform/proto/transform.proto[0m
[6.467s] [  1%] [34m[1mRunning C++ protocol buffer compiler on /home/misaka/fishbot/src/cartographer_code/cartographer/cartographer/mapping/proto/cell_limits_2d.proto[0m
[6.476s] [  1%] [34m[1mRunning C++ protocol buffer compiler on /home/misaka/fishbot/src/cartographer_code/cartographer/cartographer/ground_truth/proto/relations.proto[0m
[6.485s] [  2%] [34m[1mRunning C++ protocol buffer compiler on /home/misaka/fishbot/src/cartographer_code/cartographer/cartographer/mapping/proto/hybrid_grid.proto[0m
[6.485s] [  2%] [34m[1mRunning C++ protocol buffer compiler on /home/misaka/fishbot/src/cartographer_code/cartographer/cartographer/mapping/proto/connected_components.proto[0m
[6.486s] [  2%] [34m[1mRunning C++ protocol buffer compiler on /home/misaka/fishbot/src/cartographer_code/cartographer/cartographer/mapping/proto/grid_2d.proto[0m
[6.490s] [  2%] [34m[1mRunning C++ protocol buffer compiler on /home/misaka/fishbot/src/cartographer_code/cartographer/cartographer/mapping/proto/local_trajectory_builder_options_3d.proto[0m
[6.500s] [  2%] [34m[1mRunning C++ protocol buffer compiler on /home/misaka/fishbot/src/cartographer_code/cartographer/cartographer/common/proto/ceres_solver_options.proto[0m
[6.501s] [  2%] [34m[1mRunning C++ protocol buffer compiler on /home/misaka/fishbot/src/cartographer_code/cartographer/cartographer/mapping/proto/motion_filter_options.proto[0m
[6.506s] [  2%] [34m[1mRunning C++ protocol buffer compiler on /home/misaka/fishbot/src/cartographer_code/cartographer/cartographer/mapping/proto/grid_2d_options.proto[0m
[6.508s] [  3%] [34m[1mRunning C++ protocol buffer compiler on /home/misaka/fishbot/src/cartographer_code/cartographer/cartographer/mapping/proto/map_limits.proto[0m
[6.513s] [  3%] [34m[1mRunning C++ protocol buffer compiler on /home/misaka/fishbot/src/cartographer_code/cartographer/cartographer/mapping/proto/map_builder_options.proto[0m
[6.517s] [  3%] [34m[1mRunning C++ protocol buffer compiler on /home/misaka/fishbot/src/cartographer_code/cartographer/cartographer/mapping/proto/local_trajectory_builder_options_2d.proto[0m
[6.530s] [  4%] [32mBuilding CXX object googletest/CMakeFiles/gtest.dir/src/gtest-all.cc.o[0m
[6.559s] [  4%] [34m[1mBuilding documentation.[0m
[6.573s] [  4%] [34m[1mRunning C++ protocol buffer compiler on /home/misaka/fishbot/src/cartographer_code/cartographer/cartographer/mapping/proto/pose_extrapolator_options.proto[0m
[6.574s] [  4%] [34m[1mRunning C++ protocol buffer compiler on /home/misaka/fishbot/src/cartographer_code/cartographer/cartographer/mapping/proto/normal_estimation_options_2d.proto[0m
[6.586s] [  5%] [34m[1mRunning C++ protocol buffer compiler on /home/misaka/fishbot/src/cartographer_code/cartographer/cartographer/mapping/proto/pose_graph.proto[0m
[6.586s] [  5%] [34m[1mRunning C++ protocol buffer compiler on /home/misaka/fishbot/src/cartographer_code/cartographer/cartographer/mapping/proto/pose_graph/constraint_builder_options.proto[0m
[6.604s] [  5%] [34m[1mRunning C++ protocol buffer compiler on /home/misaka/fishbot/src/cartographer_code/cartographer/cartographer/mapping/proto/pose_graph/optimization_problem_options.proto[0m
[6.604s] [  5%] [34m[1mRunning C++ protocol buffer compiler on /home/misaka/fishbot/src/cartographer_code/cartographer/cartographer/mapping/proto/probability_grid_range_data_inserter_options_2d.proto[0m
[6.607s] [  6%] [34m[1mRunning C++ protocol buffer compiler on /home/misaka/fishbot/src/cartographer_code/cartographer/cartographer/mapping/proto/probability_grid.proto[0m
[6.612s] [  6%] [34m[1mRunning C++ protocol buffer compiler on /home/misaka/fishbot/src/cartographer_code/cartographer/cartographer/mapping/proto/pose_graph_options.proto[0m
[6.613s] [  6%] [34m[1mRunning C++ protocol buffer compiler on /home/misaka/fishbot/src/cartographer_code/cartographer/cartographer/mapping/proto/range_data_inserter_options_3d.proto[0m
[6.622s] [  6%] [34m[1mRunning C++ protocol buffer compiler on /home/misaka/fishbot/src/cartographer_code/cartographer/cartographer/mapping/proto/range_data_inserter_options.proto[0m
[6.622s] [  6%] Built target cartographer_detect_changes
[6.643s] [  7%] [34m[1mRunning C++ protocol buffer compiler on /home/misaka/fishbot/src/cartographer_code/cartographer/cartographer/mapping/proto/scan_matching/ceres_scan_matcher_options_2d.proto[0m
[6.668s] [  7%] [34m[1mRunning C++ protocol buffer compiler on /home/misaka/fishbot/src/cartographer_code/cartographer/cartographer/mapping/proto/scan_matching/ceres_scan_matcher_options_3d.proto[0m
[6.670s] [  7%] [34m[1mRunning C++ protocol buffer compiler on /home/misaka/fishbot/src/cartographer_code/cartographer/cartographer/mapping/proto/scan_matching/fast_correlative_scan_matcher_options_2d.proto[0m
[6.683s] [  7%] [34m[1mRunning C++ protocol buffer compiler on /home/misaka/fishbot/src/cartographer_code/cartographer/cartographer/mapping/proto/scan_matching/fast_correlative_scan_matcher_options_3d.proto[0m
[6.695s] [  7%] [34m[1mRunning C++ protocol buffer compiler on /home/misaka/fishbot/src/cartographer_code/cartographer/cartographer/mapping/proto/serialization.proto[0m
[6.696s] [  8%] [34m[1mRunning C++ protocol buffer compiler on /home/misaka/fishbot/src/cartographer_code/cartographer/cartographer/mapping/proto/scan_matching/real_time_correlative_scan_matcher_options.proto[0m
[6.696s] [  8%] [34m[1mRunning C++ protocol buffer compiler on /home/misaka/fishbot/src/cartographer_code/cartographer/cartographer/mapping/proto/submap.proto[0m
[6.700s] [  9%] [34m[1mRunning C++ protocol buffer compiler on /home/misaka/fishbot/src/cartographer_code/cartographer/cartographer/mapping/proto/submaps_options_2d.proto[0m
[6.700s] [  9%] [34m[1mRunning C++ protocol buffer compiler on /home/misaka/fishbot/src/cartographer_code/cartographer/cartographer/mapping/proto/submap_visualization.proto[0m
[6.701s] [  9%] [34m[1mRunning C++ protocol buffer compiler on /home/misaka/fishbot/src/cartographer_code/cartographer/cartographer/mapping/proto/trajectory_node_data.proto[0m
[6.706s] [  9%] [34m[1mRunning C++ protocol buffer compiler on /home/misaka/fishbot/src/cartographer_code/cartographer/cartographer/mapping/proto/trajectory.proto[0m
[6.707s] [  9%] [34m[1mRunning C++ protocol buffer compiler on /home/misaka/fishbot/src/cartographer_code/cartographer/cartographer/mapping/proto/submaps_options_3d.proto[0m
[6.722s] [ 10%] [34m[1mRunning C++ protocol buffer compiler on /home/misaka/fishbot/src/cartographer_code/cartographer/cartographer/mapping/proto/trajectory_builder_options.proto[0m
[6.723s] [ 10%] [34m[1mRunning C++ protocol buffer compiler on /home/misaka/fishbot/src/cartographer_code/cartographer/cartographer/mapping/proto/tsdf_2d.proto[0m
[6.753s] [ 10%] [34m[1mRunning C++ protocol buffer compiler on /home/misaka/fishbot/src/cartographer_code/cartographer/cartographer/mapping/proto/tsdf_range_data_inserter_options_2d.proto[0m
[6.767s] [ 10%] [34m[1mRunning C++ protocol buffer compiler on /home/misaka/fishbot/src/cartographer_code/cartographer/cartographer/sensor/proto/sensor.proto[0m
[6.768s] [ 10%] [34m[1mRunning C++ protocol buffer compiler on /home/misaka/fishbot/src/cartographer_code/cartographer/cartographer/transform/proto/timestamped_transform.proto[0m
[6.774s] [ 11%] [34m[1mRunning C++ protocol buffer compiler on /home/misaka/fishbot/src/cartographer_code/cartographer/cartographer/sensor/proto/adaptive_voxel_filter_options.proto[0m
[7.072s] [ 11%] [32mBuilding CXX object CMakeFiles/cartographer.dir/cartographer/common/histogram.cc.o[0m
[7.073s] [ 11%] [32mBuilding CXX object CMakeFiles/cartographer.dir/cartographer/common/task.cc.o[0m
[7.077s] [ 11%] [32mBuilding CXX object CMakeFiles/cartographer.dir/cartographer/common/internal/ceres_solver_options.cc.o[0m
[7.078s] [ 11%] [32mBuilding CXX object CMakeFiles/cartographer.dir/cartographer/common/thread_pool.cc.o[0m
[7.078s] [ 11%] [32mBuilding CXX object CMakeFiles/cartographer.dir/cartographer/common/lua_parameter_dictionary.cc.o[0m
[7.079s] [ 13%] [32mBuilding CXX object CMakeFiles/cartographer.dir/cartographer/common/internal/testing/thread_pool_for_testing.cc.o[0m
[7.085s] [ 13%] [32mBuilding CXX object CMakeFiles/cartographer.dir/cartographer/common/configuration_file_resolver.cc.o[0m
[7.089s] [ 13%] [32mBuilding CXX object CMakeFiles/cartographer.dir/cartographer/common/fixed_ratio_sampler.cc.o[0m
[7.105s] [ 14%] [32mBuilding CXX object CMakeFiles/cartographer.dir/cartographer/common/time.cc.o[0m
[7.108s] [ 14%] [32mBuilding CXX object CMakeFiles/cartographer.dir/cartographer/ground_truth/autogenerate_ground_truth.cc.o[0m
[7.114s] [ 14%] [32mBuilding CXX object CMakeFiles/cartographer.dir/cartographer/io/counting_points_processor.cc.o[0m
[7.118s] [ 14%] [32mBuilding CXX object CMakeFiles/cartographer.dir/cartographer/io/color.cc.o[0m
[7.122s] [ 15%] [32mBuilding CXX object CMakeFiles/cartographer.dir/cartographer/io/coloring_points_processor.cc.o[0m
[7.139s] [ 15%] [32mBuilding CXX object CMakeFiles/cartographer.dir/cartographer/ground_truth/relations_text_file.cc.o[0m
[9.985s] [01mRunning Sphinx v4.3.2[39;49;00m
[11.529s] [01mmaking output directory... [39;49;00mdone
[11.684s] [01mbuilding [mo]: [39;49;00mtargets for 0 po files that are out of date
[11.693s] [01mbuilding [html]: [39;49;00mtargets for 6 source files that are out of date
[11.694s] [01mupdating environment: [39;49;00m[new config] 6 added, 0 changed, 0 removed
[12.608s] [01mreading sources... [39;49;00m[ 16%] [35mconfiguration[39;49;00m                                        
[12.758s] [01mreading sources... [39;49;00m[ 33%] [35mcost_functions[39;49;00m                                       
[12.957s] [01mreading sources... [39;49;00m[ 50%] [35mevaluation[39;49;00m                                           
[13.364s] [01mreading sources... [39;49;00m[ 66%] [35mindex[39;49;00m                                                
[13.458s] [01mreading sources... [39;49;00m[ 83%] [35mpbstream_migration[39;49;00m                                   
[13.542s] [01mreading sources... [39;49;00m[100%] [35mterminology[39;49;00m                                          
[13.543s] 
[13.543s] [01mlooking for now-outdated files... [39;49;00mnone found
[13.571s] [01mpickling environment... [39;49;00mdone
[13.571s] [01mchecking consistency... [39;49;00mdone
[13.575s] [01mpreparing documents... [39;49;00mdone
[14.429s] [01mwriting output... [39;49;00m[ 16%] [32mconfiguration[39;49;00m                                         
[14.747s] [01mwriting output... [39;49;00m[ 33%] [32mcost_functions[39;49;00m                                        
[15.055s] [01mwriting output... [39;49;00m[ 50%] [32mevaluation[39;49;00m                                            
[15.269s] [01mwriting output... [39;49;00m[ 66%] [32mindex[39;49;00m                                                 
[15.678s] [01mwriting output... [39;49;00m[ 83%] [32mpbstream_migration[39;49;00m                                    
[15.857s] [01mwriting output... [39;49;00m[100%] [32mterminology[39;49;00m                                           
[15.858s] 
[15.977s] [01mgenerating indices... [39;49;00mgenindex done
[16.016s] [01mwriting additional pages... [39;49;00msearch done
[16.024s] [01mcopying images... [39;49;00m[ 50%] [33mautogenerate_groundtruth.png[39;49;00m                          
[16.026s] [01mcopying images... [39;49;00m[100%] [33mhigh_level_system_overview.png[39;49;00m                        
[16.026s] 
[16.267s] [01mcopying static files... [39;49;00mdone
[16.268s] [01mcopying extra files... [39;49;00mdone
[16.282s] [01mdumping search index in English (code: en)... [39;49;00mdone
[16.288s] [01mdumping object inventory... [39;49;00mdone
[16.290s] [01mbuild succeeded.[39;49;00m
[16.290s] 
[16.290s] The HTML pages are in html.
[17.282s] [ 15%] Built target build_doc
[17.377s] [ 15%] [32mBuilding CXX object CMakeFiles/cartographer.dir/cartographer/io/draw_trajectories.cc.o[0m
[24.684s] [ 15%] [32mBuilding CXX object CMakeFiles/cartographer.dir/cartographer/io/file_writer.cc.o[0m
[25.196s] [ 16%] [32mBuilding CXX object CMakeFiles/cartographer.dir/cartographer/io/fixed_ratio_sampling_points_processor.cc.o[0m
[26.965s] [ 16%] [32mBuilding CXX object CMakeFiles/cartographer.dir/cartographer/io/frame_id_filtering_points_processor.cc.o[0m
[29.162s] [ 16%] [32mBuilding CXX object CMakeFiles/cartographer.dir/cartographer/io/hybrid_grid_points_processor.cc.o[0m
[30.816s] [ 16%] [32mBuilding CXX object CMakeFiles/cartographer.dir/cartographer/io/image.cc.o[0m
[30.847s] [ 17%] [32mBuilding CXX object CMakeFiles/cartographer.dir/cartographer/io/intensity_to_color_points_processor.cc.o[0m
[34.654s] [ 17%] [32mBuilding CXX object CMakeFiles/cartographer.dir/cartographer/io/internal/in_memory_proto_stream.cc.o[0m
[35.976s] [ 17%] [32mBuilding CXX object CMakeFiles/cartographer.dir/cartographer/io/internal/mapping_state_serialization.cc.o[0m
[37.718s] [ 18%] [32mBuilding CXX object CMakeFiles/cartographer.dir/cartographer/io/internal/pbstream_info.cc.o[0m
[38.384s] [ 18%] [32mBuilding CXX object CMakeFiles/cartographer.dir/cartographer/io/internal/pbstream_migrate.cc.o[0m
[41.318s] [ 18%] [32mBuilding CXX object CMakeFiles/cartographer.dir/cartographer/io/min_max_range_filtering_points_processor.cc.o[0m
[45.790s] [ 18%] [32mBuilding CXX object CMakeFiles/cartographer.dir/cartographer/io/outlier_removing_points_processor.cc.o[0m
[72.086s] [ 18%] [32mBuilding CXX object CMakeFiles/cartographer.dir/cartographer/mapping/2d/probability_grid.cc.o[0m
[77.100s] [ 18%] [32m[1mLinking CXX static library ../lib/libgtest.a[0m
[77.299s] [ 18%] Built target gtest
[87.147s] [ 18%] [32mBuilding CXX object CMakeFiles/cartographer.dir/cartographer/mapping/2d/probability_grid_range_data_inserter_2d.cc.o[0m
[88.215s] [ 19%] [32mBuilding CXX object CMakeFiles/cartographer.dir/cartographer/mapping/2d/grid_2d.cc.o[0m
[89.276s] [ 19%] [32mBuilding CXX object CMakeFiles/cartographer.dir/cartographer/io/xyz_writing_points_processor.cc.o[0m
[90.328s] [ 19%] [32mBuilding CXX object CMakeFiles/cartographer.dir/cartographer/io/xray_points_processor.cc.o[0m
[91.373s] [ 19%] [32mBuilding CXX object CMakeFiles/cartographer.dir/cartographer/io/vertical_range_filtering_points_processor.cc.o[0m
[92.428s] [ 19%] [32mBuilding CXX object CMakeFiles/cartographer.dir/cartographer/io/serialization_format_migration.cc.o[0m
[92.429s] [ 20%] [32mBuilding CXX object CMakeFiles/cartographer.dir/cartographer/io/submap_painter.cc.o[0m
[93.517s] [ 20%] [32mBuilding CXX object CMakeFiles/cartographer.dir/cartographer/io/proto_stream_deserializer.cc.o[0m
[93.736s] [ 20%] [32mBuilding CXX object CMakeFiles/cartographer.dir/cartographer/io/proto_stream.cc.o[0m
[93.817s] [ 20%] [32mBuilding CXX object CMakeFiles/cartographer.dir/cartographer/mapping/2d/submap_2d.cc.o[0m
[93.850s] [ 21%] [32mBuilding CXX object CMakeFiles/cartographer.dir/cartographer/io/probability_grid_points_processor.cc.o[0m
[94.970s] [ 21%] [32mBuilding CXX object CMakeFiles/cartographer.dir/cartographer/io/points_processor_pipeline_builder.cc.o[0m
[96.069s] [ 21%] [32mBuilding CXX object CMakeFiles/cartographer.dir/cartographer/io/points_batch.cc.o[0m
[96.115s] [ 21%] [32mBuilding CXX object CMakeFiles/cartographer.dir/cartographer/io/ply_writing_points_processor.cc.o[0m
[128.707s] [ 21%] [32mBuilding CXX object CMakeFiles/cartographer.dir/cartographer/mapping/internal/2d/scan_matching/correlative_scan_matcher_2d.cc.o[0m
[131.748s] [ 21%] [32mBuilding CXX object CMakeFiles/cartographer.dir/cartographer/mapping/internal/2d/scan_matching/fast_correlative_scan_matcher_2d.cc.o[0m
[131.783s] [ 22%] [32mBuilding CXX object CMakeFiles/cartographer.dir/cartographer/mapping/internal/2d/scan_matching/ceres_scan_matcher_2d.cc.o[0m
[132.821s] [ 22%] [32mBuilding CXX object CMakeFiles/cartographer.dir/cartographer/mapping/internal/2d/ray_to_pixel_mask.cc.o[0m
[133.898s] [ 22%] [32mBuilding CXX object CMakeFiles/cartographer.dir/cartographer/mapping/internal/2d/pose_graph_2d.cc.o[0m
[134.963s] [ 23%] [32mBuilding CXX object CMakeFiles/cartographer.dir/cartographer/mapping/internal/2d/overlapping_submaps_trimmer_2d.cc.o[0m
[136.133s] [ 23%] [32mBuilding CXX object CMakeFiles/cartographer.dir/cartographer/mapping/internal/2d/normal_estimation_2d.cc.o[0m
[147.574s] [ 23%] [32mBuilding CXX object CMakeFiles/cartographer.dir/cartographer/mapping/internal/2d/scan_matching/occupied_space_cost_function_2d.cc.o[0m
[147.582s] [ 23%] [32mBuilding CXX object CMakeFiles/cartographer.dir/cartographer/mapping/internal/2d/scan_matching/tsdf_match_cost_function_2d.cc.o[0m
[147.587s] [ 24%] [32mBuilding CXX object CMakeFiles/cartographer.dir/cartographer/mapping/internal/2d/scan_matching/real_time_correlative_scan_matcher_2d.cc.o[0m
[148.678s] [ 24%] [32mBuilding CXX object CMakeFiles/cartographer.dir/cartographer/mapping/internal/2d/local_trajectory_builder_options_2d.cc.o[0m
[148.710s] [ 24%] [32mBuilding CXX object CMakeFiles/cartographer.dir/cartographer/mapping/internal/2d/local_trajectory_builder_2d.cc.o[0m
[149.796s] [ 25%] [32mBuilding CXX object CMakeFiles/cartographer.dir/cartographer/mapping/internal/2d/local_slam_result_2d.cc.o[0m
[149.833s] [ 25%] [32mBuilding CXX object CMakeFiles/cartographer.dir/cartographer/mapping/imu_tracker.cc.o[0m
[149.915s] [ 25%] [32mBuilding CXX object CMakeFiles/cartographer.dir/cartographer/mapping/detect_floors.cc.o[0m
[150.020s] [ 25%] [32mBuilding CXX object CMakeFiles/cartographer.dir/cartographer/mapping/3d/submap_3d.cc.o[0m
[150.198s] [ 26%] [32mBuilding CXX object CMakeFiles/cartographer.dir/cartographer/mapping/3d/range_data_inserter_3d.cc.o[0m
[150.637s] [ 26%] [32mBuilding CXX object CMakeFiles/cartographer.dir/cartographer/mapping/internal/2d/tsd_value_converter.cc.o[0m
[172.127s] [ 26%] [32mBuilding CXX object CMakeFiles/cartographer.dir/cartographer/mapping/internal/3d/scan_matching/intensity_cost_function_3d.cc.o[0m
[173.181s] [ 26%] [32mBuilding CXX object CMakeFiles/cartographer.dir/cartographer/mapping/internal/3d/scan_matching/fast_correlative_scan_matcher_3d.cc.o[0m
[173.443s] [ 26%] [32mBuilding CXX object CMakeFiles/cartographer.dir/cartographer/mapping/internal/3d/scan_matching/ceres_scan_matcher_3d.cc.o[0m
[174.495s] [ 27%] [32mBuilding CXX object CMakeFiles/cartographer.dir/cartographer/mapping/internal/3d/scan_matching/low_resolution_matcher.cc.o[0m
[174.752s] [ 28%] [32mBuilding CXX object CMakeFiles/cartographer.dir/cartographer/mapping/internal/3d/pose_graph_3d.cc.o[0m
[174.785s] [ 28%] [32mBuilding CXX object CMakeFiles/cartographer.dir/cartographer/mapping/internal/3d/scan_matching/precomputation_grid_3d.cc.o[0m
[175.833s] [ 28%] [32mBuilding CXX object CMakeFiles/cartographer.dir/cartographer/mapping/internal/3d/local_trajectory_builder_options_3d.cc.o[0m
[175.956s] [ 28%] [32mBuilding CXX object CMakeFiles/cartographer.dir/cartographer/mapping/internal/3d/local_trajectory_builder_3d.cc.o[0m
[177.027s] [ 28%] [32mBuilding CXX object CMakeFiles/cartographer.dir/cartographer/mapping/internal/3d/scan_matching/real_time_correlative_scan_matcher_3d.cc.o[0m
[178.096s] [ 28%] [32mBuilding CXX object CMakeFiles/cartographer.dir/cartographer/mapping/internal/3d/local_slam_result_3d.cc.o[0m
[179.181s] [ 29%] [32mBuilding CXX object CMakeFiles/cartographer.dir/cartographer/mapping/internal/2d/tsdf_range_data_inserter_2d.cc.o[0m
[180.282s] [ 29%] [32mBuilding CXX object CMakeFiles/cartographer.dir/cartographer/mapping/internal/2d/tsdf_2d.cc.o[0m
[180.728s] [ 30%] [32mBuilding CXX object CMakeFiles/cartographer.dir/cartographer/io/pcd_writing_points_processor.cc.o[0m
[180.839s] [ 30%] [32mBuilding CXX object CMakeFiles/cartographer.dir/cartographer/mapping/internal/3d/scan_matching/rotational_scan_matcher.cc.o[0m
[183.124s] [ 31%] [32mBuilding CXX object CMakeFiles/cartographer.dir/cartographer/mapping/internal/collated_trajectory_builder.cc.o[0m
[202.273s] [ 31%] [32mBuilding CXX object CMakeFiles/cartographer.dir/cartographer/mapping/internal/optimization/cost_functions/spa_cost_function_2d.cc.o[0m
[202.436s] [ 31%] [32mBuilding CXX object CMakeFiles/cartographer.dir/cartographer/mapping/internal/optimization/ceres_pose.cc.o[0m
[203.478s] [ 31%] [32mBuilding CXX object CMakeFiles/cartographer.dir/cartographer/mapping/internal/optimization/optimization_problem_2d.cc.o[0m
[204.098s] [ 32%] [32mBuilding CXX object CMakeFiles/cartographer.dir/cartographer/mapping/internal/motion_filter.cc.o[0m
[204.455s] [ 33%] [32mBuilding CXX object CMakeFiles/cartographer.dir/cartographer/mapping/internal/optimization/optimization_problem_3d.cc.o[0m
[204.925s] [ 33%] [32mBuilding CXX object CMakeFiles/cartographer.dir/cartographer/mapping/internal/optimization/optimization_problem_options.cc.o[0m
[205.973s] [ 33%] [32mBuilding CXX object CMakeFiles/cartographer.dir/cartographer/mapping/internal/range_data_collator.cc.o[0m
[207.034s] [ 33%] [32mBuilding CXX object CMakeFiles/cartographer.dir/cartographer/mapping/internal/imu_based_pose_extrapolator.cc.o[0m
[207.056s] [ 33%] [32mBuilding CXX object CMakeFiles/cartographer.dir/cartographer/mapping/internal/global_trajectory_builder.cc.o[0m
[208.099s] [ 33%] [32mBuilding CXX object CMakeFiles/cartographer.dir/cartographer/mapping/internal/eigen_quaterniond_from_two_vectors.cc.o[0m
[208.115s] [ 34%] [32mBuilding CXX object CMakeFiles/cartographer.dir/cartographer/mapping/internal/constraints/constraint_builder_3d.cc.o[0m
[209.184s] [ 34%] [32mBuilding CXX object CMakeFiles/cartographer.dir/cartographer/mapping/internal/constraints/constraint_builder_2d.cc.o[0m
[209.192s] [ 34%] [32mBuilding CXX object CMakeFiles/cartographer.dir/cartographer/mapping/internal/constraints/constraint_builder.cc.o[0m
[210.251s] [ 34%] [32mBuilding CXX object CMakeFiles/cartographer.dir/cartographer/mapping/internal/connected_components.cc.o[0m
[212.648s] [ 35%] [32mBuilding CXX object CMakeFiles/cartographer.dir/cartographer/mapping/internal/scan_matching/real_time_correlative_scan_matcher.cc.o[0m
[217.077s] [ 35%] [32mBuilding CXX object CMakeFiles/cartographer.dir/cartographer/mapping/internal/submap_controller.cc.o[0m
[217.756s] [ 35%] [32mBuilding CXX object CMakeFiles/cartographer.dir/cartographer/mapping/internal/trajectory_connectivity_state.cc.o[0m
[218.950s] [ 35%] [32mBuilding CXX object CMakeFiles/cartographer.dir/cartographer/mapping/map_builder.cc.o[0m
[220.956s] [ 36%] [32mBuilding CXX object CMakeFiles/cartographer.dir/cartographer/mapping/map_builder_interface.cc.o[0m
[241.799s] [ 36%] [32mBuilding CXX object CMakeFiles/cartographer.dir/cartographer/mapping/value_conversion_tables.cc.o[0m
[241.799s] [ 36%] [32mBuilding CXX object CMakeFiles/cartographer.dir/cartographer/metrics/counter.cc.o[0m
[242.406s] [ 36%] [32mBuilding CXX object CMakeFiles/cartographer.dir/cartographer/metrics/gauge.cc.o[0m
[243.045s] [ 37%] [32mBuilding CXX object CMakeFiles/cartographer.dir/cartographer/mapping/trajectory_node.cc.o[0m
[243.046s] [ 38%] [32mBuilding CXX object CMakeFiles/cartographer.dir/cartographer/metrics/histogram.cc.o[0m
[244.095s] [ 38%] [32mBuilding CXX object CMakeFiles/cartographer.dir/cartographer/metrics/register.cc.o[0m
[244.253s] [ 38%] [32mBuilding CXX object CMakeFiles/cartographer.dir/cartographer/mapping/trajectory_builder_interface.cc.o[0m
[244.831s] [ 38%] [32mBuilding CXX object CMakeFiles/cartographer.dir/cartographer/sensor/compressed_point_cloud.cc.o[0m
[244.833s] [ 38%] [32mBuilding CXX object CMakeFiles/cartographer.dir/cartographer/mapping/range_data_inserter_interface.cc.o[0m
[245.928s] [ 38%] [32mBuilding CXX object CMakeFiles/cartographer.dir/cartographer/sensor/fixed_frame_pose_data.cc.o[0m
[247.023s] [ 38%] [32mBuilding CXX object CMakeFiles/cartographer.dir/cartographer/mapping/probability_values.cc.o[0m
[248.136s] [ 39%] [32mBuilding CXX object CMakeFiles/cartographer.dir/cartographer/mapping/pose_graph_trimmer.cc.o[0m
[248.748s] [ 39%] [32mBuilding CXX object CMakeFiles/cartographer.dir/cartographer/mapping/pose_graph.cc.o[0m
[248.811s] [ 40%] [32mBuilding CXX object CMakeFiles/cartographer.dir/cartographer/sensor/imu_data.cc.o[0m
[249.963s] [ 40%] [32mBuilding CXX object CMakeFiles/cartographer.dir/cartographer/mapping/pose_extrapolator_interface.cc.o[0m
[251.017s] [ 40%] [32mBuilding CXX object CMakeFiles/cartographer.dir/cartographer/mapping/pose_extrapolator.cc.o[0m
[261.757s] [ 40%] [32mBuilding CXX object CMakeFiles/cartographer.dir/cartographer/sensor/point_cloud.cc.o[0m
[261.758s] [ 40%] [32mBuilding CXX object CMakeFiles/cartographer.dir/cartographer/sensor/odometry_data.cc.o[0m
[261.802s] [ 41%] [32mBuilding CXX object CMakeFiles/cartographer.dir/cartographer/sensor/range_data.cc.o[0m
[262.852s] [ 41%] [32mBuilding CXX object CMakeFiles/cartographer.dir/cartographer/sensor/landmark_data.cc.o[0m
[262.904s] [ 42%] [32mBuilding CXX object CMakeFiles/cartographer.dir/cartographer/sensor/internal/voxel_filter.cc.o[0m
[262.967s] [ 42%] [32mBuilding CXX object CMakeFiles/cartographer.dir/cartographer/sensor/timed_point_cloud_data.cc.o[0m
[263.373s] [ 42%] [32mBuilding CXX object CMakeFiles/cartographer.dir/cartographer/transform/rigid_transform.cc.o[0m
[264.420s] [ 43%] [32mBuilding CXX object CMakeFiles/cartographer.dir/cartographer/transform/timestamped_transform.cc.o[0m
[265.474s] [ 43%] [32mBuilding CXX object CMakeFiles/cartographer.dir/cartographer/sensor/internal/trajectory_collator.cc.o[0m
[266.538s] [ 43%] [32mBuilding CXX object CMakeFiles/cartographer.dir/cartographer/sensor/internal/ordered_multi_queue.cc.o[0m
[266.568s] [ 43%] [32mBuilding CXX object CMakeFiles/cartographer.dir/cartographer/sensor/internal/collator.cc.o[0m
[267.634s] [ 43%] [32mBuilding CXX object CMakeFiles/cartographer.dir/cartographer/transform/transform.cc.o[0m
[267.986s] [ 43%] [32mBuilding CXX object CMakeFiles/cartographer.dir/cartographer/transform/transform_interpolation_buffer.cc.o[0m
[268.153s] [ 43%] [32mBuilding CXX object CMakeFiles/cartographer.dir/cartographer/common/proto/ceres_solver_options.pb.cc.o[0m
[271.247s] [ 44%] [32mBuilding CXX object CMakeFiles/cartographer.dir/cartographer/ground_truth/proto/relations.pb.cc.o[0m
[272.996s] [ 44%] [32mBuilding CXX object CMakeFiles/cartographer.dir/cartographer/mapping/proto/cell_limits_2d.pb.cc.o[0m
[274.376s] [ 44%] [32mBuilding CXX object CMakeFiles/cartographer.dir/cartographer/mapping/proto/connected_components.pb.cc.o[0m
[275.037s] [ 44%] [32mBuilding CXX object CMakeFiles/cartographer.dir/cartographer/mapping/proto/grid_2d.pb.cc.o[0m
[275.536s] [ 45%] [32mBuilding CXX object CMakeFiles/cartographer.dir/cartographer/mapping/proto/grid_2d_options.pb.cc.o[0m
[275.687s] [ 45%] [32mBuilding CXX object CMakeFiles/cartographer.dir/cartographer/mapping/proto/hybrid_grid.pb.cc.o[0m
[275.690s] [ 45%] [32mBuilding CXX object CMakeFiles/cartographer.dir/cartographer/mapping/proto/local_trajectory_builder_options_2d.pb.cc.o[0m
[276.289s] [ 45%] [32mBuilding CXX object CMakeFiles/cartographer.dir/cartographer/mapping/proto/local_trajectory_builder_options_3d.pb.cc.o[0m
[276.662s] [ 46%] [32mBuilding CXX object CMakeFiles/cartographer.dir/cartographer/mapping/proto/map_builder_options.pb.cc.o[0m
[282.664s] [ 46%] [32mBuilding CXX object CMakeFiles/cartographer.dir/cartographer/mapping/proto/range_data_inserter_options.pb.cc.o[0m
[282.675s] [ 46%] [32mBuilding CXX object CMakeFiles/cartographer.dir/cartographer/mapping/proto/probability_grid_range_data_inserter_options_2d.pb.cc.o[0m
[282.676s] [ 46%] [32mBuilding CXX object CMakeFiles/cartographer.dir/cartographer/mapping/proto/probability_grid.pb.cc.o[0m
[282.964s] [ 46%] [32mBuilding CXX object CMakeFiles/cartographer.dir/cartographer/mapping/proto/pose_graph/optimization_problem_options.pb.cc.o[0m
[282.972s] [ 47%] [32mBuilding CXX object CMakeFiles/cartographer.dir/cartographer/mapping/proto/pose_graph_options.pb.cc.o[0m
[283.757s] [ 48%] [32mBuilding CXX object CMakeFiles/cartographer.dir/cartographer/mapping/proto/range_data_inserter_options_3d.pb.cc.o[0m
[283.807s] [ 48%] [32mBuilding CXX object CMakeFiles/cartographer.dir/cartographer/mapping/proto/scan_matching/ceres_scan_matcher_options_2d.pb.cc.o[0m
[283.809s] [ 48%] [32mBuilding CXX object CMakeFiles/cartographer.dir/cartographer/mapping/proto/pose_graph/constraint_builder_options.pb.cc.o[0m
[284.197s] [ 48%] [32mBuilding CXX object CMakeFiles/cartographer.dir/cartographer/mapping/proto/pose_graph.pb.cc.o[0m
[285.249s] [ 48%] [32mBuilding CXX object CMakeFiles/cartographer.dir/cartographer/mapping/proto/scan_matching/ceres_scan_matcher_options_3d.pb.cc.o[0m
[285.250s] [ 49%] [32mBuilding CXX object CMakeFiles/cartographer.dir/cartographer/mapping/proto/pose_extrapolator_options.pb.cc.o[0m
[286.057s] [ 49%] [32mBuilding CXX object CMakeFiles/cartographer.dir/cartographer/mapping/proto/normal_estimation_options_2d.pb.cc.o[0m
[286.066s] [ 49%] [32mBuilding CXX object CMakeFiles/cartographer.dir/cartographer/mapping/proto/motion_filter_options.pb.cc.o[0m
[286.084s] [ 49%] [32mBuilding CXX object CMakeFiles/cartographer.dir/cartographer/mapping/proto/map_limits.pb.cc.o[0m
[286.735s] [ 49%] [32mBuilding CXX object CMakeFiles/cartographer.dir/cartographer/mapping/proto/scan_matching/fast_correlative_scan_matcher_options_2d.pb.cc.o[0m
[286.792s] [ 50%] [32mBuilding CXX object CMakeFiles/cartographer.dir/cartographer/mapping/proto/scan_matching/fast_correlative_scan_matcher_options_3d.pb.cc.o[0m
[286.802s] [ 50%] [32mBuilding CXX object CMakeFiles/cartographer.dir/cartographer/mapping/proto/scan_matching/real_time_correlative_scan_matcher_options.pb.cc.o[0m
[287.334s] [ 50%] [32mBuilding CXX object CMakeFiles/cartographer.dir/cartographer/mapping/proto/serialization.pb.cc.o[0m
[287.928s] [ 51%] [32mBuilding CXX object CMakeFiles/cartographer.dir/cartographer/mapping/proto/submap.pb.cc.o[0m
[288.168s] [ 51%] [32mBuilding CXX object CMakeFiles/cartographer.dir/cartographer/mapping/proto/submap_visualization.pb.cc.o[0m
[288.374s] [ 51%] [32mBuilding CXX object CMakeFiles/cartographer.dir/cartographer/mapping/proto/submaps_options_2d.pb.cc.o[0m
[288.436s] [ 51%] [32mBuilding CXX object CMakeFiles/cartographer.dir/cartographer/mapping/proto/submaps_options_3d.pb.cc.o[0m
[289.465s] [ 52%] [32mBuilding CXX object CMakeFiles/cartographer.dir/cartographer/mapping/proto/trajectory.pb.cc.o[0m
[290.686s] [ 52%] [32mBuilding CXX object CMakeFiles/cartographer.dir/cartographer/mapping/proto/trajectory_builder_options.pb.cc.o[0m
[290.867s] [ 52%] [32mBuilding CXX object CMakeFiles/cartographer.dir/cartographer/mapping/proto/trajectory_node_data.pb.cc.o[0m
[290.935s] [ 52%] [32mBuilding CXX object CMakeFiles/cartographer.dir/cartographer/mapping/proto/tsdf_2d.pb.cc.o[0m
[291.300s] [ 53%] [32mBuilding CXX object CMakeFiles/cartographer.dir/cartographer/mapping/proto/tsdf_range_data_inserter_options_2d.pb.cc.o[0m
[291.613s] [ 53%] [32mBuilding CXX object CMakeFiles/cartographer.dir/cartographer/sensor/proto/adaptive_voxel_filter_options.pb.cc.o[0m
[291.834s] [ 53%] [32mBuilding CXX object CMakeFiles/cartographer.dir/cartographer/sensor/proto/sensor.pb.cc.o[0m
[291.868s] [ 53%] [32mBuilding CXX object CMakeFiles/cartographer.dir/cartographer/transform/proto/timestamped_transform.pb.cc.o[0m
[292.124s] [ 54%] [32mBuilding CXX object CMakeFiles/cartographer.dir/cartographer/transform/proto/transform.pb.cc.o[0m
[301.891s] [ 54%] [32m[1mLinking CXX static library libcartographer.a[0m
[302.651s] [ 54%] Built target cartographer
[302.786s] [ 54%] [32mBuilding CXX object CMakeFiles/cartographer_autogenerate_ground_truth.dir/cartographer/ground_truth/autogenerate_ground_truth_main.cc.o[0m
[302.787s] [ 54%] [32mBuilding CXX object CMakeFiles/cartographer_print_configuration.dir/cartographer/common/print_configuration_main.cc.o[0m
[302.792s] [ 54%] [32mBuilding CXX object CMakeFiles/cartographer_pbstream.dir/cartographer/io/pbstream_main.cc.o[0m
[302.794s] [ 55%] [32mBuilding CXX object CMakeFiles/cartographer_test_library.dir/cartographer/io/fake_file_writer_test.cc.o[0m
[302.801s] [ 55%] [32mBuilding CXX object CMakeFiles/cartographer_test_library.dir/cartographer/io/fake_file_writer.cc.o[0m
[302.812s] [ 55%] [32mBuilding CXX object CMakeFiles/cartographer_compute_relations_metrics.dir/cartographer/ground_truth/compute_relations_metrics_main.cc.o[0m
[302.817s] [ 55%] [32mBuilding CXX object CMakeFiles/cartographer_test_library.dir/cartographer/io/internal/testing/test_helpers.cc.o[0m
[302.817s] [ 55%] [32mBuilding CXX object CMakeFiles/cartographer_test_library.dir/cartographer/mapping/internal/testing/test_helpers.cc.o[0m
[302.828s] [ 56%] [32mBuilding CXX object gmock/CMakeFiles/gmock.dir/src/gmock-all.cc.o[0m
[307.457s] [ 57%] [32m[1mLinking CXX executable cartographer_pbstream[0m
[308.894s] [ 57%] Built target cartographer_pbstream
[310.017s] [ 57%] [32m[1mLinking CXX executable cartographer_print_configuration[0m
[310.452s] [ 57%] Built target cartographer_print_configuration
[315.422s] [ 58%] [32m[1mLinking CXX executable cartographer_autogenerate_ground_truth[0m
[315.856s] [ 58%] [32m[1mLinking CXX static library ../lib/libgmock.a[0m
[316.053s] [ 58%] Built target gmock
[316.183s] [ 58%] [32mBuilding CXX object gmock/CMakeFiles/gmock_main.dir/src/gmock_main.cc.o[0m
[316.237s] [ 58%] Built target cartographer_autogenerate_ground_truth
[318.305s] [ 58%] [32m[1mLinking CXX executable cartographer_compute_relations_metrics[0m
[319.086s] [ 58%] Built target cartographer_compute_relations_metrics
[319.978s] [ 58%] [32m[1mLinking CXX static library libcartographer_test_library.a[0m
[320.134s] [ 58%] Built target cartographer_test_library
[320.777s] [ 58%] [32m[1mLinking CXX static library ../lib/libgmock_main.a[0m
[320.931s] [ 58%] Built target gmock_main
[321.080s] [ 59%] [32mBuilding CXX object CMakeFiles/cartographer.common.fixed_ratio_sampler_test.dir/cartographer/common/fixed_ratio_sampler_test.cc.o[0m
[321.082s] [ 59%] [32mBuilding CXX object CMakeFiles/cartographer.common.configuration_files_test.dir/cartographer/common/configuration_files_test.cc.o[0m
[321.088s] [ 60%] [32mBuilding CXX object CMakeFiles/cartographer.common.internal.rate_timer_test.dir/cartographer/common/internal/rate_timer_test.cc.o[0m
[321.102s] [ 60%] [32mBuilding CXX object CMakeFiles/cartographer.common.task_test.dir/cartographer/common/task_test.cc.o[0m
[321.111s] [ 60%] [32mBuilding CXX object CMakeFiles/cartographer.common.internal.blocking_queue_test.dir/cartographer/common/internal/blocking_queue_test.cc.o[0m
[321.126s] [ 60%] [32mBuilding CXX object CMakeFiles/cartographer.common.lua_parameter_dictionary_test.dir/cartographer/common/lua_parameter_dictionary_test.cc.o[0m
[321.126s] [ 60%] [32mBuilding CXX object CMakeFiles/cartographer.io.points_processor_pipeline_builder_test.dir/cartographer/io/points_processor_pipeline_builder_test.cc.o[0m
[321.130s] [ 60%] [32mBuilding CXX object CMakeFiles/cartographer.io.probability_grid_points_processor_test.dir/cartographer/io/probability_grid_points_processor_test.cc.o[0m
[321.139s] [ 61%] [32mBuilding CXX object CMakeFiles/cartographer.common.math_test.dir/cartographer/common/math_test.cc.o[0m
[321.140s] [ 62%] [32mBuilding CXX object CMakeFiles/cartographer.common.thread_pool_test.dir/cartographer/common/thread_pool_test.cc.o[0m
[321.140s] [ 62%] [32mBuilding CXX object CMakeFiles/cartographer.io.fake_file_writer_test.dir/cartographer/io/fake_file_writer_test.cc.o[0m
[321.147s] [ 63%] [32mBuilding CXX object CMakeFiles/cartographer.io.internal.in_memory_proto_stream_test.dir/cartographer/io/internal/in_memory_proto_stream_test.cc.o[0m
[321.148s] [ 63%] [32mBuilding CXX object CMakeFiles/cartographer.io.proto_stream_deserializer_test.dir/cartographer/io/proto_stream_deserializer_test.cc.o[0m
[322.237s] [ 63%] [32mBuilding CXX object CMakeFiles/cartographer.mapping.2d.map_limits_test.dir/cartographer/mapping/2d/map_limits_test.cc.o[0m
[322.245s] [ 63%] [32mBuilding CXX object CMakeFiles/cartographer.io.serialization_format_migration_test.dir/cartographer/io/serialization_format_migration_test.cc.o[0m
[322.306s] [ 63%] [32mBuilding CXX object CMakeFiles/cartographer.io.proto_stream_test.dir/cartographer/io/proto_stream_test.cc.o[0m
[332.294s] [ 63%] [32m[1mLinking CXX executable cartographer.common.fixed_ratio_sampler_test[0m
[333.084s] [ 63%] Built target cartographer.common.fixed_ratio_sampler_test
[333.357s] [ 63%] [32mBuilding CXX object CMakeFiles/cartographer.mapping.2d.probability_grid_test.dir/cartographer/mapping/2d/probability_grid_test.cc.o[0m
[334.084s] [ 63%] [32m[1mLinking CXX executable cartographer.common.thread_pool_test[0m
[334.438s] [ 63%] [32m[1mLinking CXX executable cartographer.io.proto_stream_test[0m
[334.471s] [ 63%] Built target cartographer.common.thread_pool_test
[334.529s] [ 63%] [32m[1mLinking CXX executable cartographer.io.fake_file_writer_test[0m
[334.600s] [ 63%] [32mBuilding CXX object CMakeFiles/cartographer.mapping.2d.range_data_inserter_2d_test.dir/cartographer/mapping/2d/range_data_inserter_2d_test.cc.o[0m
[334.858s] [ 63%] [32m[1mLinking CXX executable cartographer.common.math_test[0m
[334.883s] [ 63%] Built target cartographer.io.proto_stream_test
[335.043s] [ 63%] Built target cartographer.io.fake_file_writer_test
[335.055s] [ 63%] [32mBuilding CXX object CMakeFiles/cartographer.mapping.2d.submap_2d_test.dir/cartographer/mapping/2d/submap_2d_test.cc.o[0m
[335.168s] [ 63%] [32m[1mLinking CXX executable cartographer.io.internal.in_memory_proto_stream_test[0m
[335.318s] [ 63%] [32mBuilding CXX object CMakeFiles/cartographer.mapping.2d.xy_index_test.dir/cartographer/mapping/2d/xy_index_test.cc.o[0m
[335.398s] [ 63%] Built target cartographer.common.math_test
[335.517s] [ 63%] [32m[1mLinking CXX executable cartographer.common.internal.rate_timer_test[0m
[335.574s] [ 63%] [32mBuilding CXX object CMakeFiles/cartographer.mapping.3d.hybrid_grid_test.dir/cartographer/mapping/3d/hybrid_grid_test.cc.o[0m
[336.287s] [ 63%] Built target cartographer.io.internal.in_memory_proto_stream_test
[336.386s] [ 63%] Built target cartographer.common.internal.rate_timer_test
[336.536s] [ 63%] [32mBuilding CXX object CMakeFiles/cartographer.mapping.3d.range_data_inserter_3d_test.dir/cartographer/mapping/3d/range_data_inserter_3d_test.cc.o[0m
[336.616s] [ 63%] [32mBuilding CXX object CMakeFiles/cartographer.mapping.3d.submap_3d_test.dir/cartographer/mapping/3d/submap_3d_test.cc.o[0m
[337.433s] [ 63%] [32m[1mLinking CXX executable cartographer.common.internal.blocking_queue_test[0m
[338.132s] [ 63%] [32m[1mLinking CXX executable cartographer.common.task_test[0m
[338.225s] [ 63%] Built target cartographer.common.internal.blocking_queue_test
[338.231s] [ 64%] [32m[1mLinking CXX executable cartographer.io.proto_stream_deserializer_test[0m
[338.254s] [ 64%] [32m[1mLinking CXX executable cartographer.common.lua_parameter_dictionary_test[0m
[338.331s] [ 65%] [32m[1mLinking CXX executable cartographer.io.points_processor_pipeline_builder_test[0m
[338.424s] [ 65%] [32mBuilding CXX object CMakeFiles/cartographer.mapping.id_test.dir/cartographer/mapping/id_test.cc.o[0m
[338.826s] [ 65%] Built target cartographer.common.task_test
[338.991s] [ 65%] Built target cartographer.common.lua_parameter_dictionary_test
[338.999s] [ 65%] [32mBuilding CXX object CMakeFiles/cartographer.mapping.imu_tracker_test.dir/cartographer/mapping/imu_tracker_test.cc.o[0m
[339.194s] [ 65%] [32mBuilding CXX object CMakeFiles/cartographer.mapping.internal.2d.normal_estimation_2d_test.dir/cartographer/mapping/internal/2d/normal_estimation_2d_test.cc.o[0m
[339.404s] [ 65%] Built target cartographer.io.proto_stream_deserializer_test
[339.577s] [ 65%] Built target cartographer.io.points_processor_pipeline_builder_test
[339.724s] [ 66%] [32mBuilding CXX object CMakeFiles/cartographer.mapping.internal.2d.overlapping_submaps_trimmer_2d_test.dir/cartographer/mapping/internal/2d/overlapping_submaps_trimmer_2d_test.cc.o[0m
[339.897s] [ 66%] [32mBuilding CXX object CMakeFiles/cartographer.mapping.internal.2d.pose_graph_2d_test.dir/cartographer/mapping/internal/2d/pose_graph_2d_test.cc.o[0m
[340.002s] [ 66%] [32m[1mLinking CXX executable cartographer.common.configuration_files_test[0m
[340.213s] [ 66%] [32m[1mLinking CXX executable cartographer.mapping.2d.map_limits_test[0m
[341.622s] [ 66%] Built target cartographer.mapping.2d.map_limits_test
[341.866s] [ 67%] [32mBuilding CXX object CMakeFiles/cartographer.mapping.internal.2d.ray_to_pixel_mask_test.dir/cartographer/mapping/internal/2d/ray_to_pixel_mask_test.cc.o[0m
[342.018s] [ 67%] Built target cartographer.common.configuration_files_test
[347.841s] [ 68%] [32m[1mLinking CXX executable cartographer.io.serialization_format_migration_test[0m
[350.027s] [ 68%] [32m[1mLinking CXX executable cartographer.io.probability_grid_points_processor_test[0m
[350.059s] [ 68%] Built target cartographer.io.serialization_format_migration_test
[356.729s] [ 68%] Built target cartographer.io.probability_grid_points_processor_test
[361.419s] [ 69%] [32m[1mLinking CXX executable cartographer.mapping.imu_tracker_test[0m
[362.731s] [ 69%] Built target cartographer.mapping.imu_tracker_test
[367.551s] [ 69%] [32m[1mLinking CXX executable cartographer.mapping.2d.xy_index_test[0m
[368.528s] [ 69%] Built target cartographer.mapping.2d.xy_index_test
[375.124s] [ 69%] [32m[1mLinking CXX executable cartographer.mapping.id_test[0m
[375.962s] [ 69%] Built target cartographer.mapping.id_test
[379.485s] [ 69%] [32m[1mLinking CXX executable cartographer.mapping.internal.2d.ray_to_pixel_mask_test[0m
[380.162s] [ 69%] Built target cartographer.mapping.internal.2d.ray_to_pixel_mask_test
[380.274s] [ 69%] [32m[1mLinking CXX executable cartographer.mapping.internal.2d.normal_estimation_2d_test[0m
[380.871s] [ 69%] Built target cartographer.mapping.internal.2d.normal_estimation_2d_test
[381.270s] [ 70%] [32m[1mLinking CXX executable cartographer.mapping.2d.probability_grid_test[0m
[382.055s] [ 70%] Built target cartographer.mapping.2d.probability_grid_test
[384.823s] [ 70%] [32m[1mLinking CXX executable cartographer.mapping.2d.range_data_inserter_2d_test[0m
[385.591s] [ 70%] Built target cartographer.mapping.2d.range_data_inserter_2d_test
[386.991s] [ 71%] [32m[1mLinking CXX executable cartographer.mapping.3d.submap_3d_test[0m
[387.971s] [ 71%] Built target cartographer.mapping.3d.submap_3d_test
[388.793s] [ 72%] [32m[1mLinking CXX executable cartographer.mapping.2d.submap_2d_test[0m
[389.142s] [ 72%] [32m[1mLinking CXX executable cartographer.mapping.3d.range_data_inserter_3d_test[0m
[389.763s] [ 72%] [32m[1mLinking CXX executable cartographer.mapping.internal.2d.pose_graph_2d_test[0m
[389.801s] [ 72%] Built target cartographer.mapping.2d.submap_2d_test
[389.879s] [ 72%] Built target cartographer.mapping.3d.range_data_inserter_3d_test
[390.851s] [ 72%] [32m[1mLinking CXX executable cartographer.mapping.internal.2d.overlapping_submaps_trimmer_2d_test[0m
[391.363s] [ 72%] Built target cartographer.mapping.internal.2d.pose_graph_2d_test
[391.819s] [ 72%] Built target cartographer.mapping.internal.2d.overlapping_submaps_trimmer_2d_test
[394.471s] [ 73%] [32m[1mLinking CXX executable cartographer.mapping.3d.hybrid_grid_test[0m
[395.170s] [ 73%] Built target cartographer.mapping.3d.hybrid_grid_test
[395.370s] [ 73%] [32mBuilding CXX object CMakeFiles/cartographer.mapping.internal.3d.scan_matching.intensity_cost_function_3d_test.dir/cartographer/mapping/internal/3d/scan_matching/intensity_cost_function_3d_test.cc.o[0m
[402.450s] [ 73%] [32mBuilding CXX object CMakeFiles/cartographer.mapping.internal.3d.scan_matching.interpolated_grid_test.dir/cartographer/mapping/internal/3d/scan_matching/interpolated_grid_test.cc.o[0m
[403.501s] [ 73%] [32mBuilding CXX object CMakeFiles/cartographer.mapping.internal.3d.scan_matching.fast_correlative_scan_matcher_3d_test.dir/cartographer/mapping/internal/3d/scan_matching/fast_correlative_scan_matcher_3d_test.cc.o[0m
[404.598s] [ 73%] [32mBuilding CXX object CMakeFiles/cartographer.mapping.internal.3d.scan_matching.ceres_scan_matcher_3d_test.dir/cartographer/mapping/internal/3d/scan_matching/ceres_scan_matcher_3d_test.cc.o[0m
[405.672s] [ 74%] [32mBuilding CXX object CMakeFiles/cartographer.mapping.internal.3d.pose_graph_3d_test.dir/cartographer/mapping/internal/3d/pose_graph_3d_test.cc.o[0m
[406.755s] [ 74%] [32mBuilding CXX object CMakeFiles/cartographer.mapping.internal.3d.local_trajectory_builder_3d_test.dir/cartographer/mapping/internal/3d/local_trajectory_builder_3d_test.cc.o[0m
[406.812s] [ 75%] [32mBuilding CXX object CMakeFiles/cartographer.mapping.internal.2d.tsdf_range_data_inserter_2d_test.dir/cartographer/mapping/internal/2d/tsdf_range_data_inserter_2d_test.cc.o[0m
[406.834s] [ 75%] [32mBuilding CXX object CMakeFiles/cartographer.mapping.internal.2d.tsdf_2d_test.dir/cartographer/mapping/internal/2d/tsdf_2d_test.cc.o[0m
[406.880s] [ 76%] [32mBuilding CXX object CMakeFiles/cartographer.mapping.internal.2d.tsd_value_converter_test.dir/cartographer/mapping/internal/2d/tsd_value_converter_test.cc.o[0m
[406.887s] [ 77%] [32mBuilding CXX object CMakeFiles/cartographer.mapping.internal.2d.scan_matching.real_time_correlative_scan_matcher_2d_test.dir/cartographer/mapping/internal/2d/scan_matching/real_time_correlative_scan_matcher_2d_test.cc.o[0m
[406.893s] [ 77%] [32mBuilding CXX object CMakeFiles/cartographer.mapping.internal.2d.scan_matching.tsdf_match_cost_function_2d_test.dir/cartographer/mapping/internal/2d/scan_matching/tsdf_match_cost_function_2d_test.cc.o[0m
[407.969s] [ 77%] [32mBuilding CXX object CMakeFiles/cartographer.mapping.internal.2d.scan_matching.occupied_space_cost_function_2d_test.dir/cartographer/mapping/internal/2d/scan_matching/occupied_space_cost_function_2d_test.cc.o[0m
[407.973s] [ 77%] [32mBuilding CXX object CMakeFiles/cartographer.mapping.internal.2d.scan_matching.fast_correlative_scan_matcher_2d_test.dir/cartographer/mapping/internal/2d/scan_matching/fast_correlative_scan_matcher_2d_test.cc.o[0m
[407.981s] [ 78%] [32mBuilding CXX object CMakeFiles/cartographer.mapping.internal.2d.scan_matching.interpolated_tsdf_2d_test.dir/cartographer/mapping/internal/2d/scan_matching/interpolated_tsdf_2d_test.cc.o[0m
[409.192s] [ 79%] [32mBuilding CXX object CMakeFiles/cartographer.mapping.internal.2d.scan_matching.correlative_scan_matcher_test.dir/cartographer/mapping/internal/2d/scan_matching/correlative_scan_matcher_test.cc.o[0m
[409.201s] [ 79%] [32mBuilding CXX object CMakeFiles/cartographer.mapping.internal.2d.scan_matching.ceres_scan_matcher_2d_test.dir/cartographer/mapping/internal/2d/scan_matching/ceres_scan_matcher_2d_test.cc.o[0m
[428.449s] [ 79%] [32m[1mLinking CXX executable cartographer.mapping.internal.2d.tsd_value_converter_test[0m
[428.460s] [ 80%] [32m[1mLinking CXX executable cartographer.mapping.internal.3d.scan_matching.intensity_cost_function_3d_test[0m
[430.211s] [ 80%] Built target cartographer.mapping.internal.3d.scan_matching.intensity_cost_function_3d_test
[430.359s] [ 80%] Built target cartographer.mapping.internal.2d.tsd_value_converter_test
[440.430s] [ 80%] [32m[1mLinking CXX executable cartographer.mapping.internal.2d.scan_matching.correlative_scan_matcher_test[0m
[441.229s] [ 80%] Built target cartographer.mapping.internal.2d.scan_matching.correlative_scan_matcher_test
[441.366s] [ 80%] [32m[1mLinking CXX executable cartographer.mapping.internal.2d.scan_matching.interpolated_tsdf_2d_test[0m
[442.308s] [ 80%] Built target cartographer.mapping.internal.2d.scan_matching.interpolated_tsdf_2d_test
[442.445s] [ 80%] [32m[1mLinking CXX executable cartographer.mapping.internal.2d.scan_matching.occupied_space_cost_function_2d_test[0m
[443.578s] [ 80%] Built target cartographer.mapping.internal.2d.scan_matching.occupied_space_cost_function_2d_test
[443.974s] [ 80%] [32m[1mLinking CXX executable cartographer.mapping.internal.2d.tsdf_2d_test[0m
[444.716s] [ 80%] Built target cartographer.mapping.internal.2d.tsdf_2d_test
[444.725s] [ 80%] [32m[1mLinking CXX executable cartographer.mapping.internal.2d.scan_matching.ceres_scan_matcher_2d_test[0m
[445.550s] [ 80%] Built target cartographer.mapping.internal.2d.scan_matching.ceres_scan_matcher_2d_test
[445.875s] [ 80%] [32m[1mLinking CXX executable cartographer.mapping.internal.2d.scan_matching.real_time_correlative_scan_matcher_2d_test[0m
[446.732s] [ 80%] Built target cartographer.mapping.internal.2d.scan_matching.real_time_correlative_scan_matcher_2d_test
[447.423s] [ 80%] [32m[1mLinking CXX executable cartographer.mapping.internal.3d.scan_matching.interpolated_grid_test[0m
[447.528s] [ 80%] [32m[1mLinking CXX executable cartographer.mapping.internal.2d.tsdf_range_data_inserter_2d_test[0m
[448.088s] [ 80%] Built target cartographer.mapping.internal.3d.scan_matching.interpolated_grid_test
[448.253s] [ 80%] Built target cartographer.mapping.internal.2d.tsdf_range_data_inserter_2d_test
[453.663s] [ 80%] [32m[1mLinking CXX executable cartographer.mapping.internal.3d.local_trajectory_builder_3d_test[0m
[454.216s] [ 80%] [32m[1mLinking CXX executable cartographer.mapping.internal.2d.scan_matching.fast_correlative_scan_matcher_2d_test[0m
[454.889s] [ 80%] Built target cartographer.mapping.internal.3d.local_trajectory_builder_3d_test
[454.993s] [ 80%] [32m[1mLinking CXX executable cartographer.mapping.internal.2d.scan_matching.tsdf_match_cost_function_2d_test[0m
[455.019s] [ 80%] Built target cartographer.mapping.internal.2d.scan_matching.fast_correlative_scan_matcher_2d_test
[455.830s] [ 80%] Built target cartographer.mapping.internal.2d.scan_matching.tsdf_match_cost_function_2d_test
[461.249s] [ 81%] [32m[1mLinking CXX executable cartographer.mapping.internal.3d.scan_matching.ceres_scan_matcher_3d_test[0m
[461.968s] [ 81%] Built target cartographer.mapping.internal.3d.scan_matching.ceres_scan_matcher_3d_test
[463.106s] [ 81%] [32m[1mLinking CXX executable cartographer.mapping.internal.3d.pose_graph_3d_test[0m
[464.381s] [ 81%] Built target cartographer.mapping.internal.3d.pose_graph_3d_test
[467.546s] [ 81%] [32mBuilding CXX object CMakeFiles/cartographer.mapping.internal.trajectory_connectivity_state_test.dir/cartographer/mapping/internal/trajectory_connectivity_state_test.cc.o[0m
[467.546s] [ 82%] [32mBuilding CXX object CMakeFiles/cartographer.mapping.map_builder_test.dir/cartographer/mapping/map_builder_test.cc.o[0m
[467.548s] [ 82%] [32mBuilding CXX object CMakeFiles/cartographer.mapping.internal.range_data_collator_test.dir/cartographer/mapping/internal/range_data_collator_test.cc.o[0m
[468.625s] [ 82%] [32mBuilding CXX object CMakeFiles/cartographer.mapping.internal.optimization.optimization_problem_3d_test.dir/cartographer/mapping/internal/optimization/optimization_problem_3d_test.cc.o[0m
[468.625s] [ 82%] [32mBuilding CXX object CMakeFiles/cartographer.mapping.internal.optimization.cost_functions.landmark_cost_function_3d_test.dir/cartographer/mapping/internal/optimization/cost_functions/landmark_cost_function_3d_test.cc.o[0m
[468.647s] [ 82%] [32mBuilding CXX object CMakeFiles/cartographer.mapping.internal.optimization.cost_functions.spa_cost_function_2d_test.dir/cartographer/mapping/internal/optimization/cost_functions/spa_cost_function_2d_test.cc.o[0m
[469.695s] [ 82%] [32mBuilding CXX object CMakeFiles/cartographer.mapping.internal.motion_filter_test.dir/cartographer/mapping/internal/motion_filter_test.cc.o[0m
[469.695s] [ 82%] [32mBuilding CXX object CMakeFiles/cartographer.mapping.internal.optimization.cost_functions.landmark_cost_function_2d_test.dir/cartographer/mapping/internal/optimization/cost_functions/landmark_cost_function_2d_test.cc.o[0m
[469.703s] [ 82%] [32mBuilding CXX object CMakeFiles/cartographer.mapping.internal.constraints.constraint_builder_3d_test.dir/cartographer/mapping/internal/constraints/constraint_builder_3d_test.cc.o[0m
[470.317s] [ 82%] [32m[1mLinking CXX executable cartographer.mapping.internal.3d.scan_matching.fast_correlative_scan_matcher_3d_test[0m
[470.796s] [ 82%] [32mBuilding CXX object CMakeFiles/cartographer.mapping.internal.constraints.constraint_builder_2d_test.dir/cartographer/mapping/internal/constraints/constraint_builder_2d_test.cc.o[0m
[470.817s] [ 82%] [32mBuilding CXX object CMakeFiles/cartographer.mapping.internal.connected_components_test.dir/cartographer/mapping/internal/connected_components_test.cc.o[0m
[470.824s] [ 82%] [32mBuilding CXX object CMakeFiles/cartographer.mapping.internal.3d.scan_matching.rotational_scan_matcher_test.dir/cartographer/mapping/internal/3d/scan_matching/rotational_scan_matcher_test.cc.o[0m
[470.927s] [ 82%] [32mBuilding CXX object CMakeFiles/cartographer.mapping.internal.3d.scan_matching.rotation_delta_cost_functor_3d_test.dir/cartographer/mapping/internal/3d/scan_matching/rotation_delta_cost_functor_3d_test.cc.o[0m
[470.930s] [ 82%] [32mBuilding CXX object CMakeFiles/cartographer.mapping.internal.3d.scan_matching.precomputation_grid_3d_test.dir/cartographer/mapping/internal/3d/scan_matching/precomputation_grid_3d_test.cc.o[0m
[470.945s] [ 82%] [32mBuilding CXX object CMakeFiles/cartographer.mapping.internal.3d.scan_matching.real_time_correlative_scan_matcher_3d_test.dir/cartographer/mapping/internal/3d/scan_matching/real_time_correlative_scan_matcher_3d_test.cc.o[0m
[471.046s] [ 82%] Built target cartographer.mapping.internal.3d.scan_matching.fast_correlative_scan_matcher_3d_test
[471.259s] [ 82%] [32mBuilding CXX object CMakeFiles/cartographer.mapping.pose_extrapolator_test.dir/cartographer/mapping/pose_extrapolator_test.cc.o[0m
[493.281s] [ 83%] [32m[1mLinking CXX executable cartographer.mapping.internal.3d.scan_matching.rotation_delta_cost_functor_3d_test[0m
[494.427s] [ 83%] [32m[1mLinking CXX executable cartographer.mapping.internal.motion_filter_test[0m
[494.627s] [ 83%] Built target cartographer.mapping.internal.3d.scan_matching.rotation_delta_cost_functor_3d_test
[495.005s] [ 83%] [32m[1mLinking CXX executable cartographer.mapping.internal.3d.scan_matching.rotational_scan_matcher_test[0m
[495.163s] [ 83%] Built target cartographer.mapping.internal.motion_filter_test
[495.673s] [ 83%] Built target cartographer.mapping.internal.3d.scan_matching.rotational_scan_matcher_test
[497.845s] [ 84%] [32m[1mLinking CXX executable cartographer.mapping.internal.3d.scan_matching.precomputation_grid_3d_test[0m
[498.450s] [ 85%] [32m[1mLinking CXX executable cartographer.mapping.internal.range_data_collator_test[0m
[498.567s] [ 86%] [32m[1mLinking CXX executable cartographer.mapping.internal.connected_components_test[0m
[498.663s] [ 86%] Built target cartographer.mapping.internal.3d.scan_matching.precomputation_grid_3d_test
[499.088s] [ 86%] Built target cartographer.mapping.internal.range_data_collator_test
[499.314s] [ 86%] Built target cartographer.mapping.internal.connected_components_test
[500.926s] [ 86%] [32m[1mLinking CXX executable cartographer.mapping.internal.trajectory_connectivity_state_test[0m
[501.648s] [ 86%] Built target cartographer.mapping.internal.trajectory_connectivity_state_test
[506.055s] [ 86%] [32m[1mLinking CXX executable cartographer.mapping.internal.3d.scan_matching.real_time_correlative_scan_matcher_3d_test[0m
[506.256s] [ 86%] [32m[1mLinking CXX executable cartographer.mapping.pose_extrapolator_test[0m
[506.804s] [ 86%] Built target cartographer.mapping.internal.3d.scan_matching.real_time_correlative_scan_matcher_3d_test
[506.880s] [ 86%] Built target cartographer.mapping.pose_extrapolator_test
[507.335s] [ 86%] [32m[1mLinking CXX executable cartographer.mapping.internal.optimization.optimization_problem_3d_test[0m
[508.247s] [ 86%] Built target cartographer.mapping.internal.optimization.optimization_problem_3d_test
[508.602s] [ 86%] [32m[1mLinking CXX executable cartographer.mapping.internal.constraints.constraint_builder_2d_test[0m
[509.858s] [ 86%] Built target cartographer.mapping.internal.constraints.constraint_builder_2d_test
[511.263s] [ 87%] [32m[1mLinking CXX executable cartographer.mapping.internal.optimization.cost_functions.landmark_cost_function_2d_test[0m
[511.440s] [ 88%] [32m[1mLinking CXX executable cartographer.mapping.internal.optimization.cost_functions.spa_cost_function_2d_test[0m
[511.890s] [ 88%] Built target cartographer.mapping.internal.optimization.cost_functions.landmark_cost_function_2d_test
[511.994s] [ 89%] [32mBuilding CXX object CMakeFiles/cartographer.sensor.internal.voxel_filter_test.dir/cartographer/sensor/internal/voxel_filter_test.cc.o[0m
[512.020s] [ 89%] [32mBuilding CXX object CMakeFiles/cartographer.sensor.internal.trajectory_collator_test.dir/cartographer/sensor/internal/trajectory_collator_test.cc.o[0m
[512.084s] [ 89%] Built target cartographer.mapping.internal.optimization.cost_functions.spa_cost_function_2d_test
[512.232s] [ 89%] [32mBuilding CXX object CMakeFiles/cartographer.sensor.landmark_data_test.dir/cartographer/sensor/landmark_data_test.cc.o[0m
[512.238s] [ 90%] [32m[1mLinking CXX executable cartographer.mapping.internal.constraints.constraint_builder_3d_test[0m
[513.280s] [ 91%] [32mBuilding CXX object CMakeFiles/cartographer.sensor.map_by_time_test.dir/cartographer/sensor/map_by_time_test.cc.o[0m
[513.594s] [ 91%] Built target cartographer.mapping.internal.constraints.constraint_builder_3d_test
[513.698s] [ 91%] [32m[1mLinking CXX executable cartographer.mapping.internal.optimization.cost_functions.landmark_cost_function_3d_test[0m
[513.707s] [ 92%] [32mBuilding CXX object CMakeFiles/cartographer.sensor.internal.ordered_multi_queue_test.dir/cartographer/sensor/internal/ordered_multi_queue_test.cc.o[0m
[514.295s] [ 92%] Built target cartographer.mapping.internal.optimization.cost_functions.landmark_cost_function_3d_test
[514.390s] [ 92%] [32mBuilding CXX object CMakeFiles/cartographer.sensor.point_cloud_test.dir/cartographer/sensor/point_cloud_test.cc.o[0m
[514.420s] [ 92%] [32mBuilding CXX object CMakeFiles/cartographer.sensor.internal.collator_test.dir/cartographer/sensor/internal/collator_test.cc.o[0m
[515.491s] [ 92%] [32mBuilding CXX object CMakeFiles/cartographer.sensor.range_data_test.dir/cartographer/sensor/range_data_test.cc.o[0m
[516.571s] [ 93%] [32mBuilding CXX object CMakeFiles/cartographer.sensor.compressed_point_cloud_test.dir/cartographer/sensor/compressed_point_cloud_test.cc.o[0m
[517.656s] [ 93%] [32mBuilding CXX object CMakeFiles/cartographer.mapping.value_conversion_tables_test.dir/cartographer/mapping/value_conversion_tables_test.cc.o[0m
[517.671s] [ 94%] [32mBuilding CXX object CMakeFiles/cartographer.mapping.trajectory_node_test.dir/cartographer/mapping/trajectory_node_test.cc.o[0m
[518.795s] [ 95%] [32mBuilding CXX object CMakeFiles/cartographer.mapping.probability_values_test.dir/cartographer/mapping/probability_values_test.cc.o[0m
[518.800s] [ 95%] [32mBuilding CXX object CMakeFiles/cartographer.mapping.submaps_test.dir/cartographer/mapping/submaps_test.cc.o[0m
[519.958s] [ 95%] [32mBuilding CXX object CMakeFiles/cartographer.mapping.pose_graph_trimmer_test.dir/cartographer/mapping/pose_graph_trimmer_test.cc.o[0m
[519.983s] [ 96%] [32mBuilding CXX object CMakeFiles/cartographer.mapping.pose_graph_test.dir/cartographer/mapping/pose_graph_test.cc.o[0m
[523.024s] [ 96%] [32m[1mLinking CXX executable cartographer.mapping.map_builder_test[0m
[525.152s] [ 96%] Built target cartographer.mapping.map_builder_test
[525.505s] [ 96%] [32mBuilding CXX object CMakeFiles/cartographer.transform.rigid_transform_test.dir/cartographer/transform/rigid_transform_test.cc.o[0m
[528.530s] [ 96%] [32m[1mLinking CXX executable cartographer.mapping.value_conversion_tables_test[0m
[529.596s] [ 96%] Built target cartographer.mapping.value_conversion_tables_test
[529.849s] [ 96%] [32m[1mLinking CXX executable cartographer.sensor.map_by_time_test[0m
[530.706s] [ 96%] Built target cartographer.sensor.map_by_time_test
[536.450s] [ 96%] [32m[1mLinking CXX executable cartographer.mapping.probability_values_test[0m
[537.433s] [ 96%] Built target cartographer.mapping.probability_values_test
[541.692s] [ 96%] [32m[1mLinking CXX executable cartographer.sensor.internal.ordered_multi_queue_test[0m
[541.990s] [ 96%] [32m[1mLinking CXX executable cartographer.sensor.internal.voxel_filter_test[0m
[542.403s] [ 96%] Built target cartographer.sensor.internal.ordered_multi_queue_test
[542.924s] [ 96%] Built target cartographer.sensor.internal.voxel_filter_test
[544.090s] [ 96%] [32m[1mLinking CXX executable cartographer.mapping.submaps_test[0m
[544.638s] [ 96%] Built target cartographer.mapping.submaps_test
[544.959s] [ 96%] [32m[1mLinking CXX executable cartographer.sensor.compressed_point_cloud_test[0m
[545.328s] [ 96%] [32m[1mLinking CXX executable cartographer.mapping.pose_graph_trimmer_test[0m
[545.768s] [ 96%] Built target cartographer.sensor.compressed_point_cloud_test
[546.015s] [ 96%] Built target cartographer.mapping.pose_graph_trimmer_test
[546.321s] [ 96%] [32m[1mLinking CXX executable cartographer.sensor.range_data_test[0m
[546.925s] [ 96%] Built target cartographer.sensor.range_data_test
[547.013s] [ 96%] [32m[1mLinking CXX executable cartographer.mapping.pose_graph_test[0m
[547.785s] [ 96%] [32m[1mLinking CXX executable cartographer.mapping.trajectory_node_test[0m
[548.310s] [ 96%] Built target cartographer.mapping.pose_graph_test
[548.478s] [ 96%] Built target cartographer.mapping.trajectory_node_test
[549.855s] [ 96%] [32m[1mLinking CXX executable cartographer.sensor.internal.trajectory_collator_test[0m
[550.454s] [ 96%] Built target cartographer.sensor.internal.trajectory_collator_test
[551.307s] [ 97%] [32m[1mLinking CXX executable cartographer.sensor.point_cloud_test[0m
[551.837s] [ 97%] Built target cartographer.sensor.point_cloud_test
[551.961s] [ 97%] [32mBuilding CXX object CMakeFiles/cartographer.transform.transform_test.dir/cartographer/transform/transform_test.cc.o[0m
[556.473s] [ 97%] [32m[1mLinking CXX executable cartographer.sensor.internal.collator_test[0m
[557.019s] [ 97%] Built target cartographer.sensor.internal.collator_test
[557.146s] [ 97%] [32mBuilding CXX object CMakeFiles/cartographer.transform.transform_interpolation_buffer_test.dir/cartographer/transform/transform_interpolation_buffer_test.cc.o[0m
[557.147s] [ 97%] [32mBuilding CXX object CMakeFiles/cartographer.transform.timestamped_transform_test.dir/cartographer/transform/timestamped_transform_test.cc.o[0m
[559.237s] [ 97%] [32m[1mLinking CXX executable cartographer.sensor.landmark_data_test[0m
[559.928s] [ 97%] Built target cartographer.sensor.landmark_data_test
[569.505s] [ 98%] [32m[1mLinking CXX executable cartographer.transform.rigid_transform_test[0m
[570.090s] [ 98%] Built target cartographer.transform.rigid_transform_test
[573.362s] [ 98%] [32m[1mLinking CXX executable cartographer.transform.transform_test[0m
[574.040s] [ 98%] Built target cartographer.transform.transform_test
[575.242s] [ 98%] [32m[1mLinking CXX executable cartographer.transform.timestamped_transform_test[0m
[575.894s] [ 98%] Built target cartographer.transform.timestamped_transform_test
[577.972s] [100%] [32m[1mLinking CXX executable cartographer.transform.transform_interpolation_buffer_test[0m
[578.613s] [100%] Built target cartographer.transform.transform_interpolation_buffer_test
[579.288s] Invoked command in '/home/misaka/fishbot/build/cartographer' returned '0': CMAKE_PREFIX_PATH=/opt/ros/humble /usr/bin/cmake --build /home/misaka/fishbot/build/cartographer -- -j16 -l16
[586.196s] Invoking command in '/home/misaka/fishbot/build/cartographer': CMAKE_PREFIX_PATH=/opt/ros/humble /usr/bin/cmake --install /home/misaka/fishbot/build/cartographer
[586.225s] -- Install configuration: "Release"
[586.226s] -- Installing: /home/misaka/fishbot/install/cartographer/share/cartographer/package.xml
[586.230s] -- Installing: /home/misaka/fishbot/install/cartographer/share/cartographer//configuration_files
[586.231s] -- Installing: /home/misaka/fishbot/install/cartographer/share/cartographer//configuration_files/map_builder_server.lua
[586.233s] -- Installing: /home/misaka/fishbot/install/cartographer/share/cartographer//configuration_files/trajectory_builder.lua
[586.233s] -- Installing: /home/misaka/fishbot/install/cartographer/share/cartographer//configuration_files/trajectory_builder_2d.lua
[586.234s] -- Installing: /home/misaka/fishbot/install/cartographer/share/cartographer//configuration_files/pose_graph.lua
[586.235s] -- Installing: /home/misaka/fishbot/install/cartographer/share/cartographer//configuration_files/map_builder.lua
[586.235s] -- Installing: /home/misaka/fishbot/install/cartographer/share/cartographer//configuration_files/trajectory_builder_3d.lua
[586.236s] -- Installing: /home/misaka/fishbot/install/cartographer/share/cartographer//cmake
[586.236s] -- Installing: /home/misaka/fishbot/install/cartographer/share/cartographer//cmake/modules
[586.237s] -- Installing: /home/misaka/fishbot/install/cartographer/share/cartographer//cmake/modules/FindGMock.cmake
[586.239s] -- Installing: /home/misaka/fishbot/install/cartographer/share/cartographer//cmake/modules/FindEigen3.cmake
[586.240s] -- Installing: /home/misaka/fishbot/install/cartographer/share/cartographer//cmake/modules/FindLuaGoogle.cmake
[586.240s] -- Installing: /home/misaka/fishbot/install/cartographer/share/cartographer//cmake/modules/FindSphinx.cmake
[586.240s] -- Installing: /home/misaka/fishbot/install/cartographer/share/cartographer//cmake/functions.cmake
[586.240s] -- Installing: /home/misaka/fishbot/install/cartographer/bin/cartographer_autogenerate_ground_truth
[586.255s] -- Installing: /home/misaka/fishbot/install/cartographer/bin/cartographer_compute_relations_metrics
[586.272s] -- Installing: /home/misaka/fishbot/install/cartographer/bin/cartographer_pbstream
[586.309s] -- Installing: /home/misaka/fishbot/install/cartographer/bin/cartographer_print_configuration
[586.314s] -- Installing: /home/misaka/fishbot/install/cartographer/lib/libcartographer.a
[586.379s] -- Installing: /home/misaka/fishbot/install/cartographer/include/cartographer/common/configuration_file_resolver.h
[586.380s] -- Installing: /home/misaka/fishbot/install/cartographer/include/cartographer/common/fixed_ratio_sampler.h
[586.381s] -- Installing: /home/misaka/fishbot/install/cartographer/include/cartographer/common/histogram.h
[586.382s] -- Installing: /home/misaka/fishbot/install/cartographer/include/cartographer/common/lua.h
[586.383s] -- Installing: /home/misaka/fishbot/install/cartographer/include/cartographer/common/lua_parameter_dictionary.h
[586.383s] -- Installing: /home/misaka/fishbot/install/cartographer/include/cartographer/common/math.h
[586.384s] -- Installing: /home/misaka/fishbot/install/cartographer/include/cartographer/common/port.h
[586.384s] -- Installing: /home/misaka/fishbot/install/cartographer/include/cartographer/common/task.h
[586.386s] -- Installing: /home/misaka/fishbot/install/cartographer/include/cartographer/common/thread_pool.h
[586.387s] -- Installing: /home/misaka/fishbot/install/cartographer/include/cartographer/common/time.h
[586.389s] -- Installing: /home/misaka/fishbot/install/cartographer/include/cartographer/ground_truth/autogenerate_ground_truth.h
[586.389s] -- Installing: /home/misaka/fishbot/install/cartographer/include/cartographer/ground_truth/relations_text_file.h
[586.392s] -- Installing: /home/misaka/fishbot/install/cartographer/include/cartographer/io/color.h
[586.393s] -- Installing: /home/misaka/fishbot/install/cartographer/include/cartographer/io/coloring_points_processor.h
[586.395s] -- Installing: /home/misaka/fishbot/install/cartographer/include/cartographer/io/counting_points_processor.h
[586.396s] -- Installing: /home/misaka/fishbot/install/cartographer/include/cartographer/io/draw_trajectories.h
[586.398s] -- Installing: /home/misaka/fishbot/install/cartographer/include/cartographer/io/file_writer.h
[586.401s] -- Installing: /home/misaka/fishbot/install/cartographer/include/cartographer/io/fixed_ratio_sampling_points_processor.h
[586.403s] -- Installing: /home/misaka/fishbot/install/cartographer/include/cartographer/io/frame_id_filtering_points_processor.h
[586.405s] -- Installing: /home/misaka/fishbot/install/cartographer/include/cartographer/io/hybrid_grid_points_processor.h
[586.408s] -- Installing: /home/misaka/fishbot/install/cartographer/include/cartographer/io/image.h
[586.409s] -- Installing: /home/misaka/fishbot/install/cartographer/include/cartographer/io/intensity_to_color_points_processor.h
[586.413s] -- Installing: /home/misaka/fishbot/install/cartographer/include/cartographer/io/min_max_range_filtering_points_processor.h
[586.415s] -- Installing: /home/misaka/fishbot/install/cartographer/include/cartographer/io/null_points_processor.h
[586.417s] -- Installing: /home/misaka/fishbot/install/cartographer/include/cartographer/io/outlier_removing_points_processor.h
[586.419s] -- Installing: /home/misaka/fishbot/install/cartographer/include/cartographer/io/pcd_writing_points_processor.h
[586.420s] -- Installing: /home/misaka/fishbot/install/cartographer/include/cartographer/io/ply_writing_points_processor.h
[586.421s] -- Installing: /home/misaka/fishbot/install/cartographer/include/cartographer/io/points_batch.h
[586.423s] -- Installing: /home/misaka/fishbot/install/cartographer/include/cartographer/io/points_processor.h
[586.425s] -- Installing: /home/misaka/fishbot/install/cartographer/include/cartographer/io/points_processor_pipeline_builder.h
[586.427s] -- Installing: /home/misaka/fishbot/install/cartographer/include/cartographer/io/probability_grid_points_processor.h
[586.428s] -- Installing: /home/misaka/fishbot/install/cartographer/include/cartographer/io/proto_stream.h
[586.430s] -- Installing: /home/misaka/fishbot/install/cartographer/include/cartographer/io/proto_stream_deserializer.h
[586.432s] -- Installing: /home/misaka/fishbot/install/cartographer/include/cartographer/io/proto_stream_interface.h
[586.433s] -- Installing: /home/misaka/fishbot/install/cartographer/include/cartographer/io/serialization_format_migration.h
[586.435s] -- Installing: /home/misaka/fishbot/install/cartographer/include/cartographer/io/submap_painter.h
[586.436s] -- Installing: /home/misaka/fishbot/install/cartographer/include/cartographer/io/vertical_range_filtering_points_processor.h
[586.439s] -- Installing: /home/misaka/fishbot/install/cartographer/include/cartographer/io/xray_points_processor.h
[586.440s] -- Installing: /home/misaka/fishbot/install/cartographer/include/cartographer/io/xyz_writing_points_processor.h
[586.441s] -- Installing: /home/misaka/fishbot/install/cartographer/include/cartographer/mapping/2d/grid_2d.h
[586.442s] -- Installing: /home/misaka/fishbot/install/cartographer/include/cartographer/mapping/2d/map_limits.h
[586.444s] -- Installing: /home/misaka/fishbot/install/cartographer/include/cartographer/mapping/2d/probability_grid.h
[586.446s] -- Installing: /home/misaka/fishbot/install/cartographer/include/cartographer/mapping/2d/probability_grid_range_data_inserter_2d.h
[586.447s] -- Installing: /home/misaka/fishbot/install/cartographer/include/cartographer/mapping/2d/submap_2d.h
[586.450s] -- Installing: /home/misaka/fishbot/install/cartographer/include/cartographer/mapping/2d/xy_index.h
[586.453s] -- Installing: /home/misaka/fishbot/install/cartographer/include/cartographer/mapping/3d/hybrid_grid.h
[586.456s] -- Installing: /home/misaka/fishbot/install/cartographer/include/cartographer/mapping/3d/range_data_inserter_3d.h
[586.457s] -- Installing: /home/misaka/fishbot/install/cartographer/include/cartographer/mapping/3d/submap_3d.h
[586.459s] -- Installing: /home/misaka/fishbot/install/cartographer/include/cartographer/mapping/detect_floors.h
[586.460s] -- Installing: /home/misaka/fishbot/install/cartographer/include/cartographer/mapping/grid_interface.h
[586.461s] -- Installing: /home/misaka/fishbot/install/cartographer/include/cartographer/mapping/id.h
[586.462s] -- Installing: /home/misaka/fishbot/install/cartographer/include/cartographer/mapping/imu_tracker.h
[586.464s] -- Installing: /home/misaka/fishbot/install/cartographer/include/cartographer/mapping/map_builder.h
[586.467s] -- Installing: /home/misaka/fishbot/install/cartographer/include/cartographer/mapping/map_builder_interface.h
[586.471s] -- Installing: /home/misaka/fishbot/install/cartographer/include/cartographer/mapping/pose_extrapolator.h
[586.471s] -- Installing: /home/misaka/fishbot/install/cartographer/include/cartographer/mapping/pose_extrapolator_interface.h
[586.473s] -- Installing: /home/misaka/fishbot/install/cartographer/include/cartographer/mapping/pose_graph.h
[586.474s] -- Installing: /home/misaka/fishbot/install/cartographer/include/cartographer/mapping/pose_graph_interface.h
[586.475s] -- Installing: /home/misaka/fishbot/install/cartographer/include/cartographer/mapping/pose_graph_trimmer.h
[586.476s] -- Installing: /home/misaka/fishbot/install/cartographer/include/cartographer/mapping/probability_values.h
[586.478s] -- Installing: /home/misaka/fishbot/install/cartographer/include/cartographer/mapping/range_data_inserter_interface.h
[586.478s] -- Installing: /home/misaka/fishbot/install/cartographer/include/cartographer/mapping/submaps.h
[586.481s] -- Installing: /home/misaka/fishbot/install/cartographer/include/cartographer/mapping/trajectory_builder_interface.h
[586.484s] -- Installing: /home/misaka/fishbot/install/cartographer/include/cartographer/mapping/trajectory_node.h
[586.488s] -- Installing: /home/misaka/fishbot/install/cartographer/include/cartographer/mapping/value_conversion_tables.h
[586.491s] -- Installing: /home/misaka/fishbot/install/cartographer/include/cartographer/metrics/counter.h
[586.491s] -- Installing: /home/misaka/fishbot/install/cartographer/include/cartographer/metrics/family_factory.h
[586.492s] -- Installing: /home/misaka/fishbot/install/cartographer/include/cartographer/metrics/gauge.h
[586.492s] -- Installing: /home/misaka/fishbot/install/cartographer/include/cartographer/metrics/histogram.h
[586.493s] -- Installing: /home/misaka/fishbot/install/cartographer/include/cartographer/metrics/register.h
[586.494s] -- Installing: /home/misaka/fishbot/install/cartographer/include/cartographer/sensor/collator_interface.h
[586.495s] -- Installing: /home/misaka/fishbot/install/cartographer/include/cartographer/sensor/compressed_point_cloud.h
[586.496s] -- Installing: /home/misaka/fishbot/install/cartographer/include/cartographer/sensor/data.h
[586.496s] -- Installing: /home/misaka/fishbot/install/cartographer/include/cartographer/sensor/fixed_frame_pose_data.h
[586.498s] -- Installing: /home/misaka/fishbot/install/cartographer/include/cartographer/sensor/imu_data.h
[586.498s] -- Installing: /home/misaka/fishbot/install/cartographer/include/cartographer/sensor/landmark_data.h
[586.498s] -- Installing: /home/misaka/fishbot/install/cartographer/include/cartographer/sensor/map_by_time.h
[586.498s] -- Installing: /home/misaka/fishbot/install/cartographer/include/cartographer/sensor/odometry_data.h
[586.498s] -- Installing: /home/misaka/fishbot/install/cartographer/include/cartographer/sensor/point_cloud.h
[586.501s] -- Installing: /home/misaka/fishbot/install/cartographer/include/cartographer/sensor/range_data.h
[586.502s] -- Installing: /home/misaka/fishbot/install/cartographer/include/cartographer/sensor/rangefinder_point.h
[586.504s] -- Installing: /home/misaka/fishbot/install/cartographer/include/cartographer/sensor/timed_point_cloud_data.h
[586.505s] -- Installing: /home/misaka/fishbot/install/cartographer/include/cartographer/transform/rigid_transform.h
[586.506s] -- Installing: /home/misaka/fishbot/install/cartographer/include/cartographer/transform/timestamped_transform.h
[586.506s] -- Installing: /home/misaka/fishbot/install/cartographer/include/cartographer/transform/transform.h
[586.508s] -- Installing: /home/misaka/fishbot/install/cartographer/include/cartographer/transform/transform_interpolation_buffer.h
[586.508s] -- Installing: /home/misaka/fishbot/install/cartographer/include/cartographer/io/fake_file_writer.h
[586.510s] -- Installing: /home/misaka/fishbot/install/cartographer/include/cartographer/transform/rigid_transform_test_helpers.h
[586.512s] -- Installing: /home/misaka/fishbot/install/cartographer/include/cartographer/common/proto/ceres_solver_options.pb.h
[586.513s] -- Installing: /home/misaka/fishbot/install/cartographer/include/cartographer/ground_truth/proto/relations.pb.h
[586.515s] -- Installing: /home/misaka/fishbot/install/cartographer/include/cartographer/mapping/proto/cell_limits_2d.pb.h
[586.517s] -- Installing: /home/misaka/fishbot/install/cartographer/include/cartographer/mapping/proto/connected_components.pb.h
[586.521s] -- Installing: /home/misaka/fishbot/install/cartographer/include/cartographer/mapping/proto/grid_2d.pb.h
[586.524s] -- Installing: /home/misaka/fishbot/install/cartographer/include/cartographer/mapping/proto/grid_2d_options.pb.h
[586.524s] -- Installing: /home/misaka/fishbot/install/cartographer/include/cartographer/mapping/proto/hybrid_grid.pb.h
[586.525s] -- Installing: /home/misaka/fishbot/install/cartographer/include/cartographer/mapping/proto/local_trajectory_builder_options_2d.pb.h
[586.526s] -- Installing: /home/misaka/fishbot/install/cartographer/include/cartographer/mapping/proto/local_trajectory_builder_options_3d.pb.h
[586.527s] -- Installing: /home/misaka/fishbot/install/cartographer/include/cartographer/mapping/proto/map_builder_options.pb.h
[586.529s] -- Installing: /home/misaka/fishbot/install/cartographer/include/cartographer/mapping/proto/map_limits.pb.h
[586.531s] -- Installing: /home/misaka/fishbot/install/cartographer/include/cartographer/mapping/proto/motion_filter_options.pb.h
[586.532s] -- Installing: /home/misaka/fishbot/install/cartographer/include/cartographer/mapping/proto/normal_estimation_options_2d.pb.h
[586.532s] -- Installing: /home/misaka/fishbot/install/cartographer/include/cartographer/mapping/proto/pose_extrapolator_options.pb.h
[586.534s] -- Installing: /home/misaka/fishbot/install/cartographer/include/cartographer/mapping/proto/pose_graph.pb.h
[586.539s] -- Installing: /home/misaka/fishbot/install/cartographer/include/cartographer/mapping/proto/pose_graph/constraint_builder_options.pb.h
[586.540s] -- Installing: /home/misaka/fishbot/install/cartographer/include/cartographer/mapping/proto/pose_graph/optimization_problem_options.pb.h
[586.541s] -- Installing: /home/misaka/fishbot/install/cartographer/include/cartographer/mapping/proto/pose_graph_options.pb.h
[586.542s] -- Installing: /home/misaka/fishbot/install/cartographer/include/cartographer/mapping/proto/probability_grid.pb.h
[586.543s] -- Installing: /home/misaka/fishbot/install/cartographer/include/cartographer/mapping/proto/probability_grid_range_data_inserter_options_2d.pb.h
[586.544s] -- Installing: /home/misaka/fishbot/install/cartographer/include/cartographer/mapping/proto/range_data_inserter_options.pb.h
[586.545s] -- Installing: /home/misaka/fishbot/install/cartographer/include/cartographer/mapping/proto/range_data_inserter_options_3d.pb.h
[586.546s] -- Installing: /home/misaka/fishbot/install/cartographer/include/cartographer/mapping/proto/scan_matching/ceres_scan_matcher_options_2d.pb.h
[586.547s] -- Installing: /home/misaka/fishbot/install/cartographer/include/cartographer/mapping/proto/scan_matching/ceres_scan_matcher_options_3d.pb.h
[586.549s] -- Installing: /home/misaka/fishbot/install/cartographer/include/cartographer/mapping/proto/scan_matching/fast_correlative_scan_matcher_options_2d.pb.h
[586.550s] -- Installing: /home/misaka/fishbot/install/cartographer/include/cartographer/mapping/proto/scan_matching/fast_correlative_scan_matcher_options_3d.pb.h
[586.550s] -- Installing: /home/misaka/fishbot/install/cartographer/include/cartographer/mapping/proto/scan_matching/real_time_correlative_scan_matcher_options.pb.h
[586.552s] -- Installing: /home/misaka/fishbot/install/cartographer/include/cartographer/mapping/proto/serialization.pb.h
[586.554s] -- Installing: /home/misaka/fishbot/install/cartographer/include/cartographer/mapping/proto/submap.pb.h
[586.555s] -- Installing: /home/misaka/fishbot/install/cartographer/include/cartographer/mapping/proto/submap_visualization.pb.h
[586.557s] -- Installing: /home/misaka/fishbot/install/cartographer/include/cartographer/mapping/proto/submaps_options_2d.pb.h
[586.558s] -- Installing: /home/misaka/fishbot/install/cartographer/include/cartographer/mapping/proto/submaps_options_3d.pb.h
[586.559s] -- Installing: /home/misaka/fishbot/install/cartographer/include/cartographer/mapping/proto/trajectory.pb.h
[586.561s] -- Installing: /home/misaka/fishbot/install/cartographer/include/cartographer/mapping/proto/trajectory_builder_options.pb.h
[586.561s] -- Installing: /home/misaka/fishbot/install/cartographer/include/cartographer/mapping/proto/trajectory_node_data.pb.h
[586.561s] -- Installing: /home/misaka/fishbot/install/cartographer/include/cartographer/mapping/proto/tsdf_2d.pb.h
[586.562s] -- Installing: /home/misaka/fishbot/install/cartographer/include/cartographer/mapping/proto/tsdf_range_data_inserter_options_2d.pb.h
[586.562s] -- Installing: /home/misaka/fishbot/install/cartographer/include/cartographer/sensor/proto/adaptive_voxel_filter_options.pb.h
[586.564s] -- Installing: /home/misaka/fishbot/install/cartographer/include/cartographer/sensor/proto/sensor.pb.h
[586.564s] -- Installing: /home/misaka/fishbot/install/cartographer/include/cartographer/transform/proto/timestamped_transform.pb.h
[586.565s] -- Installing: /home/misaka/fishbot/install/cartographer/include/cartographer/transform/proto/transform.pb.h
[586.569s] -- Installing: /home/misaka/fishbot/install/cartographer/share/cartographer/cmake/CartographerTargets.cmake
[586.570s] -- Installing: /home/misaka/fishbot/install/cartographer/share/cartographer/cmake/CartographerTargets-release.cmake
[586.572s] -- Installing: /home/misaka/fishbot/install/cartographer/share/cartographer/cartographer-config.cmake
[586.596s] Invoked command in '/home/misaka/fishbot/build/cartographer' returned '0': CMAKE_PREFIX_PATH=/opt/ros/humble /usr/bin/cmake --install /home/misaka/fishbot/build/cartographer
