[0.106s] Invoking command in '/home/misaka/fishbot/build/cartographer': CMAKE_PREFIX_PATH=/opt/ros/humble /usr/bin/cmake --build /home/misaka/fishbot/build/cartographer -- -j16 -l16
[0.556s] [  0%] Built target cartographer_detect_changes
[0.648s] [  0%] [34m[1mBuilding documentation.[0m
[3.001s] [01mRunning Sphinx v4.3.2[39;49;00m
[3.994s] [01mloading pickled environment... [39;49;00mdone
[4.019s] [01mbuilding [mo]: [39;49;00mtargets for 0 po files that are out of date
[4.032s] [01mbuilding [html]: [39;49;00mtargets for 0 source files that are out of date
[4.035s] [01mupdating environment: [39;49;00m0 added, 0 changed, 0 removed
[4.036s] [01mlooking for now-outdated files... [39;49;00mnone found
[4.037s] [01mno targets are out of date.[39;49;00m
[4.038s] [01mbuild succeeded.[39;49;00m
[4.038s] 
[4.038s] The HTML pages are in html.
[4.389s] [  0%] Built target build_doc
[4.531s] [  1%] Built target gtest
[5.663s] [ 54%] Built target cartographer
[5.791s] [ 55%] Built target gmock
[5.972s] [ 56%] Built target cartographer_test_library
[6.114s] [ 56%] Built target gmock_main
[6.141s] [ 56%] Built target cartographer_print_configuration
[6.241s] [ 57%] Built target cartographer_pbstream
[6.306s] [ 57%] Built target cartographer.io.probability_grid_points_processor_test
[6.382s] [ 58%] Built target cartographer.io.proto_stream_deserializer_test
[6.456s] [ 59%] Built target cartographer.io.points_processor_pipeline_builder_test
[6.456s] [ 59%] Built target cartographer.io.proto_stream_test
[6.536s] [ 60%] Built target cartographer.io.serialization_format_migration_test
[6.599s] [ 61%] Built target cartographer.io.internal.in_memory_proto_stream_test
[6.610s] [ 61%] Built target cartographer.mapping.2d.map_limits_test
[6.688s] [ 61%] Built target cartographer.mapping.2d.range_data_inserter_2d_test
[6.758s] [ 61%] Built target cartographer.mapping.2d.xy_index_test
[6.763s] [ 62%] Built target cartographer.mapping.2d.submap_2d_test
[6.840s] [ 63%] Built target cartographer.mapping.3d.hybrid_grid_test
[6.916s] [ 63%] Built target cartographer.mapping.3d.range_data_inserter_3d_test
[6.921s] [ 64%] Built target cartographer.mapping.3d.submap_3d_test
[6.983s] [ 64%] Built target cartographer.mapping.id_test
[7.072s] [ 64%] Built target cartographer.mapping.internal.2d.normal_estimation_2d_test
[7.074s] [ 65%] Built target cartographer.mapping.imu_tracker_test
[7.134s] [ 66%] Built target cartographer.mapping.internal.2d.overlapping_submaps_trimmer_2d_test
[7.214s] [ 66%] Built target cartographer.mapping.internal.2d.pose_graph_2d_test
[7.227s] [ 67%] Built target cartographer.mapping.internal.2d.ray_to_pixel_mask_test
[7.296s] [ 67%] Built target cartographer.mapping.internal.2d.scan_matching.ceres_scan_matcher_2d_test
[7.371s] [ 68%] Built target cartographer.mapping.internal.2d.scan_matching.correlative_scan_matcher_test
[7.407s] [ 68%] Built target cartographer.mapping.internal.2d.scan_matching.fast_correlative_scan_matcher_2d_test
[7.431s] [ 69%] Built target cartographer.mapping.internal.2d.scan_matching.interpolated_tsdf_2d_test
[7.441s] [ 70%] Built target cartographer.mapping.2d.probability_grid_test
[7.518s] [ 70%] Built target cartographer.mapping.internal.2d.scan_matching.occupied_space_cost_function_2d_test
[7.573s] [ 71%] Built target cartographer.mapping.internal.2d.scan_matching.real_time_correlative_scan_matcher_2d_test
[7.583s] [ 71%] Built target cartographer.mapping.internal.2d.scan_matching.tsdf_match_cost_function_2d_test
[7.595s] [ 72%] Built target cartographer.mapping.internal.2d.tsd_value_converter_test
[7.663s] [ 72%] Built target cartographer.mapping.internal.2d.tsdf_2d_test
[7.778s] [ 73%] Built target cartographer.mapping.internal.2d.tsdf_range_data_inserter_2d_test
[7.819s] [ 73%] Built target cartographer.mapping.internal.3d.local_trajectory_builder_3d_test
[7.853s] [ 74%] Built target cartographer.mapping.internal.3d.pose_graph_3d_test
[7.889s] [ 75%] Built target cartographer.mapping.internal.3d.scan_matching.ceres_scan_matcher_3d_test
[7.898s] [ 75%] Built target cartographer.mapping.internal.3d.scan_matching.fast_correlative_scan_matcher_3d_test
[7.920s] [ 76%] Built target cartographer.mapping.internal.3d.scan_matching.intensity_cost_function_3d_test
[7.931s] [ 76%] Built target cartographer.mapping.internal.3d.scan_matching.interpolated_grid_test
[7.981s] [ 77%] Built target cartographer.mapping.internal.3d.scan_matching.precomputation_grid_3d_test
[8.043s] [ 77%] Built target cartographer.mapping.internal.3d.scan_matching.real_time_correlative_scan_matcher_3d_test
[8.056s] [ 78%] Built target cartographer.mapping.internal.3d.scan_matching.rotation_delta_cost_functor_3d_test
[8.070s] [ 78%] Built target cartographer.mapping.internal.3d.scan_matching.rotational_scan_matcher_test
[8.138s] [ 79%] Built target cartographer.mapping.internal.connected_components_test
[8.195s] [ 80%] Built target cartographer.mapping.internal.constraints.constraint_builder_3d_test
[8.195s] [ 80%] Built target cartographer.mapping.internal.constraints.constraint_builder_2d_test
[8.213s] [ 80%] Built target cartographer.mapping.internal.motion_filter_test
[8.282s] [ 81%] Built target cartographer.mapping.internal.optimization.cost_functions.landmark_cost_function_2d_test
[8.334s] [ 81%] Built target cartographer.io.fake_file_writer_test
[8.339s] [ 81%] Built target cartographer.mapping.internal.optimization.cost_functions.landmark_cost_function_3d_test
[8.340s] [ 81%] Built target cartographer.mapping.internal.optimization.optimization_problem_3d_test
[8.422s] [ 82%] Built target cartographer.mapping.internal.range_data_collator_test
[8.431s] [ 83%] Built target cartographer.mapping.internal.optimization.cost_functions.spa_cost_function_2d_test
[8.450s] [ 83%] Built target cartographer.mapping.internal.trajectory_connectivity_state_test
[8.462s] [ 84%] Built target cartographer.common.thread_pool_test
[8.465s] [ 84%] Built target cartographer.common.task_test
[8.490s] [ 84%] Built target cartographer.mapping.pose_extrapolator_test
[8.567s] [ 85%] Built target cartographer.mapping.pose_graph_test
[8.582s] [ 85%] Built target cartographer.mapping.pose_graph_trimmer_test
[8.585s] [ 86%] Built target cartographer.mapping.probability_values_test
[8.602s] [ 87%] Built target cartographer.mapping.trajectory_node_test
[8.610s] [ 87%] Built target cartographer.mapping.submaps_test
[8.630s] [ 87%] Built target cartographer.mapping.value_conversion_tables_test
[8.687s] [ 88%] Built target cartographer.sensor.compressed_point_cloud_test
[8.720s] [ 89%] Built target cartographer.sensor.internal.collator_test
[8.720s] [ 89%] Built target cartographer.sensor.internal.ordered_multi_queue_test
[8.756s] [ 90%] Built target cartographer.sensor.internal.voxel_filter_test
[8.761s] [ 90%] Built target cartographer.sensor.internal.trajectory_collator_test
[8.784s] [ 90%] Built target cartographer.sensor.landmark_data_test
[8.829s] [ 91%] Built target cartographer.sensor.map_by_time_test
[8.865s] [ 93%] Built target cartographer.sensor.point_cloud_test
[8.866s] [ 93%] Built target cartographer.mapping.map_builder_test
[8.892s] [ 93%] Built target cartographer.transform.timestamped_transform_test
[8.901s] [ 94%] Built target cartographer.transform.rigid_transform_test
[8.907s] [ 95%] Built target cartographer.transform.transform_interpolation_buffer_test
[8.944s] [ 95%] Built target cartographer.transform.transform_test
[8.989s] [ 96%] Built target cartographer.common.math_test
[8.993s] [ 96%] Built target cartographer.sensor.range_data_test
[9.011s] [ 96%] Built target cartographer.common.lua_parameter_dictionary_test
[9.011s] [ 97%] Built target cartographer.common.internal.rate_timer_test
[9.038s] [ 97%] Built target cartographer.common.internal.blocking_queue_test
[9.067s] [ 98%] Built target cartographer.common.fixed_ratio_sampler_test
[9.138s] [ 98%] Built target cartographer.common.configuration_files_test
[9.142s] [ 98%] Built target cartographer_compute_relations_metrics
[9.165s] [100%] Built target cartographer_autogenerate_ground_truth
[9.217s] Invoked command in '/home/misaka/fishbot/build/cartographer' returned '0': CMAKE_PREFIX_PATH=/opt/ros/humble /usr/bin/cmake --build /home/misaka/fishbot/build/cartographer -- -j16 -l16
[15.133s] Invoking command in '/home/misaka/fishbot/build/cartographer': CMAKE_PREFIX_PATH=/opt/ros/humble /usr/bin/cmake --install /home/misaka/fishbot/build/cartographer
[15.165s] -- Install configuration: "Release"
[15.166s] -- Up-to-date: /home/misaka/fishbot/install/cartographer/share/cartographer/package.xml
[15.166s] -- Up-to-date: /home/misaka/fishbot/install/cartographer/share/cartographer//configuration_files
[15.166s] -- Up-to-date: /home/misaka/fishbot/install/cartographer/share/cartographer//configuration_files/map_builder_server.lua
[15.166s] -- Up-to-date: /home/misaka/fishbot/install/cartographer/share/cartographer//configuration_files/trajectory_builder.lua
[15.166s] -- Up-to-date: /home/misaka/fishbot/install/cartographer/share/cartographer//configuration_files/trajectory_builder_2d.lua
[15.167s] -- Up-to-date: /home/misaka/fishbot/install/cartographer/share/cartographer//configuration_files/pose_graph.lua
[15.167s] -- Up-to-date: /home/misaka/fishbot/install/cartographer/share/cartographer//configuration_files/map_builder.lua
[15.167s] -- Up-to-date: /home/misaka/fishbot/install/cartographer/share/cartographer//configuration_files/trajectory_builder_3d.lua
[15.168s] -- Up-to-date: /home/misaka/fishbot/install/cartographer/share/cartographer//cmake
[15.168s] -- Up-to-date: /home/misaka/fishbot/install/cartographer/share/cartographer//cmake/modules
[15.168s] -- Up-to-date: /home/misaka/fishbot/install/cartographer/share/cartographer//cmake/modules/FindGMock.cmake
[15.169s] -- Up-to-date: /home/misaka/fishbot/install/cartographer/share/cartographer//cmake/modules/FindEigen3.cmake
[15.169s] -- Up-to-date: /home/misaka/fishbot/install/cartographer/share/cartographer//cmake/modules/FindLuaGoogle.cmake
[15.169s] -- Up-to-date: /home/misaka/fishbot/install/cartographer/share/cartographer//cmake/modules/FindSphinx.cmake
[15.169s] -- Up-to-date: /home/misaka/fishbot/install/cartographer/share/cartographer//cmake/functions.cmake
[15.174s] -- Up-to-date: /home/misaka/fishbot/install/cartographer/bin/cartographer_autogenerate_ground_truth
[15.177s] -- Up-to-date: /home/misaka/fishbot/install/cartographer/bin/cartographer_compute_relations_metrics
[15.180s] -- Up-to-date: /home/misaka/fishbot/install/cartographer/bin/cartographer_pbstream
[15.184s] -- Up-to-date: /home/misaka/fishbot/install/cartographer/bin/cartographer_print_configuration
[15.186s] -- Up-to-date: /home/misaka/fishbot/install/cartographer/lib/libcartographer.a
[15.187s] -- Up-to-date: /home/misaka/fishbot/install/cartographer/include/cartographer/common/configuration_file_resolver.h
[15.189s] -- Up-to-date: /home/misaka/fishbot/install/cartographer/include/cartographer/common/fixed_ratio_sampler.h
[15.190s] -- Up-to-date: /home/misaka/fishbot/install/cartographer/include/cartographer/common/histogram.h
[15.192s] -- Up-to-date: /home/misaka/fishbot/install/cartographer/include/cartographer/common/lua.h
[15.193s] -- Up-to-date: /home/misaka/fishbot/install/cartographer/include/cartographer/common/lua_parameter_dictionary.h
[15.195s] -- Up-to-date: /home/misaka/fishbot/install/cartographer/include/cartographer/common/math.h
[15.196s] -- Up-to-date: /home/misaka/fishbot/install/cartographer/include/cartographer/common/port.h
[15.196s] -- Up-to-date: /home/misaka/fishbot/install/cartographer/include/cartographer/common/task.h
[15.196s] -- Up-to-date: /home/misaka/fishbot/install/cartographer/include/cartographer/common/thread_pool.h
[15.197s] -- Up-to-date: /home/misaka/fishbot/install/cartographer/include/cartographer/common/time.h
[15.198s] -- Up-to-date: /home/misaka/fishbot/install/cartographer/include/cartographer/ground_truth/autogenerate_ground_truth.h
[15.198s] -- Up-to-date: /home/misaka/fishbot/install/cartographer/include/cartographer/ground_truth/relations_text_file.h
[15.198s] -- Up-to-date: /home/misaka/fishbot/install/cartographer/include/cartographer/io/color.h
[15.199s] -- Up-to-date: /home/misaka/fishbot/install/cartographer/include/cartographer/io/coloring_points_processor.h
[15.200s] -- Up-to-date: /home/misaka/fishbot/install/cartographer/include/cartographer/io/counting_points_processor.h
[15.201s] -- Up-to-date: /home/misaka/fishbot/install/cartographer/include/cartographer/io/draw_trajectories.h
[15.203s] -- Up-to-date: /home/misaka/fishbot/install/cartographer/include/cartographer/io/file_writer.h
[15.203s] -- Up-to-date: /home/misaka/fishbot/install/cartographer/include/cartographer/io/fixed_ratio_sampling_points_processor.h
[15.204s] -- Up-to-date: /home/misaka/fishbot/install/cartographer/include/cartographer/io/frame_id_filtering_points_processor.h
[15.204s] -- Up-to-date: /home/misaka/fishbot/install/cartographer/include/cartographer/io/hybrid_grid_points_processor.h
[15.204s] -- Up-to-date: /home/misaka/fishbot/install/cartographer/include/cartographer/io/image.h
[15.204s] -- Up-to-date: /home/misaka/fishbot/install/cartographer/include/cartographer/io/intensity_to_color_points_processor.h
[15.205s] -- Up-to-date: /home/misaka/fishbot/install/cartographer/include/cartographer/io/min_max_range_filtering_points_processor.h
[15.206s] -- Up-to-date: /home/misaka/fishbot/install/cartographer/include/cartographer/io/null_points_processor.h
[15.211s] -- Up-to-date: /home/misaka/fishbot/install/cartographer/include/cartographer/io/outlier_removing_points_processor.h
[15.211s] -- Up-to-date: /home/misaka/fishbot/install/cartographer/include/cartographer/io/pcd_writing_points_processor.h
[15.211s] -- Up-to-date: /home/misaka/fishbot/install/cartographer/include/cartographer/io/ply_writing_points_processor.h
[15.212s] -- Up-to-date: /home/misaka/fishbot/install/cartographer/include/cartographer/io/points_batch.h
[15.212s] -- Up-to-date: /home/misaka/fishbot/install/cartographer/include/cartographer/io/points_processor.h
[15.212s] -- Up-to-date: /home/misaka/fishbot/install/cartographer/include/cartographer/io/points_processor_pipeline_builder.h
[15.213s] -- Up-to-date: /home/misaka/fishbot/install/cartographer/include/cartographer/io/probability_grid_points_processor.h
[15.214s] -- Up-to-date: /home/misaka/fishbot/install/cartographer/include/cartographer/io/proto_stream.h
[15.214s] -- Up-to-date: /home/misaka/fishbot/install/cartographer/include/cartographer/io/proto_stream_deserializer.h
[15.214s] -- Up-to-date: /home/misaka/fishbot/install/cartographer/include/cartographer/io/proto_stream_interface.h
[15.214s] -- Up-to-date: /home/misaka/fishbot/install/cartographer/include/cartographer/io/serialization_format_migration.h
[15.215s] -- Up-to-date: /home/misaka/fishbot/install/cartographer/include/cartographer/io/submap_painter.h
[15.215s] -- Up-to-date: /home/misaka/fishbot/install/cartographer/include/cartographer/io/vertical_range_filtering_points_processor.h
[15.215s] -- Up-to-date: /home/misaka/fishbot/install/cartographer/include/cartographer/io/xray_points_processor.h
[15.216s] -- Up-to-date: /home/misaka/fishbot/install/cartographer/include/cartographer/io/xyz_writing_points_processor.h
[15.217s] -- Up-to-date: /home/misaka/fishbot/install/cartographer/include/cartographer/mapping/2d/grid_2d.h
[15.218s] -- Up-to-date: /home/misaka/fishbot/install/cartographer/include/cartographer/mapping/2d/map_limits.h
[15.218s] -- Up-to-date: /home/misaka/fishbot/install/cartographer/include/cartographer/mapping/2d/probability_grid.h
[15.218s] -- Up-to-date: /home/misaka/fishbot/install/cartographer/include/cartographer/mapping/2d/probability_grid_range_data_inserter_2d.h
[15.218s] -- Up-to-date: /home/misaka/fishbot/install/cartographer/include/cartographer/mapping/2d/submap_2d.h
[15.218s] -- Up-to-date: /home/misaka/fishbot/install/cartographer/include/cartographer/mapping/2d/xy_index.h
[15.219s] -- Up-to-date: /home/misaka/fishbot/install/cartographer/include/cartographer/mapping/3d/hybrid_grid.h
[15.219s] -- Up-to-date: /home/misaka/fishbot/install/cartographer/include/cartographer/mapping/3d/range_data_inserter_3d.h
[15.220s] -- Up-to-date: /home/misaka/fishbot/install/cartographer/include/cartographer/mapping/3d/submap_3d.h
[15.221s] -- Up-to-date: /home/misaka/fishbot/install/cartographer/include/cartographer/mapping/detect_floors.h
[15.222s] -- Up-to-date: /home/misaka/fishbot/install/cartographer/include/cartographer/mapping/grid_interface.h
[15.223s] -- Up-to-date: /home/misaka/fishbot/install/cartographer/include/cartographer/mapping/id.h
[15.223s] -- Up-to-date: /home/misaka/fishbot/install/cartographer/include/cartographer/mapping/imu_tracker.h
[15.224s] -- Up-to-date: /home/misaka/fishbot/install/cartographer/include/cartographer/mapping/map_builder.h
[15.225s] -- Up-to-date: /home/misaka/fishbot/install/cartographer/include/cartographer/mapping/map_builder_interface.h
[15.225s] -- Up-to-date: /home/misaka/fishbot/install/cartographer/include/cartographer/mapping/pose_extrapolator.h
[15.228s] -- Up-to-date: /home/misaka/fishbot/install/cartographer/include/cartographer/mapping/pose_extrapolator_interface.h
[15.229s] -- Up-to-date: /home/misaka/fishbot/install/cartographer/include/cartographer/mapping/pose_graph.h
[15.229s] -- Up-to-date: /home/misaka/fishbot/install/cartographer/include/cartographer/mapping/pose_graph_interface.h
[15.230s] -- Up-to-date: /home/misaka/fishbot/install/cartographer/include/cartographer/mapping/pose_graph_trimmer.h
[15.230s] -- Up-to-date: /home/misaka/fishbot/install/cartographer/include/cartographer/mapping/probability_values.h
[15.231s] -- Up-to-date: /home/misaka/fishbot/install/cartographer/include/cartographer/mapping/range_data_inserter_interface.h
[15.232s] -- Up-to-date: /home/misaka/fishbot/install/cartographer/include/cartographer/mapping/submaps.h
[15.232s] -- Up-to-date: /home/misaka/fishbot/install/cartographer/include/cartographer/mapping/trajectory_builder_interface.h
[15.232s] -- Up-to-date: /home/misaka/fishbot/install/cartographer/include/cartographer/mapping/trajectory_node.h
[15.232s] -- Up-to-date: /home/misaka/fishbot/install/cartographer/include/cartographer/mapping/value_conversion_tables.h
[15.232s] -- Up-to-date: /home/misaka/fishbot/install/cartographer/include/cartographer/metrics/counter.h
[15.232s] -- Up-to-date: /home/misaka/fishbot/install/cartographer/include/cartographer/metrics/family_factory.h
[15.232s] -- Up-to-date: /home/misaka/fishbot/install/cartographer/include/cartographer/metrics/gauge.h
[15.232s] -- Up-to-date: /home/misaka/fishbot/install/cartographer/include/cartographer/metrics/histogram.h
[15.233s] -- Up-to-date: /home/misaka/fishbot/install/cartographer/include/cartographer/metrics/register.h
[15.233s] -- Up-to-date: /home/misaka/fishbot/install/cartographer/include/cartographer/sensor/collator_interface.h
[15.233s] -- Up-to-date: /home/misaka/fishbot/install/cartographer/include/cartographer/sensor/compressed_point_cloud.h
[15.233s] -- Up-to-date: /home/misaka/fishbot/install/cartographer/include/cartographer/sensor/data.h
[15.233s] -- Up-to-date: /home/misaka/fishbot/install/cartographer/include/cartographer/sensor/fixed_frame_pose_data.h
[15.234s] -- Up-to-date: /home/misaka/fishbot/install/cartographer/include/cartographer/sensor/imu_data.h
[15.234s] -- Up-to-date: /home/misaka/fishbot/install/cartographer/include/cartographer/sensor/landmark_data.h
[15.234s] -- Up-to-date: /home/misaka/fishbot/install/cartographer/include/cartographer/sensor/map_by_time.h
[15.234s] -- Up-to-date: /home/misaka/fishbot/install/cartographer/include/cartographer/sensor/odometry_data.h
[15.234s] -- Up-to-date: /home/misaka/fishbot/install/cartographer/include/cartographer/sensor/point_cloud.h
[15.234s] -- Up-to-date: /home/misaka/fishbot/install/cartographer/include/cartographer/sensor/range_data.h
[15.234s] -- Up-to-date: /home/misaka/fishbot/install/cartographer/include/cartographer/sensor/rangefinder_point.h
[15.234s] -- Up-to-date: /home/misaka/fishbot/install/cartographer/include/cartographer/sensor/timed_point_cloud_data.h
[15.235s] -- Up-to-date: /home/misaka/fishbot/install/cartographer/include/cartographer/transform/rigid_transform.h
[15.235s] -- Up-to-date: /home/misaka/fishbot/install/cartographer/include/cartographer/transform/timestamped_transform.h
[15.235s] -- Up-to-date: /home/misaka/fishbot/install/cartographer/include/cartographer/transform/transform.h
[15.236s] -- Up-to-date: /home/misaka/fishbot/install/cartographer/include/cartographer/transform/transform_interpolation_buffer.h
[15.237s] -- Up-to-date: /home/misaka/fishbot/install/cartographer/include/cartographer/io/fake_file_writer.h
[15.237s] -- Up-to-date: /home/misaka/fishbot/install/cartographer/include/cartographer/transform/rigid_transform_test_helpers.h
[15.237s] -- Up-to-date: /home/misaka/fishbot/install/cartographer/include/cartographer/common/proto/ceres_solver_options.pb.h
[15.237s] -- Up-to-date: /home/misaka/fishbot/install/cartographer/include/cartographer/ground_truth/proto/relations.pb.h
[15.237s] -- Up-to-date: /home/misaka/fishbot/install/cartographer/include/cartographer/mapping/proto/cell_limits_2d.pb.h
[15.238s] -- Up-to-date: /home/misaka/fishbot/install/cartographer/include/cartographer/mapping/proto/connected_components.pb.h
[15.239s] -- Up-to-date: /home/misaka/fishbot/install/cartographer/include/cartographer/mapping/proto/grid_2d.pb.h
[15.242s] -- Up-to-date: /home/misaka/fishbot/install/cartographer/include/cartographer/mapping/proto/grid_2d_options.pb.h
[15.245s] -- Up-to-date: /home/misaka/fishbot/install/cartographer/include/cartographer/mapping/proto/hybrid_grid.pb.h
[15.246s] -- Up-to-date: /home/misaka/fishbot/install/cartographer/include/cartographer/mapping/proto/local_trajectory_builder_options_2d.pb.h
[15.246s] -- Up-to-date: /home/misaka/fishbot/install/cartographer/include/cartographer/mapping/proto/local_trajectory_builder_options_3d.pb.h
[15.247s] -- Up-to-date: /home/misaka/fishbot/install/cartographer/include/cartographer/mapping/proto/map_builder_options.pb.h
[15.247s] -- Up-to-date: /home/misaka/fishbot/install/cartographer/include/cartographer/mapping/proto/map_limits.pb.h
[15.248s] -- Up-to-date: /home/misaka/fishbot/install/cartographer/include/cartographer/mapping/proto/motion_filter_options.pb.h
[15.248s] -- Up-to-date: /home/misaka/fishbot/install/cartographer/include/cartographer/mapping/proto/normal_estimation_options_2d.pb.h
[15.248s] -- Up-to-date: /home/misaka/fishbot/install/cartographer/include/cartographer/mapping/proto/pose_extrapolator_options.pb.h
[15.249s] -- Up-to-date: /home/misaka/fishbot/install/cartographer/include/cartographer/mapping/proto/pose_graph.pb.h
[15.249s] -- Up-to-date: /home/misaka/fishbot/install/cartographer/include/cartographer/mapping/proto/pose_graph/constraint_builder_options.pb.h
[15.250s] -- Up-to-date: /home/misaka/fishbot/install/cartographer/include/cartographer/mapping/proto/pose_graph/optimization_problem_options.pb.h
[15.250s] -- Up-to-date: /home/misaka/fishbot/install/cartographer/include/cartographer/mapping/proto/pose_graph_options.pb.h
[15.250s] -- Up-to-date: /home/misaka/fishbot/install/cartographer/include/cartographer/mapping/proto/probability_grid.pb.h
[15.250s] -- Up-to-date: /home/misaka/fishbot/install/cartographer/include/cartographer/mapping/proto/probability_grid_range_data_inserter_options_2d.pb.h
[15.250s] -- Up-to-date: /home/misaka/fishbot/install/cartographer/include/cartographer/mapping/proto/range_data_inserter_options.pb.h
[15.250s] -- Up-to-date: /home/misaka/fishbot/install/cartographer/include/cartographer/mapping/proto/range_data_inserter_options_3d.pb.h
[15.250s] -- Up-to-date: /home/misaka/fishbot/install/cartographer/include/cartographer/mapping/proto/scan_matching/ceres_scan_matcher_options_2d.pb.h
[15.250s] -- Up-to-date: /home/misaka/fishbot/install/cartographer/include/cartographer/mapping/proto/scan_matching/ceres_scan_matcher_options_3d.pb.h
[15.250s] -- Up-to-date: /home/misaka/fishbot/install/cartographer/include/cartographer/mapping/proto/scan_matching/fast_correlative_scan_matcher_options_2d.pb.h
[15.250s] -- Up-to-date: /home/misaka/fishbot/install/cartographer/include/cartographer/mapping/proto/scan_matching/fast_correlative_scan_matcher_options_3d.pb.h
[15.251s] -- Up-to-date: /home/misaka/fishbot/install/cartographer/include/cartographer/mapping/proto/scan_matching/real_time_correlative_scan_matcher_options.pb.h
[15.251s] -- Up-to-date: /home/misaka/fishbot/install/cartographer/include/cartographer/mapping/proto/serialization.pb.h
[15.251s] -- Up-to-date: /home/misaka/fishbot/install/cartographer/include/cartographer/mapping/proto/submap.pb.h
[15.252s] -- Up-to-date: /home/misaka/fishbot/install/cartographer/include/cartographer/mapping/proto/submap_visualization.pb.h
[15.252s] -- Up-to-date: /home/misaka/fishbot/install/cartographer/include/cartographer/mapping/proto/submaps_options_2d.pb.h
[15.252s] -- Up-to-date: /home/misaka/fishbot/install/cartographer/include/cartographer/mapping/proto/submaps_options_3d.pb.h
[15.252s] -- Up-to-date: /home/misaka/fishbot/install/cartographer/include/cartographer/mapping/proto/trajectory.pb.h
[15.252s] -- Up-to-date: /home/misaka/fishbot/install/cartographer/include/cartographer/mapping/proto/trajectory_builder_options.pb.h
[15.252s] -- Up-to-date: /home/misaka/fishbot/install/cartographer/include/cartographer/mapping/proto/trajectory_node_data.pb.h
[15.252s] -- Up-to-date: /home/misaka/fishbot/install/cartographer/include/cartographer/mapping/proto/tsdf_2d.pb.h
[15.252s] -- Up-to-date: /home/misaka/fishbot/install/cartographer/include/cartographer/mapping/proto/tsdf_range_data_inserter_options_2d.pb.h
[15.252s] -- Up-to-date: /home/misaka/fishbot/install/cartographer/include/cartographer/sensor/proto/adaptive_voxel_filter_options.pb.h
[15.253s] -- Up-to-date: /home/misaka/fishbot/install/cartographer/include/cartographer/sensor/proto/sensor.pb.h
[15.254s] -- Up-to-date: /home/misaka/fishbot/install/cartographer/include/cartographer/transform/proto/timestamped_transform.pb.h
[15.254s] -- Up-to-date: /home/misaka/fishbot/install/cartographer/include/cartographer/transform/proto/transform.pb.h
[15.255s] -- Up-to-date: /home/misaka/fishbot/install/cartographer/share/cartographer/cmake/CartographerTargets.cmake
[15.256s] -- Up-to-date: /home/misaka/fishbot/install/cartographer/share/cartographer/cmake/CartographerTargets-release.cmake
[15.256s] -- Up-to-date: /home/misaka/fishbot/install/cartographer/share/cartographer/cartographer-config.cmake
[15.257s] Invoked command in '/home/misaka/fishbot/build/cartographer' returned '0': CMAKE_PREFIX_PATH=/opt/ros/humble /usr/bin/cmake --install /home/misaka/fishbot/build/cartographer
