[0.123s] Invoking command in '/home/misaka/fishbot/build/cartographer_ros_msgs': CMAKE_PREFIX_PATH=/opt/ros/humble /usr/bin/cmake --build /home/misaka/fishbot/build/cartographer_ros_msgs -- -j16 -l16
[0.445s] [35m[1mConsolidate compiler generated dependencies of target cartographer_ros_msgs__rosidl_generator_c[0m
[0.459s] [  0%] Built target cartographer_ros_msgs__cpp
[0.559s] [ 12%] Built target cartographer_ros_msgs__rosidl_generator_c
[0.594s] [35m[1mConsolidate compiler generated dependencies of target cartographer_ros_msgs__rosidl_typesupport_cpp[0m
[0.625s] [35m[1mConsolidate compiler generated dependencies of target cartographer_ros_msgs__rosidl_typesupport_fastrtps_cpp[0m
[0.626s] [35m[1mConsolidate compiler generated dependencies of target cartographer_ros_msgs__rosidl_typesupport_introspection_cpp[0m
[0.636s] [ 12%] Built target ament_cmake_python_copy_cartographer_ros_msgs
[0.733s] [35m[1mConsolidate compiler generated dependencies of target cartographer_ros_msgs__rosidl_typesupport_c[0m
[0.757s] [35m[1mConsolidate compiler generated dependencies of target cartographer_ros_msgs__rosidl_typesupport_introspection_c[0m
[0.757s] [35m[1mConsolidate compiler generated dependencies of target cartographer_ros_msgs__rosidl_typesupport_fastrtps_c[0m
[0.777s] [ 24%] Built target cartographer_ros_msgs__rosidl_typesupport_cpp
[0.777s] [ 37%] Built target cartographer_ros_msgs__rosidl_typesupport_introspection_cpp
[0.794s] [ 49%] Built target cartographer_ros_msgs__rosidl_typesupport_fastrtps_cpp
[0.822s] [ 61%] Built target cartographer_ros_msgs__rosidl_typesupport_c
[0.847s] [ 73%] Built target cartographer_ros_msgs__rosidl_typesupport_introspection_c
[0.908s] [ 85%] Built target cartographer_ros_msgs__rosidl_typesupport_fastrtps_c
[1.042s] [ 85%] Built target cartographer_ros_msgs
[1.169s] [ 86%] Built target cartographer_ros_msgs__py
[1.269s] [35m[1mConsolidate compiler generated dependencies of target cartographer_ros_msgs__rosidl_generator_py[0m
[1.396s] [ 97%] Built target cartographer_ros_msgs__rosidl_generator_py
[1.444s] [35m[1mConsolidate compiler generated dependencies of target cartographer_ros_msgs__rosidl_typesupport_fastrtps_c__pyext[0m
[1.444s] [35m[1mConsolidate compiler generated dependencies of target cartographer_ros_msgs__rosidl_typesupport_introspection_c__pyext[0m
[1.451s] [35m[1mConsolidate compiler generated dependencies of target cartographer_ros_msgs__rosidl_typesupport_c__pyext[0m
[1.496s] [ 98%] Built target cartographer_ros_msgs__rosidl_typesupport_introspection_c__pyext
[1.498s] [ 99%] Built target cartographer_ros_msgs__rosidl_typesupport_fastrtps_c__pyext
[1.507s] [100%] Built target cartographer_ros_msgs__rosidl_typesupport_c__pyext
[1.727s] running egg_info
[1.731s] writing cartographer_ros_msgs.egg-info/PKG-INFO
[1.737s] writing dependency_links to cartographer_ros_msgs.egg-info/dependency_links.txt
[1.737s] writing top-level names to cartographer_ros_msgs.egg-info/top_level.txt
[1.748s] reading manifest file 'cartographer_ros_msgs.egg-info/SOURCES.txt'
[1.749s] writing manifest file 'cartographer_ros_msgs.egg-info/SOURCES.txt'
[1.852s] [100%] Built target ament_cmake_python_build_cartographer_ros_msgs_egg
[1.920s] Invoked command in '/home/misaka/fishbot/build/cartographer_ros_msgs' returned '0': CMAKE_PREFIX_PATH=/opt/ros/humble /usr/bin/cmake --build /home/misaka/fishbot/build/cartographer_ros_msgs -- -j16 -l16
[6.650s] Invoking command in '/home/misaka/fishbot/build/cartographer_ros_msgs': CMAKE_PREFIX_PATH=/opt/ros/humble /usr/bin/cmake --install /home/misaka/fishbot/build/cartographer_ros_msgs
[6.709s] -- Install configuration: ""
[6.709s] -- Up-to-date: /home/misaka/fishbot/install/cartographer_ros_msgs/share/ament_index/resource_index/rosidl_interfaces/cartographer_ros_msgs
[6.710s] -- Up-to-date: /home/misaka/fishbot/install/cartographer_ros_msgs/include/cartographer_ros_msgs/cartographer_ros_msgs
[6.712s] -- Up-to-date: /home/misaka/fishbot/install/cartographer_ros_msgs/include/cartographer_ros_msgs/cartographer_ros_msgs/srv
[6.714s] -- Up-to-date: /home/misaka/fishbot/install/cartographer_ros_msgs/include/cartographer_ros_msgs/cartographer_ros_msgs/srv/submap_query.h
[6.716s] -- Up-to-date: /home/misaka/fishbot/install/cartographer_ros_msgs/include/cartographer_ros_msgs/cartographer_ros_msgs/srv/detail
[6.717s] -- Up-to-date: /home/misaka/fishbot/install/cartographer_ros_msgs/include/cartographer_ros_msgs/cartographer_ros_msgs/srv/detail/submap_query__functions.h
[6.717s] -- Up-to-date: /home/misaka/fishbot/install/cartographer_ros_msgs/include/cartographer_ros_msgs/cartographer_ros_msgs/srv/detail/start_trajectory__functions.h
[6.717s] -- Up-to-date: /home/misaka/fishbot/install/cartographer_ros_msgs/include/cartographer_ros_msgs/cartographer_ros_msgs/srv/detail/read_metrics__functions.h
[6.718s] -- Up-to-date: /home/misaka/fishbot/install/cartographer_ros_msgs/include/cartographer_ros_msgs/cartographer_ros_msgs/srv/detail/submap_query__struct.h
[6.720s] -- Up-to-date: /home/misaka/fishbot/install/cartographer_ros_msgs/include/cartographer_ros_msgs/cartographer_ros_msgs/srv/detail/write_state__functions.c
[6.721s] -- Up-to-date: /home/misaka/fishbot/install/cartographer_ros_msgs/include/cartographer_ros_msgs/cartographer_ros_msgs/srv/detail/trajectory_query__struct.h
[6.722s] -- Up-to-date: /home/misaka/fishbot/install/cartographer_ros_msgs/include/cartographer_ros_msgs/cartographer_ros_msgs/srv/detail/trajectory_query__type_support.h
[6.724s] -- Up-to-date: /home/misaka/fishbot/install/cartographer_ros_msgs/include/cartographer_ros_msgs/cartographer_ros_msgs/srv/detail/read_metrics__struct.h
[6.726s] -- Up-to-date: /home/misaka/fishbot/install/cartographer_ros_msgs/include/cartographer_ros_msgs/cartographer_ros_msgs/srv/detail/write_state__struct.h
[6.727s] -- Up-to-date: /home/misaka/fishbot/install/cartographer_ros_msgs/include/cartographer_ros_msgs/cartographer_ros_msgs/srv/detail/start_trajectory__type_support.h
[6.727s] -- Up-to-date: /home/misaka/fishbot/install/cartographer_ros_msgs/include/cartographer_ros_msgs/cartographer_ros_msgs/srv/detail/write_state__functions.h
[6.727s] -- Up-to-date: /home/misaka/fishbot/install/cartographer_ros_msgs/include/cartographer_ros_msgs/cartographer_ros_msgs/srv/detail/trajectory_query__functions.h
[6.727s] -- Up-to-date: /home/misaka/fishbot/install/cartographer_ros_msgs/include/cartographer_ros_msgs/cartographer_ros_msgs/srv/detail/get_trajectory_states__struct.h
[6.729s] -- Up-to-date: /home/misaka/fishbot/install/cartographer_ros_msgs/include/cartographer_ros_msgs/cartographer_ros_msgs/srv/detail/trajectory_query__functions.c
[6.729s] -- Up-to-date: /home/misaka/fishbot/install/cartographer_ros_msgs/include/cartographer_ros_msgs/cartographer_ros_msgs/srv/detail/start_trajectory__functions.c
[6.730s] -- Up-to-date: /home/misaka/fishbot/install/cartographer_ros_msgs/include/cartographer_ros_msgs/cartographer_ros_msgs/srv/detail/read_metrics__type_support.h
[6.731s] -- Up-to-date: /home/misaka/fishbot/install/cartographer_ros_msgs/include/cartographer_ros_msgs/cartographer_ros_msgs/srv/detail/submap_query__type_support.h
[6.731s] -- Up-to-date: /home/misaka/fishbot/install/cartographer_ros_msgs/include/cartographer_ros_msgs/cartographer_ros_msgs/srv/detail/read_metrics__functions.c
[6.732s] -- Up-to-date: /home/misaka/fishbot/install/cartographer_ros_msgs/include/cartographer_ros_msgs/cartographer_ros_msgs/srv/detail/submap_query__functions.c
[6.732s] -- Up-to-date: /home/misaka/fishbot/install/cartographer_ros_msgs/include/cartographer_ros_msgs/cartographer_ros_msgs/srv/detail/get_trajectory_states__functions.c
[6.732s] -- Up-to-date: /home/misaka/fishbot/install/cartographer_ros_msgs/include/cartographer_ros_msgs/cartographer_ros_msgs/srv/detail/finish_trajectory__struct.h
[6.733s] -- Up-to-date: /home/misaka/fishbot/install/cartographer_ros_msgs/include/cartographer_ros_msgs/cartographer_ros_msgs/srv/detail/write_state__type_support.h
[6.734s] -- Up-to-date: /home/misaka/fishbot/install/cartographer_ros_msgs/include/cartographer_ros_msgs/cartographer_ros_msgs/srv/detail/finish_trajectory__functions.c
[6.736s] -- Up-to-date: /home/misaka/fishbot/install/cartographer_ros_msgs/include/cartographer_ros_msgs/cartographer_ros_msgs/srv/detail/finish_trajectory__type_support.h
[6.737s] -- Up-to-date: /home/misaka/fishbot/install/cartographer_ros_msgs/include/cartographer_ros_msgs/cartographer_ros_msgs/srv/detail/get_trajectory_states__type_support.h
[6.738s] -- Up-to-date: /home/misaka/fishbot/install/cartographer_ros_msgs/include/cartographer_ros_msgs/cartographer_ros_msgs/srv/detail/finish_trajectory__functions.h
[6.738s] -- Up-to-date: /home/misaka/fishbot/install/cartographer_ros_msgs/include/cartographer_ros_msgs/cartographer_ros_msgs/srv/detail/get_trajectory_states__functions.h
[6.740s] -- Up-to-date: /home/misaka/fishbot/install/cartographer_ros_msgs/include/cartographer_ros_msgs/cartographer_ros_msgs/srv/detail/start_trajectory__struct.h
[6.740s] -- Up-to-date: /home/misaka/fishbot/install/cartographer_ros_msgs/include/cartographer_ros_msgs/cartographer_ros_msgs/srv/write_state.h
[6.740s] -- Up-to-date: /home/misaka/fishbot/install/cartographer_ros_msgs/include/cartographer_ros_msgs/cartographer_ros_msgs/srv/get_trajectory_states.h
[6.741s] -- Up-to-date: /home/misaka/fishbot/install/cartographer_ros_msgs/include/cartographer_ros_msgs/cartographer_ros_msgs/srv/read_metrics.h
[6.743s] -- Up-to-date: /home/misaka/fishbot/install/cartographer_ros_msgs/include/cartographer_ros_msgs/cartographer_ros_msgs/srv/start_trajectory.h
[6.743s] -- Up-to-date: /home/misaka/fishbot/install/cartographer_ros_msgs/include/cartographer_ros_msgs/cartographer_ros_msgs/srv/finish_trajectory.h
[6.743s] -- Up-to-date: /home/misaka/fishbot/install/cartographer_ros_msgs/include/cartographer_ros_msgs/cartographer_ros_msgs/srv/trajectory_query.h
[6.744s] -- Up-to-date: /home/misaka/fishbot/install/cartographer_ros_msgs/include/cartographer_ros_msgs/cartographer_ros_msgs/msg
[6.744s] -- Up-to-date: /home/misaka/fishbot/install/cartographer_ros_msgs/include/cartographer_ros_msgs/cartographer_ros_msgs/msg/landmark_list.h
[6.745s] -- Up-to-date: /home/misaka/fishbot/install/cartographer_ros_msgs/include/cartographer_ros_msgs/cartographer_ros_msgs/msg/landmark_entry.h
[6.745s] -- Up-to-date: /home/misaka/fishbot/install/cartographer_ros_msgs/include/cartographer_ros_msgs/cartographer_ros_msgs/msg/rosidl_generator_c__visibility_control.h
[6.746s] -- Up-to-date: /home/misaka/fishbot/install/cartographer_ros_msgs/include/cartographer_ros_msgs/cartographer_ros_msgs/msg/submap_texture.h
[6.747s] -- Up-to-date: /home/misaka/fishbot/install/cartographer_ros_msgs/include/cartographer_ros_msgs/cartographer_ros_msgs/msg/status_code.h
[6.748s] -- Up-to-date: /home/misaka/fishbot/install/cartographer_ros_msgs/include/cartographer_ros_msgs/cartographer_ros_msgs/msg/trajectory_states.h
[6.748s] -- Up-to-date: /home/misaka/fishbot/install/cartographer_ros_msgs/include/cartographer_ros_msgs/cartographer_ros_msgs/msg/histogram_bucket.h
[6.749s] -- Up-to-date: /home/misaka/fishbot/install/cartographer_ros_msgs/include/cartographer_ros_msgs/cartographer_ros_msgs/msg/metric_label.h
[6.751s] -- Up-to-date: /home/misaka/fishbot/install/cartographer_ros_msgs/include/cartographer_ros_msgs/cartographer_ros_msgs/msg/bagfile_progress.h
[6.752s] -- Up-to-date: /home/misaka/fishbot/install/cartographer_ros_msgs/include/cartographer_ros_msgs/cartographer_ros_msgs/msg/detail
[6.753s] -- Up-to-date: /home/misaka/fishbot/install/cartographer_ros_msgs/include/cartographer_ros_msgs/cartographer_ros_msgs/msg/detail/status_code__struct.h
[6.757s] -- Up-to-date: /home/misaka/fishbot/install/cartographer_ros_msgs/include/cartographer_ros_msgs/cartographer_ros_msgs/msg/detail/bagfile_progress__functions.h
[6.757s] -- Up-to-date: /home/misaka/fishbot/install/cartographer_ros_msgs/include/cartographer_ros_msgs/cartographer_ros_msgs/msg/detail/landmark_entry__functions.c
[6.758s] -- Up-to-date: /home/misaka/fishbot/install/cartographer_ros_msgs/include/cartographer_ros_msgs/cartographer_ros_msgs/msg/detail/metric_label__functions.h
[6.759s] -- Up-to-date: /home/misaka/fishbot/install/cartographer_ros_msgs/include/cartographer_ros_msgs/cartographer_ros_msgs/msg/detail/trajectory_states__type_support.h
[6.760s] -- Up-to-date: /home/misaka/fishbot/install/cartographer_ros_msgs/include/cartographer_ros_msgs/cartographer_ros_msgs/msg/detail/submap_list__type_support.h
[6.760s] -- Up-to-date: /home/misaka/fishbot/install/cartographer_ros_msgs/include/cartographer_ros_msgs/cartographer_ros_msgs/msg/detail/metric__functions.h
[6.761s] -- Up-to-date: /home/misaka/fishbot/install/cartographer_ros_msgs/include/cartographer_ros_msgs/cartographer_ros_msgs/msg/detail/bagfile_progress__struct.h
[6.761s] -- Up-to-date: /home/misaka/fishbot/install/cartographer_ros_msgs/include/cartographer_ros_msgs/cartographer_ros_msgs/msg/detail/metric_family__functions.h
[6.762s] -- Up-to-date: /home/misaka/fishbot/install/cartographer_ros_msgs/include/cartographer_ros_msgs/cartographer_ros_msgs/msg/detail/bagfile_progress__functions.c
[6.763s] -- Up-to-date: /home/misaka/fishbot/install/cartographer_ros_msgs/include/cartographer_ros_msgs/cartographer_ros_msgs/msg/detail/metric_label__functions.c
[6.763s] -- Up-to-date: /home/misaka/fishbot/install/cartographer_ros_msgs/include/cartographer_ros_msgs/cartographer_ros_msgs/msg/detail/metric_label__type_support.h
[6.764s] -- Up-to-date: /home/misaka/fishbot/install/cartographer_ros_msgs/include/cartographer_ros_msgs/cartographer_ros_msgs/msg/detail/bagfile_progress__type_support.h
[6.764s] -- Up-to-date: /home/misaka/fishbot/install/cartographer_ros_msgs/include/cartographer_ros_msgs/cartographer_ros_msgs/msg/detail/status_response__functions.c
[6.765s] -- Up-to-date: /home/misaka/fishbot/install/cartographer_ros_msgs/include/cartographer_ros_msgs/cartographer_ros_msgs/msg/detail/landmark_list__functions.c
[6.765s] -- Up-to-date: /home/misaka/fishbot/install/cartographer_ros_msgs/include/cartographer_ros_msgs/cartographer_ros_msgs/msg/detail/submap_texture__type_support.h
[6.767s] -- Up-to-date: /home/misaka/fishbot/install/cartographer_ros_msgs/include/cartographer_ros_msgs/cartographer_ros_msgs/msg/detail/landmark_list__functions.h
[6.767s] -- Up-to-date: /home/misaka/fishbot/install/cartographer_ros_msgs/include/cartographer_ros_msgs/cartographer_ros_msgs/msg/detail/histogram_bucket__struct.h
[6.768s] -- Up-to-date: /home/misaka/fishbot/install/cartographer_ros_msgs/include/cartographer_ros_msgs/cartographer_ros_msgs/msg/detail/landmark_entry__functions.h
[6.768s] -- Up-to-date: /home/misaka/fishbot/install/cartographer_ros_msgs/include/cartographer_ros_msgs/cartographer_ros_msgs/msg/detail/submap_entry__struct.h
[6.768s] -- Up-to-date: /home/misaka/fishbot/install/cartographer_ros_msgs/include/cartographer_ros_msgs/cartographer_ros_msgs/msg/detail/histogram_bucket__functions.c
[6.768s] -- Up-to-date: /home/misaka/fishbot/install/cartographer_ros_msgs/include/cartographer_ros_msgs/cartographer_ros_msgs/msg/detail/submap_list__functions.c
[6.769s] -- Up-to-date: /home/misaka/fishbot/install/cartographer_ros_msgs/include/cartographer_ros_msgs/cartographer_ros_msgs/msg/detail/submap_texture__struct.h
[6.769s] -- Up-to-date: /home/misaka/fishbot/install/cartographer_ros_msgs/include/cartographer_ros_msgs/cartographer_ros_msgs/msg/detail/submap_texture__functions.c
[6.769s] -- Up-to-date: /home/misaka/fishbot/install/cartographer_ros_msgs/include/cartographer_ros_msgs/cartographer_ros_msgs/msg/detail/status_response__type_support.h
[6.770s] -- Up-to-date: /home/misaka/fishbot/install/cartographer_ros_msgs/include/cartographer_ros_msgs/cartographer_ros_msgs/msg/detail/submap_list__struct.h
[6.770s] -- Up-to-date: /home/misaka/fishbot/install/cartographer_ros_msgs/include/cartographer_ros_msgs/cartographer_ros_msgs/msg/detail/metric__functions.c
[6.770s] -- Up-to-date: /home/misaka/fishbot/install/cartographer_ros_msgs/include/cartographer_ros_msgs/cartographer_ros_msgs/msg/detail/submap_entry__type_support.h
[6.771s] -- Up-to-date: /home/misaka/fishbot/install/cartographer_ros_msgs/include/cartographer_ros_msgs/cartographer_ros_msgs/msg/detail/submap_entry__functions.c
[6.772s] -- Up-to-date: /home/misaka/fishbot/install/cartographer_ros_msgs/include/cartographer_ros_msgs/cartographer_ros_msgs/msg/detail/metric_family__functions.c
[6.773s] -- Up-to-date: /home/misaka/fishbot/install/cartographer_ros_msgs/include/cartographer_ros_msgs/cartographer_ros_msgs/msg/detail/trajectory_states__functions.h
[6.773s] -- Up-to-date: /home/misaka/fishbot/install/cartographer_ros_msgs/include/cartographer_ros_msgs/cartographer_ros_msgs/msg/detail/status_code__type_support.h
[6.775s] -- Up-to-date: /home/misaka/fishbot/install/cartographer_ros_msgs/include/cartographer_ros_msgs/cartographer_ros_msgs/msg/detail/status_code__functions.h
[6.775s] -- Up-to-date: /home/misaka/fishbot/install/cartographer_ros_msgs/include/cartographer_ros_msgs/cartographer_ros_msgs/msg/detail/histogram_bucket__type_support.h
[6.776s] -- Up-to-date: /home/misaka/fishbot/install/cartographer_ros_msgs/include/cartographer_ros_msgs/cartographer_ros_msgs/msg/detail/landmark_entry__type_support.h
[6.780s] -- Up-to-date: /home/misaka/fishbot/install/cartographer_ros_msgs/include/cartographer_ros_msgs/cartographer_ros_msgs/msg/detail/status_response__struct.h
[6.783s] -- Up-to-date: /home/misaka/fishbot/install/cartographer_ros_msgs/include/cartographer_ros_msgs/cartographer_ros_msgs/msg/detail/submap_entry__functions.h
[6.785s] -- Up-to-date: /home/misaka/fishbot/install/cartographer_ros_msgs/include/cartographer_ros_msgs/cartographer_ros_msgs/msg/detail/landmark_list__struct.h
[6.787s] -- Up-to-date: /home/misaka/fishbot/install/cartographer_ros_msgs/include/cartographer_ros_msgs/cartographer_ros_msgs/msg/detail/landmark_entry__struct.h
[6.788s] -- Up-to-date: /home/misaka/fishbot/install/cartographer_ros_msgs/include/cartographer_ros_msgs/cartographer_ros_msgs/msg/detail/landmark_list__type_support.h
[6.789s] -- Up-to-date: /home/misaka/fishbot/install/cartographer_ros_msgs/include/cartographer_ros_msgs/cartographer_ros_msgs/msg/detail/metric__type_support.h
[6.789s] -- Up-to-date: /home/misaka/fishbot/install/cartographer_ros_msgs/include/cartographer_ros_msgs/cartographer_ros_msgs/msg/detail/trajectory_states__functions.c
[6.790s] -- Up-to-date: /home/misaka/fishbot/install/cartographer_ros_msgs/include/cartographer_ros_msgs/cartographer_ros_msgs/msg/detail/status_code__functions.c
[6.793s] -- Up-to-date: /home/misaka/fishbot/install/cartographer_ros_msgs/include/cartographer_ros_msgs/cartographer_ros_msgs/msg/detail/metric__struct.h
[6.794s] -- Up-to-date: /home/misaka/fishbot/install/cartographer_ros_msgs/include/cartographer_ros_msgs/cartographer_ros_msgs/msg/detail/status_response__functions.h
[6.795s] -- Up-to-date: /home/misaka/fishbot/install/cartographer_ros_msgs/include/cartographer_ros_msgs/cartographer_ros_msgs/msg/detail/metric_label__struct.h
[6.796s] -- Up-to-date: /home/misaka/fishbot/install/cartographer_ros_msgs/include/cartographer_ros_msgs/cartographer_ros_msgs/msg/detail/metric_family__struct.h
[6.797s] -- Up-to-date: /home/misaka/fishbot/install/cartographer_ros_msgs/include/cartographer_ros_msgs/cartographer_ros_msgs/msg/detail/metric_family__type_support.h
[6.797s] -- Up-to-date: /home/misaka/fishbot/install/cartographer_ros_msgs/include/cartographer_ros_msgs/cartographer_ros_msgs/msg/detail/submap_texture__functions.h
[6.797s] -- Up-to-date: /home/misaka/fishbot/install/cartographer_ros_msgs/include/cartographer_ros_msgs/cartographer_ros_msgs/msg/detail/trajectory_states__struct.h
[6.799s] -- Up-to-date: /home/misaka/fishbot/install/cartographer_ros_msgs/include/cartographer_ros_msgs/cartographer_ros_msgs/msg/detail/submap_list__functions.h
[6.801s] -- Up-to-date: /home/misaka/fishbot/install/cartographer_ros_msgs/include/cartographer_ros_msgs/cartographer_ros_msgs/msg/detail/histogram_bucket__functions.h
[6.802s] -- Up-to-date: /home/misaka/fishbot/install/cartographer_ros_msgs/include/cartographer_ros_msgs/cartographer_ros_msgs/msg/submap_list.h
[6.803s] -- Up-to-date: /home/misaka/fishbot/install/cartographer_ros_msgs/include/cartographer_ros_msgs/cartographer_ros_msgs/msg/metric_family.h
[6.803s] -- Up-to-date: /home/misaka/fishbot/install/cartographer_ros_msgs/include/cartographer_ros_msgs/cartographer_ros_msgs/msg/metric.h
[6.804s] -- Up-to-date: /home/misaka/fishbot/install/cartographer_ros_msgs/include/cartographer_ros_msgs/cartographer_ros_msgs/msg/status_response.h
[6.805s] -- Up-to-date: /home/misaka/fishbot/install/cartographer_ros_msgs/include/cartographer_ros_msgs/cartographer_ros_msgs/msg/submap_entry.h
[6.805s] -- Up-to-date: /home/misaka/fishbot/install/cartographer_ros_msgs/share/cartographer_ros_msgs/environment/library_path.sh
[6.806s] -- Up-to-date: /home/misaka/fishbot/install/cartographer_ros_msgs/share/cartographer_ros_msgs/environment/library_path.dsv
[6.808s] -- Up-to-date: /home/misaka/fishbot/install/cartographer_ros_msgs/lib/libcartographer_ros_msgs__rosidl_generator_c.so
[6.808s] -- Up-to-date: /home/misaka/fishbot/install/cartographer_ros_msgs/include/cartographer_ros_msgs/cartographer_ros_msgs
[6.810s] -- Up-to-date: /home/misaka/fishbot/install/cartographer_ros_msgs/include/cartographer_ros_msgs/cartographer_ros_msgs/srv
[6.812s] -- Up-to-date: /home/misaka/fishbot/install/cartographer_ros_msgs/include/cartographer_ros_msgs/cartographer_ros_msgs/srv/detail
[6.814s] -- Up-to-date: /home/misaka/fishbot/install/cartographer_ros_msgs/include/cartographer_ros_msgs/cartographer_ros_msgs/srv/detail/trajectory_query__rosidl_typesupport_fastrtps_c.h
[6.815s] -- Up-to-date: /home/misaka/fishbot/install/cartographer_ros_msgs/include/cartographer_ros_msgs/cartographer_ros_msgs/srv/detail/finish_trajectory__rosidl_typesupport_fastrtps_c.h
[6.817s] -- Up-to-date: /home/misaka/fishbot/install/cartographer_ros_msgs/include/cartographer_ros_msgs/cartographer_ros_msgs/srv/detail/read_metrics__rosidl_typesupport_fastrtps_c.h
[6.818s] -- Up-to-date: /home/misaka/fishbot/install/cartographer_ros_msgs/include/cartographer_ros_msgs/cartographer_ros_msgs/srv/detail/write_state__rosidl_typesupport_fastrtps_c.h
[6.820s] -- Up-to-date: /home/misaka/fishbot/install/cartographer_ros_msgs/include/cartographer_ros_msgs/cartographer_ros_msgs/srv/detail/get_trajectory_states__rosidl_typesupport_fastrtps_c.h
[6.821s] -- Up-to-date: /home/misaka/fishbot/install/cartographer_ros_msgs/include/cartographer_ros_msgs/cartographer_ros_msgs/srv/detail/start_trajectory__rosidl_typesupport_fastrtps_c.h
[6.822s] -- Up-to-date: /home/misaka/fishbot/install/cartographer_ros_msgs/include/cartographer_ros_msgs/cartographer_ros_msgs/srv/detail/submap_query__rosidl_typesupport_fastrtps_c.h
[6.822s] -- Up-to-date: /home/misaka/fishbot/install/cartographer_ros_msgs/include/cartographer_ros_msgs/cartographer_ros_msgs/msg
[6.822s] -- Up-to-date: /home/misaka/fishbot/install/cartographer_ros_msgs/include/cartographer_ros_msgs/cartographer_ros_msgs/msg/rosidl_typesupport_fastrtps_c__visibility_control.h
[6.823s] -- Up-to-date: /home/misaka/fishbot/install/cartographer_ros_msgs/include/cartographer_ros_msgs/cartographer_ros_msgs/msg/detail
[6.824s] -- Up-to-date: /home/misaka/fishbot/install/cartographer_ros_msgs/include/cartographer_ros_msgs/cartographer_ros_msgs/msg/detail/bagfile_progress__rosidl_typesupport_fastrtps_c.h
[6.825s] -- Up-to-date: /home/misaka/fishbot/install/cartographer_ros_msgs/include/cartographer_ros_msgs/cartographer_ros_msgs/msg/detail/landmark_entry__rosidl_typesupport_fastrtps_c.h
[6.825s] -- Up-to-date: /home/misaka/fishbot/install/cartographer_ros_msgs/include/cartographer_ros_msgs/cartographer_ros_msgs/msg/detail/submap_entry__rosidl_typesupport_fastrtps_c.h
[6.825s] -- Up-to-date: /home/misaka/fishbot/install/cartographer_ros_msgs/include/cartographer_ros_msgs/cartographer_ros_msgs/msg/detail/trajectory_states__rosidl_typesupport_fastrtps_c.h
[6.826s] -- Up-to-date: /home/misaka/fishbot/install/cartographer_ros_msgs/include/cartographer_ros_msgs/cartographer_ros_msgs/msg/detail/metric_family__rosidl_typesupport_fastrtps_c.h
[6.826s] -- Up-to-date: /home/misaka/fishbot/install/cartographer_ros_msgs/include/cartographer_ros_msgs/cartographer_ros_msgs/msg/detail/histogram_bucket__rosidl_typesupport_fastrtps_c.h
[6.827s] -- Up-to-date: /home/misaka/fishbot/install/cartographer_ros_msgs/include/cartographer_ros_msgs/cartographer_ros_msgs/msg/detail/status_response__rosidl_typesupport_fastrtps_c.h
[6.828s] -- Up-to-date: /home/misaka/fishbot/install/cartographer_ros_msgs/include/cartographer_ros_msgs/cartographer_ros_msgs/msg/detail/metric_label__rosidl_typesupport_fastrtps_c.h
[6.828s] -- Up-to-date: /home/misaka/fishbot/install/cartographer_ros_msgs/include/cartographer_ros_msgs/cartographer_ros_msgs/msg/detail/metric__rosidl_typesupport_fastrtps_c.h
[6.829s] -- Up-to-date: /home/misaka/fishbot/install/cartographer_ros_msgs/include/cartographer_ros_msgs/cartographer_ros_msgs/msg/detail/landmark_list__rosidl_typesupport_fastrtps_c.h
[6.829s] -- Up-to-date: /home/misaka/fishbot/install/cartographer_ros_msgs/include/cartographer_ros_msgs/cartographer_ros_msgs/msg/detail/submap_list__rosidl_typesupport_fastrtps_c.h
[6.831s] -- Up-to-date: /home/misaka/fishbot/install/cartographer_ros_msgs/include/cartographer_ros_msgs/cartographer_ros_msgs/msg/detail/status_code__rosidl_typesupport_fastrtps_c.h
[6.832s] -- Up-to-date: /home/misaka/fishbot/install/cartographer_ros_msgs/include/cartographer_ros_msgs/cartographer_ros_msgs/msg/detail/submap_texture__rosidl_typesupport_fastrtps_c.h
[6.833s] -- Up-to-date: /home/misaka/fishbot/install/cartographer_ros_msgs/lib/libcartographer_ros_msgs__rosidl_typesupport_fastrtps_c.so
[6.833s] -- Up-to-date: /home/misaka/fishbot/install/cartographer_ros_msgs/include/cartographer_ros_msgs/cartographer_ros_msgs
[6.835s] -- Up-to-date: /home/misaka/fishbot/install/cartographer_ros_msgs/include/cartographer_ros_msgs/cartographer_ros_msgs/srv
[6.835s] -- Up-to-date: /home/misaka/fishbot/install/cartographer_ros_msgs/include/cartographer_ros_msgs/cartographer_ros_msgs/srv/detail
[6.836s] -- Up-to-date: /home/misaka/fishbot/install/cartographer_ros_msgs/include/cartographer_ros_msgs/cartographer_ros_msgs/srv/detail/read_metrics__rosidl_typesupport_introspection_c.h
[6.838s] -- Up-to-date: /home/misaka/fishbot/install/cartographer_ros_msgs/include/cartographer_ros_msgs/cartographer_ros_msgs/srv/detail/get_trajectory_states__rosidl_typesupport_introspection_c.h
[6.839s] -- Up-to-date: /home/misaka/fishbot/install/cartographer_ros_msgs/include/cartographer_ros_msgs/cartographer_ros_msgs/srv/detail/write_state__rosidl_typesupport_introspection_c.h
[6.840s] -- Up-to-date: /home/misaka/fishbot/install/cartographer_ros_msgs/include/cartographer_ros_msgs/cartographer_ros_msgs/srv/detail/finish_trajectory__rosidl_typesupport_introspection_c.h
[6.842s] -- Up-to-date: /home/misaka/fishbot/install/cartographer_ros_msgs/include/cartographer_ros_msgs/cartographer_ros_msgs/srv/detail/read_metrics__type_support.c
[6.843s] -- Up-to-date: /home/misaka/fishbot/install/cartographer_ros_msgs/include/cartographer_ros_msgs/cartographer_ros_msgs/srv/detail/get_trajectory_states__type_support.c
[6.845s] -- Up-to-date: /home/misaka/fishbot/install/cartographer_ros_msgs/include/cartographer_ros_msgs/cartographer_ros_msgs/srv/detail/write_state__type_support.c
[6.846s] -- Up-to-date: /home/misaka/fishbot/install/cartographer_ros_msgs/include/cartographer_ros_msgs/cartographer_ros_msgs/srv/detail/trajectory_query__type_support.c
[6.849s] -- Up-to-date: /home/misaka/fishbot/install/cartographer_ros_msgs/include/cartographer_ros_msgs/cartographer_ros_msgs/srv/detail/trajectory_query__rosidl_typesupport_introspection_c.h
[6.850s] -- Up-to-date: /home/misaka/fishbot/install/cartographer_ros_msgs/include/cartographer_ros_msgs/cartographer_ros_msgs/srv/detail/start_trajectory__type_support.c
[6.850s] -- Up-to-date: /home/misaka/fishbot/install/cartographer_ros_msgs/include/cartographer_ros_msgs/cartographer_ros_msgs/srv/detail/start_trajectory__rosidl_typesupport_introspection_c.h
[6.851s] -- Up-to-date: /home/misaka/fishbot/install/cartographer_ros_msgs/include/cartographer_ros_msgs/cartographer_ros_msgs/srv/detail/finish_trajectory__type_support.c
[6.851s] -- Up-to-date: /home/misaka/fishbot/install/cartographer_ros_msgs/include/cartographer_ros_msgs/cartographer_ros_msgs/srv/detail/submap_query__rosidl_typesupport_introspection_c.h
[6.852s] -- Up-to-date: /home/misaka/fishbot/install/cartographer_ros_msgs/include/cartographer_ros_msgs/cartographer_ros_msgs/srv/detail/submap_query__type_support.c
[6.853s] -- Up-to-date: /home/misaka/fishbot/install/cartographer_ros_msgs/include/cartographer_ros_msgs/cartographer_ros_msgs/msg
[6.854s] -- Up-to-date: /home/misaka/fishbot/install/cartographer_ros_msgs/include/cartographer_ros_msgs/cartographer_ros_msgs/msg/detail
[6.854s] -- Up-to-date: /home/misaka/fishbot/install/cartographer_ros_msgs/include/cartographer_ros_msgs/cartographer_ros_msgs/msg/detail/metric__type_support.c
[6.855s] -- Up-to-date: /home/misaka/fishbot/install/cartographer_ros_msgs/include/cartographer_ros_msgs/cartographer_ros_msgs/msg/detail/submap_list__type_support.c
[6.856s] -- Up-to-date: /home/misaka/fishbot/install/cartographer_ros_msgs/include/cartographer_ros_msgs/cartographer_ros_msgs/msg/detail/submap_texture__rosidl_typesupport_introspection_c.h
[6.858s] -- Up-to-date: /home/misaka/fishbot/install/cartographer_ros_msgs/include/cartographer_ros_msgs/cartographer_ros_msgs/msg/detail/landmark_list__type_support.c
[6.859s] -- Up-to-date: /home/misaka/fishbot/install/cartographer_ros_msgs/include/cartographer_ros_msgs/cartographer_ros_msgs/msg/detail/submap_entry__rosidl_typesupport_introspection_c.h
[6.859s] -- Up-to-date: /home/misaka/fishbot/install/cartographer_ros_msgs/include/cartographer_ros_msgs/cartographer_ros_msgs/msg/detail/landmark_entry__rosidl_typesupport_introspection_c.h
[6.860s] -- Up-to-date: /home/misaka/fishbot/install/cartographer_ros_msgs/include/cartographer_ros_msgs/cartographer_ros_msgs/msg/detail/histogram_bucket__rosidl_typesupport_introspection_c.h
[6.861s] -- Up-to-date: /home/misaka/fishbot/install/cartographer_ros_msgs/include/cartographer_ros_msgs/cartographer_ros_msgs/msg/detail/bagfile_progress__rosidl_typesupport_introspection_c.h
[6.863s] -- Up-to-date: /home/misaka/fishbot/install/cartographer_ros_msgs/include/cartographer_ros_msgs/cartographer_ros_msgs/msg/detail/metric_family__rosidl_typesupport_introspection_c.h
[6.863s] -- Up-to-date: /home/misaka/fishbot/install/cartographer_ros_msgs/include/cartographer_ros_msgs/cartographer_ros_msgs/msg/detail/status_response__rosidl_typesupport_introspection_c.h
[6.864s] -- Up-to-date: /home/misaka/fishbot/install/cartographer_ros_msgs/include/cartographer_ros_msgs/cartographer_ros_msgs/msg/detail/trajectory_states__rosidl_typesupport_introspection_c.h
[6.865s] -- Up-to-date: /home/misaka/fishbot/install/cartographer_ros_msgs/include/cartographer_ros_msgs/cartographer_ros_msgs/msg/detail/bagfile_progress__type_support.c
[6.865s] -- Up-to-date: /home/misaka/fishbot/install/cartographer_ros_msgs/include/cartographer_ros_msgs/cartographer_ros_msgs/msg/detail/landmark_entry__type_support.c
[6.866s] -- Up-to-date: /home/misaka/fishbot/install/cartographer_ros_msgs/include/cartographer_ros_msgs/cartographer_ros_msgs/msg/detail/status_code__rosidl_typesupport_introspection_c.h
[6.866s] -- Up-to-date: /home/misaka/fishbot/install/cartographer_ros_msgs/include/cartographer_ros_msgs/cartographer_ros_msgs/msg/detail/submap_list__rosidl_typesupport_introspection_c.h
[6.867s] -- Up-to-date: /home/misaka/fishbot/install/cartographer_ros_msgs/include/cartographer_ros_msgs/cartographer_ros_msgs/msg/detail/submap_entry__type_support.c
[6.867s] -- Up-to-date: /home/misaka/fishbot/install/cartographer_ros_msgs/include/cartographer_ros_msgs/cartographer_ros_msgs/msg/detail/status_response__type_support.c
[6.868s] -- Up-to-date: /home/misaka/fishbot/install/cartographer_ros_msgs/include/cartographer_ros_msgs/cartographer_ros_msgs/msg/detail/landmark_list__rosidl_typesupport_introspection_c.h
[6.869s] -- Up-to-date: /home/misaka/fishbot/install/cartographer_ros_msgs/include/cartographer_ros_msgs/cartographer_ros_msgs/msg/detail/metric__rosidl_typesupport_introspection_c.h
[6.870s] -- Up-to-date: /home/misaka/fishbot/install/cartographer_ros_msgs/include/cartographer_ros_msgs/cartographer_ros_msgs/msg/detail/metric_label__type_support.c
[6.871s] -- Up-to-date: /home/misaka/fishbot/install/cartographer_ros_msgs/include/cartographer_ros_msgs/cartographer_ros_msgs/msg/detail/metric_family__type_support.c
[6.871s] -- Up-to-date: /home/misaka/fishbot/install/cartographer_ros_msgs/include/cartographer_ros_msgs/cartographer_ros_msgs/msg/detail/submap_texture__type_support.c
[6.872s] -- Up-to-date: /home/misaka/fishbot/install/cartographer_ros_msgs/include/cartographer_ros_msgs/cartographer_ros_msgs/msg/detail/trajectory_states__type_support.c
[6.872s] -- Up-to-date: /home/misaka/fishbot/install/cartographer_ros_msgs/include/cartographer_ros_msgs/cartographer_ros_msgs/msg/detail/status_code__type_support.c
[6.872s] -- Up-to-date: /home/misaka/fishbot/install/cartographer_ros_msgs/include/cartographer_ros_msgs/cartographer_ros_msgs/msg/detail/histogram_bucket__type_support.c
[6.873s] -- Up-to-date: /home/misaka/fishbot/install/cartographer_ros_msgs/include/cartographer_ros_msgs/cartographer_ros_msgs/msg/detail/metric_label__rosidl_typesupport_introspection_c.h
[6.873s] -- Up-to-date: /home/misaka/fishbot/install/cartographer_ros_msgs/include/cartographer_ros_msgs/cartographer_ros_msgs/msg/rosidl_typesupport_introspection_c__visibility_control.h
[6.873s] -- Up-to-date: /home/misaka/fishbot/install/cartographer_ros_msgs/lib/libcartographer_ros_msgs__rosidl_typesupport_introspection_c.so
[6.874s] -- Up-to-date: /home/misaka/fishbot/install/cartographer_ros_msgs/lib/libcartographer_ros_msgs__rosidl_typesupport_c.so
[6.876s] -- Up-to-date: /home/misaka/fishbot/install/cartographer_ros_msgs/include/cartographer_ros_msgs/cartographer_ros_msgs
[6.877s] -- Up-to-date: /home/misaka/fishbot/install/cartographer_ros_msgs/include/cartographer_ros_msgs/cartographer_ros_msgs/srv
[6.878s] -- Up-to-date: /home/misaka/fishbot/install/cartographer_ros_msgs/include/cartographer_ros_msgs/cartographer_ros_msgs/srv/write_state.hpp
[6.879s] -- Up-to-date: /home/misaka/fishbot/install/cartographer_ros_msgs/include/cartographer_ros_msgs/cartographer_ros_msgs/srv/get_trajectory_states.hpp
[6.880s] -- Up-to-date: /home/misaka/fishbot/install/cartographer_ros_msgs/include/cartographer_ros_msgs/cartographer_ros_msgs/srv/start_trajectory.hpp
[6.880s] -- Up-to-date: /home/misaka/fishbot/install/cartographer_ros_msgs/include/cartographer_ros_msgs/cartographer_ros_msgs/srv/submap_query.hpp
[6.881s] -- Up-to-date: /home/misaka/fishbot/install/cartographer_ros_msgs/include/cartographer_ros_msgs/cartographer_ros_msgs/srv/trajectory_query.hpp
[6.881s] -- Up-to-date: /home/misaka/fishbot/install/cartographer_ros_msgs/include/cartographer_ros_msgs/cartographer_ros_msgs/srv/finish_trajectory.hpp
[6.882s] -- Up-to-date: /home/misaka/fishbot/install/cartographer_ros_msgs/include/cartographer_ros_msgs/cartographer_ros_msgs/srv/detail
[6.882s] -- Up-to-date: /home/misaka/fishbot/install/cartographer_ros_msgs/include/cartographer_ros_msgs/cartographer_ros_msgs/srv/detail/get_trajectory_states__struct.hpp
[6.883s] -- Up-to-date: /home/misaka/fishbot/install/cartographer_ros_msgs/include/cartographer_ros_msgs/cartographer_ros_msgs/srv/detail/start_trajectory__struct.hpp
[6.883s] -- Up-to-date: /home/misaka/fishbot/install/cartographer_ros_msgs/include/cartographer_ros_msgs/cartographer_ros_msgs/srv/detail/get_trajectory_states__builder.hpp
[6.884s] -- Up-to-date: /home/misaka/fishbot/install/cartographer_ros_msgs/include/cartographer_ros_msgs/cartographer_ros_msgs/srv/detail/start_trajectory__traits.hpp
[6.884s] -- Up-to-date: /home/misaka/fishbot/install/cartographer_ros_msgs/include/cartographer_ros_msgs/cartographer_ros_msgs/srv/detail/trajectory_query__struct.hpp
[6.885s] -- Up-to-date: /home/misaka/fishbot/install/cartographer_ros_msgs/include/cartographer_ros_msgs/cartographer_ros_msgs/srv/detail/finish_trajectory__struct.hpp
[6.886s] -- Up-to-date: /home/misaka/fishbot/install/cartographer_ros_msgs/include/cartographer_ros_msgs/cartographer_ros_msgs/srv/detail/write_state__struct.hpp
[6.886s] -- Up-to-date: /home/misaka/fishbot/install/cartographer_ros_msgs/include/cartographer_ros_msgs/cartographer_ros_msgs/srv/detail/read_metrics__struct.hpp
[6.886s] -- Up-to-date: /home/misaka/fishbot/install/cartographer_ros_msgs/include/cartographer_ros_msgs/cartographer_ros_msgs/srv/detail/submap_query__struct.hpp
[6.886s] -- Up-to-date: /home/misaka/fishbot/install/cartographer_ros_msgs/include/cartographer_ros_msgs/cartographer_ros_msgs/srv/detail/write_state__builder.hpp
[6.887s] -- Up-to-date: /home/misaka/fishbot/install/cartographer_ros_msgs/include/cartographer_ros_msgs/cartographer_ros_msgs/srv/detail/finish_trajectory__traits.hpp
[6.887s] -- Up-to-date: /home/misaka/fishbot/install/cartographer_ros_msgs/include/cartographer_ros_msgs/cartographer_ros_msgs/srv/detail/submap_query__traits.hpp
[6.887s] -- Up-to-date: /home/misaka/fishbot/install/cartographer_ros_msgs/include/cartographer_ros_msgs/cartographer_ros_msgs/srv/detail/finish_trajectory__builder.hpp
[6.887s] -- Up-to-date: /home/misaka/fishbot/install/cartographer_ros_msgs/include/cartographer_ros_msgs/cartographer_ros_msgs/srv/detail/read_metrics__builder.hpp
[6.887s] -- Up-to-date: /home/misaka/fishbot/install/cartographer_ros_msgs/include/cartographer_ros_msgs/cartographer_ros_msgs/srv/detail/write_state__traits.hpp
[6.888s] -- Up-to-date: /home/misaka/fishbot/install/cartographer_ros_msgs/include/cartographer_ros_msgs/cartographer_ros_msgs/srv/detail/read_metrics__traits.hpp
[6.888s] -- Up-to-date: /home/misaka/fishbot/install/cartographer_ros_msgs/include/cartographer_ros_msgs/cartographer_ros_msgs/srv/detail/start_trajectory__builder.hpp
[6.888s] -- Up-to-date: /home/misaka/fishbot/install/cartographer_ros_msgs/include/cartographer_ros_msgs/cartographer_ros_msgs/srv/detail/trajectory_query__traits.hpp
[6.888s] -- Up-to-date: /home/misaka/fishbot/install/cartographer_ros_msgs/include/cartographer_ros_msgs/cartographer_ros_msgs/srv/detail/submap_query__builder.hpp
[6.889s] -- Up-to-date: /home/misaka/fishbot/install/cartographer_ros_msgs/include/cartographer_ros_msgs/cartographer_ros_msgs/srv/detail/trajectory_query__builder.hpp
[6.889s] -- Up-to-date: /home/misaka/fishbot/install/cartographer_ros_msgs/include/cartographer_ros_msgs/cartographer_ros_msgs/srv/detail/get_trajectory_states__traits.hpp
[6.889s] -- Up-to-date: /home/misaka/fishbot/install/cartographer_ros_msgs/include/cartographer_ros_msgs/cartographer_ros_msgs/srv/read_metrics.hpp
[6.889s] -- Up-to-date: /home/misaka/fishbot/install/cartographer_ros_msgs/include/cartographer_ros_msgs/cartographer_ros_msgs/msg
[6.890s] -- Up-to-date: /home/misaka/fishbot/install/cartographer_ros_msgs/include/cartographer_ros_msgs/cartographer_ros_msgs/msg/submap_texture.hpp
[6.890s] -- Up-to-date: /home/misaka/fishbot/install/cartographer_ros_msgs/include/cartographer_ros_msgs/cartographer_ros_msgs/msg/status_response.hpp
[6.891s] -- Up-to-date: /home/misaka/fishbot/install/cartographer_ros_msgs/include/cartographer_ros_msgs/cartographer_ros_msgs/msg/landmark_entry.hpp
[6.891s] -- Up-to-date: /home/misaka/fishbot/install/cartographer_ros_msgs/include/cartographer_ros_msgs/cartographer_ros_msgs/msg/status_code.hpp
[6.891s] -- Up-to-date: /home/misaka/fishbot/install/cartographer_ros_msgs/include/cartographer_ros_msgs/cartographer_ros_msgs/msg/landmark_list.hpp
[6.892s] -- Up-to-date: /home/misaka/fishbot/install/cartographer_ros_msgs/include/cartographer_ros_msgs/cartographer_ros_msgs/msg/submap_entry.hpp
[6.892s] -- Up-to-date: /home/misaka/fishbot/install/cartographer_ros_msgs/include/cartographer_ros_msgs/cartographer_ros_msgs/msg/submap_list.hpp
[6.892s] -- Up-to-date: /home/misaka/fishbot/install/cartographer_ros_msgs/include/cartographer_ros_msgs/cartographer_ros_msgs/msg/histogram_bucket.hpp
[6.893s] -- Up-to-date: /home/misaka/fishbot/install/cartographer_ros_msgs/include/cartographer_ros_msgs/cartographer_ros_msgs/msg/metric_label.hpp
[6.893s] -- Up-to-date: /home/misaka/fishbot/install/cartographer_ros_msgs/include/cartographer_ros_msgs/cartographer_ros_msgs/msg/detail
[6.893s] -- Up-to-date: /home/misaka/fishbot/install/cartographer_ros_msgs/include/cartographer_ros_msgs/cartographer_ros_msgs/msg/detail/status_code__builder.hpp
[6.896s] -- Up-to-date: /home/misaka/fishbot/install/cartographer_ros_msgs/include/cartographer_ros_msgs/cartographer_ros_msgs/msg/detail/landmark_entry__traits.hpp
[6.896s] -- Up-to-date: /home/misaka/fishbot/install/cartographer_ros_msgs/include/cartographer_ros_msgs/cartographer_ros_msgs/msg/detail/status_response__builder.hpp
[6.897s] -- Up-to-date: /home/misaka/fishbot/install/cartographer_ros_msgs/include/cartographer_ros_msgs/cartographer_ros_msgs/msg/detail/submap_list__traits.hpp
[6.897s] -- Up-to-date: /home/misaka/fishbot/install/cartographer_ros_msgs/include/cartographer_ros_msgs/cartographer_ros_msgs/msg/detail/metric_family__traits.hpp
[6.897s] -- Up-to-date: /home/misaka/fishbot/install/cartographer_ros_msgs/include/cartographer_ros_msgs/cartographer_ros_msgs/msg/detail/status_code__struct.hpp
[6.898s] -- Up-to-date: /home/misaka/fishbot/install/cartographer_ros_msgs/include/cartographer_ros_msgs/cartographer_ros_msgs/msg/detail/submap_texture__builder.hpp
[6.898s] -- Up-to-date: /home/misaka/fishbot/install/cartographer_ros_msgs/include/cartographer_ros_msgs/cartographer_ros_msgs/msg/detail/metric_label__traits.hpp
[6.898s] -- Up-to-date: /home/misaka/fishbot/install/cartographer_ros_msgs/include/cartographer_ros_msgs/cartographer_ros_msgs/msg/detail/submap_list__builder.hpp
[6.899s] -- Up-to-date: /home/misaka/fishbot/install/cartographer_ros_msgs/include/cartographer_ros_msgs/cartographer_ros_msgs/msg/detail/bagfile_progress__traits.hpp
[6.899s] -- Up-to-date: /home/misaka/fishbot/install/cartographer_ros_msgs/include/cartographer_ros_msgs/cartographer_ros_msgs/msg/detail/landmark_list__struct.hpp
[6.899s] -- Up-to-date: /home/misaka/fishbot/install/cartographer_ros_msgs/include/cartographer_ros_msgs/cartographer_ros_msgs/msg/detail/submap_list__struct.hpp
[6.900s] -- Up-to-date: /home/misaka/fishbot/install/cartographer_ros_msgs/include/cartographer_ros_msgs/cartographer_ros_msgs/msg/detail/landmark_list__builder.hpp
[6.901s] -- Up-to-date: /home/misaka/fishbot/install/cartographer_ros_msgs/include/cartographer_ros_msgs/cartographer_ros_msgs/msg/detail/metric__builder.hpp
[6.901s] -- Up-to-date: /home/misaka/fishbot/install/cartographer_ros_msgs/include/cartographer_ros_msgs/cartographer_ros_msgs/msg/detail/bagfile_progress__struct.hpp
[6.903s] -- Up-to-date: /home/misaka/fishbot/install/cartographer_ros_msgs/include/cartographer_ros_msgs/cartographer_ros_msgs/msg/detail/metric__struct.hpp
[6.905s] -- Up-to-date: /home/misaka/fishbot/install/cartographer_ros_msgs/include/cartographer_ros_msgs/cartographer_ros_msgs/msg/detail/status_code__traits.hpp
[6.906s] -- Up-to-date: /home/misaka/fishbot/install/cartographer_ros_msgs/include/cartographer_ros_msgs/cartographer_ros_msgs/msg/detail/submap_texture__traits.hpp
[6.906s] -- Up-to-date: /home/misaka/fishbot/install/cartographer_ros_msgs/include/cartographer_ros_msgs/cartographer_ros_msgs/msg/detail/status_response__traits.hpp
[6.907s] -- Up-to-date: /home/misaka/fishbot/install/cartographer_ros_msgs/include/cartographer_ros_msgs/cartographer_ros_msgs/msg/detail/landmark_list__traits.hpp
[6.907s] -- Up-to-date: /home/misaka/fishbot/install/cartographer_ros_msgs/include/cartographer_ros_msgs/cartographer_ros_msgs/msg/detail/metric__traits.hpp
[6.908s] -- Up-to-date: /home/misaka/fishbot/install/cartographer_ros_msgs/include/cartographer_ros_msgs/cartographer_ros_msgs/msg/detail/submap_entry__traits.hpp
[6.908s] -- Up-to-date: /home/misaka/fishbot/install/cartographer_ros_msgs/include/cartographer_ros_msgs/cartographer_ros_msgs/msg/detail/histogram_bucket__builder.hpp
[6.908s] -- Up-to-date: /home/misaka/fishbot/install/cartographer_ros_msgs/include/cartographer_ros_msgs/cartographer_ros_msgs/msg/detail/landmark_entry__builder.hpp
[6.909s] -- Up-to-date: /home/misaka/fishbot/install/cartographer_ros_msgs/include/cartographer_ros_msgs/cartographer_ros_msgs/msg/detail/landmark_entry__struct.hpp
[6.909s] -- Up-to-date: /home/misaka/fishbot/install/cartographer_ros_msgs/include/cartographer_ros_msgs/cartographer_ros_msgs/msg/detail/bagfile_progress__builder.hpp
[6.910s] -- Up-to-date: /home/misaka/fishbot/install/cartographer_ros_msgs/include/cartographer_ros_msgs/cartographer_ros_msgs/msg/detail/histogram_bucket__struct.hpp
[6.910s] -- Up-to-date: /home/misaka/fishbot/install/cartographer_ros_msgs/include/cartographer_ros_msgs/cartographer_ros_msgs/msg/detail/submap_entry__struct.hpp
[6.911s] -- Up-to-date: /home/misaka/fishbot/install/cartographer_ros_msgs/include/cartographer_ros_msgs/cartographer_ros_msgs/msg/detail/trajectory_states__struct.hpp
[6.911s] -- Up-to-date: /home/misaka/fishbot/install/cartographer_ros_msgs/include/cartographer_ros_msgs/cartographer_ros_msgs/msg/detail/metric_label__struct.hpp
[6.912s] -- Up-to-date: /home/misaka/fishbot/install/cartographer_ros_msgs/include/cartographer_ros_msgs/cartographer_ros_msgs/msg/detail/trajectory_states__builder.hpp
[6.912s] -- Up-to-date: /home/misaka/fishbot/install/cartographer_ros_msgs/include/cartographer_ros_msgs/cartographer_ros_msgs/msg/detail/metric_label__builder.hpp
[6.914s] -- Up-to-date: /home/misaka/fishbot/install/cartographer_ros_msgs/include/cartographer_ros_msgs/cartographer_ros_msgs/msg/detail/histogram_bucket__traits.hpp
[6.914s] -- Up-to-date: /home/misaka/fishbot/install/cartographer_ros_msgs/include/cartographer_ros_msgs/cartographer_ros_msgs/msg/detail/status_response__struct.hpp
[6.915s] -- Up-to-date: /home/misaka/fishbot/install/cartographer_ros_msgs/include/cartographer_ros_msgs/cartographer_ros_msgs/msg/detail/metric_family__struct.hpp
[6.915s] -- Up-to-date: /home/misaka/fishbot/install/cartographer_ros_msgs/include/cartographer_ros_msgs/cartographer_ros_msgs/msg/detail/submap_texture__struct.hpp
[6.916s] -- Up-to-date: /home/misaka/fishbot/install/cartographer_ros_msgs/include/cartographer_ros_msgs/cartographer_ros_msgs/msg/detail/submap_entry__builder.hpp
[6.916s] -- Up-to-date: /home/misaka/fishbot/install/cartographer_ros_msgs/include/cartographer_ros_msgs/cartographer_ros_msgs/msg/detail/trajectory_states__traits.hpp
[6.917s] -- Up-to-date: /home/misaka/fishbot/install/cartographer_ros_msgs/include/cartographer_ros_msgs/cartographer_ros_msgs/msg/detail/metric_family__builder.hpp
[6.917s] -- Up-to-date: /home/misaka/fishbot/install/cartographer_ros_msgs/include/cartographer_ros_msgs/cartographer_ros_msgs/msg/metric.hpp
[6.917s] -- Up-to-date: /home/misaka/fishbot/install/cartographer_ros_msgs/include/cartographer_ros_msgs/cartographer_ros_msgs/msg/bagfile_progress.hpp
[6.918s] -- Up-to-date: /home/misaka/fishbot/install/cartographer_ros_msgs/include/cartographer_ros_msgs/cartographer_ros_msgs/msg/trajectory_states.hpp
[6.918s] -- Up-to-date: /home/misaka/fishbot/install/cartographer_ros_msgs/include/cartographer_ros_msgs/cartographer_ros_msgs/msg/metric_family.hpp
[6.919s] -- Up-to-date: /home/misaka/fishbot/install/cartographer_ros_msgs/include/cartographer_ros_msgs/cartographer_ros_msgs
[6.919s] -- Up-to-date: /home/misaka/fishbot/install/cartographer_ros_msgs/include/cartographer_ros_msgs/cartographer_ros_msgs/srv
[6.921s] -- Up-to-date: /home/misaka/fishbot/install/cartographer_ros_msgs/include/cartographer_ros_msgs/cartographer_ros_msgs/srv/detail
[6.921s] -- Up-to-date: /home/misaka/fishbot/install/cartographer_ros_msgs/include/cartographer_ros_msgs/cartographer_ros_msgs/srv/detail/submap_query__rosidl_typesupport_fastrtps_cpp.hpp
[6.922s] -- Up-to-date: /home/misaka/fishbot/install/cartographer_ros_msgs/include/cartographer_ros_msgs/cartographer_ros_msgs/srv/detail/dds_fastrtps
[6.923s] -- Up-to-date: /home/misaka/fishbot/install/cartographer_ros_msgs/include/cartographer_ros_msgs/cartographer_ros_msgs/srv/detail/get_trajectory_states__rosidl_typesupport_fastrtps_cpp.hpp
[6.923s] -- Up-to-date: /home/misaka/fishbot/install/cartographer_ros_msgs/include/cartographer_ros_msgs/cartographer_ros_msgs/srv/detail/trajectory_query__rosidl_typesupport_fastrtps_cpp.hpp
[6.923s] -- Up-to-date: /home/misaka/fishbot/install/cartographer_ros_msgs/include/cartographer_ros_msgs/cartographer_ros_msgs/srv/detail/read_metrics__rosidl_typesupport_fastrtps_cpp.hpp
[6.925s] -- Up-to-date: /home/misaka/fishbot/install/cartographer_ros_msgs/include/cartographer_ros_msgs/cartographer_ros_msgs/srv/detail/finish_trajectory__rosidl_typesupport_fastrtps_cpp.hpp
[6.925s] -- Up-to-date: /home/misaka/fishbot/install/cartographer_ros_msgs/include/cartographer_ros_msgs/cartographer_ros_msgs/srv/detail/start_trajectory__rosidl_typesupport_fastrtps_cpp.hpp
[6.926s] -- Up-to-date: /home/misaka/fishbot/install/cartographer_ros_msgs/include/cartographer_ros_msgs/cartographer_ros_msgs/srv/detail/write_state__rosidl_typesupport_fastrtps_cpp.hpp
[6.926s] -- Up-to-date: /home/misaka/fishbot/install/cartographer_ros_msgs/include/cartographer_ros_msgs/cartographer_ros_msgs/msg
[6.926s] -- Up-to-date: /home/misaka/fishbot/install/cartographer_ros_msgs/include/cartographer_ros_msgs/cartographer_ros_msgs/msg/detail
[6.926s] -- Up-to-date: /home/misaka/fishbot/install/cartographer_ros_msgs/include/cartographer_ros_msgs/cartographer_ros_msgs/msg/detail/landmark_list__rosidl_typesupport_fastrtps_cpp.hpp
[6.927s] -- Up-to-date: /home/misaka/fishbot/install/cartographer_ros_msgs/include/cartographer_ros_msgs/cartographer_ros_msgs/msg/detail/histogram_bucket__rosidl_typesupport_fastrtps_cpp.hpp
[6.927s] -- Up-to-date: /home/misaka/fishbot/install/cartographer_ros_msgs/include/cartographer_ros_msgs/cartographer_ros_msgs/msg/detail/submap_entry__rosidl_typesupport_fastrtps_cpp.hpp
[6.927s] -- Up-to-date: /home/misaka/fishbot/install/cartographer_ros_msgs/include/cartographer_ros_msgs/cartographer_ros_msgs/msg/detail/status_code__rosidl_typesupport_fastrtps_cpp.hpp
[6.927s] -- Up-to-date: /home/misaka/fishbot/install/cartographer_ros_msgs/include/cartographer_ros_msgs/cartographer_ros_msgs/msg/detail/metric_label__rosidl_typesupport_fastrtps_cpp.hpp
[6.928s] -- Up-to-date: /home/misaka/fishbot/install/cartographer_ros_msgs/include/cartographer_ros_msgs/cartographer_ros_msgs/msg/detail/dds_fastrtps
[6.928s] -- Up-to-date: /home/misaka/fishbot/install/cartographer_ros_msgs/include/cartographer_ros_msgs/cartographer_ros_msgs/msg/detail/submap_texture__rosidl_typesupport_fastrtps_cpp.hpp
[6.928s] -- Up-to-date: /home/misaka/fishbot/install/cartographer_ros_msgs/include/cartographer_ros_msgs/cartographer_ros_msgs/msg/detail/trajectory_states__rosidl_typesupport_fastrtps_cpp.hpp
[6.928s] -- Up-to-date: /home/misaka/fishbot/install/cartographer_ros_msgs/include/cartographer_ros_msgs/cartographer_ros_msgs/msg/detail/metric_family__rosidl_typesupport_fastrtps_cpp.hpp
[6.929s] -- Up-to-date: /home/misaka/fishbot/install/cartographer_ros_msgs/include/cartographer_ros_msgs/cartographer_ros_msgs/msg/detail/metric__rosidl_typesupport_fastrtps_cpp.hpp
[6.930s] -- Up-to-date: /home/misaka/fishbot/install/cartographer_ros_msgs/include/cartographer_ros_msgs/cartographer_ros_msgs/msg/detail/status_response__rosidl_typesupport_fastrtps_cpp.hpp
[6.930s] -- Up-to-date: /home/misaka/fishbot/install/cartographer_ros_msgs/include/cartographer_ros_msgs/cartographer_ros_msgs/msg/detail/landmark_entry__rosidl_typesupport_fastrtps_cpp.hpp
[6.931s] -- Up-to-date: /home/misaka/fishbot/install/cartographer_ros_msgs/include/cartographer_ros_msgs/cartographer_ros_msgs/msg/detail/bagfile_progress__rosidl_typesupport_fastrtps_cpp.hpp
[6.931s] -- Up-to-date: /home/misaka/fishbot/install/cartographer_ros_msgs/include/cartographer_ros_msgs/cartographer_ros_msgs/msg/detail/submap_list__rosidl_typesupport_fastrtps_cpp.hpp
[6.931s] -- Up-to-date: /home/misaka/fishbot/install/cartographer_ros_msgs/include/cartographer_ros_msgs/cartographer_ros_msgs/msg/rosidl_typesupport_fastrtps_cpp__visibility_control.h
[6.932s] -- Up-to-date: /home/misaka/fishbot/install/cartographer_ros_msgs/lib/libcartographer_ros_msgs__rosidl_typesupport_fastrtps_cpp.so
[6.932s] -- Up-to-date: /home/misaka/fishbot/install/cartographer_ros_msgs/include/cartographer_ros_msgs/cartographer_ros_msgs
[6.933s] -- Up-to-date: /home/misaka/fishbot/install/cartographer_ros_msgs/include/cartographer_ros_msgs/cartographer_ros_msgs/srv
[6.934s] -- Up-to-date: /home/misaka/fishbot/install/cartographer_ros_msgs/include/cartographer_ros_msgs/cartographer_ros_msgs/srv/detail
[6.935s] -- Up-to-date: /home/misaka/fishbot/install/cartographer_ros_msgs/include/cartographer_ros_msgs/cartographer_ros_msgs/srv/detail/get_trajectory_states__rosidl_typesupport_introspection_cpp.hpp
[6.936s] -- Up-to-date: /home/misaka/fishbot/install/cartographer_ros_msgs/include/cartographer_ros_msgs/cartographer_ros_msgs/srv/detail/start_trajectory__type_support.cpp
[6.936s] -- Up-to-date: /home/misaka/fishbot/install/cartographer_ros_msgs/include/cartographer_ros_msgs/cartographer_ros_msgs/srv/detail/read_metrics__type_support.cpp
[6.938s] -- Up-to-date: /home/misaka/fishbot/install/cartographer_ros_msgs/include/cartographer_ros_msgs/cartographer_ros_msgs/srv/detail/read_metrics__rosidl_typesupport_introspection_cpp.hpp
[6.938s] -- Up-to-date: /home/misaka/fishbot/install/cartographer_ros_msgs/include/cartographer_ros_msgs/cartographer_ros_msgs/srv/detail/start_trajectory__rosidl_typesupport_introspection_cpp.hpp
[6.939s] -- Up-to-date: /home/misaka/fishbot/install/cartographer_ros_msgs/include/cartographer_ros_msgs/cartographer_ros_msgs/srv/detail/write_state__type_support.cpp
[6.939s] -- Up-to-date: /home/misaka/fishbot/install/cartographer_ros_msgs/include/cartographer_ros_msgs/cartographer_ros_msgs/srv/detail/get_trajectory_states__type_support.cpp
[6.940s] -- Up-to-date: /home/misaka/fishbot/install/cartographer_ros_msgs/include/cartographer_ros_msgs/cartographer_ros_msgs/srv/detail/trajectory_query__rosidl_typesupport_introspection_cpp.hpp
[6.941s] -- Up-to-date: /home/misaka/fishbot/install/cartographer_ros_msgs/include/cartographer_ros_msgs/cartographer_ros_msgs/srv/detail/submap_query__type_support.cpp
[6.942s] -- Up-to-date: /home/misaka/fishbot/install/cartographer_ros_msgs/include/cartographer_ros_msgs/cartographer_ros_msgs/srv/detail/write_state__rosidl_typesupport_introspection_cpp.hpp
[6.942s] -- Up-to-date: /home/misaka/fishbot/install/cartographer_ros_msgs/include/cartographer_ros_msgs/cartographer_ros_msgs/srv/detail/trajectory_query__type_support.cpp
[6.942s] -- Up-to-date: /home/misaka/fishbot/install/cartographer_ros_msgs/include/cartographer_ros_msgs/cartographer_ros_msgs/srv/detail/submap_query__rosidl_typesupport_introspection_cpp.hpp
[6.942s] -- Up-to-date: /home/misaka/fishbot/install/cartographer_ros_msgs/include/cartographer_ros_msgs/cartographer_ros_msgs/srv/detail/finish_trajectory__rosidl_typesupport_introspection_cpp.hpp
[6.942s] -- Up-to-date: /home/misaka/fishbot/install/cartographer_ros_msgs/include/cartographer_ros_msgs/cartographer_ros_msgs/srv/detail/finish_trajectory__type_support.cpp
[6.942s] -- Up-to-date: /home/misaka/fishbot/install/cartographer_ros_msgs/include/cartographer_ros_msgs/cartographer_ros_msgs/msg
[6.943s] -- Up-to-date: /home/misaka/fishbot/install/cartographer_ros_msgs/include/cartographer_ros_msgs/cartographer_ros_msgs/msg/detail
[6.943s] -- Up-to-date: /home/misaka/fishbot/install/cartographer_ros_msgs/include/cartographer_ros_msgs/cartographer_ros_msgs/msg/detail/metric__type_support.cpp
[6.943s] -- Up-to-date: /home/misaka/fishbot/install/cartographer_ros_msgs/include/cartographer_ros_msgs/cartographer_ros_msgs/msg/detail/submap_entry__rosidl_typesupport_introspection_cpp.hpp
[6.943s] -- Up-to-date: /home/misaka/fishbot/install/cartographer_ros_msgs/include/cartographer_ros_msgs/cartographer_ros_msgs/msg/detail/bagfile_progress__rosidl_typesupport_introspection_cpp.hpp
[6.944s] -- Up-to-date: /home/misaka/fishbot/install/cartographer_ros_msgs/include/cartographer_ros_msgs/cartographer_ros_msgs/msg/detail/submap_entry__type_support.cpp
[6.944s] -- Up-to-date: /home/misaka/fishbot/install/cartographer_ros_msgs/include/cartographer_ros_msgs/cartographer_ros_msgs/msg/detail/landmark_list__type_support.cpp
[6.944s] -- Up-to-date: /home/misaka/fishbot/install/cartographer_ros_msgs/include/cartographer_ros_msgs/cartographer_ros_msgs/msg/detail/trajectory_states__type_support.cpp
[6.944s] -- Up-to-date: /home/misaka/fishbot/install/cartographer_ros_msgs/include/cartographer_ros_msgs/cartographer_ros_msgs/msg/detail/status_code__rosidl_typesupport_introspection_cpp.hpp
[6.945s] -- Up-to-date: /home/misaka/fishbot/install/cartographer_ros_msgs/include/cartographer_ros_msgs/cartographer_ros_msgs/msg/detail/status_response__type_support.cpp
[6.945s] -- Up-to-date: /home/misaka/fishbot/install/cartographer_ros_msgs/include/cartographer_ros_msgs/cartographer_ros_msgs/msg/detail/submap_texture__type_support.cpp
[6.945s] -- Up-to-date: /home/misaka/fishbot/install/cartographer_ros_msgs/include/cartographer_ros_msgs/cartographer_ros_msgs/msg/detail/metric_label__type_support.cpp
[6.946s] -- Up-to-date: /home/misaka/fishbot/install/cartographer_ros_msgs/include/cartographer_ros_msgs/cartographer_ros_msgs/msg/detail/status_response__rosidl_typesupport_introspection_cpp.hpp
[6.946s] -- Up-to-date: /home/misaka/fishbot/install/cartographer_ros_msgs/include/cartographer_ros_msgs/cartographer_ros_msgs/msg/detail/landmark_entry__type_support.cpp
[6.947s] -- Up-to-date: /home/misaka/fishbot/install/cartographer_ros_msgs/include/cartographer_ros_msgs/cartographer_ros_msgs/msg/detail/histogram_bucket__type_support.cpp
[6.947s] -- Up-to-date: /home/misaka/fishbot/install/cartographer_ros_msgs/include/cartographer_ros_msgs/cartographer_ros_msgs/msg/detail/metric_family__type_support.cpp
[6.949s] -- Up-to-date: /home/misaka/fishbot/install/cartographer_ros_msgs/include/cartographer_ros_msgs/cartographer_ros_msgs/msg/detail/submap_list__type_support.cpp
[6.949s] -- Up-to-date: /home/misaka/fishbot/install/cartographer_ros_msgs/include/cartographer_ros_msgs/cartographer_ros_msgs/msg/detail/submap_list__rosidl_typesupport_introspection_cpp.hpp
[6.950s] -- Up-to-date: /home/misaka/fishbot/install/cartographer_ros_msgs/include/cartographer_ros_msgs/cartographer_ros_msgs/msg/detail/trajectory_states__rosidl_typesupport_introspection_cpp.hpp
[6.951s] -- Up-to-date: /home/misaka/fishbot/install/cartographer_ros_msgs/include/cartographer_ros_msgs/cartographer_ros_msgs/msg/detail/bagfile_progress__type_support.cpp
[6.951s] -- Up-to-date: /home/misaka/fishbot/install/cartographer_ros_msgs/include/cartographer_ros_msgs/cartographer_ros_msgs/msg/detail/submap_texture__rosidl_typesupport_introspection_cpp.hpp
[6.952s] -- Up-to-date: /home/misaka/fishbot/install/cartographer_ros_msgs/include/cartographer_ros_msgs/cartographer_ros_msgs/msg/detail/metric__rosidl_typesupport_introspection_cpp.hpp
[6.952s] -- Up-to-date: /home/misaka/fishbot/install/cartographer_ros_msgs/include/cartographer_ros_msgs/cartographer_ros_msgs/msg/detail/status_code__type_support.cpp
[6.952s] -- Up-to-date: /home/misaka/fishbot/install/cartographer_ros_msgs/include/cartographer_ros_msgs/cartographer_ros_msgs/msg/detail/landmark_entry__rosidl_typesupport_introspection_cpp.hpp
[6.953s] -- Up-to-date: /home/misaka/fishbot/install/cartographer_ros_msgs/include/cartographer_ros_msgs/cartographer_ros_msgs/msg/detail/metric_family__rosidl_typesupport_introspection_cpp.hpp
[6.953s] -- Up-to-date: /home/misaka/fishbot/install/cartographer_ros_msgs/include/cartographer_ros_msgs/cartographer_ros_msgs/msg/detail/metric_label__rosidl_typesupport_introspection_cpp.hpp
[6.954s] -- Up-to-date: /home/misaka/fishbot/install/cartographer_ros_msgs/include/cartographer_ros_msgs/cartographer_ros_msgs/msg/detail/landmark_list__rosidl_typesupport_introspection_cpp.hpp
[6.954s] -- Up-to-date: /home/misaka/fishbot/install/cartographer_ros_msgs/include/cartographer_ros_msgs/cartographer_ros_msgs/msg/detail/histogram_bucket__rosidl_typesupport_introspection_cpp.hpp
[6.954s] -- Up-to-date: /home/misaka/fishbot/install/cartographer_ros_msgs/lib/libcartographer_ros_msgs__rosidl_typesupport_introspection_cpp.so
[6.955s] -- Up-to-date: /home/misaka/fishbot/install/cartographer_ros_msgs/lib/libcartographer_ros_msgs__rosidl_typesupport_cpp.so
[6.955s] -- Up-to-date: /home/misaka/fishbot/install/cartographer_ros_msgs/share/cartographer_ros_msgs/environment/pythonpath.sh
[6.955s] -- Up-to-date: /home/misaka/fishbot/install/cartographer_ros_msgs/share/cartographer_ros_msgs/environment/pythonpath.dsv
[6.956s] -- Up-to-date: /home/misaka/fishbot/install/cartographer_ros_msgs/local/lib/python3.10/dist-packages/cartographer_ros_msgs-2.0.9000-py3.10.egg-info
[6.956s] -- Installing: /home/misaka/fishbot/install/cartographer_ros_msgs/local/lib/python3.10/dist-packages/cartographer_ros_msgs-2.0.9000-py3.10.egg-info/PKG-INFO
[6.956s] -- Installing: /home/misaka/fishbot/install/cartographer_ros_msgs/local/lib/python3.10/dist-packages/cartographer_ros_msgs-2.0.9000-py3.10.egg-info/dependency_links.txt
[6.956s] -- Installing: /home/misaka/fishbot/install/cartographer_ros_msgs/local/lib/python3.10/dist-packages/cartographer_ros_msgs-2.0.9000-py3.10.egg-info/SOURCES.txt
[6.956s] -- Installing: /home/misaka/fishbot/install/cartographer_ros_msgs/local/lib/python3.10/dist-packages/cartographer_ros_msgs-2.0.9000-py3.10.egg-info/top_level.txt
[6.956s] -- Up-to-date: /home/misaka/fishbot/install/cartographer_ros_msgs/local/lib/python3.10/dist-packages/cartographer_ros_msgs
[6.957s] -- Up-to-date: /home/misaka/fishbot/install/cartographer_ros_msgs/local/lib/python3.10/dist-packages/cartographer_ros_msgs/libcartographer_ros_msgs__rosidl_generator_py.so
[6.957s] -- Up-to-date: /home/misaka/fishbot/install/cartographer_ros_msgs/local/lib/python3.10/dist-packages/cartographer_ros_msgs/_cartographer_ros_msgs_s.ep.rosidl_typesupport_fastrtps_c.c
[6.959s] -- Up-to-date: /home/misaka/fishbot/install/cartographer_ros_msgs/local/lib/python3.10/dist-packages/cartographer_ros_msgs/_cartographer_ros_msgs_s.ep.rosidl_typesupport_c.c
[6.959s] -- Up-to-date: /home/misaka/fishbot/install/cartographer_ros_msgs/local/lib/python3.10/dist-packages/cartographer_ros_msgs/srv
[6.960s] -- Up-to-date: /home/misaka/fishbot/install/cartographer_ros_msgs/local/lib/python3.10/dist-packages/cartographer_ros_msgs/srv/_trajectory_query_s.c
[6.960s] -- Up-to-date: /home/misaka/fishbot/install/cartographer_ros_msgs/local/lib/python3.10/dist-packages/cartographer_ros_msgs/srv/_trajectory_query.py
[6.961s] -- Up-to-date: /home/misaka/fishbot/install/cartographer_ros_msgs/local/lib/python3.10/dist-packages/cartographer_ros_msgs/srv/_submap_query_s.c
[6.961s] -- Up-to-date: /home/misaka/fishbot/install/cartographer_ros_msgs/local/lib/python3.10/dist-packages/cartographer_ros_msgs/srv/_write_state_s.c
[6.961s] -- Up-to-date: /home/misaka/fishbot/install/cartographer_ros_msgs/local/lib/python3.10/dist-packages/cartographer_ros_msgs/srv/_get_trajectory_states_s.c
[6.961s] -- Up-to-date: /home/misaka/fishbot/install/cartographer_ros_msgs/local/lib/python3.10/dist-packages/cartographer_ros_msgs/srv/_finish_trajectory.py
[6.962s] -- Up-to-date: /home/misaka/fishbot/install/cartographer_ros_msgs/local/lib/python3.10/dist-packages/cartographer_ros_msgs/srv/_finish_trajectory_s.c
[6.962s] -- Up-to-date: /home/misaka/fishbot/install/cartographer_ros_msgs/local/lib/python3.10/dist-packages/cartographer_ros_msgs/srv/_get_trajectory_states.py
[6.962s] -- Up-to-date: /home/misaka/fishbot/install/cartographer_ros_msgs/local/lib/python3.10/dist-packages/cartographer_ros_msgs/srv/_write_state.py
[6.962s] -- Up-to-date: /home/misaka/fishbot/install/cartographer_ros_msgs/local/lib/python3.10/dist-packages/cartographer_ros_msgs/srv/_read_metrics.py
[6.963s] -- Up-to-date: /home/misaka/fishbot/install/cartographer_ros_msgs/local/lib/python3.10/dist-packages/cartographer_ros_msgs/srv/_start_trajectory_s.c
[6.963s] -- Up-to-date: /home/misaka/fishbot/install/cartographer_ros_msgs/local/lib/python3.10/dist-packages/cartographer_ros_msgs/srv/__init__.py
[6.963s] -- Up-to-date: /home/misaka/fishbot/install/cartographer_ros_msgs/local/lib/python3.10/dist-packages/cartographer_ros_msgs/srv/_read_metrics_s.c
[6.964s] -- Up-to-date: /home/misaka/fishbot/install/cartographer_ros_msgs/local/lib/python3.10/dist-packages/cartographer_ros_msgs/srv/_submap_query.py
[6.964s] -- Up-to-date: /home/misaka/fishbot/install/cartographer_ros_msgs/local/lib/python3.10/dist-packages/cartographer_ros_msgs/srv/_start_trajectory.py
[6.964s] -- Up-to-date: /home/misaka/fishbot/install/cartographer_ros_msgs/local/lib/python3.10/dist-packages/cartographer_ros_msgs/cartographer_ros_msgs_s__rosidl_typesupport_c.cpython-310-x86_64-linux-gnu.so
[6.965s] -- Up-to-date: /home/misaka/fishbot/install/cartographer_ros_msgs/local/lib/python3.10/dist-packages/cartographer_ros_msgs/__init__.py
[6.965s] -- Up-to-date: /home/misaka/fishbot/install/cartographer_ros_msgs/local/lib/python3.10/dist-packages/cartographer_ros_msgs/cartographer_ros_msgs_s__rosidl_typesupport_fastrtps_c.cpython-310-x86_64-linux-gnu.so
[6.967s] -- Up-to-date: /home/misaka/fishbot/install/cartographer_ros_msgs/local/lib/python3.10/dist-packages/cartographer_ros_msgs/_cartographer_ros_msgs_s.ep.rosidl_typesupport_introspection_c.c
[6.967s] -- Up-to-date: /home/misaka/fishbot/install/cartographer_ros_msgs/local/lib/python3.10/dist-packages/cartographer_ros_msgs/msg
[6.968s] -- Up-to-date: /home/misaka/fishbot/install/cartographer_ros_msgs/local/lib/python3.10/dist-packages/cartographer_ros_msgs/msg/_metric.py
[6.968s] -- Up-to-date: /home/misaka/fishbot/install/cartographer_ros_msgs/local/lib/python3.10/dist-packages/cartographer_ros_msgs/msg/_metric_s.c
[6.969s] -- Up-to-date: /home/misaka/fishbot/install/cartographer_ros_msgs/local/lib/python3.10/dist-packages/cartographer_ros_msgs/msg/_bagfile_progress_s.c
[6.969s] -- Up-to-date: /home/misaka/fishbot/install/cartographer_ros_msgs/local/lib/python3.10/dist-packages/cartographer_ros_msgs/msg/_submap_list.py
[6.970s] -- Up-to-date: /home/misaka/fishbot/install/cartographer_ros_msgs/local/lib/python3.10/dist-packages/cartographer_ros_msgs/msg/_status_response_s.c
[6.970s] -- Up-to-date: /home/misaka/fishbot/install/cartographer_ros_msgs/local/lib/python3.10/dist-packages/cartographer_ros_msgs/msg/_status_code.py
[6.970s] -- Up-to-date: /home/misaka/fishbot/install/cartographer_ros_msgs/local/lib/python3.10/dist-packages/cartographer_ros_msgs/msg/_submap_texture.py
[6.971s] -- Up-to-date: /home/misaka/fishbot/install/cartographer_ros_msgs/local/lib/python3.10/dist-packages/cartographer_ros_msgs/msg/_submap_entry_s.c
[6.971s] -- Up-to-date: /home/misaka/fishbot/install/cartographer_ros_msgs/local/lib/python3.10/dist-packages/cartographer_ros_msgs/msg/_trajectory_states_s.c
[6.972s] -- Up-to-date: /home/misaka/fishbot/install/cartographer_ros_msgs/local/lib/python3.10/dist-packages/cartographer_ros_msgs/msg/_metric_family.py
[6.972s] -- Up-to-date: /home/misaka/fishbot/install/cartographer_ros_msgs/local/lib/python3.10/dist-packages/cartographer_ros_msgs/msg/_submap_entry.py
[6.972s] -- Up-to-date: /home/misaka/fishbot/install/cartographer_ros_msgs/local/lib/python3.10/dist-packages/cartographer_ros_msgs/msg/_bagfile_progress.py
[6.973s] -- Up-to-date: /home/misaka/fishbot/install/cartographer_ros_msgs/local/lib/python3.10/dist-packages/cartographer_ros_msgs/msg/_metric_label.py
[6.973s] -- Up-to-date: /home/misaka/fishbot/install/cartographer_ros_msgs/local/lib/python3.10/dist-packages/cartographer_ros_msgs/msg/_status_response.py
[6.974s] -- Up-to-date: /home/misaka/fishbot/install/cartographer_ros_msgs/local/lib/python3.10/dist-packages/cartographer_ros_msgs/msg/_landmark_entry_s.c
[6.976s] -- Up-to-date: /home/misaka/fishbot/install/cartographer_ros_msgs/local/lib/python3.10/dist-packages/cartographer_ros_msgs/msg/_trajectory_states.py
[6.977s] -- Up-to-date: /home/misaka/fishbot/install/cartographer_ros_msgs/local/lib/python3.10/dist-packages/cartographer_ros_msgs/msg/_landmark_list_s.c
[6.977s] -- Up-to-date: /home/misaka/fishbot/install/cartographer_ros_msgs/local/lib/python3.10/dist-packages/cartographer_ros_msgs/msg/_status_code_s.c
[6.978s] -- Up-to-date: /home/misaka/fishbot/install/cartographer_ros_msgs/local/lib/python3.10/dist-packages/cartographer_ros_msgs/msg/_metric_family_s.c
[6.978s] -- Up-to-date: /home/misaka/fishbot/install/cartographer_ros_msgs/local/lib/python3.10/dist-packages/cartographer_ros_msgs/msg/_histogram_bucket.py
[6.979s] -- Up-to-date: /home/misaka/fishbot/install/cartographer_ros_msgs/local/lib/python3.10/dist-packages/cartographer_ros_msgs/msg/_histogram_bucket_s.c
[6.979s] -- Up-to-date: /home/misaka/fishbot/install/cartographer_ros_msgs/local/lib/python3.10/dist-packages/cartographer_ros_msgs/msg/__init__.py
[6.980s] -- Up-to-date: /home/misaka/fishbot/install/cartographer_ros_msgs/local/lib/python3.10/dist-packages/cartographer_ros_msgs/msg/_submap_texture_s.c
[6.980s] -- Up-to-date: /home/misaka/fishbot/install/cartographer_ros_msgs/local/lib/python3.10/dist-packages/cartographer_ros_msgs/msg/_landmark_entry.py
[6.981s] -- Up-to-date: /home/misaka/fishbot/install/cartographer_ros_msgs/local/lib/python3.10/dist-packages/cartographer_ros_msgs/msg/_metric_label_s.c
[6.983s] -- Up-to-date: /home/misaka/fishbot/install/cartographer_ros_msgs/local/lib/python3.10/dist-packages/cartographer_ros_msgs/msg/_landmark_list.py
[6.983s] -- Up-to-date: /home/misaka/fishbot/install/cartographer_ros_msgs/local/lib/python3.10/dist-packages/cartographer_ros_msgs/msg/_submap_list_s.c
[6.984s] -- Up-to-date: /home/misaka/fishbot/install/cartographer_ros_msgs/local/lib/python3.10/dist-packages/cartographer_ros_msgs/cartographer_ros_msgs_s__rosidl_typesupport_introspection_c.cpython-310-x86_64-linux-gnu.so
[7.185s] Listing '/home/misaka/fishbot/install/cartographer_ros_msgs/local/lib/python3.10/dist-packages/cartographer_ros_msgs'...
[7.186s] Listing '/home/misaka/fishbot/install/cartographer_ros_msgs/local/lib/python3.10/dist-packages/cartographer_ros_msgs/msg'...
[7.186s] Listing '/home/misaka/fishbot/install/cartographer_ros_msgs/local/lib/python3.10/dist-packages/cartographer_ros_msgs/srv'...
[7.209s] -- Up-to-date: /home/misaka/fishbot/install/cartographer_ros_msgs/local/lib/python3.10/dist-packages/cartographer_ros_msgs/cartographer_ros_msgs_s__rosidl_typesupport_fastrtps_c.cpython-310-x86_64-linux-gnu.so
[7.217s] -- Up-to-date: /home/misaka/fishbot/install/cartographer_ros_msgs/local/lib/python3.10/dist-packages/cartographer_ros_msgs/cartographer_ros_msgs_s__rosidl_typesupport_introspection_c.cpython-310-x86_64-linux-gnu.so
[7.221s] -- Up-to-date: /home/misaka/fishbot/install/cartographer_ros_msgs/local/lib/python3.10/dist-packages/cartographer_ros_msgs/cartographer_ros_msgs_s__rosidl_typesupport_c.cpython-310-x86_64-linux-gnu.so
[7.231s] -- Up-to-date: /home/misaka/fishbot/install/cartographer_ros_msgs/lib/libcartographer_ros_msgs__rosidl_generator_py.so
[7.233s] -- Up-to-date: /home/misaka/fishbot/install/cartographer_ros_msgs/share/cartographer_ros_msgs/msg/BagfileProgress.idl
[7.234s] -- Up-to-date: /home/misaka/fishbot/install/cartographer_ros_msgs/share/cartographer_ros_msgs/msg/HistogramBucket.idl
[7.235s] -- Up-to-date: /home/misaka/fishbot/install/cartographer_ros_msgs/share/cartographer_ros_msgs/msg/LandmarkEntry.idl
[7.237s] -- Up-to-date: /home/misaka/fishbot/install/cartographer_ros_msgs/share/cartographer_ros_msgs/msg/LandmarkList.idl
[7.239s] -- Up-to-date: /home/misaka/fishbot/install/cartographer_ros_msgs/share/cartographer_ros_msgs/msg/MetricFamily.idl
[7.241s] -- Up-to-date: /home/misaka/fishbot/install/cartographer_ros_msgs/share/cartographer_ros_msgs/msg/MetricLabel.idl
[7.241s] -- Up-to-date: /home/misaka/fishbot/install/cartographer_ros_msgs/share/cartographer_ros_msgs/msg/Metric.idl
[7.242s] -- Up-to-date: /home/misaka/fishbot/install/cartographer_ros_msgs/share/cartographer_ros_msgs/msg/StatusCode.idl
[7.244s] -- Up-to-date: /home/misaka/fishbot/install/cartographer_ros_msgs/share/cartographer_ros_msgs/msg/StatusResponse.idl
[7.245s] -- Up-to-date: /home/misaka/fishbot/install/cartographer_ros_msgs/share/cartographer_ros_msgs/msg/SubmapEntry.idl
[7.245s] -- Up-to-date: /home/misaka/fishbot/install/cartographer_ros_msgs/share/cartographer_ros_msgs/msg/SubmapList.idl
[7.245s] -- Up-to-date: /home/misaka/fishbot/install/cartographer_ros_msgs/share/cartographer_ros_msgs/msg/SubmapTexture.idl
[7.245s] -- Up-to-date: /home/misaka/fishbot/install/cartographer_ros_msgs/share/cartographer_ros_msgs/msg/TrajectoryStates.idl
[7.246s] -- Up-to-date: /home/misaka/fishbot/install/cartographer_ros_msgs/share/cartographer_ros_msgs/srv/FinishTrajectory.idl
[7.246s] -- Up-to-date: /home/misaka/fishbot/install/cartographer_ros_msgs/share/cartographer_ros_msgs/srv/GetTrajectoryStates.idl
[7.247s] -- Up-to-date: /home/misaka/fishbot/install/cartographer_ros_msgs/share/cartographer_ros_msgs/srv/ReadMetrics.idl
[7.248s] -- Up-to-date: /home/misaka/fishbot/install/cartographer_ros_msgs/share/cartographer_ros_msgs/srv/StartTrajectory.idl
[7.248s] -- Up-to-date: /home/misaka/fishbot/install/cartographer_ros_msgs/share/cartographer_ros_msgs/srv/TrajectoryQuery.idl
[7.248s] -- Up-to-date: /home/misaka/fishbot/install/cartographer_ros_msgs/share/cartographer_ros_msgs/srv/SubmapQuery.idl
[7.248s] -- Up-to-date: /home/misaka/fishbot/install/cartographer_ros_msgs/share/cartographer_ros_msgs/srv/WriteState.idl
[7.249s] -- Up-to-date: /home/misaka/fishbot/install/cartographer_ros_msgs/share/cartographer_ros_msgs/msg/BagfileProgress.msg
[7.249s] -- Up-to-date: /home/misaka/fishbot/install/cartographer_ros_msgs/share/cartographer_ros_msgs/msg/HistogramBucket.msg
[7.249s] -- Up-to-date: /home/misaka/fishbot/install/cartographer_ros_msgs/share/cartographer_ros_msgs/msg/LandmarkEntry.msg
[7.249s] -- Up-to-date: /home/misaka/fishbot/install/cartographer_ros_msgs/share/cartographer_ros_msgs/msg/LandmarkList.msg
[7.249s] -- Up-to-date: /home/misaka/fishbot/install/cartographer_ros_msgs/share/cartographer_ros_msgs/msg/MetricFamily.msg
[7.249s] -- Up-to-date: /home/misaka/fishbot/install/cartographer_ros_msgs/share/cartographer_ros_msgs/msg/MetricLabel.msg
[7.250s] -- Up-to-date: /home/misaka/fishbot/install/cartographer_ros_msgs/share/cartographer_ros_msgs/msg/Metric.msg
[7.250s] -- Up-to-date: /home/misaka/fishbot/install/cartographer_ros_msgs/share/cartographer_ros_msgs/msg/StatusCode.msg
[7.251s] -- Up-to-date: /home/misaka/fishbot/install/cartographer_ros_msgs/share/cartographer_ros_msgs/msg/StatusResponse.msg
[7.251s] -- Up-to-date: /home/misaka/fishbot/install/cartographer_ros_msgs/share/cartographer_ros_msgs/msg/SubmapEntry.msg
[7.252s] -- Up-to-date: /home/misaka/fishbot/install/cartographer_ros_msgs/share/cartographer_ros_msgs/msg/SubmapList.msg
[7.253s] -- Up-to-date: /home/misaka/fishbot/install/cartographer_ros_msgs/share/cartographer_ros_msgs/msg/SubmapTexture.msg
[7.253s] -- Up-to-date: /home/misaka/fishbot/install/cartographer_ros_msgs/share/cartographer_ros_msgs/msg/TrajectoryStates.msg
[7.253s] -- Up-to-date: /home/misaka/fishbot/install/cartographer_ros_msgs/share/cartographer_ros_msgs/srv/FinishTrajectory.srv
[7.254s] -- Up-to-date: /home/misaka/fishbot/install/cartographer_ros_msgs/share/cartographer_ros_msgs/srv/FinishTrajectory_Request.msg
[7.256s] -- Up-to-date: /home/misaka/fishbot/install/cartographer_ros_msgs/share/cartographer_ros_msgs/srv/FinishTrajectory_Response.msg
[7.257s] -- Up-to-date: /home/misaka/fishbot/install/cartographer_ros_msgs/share/cartographer_ros_msgs/srv/GetTrajectoryStates.srv
[7.258s] -- Up-to-date: /home/misaka/fishbot/install/cartographer_ros_msgs/share/cartographer_ros_msgs/srv/GetTrajectoryStates_Request.msg
[7.259s] -- Up-to-date: /home/misaka/fishbot/install/cartographer_ros_msgs/share/cartographer_ros_msgs/srv/GetTrajectoryStates_Response.msg
[7.259s] -- Up-to-date: /home/misaka/fishbot/install/cartographer_ros_msgs/share/cartographer_ros_msgs/srv/ReadMetrics.srv
[7.260s] -- Up-to-date: /home/misaka/fishbot/install/cartographer_ros_msgs/share/cartographer_ros_msgs/srv/ReadMetrics_Request.msg
[7.260s] -- Up-to-date: /home/misaka/fishbot/install/cartographer_ros_msgs/share/cartographer_ros_msgs/srv/ReadMetrics_Response.msg
[7.260s] -- Up-to-date: /home/misaka/fishbot/install/cartographer_ros_msgs/share/cartographer_ros_msgs/srv/StartTrajectory.srv
[7.261s] -- Up-to-date: /home/misaka/fishbot/install/cartographer_ros_msgs/share/cartographer_ros_msgs/srv/StartTrajectory_Request.msg
[7.263s] -- Up-to-date: /home/misaka/fishbot/install/cartographer_ros_msgs/share/cartographer_ros_msgs/srv/StartTrajectory_Response.msg
[7.263s] -- Up-to-date: /home/misaka/fishbot/install/cartographer_ros_msgs/share/cartographer_ros_msgs/srv/TrajectoryQuery.srv
[7.263s] -- Up-to-date: /home/misaka/fishbot/install/cartographer_ros_msgs/share/cartographer_ros_msgs/srv/TrajectoryQuery_Request.msg
[7.265s] -- Up-to-date: /home/misaka/fishbot/install/cartographer_ros_msgs/share/cartographer_ros_msgs/srv/TrajectoryQuery_Response.msg
[7.266s] -- Up-to-date: /home/misaka/fishbot/install/cartographer_ros_msgs/share/cartographer_ros_msgs/srv/SubmapQuery.srv
[7.266s] -- Up-to-date: /home/misaka/fishbot/install/cartographer_ros_msgs/share/cartographer_ros_msgs/srv/SubmapQuery_Request.msg
[7.266s] -- Up-to-date: /home/misaka/fishbot/install/cartographer_ros_msgs/share/cartographer_ros_msgs/srv/SubmapQuery_Response.msg
[7.267s] -- Up-to-date: /home/misaka/fishbot/install/cartographer_ros_msgs/share/cartographer_ros_msgs/srv/WriteState.srv
[7.267s] -- Up-to-date: /home/misaka/fishbot/install/cartographer_ros_msgs/share/cartographer_ros_msgs/srv/WriteState_Request.msg
[7.267s] -- Up-to-date: /home/misaka/fishbot/install/cartographer_ros_msgs/share/cartographer_ros_msgs/srv/WriteState_Response.msg
[7.267s] -- Up-to-date: /home/misaka/fishbot/install/cartographer_ros_msgs/share/ament_index/resource_index/package_run_dependencies/cartographer_ros_msgs
[7.268s] -- Up-to-date: /home/misaka/fishbot/install/cartographer_ros_msgs/share/ament_index/resource_index/parent_prefix_path/cartographer_ros_msgs
[7.268s] -- Up-to-date: /home/misaka/fishbot/install/cartographer_ros_msgs/share/cartographer_ros_msgs/environment/ament_prefix_path.sh
[7.268s] -- Up-to-date: /home/misaka/fishbot/install/cartographer_ros_msgs/share/cartographer_ros_msgs/environment/ament_prefix_path.dsv
[7.269s] -- Up-to-date: /home/misaka/fishbot/install/cartographer_ros_msgs/share/cartographer_ros_msgs/environment/path.sh
[7.269s] -- Up-to-date: /home/misaka/fishbot/install/cartographer_ros_msgs/share/cartographer_ros_msgs/environment/path.dsv
[7.269s] -- Up-to-date: /home/misaka/fishbot/install/cartographer_ros_msgs/share/cartographer_ros_msgs/local_setup.bash
[7.269s] -- Up-to-date: /home/misaka/fishbot/install/cartographer_ros_msgs/share/cartographer_ros_msgs/local_setup.sh
[7.269s] -- Up-to-date: /home/misaka/fishbot/install/cartographer_ros_msgs/share/cartographer_ros_msgs/local_setup.zsh
[7.270s] -- Up-to-date: /home/misaka/fishbot/install/cartographer_ros_msgs/share/cartographer_ros_msgs/local_setup.dsv
[7.270s] -- Installing: /home/misaka/fishbot/install/cartographer_ros_msgs/share/cartographer_ros_msgs/package.dsv
[7.271s] -- Up-to-date: /home/misaka/fishbot/install/cartographer_ros_msgs/share/ament_index/resource_index/packages/cartographer_ros_msgs
[7.271s] -- Up-to-date: /home/misaka/fishbot/install/cartographer_ros_msgs/share/cartographer_ros_msgs/cmake/export_cartographer_ros_msgs__rosidl_generator_cExport.cmake
[7.271s] -- Up-to-date: /home/misaka/fishbot/install/cartographer_ros_msgs/share/cartographer_ros_msgs/cmake/export_cartographer_ros_msgs__rosidl_generator_cExport-noconfig.cmake
[7.272s] -- Up-to-date: /home/misaka/fishbot/install/cartographer_ros_msgs/share/cartographer_ros_msgs/cmake/export_cartographer_ros_msgs__rosidl_typesupport_fastrtps_cExport.cmake
[7.273s] -- Up-to-date: /home/misaka/fishbot/install/cartographer_ros_msgs/share/cartographer_ros_msgs/cmake/export_cartographer_ros_msgs__rosidl_typesupport_fastrtps_cExport-noconfig.cmake
[7.274s] -- Up-to-date: /home/misaka/fishbot/install/cartographer_ros_msgs/share/cartographer_ros_msgs/cmake/cartographer_ros_msgs__rosidl_typesupport_introspection_cExport.cmake
[7.275s] -- Up-to-date: /home/misaka/fishbot/install/cartographer_ros_msgs/share/cartographer_ros_msgs/cmake/cartographer_ros_msgs__rosidl_typesupport_introspection_cExport-noconfig.cmake
[7.277s] -- Up-to-date: /home/misaka/fishbot/install/cartographer_ros_msgs/share/cartographer_ros_msgs/cmake/cartographer_ros_msgs__rosidl_typesupport_cExport.cmake
[7.277s] -- Up-to-date: /home/misaka/fishbot/install/cartographer_ros_msgs/share/cartographer_ros_msgs/cmake/cartographer_ros_msgs__rosidl_typesupport_cExport-noconfig.cmake
[7.279s] -- Up-to-date: /home/misaka/fishbot/install/cartographer_ros_msgs/share/cartographer_ros_msgs/cmake/export_cartographer_ros_msgs__rosidl_generator_cppExport.cmake
[7.282s] -- Up-to-date: /home/misaka/fishbot/install/cartographer_ros_msgs/share/cartographer_ros_msgs/cmake/export_cartographer_ros_msgs__rosidl_typesupport_fastrtps_cppExport.cmake
[7.283s] -- Up-to-date: /home/misaka/fishbot/install/cartographer_ros_msgs/share/cartographer_ros_msgs/cmake/export_cartographer_ros_msgs__rosidl_typesupport_fastrtps_cppExport-noconfig.cmake
[7.287s] -- Up-to-date: /home/misaka/fishbot/install/cartographer_ros_msgs/share/cartographer_ros_msgs/cmake/cartographer_ros_msgs__rosidl_typesupport_introspection_cppExport.cmake
[7.287s] -- Up-to-date: /home/misaka/fishbot/install/cartographer_ros_msgs/share/cartographer_ros_msgs/cmake/cartographer_ros_msgs__rosidl_typesupport_introspection_cppExport-noconfig.cmake
[7.292s] -- Up-to-date: /home/misaka/fishbot/install/cartographer_ros_msgs/share/cartographer_ros_msgs/cmake/cartographer_ros_msgs__rosidl_typesupport_cppExport.cmake
[7.292s] -- Up-to-date: /home/misaka/fishbot/install/cartographer_ros_msgs/share/cartographer_ros_msgs/cmake/cartographer_ros_msgs__rosidl_typesupport_cppExport-noconfig.cmake
[7.293s] -- Up-to-date: /home/misaka/fishbot/install/cartographer_ros_msgs/share/cartographer_ros_msgs/cmake/export_cartographer_ros_msgs__rosidl_generator_pyExport.cmake
[7.294s] -- Up-to-date: /home/misaka/fishbot/install/cartographer_ros_msgs/share/cartographer_ros_msgs/cmake/export_cartographer_ros_msgs__rosidl_generator_pyExport-noconfig.cmake
[7.295s] -- Up-to-date: /home/misaka/fishbot/install/cartographer_ros_msgs/share/cartographer_ros_msgs/cmake/rosidl_cmake-extras.cmake
[7.297s] -- Up-to-date: /home/misaka/fishbot/install/cartographer_ros_msgs/share/cartographer_ros_msgs/cmake/ament_cmake_export_dependencies-extras.cmake
[7.298s] -- Up-to-date: /home/misaka/fishbot/install/cartographer_ros_msgs/share/cartographer_ros_msgs/cmake/ament_cmake_export_include_directories-extras.cmake
[7.298s] -- Up-to-date: /home/misaka/fishbot/install/cartographer_ros_msgs/share/cartographer_ros_msgs/cmake/ament_cmake_export_libraries-extras.cmake
[7.299s] -- Up-to-date: /home/misaka/fishbot/install/cartographer_ros_msgs/share/cartographer_ros_msgs/cmake/ament_cmake_export_targets-extras.cmake
[7.299s] -- Up-to-date: /home/misaka/fishbot/install/cartographer_ros_msgs/share/cartographer_ros_msgs/cmake/rosidl_cmake_export_typesupport_targets-extras.cmake
[7.299s] -- Up-to-date: /home/misaka/fishbot/install/cartographer_ros_msgs/share/cartographer_ros_msgs/cmake/rosidl_cmake_export_typesupport_libraries-extras.cmake
[7.300s] -- Up-to-date: /home/misaka/fishbot/install/cartographer_ros_msgs/share/cartographer_ros_msgs/cmake/cartographer_ros_msgsConfig.cmake
[7.300s] -- Up-to-date: /home/misaka/fishbot/install/cartographer_ros_msgs/share/cartographer_ros_msgs/cmake/cartographer_ros_msgsConfig-version.cmake
[7.300s] -- Up-to-date: /home/misaka/fishbot/install/cartographer_ros_msgs/share/cartographer_ros_msgs/package.xml
[7.316s] Invoked command in '/home/misaka/fishbot/build/cartographer_ros_msgs' returned '0': CMAKE_PREFIX_PATH=/opt/ros/humble /usr/bin/cmake --install /home/misaka/fishbot/build/cartographer_ros_msgs
