[4.719s] Invoking command in '/home/misaka/fishbot/src/navigation/nav2_simple_commander': AMENT_PREFIX_PATH=/home/misaka/fishbot/install/nav2_msgs:/home/misaka/fishbot/install/nav2_common:${AMENT_PREFIX_PATH} CMAKE_PREFIX_PATH=/home/misaka/fishbot/install/nav2_msgs:/home/misaka/fishbot/install/nav2_common LD_LIBRARY_PATH=/home/misaka/fishbot/install/nav2_msgs/lib:${LD_LIBRARY_PATH} PYTHONPATH=/home/misaka/fishbot/build/nav2_simple_commander/prefix_override:/usr/lib/python3/dist-packages/colcon_core/task/python/colcon_distutils_commands:/home/misaka/fishbot/install/nav2_simple_commander/lib/python3.10/site-packages:/home/misaka/fishbot/install/nav2_msgs/local/lib/python3.10/dist-packages:/home/misaka/fishbot/install/nav2_common/local/lib/python3.10/dist-packages:${PYTHONPATH} /usr/bin/python3 -W ignore:setup.py install is deprecated setup.py egg_info --egg-base ../../../build/nav2_simple_commander build --build-base /home/misaka/fishbot/build/nav2_simple_commander/build install --record /home/misaka/fishbot/build/nav2_simple_commander/install.log --single-version-externally-managed install_data
[7.047s] running egg_info
[7.048s] writing ../../../build/nav2_simple_commander/nav2_simple_commander.egg-info/PKG-INFO
[7.048s] writing dependency_links to ../../../build/nav2_simple_commander/nav2_simple_commander.egg-info/dependency_links.txt
[7.049s] writing entry points to ../../../build/nav2_simple_commander/nav2_simple_commander.egg-info/entry_points.txt
[7.049s] writing requirements to ../../../build/nav2_simple_commander/nav2_simple_commander.egg-info/requires.txt
[7.049s] writing top-level names to ../../../build/nav2_simple_commander/nav2_simple_commander.egg-info/top_level.txt
[7.071s] reading manifest file '../../../build/nav2_simple_commander/nav2_simple_commander.egg-info/SOURCES.txt'
[7.079s] writing manifest file '../../../build/nav2_simple_commander/nav2_simple_commander.egg-info/SOURCES.txt'
[7.081s] running build
[7.082s] running build_py
[7.099s] running install
[7.104s] running install_lib
[7.109s] running install_data
[7.110s] running install_egg_info
[7.139s] removing '/home/misaka/fishbot/install/nav2_simple_commander/lib/python3.10/site-packages/nav2_simple_commander-1.0.0-py3.10.egg-info' (and everything under it)
[7.145s] Copying ../../../build/nav2_simple_commander/nav2_simple_commander.egg-info to /home/misaka/fishbot/install/nav2_simple_commander/lib/python3.10/site-packages/nav2_simple_commander-1.0.0-py3.10.egg-info
[7.179s] running install_scripts
[7.355s] Installing demo_inspection script to /home/misaka/fishbot/install/nav2_simple_commander/lib/nav2_simple_commander
[7.356s] Installing demo_picking script to /home/misaka/fishbot/install/nav2_simple_commander/lib/nav2_simple_commander
[7.357s] Installing demo_recoveries script to /home/misaka/fishbot/install/nav2_simple_commander/lib/nav2_simple_commander
[7.357s] Installing demo_security script to /home/misaka/fishbot/install/nav2_simple_commander/lib/nav2_simple_commander
[7.359s] Installing example_follow_path script to /home/misaka/fishbot/install/nav2_simple_commander/lib/nav2_simple_commander
[7.361s] Installing example_nav_through_poses script to /home/misaka/fishbot/install/nav2_simple_commander/lib/nav2_simple_commander
[7.362s] Installing example_nav_to_pose script to /home/misaka/fishbot/install/nav2_simple_commander/lib/nav2_simple_commander
[7.362s] Installing example_waypoint_follower script to /home/misaka/fishbot/install/nav2_simple_commander/lib/nav2_simple_commander
[7.364s] writing list of installed files to '/home/misaka/fishbot/build/nav2_simple_commander/install.log'
[7.583s] Invoked command in '/home/misaka/fishbot/src/navigation/nav2_simple_commander' returned '0': AMENT_PREFIX_PATH=/home/misaka/fishbot/install/nav2_msgs:/home/misaka/fishbot/install/nav2_common:${AMENT_PREFIX_PATH} CMAKE_PREFIX_PATH=/home/misaka/fishbot/install/nav2_msgs:/home/misaka/fishbot/install/nav2_common LD_LIBRARY_PATH=/home/misaka/fishbot/install/nav2_msgs/lib:${LD_LIBRARY_PATH} PYTHONPATH=/home/misaka/fishbot/build/nav2_simple_commander/prefix_override:/usr/lib/python3/dist-packages/colcon_core/task/python/colcon_distutils_commands:/home/misaka/fishbot/install/nav2_simple_commander/lib/python3.10/site-packages:/home/misaka/fishbot/install/nav2_msgs/local/lib/python3.10/dist-packages:/home/misaka/fishbot/install/nav2_common/local/lib/python3.10/dist-packages:${PYTHONPATH} /usr/bin/python3 -W ignore:setup.py install is deprecated setup.py egg_info --egg-base ../../../build/nav2_simple_commander build --build-base /home/misaka/fishbot/build/nav2_simple_commander/build install --record /home/misaka/fishbot/build/nav2_simple_commander/install.log --single-version-externally-managed install_data
