[0.204s] Invoking command in '/home/misaka/fishbot/build/nav2_rviz_plugins': AMENT_PREFIX_PATH=/home/misaka/fishbot/install/nav2_lifecycle_manager:/home/misaka/fishbot/install/nav2_util:/home/misaka/fishbot/install/nav2_msgs:/home/misaka/fishbot/install/nav2_common:${AMENT_PREFIX_PATH} CMAKE_PREFIX_PATH=/home/misaka/fishbot/install/nav2_lifecycle_manager:/home/misaka/fishbot/install/nav2_util:/home/misaka/fishbot/install/nav2_msgs:/home/misaka/fishbot/install/nav2_common:/opt/ros/humble LD_LIBRARY_PATH=/home/misaka/fishbot/install/nav2_lifecycle_manager/lib:/home/misaka/fishbot/install/nav2_util/lib:/home/misaka/fishbot/install/nav2_msgs/lib:${LD_LIBRARY_PATH} PYTHONPATH=/home/misaka/fishbot/install/nav2_msgs/local/lib/python3.10/dist-packages:/home/misaka/fishbot/install/nav2_common/local/lib/python3.10/dist-packages:${PYTHONPATH} /usr/bin/cmake /home/misaka/fishbot/src/navigation/nav2_rviz_plugins -DCMAKE_INSTALL_PREFIX=/home/misaka/fishbot/install/nav2_rviz_plugins
[1.682s] -- The C compiler identification is GNU 11.4.0
[2.972s] -- The CXX compiler identification is GNU 11.4.0
[3.129s] -- Detecting C compiler ABI info
[4.104s] -- Detecting C compiler ABI info - done
[4.180s] -- Check for working C compiler: /usr/bin/cc - skipped
[4.194s] -- Detecting C compile features
[4.206s] -- Detecting C compile features - done
[4.236s] -- Detecting CXX compiler ABI info
[5.709s] -- Detecting CXX compiler ABI info - done
[5.752s] -- Check for working CXX compiler: /usr/bin/c++ - skipped
[5.754s] -- Detecting CXX compile features
[5.758s] -- Detecting CXX compile features - done
[5.774s] -- Found ament_cmake: 1.3.10 (/opt/ros/humble/share/ament_cmake/cmake)
[8.216s] -- Found Python3: /usr/bin/python3 (found version "3.10.12") found components: Interpreter 
[9.447s] -- Found geometry_msgs: 4.2.4 (/opt/ros/humble/share/geometry_msgs/cmake)
[10.010s] -- Found rosidl_generator_c: 3.1.5 (/opt/ros/humble/share/rosidl_generator_c/cmake)
[10.105s] -- Found rosidl_adapter: 3.1.5 (/opt/ros/humble/share/rosidl_adapter/cmake)
[10.224s] -- Found rosidl_generator_cpp: 3.1.5 (/opt/ros/humble/share/rosidl_generator_cpp/cmake)
[10.405s] -- Using all available rosidl_typesupport_c: rosidl_typesupport_fastrtps_c;rosidl_typesupport_introspection_c
[10.636s] -- Using all available rosidl_typesupport_cpp: rosidl_typesupport_fastrtps_cpp;rosidl_typesupport_introspection_cpp
[11.089s] -- Found nav2_util: 1.1.0 (/home/misaka/fishbot/install/nav2_util/share/nav2_util/cmake)
[13.036s] -- Found rmw_implementation_cmake: 6.1.2 (/opt/ros/humble/share/rmw_implementation_cmake/cmake)
[13.074s] -- Found rmw_fastrtps_cpp: 6.2.7 (/opt/ros/humble/share/rmw_fastrtps_cpp/cmake)
[14.471s] -- Found OpenSSL: /usr/lib/x86_64-linux-gnu/libcrypto.so (found version "3.0.2")  
[14.677s] -- Found FastRTPS: /opt/ros/humble/include  
[14.969s] -- Using RMW implementation 'rmw_fastrtps_cpp' as default
[15.137s] -- Looking for pthread.h
[16.182s] -- Looking for pthread.h - found
[16.187s] -- Performing Test CMAKE_HAVE_LIBC_PTHREAD
[17.021s] -- Performing Test CMAKE_HAVE_LIBC_PTHREAD - Success
[17.035s] -- Found Threads: TRUE  
[18.450s] -- Found eigen3_cmake_module: 0.1.1 (/opt/ros/humble/share/eigen3_cmake_module/cmake)
[18.460s] -- Found Eigen3: TRUE (found version "3.4.0") 
[18.465s] -- Ensuring Eigen3 include directory is part of orocos-kdl CMake target
[19.076s] -- Found nav2_lifecycle_manager: 1.1.0 (/home/misaka/fishbot/install/nav2_lifecycle_manager/share/nav2_lifecycle_manager/cmake)
[19.764s] -- Found pluginlib: 5.1.0 (/opt/ros/humble/share/pluginlib/cmake)
[20.949s] -- Found rviz_common: 11.2.13 (/opt/ros/humble/share/rviz_common/cmake)
[21.079s] -- Setting assimp_DIR to: '/opt/ros/humble/share/rviz_assimp_vendor/cmake/../../../opt/rviz_assimp_vendor/lib/cmake/assimp-4.1'
[21.142s] -- Setting OGRE_DIR to: '/opt/ros/humble/share/rviz_ogre_vendor/cmake/../../../opt/rviz_ogre_vendor/lib/OGRE/cmake'
[22.003s] -- Found OGRE
[22.004s] --   static     : OFF
[22.004s] --   components : HLMS;MeshLodGenerator;Overlay;Paging;Property;RTShaderSystem;Terrain;Volume
[22.004s] --   plugins    : Plugin_BSPSceneManager;Plugin_OctreeSceneManager;Plugin_PCZSceneManager;Plugin_ParticleFX;RenderSystem_GL;RenderSystem_GL3Plus;Codec_STBI
[22.004s] --   media      : /opt/ros/humble/opt/rviz_ogre_vendor/share/OGRE/Media
[22.004s] -- OGRE_LIBRARIES: OgreHLMS;OgreMeshLodGenerator;OgreOverlay;OgrePaging;OgreProperty;OgreRTShaderSystem;OgreTerrain;OgreVolume;OgreMain
[22.004s] -- OGRE_LIBRARY_DIRS: /opt/ros/humble/opt/rviz_ogre_vendor/lib
[22.005s] -- OGRE_PLUGINS: Plugin_BSPSceneManager;Plugin_OctreeSceneManager;Plugin_PCZSceneManager;Plugin_ParticleFX;RenderSystem_GL;RenderSystem_GL3Plus;Codec_STBI
[22.005s] -- OGRE_PLUGIN_DIR: /opt/ros/humble/opt/rviz_ogre_vendor/lib/OGRE
[22.005s] -- rviz_ogre_vendor::OgreOverlay for IMPORTED_LOCATION_RELEASE: /opt/ros/humble/opt/rviz_ogre_vendor/lib/libOgreOverlay.so
[22.005s] -- rviz_ogre_vendor::OgreOverlay for IMPORTED_LOCATION_DEBUG: /opt/ros/humble/opt/rviz_ogre_vendor/lib/libOgreOverlay.so
[22.005s] -- rviz_ogre_vendor::OgreMain for IMPORTED_LOCATION_RELEASE: /opt/ros/humble/opt/rviz_ogre_vendor/lib/libOgreMain.so
[22.005s] -- rviz_ogre_vendor::OgreMain for IMPORTED_LOCATION_DEBUG: /opt/ros/humble/opt/rviz_ogre_vendor/lib/libOgreMain.so
[22.251s] -- Found ZLIB: /usr/lib/x86_64-linux-gnu/libz.so (found version "1.2.11") 
[22.360s] -- Found OpenGL: /usr/lib/x86_64-linux-gnu/libOpenGL.so   
[24.223s] -- Found X11: /usr/include   
[24.235s] -- Looking for XOpenDisplay in /usr/lib/x86_64-linux-gnu/libX11.so;/usr/lib/x86_64-linux-gnu/libXext.so
[26.242s] -- Looking for XOpenDisplay in /usr/lib/x86_64-linux-gnu/libX11.so;/usr/lib/x86_64-linux-gnu/libXext.so - found
[26.243s] -- Looking for gethostbyname
[26.915s] -- Looking for gethostbyname - found
[26.915s] -- Looking for connect
[27.807s] -- Looking for connect - found
[27.808s] -- Looking for remove
[29.972s] -- Looking for remove - found
[29.992s] -- Looking for shmat
[31.088s] -- Looking for shmat - found
[31.088s] -- Looking for IceConnectionNumber in ICE
[31.957s] -- Looking for IceConnectionNumber in ICE - found
[35.138s] -- library: /usr/lib/x86_64-linux-gnu/libcurl.so
[37.333s] -- Found rviz_default_plugins: 11.2.13 (/opt/ros/humble/share/rviz_default_plugins/cmake)
[39.033s] -- Found ament_lint_auto: 0.12.11 (/opt/ros/humble/share/ament_lint_auto/cmake)
[41.299s] -- Added test 'copyright' to check source files copyright and LICENSE
[41.382s] -- Added test 'cppcheck' to perform static code analysis on C / C++ code
[41.391s] -- Configured cppcheck include dirs: /home/misaka/fishbot/src/navigation/nav2_rviz_plugins/include
[41.391s] -- Configured cppcheck exclude dirs and/or files: 
[41.413s] -- Added test 'cpplint' to check C / C++ code against the Google style
[41.413s] -- Configured cpplint exclude dirs and/or files: 
[41.432s] -- Added test 'lint_cmake' to check CMake code style
[41.456s] -- Added test 'uncrustify' to check C / C++ code style
[41.457s] -- Configured uncrustify additional arguments: 
[41.466s] -- Added test 'xmllint' to check XML markup files
[41.594s] -- Configuring done
[46.512s] -- Generating done
[46.545s] -- Build files have been written to: /home/misaka/fishbot/build/nav2_rviz_plugins
[51.257s] Invoked command in '/home/misaka/fishbot/build/nav2_rviz_plugins' returned '0': AMENT_PREFIX_PATH=/home/misaka/fishbot/install/nav2_lifecycle_manager:/home/misaka/fishbot/install/nav2_util:/home/misaka/fishbot/install/nav2_msgs:/home/misaka/fishbot/install/nav2_common:${AMENT_PREFIX_PATH} CMAKE_PREFIX_PATH=/home/misaka/fishbot/install/nav2_lifecycle_manager:/home/misaka/fishbot/install/nav2_util:/home/misaka/fishbot/install/nav2_msgs:/home/misaka/fishbot/install/nav2_common:/opt/ros/humble LD_LIBRARY_PATH=/home/misaka/fishbot/install/nav2_lifecycle_manager/lib:/home/misaka/fishbot/install/nav2_util/lib:/home/misaka/fishbot/install/nav2_msgs/lib:${LD_LIBRARY_PATH} PYTHONPATH=/home/misaka/fishbot/install/nav2_msgs/local/lib/python3.10/dist-packages:/home/misaka/fishbot/install/nav2_common/local/lib/python3.10/dist-packages:${PYTHONPATH} /usr/bin/cmake /home/misaka/fishbot/src/navigation/nav2_rviz_plugins -DCMAKE_INSTALL_PREFIX=/home/misaka/fishbot/install/nav2_rviz_plugins
[52.836s] Invoking command in '/home/misaka/fishbot/build/nav2_rviz_plugins': AMENT_PREFIX_PATH=/home/misaka/fishbot/install/nav2_lifecycle_manager:/home/misaka/fishbot/install/nav2_util:/home/misaka/fishbot/install/nav2_msgs:/home/misaka/fishbot/install/nav2_common:${AMENT_PREFIX_PATH} CMAKE_PREFIX_PATH=/home/misaka/fishbot/install/nav2_lifecycle_manager:/home/misaka/fishbot/install/nav2_util:/home/misaka/fishbot/install/nav2_msgs:/home/misaka/fishbot/install/nav2_common:/opt/ros/humble LD_LIBRARY_PATH=/home/misaka/fishbot/install/nav2_lifecycle_manager/lib:/home/misaka/fishbot/install/nav2_util/lib:/home/misaka/fishbot/install/nav2_msgs/lib:${LD_LIBRARY_PATH} PYTHONPATH=/home/misaka/fishbot/install/nav2_msgs/local/lib/python3.10/dist-packages:/home/misaka/fishbot/install/nav2_common/local/lib/python3.10/dist-packages:${PYTHONPATH} /usr/bin/cmake --build /home/misaka/fishbot/build/nav2_rviz_plugins -- -j16 -l16
[53.955s] [ 14%] [34m[1mAutomatic MOC for target nav2_rviz_plugins[0m
[62.929s] [ 14%] Built target nav2_rviz_plugins_autogen
[63.091s] [ 28%] [32mBuilding CXX object CMakeFiles/nav2_rviz_plugins.dir/nav2_rviz_plugins_autogen/mocs_compilation.cpp.o[0m
