[0.119s] Invoking command in '/home/misaka/fishbot/build/nav2_core': AMENT_PREFIX_PATH=/home/misaka/fishbot/install/nav2_costmap_2d:/home/misaka/fishbot/install/nav2_map_server:/home/misaka/fishbot/install/nav2_lifecycle_manager:/home/misaka/fishbot/install/nav2_util:/home/misaka/fishbot/install/nav2_voxel_grid:/home/misaka/fishbot/install/nav2_msgs:/home/misaka/fishbot/install/nav2_common:${AMENT_PREFIX_PATH} CMAKE_PREFIX_PATH=/home/misaka/fishbot/install/nav2_costmap_2d:/home/misaka/fishbot/install/nav2_map_server:/home/misaka/fishbot/install/nav2_lifecycle_manager:/home/misaka/fishbot/install/nav2_util:/home/misaka/fishbot/install/nav2_voxel_grid:/home/misaka/fishbot/install/nav2_msgs:/home/misaka/fishbot/install/nav2_common:/opt/ros/humble LD_LIBRARY_PATH=/home/misaka/fishbot/install/nav2_costmap_2d/lib:/home/misaka/fishbot/install/nav2_map_server/lib:/home/misaka/fishbot/install/nav2_lifecycle_manager/lib:/home/misaka/fishbot/install/nav2_util/lib:/home/misaka/fishbot/install/nav2_voxel_grid/lib:/home/misaka/fishbot/install/nav2_msgs/lib:${LD_LIBRARY_PATH} PYTHONPATH=/home/misaka/fishbot/install/nav2_msgs/local/lib/python3.10/dist-packages:/home/misaka/fishbot/install/nav2_common/local/lib/python3.10/dist-packages:${PYTHONPATH} /usr/bin/cmake /home/misaka/fishbot/src/navigation/nav2_core -DCMAKE_INSTALL_PREFIX=/home/misaka/fishbot/install/nav2_core
[0.336s] -- The C compiler identification is GNU 11.4.0
[0.568s] -- The CXX compiler identification is GNU 11.4.0
[0.595s] -- Detecting C compiler ABI info
[0.891s] -- Detecting C compiler ABI info - done
[0.912s] -- Check for working C compiler: /usr/bin/cc - skipped
[0.913s] -- Detecting C compile features
[0.914s] -- Detecting C compile features - done
[0.924s] -- Detecting CXX compiler ABI info
[1.243s] -- Detecting CXX compiler ABI info - done
[1.267s] -- Check for working CXX compiler: /usr/bin/c++ - skipped
[1.268s] -- Detecting CXX compile features
[1.270s] -- Detecting CXX compile features - done
[1.280s] -- Found ament_cmake: 1.3.10 (/opt/ros/humble/share/ament_cmake/cmake)
[1.844s] -- Found Python3: /usr/bin/python3 (found version "3.10.12") found components: Interpreter 
[2.183s] -- Found nav2_common: 1.1.0 (/home/misaka/fishbot/install/nav2_common/share/nav2_common/cmake)
[2.191s] -- Found rclcpp: 16.0.10 (/opt/ros/humble/share/rclcpp/cmake)
[2.357s] -- Found rosidl_generator_c: 3.1.5 (/opt/ros/humble/share/rosidl_generator_c/cmake)
[2.385s] -- Found rosidl_adapter: 3.1.5 (/opt/ros/humble/share/rosidl_adapter/cmake)
[2.418s] -- Found rosidl_generator_cpp: 3.1.5 (/opt/ros/humble/share/rosidl_generator_cpp/cmake)
[2.464s] -- Using all available rosidl_typesupport_c: rosidl_typesupport_fastrtps_c;rosidl_typesupport_introspection_c
[2.529s] -- Using all available rosidl_typesupport_cpp: rosidl_typesupport_fastrtps_cpp;rosidl_typesupport_introspection_cpp
[2.704s] -- Found rmw_implementation_cmake: 6.1.2 (/opt/ros/humble/share/rmw_implementation_cmake/cmake)
[2.715s] -- Found rmw_fastrtps_cpp: 6.2.7 (/opt/ros/humble/share/rmw_fastrtps_cpp/cmake)
[3.089s] -- Found OpenSSL: /usr/lib/x86_64-linux-gnu/libcrypto.so (found version "3.0.2")  
[3.184s] -- Found FastRTPS: /opt/ros/humble/include  
[3.333s] -- Using RMW implementation 'rmw_fastrtps_cpp' as default
[3.371s] -- Looking for pthread.h
[3.677s] -- Looking for pthread.h - found
[3.678s] -- Performing Test CMAKE_HAVE_LIBC_PTHREAD
[3.986s] -- Performing Test CMAKE_HAVE_LIBC_PTHREAD - Success
[3.990s] -- Found Threads: TRUE  
[4.172s] -- Found rclcpp_lifecycle: 16.0.10 (/opt/ros/humble/share/rclcpp_lifecycle/cmake)
[4.244s] -- Found geometry_msgs: 4.2.4 (/opt/ros/humble/share/geometry_msgs/cmake)
[4.287s] -- Found nav2_costmap_2d: 1.1.0 (/home/misaka/fishbot/install/nav2_costmap_2d/share/nav2_costmap_2d/cmake)
[5.032s] -- Found Eigen3: TRUE (found version "3.4.0") 
[5.034s] -- Ensuring Eigen3 include directory is part of orocos-kdl CMake target
[5.350s] -- Setting build type to Release as none was specified.
[5.358s] -- Found ament_lint_auto: 0.12.11 (/opt/ros/humble/share/ament_lint_auto/cmake)
[5.794s] -- Added test 'cppcheck' to perform static code analysis on C / C++ code
[5.795s] -- Configured cppcheck include dirs: 
[5.795s] -- Configured cppcheck exclude dirs and/or files: 
[5.799s] -- Added test 'cpplint' to check C / C++ code against the Google style
[5.800s] -- Configured cpplint exclude dirs and/or files: 
[5.803s] -- Added test 'lint_cmake' to check CMake code style
[5.808s] -- Added test 'uncrustify' to check C / C++ code style
[5.810s] -- Configured uncrustify additional arguments: 
[5.811s] -- Added test 'xmllint' to check XML markup files
[5.819s] -- Configuring done
[5.838s] -- Generating done
[5.844s] -- Build files have been written to: /home/misaka/fishbot/build/nav2_core
[5.884s] Invoked command in '/home/misaka/fishbot/build/nav2_core' returned '0': AMENT_PREFIX_PATH=/home/misaka/fishbot/install/nav2_costmap_2d:/home/misaka/fishbot/install/nav2_map_server:/home/misaka/fishbot/install/nav2_lifecycle_manager:/home/misaka/fishbot/install/nav2_util:/home/misaka/fishbot/install/nav2_voxel_grid:/home/misaka/fishbot/install/nav2_msgs:/home/misaka/fishbot/install/nav2_common:${AMENT_PREFIX_PATH} CMAKE_PREFIX_PATH=/home/misaka/fishbot/install/nav2_costmap_2d:/home/misaka/fishbot/install/nav2_map_server:/home/misaka/fishbot/install/nav2_lifecycle_manager:/home/misaka/fishbot/install/nav2_util:/home/misaka/fishbot/install/nav2_voxel_grid:/home/misaka/fishbot/install/nav2_msgs:/home/misaka/fishbot/install/nav2_common:/opt/ros/humble LD_LIBRARY_PATH=/home/misaka/fishbot/install/nav2_costmap_2d/lib:/home/misaka/fishbot/install/nav2_map_server/lib:/home/misaka/fishbot/install/nav2_lifecycle_manager/lib:/home/misaka/fishbot/install/nav2_util/lib:/home/misaka/fishbot/install/nav2_voxel_grid/lib:/home/misaka/fishbot/install/nav2_msgs/lib:${LD_LIBRARY_PATH} PYTHONPATH=/home/misaka/fishbot/install/nav2_msgs/local/lib/python3.10/dist-packages:/home/misaka/fishbot/install/nav2_common/local/lib/python3.10/dist-packages:${PYTHONPATH} /usr/bin/cmake /home/misaka/fishbot/src/navigation/nav2_core -DCMAKE_INSTALL_PREFIX=/home/misaka/fishbot/install/nav2_core
[5.886s] Invoking command in '/home/misaka/fishbot/build/nav2_core': AMENT_PREFIX_PATH=/home/misaka/fishbot/install/nav2_costmap_2d:/home/misaka/fishbot/install/nav2_map_server:/home/misaka/fishbot/install/nav2_lifecycle_manager:/home/misaka/fishbot/install/nav2_util:/home/misaka/fishbot/install/nav2_voxel_grid:/home/misaka/fishbot/install/nav2_msgs:/home/misaka/fishbot/install/nav2_common:${AMENT_PREFIX_PATH} CMAKE_PREFIX_PATH=/home/misaka/fishbot/install/nav2_costmap_2d:/home/misaka/fishbot/install/nav2_map_server:/home/misaka/fishbot/install/nav2_lifecycle_manager:/home/misaka/fishbot/install/nav2_util:/home/misaka/fishbot/install/nav2_voxel_grid:/home/misaka/fishbot/install/nav2_msgs:/home/misaka/fishbot/install/nav2_common:/opt/ros/humble LD_LIBRARY_PATH=/home/misaka/fishbot/install/nav2_costmap_2d/lib:/home/misaka/fishbot/install/nav2_map_server/lib:/home/misaka/fishbot/install/nav2_lifecycle_manager/lib:/home/misaka/fishbot/install/nav2_util/lib:/home/misaka/fishbot/install/nav2_voxel_grid/lib:/home/misaka/fishbot/install/nav2_msgs/lib:${LD_LIBRARY_PATH} PYTHONPATH=/home/misaka/fishbot/install/nav2_msgs/local/lib/python3.10/dist-packages:/home/misaka/fishbot/install/nav2_common/local/lib/python3.10/dist-packages:${PYTHONPATH} /usr/bin/cmake --build /home/misaka/fishbot/build/nav2_core -- -j16 -l16
[6.077s] Invoked command in '/home/misaka/fishbot/build/nav2_core' returned '0': AMENT_PREFIX_PATH=/home/misaka/fishbot/install/nav2_costmap_2d:/home/misaka/fishbot/install/nav2_map_server:/home/misaka/fishbot/install/nav2_lifecycle_manager:/home/misaka/fishbot/install/nav2_util:/home/misaka/fishbot/install/nav2_voxel_grid:/home/misaka/fishbot/install/nav2_msgs:/home/misaka/fishbot/install/nav2_common:${AMENT_PREFIX_PATH} CMAKE_PREFIX_PATH=/home/misaka/fishbot/install/nav2_costmap_2d:/home/misaka/fishbot/install/nav2_map_server:/home/misaka/fishbot/install/nav2_lifecycle_manager:/home/misaka/fishbot/install/nav2_util:/home/misaka/fishbot/install/nav2_voxel_grid:/home/misaka/fishbot/install/nav2_msgs:/home/misaka/fishbot/install/nav2_common:/opt/ros/humble LD_LIBRARY_PATH=/home/misaka/fishbot/install/nav2_costmap_2d/lib:/home/misaka/fishbot/install/nav2_map_server/lib:/home/misaka/fishbot/install/nav2_lifecycle_manager/lib:/home/misaka/fishbot/install/nav2_util/lib:/home/misaka/fishbot/install/nav2_voxel_grid/lib:/home/misaka/fishbot/install/nav2_msgs/lib:${LD_LIBRARY_PATH} PYTHONPATH=/home/misaka/fishbot/install/nav2_msgs/local/lib/python3.10/dist-packages:/home/misaka/fishbot/install/nav2_common/local/lib/python3.10/dist-packages:${PYTHONPATH} /usr/bin/cmake --build /home/misaka/fishbot/build/nav2_core -- -j16 -l16
[6.221s] Invoking command in '/home/misaka/fishbot/build/nav2_core': AMENT_PREFIX_PATH=/home/misaka/fishbot/install/nav2_costmap_2d:/home/misaka/fishbot/install/nav2_map_server:/home/misaka/fishbot/install/nav2_lifecycle_manager:/home/misaka/fishbot/install/nav2_util:/home/misaka/fishbot/install/nav2_voxel_grid:/home/misaka/fishbot/install/nav2_msgs:/home/misaka/fishbot/install/nav2_common:${AMENT_PREFIX_PATH} CMAKE_PREFIX_PATH=/home/misaka/fishbot/install/nav2_costmap_2d:/home/misaka/fishbot/install/nav2_map_server:/home/misaka/fishbot/install/nav2_lifecycle_manager:/home/misaka/fishbot/install/nav2_util:/home/misaka/fishbot/install/nav2_voxel_grid:/home/misaka/fishbot/install/nav2_msgs:/home/misaka/fishbot/install/nav2_common:/opt/ros/humble LD_LIBRARY_PATH=/home/misaka/fishbot/install/nav2_costmap_2d/lib:/home/misaka/fishbot/install/nav2_map_server/lib:/home/misaka/fishbot/install/nav2_lifecycle_manager/lib:/home/misaka/fishbot/install/nav2_util/lib:/home/misaka/fishbot/install/nav2_voxel_grid/lib:/home/misaka/fishbot/install/nav2_msgs/lib:${LD_LIBRARY_PATH} PYTHONPATH=/home/misaka/fishbot/install/nav2_msgs/local/lib/python3.10/dist-packages:/home/misaka/fishbot/install/nav2_common/local/lib/python3.10/dist-packages:${PYTHONPATH} /usr/bin/cmake --install /home/misaka/fishbot/build/nav2_core
[6.248s] -- Install configuration: "Release"
[6.249s] -- Installing: /home/misaka/fishbot/install/nav2_core/include/
[6.249s] -- Installing: /home/misaka/fishbot/install/nav2_core/include//nav2_core
[6.249s] -- Installing: /home/misaka/fishbot/install/nav2_core/include//nav2_core/goal_checker.hpp
[6.262s] -- Installing: /home/misaka/fishbot/install/nav2_core/include//nav2_core/behavior.hpp
[6.265s] -- Installing: /home/misaka/fishbot/install/nav2_core/include//nav2_core/controller.hpp
[6.267s] -- Installing: /home/misaka/fishbot/install/nav2_core/include//nav2_core/smoother.hpp
[6.269s] -- Installing: /home/misaka/fishbot/install/nav2_core/include//nav2_core/progress_checker.hpp
[6.272s] -- Installing: /home/misaka/fishbot/install/nav2_core/include//nav2_core/exceptions.hpp
[6.274s] -- Installing: /home/misaka/fishbot/install/nav2_core/include//nav2_core/waypoint_task_executor.hpp
[6.277s] -- Installing: /home/misaka/fishbot/install/nav2_core/include//nav2_core/global_planner.hpp
[6.280s] -- Installing: /home/misaka/fishbot/install/nav2_core/share/ament_index/resource_index/package_run_dependencies/nav2_core
[6.281s] -- Installing: /home/misaka/fishbot/install/nav2_core/share/ament_index/resource_index/parent_prefix_path/nav2_core
[6.282s] -- Installing: /home/misaka/fishbot/install/nav2_core/share/nav2_core/environment/ament_prefix_path.sh
[6.282s] -- Installing: /home/misaka/fishbot/install/nav2_core/share/nav2_core/environment/ament_prefix_path.dsv
[6.282s] -- Installing: /home/misaka/fishbot/install/nav2_core/share/nav2_core/environment/path.sh
[6.283s] -- Installing: /home/misaka/fishbot/install/nav2_core/share/nav2_core/environment/path.dsv
[6.284s] -- Installing: /home/misaka/fishbot/install/nav2_core/share/nav2_core/local_setup.bash
[6.284s] -- Installing: /home/misaka/fishbot/install/nav2_core/share/nav2_core/local_setup.sh
[6.285s] -- Installing: /home/misaka/fishbot/install/nav2_core/share/nav2_core/local_setup.zsh
[6.286s] -- Installing: /home/misaka/fishbot/install/nav2_core/share/nav2_core/local_setup.dsv
[6.286s] -- Installing: /home/misaka/fishbot/install/nav2_core/share/nav2_core/package.dsv
[6.286s] -- Installing: /home/misaka/fishbot/install/nav2_core/share/ament_index/resource_index/packages/nav2_core
[6.286s] -- Installing: /home/misaka/fishbot/install/nav2_core/share/nav2_core/cmake/ament_cmake_export_include_directories-extras.cmake
[6.286s] -- Installing: /home/misaka/fishbot/install/nav2_core/share/nav2_core/cmake/ament_cmake_export_dependencies-extras.cmake
[6.288s] -- Installing: /home/misaka/fishbot/install/nav2_core/share/nav2_core/cmake/nav2_coreConfig.cmake
[6.288s] -- Installing: /home/misaka/fishbot/install/nav2_core/share/nav2_core/cmake/nav2_coreConfig-version.cmake
[6.288s] -- Installing: /home/misaka/fishbot/install/nav2_core/share/nav2_core/package.xml
[6.293s] Invoked command in '/home/misaka/fishbot/build/nav2_core' returned '0': AMENT_PREFIX_PATH=/home/misaka/fishbot/install/nav2_costmap_2d:/home/misaka/fishbot/install/nav2_map_server:/home/misaka/fishbot/install/nav2_lifecycle_manager:/home/misaka/fishbot/install/nav2_util:/home/misaka/fishbot/install/nav2_voxel_grid:/home/misaka/fishbot/install/nav2_msgs:/home/misaka/fishbot/install/nav2_common:${AMENT_PREFIX_PATH} CMAKE_PREFIX_PATH=/home/misaka/fishbot/install/nav2_costmap_2d:/home/misaka/fishbot/install/nav2_map_server:/home/misaka/fishbot/install/nav2_lifecycle_manager:/home/misaka/fishbot/install/nav2_util:/home/misaka/fishbot/install/nav2_voxel_grid:/home/misaka/fishbot/install/nav2_msgs:/home/misaka/fishbot/install/nav2_common:/opt/ros/humble LD_LIBRARY_PATH=/home/misaka/fishbot/install/nav2_costmap_2d/lib:/home/misaka/fishbot/install/nav2_map_server/lib:/home/misaka/fishbot/install/nav2_lifecycle_manager/lib:/home/misaka/fishbot/install/nav2_util/lib:/home/misaka/fishbot/install/nav2_voxel_grid/lib:/home/misaka/fishbot/install/nav2_msgs/lib:${LD_LIBRARY_PATH} PYTHONPATH=/home/misaka/fishbot/install/nav2_msgs/local/lib/python3.10/dist-packages:/home/misaka/fishbot/install/nav2_common/local/lib/python3.10/dist-packages:${PYTHONPATH} /usr/bin/cmake --install /home/misaka/fishbot/build/nav2_core
