[0.141s] Invoking command in '/home/misaka/fishbot/build/nav2_common': CMAKE_PREFIX_PATH=/opt/ros/humble /usr/bin/cmake --build /home/misaka/fishbot/build/nav2_common -- -j16 -l16
[0.543s] Built target ament_cmake_python_copy_nav2_common
[1.649s] running egg_info
[1.652s] writing nav2_common.egg-info/PKG-INFO
[1.654s] writing dependency_links to nav2_common.egg-info/dependency_links.txt
[1.655s] writing top-level names to nav2_common.egg-info/top_level.txt
[1.670s] reading manifest file 'nav2_common.egg-info/SOURCES.txt'
[1.673s] writing manifest file 'nav2_common.egg-info/SOURCES.txt'
[1.780s] Built target ament_cmake_python_build_nav2_common_egg
[1.843s] Invoked command in '/home/misaka/fishbot/build/nav2_common' returned '0': CMAKE_PREFIX_PATH=/opt/ros/humble /usr/bin/cmake --build /home/misaka/fishbot/build/nav2_common -- -j16 -l16
[2.037s] Invoking command in '/home/misaka/fishbot/build/nav2_common': CMAKE_PREFIX_PATH=/opt/ros/humble /usr/bin/cmake --install /home/misaka/fishbot/build/nav2_common
[2.068s] -- Install configuration: ""
[2.070s] -- Up-to-date: /home/misaka/fishbot/install/nav2_common/share/nav2_common/environment/pythonpath.sh
[2.071s] -- Up-to-date: /home/misaka/fishbot/install/nav2_common/share/nav2_common/environment/pythonpath.dsv
[2.072s] -- Up-to-date: /home/misaka/fishbot/install/nav2_common/local/lib/python3.10/dist-packages/nav2_common-1.1.0-py3.10.egg-info
[2.072s] -- Installing: /home/misaka/fishbot/install/nav2_common/local/lib/python3.10/dist-packages/nav2_common-1.1.0-py3.10.egg-info/PKG-INFO
[2.072s] -- Installing: /home/misaka/fishbot/install/nav2_common/local/lib/python3.10/dist-packages/nav2_common-1.1.0-py3.10.egg-info/dependency_links.txt
[2.072s] -- Installing: /home/misaka/fishbot/install/nav2_common/local/lib/python3.10/dist-packages/nav2_common-1.1.0-py3.10.egg-info/SOURCES.txt
[2.073s] -- Installing: /home/misaka/fishbot/install/nav2_common/local/lib/python3.10/dist-packages/nav2_common-1.1.0-py3.10.egg-info/top_level.txt
[2.073s] -- Up-to-date: /home/misaka/fishbot/install/nav2_common/local/lib/python3.10/dist-packages/nav2_common
[2.073s] -- Up-to-date: /home/misaka/fishbot/install/nav2_common/local/lib/python3.10/dist-packages/nav2_common/__init__.py
[2.073s] -- Up-to-date: /home/misaka/fishbot/install/nav2_common/local/lib/python3.10/dist-packages/nav2_common/launch
[2.074s] -- Up-to-date: /home/misaka/fishbot/install/nav2_common/local/lib/python3.10/dist-packages/nav2_common/launch/replace_string.py
[2.075s] -- Up-to-date: /home/misaka/fishbot/install/nav2_common/local/lib/python3.10/dist-packages/nav2_common/launch/has_node_params.py
[2.076s] -- Up-to-date: /home/misaka/fishbot/install/nav2_common/local/lib/python3.10/dist-packages/nav2_common/launch/rewritten_yaml.py
[2.076s] -- Up-to-date: /home/misaka/fishbot/install/nav2_common/local/lib/python3.10/dist-packages/nav2_common/launch/__init__.py
[2.182s] Listing '/home/misaka/fishbot/install/nav2_common/local/lib/python3.10/dist-packages/nav2_common'...
[2.184s] Listing '/home/misaka/fishbot/install/nav2_common/local/lib/python3.10/dist-packages/nav2_common/launch'...
[2.195s] -- Up-to-date: /home/misaka/fishbot/install/nav2_common/share/ament_index/resource_index/package_run_dependencies/nav2_common
[2.195s] -- Up-to-date: /home/misaka/fishbot/install/nav2_common/share/ament_index/resource_index/parent_prefix_path/nav2_common
[2.196s] -- Up-to-date: /home/misaka/fishbot/install/nav2_common/share/nav2_common/environment/ament_prefix_path.sh
[2.197s] -- Up-to-date: /home/misaka/fishbot/install/nav2_common/share/nav2_common/environment/ament_prefix_path.dsv
[2.197s] -- Up-to-date: /home/misaka/fishbot/install/nav2_common/share/nav2_common/environment/path.sh
[2.197s] -- Up-to-date: /home/misaka/fishbot/install/nav2_common/share/nav2_common/environment/path.dsv
[2.197s] -- Up-to-date: /home/misaka/fishbot/install/nav2_common/share/nav2_common/local_setup.bash
[2.198s] -- Up-to-date: /home/misaka/fishbot/install/nav2_common/share/nav2_common/local_setup.sh
[2.198s] -- Up-to-date: /home/misaka/fishbot/install/nav2_common/share/nav2_common/local_setup.zsh
[2.199s] -- Up-to-date: /home/misaka/fishbot/install/nav2_common/share/nav2_common/local_setup.dsv
[2.199s] -- Installing: /home/misaka/fishbot/install/nav2_common/share/nav2_common/package.dsv
[2.201s] -- Up-to-date: /home/misaka/fishbot/install/nav2_common/share/ament_index/resource_index/packages/nav2_common
[2.201s] -- Up-to-date: /home/misaka/fishbot/install/nav2_common/share/nav2_common/cmake/nav2_common-extras.cmake
[2.201s] -- Up-to-date: /home/misaka/fishbot/install/nav2_common/share/nav2_common/cmake/nav2_commonConfig.cmake
[2.201s] -- Up-to-date: /home/misaka/fishbot/install/nav2_common/share/nav2_common/cmake/nav2_commonConfig-version.cmake
[2.202s] -- Up-to-date: /home/misaka/fishbot/install/nav2_common/share/nav2_common/package.xml
[2.202s] -- Up-to-date: /home/misaka/fishbot/install/nav2_common/share/nav2_common/cmake
[2.203s] -- Up-to-date: /home/misaka/fishbot/install/nav2_common/share/nav2_common/cmake/nav2_package.cmake
[2.208s] Invoked command in '/home/misaka/fishbot/build/nav2_common' returned '0': CMAKE_PREFIX_PATH=/opt/ros/humble /usr/bin/cmake --install /home/misaka/fishbot/build/nav2_common
