[0.090s] Invoking command in '/home/misaka/fishbot/build/nav_2d_msgs': CMAKE_PREFIX_PATH=/opt/ros/humble /usr/bin/cmake --build /home/misaka/fishbot/build/nav_2d_msgs -- -j16 -l16
[0.469s] [  1%] Built target nav_2d_msgs__cpp
[0.656s] [  1%] Built target ament_cmake_python_copy_nav_2d_msgs
[1.029s] [ 12%] Built target nav_2d_msgs__rosidl_typesupport_introspection_cpp
[2.100s] running egg_info
[2.107s] writing nav_2d_msgs.egg-info/PKG-INFO
[2.109s] writing dependency_links to nav_2d_msgs.egg-info/dependency_links.txt
[2.109s] writing top-level names to nav_2d_msgs.egg-info/top_level.txt
[2.113s] reading manifest file 'nav_2d_msgs.egg-info/SOURCES.txt'
[2.120s] writing manifest file 'nav_2d_msgs.egg-info/SOURCES.txt'
[2.227s] [ 12%] Built target ament_cmake_python_build_nav_2d_msgs_egg
[2.389s] [ 23%] Built target nav_2d_msgs__rosidl_typesupport_fastrtps_cpp
[2.533s] [ 35%] Built target nav_2d_msgs__rosidl_typesupport_cpp
[2.673s] [ 46%] Built target nav_2d_msgs__rosidl_generator_c
[2.807s] [ 57%] Built target nav_2d_msgs__rosidl_typesupport_fastrtps_c
[2.931s] [ 69%] Built target nav_2d_msgs__rosidl_typesupport_c
[3.055s] [ 80%] Built target nav_2d_msgs__rosidl_typesupport_introspection_c
[3.184s] [ 80%] Built target nav_2d_msgs
[3.309s] [ 81%] Built target nav_2d_msgs__py
[3.449s] [ 91%] Built target nav_2d_msgs__rosidl_generator_py
[3.567s] [ 94%] Built target nav_2d_msgs__rosidl_typesupport_fastrtps_c__pyext
[3.696s] [ 97%] Built target nav_2d_msgs__rosidl_typesupport_c__pyext
[3.831s] [100%] Built target nav_2d_msgs__rosidl_typesupport_introspection_c__pyext
[3.896s] Invoked command in '/home/misaka/fishbot/build/nav_2d_msgs' returned '0': CMAKE_PREFIX_PATH=/opt/ros/humble /usr/bin/cmake --build /home/misaka/fishbot/build/nav_2d_msgs -- -j16 -l16
[5.268s] Invoking command in '/home/misaka/fishbot/build/nav_2d_msgs': CMAKE_PREFIX_PATH=/opt/ros/humble /usr/bin/cmake --install /home/misaka/fishbot/build/nav_2d_msgs
[5.306s] -- Install configuration: ""
[5.306s] -- Up-to-date: /home/misaka/fishbot/install/nav_2d_msgs/share/ament_index/resource_index/rosidl_interfaces/nav_2d_msgs
[5.307s] -- Up-to-date: /home/misaka/fishbot/install/nav_2d_msgs/include/nav_2d_msgs/nav_2d_msgs
[5.308s] -- Up-to-date: /home/misaka/fishbot/install/nav_2d_msgs/include/nav_2d_msgs/nav_2d_msgs/msg
[5.310s] -- Up-to-date: /home/misaka/fishbot/install/nav_2d_msgs/include/nav_2d_msgs/nav_2d_msgs/msg/twist2_d32.h
[5.310s] -- Up-to-date: /home/misaka/fishbot/install/nav_2d_msgs/include/nav_2d_msgs/nav_2d_msgs/msg/rosidl_generator_c__visibility_control.h
[5.311s] -- Up-to-date: /home/misaka/fishbot/install/nav_2d_msgs/include/nav_2d_msgs/nav_2d_msgs/msg/twist2_d_stamped.h
[5.311s] -- Up-to-date: /home/misaka/fishbot/install/nav_2d_msgs/include/nav_2d_msgs/nav_2d_msgs/msg/twist2_d.h
[5.312s] -- Up-to-date: /home/misaka/fishbot/install/nav_2d_msgs/include/nav_2d_msgs/nav_2d_msgs/msg/detail
[5.312s] -- Up-to-date: /home/misaka/fishbot/install/nav_2d_msgs/include/nav_2d_msgs/nav_2d_msgs/msg/detail/twist2_d_stamped__type_support.h
[5.312s] -- Up-to-date: /home/misaka/fishbot/install/nav_2d_msgs/include/nav_2d_msgs/nav_2d_msgs/msg/detail/twist2_d32__functions.c
[5.313s] -- Up-to-date: /home/misaka/fishbot/install/nav_2d_msgs/include/nav_2d_msgs/nav_2d_msgs/msg/detail/twist2_d_stamped__functions.c
[5.315s] -- Up-to-date: /home/misaka/fishbot/install/nav_2d_msgs/include/nav_2d_msgs/nav_2d_msgs/msg/detail/pose2_d_stamped__type_support.h
[5.316s] -- Up-to-date: /home/misaka/fishbot/install/nav_2d_msgs/include/nav_2d_msgs/nav_2d_msgs/msg/detail/pose2_d32__functions.c
[5.317s] -- Up-to-date: /home/misaka/fishbot/install/nav_2d_msgs/include/nav_2d_msgs/nav_2d_msgs/msg/detail/pose2_d_stamped__struct.h
[5.317s] -- Up-to-date: /home/misaka/fishbot/install/nav_2d_msgs/include/nav_2d_msgs/nav_2d_msgs/msg/detail/twist2_d_stamped__functions.h
[5.318s] -- Up-to-date: /home/misaka/fishbot/install/nav_2d_msgs/include/nav_2d_msgs/nav_2d_msgs/msg/detail/path2_d__struct.h
[5.320s] -- Up-to-date: /home/misaka/fishbot/install/nav_2d_msgs/include/nav_2d_msgs/nav_2d_msgs/msg/detail/path2_d__functions.c
[5.320s] -- Up-to-date: /home/misaka/fishbot/install/nav_2d_msgs/include/nav_2d_msgs/nav_2d_msgs/msg/detail/pose2_d32__struct.h
[5.320s] -- Up-to-date: /home/misaka/fishbot/install/nav_2d_msgs/include/nav_2d_msgs/nav_2d_msgs/msg/detail/path2_d__type_support.h
[5.322s] -- Up-to-date: /home/misaka/fishbot/install/nav_2d_msgs/include/nav_2d_msgs/nav_2d_msgs/msg/detail/path2_d__functions.h
[5.323s] -- Up-to-date: /home/misaka/fishbot/install/nav_2d_msgs/include/nav_2d_msgs/nav_2d_msgs/msg/detail/pose2_d_stamped__functions.c
[5.325s] -- Up-to-date: /home/misaka/fishbot/install/nav_2d_msgs/include/nav_2d_msgs/nav_2d_msgs/msg/detail/twist2_d32__struct.h
[5.325s] -- Up-to-date: /home/misaka/fishbot/install/nav_2d_msgs/include/nav_2d_msgs/nav_2d_msgs/msg/detail/twist2_d32__type_support.h
[5.325s] -- Up-to-date: /home/misaka/fishbot/install/nav_2d_msgs/include/nav_2d_msgs/nav_2d_msgs/msg/detail/pose2_d_stamped__functions.h
[5.325s] -- Up-to-date: /home/misaka/fishbot/install/nav_2d_msgs/include/nav_2d_msgs/nav_2d_msgs/msg/detail/twist2_d__functions.h
[5.326s] -- Up-to-date: /home/misaka/fishbot/install/nav_2d_msgs/include/nav_2d_msgs/nav_2d_msgs/msg/detail/twist2_d_stamped__struct.h
[5.326s] -- Up-to-date: /home/misaka/fishbot/install/nav_2d_msgs/include/nav_2d_msgs/nav_2d_msgs/msg/detail/twist2_d__functions.c
[5.326s] -- Up-to-date: /home/misaka/fishbot/install/nav_2d_msgs/include/nav_2d_msgs/nav_2d_msgs/msg/detail/twist2_d32__functions.h
[5.328s] -- Up-to-date: /home/misaka/fishbot/install/nav_2d_msgs/include/nav_2d_msgs/nav_2d_msgs/msg/detail/twist2_d__type_support.h
[5.330s] -- Up-to-date: /home/misaka/fishbot/install/nav_2d_msgs/include/nav_2d_msgs/nav_2d_msgs/msg/detail/pose2_d32__functions.h
[5.330s] -- Up-to-date: /home/misaka/fishbot/install/nav_2d_msgs/include/nav_2d_msgs/nav_2d_msgs/msg/detail/twist2_d__struct.h
[5.331s] -- Up-to-date: /home/misaka/fishbot/install/nav_2d_msgs/include/nav_2d_msgs/nav_2d_msgs/msg/detail/pose2_d32__type_support.h
[5.331s] -- Up-to-date: /home/misaka/fishbot/install/nav_2d_msgs/include/nav_2d_msgs/nav_2d_msgs/msg/pose2_d32.h
[5.332s] -- Up-to-date: /home/misaka/fishbot/install/nav_2d_msgs/include/nav_2d_msgs/nav_2d_msgs/msg/path2_d.h
[5.332s] -- Up-to-date: /home/misaka/fishbot/install/nav_2d_msgs/include/nav_2d_msgs/nav_2d_msgs/msg/pose2_d_stamped.h
[5.332s] -- Up-to-date: /home/misaka/fishbot/install/nav_2d_msgs/share/nav_2d_msgs/environment/library_path.sh
[5.333s] -- Up-to-date: /home/misaka/fishbot/install/nav_2d_msgs/share/nav_2d_msgs/environment/library_path.dsv
[5.335s] -- Up-to-date: /home/misaka/fishbot/install/nav_2d_msgs/lib/libnav_2d_msgs__rosidl_generator_c.so
[5.335s] -- Up-to-date: /home/misaka/fishbot/install/nav_2d_msgs/include/nav_2d_msgs/nav_2d_msgs
[5.336s] -- Up-to-date: /home/misaka/fishbot/install/nav_2d_msgs/include/nav_2d_msgs/nav_2d_msgs/msg
[5.337s] -- Up-to-date: /home/misaka/fishbot/install/nav_2d_msgs/include/nav_2d_msgs/nav_2d_msgs/msg/rosidl_typesupport_fastrtps_c__visibility_control.h
[5.339s] -- Up-to-date: /home/misaka/fishbot/install/nav_2d_msgs/include/nav_2d_msgs/nav_2d_msgs/msg/detail
[5.340s] -- Up-to-date: /home/misaka/fishbot/install/nav_2d_msgs/include/nav_2d_msgs/nav_2d_msgs/msg/detail/twist2_d_stamped__rosidl_typesupport_fastrtps_c.h
[5.341s] -- Up-to-date: /home/misaka/fishbot/install/nav_2d_msgs/include/nav_2d_msgs/nav_2d_msgs/msg/detail/pose2_d32__rosidl_typesupport_fastrtps_c.h
[5.341s] -- Up-to-date: /home/misaka/fishbot/install/nav_2d_msgs/include/nav_2d_msgs/nav_2d_msgs/msg/detail/twist2_d32__rosidl_typesupport_fastrtps_c.h
[5.341s] -- Up-to-date: /home/misaka/fishbot/install/nav_2d_msgs/include/nav_2d_msgs/nav_2d_msgs/msg/detail/twist2_d__rosidl_typesupport_fastrtps_c.h
[5.341s] -- Up-to-date: /home/misaka/fishbot/install/nav_2d_msgs/include/nav_2d_msgs/nav_2d_msgs/msg/detail/pose2_d_stamped__rosidl_typesupport_fastrtps_c.h
[5.342s] -- Up-to-date: /home/misaka/fishbot/install/nav_2d_msgs/include/nav_2d_msgs/nav_2d_msgs/msg/detail/path2_d__rosidl_typesupport_fastrtps_c.h
[5.343s] -- Up-to-date: /home/misaka/fishbot/install/nav_2d_msgs/lib/libnav_2d_msgs__rosidl_typesupport_fastrtps_c.so
[5.345s] -- Up-to-date: /home/misaka/fishbot/install/nav_2d_msgs/include/nav_2d_msgs/nav_2d_msgs
[5.345s] -- Up-to-date: /home/misaka/fishbot/install/nav_2d_msgs/include/nav_2d_msgs/nav_2d_msgs/msg
[5.346s] -- Up-to-date: /home/misaka/fishbot/install/nav_2d_msgs/include/nav_2d_msgs/nav_2d_msgs/msg/pose2_d32.hpp
[5.346s] -- Up-to-date: /home/misaka/fishbot/install/nav_2d_msgs/include/nav_2d_msgs/nav_2d_msgs/msg/twist2_d32.hpp
[5.347s] -- Up-to-date: /home/misaka/fishbot/install/nav_2d_msgs/include/nav_2d_msgs/nav_2d_msgs/msg/twist2_d.hpp
[5.350s] -- Up-to-date: /home/misaka/fishbot/install/nav_2d_msgs/include/nav_2d_msgs/nav_2d_msgs/msg/pose2_d_stamped.hpp
[5.353s] -- Up-to-date: /home/misaka/fishbot/install/nav_2d_msgs/include/nav_2d_msgs/nav_2d_msgs/msg/detail
[5.355s] -- Up-to-date: /home/misaka/fishbot/install/nav_2d_msgs/include/nav_2d_msgs/nav_2d_msgs/msg/detail/pose2_d_stamped__builder.hpp
[5.355s] -- Up-to-date: /home/misaka/fishbot/install/nav_2d_msgs/include/nav_2d_msgs/nav_2d_msgs/msg/detail/path2_d__struct.hpp
[5.356s] -- Up-to-date: /home/misaka/fishbot/install/nav_2d_msgs/include/nav_2d_msgs/nav_2d_msgs/msg/detail/twist2_d32__struct.hpp
[5.356s] -- Up-to-date: /home/misaka/fishbot/install/nav_2d_msgs/include/nav_2d_msgs/nav_2d_msgs/msg/detail/twist2_d_stamped__traits.hpp
[5.356s] -- Up-to-date: /home/misaka/fishbot/install/nav_2d_msgs/include/nav_2d_msgs/nav_2d_msgs/msg/detail/pose2_d_stamped__traits.hpp
[5.356s] -- Up-to-date: /home/misaka/fishbot/install/nav_2d_msgs/include/nav_2d_msgs/nav_2d_msgs/msg/detail/twist2_d__builder.hpp
[5.358s] -- Up-to-date: /home/misaka/fishbot/install/nav_2d_msgs/include/nav_2d_msgs/nav_2d_msgs/msg/detail/twist2_d_stamped__builder.hpp
[5.358s] -- Up-to-date: /home/misaka/fishbot/install/nav_2d_msgs/include/nav_2d_msgs/nav_2d_msgs/msg/detail/path2_d__traits.hpp
[5.359s] -- Up-to-date: /home/misaka/fishbot/install/nav_2d_msgs/include/nav_2d_msgs/nav_2d_msgs/msg/detail/pose2_d32__struct.hpp
[5.359s] -- Up-to-date: /home/misaka/fishbot/install/nav_2d_msgs/include/nav_2d_msgs/nav_2d_msgs/msg/detail/pose2_d32__traits.hpp
[5.360s] -- Up-to-date: /home/misaka/fishbot/install/nav_2d_msgs/include/nav_2d_msgs/nav_2d_msgs/msg/detail/pose2_d32__builder.hpp
[5.360s] -- Up-to-date: /home/misaka/fishbot/install/nav_2d_msgs/include/nav_2d_msgs/nav_2d_msgs/msg/detail/twist2_d__traits.hpp
[5.361s] -- Up-to-date: /home/misaka/fishbot/install/nav_2d_msgs/include/nav_2d_msgs/nav_2d_msgs/msg/detail/twist2_d_stamped__struct.hpp
[5.361s] -- Up-to-date: /home/misaka/fishbot/install/nav_2d_msgs/include/nav_2d_msgs/nav_2d_msgs/msg/detail/path2_d__builder.hpp
[5.361s] -- Up-to-date: /home/misaka/fishbot/install/nav_2d_msgs/include/nav_2d_msgs/nav_2d_msgs/msg/detail/twist2_d32__builder.hpp
[5.361s] -- Up-to-date: /home/misaka/fishbot/install/nav_2d_msgs/include/nav_2d_msgs/nav_2d_msgs/msg/detail/twist2_d32__traits.hpp
[5.362s] -- Up-to-date: /home/misaka/fishbot/install/nav_2d_msgs/include/nav_2d_msgs/nav_2d_msgs/msg/detail/pose2_d_stamped__struct.hpp
[5.362s] -- Up-to-date: /home/misaka/fishbot/install/nav_2d_msgs/include/nav_2d_msgs/nav_2d_msgs/msg/detail/twist2_d__struct.hpp
[5.364s] -- Up-to-date: /home/misaka/fishbot/install/nav_2d_msgs/include/nav_2d_msgs/nav_2d_msgs/msg/path2_d.hpp
[5.364s] -- Up-to-date: /home/misaka/fishbot/install/nav_2d_msgs/include/nav_2d_msgs/nav_2d_msgs/msg/twist2_d_stamped.hpp
[5.364s] -- Up-to-date: /home/misaka/fishbot/install/nav_2d_msgs/include/nav_2d_msgs/nav_2d_msgs
[5.364s] -- Up-to-date: /home/misaka/fishbot/install/nav_2d_msgs/include/nav_2d_msgs/nav_2d_msgs/msg
[5.365s] -- Up-to-date: /home/misaka/fishbot/install/nav_2d_msgs/include/nav_2d_msgs/nav_2d_msgs/msg/detail
[5.365s] -- Up-to-date: /home/misaka/fishbot/install/nav_2d_msgs/include/nav_2d_msgs/nav_2d_msgs/msg/detail/twist2_d_stamped__rosidl_typesupport_fastrtps_cpp.hpp
[5.365s] -- Up-to-date: /home/misaka/fishbot/install/nav_2d_msgs/include/nav_2d_msgs/nav_2d_msgs/msg/detail/twist2_d32__rosidl_typesupport_fastrtps_cpp.hpp
[5.366s] -- Up-to-date: /home/misaka/fishbot/install/nav_2d_msgs/include/nav_2d_msgs/nav_2d_msgs/msg/detail/dds_fastrtps
[5.366s] -- Up-to-date: /home/misaka/fishbot/install/nav_2d_msgs/include/nav_2d_msgs/nav_2d_msgs/msg/detail/path2_d__rosidl_typesupport_fastrtps_cpp.hpp
[5.366s] -- Up-to-date: /home/misaka/fishbot/install/nav_2d_msgs/include/nav_2d_msgs/nav_2d_msgs/msg/detail/pose2_d_stamped__rosidl_typesupport_fastrtps_cpp.hpp
[5.366s] -- Up-to-date: /home/misaka/fishbot/install/nav_2d_msgs/include/nav_2d_msgs/nav_2d_msgs/msg/detail/twist2_d__rosidl_typesupport_fastrtps_cpp.hpp
[5.367s] -- Up-to-date: /home/misaka/fishbot/install/nav_2d_msgs/include/nav_2d_msgs/nav_2d_msgs/msg/detail/pose2_d32__rosidl_typesupport_fastrtps_cpp.hpp
[5.367s] -- Up-to-date: /home/misaka/fishbot/install/nav_2d_msgs/include/nav_2d_msgs/nav_2d_msgs/msg/rosidl_typesupport_fastrtps_cpp__visibility_control.h
[5.367s] -- Up-to-date: /home/misaka/fishbot/install/nav_2d_msgs/lib/libnav_2d_msgs__rosidl_typesupport_fastrtps_cpp.so
[5.367s] -- Up-to-date: /home/misaka/fishbot/install/nav_2d_msgs/include/nav_2d_msgs/nav_2d_msgs
[5.367s] -- Up-to-date: /home/misaka/fishbot/install/nav_2d_msgs/include/nav_2d_msgs/nav_2d_msgs/msg
[5.367s] -- Up-to-date: /home/misaka/fishbot/install/nav_2d_msgs/include/nav_2d_msgs/nav_2d_msgs/msg/detail
[5.367s] -- Up-to-date: /home/misaka/fishbot/install/nav_2d_msgs/include/nav_2d_msgs/nav_2d_msgs/msg/detail/pose2_d_stamped__type_support.c
[5.367s] -- Up-to-date: /home/misaka/fishbot/install/nav_2d_msgs/include/nav_2d_msgs/nav_2d_msgs/msg/detail/twist2_d__rosidl_typesupport_introspection_c.h
[5.367s] -- Up-to-date: /home/misaka/fishbot/install/nav_2d_msgs/include/nav_2d_msgs/nav_2d_msgs/msg/detail/path2_d__type_support.c
[5.368s] -- Up-to-date: /home/misaka/fishbot/install/nav_2d_msgs/include/nav_2d_msgs/nav_2d_msgs/msg/detail/pose2_d_stamped__rosidl_typesupport_introspection_c.h
[5.368s] -- Up-to-date: /home/misaka/fishbot/install/nav_2d_msgs/include/nav_2d_msgs/nav_2d_msgs/msg/detail/twist2_d_stamped__type_support.c
[5.369s] -- Up-to-date: /home/misaka/fishbot/install/nav_2d_msgs/include/nav_2d_msgs/nav_2d_msgs/msg/detail/pose2_d32__type_support.c
[5.370s] -- Up-to-date: /home/misaka/fishbot/install/nav_2d_msgs/include/nav_2d_msgs/nav_2d_msgs/msg/detail/twist2_d__type_support.c
[5.372s] -- Up-to-date: /home/misaka/fishbot/install/nav_2d_msgs/include/nav_2d_msgs/nav_2d_msgs/msg/detail/twist2_d_stamped__rosidl_typesupport_introspection_c.h
[5.372s] -- Up-to-date: /home/misaka/fishbot/install/nav_2d_msgs/include/nav_2d_msgs/nav_2d_msgs/msg/detail/twist2_d32__type_support.c
[5.373s] -- Up-to-date: /home/misaka/fishbot/install/nav_2d_msgs/include/nav_2d_msgs/nav_2d_msgs/msg/detail/twist2_d32__rosidl_typesupport_introspection_c.h
[5.373s] -- Up-to-date: /home/misaka/fishbot/install/nav_2d_msgs/include/nav_2d_msgs/nav_2d_msgs/msg/detail/path2_d__rosidl_typesupport_introspection_c.h
[5.373s] -- Up-to-date: /home/misaka/fishbot/install/nav_2d_msgs/include/nav_2d_msgs/nav_2d_msgs/msg/detail/pose2_d32__rosidl_typesupport_introspection_c.h
[5.374s] -- Up-to-date: /home/misaka/fishbot/install/nav_2d_msgs/include/nav_2d_msgs/nav_2d_msgs/msg/rosidl_typesupport_introspection_c__visibility_control.h
[5.374s] -- Up-to-date: /home/misaka/fishbot/install/nav_2d_msgs/lib/libnav_2d_msgs__rosidl_typesupport_introspection_c.so
[5.375s] -- Up-to-date: /home/misaka/fishbot/install/nav_2d_msgs/lib/libnav_2d_msgs__rosidl_typesupport_c.so
[5.376s] -- Up-to-date: /home/misaka/fishbot/install/nav_2d_msgs/include/nav_2d_msgs/nav_2d_msgs
[5.376s] -- Up-to-date: /home/misaka/fishbot/install/nav_2d_msgs/include/nav_2d_msgs/nav_2d_msgs/msg
[5.377s] -- Up-to-date: /home/misaka/fishbot/install/nav_2d_msgs/include/nav_2d_msgs/nav_2d_msgs/msg/detail
[5.377s] -- Up-to-date: /home/misaka/fishbot/install/nav_2d_msgs/include/nav_2d_msgs/nav_2d_msgs/msg/detail/path2_d__rosidl_typesupport_introspection_cpp.hpp
[5.377s] -- Up-to-date: /home/misaka/fishbot/install/nav_2d_msgs/include/nav_2d_msgs/nav_2d_msgs/msg/detail/twist2_d__type_support.cpp
[5.378s] -- Up-to-date: /home/misaka/fishbot/install/nav_2d_msgs/include/nav_2d_msgs/nav_2d_msgs/msg/detail/twist2_d_stamped__type_support.cpp
[5.378s] -- Up-to-date: /home/misaka/fishbot/install/nav_2d_msgs/include/nav_2d_msgs/nav_2d_msgs/msg/detail/twist2_d_stamped__rosidl_typesupport_introspection_cpp.hpp
[5.379s] -- Up-to-date: /home/misaka/fishbot/install/nav_2d_msgs/include/nav_2d_msgs/nav_2d_msgs/msg/detail/pose2_d32__rosidl_typesupport_introspection_cpp.hpp
[5.380s] -- Up-to-date: /home/misaka/fishbot/install/nav_2d_msgs/include/nav_2d_msgs/nav_2d_msgs/msg/detail/pose2_d_stamped__type_support.cpp
[5.380s] -- Up-to-date: /home/misaka/fishbot/install/nav_2d_msgs/include/nav_2d_msgs/nav_2d_msgs/msg/detail/pose2_d_stamped__rosidl_typesupport_introspection_cpp.hpp
[5.381s] -- Up-to-date: /home/misaka/fishbot/install/nav_2d_msgs/include/nav_2d_msgs/nav_2d_msgs/msg/detail/twist2_d32__type_support.cpp
[5.381s] -- Up-to-date: /home/misaka/fishbot/install/nav_2d_msgs/include/nav_2d_msgs/nav_2d_msgs/msg/detail/twist2_d__rosidl_typesupport_introspection_cpp.hpp
[5.381s] -- Up-to-date: /home/misaka/fishbot/install/nav_2d_msgs/include/nav_2d_msgs/nav_2d_msgs/msg/detail/path2_d__type_support.cpp
[5.381s] -- Up-to-date: /home/misaka/fishbot/install/nav_2d_msgs/include/nav_2d_msgs/nav_2d_msgs/msg/detail/pose2_d32__type_support.cpp
[5.382s] -- Up-to-date: /home/misaka/fishbot/install/nav_2d_msgs/include/nav_2d_msgs/nav_2d_msgs/msg/detail/twist2_d32__rosidl_typesupport_introspection_cpp.hpp
[5.382s] -- Up-to-date: /home/misaka/fishbot/install/nav_2d_msgs/lib/libnav_2d_msgs__rosidl_typesupport_introspection_cpp.so
[5.382s] -- Up-to-date: /home/misaka/fishbot/install/nav_2d_msgs/lib/libnav_2d_msgs__rosidl_typesupport_cpp.so
[5.382s] -- Up-to-date: /home/misaka/fishbot/install/nav_2d_msgs/share/nav_2d_msgs/environment/pythonpath.sh
[5.383s] -- Up-to-date: /home/misaka/fishbot/install/nav_2d_msgs/share/nav_2d_msgs/environment/pythonpath.dsv
[5.383s] -- Up-to-date: /home/misaka/fishbot/install/nav_2d_msgs/local/lib/python3.10/dist-packages/nav_2d_msgs-1.1.0-py3.10.egg-info
[5.384s] -- Installing: /home/misaka/fishbot/install/nav_2d_msgs/local/lib/python3.10/dist-packages/nav_2d_msgs-1.1.0-py3.10.egg-info/PKG-INFO
[5.384s] -- Installing: /home/misaka/fishbot/install/nav_2d_msgs/local/lib/python3.10/dist-packages/nav_2d_msgs-1.1.0-py3.10.egg-info/dependency_links.txt
[5.385s] -- Installing: /home/misaka/fishbot/install/nav_2d_msgs/local/lib/python3.10/dist-packages/nav_2d_msgs-1.1.0-py3.10.egg-info/SOURCES.txt
[5.385s] -- Installing: /home/misaka/fishbot/install/nav_2d_msgs/local/lib/python3.10/dist-packages/nav_2d_msgs-1.1.0-py3.10.egg-info/top_level.txt
[5.385s] -- Up-to-date: /home/misaka/fishbot/install/nav_2d_msgs/local/lib/python3.10/dist-packages/nav_2d_msgs
[5.385s] -- Up-to-date: /home/misaka/fishbot/install/nav_2d_msgs/local/lib/python3.10/dist-packages/nav_2d_msgs/_nav_2d_msgs_s.ep.rosidl_typesupport_c.c
[5.385s] -- Up-to-date: /home/misaka/fishbot/install/nav_2d_msgs/local/lib/python3.10/dist-packages/nav_2d_msgs/nav_2d_msgs_s__rosidl_typesupport_c.cpython-310-x86_64-linux-gnu.so
[5.385s] -- Up-to-date: /home/misaka/fishbot/install/nav_2d_msgs/local/lib/python3.10/dist-packages/nav_2d_msgs/nav_2d_msgs_s__rosidl_typesupport_fastrtps_c.cpython-310-x86_64-linux-gnu.so
[5.386s] -- Up-to-date: /home/misaka/fishbot/install/nav_2d_msgs/local/lib/python3.10/dist-packages/nav_2d_msgs/_nav_2d_msgs_s.ep.rosidl_typesupport_introspection_c.c
[5.386s] -- Up-to-date: /home/misaka/fishbot/install/nav_2d_msgs/local/lib/python3.10/dist-packages/nav_2d_msgs/_nav_2d_msgs_s.ep.rosidl_typesupport_fastrtps_c.c
[5.386s] -- Up-to-date: /home/misaka/fishbot/install/nav_2d_msgs/local/lib/python3.10/dist-packages/nav_2d_msgs/__init__.py
[5.386s] -- Up-to-date: /home/misaka/fishbot/install/nav_2d_msgs/local/lib/python3.10/dist-packages/nav_2d_msgs/libnav_2d_msgs__rosidl_generator_py.so
[5.386s] -- Up-to-date: /home/misaka/fishbot/install/nav_2d_msgs/local/lib/python3.10/dist-packages/nav_2d_msgs/msg
[5.386s] -- Up-to-date: /home/misaka/fishbot/install/nav_2d_msgs/local/lib/python3.10/dist-packages/nav_2d_msgs/msg/_path2_d.py
[5.387s] -- Up-to-date: /home/misaka/fishbot/install/nav_2d_msgs/local/lib/python3.10/dist-packages/nav_2d_msgs/msg/_twist2_d32.py
[5.388s] -- Up-to-date: /home/misaka/fishbot/install/nav_2d_msgs/local/lib/python3.10/dist-packages/nav_2d_msgs/msg/_path2_d_s.c
[5.388s] -- Up-to-date: /home/misaka/fishbot/install/nav_2d_msgs/local/lib/python3.10/dist-packages/nav_2d_msgs/msg/_pose2_d_stamped.py
[5.388s] -- Up-to-date: /home/misaka/fishbot/install/nav_2d_msgs/local/lib/python3.10/dist-packages/nav_2d_msgs/msg/_twist2_d32_s.c
[5.388s] -- Up-to-date: /home/misaka/fishbot/install/nav_2d_msgs/local/lib/python3.10/dist-packages/nav_2d_msgs/msg/_pose2_d32_s.c
[5.389s] -- Up-to-date: /home/misaka/fishbot/install/nav_2d_msgs/local/lib/python3.10/dist-packages/nav_2d_msgs/msg/_twist2_d_stamped_s.c
[5.389s] -- Up-to-date: /home/misaka/fishbot/install/nav_2d_msgs/local/lib/python3.10/dist-packages/nav_2d_msgs/msg/_pose2_d32.py
[5.389s] -- Up-to-date: /home/misaka/fishbot/install/nav_2d_msgs/local/lib/python3.10/dist-packages/nav_2d_msgs/msg/_twist2_d_s.c
[5.390s] -- Up-to-date: /home/misaka/fishbot/install/nav_2d_msgs/local/lib/python3.10/dist-packages/nav_2d_msgs/msg/__init__.py
[5.390s] -- Up-to-date: /home/misaka/fishbot/install/nav_2d_msgs/local/lib/python3.10/dist-packages/nav_2d_msgs/msg/_pose2_d_stamped_s.c
[5.390s] -- Up-to-date: /home/misaka/fishbot/install/nav_2d_msgs/local/lib/python3.10/dist-packages/nav_2d_msgs/msg/_twist2_d_stamped.py
[5.391s] -- Up-to-date: /home/misaka/fishbot/install/nav_2d_msgs/local/lib/python3.10/dist-packages/nav_2d_msgs/msg/_twist2_d.py
[5.391s] -- Up-to-date: /home/misaka/fishbot/install/nav_2d_msgs/local/lib/python3.10/dist-packages/nav_2d_msgs/nav_2d_msgs_s__rosidl_typesupport_introspection_c.cpython-310-x86_64-linux-gnu.so
[5.497s] Listing '/home/misaka/fishbot/install/nav_2d_msgs/local/lib/python3.10/dist-packages/nav_2d_msgs'...
[5.498s] Listing '/home/misaka/fishbot/install/nav_2d_msgs/local/lib/python3.10/dist-packages/nav_2d_msgs/msg'...
[5.522s] -- Up-to-date: /home/misaka/fishbot/install/nav_2d_msgs/local/lib/python3.10/dist-packages/nav_2d_msgs/nav_2d_msgs_s__rosidl_typesupport_fastrtps_c.cpython-310-x86_64-linux-gnu.so
[5.526s] -- Up-to-date: /home/misaka/fishbot/install/nav_2d_msgs/local/lib/python3.10/dist-packages/nav_2d_msgs/nav_2d_msgs_s__rosidl_typesupport_introspection_c.cpython-310-x86_64-linux-gnu.so
[5.528s] -- Up-to-date: /home/misaka/fishbot/install/nav_2d_msgs/local/lib/python3.10/dist-packages/nav_2d_msgs/nav_2d_msgs_s__rosidl_typesupport_c.cpython-310-x86_64-linux-gnu.so
[5.531s] -- Up-to-date: /home/misaka/fishbot/install/nav_2d_msgs/lib/libnav_2d_msgs__rosidl_generator_py.so
[5.533s] -- Up-to-date: /home/misaka/fishbot/install/nav_2d_msgs/share/nav_2d_msgs/msg/Path2D.idl
[5.533s] -- Up-to-date: /home/misaka/fishbot/install/nav_2d_msgs/share/nav_2d_msgs/msg/Pose2D32.idl
[5.534s] -- Up-to-date: /home/misaka/fishbot/install/nav_2d_msgs/share/nav_2d_msgs/msg/Pose2DStamped.idl
[5.535s] -- Up-to-date: /home/misaka/fishbot/install/nav_2d_msgs/share/nav_2d_msgs/msg/Twist2D.idl
[5.535s] -- Up-to-date: /home/misaka/fishbot/install/nav_2d_msgs/share/nav_2d_msgs/msg/Twist2D32.idl
[5.536s] -- Up-to-date: /home/misaka/fishbot/install/nav_2d_msgs/share/nav_2d_msgs/msg/Twist2DStamped.idl
[5.537s] -- Up-to-date: /home/misaka/fishbot/install/nav_2d_msgs/share/nav_2d_msgs/msg/Path2D.msg
[5.537s] -- Up-to-date: /home/misaka/fishbot/install/nav_2d_msgs/share/nav_2d_msgs/msg/Pose2D32.msg
[5.537s] -- Up-to-date: /home/misaka/fishbot/install/nav_2d_msgs/share/nav_2d_msgs/msg/Pose2DStamped.msg
[5.537s] -- Up-to-date: /home/misaka/fishbot/install/nav_2d_msgs/share/nav_2d_msgs/msg/Twist2D.msg
[5.538s] -- Up-to-date: /home/misaka/fishbot/install/nav_2d_msgs/share/nav_2d_msgs/msg/Twist2D32.msg
[5.538s] -- Up-to-date: /home/misaka/fishbot/install/nav_2d_msgs/share/nav_2d_msgs/msg/Twist2DStamped.msg
[5.538s] -- Up-to-date: /home/misaka/fishbot/install/nav_2d_msgs/share/ament_index/resource_index/package_run_dependencies/nav_2d_msgs
[5.540s] -- Up-to-date: /home/misaka/fishbot/install/nav_2d_msgs/share/ament_index/resource_index/parent_prefix_path/nav_2d_msgs
[5.541s] -- Up-to-date: /home/misaka/fishbot/install/nav_2d_msgs/share/nav_2d_msgs/environment/ament_prefix_path.sh
[5.541s] -- Up-to-date: /home/misaka/fishbot/install/nav_2d_msgs/share/nav_2d_msgs/environment/ament_prefix_path.dsv
[5.542s] -- Up-to-date: /home/misaka/fishbot/install/nav_2d_msgs/share/nav_2d_msgs/environment/path.sh
[5.542s] -- Up-to-date: /home/misaka/fishbot/install/nav_2d_msgs/share/nav_2d_msgs/environment/path.dsv
[5.543s] -- Up-to-date: /home/misaka/fishbot/install/nav_2d_msgs/share/nav_2d_msgs/local_setup.bash
[5.543s] -- Up-to-date: /home/misaka/fishbot/install/nav_2d_msgs/share/nav_2d_msgs/local_setup.sh
[5.544s] -- Up-to-date: /home/misaka/fishbot/install/nav_2d_msgs/share/nav_2d_msgs/local_setup.zsh
[5.545s] -- Up-to-date: /home/misaka/fishbot/install/nav_2d_msgs/share/nav_2d_msgs/local_setup.dsv
[5.545s] -- Installing: /home/misaka/fishbot/install/nav_2d_msgs/share/nav_2d_msgs/package.dsv
[5.547s] -- Up-to-date: /home/misaka/fishbot/install/nav_2d_msgs/share/ament_index/resource_index/packages/nav_2d_msgs
[5.547s] -- Up-to-date: /home/misaka/fishbot/install/nav_2d_msgs/share/nav_2d_msgs/cmake/export_nav_2d_msgs__rosidl_generator_cExport.cmake
[5.548s] -- Up-to-date: /home/misaka/fishbot/install/nav_2d_msgs/share/nav_2d_msgs/cmake/export_nav_2d_msgs__rosidl_generator_cExport-noconfig.cmake
[5.548s] -- Up-to-date: /home/misaka/fishbot/install/nav_2d_msgs/share/nav_2d_msgs/cmake/export_nav_2d_msgs__rosidl_typesupport_fastrtps_cExport.cmake
[5.549s] -- Up-to-date: /home/misaka/fishbot/install/nav_2d_msgs/share/nav_2d_msgs/cmake/export_nav_2d_msgs__rosidl_typesupport_fastrtps_cExport-noconfig.cmake
[5.550s] -- Up-to-date: /home/misaka/fishbot/install/nav_2d_msgs/share/nav_2d_msgs/cmake/export_nav_2d_msgs__rosidl_generator_cppExport.cmake
[5.550s] -- Up-to-date: /home/misaka/fishbot/install/nav_2d_msgs/share/nav_2d_msgs/cmake/export_nav_2d_msgs__rosidl_typesupport_fastrtps_cppExport.cmake
[5.550s] -- Up-to-date: /home/misaka/fishbot/install/nav_2d_msgs/share/nav_2d_msgs/cmake/export_nav_2d_msgs__rosidl_typesupport_fastrtps_cppExport-noconfig.cmake
[5.551s] -- Up-to-date: /home/misaka/fishbot/install/nav_2d_msgs/share/nav_2d_msgs/cmake/nav_2d_msgs__rosidl_typesupport_introspection_cExport.cmake
[5.551s] -- Up-to-date: /home/misaka/fishbot/install/nav_2d_msgs/share/nav_2d_msgs/cmake/nav_2d_msgs__rosidl_typesupport_introspection_cExport-noconfig.cmake
[5.552s] -- Up-to-date: /home/misaka/fishbot/install/nav_2d_msgs/share/nav_2d_msgs/cmake/nav_2d_msgs__rosidl_typesupport_cExport.cmake
[5.554s] -- Up-to-date: /home/misaka/fishbot/install/nav_2d_msgs/share/nav_2d_msgs/cmake/nav_2d_msgs__rosidl_typesupport_cExport-noconfig.cmake
[5.555s] -- Up-to-date: /home/misaka/fishbot/install/nav_2d_msgs/share/nav_2d_msgs/cmake/nav_2d_msgs__rosidl_typesupport_introspection_cppExport.cmake
[5.556s] -- Up-to-date: /home/misaka/fishbot/install/nav_2d_msgs/share/nav_2d_msgs/cmake/nav_2d_msgs__rosidl_typesupport_introspection_cppExport-noconfig.cmake
[5.557s] -- Up-to-date: /home/misaka/fishbot/install/nav_2d_msgs/share/nav_2d_msgs/cmake/nav_2d_msgs__rosidl_typesupport_cppExport.cmake
[5.558s] -- Up-to-date: /home/misaka/fishbot/install/nav_2d_msgs/share/nav_2d_msgs/cmake/nav_2d_msgs__rosidl_typesupport_cppExport-noconfig.cmake
[5.560s] -- Up-to-date: /home/misaka/fishbot/install/nav_2d_msgs/share/nav_2d_msgs/cmake/export_nav_2d_msgs__rosidl_generator_pyExport.cmake
[5.561s] -- Up-to-date: /home/misaka/fishbot/install/nav_2d_msgs/share/nav_2d_msgs/cmake/export_nav_2d_msgs__rosidl_generator_pyExport-noconfig.cmake
[5.561s] -- Up-to-date: /home/misaka/fishbot/install/nav_2d_msgs/share/nav_2d_msgs/cmake/rosidl_cmake-extras.cmake
[5.562s] -- Up-to-date: /home/misaka/fishbot/install/nav_2d_msgs/share/nav_2d_msgs/cmake/ament_cmake_export_dependencies-extras.cmake
[5.564s] -- Up-to-date: /home/misaka/fishbot/install/nav_2d_msgs/share/nav_2d_msgs/cmake/ament_cmake_export_include_directories-extras.cmake
[5.564s] -- Up-to-date: /home/misaka/fishbot/install/nav_2d_msgs/share/nav_2d_msgs/cmake/ament_cmake_export_libraries-extras.cmake
[5.564s] -- Up-to-date: /home/misaka/fishbot/install/nav_2d_msgs/share/nav_2d_msgs/cmake/ament_cmake_export_targets-extras.cmake
[5.565s] -- Up-to-date: /home/misaka/fishbot/install/nav_2d_msgs/share/nav_2d_msgs/cmake/rosidl_cmake_export_typesupport_targets-extras.cmake
[5.565s] -- Up-to-date: /home/misaka/fishbot/install/nav_2d_msgs/share/nav_2d_msgs/cmake/rosidl_cmake_export_typesupport_libraries-extras.cmake
[5.566s] -- Up-to-date: /home/misaka/fishbot/install/nav_2d_msgs/share/nav_2d_msgs/cmake/nav_2d_msgsConfig.cmake
[5.566s] -- Up-to-date: /home/misaka/fishbot/install/nav_2d_msgs/share/nav_2d_msgs/cmake/nav_2d_msgsConfig-version.cmake
[5.566s] -- Up-to-date: /home/misaka/fishbot/install/nav_2d_msgs/share/nav_2d_msgs/package.xml
[5.574s] Invoked command in '/home/misaka/fishbot/build/nav_2d_msgs' returned '0': CMAKE_PREFIX_PATH=/opt/ros/humble /usr/bin/cmake --install /home/misaka/fishbot/build/nav_2d_msgs
