[0.039s] Invoking command in '/home/misaka/fishbot/build/cartographer_ros_msgs': CMAKE_PREFIX_PATH=/opt/ros/humble /usr/bin/cmake --build /home/misaka/fishbot/build/cartographer_ros_msgs -- -j16 -l16
[0.368s] [  0%] Built target cartographer_ros_msgs__cpp
[0.416s] [ 12%] Built target cartographer_ros_msgs__rosidl_generator_c
[0.493s] [ 12%] Built target ament_cmake_python_copy_cartographer_ros_msgs
[0.521s] [ 24%] Built target cartographer_ros_msgs__rosidl_typesupport_cpp
[0.525s] [ 37%] Built target cartographer_ros_msgs__rosidl_typesupport_introspection_cpp
[0.542s] [ 49%] Built target cartographer_ros_msgs__rosidl_typesupport_fastrtps_cpp
[0.569s] [ 61%] Built target cartographer_ros_msgs__rosidl_typesupport_introspection_c
[0.577s] [ 73%] Built target cartographer_ros_msgs__rosidl_typesupport_c
[0.593s] [ 85%] Built target cartographer_ros_msgs__rosidl_typesupport_fastrtps_c
[0.709s] [ 85%] Built target cartographer_ros_msgs
[0.831s] [ 86%] Built target cartographer_ros_msgs__py
[0.999s] [ 97%] Built target cartographer_ros_msgs__rosidl_generator_py
[1.116s] [ 99%] Built target cartographer_ros_msgs__rosidl_typesupport_fastrtps_c__pyext
[1.117s] [ 99%] Built target cartographer_ros_msgs__rosidl_typesupport_c__pyext
[1.118s] [100%] Built target cartographer_ros_msgs__rosidl_typesupport_introspection_c__pyext
[1.535s] running egg_info
[1.538s] writing cartographer_ros_msgs.egg-info/PKG-INFO
[1.539s] writing dependency_links to cartographer_ros_msgs.egg-info/dependency_links.txt
[1.540s] writing top-level names to cartographer_ros_msgs.egg-info/top_level.txt
[1.560s] reading manifest file 'cartographer_ros_msgs.egg-info/SOURCES.txt'
[1.565s] writing manifest file 'cartographer_ros_msgs.egg-info/SOURCES.txt'
[1.666s] [100%] Built target ament_cmake_python_build_cartographer_ros_msgs_egg
[1.719s] Invoked command in '/home/misaka/fishbot/build/cartographer_ros_msgs' returned '0': CMAKE_PREFIX_PATH=/opt/ros/humble /usr/bin/cmake --build /home/misaka/fishbot/build/cartographer_ros_msgs -- -j16 -l16
[5.532s] Invoking command in '/home/misaka/fishbot/build/cartographer_ros_msgs': CMAKE_PREFIX_PATH=/opt/ros/humble /usr/bin/cmake --install /home/misaka/fishbot/build/cartographer_ros_msgs
[5.566s] -- Install configuration: ""
[5.567s] -- Up-to-date: /home/misaka/fishbot/install/cartographer_ros_msgs/share/ament_index/resource_index/rosidl_interfaces/cartographer_ros_msgs
[5.567s] -- Up-to-date: /home/misaka/fishbot/install/cartographer_ros_msgs/include/cartographer_ros_msgs/cartographer_ros_msgs
[5.569s] -- Up-to-date: /home/misaka/fishbot/install/cartographer_ros_msgs/include/cartographer_ros_msgs/cartographer_ros_msgs/srv
[5.570s] -- Up-to-date: /home/misaka/fishbot/install/cartographer_ros_msgs/include/cartographer_ros_msgs/cartographer_ros_msgs/srv/submap_query.h
[5.571s] -- Up-to-date: /home/misaka/fishbot/install/cartographer_ros_msgs/include/cartographer_ros_msgs/cartographer_ros_msgs/srv/detail
[5.571s] -- Up-to-date: /home/misaka/fishbot/install/cartographer_ros_msgs/include/cartographer_ros_msgs/cartographer_ros_msgs/srv/detail/submap_query__functions.h
[5.572s] -- Up-to-date: /home/misaka/fishbot/install/cartographer_ros_msgs/include/cartographer_ros_msgs/cartographer_ros_msgs/srv/detail/start_trajectory__functions.h
[5.573s] -- Up-to-date: /home/misaka/fishbot/install/cartographer_ros_msgs/include/cartographer_ros_msgs/cartographer_ros_msgs/srv/detail/read_metrics__functions.h
[5.574s] -- Up-to-date: /home/misaka/fishbot/install/cartographer_ros_msgs/include/cartographer_ros_msgs/cartographer_ros_msgs/srv/detail/submap_query__struct.h
[5.574s] -- Up-to-date: /home/misaka/fishbot/install/cartographer_ros_msgs/include/cartographer_ros_msgs/cartographer_ros_msgs/srv/detail/write_state__functions.c
[5.575s] -- Up-to-date: /home/misaka/fishbot/install/cartographer_ros_msgs/include/cartographer_ros_msgs/cartographer_ros_msgs/srv/detail/trajectory_query__struct.h
[5.575s] -- Up-to-date: /home/misaka/fishbot/install/cartographer_ros_msgs/include/cartographer_ros_msgs/cartographer_ros_msgs/srv/detail/trajectory_query__type_support.h
[5.578s] -- Up-to-date: /home/misaka/fishbot/install/cartographer_ros_msgs/include/cartographer_ros_msgs/cartographer_ros_msgs/srv/detail/read_metrics__struct.h
[5.578s] -- Up-to-date: /home/misaka/fishbot/install/cartographer_ros_msgs/include/cartographer_ros_msgs/cartographer_ros_msgs/srv/detail/write_state__struct.h
[5.578s] -- Up-to-date: /home/misaka/fishbot/install/cartographer_ros_msgs/include/cartographer_ros_msgs/cartographer_ros_msgs/srv/detail/start_trajectory__type_support.h
[5.579s] -- Up-to-date: /home/misaka/fishbot/install/cartographer_ros_msgs/include/cartographer_ros_msgs/cartographer_ros_msgs/srv/detail/write_state__functions.h
[5.580s] -- Up-to-date: /home/misaka/fishbot/install/cartographer_ros_msgs/include/cartographer_ros_msgs/cartographer_ros_msgs/srv/detail/trajectory_query__functions.h
[5.581s] -- Up-to-date: /home/misaka/fishbot/install/cartographer_ros_msgs/include/cartographer_ros_msgs/cartographer_ros_msgs/srv/detail/get_trajectory_states__struct.h
[5.581s] -- Up-to-date: /home/misaka/fishbot/install/cartographer_ros_msgs/include/cartographer_ros_msgs/cartographer_ros_msgs/srv/detail/trajectory_query__functions.c
[5.581s] -- Up-to-date: /home/misaka/fishbot/install/cartographer_ros_msgs/include/cartographer_ros_msgs/cartographer_ros_msgs/srv/detail/start_trajectory__functions.c
[5.582s] -- Up-to-date: /home/misaka/fishbot/install/cartographer_ros_msgs/include/cartographer_ros_msgs/cartographer_ros_msgs/srv/detail/read_metrics__type_support.h
[5.583s] -- Up-to-date: /home/misaka/fishbot/install/cartographer_ros_msgs/include/cartographer_ros_msgs/cartographer_ros_msgs/srv/detail/submap_query__type_support.h
[5.583s] -- Up-to-date: /home/misaka/fishbot/install/cartographer_ros_msgs/include/cartographer_ros_msgs/cartographer_ros_msgs/srv/detail/read_metrics__functions.c
[5.583s] -- Up-to-date: /home/misaka/fishbot/install/cartographer_ros_msgs/include/cartographer_ros_msgs/cartographer_ros_msgs/srv/detail/submap_query__functions.c
[5.583s] -- Up-to-date: /home/misaka/fishbot/install/cartographer_ros_msgs/include/cartographer_ros_msgs/cartographer_ros_msgs/srv/detail/get_trajectory_states__functions.c
[5.583s] -- Up-to-date: /home/misaka/fishbot/install/cartographer_ros_msgs/include/cartographer_ros_msgs/cartographer_ros_msgs/srv/detail/finish_trajectory__struct.h
[5.583s] -- Up-to-date: /home/misaka/fishbot/install/cartographer_ros_msgs/include/cartographer_ros_msgs/cartographer_ros_msgs/srv/detail/write_state__type_support.h
[5.584s] -- Up-to-date: /home/misaka/fishbot/install/cartographer_ros_msgs/include/cartographer_ros_msgs/cartographer_ros_msgs/srv/detail/finish_trajectory__functions.c
[5.584s] -- Up-to-date: /home/misaka/fishbot/install/cartographer_ros_msgs/include/cartographer_ros_msgs/cartographer_ros_msgs/srv/detail/finish_trajectory__type_support.h
[5.584s] -- Up-to-date: /home/misaka/fishbot/install/cartographer_ros_msgs/include/cartographer_ros_msgs/cartographer_ros_msgs/srv/detail/get_trajectory_states__type_support.h
[5.584s] -- Up-to-date: /home/misaka/fishbot/install/cartographer_ros_msgs/include/cartographer_ros_msgs/cartographer_ros_msgs/srv/detail/finish_trajectory__functions.h
[5.584s] -- Up-to-date: /home/misaka/fishbot/install/cartographer_ros_msgs/include/cartographer_ros_msgs/cartographer_ros_msgs/srv/detail/get_trajectory_states__functions.h
[5.584s] -- Up-to-date: /home/misaka/fishbot/install/cartographer_ros_msgs/include/cartographer_ros_msgs/cartographer_ros_msgs/srv/detail/start_trajectory__struct.h
[5.584s] -- Up-to-date: /home/misaka/fishbot/install/cartographer_ros_msgs/include/cartographer_ros_msgs/cartographer_ros_msgs/srv/write_state.h
[5.585s] -- Up-to-date: /home/misaka/fishbot/install/cartographer_ros_msgs/include/cartographer_ros_msgs/cartographer_ros_msgs/srv/get_trajectory_states.h
[5.585s] -- Up-to-date: /home/misaka/fishbot/install/cartographer_ros_msgs/include/cartographer_ros_msgs/cartographer_ros_msgs/srv/read_metrics.h
[5.585s] -- Up-to-date: /home/misaka/fishbot/install/cartographer_ros_msgs/include/cartographer_ros_msgs/cartographer_ros_msgs/srv/start_trajectory.h
[5.586s] -- Up-to-date: /home/misaka/fishbot/install/cartographer_ros_msgs/include/cartographer_ros_msgs/cartographer_ros_msgs/srv/finish_trajectory.h
[5.586s] -- Up-to-date: /home/misaka/fishbot/install/cartographer_ros_msgs/include/cartographer_ros_msgs/cartographer_ros_msgs/srv/trajectory_query.h
[5.586s] -- Up-to-date: /home/misaka/fishbot/install/cartographer_ros_msgs/include/cartographer_ros_msgs/cartographer_ros_msgs/msg
[5.586s] -- Up-to-date: /home/misaka/fishbot/install/cartographer_ros_msgs/include/cartographer_ros_msgs/cartographer_ros_msgs/msg/landmark_list.h
[5.586s] -- Up-to-date: /home/misaka/fishbot/install/cartographer_ros_msgs/include/cartographer_ros_msgs/cartographer_ros_msgs/msg/landmark_entry.h
[5.586s] -- Up-to-date: /home/misaka/fishbot/install/cartographer_ros_msgs/include/cartographer_ros_msgs/cartographer_ros_msgs/msg/rosidl_generator_c__visibility_control.h
[5.587s] -- Up-to-date: /home/misaka/fishbot/install/cartographer_ros_msgs/include/cartographer_ros_msgs/cartographer_ros_msgs/msg/submap_texture.h
[5.587s] -- Up-to-date: /home/misaka/fishbot/install/cartographer_ros_msgs/include/cartographer_ros_msgs/cartographer_ros_msgs/msg/status_code.h
[5.588s] -- Up-to-date: /home/misaka/fishbot/install/cartographer_ros_msgs/include/cartographer_ros_msgs/cartographer_ros_msgs/msg/trajectory_states.h
[5.588s] -- Up-to-date: /home/misaka/fishbot/install/cartographer_ros_msgs/include/cartographer_ros_msgs/cartographer_ros_msgs/msg/histogram_bucket.h
[5.588s] -- Up-to-date: /home/misaka/fishbot/install/cartographer_ros_msgs/include/cartographer_ros_msgs/cartographer_ros_msgs/msg/metric_label.h
[5.588s] -- Up-to-date: /home/misaka/fishbot/install/cartographer_ros_msgs/include/cartographer_ros_msgs/cartographer_ros_msgs/msg/bagfile_progress.h
[5.588s] -- Up-to-date: /home/misaka/fishbot/install/cartographer_ros_msgs/include/cartographer_ros_msgs/cartographer_ros_msgs/msg/detail
[5.589s] -- Up-to-date: /home/misaka/fishbot/install/cartographer_ros_msgs/include/cartographer_ros_msgs/cartographer_ros_msgs/msg/detail/status_code__struct.h
[5.589s] -- Up-to-date: /home/misaka/fishbot/install/cartographer_ros_msgs/include/cartographer_ros_msgs/cartographer_ros_msgs/msg/detail/bagfile_progress__functions.h
[5.589s] -- Up-to-date: /home/misaka/fishbot/install/cartographer_ros_msgs/include/cartographer_ros_msgs/cartographer_ros_msgs/msg/detail/landmark_entry__functions.c
[5.591s] -- Up-to-date: /home/misaka/fishbot/install/cartographer_ros_msgs/include/cartographer_ros_msgs/cartographer_ros_msgs/msg/detail/metric_label__functions.h
[5.592s] -- Up-to-date: /home/misaka/fishbot/install/cartographer_ros_msgs/include/cartographer_ros_msgs/cartographer_ros_msgs/msg/detail/trajectory_states__type_support.h
[5.593s] -- Up-to-date: /home/misaka/fishbot/install/cartographer_ros_msgs/include/cartographer_ros_msgs/cartographer_ros_msgs/msg/detail/submap_list__type_support.h
[5.594s] -- Up-to-date: /home/misaka/fishbot/install/cartographer_ros_msgs/include/cartographer_ros_msgs/cartographer_ros_msgs/msg/detail/metric__functions.h
[5.594s] -- Up-to-date: /home/misaka/fishbot/install/cartographer_ros_msgs/include/cartographer_ros_msgs/cartographer_ros_msgs/msg/detail/bagfile_progress__struct.h
[5.594s] -- Up-to-date: /home/misaka/fishbot/install/cartographer_ros_msgs/include/cartographer_ros_msgs/cartographer_ros_msgs/msg/detail/metric_family__functions.h
[5.595s] -- Up-to-date: /home/misaka/fishbot/install/cartographer_ros_msgs/include/cartographer_ros_msgs/cartographer_ros_msgs/msg/detail/bagfile_progress__functions.c
[5.595s] -- Up-to-date: /home/misaka/fishbot/install/cartographer_ros_msgs/include/cartographer_ros_msgs/cartographer_ros_msgs/msg/detail/metric_label__functions.c
[5.595s] -- Up-to-date: /home/misaka/fishbot/install/cartographer_ros_msgs/include/cartographer_ros_msgs/cartographer_ros_msgs/msg/detail/metric_label__type_support.h
[5.595s] -- Up-to-date: /home/misaka/fishbot/install/cartographer_ros_msgs/include/cartographer_ros_msgs/cartographer_ros_msgs/msg/detail/bagfile_progress__type_support.h
[5.595s] -- Up-to-date: /home/misaka/fishbot/install/cartographer_ros_msgs/include/cartographer_ros_msgs/cartographer_ros_msgs/msg/detail/status_response__functions.c
[5.596s] -- Up-to-date: /home/misaka/fishbot/install/cartographer_ros_msgs/include/cartographer_ros_msgs/cartographer_ros_msgs/msg/detail/landmark_list__functions.c
[5.596s] -- Up-to-date: /home/misaka/fishbot/install/cartographer_ros_msgs/include/cartographer_ros_msgs/cartographer_ros_msgs/msg/detail/submap_texture__type_support.h
[5.596s] -- Up-to-date: /home/misaka/fishbot/install/cartographer_ros_msgs/include/cartographer_ros_msgs/cartographer_ros_msgs/msg/detail/landmark_list__functions.h
[5.596s] -- Up-to-date: /home/misaka/fishbot/install/cartographer_ros_msgs/include/cartographer_ros_msgs/cartographer_ros_msgs/msg/detail/histogram_bucket__struct.h
[5.596s] -- Up-to-date: /home/misaka/fishbot/install/cartographer_ros_msgs/include/cartographer_ros_msgs/cartographer_ros_msgs/msg/detail/landmark_entry__functions.h
[5.596s] -- Up-to-date: /home/misaka/fishbot/install/cartographer_ros_msgs/include/cartographer_ros_msgs/cartographer_ros_msgs/msg/detail/submap_entry__struct.h
[5.597s] -- Up-to-date: /home/misaka/fishbot/install/cartographer_ros_msgs/include/cartographer_ros_msgs/cartographer_ros_msgs/msg/detail/histogram_bucket__functions.c
[5.597s] -- Up-to-date: /home/misaka/fishbot/install/cartographer_ros_msgs/include/cartographer_ros_msgs/cartographer_ros_msgs/msg/detail/submap_list__functions.c
[5.598s] -- Up-to-date: /home/misaka/fishbot/install/cartographer_ros_msgs/include/cartographer_ros_msgs/cartographer_ros_msgs/msg/detail/submap_texture__struct.h
[5.598s] -- Up-to-date: /home/misaka/fishbot/install/cartographer_ros_msgs/include/cartographer_ros_msgs/cartographer_ros_msgs/msg/detail/submap_texture__functions.c
[5.598s] -- Up-to-date: /home/misaka/fishbot/install/cartographer_ros_msgs/include/cartographer_ros_msgs/cartographer_ros_msgs/msg/detail/status_response__type_support.h
[5.598s] -- Up-to-date: /home/misaka/fishbot/install/cartographer_ros_msgs/include/cartographer_ros_msgs/cartographer_ros_msgs/msg/detail/submap_list__struct.h
[5.601s] -- Up-to-date: /home/misaka/fishbot/install/cartographer_ros_msgs/include/cartographer_ros_msgs/cartographer_ros_msgs/msg/detail/metric__functions.c
[5.601s] -- Up-to-date: /home/misaka/fishbot/install/cartographer_ros_msgs/include/cartographer_ros_msgs/cartographer_ros_msgs/msg/detail/submap_entry__type_support.h
[5.601s] -- Up-to-date: /home/misaka/fishbot/install/cartographer_ros_msgs/include/cartographer_ros_msgs/cartographer_ros_msgs/msg/detail/submap_entry__functions.c
[5.602s] -- Up-to-date: /home/misaka/fishbot/install/cartographer_ros_msgs/include/cartographer_ros_msgs/cartographer_ros_msgs/msg/detail/metric_family__functions.c
[5.602s] -- Up-to-date: /home/misaka/fishbot/install/cartographer_ros_msgs/include/cartographer_ros_msgs/cartographer_ros_msgs/msg/detail/trajectory_states__functions.h
[5.602s] -- Up-to-date: /home/misaka/fishbot/install/cartographer_ros_msgs/include/cartographer_ros_msgs/cartographer_ros_msgs/msg/detail/status_code__type_support.h
[5.602s] -- Up-to-date: /home/misaka/fishbot/install/cartographer_ros_msgs/include/cartographer_ros_msgs/cartographer_ros_msgs/msg/detail/status_code__functions.h
[5.602s] -- Up-to-date: /home/misaka/fishbot/install/cartographer_ros_msgs/include/cartographer_ros_msgs/cartographer_ros_msgs/msg/detail/histogram_bucket__type_support.h
[5.603s] -- Up-to-date: /home/misaka/fishbot/install/cartographer_ros_msgs/include/cartographer_ros_msgs/cartographer_ros_msgs/msg/detail/landmark_entry__type_support.h
[5.603s] -- Up-to-date: /home/misaka/fishbot/install/cartographer_ros_msgs/include/cartographer_ros_msgs/cartographer_ros_msgs/msg/detail/status_response__struct.h
[5.604s] -- Up-to-date: /home/misaka/fishbot/install/cartographer_ros_msgs/include/cartographer_ros_msgs/cartographer_ros_msgs/msg/detail/submap_entry__functions.h
[5.604s] -- Up-to-date: /home/misaka/fishbot/install/cartographer_ros_msgs/include/cartographer_ros_msgs/cartographer_ros_msgs/msg/detail/landmark_list__struct.h
[5.604s] -- Up-to-date: /home/misaka/fishbot/install/cartographer_ros_msgs/include/cartographer_ros_msgs/cartographer_ros_msgs/msg/detail/landmark_entry__struct.h
[5.604s] -- Up-to-date: /home/misaka/fishbot/install/cartographer_ros_msgs/include/cartographer_ros_msgs/cartographer_ros_msgs/msg/detail/landmark_list__type_support.h
[5.604s] -- Up-to-date: /home/misaka/fishbot/install/cartographer_ros_msgs/include/cartographer_ros_msgs/cartographer_ros_msgs/msg/detail/metric__type_support.h
[5.604s] -- Up-to-date: /home/misaka/fishbot/install/cartographer_ros_msgs/include/cartographer_ros_msgs/cartographer_ros_msgs/msg/detail/trajectory_states__functions.c
[5.604s] -- Up-to-date: /home/misaka/fishbot/install/cartographer_ros_msgs/include/cartographer_ros_msgs/cartographer_ros_msgs/msg/detail/status_code__functions.c
[5.605s] -- Up-to-date: /home/misaka/fishbot/install/cartographer_ros_msgs/include/cartographer_ros_msgs/cartographer_ros_msgs/msg/detail/metric__struct.h
[5.605s] -- Up-to-date: /home/misaka/fishbot/install/cartographer_ros_msgs/include/cartographer_ros_msgs/cartographer_ros_msgs/msg/detail/status_response__functions.h
[5.605s] -- Up-to-date: /home/misaka/fishbot/install/cartographer_ros_msgs/include/cartographer_ros_msgs/cartographer_ros_msgs/msg/detail/metric_label__struct.h
[5.605s] -- Up-to-date: /home/misaka/fishbot/install/cartographer_ros_msgs/include/cartographer_ros_msgs/cartographer_ros_msgs/msg/detail/metric_family__struct.h
[5.605s] -- Up-to-date: /home/misaka/fishbot/install/cartographer_ros_msgs/include/cartographer_ros_msgs/cartographer_ros_msgs/msg/detail/metric_family__type_support.h
[5.606s] -- Up-to-date: /home/misaka/fishbot/install/cartographer_ros_msgs/include/cartographer_ros_msgs/cartographer_ros_msgs/msg/detail/submap_texture__functions.h
[5.606s] -- Up-to-date: /home/misaka/fishbot/install/cartographer_ros_msgs/include/cartographer_ros_msgs/cartographer_ros_msgs/msg/detail/trajectory_states__struct.h
[5.606s] -- Up-to-date: /home/misaka/fishbot/install/cartographer_ros_msgs/include/cartographer_ros_msgs/cartographer_ros_msgs/msg/detail/submap_list__functions.h
[5.607s] -- Up-to-date: /home/misaka/fishbot/install/cartographer_ros_msgs/include/cartographer_ros_msgs/cartographer_ros_msgs/msg/detail/histogram_bucket__functions.h
[5.607s] -- Up-to-date: /home/misaka/fishbot/install/cartographer_ros_msgs/include/cartographer_ros_msgs/cartographer_ros_msgs/msg/submap_list.h
[5.607s] -- Up-to-date: /home/misaka/fishbot/install/cartographer_ros_msgs/include/cartographer_ros_msgs/cartographer_ros_msgs/msg/metric_family.h
[5.607s] -- Up-to-date: /home/misaka/fishbot/install/cartographer_ros_msgs/include/cartographer_ros_msgs/cartographer_ros_msgs/msg/metric.h
[5.608s] -- Up-to-date: /home/misaka/fishbot/install/cartographer_ros_msgs/include/cartographer_ros_msgs/cartographer_ros_msgs/msg/status_response.h
[5.608s] -- Up-to-date: /home/misaka/fishbot/install/cartographer_ros_msgs/include/cartographer_ros_msgs/cartographer_ros_msgs/msg/submap_entry.h
[5.608s] -- Up-to-date: /home/misaka/fishbot/install/cartographer_ros_msgs/share/cartographer_ros_msgs/environment/library_path.sh
[5.608s] -- Up-to-date: /home/misaka/fishbot/install/cartographer_ros_msgs/share/cartographer_ros_msgs/environment/library_path.dsv
[5.608s] -- Up-to-date: /home/misaka/fishbot/install/cartographer_ros_msgs/lib/libcartographer_ros_msgs__rosidl_generator_c.so
[5.608s] -- Up-to-date: /home/misaka/fishbot/install/cartographer_ros_msgs/include/cartographer_ros_msgs/cartographer_ros_msgs
[5.608s] -- Up-to-date: /home/misaka/fishbot/install/cartographer_ros_msgs/include/cartographer_ros_msgs/cartographer_ros_msgs/srv
[5.609s] -- Up-to-date: /home/misaka/fishbot/install/cartographer_ros_msgs/include/cartographer_ros_msgs/cartographer_ros_msgs/srv/detail
[5.609s] -- Up-to-date: /home/misaka/fishbot/install/cartographer_ros_msgs/include/cartographer_ros_msgs/cartographer_ros_msgs/srv/detail/trajectory_query__rosidl_typesupport_fastrtps_c.h
[5.609s] -- Up-to-date: /home/misaka/fishbot/install/cartographer_ros_msgs/include/cartographer_ros_msgs/cartographer_ros_msgs/srv/detail/finish_trajectory__rosidl_typesupport_fastrtps_c.h
[5.609s] -- Up-to-date: /home/misaka/fishbot/install/cartographer_ros_msgs/include/cartographer_ros_msgs/cartographer_ros_msgs/srv/detail/read_metrics__rosidl_typesupport_fastrtps_c.h
[5.610s] -- Up-to-date: /home/misaka/fishbot/install/cartographer_ros_msgs/include/cartographer_ros_msgs/cartographer_ros_msgs/srv/detail/write_state__rosidl_typesupport_fastrtps_c.h
[5.610s] -- Up-to-date: /home/misaka/fishbot/install/cartographer_ros_msgs/include/cartographer_ros_msgs/cartographer_ros_msgs/srv/detail/get_trajectory_states__rosidl_typesupport_fastrtps_c.h
[5.610s] -- Up-to-date: /home/misaka/fishbot/install/cartographer_ros_msgs/include/cartographer_ros_msgs/cartographer_ros_msgs/srv/detail/start_trajectory__rosidl_typesupport_fastrtps_c.h
[5.611s] -- Up-to-date: /home/misaka/fishbot/install/cartographer_ros_msgs/include/cartographer_ros_msgs/cartographer_ros_msgs/srv/detail/submap_query__rosidl_typesupport_fastrtps_c.h
[5.611s] -- Up-to-date: /home/misaka/fishbot/install/cartographer_ros_msgs/include/cartographer_ros_msgs/cartographer_ros_msgs/msg
[5.611s] -- Up-to-date: /home/misaka/fishbot/install/cartographer_ros_msgs/include/cartographer_ros_msgs/cartographer_ros_msgs/msg/rosidl_typesupport_fastrtps_c__visibility_control.h
[5.612s] -- Up-to-date: /home/misaka/fishbot/install/cartographer_ros_msgs/include/cartographer_ros_msgs/cartographer_ros_msgs/msg/detail
[5.612s] -- Up-to-date: /home/misaka/fishbot/install/cartographer_ros_msgs/include/cartographer_ros_msgs/cartographer_ros_msgs/msg/detail/bagfile_progress__rosidl_typesupport_fastrtps_c.h
[5.613s] -- Up-to-date: /home/misaka/fishbot/install/cartographer_ros_msgs/include/cartographer_ros_msgs/cartographer_ros_msgs/msg/detail/landmark_entry__rosidl_typesupport_fastrtps_c.h
[5.613s] -- Up-to-date: /home/misaka/fishbot/install/cartographer_ros_msgs/include/cartographer_ros_msgs/cartographer_ros_msgs/msg/detail/submap_entry__rosidl_typesupport_fastrtps_c.h
[5.613s] -- Up-to-date: /home/misaka/fishbot/install/cartographer_ros_msgs/include/cartographer_ros_msgs/cartographer_ros_msgs/msg/detail/trajectory_states__rosidl_typesupport_fastrtps_c.h
[5.614s] -- Up-to-date: /home/misaka/fishbot/install/cartographer_ros_msgs/include/cartographer_ros_msgs/cartographer_ros_msgs/msg/detail/metric_family__rosidl_typesupport_fastrtps_c.h
[5.614s] -- Up-to-date: /home/misaka/fishbot/install/cartographer_ros_msgs/include/cartographer_ros_msgs/cartographer_ros_msgs/msg/detail/histogram_bucket__rosidl_typesupport_fastrtps_c.h
[5.614s] -- Up-to-date: /home/misaka/fishbot/install/cartographer_ros_msgs/include/cartographer_ros_msgs/cartographer_ros_msgs/msg/detail/status_response__rosidl_typesupport_fastrtps_c.h
[5.616s] -- Up-to-date: /home/misaka/fishbot/install/cartographer_ros_msgs/include/cartographer_ros_msgs/cartographer_ros_msgs/msg/detail/metric_label__rosidl_typesupport_fastrtps_c.h
[5.616s] -- Up-to-date: /home/misaka/fishbot/install/cartographer_ros_msgs/include/cartographer_ros_msgs/cartographer_ros_msgs/msg/detail/metric__rosidl_typesupport_fastrtps_c.h
[5.616s] -- Up-to-date: /home/misaka/fishbot/install/cartographer_ros_msgs/include/cartographer_ros_msgs/cartographer_ros_msgs/msg/detail/landmark_list__rosidl_typesupport_fastrtps_c.h
[5.616s] -- Up-to-date: /home/misaka/fishbot/install/cartographer_ros_msgs/include/cartographer_ros_msgs/cartographer_ros_msgs/msg/detail/submap_list__rosidl_typesupport_fastrtps_c.h
[5.619s] -- Up-to-date: /home/misaka/fishbot/install/cartographer_ros_msgs/include/cartographer_ros_msgs/cartographer_ros_msgs/msg/detail/status_code__rosidl_typesupport_fastrtps_c.h
[5.619s] -- Up-to-date: /home/misaka/fishbot/install/cartographer_ros_msgs/include/cartographer_ros_msgs/cartographer_ros_msgs/msg/detail/submap_texture__rosidl_typesupport_fastrtps_c.h
[5.620s] -- Up-to-date: /home/misaka/fishbot/install/cartographer_ros_msgs/lib/libcartographer_ros_msgs__rosidl_typesupport_fastrtps_c.so
[5.621s] -- Up-to-date: /home/misaka/fishbot/install/cartographer_ros_msgs/include/cartographer_ros_msgs/cartographer_ros_msgs
[5.622s] -- Up-to-date: /home/misaka/fishbot/install/cartographer_ros_msgs/include/cartographer_ros_msgs/cartographer_ros_msgs/srv
[5.623s] -- Up-to-date: /home/misaka/fishbot/install/cartographer_ros_msgs/include/cartographer_ros_msgs/cartographer_ros_msgs/srv/detail
[5.623s] -- Up-to-date: /home/misaka/fishbot/install/cartographer_ros_msgs/include/cartographer_ros_msgs/cartographer_ros_msgs/srv/detail/read_metrics__rosidl_typesupport_introspection_c.h
[5.623s] -- Up-to-date: /home/misaka/fishbot/install/cartographer_ros_msgs/include/cartographer_ros_msgs/cartographer_ros_msgs/srv/detail/get_trajectory_states__rosidl_typesupport_introspection_c.h
[5.624s] -- Up-to-date: /home/misaka/fishbot/install/cartographer_ros_msgs/include/cartographer_ros_msgs/cartographer_ros_msgs/srv/detail/write_state__rosidl_typesupport_introspection_c.h
[5.624s] -- Up-to-date: /home/misaka/fishbot/install/cartographer_ros_msgs/include/cartographer_ros_msgs/cartographer_ros_msgs/srv/detail/finish_trajectory__rosidl_typesupport_introspection_c.h
[5.624s] -- Up-to-date: /home/misaka/fishbot/install/cartographer_ros_msgs/include/cartographer_ros_msgs/cartographer_ros_msgs/srv/detail/read_metrics__type_support.c
[5.624s] -- Up-to-date: /home/misaka/fishbot/install/cartographer_ros_msgs/include/cartographer_ros_msgs/cartographer_ros_msgs/srv/detail/get_trajectory_states__type_support.c
[5.624s] -- Up-to-date: /home/misaka/fishbot/install/cartographer_ros_msgs/include/cartographer_ros_msgs/cartographer_ros_msgs/srv/detail/write_state__type_support.c
[5.626s] -- Up-to-date: /home/misaka/fishbot/install/cartographer_ros_msgs/include/cartographer_ros_msgs/cartographer_ros_msgs/srv/detail/trajectory_query__type_support.c
[5.627s] -- Up-to-date: /home/misaka/fishbot/install/cartographer_ros_msgs/include/cartographer_ros_msgs/cartographer_ros_msgs/srv/detail/trajectory_query__rosidl_typesupport_introspection_c.h
[5.628s] -- Up-to-date: /home/misaka/fishbot/install/cartographer_ros_msgs/include/cartographer_ros_msgs/cartographer_ros_msgs/srv/detail/start_trajectory__type_support.c
[5.628s] -- Up-to-date: /home/misaka/fishbot/install/cartographer_ros_msgs/include/cartographer_ros_msgs/cartographer_ros_msgs/srv/detail/start_trajectory__rosidl_typesupport_introspection_c.h
[5.628s] -- Up-to-date: /home/misaka/fishbot/install/cartographer_ros_msgs/include/cartographer_ros_msgs/cartographer_ros_msgs/srv/detail/finish_trajectory__type_support.c
[5.628s] -- Up-to-date: /home/misaka/fishbot/install/cartographer_ros_msgs/include/cartographer_ros_msgs/cartographer_ros_msgs/srv/detail/submap_query__rosidl_typesupport_introspection_c.h
[5.628s] -- Up-to-date: /home/misaka/fishbot/install/cartographer_ros_msgs/include/cartographer_ros_msgs/cartographer_ros_msgs/srv/detail/submap_query__type_support.c
[5.629s] -- Up-to-date: /home/misaka/fishbot/install/cartographer_ros_msgs/include/cartographer_ros_msgs/cartographer_ros_msgs/msg
[5.629s] -- Up-to-date: /home/misaka/fishbot/install/cartographer_ros_msgs/include/cartographer_ros_msgs/cartographer_ros_msgs/msg/detail
[5.629s] -- Up-to-date: /home/misaka/fishbot/install/cartographer_ros_msgs/include/cartographer_ros_msgs/cartographer_ros_msgs/msg/detail/metric__type_support.c
[5.629s] -- Up-to-date: /home/misaka/fishbot/install/cartographer_ros_msgs/include/cartographer_ros_msgs/cartographer_ros_msgs/msg/detail/submap_list__type_support.c
[5.629s] -- Up-to-date: /home/misaka/fishbot/install/cartographer_ros_msgs/include/cartographer_ros_msgs/cartographer_ros_msgs/msg/detail/submap_texture__rosidl_typesupport_introspection_c.h
[5.629s] -- Up-to-date: /home/misaka/fishbot/install/cartographer_ros_msgs/include/cartographer_ros_msgs/cartographer_ros_msgs/msg/detail/landmark_list__type_support.c
[5.629s] -- Up-to-date: /home/misaka/fishbot/install/cartographer_ros_msgs/include/cartographer_ros_msgs/cartographer_ros_msgs/msg/detail/submap_entry__rosidl_typesupport_introspection_c.h
[5.630s] -- Up-to-date: /home/misaka/fishbot/install/cartographer_ros_msgs/include/cartographer_ros_msgs/cartographer_ros_msgs/msg/detail/landmark_entry__rosidl_typesupport_introspection_c.h
[5.630s] -- Up-to-date: /home/misaka/fishbot/install/cartographer_ros_msgs/include/cartographer_ros_msgs/cartographer_ros_msgs/msg/detail/histogram_bucket__rosidl_typesupport_introspection_c.h
[5.630s] -- Up-to-date: /home/misaka/fishbot/install/cartographer_ros_msgs/include/cartographer_ros_msgs/cartographer_ros_msgs/msg/detail/bagfile_progress__rosidl_typesupport_introspection_c.h
[5.630s] -- Up-to-date: /home/misaka/fishbot/install/cartographer_ros_msgs/include/cartographer_ros_msgs/cartographer_ros_msgs/msg/detail/metric_family__rosidl_typesupport_introspection_c.h
[5.630s] -- Up-to-date: /home/misaka/fishbot/install/cartographer_ros_msgs/include/cartographer_ros_msgs/cartographer_ros_msgs/msg/detail/status_response__rosidl_typesupport_introspection_c.h
[5.630s] -- Up-to-date: /home/misaka/fishbot/install/cartographer_ros_msgs/include/cartographer_ros_msgs/cartographer_ros_msgs/msg/detail/trajectory_states__rosidl_typesupport_introspection_c.h
[5.630s] -- Up-to-date: /home/misaka/fishbot/install/cartographer_ros_msgs/include/cartographer_ros_msgs/cartographer_ros_msgs/msg/detail/bagfile_progress__type_support.c
[5.631s] -- Up-to-date: /home/misaka/fishbot/install/cartographer_ros_msgs/include/cartographer_ros_msgs/cartographer_ros_msgs/msg/detail/landmark_entry__type_support.c
[5.631s] -- Up-to-date: /home/misaka/fishbot/install/cartographer_ros_msgs/include/cartographer_ros_msgs/cartographer_ros_msgs/msg/detail/status_code__rosidl_typesupport_introspection_c.h
[5.631s] -- Up-to-date: /home/misaka/fishbot/install/cartographer_ros_msgs/include/cartographer_ros_msgs/cartographer_ros_msgs/msg/detail/submap_list__rosidl_typesupport_introspection_c.h
[5.631s] -- Up-to-date: /home/misaka/fishbot/install/cartographer_ros_msgs/include/cartographer_ros_msgs/cartographer_ros_msgs/msg/detail/submap_entry__type_support.c
[5.632s] -- Up-to-date: /home/misaka/fishbot/install/cartographer_ros_msgs/include/cartographer_ros_msgs/cartographer_ros_msgs/msg/detail/status_response__type_support.c
[5.632s] -- Up-to-date: /home/misaka/fishbot/install/cartographer_ros_msgs/include/cartographer_ros_msgs/cartographer_ros_msgs/msg/detail/landmark_list__rosidl_typesupport_introspection_c.h
[5.632s] -- Up-to-date: /home/misaka/fishbot/install/cartographer_ros_msgs/include/cartographer_ros_msgs/cartographer_ros_msgs/msg/detail/metric__rosidl_typesupport_introspection_c.h
[5.632s] -- Up-to-date: /home/misaka/fishbot/install/cartographer_ros_msgs/include/cartographer_ros_msgs/cartographer_ros_msgs/msg/detail/metric_label__type_support.c
[5.633s] -- Up-to-date: /home/misaka/fishbot/install/cartographer_ros_msgs/include/cartographer_ros_msgs/cartographer_ros_msgs/msg/detail/metric_family__type_support.c
[5.633s] -- Up-to-date: /home/misaka/fishbot/install/cartographer_ros_msgs/include/cartographer_ros_msgs/cartographer_ros_msgs/msg/detail/submap_texture__type_support.c
[5.633s] -- Up-to-date: /home/misaka/fishbot/install/cartographer_ros_msgs/include/cartographer_ros_msgs/cartographer_ros_msgs/msg/detail/trajectory_states__type_support.c
[5.634s] -- Up-to-date: /home/misaka/fishbot/install/cartographer_ros_msgs/include/cartographer_ros_msgs/cartographer_ros_msgs/msg/detail/status_code__type_support.c
[5.636s] -- Up-to-date: /home/misaka/fishbot/install/cartographer_ros_msgs/include/cartographer_ros_msgs/cartographer_ros_msgs/msg/detail/histogram_bucket__type_support.c
[5.637s] -- Up-to-date: /home/misaka/fishbot/install/cartographer_ros_msgs/include/cartographer_ros_msgs/cartographer_ros_msgs/msg/detail/metric_label__rosidl_typesupport_introspection_c.h
[5.638s] -- Up-to-date: /home/misaka/fishbot/install/cartographer_ros_msgs/include/cartographer_ros_msgs/cartographer_ros_msgs/msg/rosidl_typesupport_introspection_c__visibility_control.h
[5.638s] -- Up-to-date: /home/misaka/fishbot/install/cartographer_ros_msgs/lib/libcartographer_ros_msgs__rosidl_typesupport_introspection_c.so
[5.638s] -- Up-to-date: /home/misaka/fishbot/install/cartographer_ros_msgs/lib/libcartographer_ros_msgs__rosidl_typesupport_c.so
[5.639s] -- Up-to-date: /home/misaka/fishbot/install/cartographer_ros_msgs/include/cartographer_ros_msgs/cartographer_ros_msgs
[5.639s] -- Up-to-date: /home/misaka/fishbot/install/cartographer_ros_msgs/include/cartographer_ros_msgs/cartographer_ros_msgs/srv
[5.639s] -- Up-to-date: /home/misaka/fishbot/install/cartographer_ros_msgs/include/cartographer_ros_msgs/cartographer_ros_msgs/srv/write_state.hpp
[5.639s] -- Up-to-date: /home/misaka/fishbot/install/cartographer_ros_msgs/include/cartographer_ros_msgs/cartographer_ros_msgs/srv/get_trajectory_states.hpp
[5.639s] -- Up-to-date: /home/misaka/fishbot/install/cartographer_ros_msgs/include/cartographer_ros_msgs/cartographer_ros_msgs/srv/start_trajectory.hpp
[5.639s] -- Up-to-date: /home/misaka/fishbot/install/cartographer_ros_msgs/include/cartographer_ros_msgs/cartographer_ros_msgs/srv/submap_query.hpp
[5.639s] -- Up-to-date: /home/misaka/fishbot/install/cartographer_ros_msgs/include/cartographer_ros_msgs/cartographer_ros_msgs/srv/trajectory_query.hpp
[5.639s] -- Up-to-date: /home/misaka/fishbot/install/cartographer_ros_msgs/include/cartographer_ros_msgs/cartographer_ros_msgs/srv/finish_trajectory.hpp
[5.640s] -- Up-to-date: /home/misaka/fishbot/install/cartographer_ros_msgs/include/cartographer_ros_msgs/cartographer_ros_msgs/srv/detail
[5.640s] -- Up-to-date: /home/misaka/fishbot/install/cartographer_ros_msgs/include/cartographer_ros_msgs/cartographer_ros_msgs/srv/detail/get_trajectory_states__struct.hpp
[5.640s] -- Up-to-date: /home/misaka/fishbot/install/cartographer_ros_msgs/include/cartographer_ros_msgs/cartographer_ros_msgs/srv/detail/start_trajectory__struct.hpp
[5.641s] -- Up-to-date: /home/misaka/fishbot/install/cartographer_ros_msgs/include/cartographer_ros_msgs/cartographer_ros_msgs/srv/detail/get_trajectory_states__builder.hpp
[5.641s] -- Up-to-date: /home/misaka/fishbot/install/cartographer_ros_msgs/include/cartographer_ros_msgs/cartographer_ros_msgs/srv/detail/start_trajectory__traits.hpp
[5.642s] -- Up-to-date: /home/misaka/fishbot/install/cartographer_ros_msgs/include/cartographer_ros_msgs/cartographer_ros_msgs/srv/detail/trajectory_query__struct.hpp
[5.642s] -- Up-to-date: /home/misaka/fishbot/install/cartographer_ros_msgs/include/cartographer_ros_msgs/cartographer_ros_msgs/srv/detail/finish_trajectory__struct.hpp
[5.642s] -- Up-to-date: /home/misaka/fishbot/install/cartographer_ros_msgs/include/cartographer_ros_msgs/cartographer_ros_msgs/srv/detail/write_state__struct.hpp
[5.643s] -- Up-to-date: /home/misaka/fishbot/install/cartographer_ros_msgs/include/cartographer_ros_msgs/cartographer_ros_msgs/srv/detail/read_metrics__struct.hpp
[5.643s] -- Up-to-date: /home/misaka/fishbot/install/cartographer_ros_msgs/include/cartographer_ros_msgs/cartographer_ros_msgs/srv/detail/submap_query__struct.hpp
[5.643s] -- Up-to-date: /home/misaka/fishbot/install/cartographer_ros_msgs/include/cartographer_ros_msgs/cartographer_ros_msgs/srv/detail/write_state__builder.hpp
[5.643s] -- Up-to-date: /home/misaka/fishbot/install/cartographer_ros_msgs/include/cartographer_ros_msgs/cartographer_ros_msgs/srv/detail/finish_trajectory__traits.hpp
[5.643s] -- Up-to-date: /home/misaka/fishbot/install/cartographer_ros_msgs/include/cartographer_ros_msgs/cartographer_ros_msgs/srv/detail/submap_query__traits.hpp
[5.644s] -- Up-to-date: /home/misaka/fishbot/install/cartographer_ros_msgs/include/cartographer_ros_msgs/cartographer_ros_msgs/srv/detail/finish_trajectory__builder.hpp
[5.644s] -- Up-to-date: /home/misaka/fishbot/install/cartographer_ros_msgs/include/cartographer_ros_msgs/cartographer_ros_msgs/srv/detail/read_metrics__builder.hpp
[5.644s] -- Up-to-date: /home/misaka/fishbot/install/cartographer_ros_msgs/include/cartographer_ros_msgs/cartographer_ros_msgs/srv/detail/write_state__traits.hpp
[5.644s] -- Up-to-date: /home/misaka/fishbot/install/cartographer_ros_msgs/include/cartographer_ros_msgs/cartographer_ros_msgs/srv/detail/read_metrics__traits.hpp
[5.644s] -- Up-to-date: /home/misaka/fishbot/install/cartographer_ros_msgs/include/cartographer_ros_msgs/cartographer_ros_msgs/srv/detail/start_trajectory__builder.hpp
[5.644s] -- Up-to-date: /home/misaka/fishbot/install/cartographer_ros_msgs/include/cartographer_ros_msgs/cartographer_ros_msgs/srv/detail/trajectory_query__traits.hpp
[5.644s] -- Up-to-date: /home/misaka/fishbot/install/cartographer_ros_msgs/include/cartographer_ros_msgs/cartographer_ros_msgs/srv/detail/submap_query__builder.hpp
[5.645s] -- Up-to-date: /home/misaka/fishbot/install/cartographer_ros_msgs/include/cartographer_ros_msgs/cartographer_ros_msgs/srv/detail/trajectory_query__builder.hpp
[5.645s] -- Up-to-date: /home/misaka/fishbot/install/cartographer_ros_msgs/include/cartographer_ros_msgs/cartographer_ros_msgs/srv/detail/get_trajectory_states__traits.hpp
[5.645s] -- Up-to-date: /home/misaka/fishbot/install/cartographer_ros_msgs/include/cartographer_ros_msgs/cartographer_ros_msgs/srv/read_metrics.hpp
[5.645s] -- Up-to-date: /home/misaka/fishbot/install/cartographer_ros_msgs/include/cartographer_ros_msgs/cartographer_ros_msgs/msg
[5.645s] -- Up-to-date: /home/misaka/fishbot/install/cartographer_ros_msgs/include/cartographer_ros_msgs/cartographer_ros_msgs/msg/submap_texture.hpp
[5.645s] -- Up-to-date: /home/misaka/fishbot/install/cartographer_ros_msgs/include/cartographer_ros_msgs/cartographer_ros_msgs/msg/status_response.hpp
[5.645s] -- Up-to-date: /home/misaka/fishbot/install/cartographer_ros_msgs/include/cartographer_ros_msgs/cartographer_ros_msgs/msg/landmark_entry.hpp
[5.646s] -- Up-to-date: /home/misaka/fishbot/install/cartographer_ros_msgs/include/cartographer_ros_msgs/cartographer_ros_msgs/msg/status_code.hpp
[5.646s] -- Up-to-date: /home/misaka/fishbot/install/cartographer_ros_msgs/include/cartographer_ros_msgs/cartographer_ros_msgs/msg/landmark_list.hpp
[5.646s] -- Up-to-date: /home/misaka/fishbot/install/cartographer_ros_msgs/include/cartographer_ros_msgs/cartographer_ros_msgs/msg/submap_entry.hpp
[5.646s] -- Up-to-date: /home/misaka/fishbot/install/cartographer_ros_msgs/include/cartographer_ros_msgs/cartographer_ros_msgs/msg/submap_list.hpp
[5.646s] -- Up-to-date: /home/misaka/fishbot/install/cartographer_ros_msgs/include/cartographer_ros_msgs/cartographer_ros_msgs/msg/histogram_bucket.hpp
[5.646s] -- Up-to-date: /home/misaka/fishbot/install/cartographer_ros_msgs/include/cartographer_ros_msgs/cartographer_ros_msgs/msg/metric_label.hpp
[5.647s] -- Up-to-date: /home/misaka/fishbot/install/cartographer_ros_msgs/include/cartographer_ros_msgs/cartographer_ros_msgs/msg/detail
[5.647s] -- Up-to-date: /home/misaka/fishbot/install/cartographer_ros_msgs/include/cartographer_ros_msgs/cartographer_ros_msgs/msg/detail/status_code__builder.hpp
[5.647s] -- Up-to-date: /home/misaka/fishbot/install/cartographer_ros_msgs/include/cartographer_ros_msgs/cartographer_ros_msgs/msg/detail/landmark_entry__traits.hpp
[5.648s] -- Up-to-date: /home/misaka/fishbot/install/cartographer_ros_msgs/include/cartographer_ros_msgs/cartographer_ros_msgs/msg/detail/status_response__builder.hpp
[5.648s] -- Up-to-date: /home/misaka/fishbot/install/cartographer_ros_msgs/include/cartographer_ros_msgs/cartographer_ros_msgs/msg/detail/submap_list__traits.hpp
[5.648s] -- Up-to-date: /home/misaka/fishbot/install/cartographer_ros_msgs/include/cartographer_ros_msgs/cartographer_ros_msgs/msg/detail/metric_family__traits.hpp
[5.648s] -- Up-to-date: /home/misaka/fishbot/install/cartographer_ros_msgs/include/cartographer_ros_msgs/cartographer_ros_msgs/msg/detail/status_code__struct.hpp
[5.649s] -- Up-to-date: /home/misaka/fishbot/install/cartographer_ros_msgs/include/cartographer_ros_msgs/cartographer_ros_msgs/msg/detail/submap_texture__builder.hpp
[5.649s] -- Up-to-date: /home/misaka/fishbot/install/cartographer_ros_msgs/include/cartographer_ros_msgs/cartographer_ros_msgs/msg/detail/metric_label__traits.hpp
[5.649s] -- Up-to-date: /home/misaka/fishbot/install/cartographer_ros_msgs/include/cartographer_ros_msgs/cartographer_ros_msgs/msg/detail/submap_list__builder.hpp
[5.650s] -- Up-to-date: /home/misaka/fishbot/install/cartographer_ros_msgs/include/cartographer_ros_msgs/cartographer_ros_msgs/msg/detail/bagfile_progress__traits.hpp
[5.650s] -- Up-to-date: /home/misaka/fishbot/install/cartographer_ros_msgs/include/cartographer_ros_msgs/cartographer_ros_msgs/msg/detail/landmark_list__struct.hpp
[5.650s] -- Up-to-date: /home/misaka/fishbot/install/cartographer_ros_msgs/include/cartographer_ros_msgs/cartographer_ros_msgs/msg/detail/submap_list__struct.hpp
[5.651s] -- Up-to-date: /home/misaka/fishbot/install/cartographer_ros_msgs/include/cartographer_ros_msgs/cartographer_ros_msgs/msg/detail/landmark_list__builder.hpp
[5.651s] -- Up-to-date: /home/misaka/fishbot/install/cartographer_ros_msgs/include/cartographer_ros_msgs/cartographer_ros_msgs/msg/detail/metric__builder.hpp
[5.651s] -- Up-to-date: /home/misaka/fishbot/install/cartographer_ros_msgs/include/cartographer_ros_msgs/cartographer_ros_msgs/msg/detail/bagfile_progress__struct.hpp
[5.652s] -- Up-to-date: /home/misaka/fishbot/install/cartographer_ros_msgs/include/cartographer_ros_msgs/cartographer_ros_msgs/msg/detail/metric__struct.hpp
[5.652s] -- Up-to-date: /home/misaka/fishbot/install/cartographer_ros_msgs/include/cartographer_ros_msgs/cartographer_ros_msgs/msg/detail/status_code__traits.hpp
[5.653s] -- Up-to-date: /home/misaka/fishbot/install/cartographer_ros_msgs/include/cartographer_ros_msgs/cartographer_ros_msgs/msg/detail/submap_texture__traits.hpp
[5.654s] -- Up-to-date: /home/misaka/fishbot/install/cartographer_ros_msgs/include/cartographer_ros_msgs/cartographer_ros_msgs/msg/detail/status_response__traits.hpp
[5.655s] -- Up-to-date: /home/misaka/fishbot/install/cartographer_ros_msgs/include/cartographer_ros_msgs/cartographer_ros_msgs/msg/detail/landmark_list__traits.hpp
[5.656s] -- Up-to-date: /home/misaka/fishbot/install/cartographer_ros_msgs/include/cartographer_ros_msgs/cartographer_ros_msgs/msg/detail/metric__traits.hpp
[5.658s] -- Up-to-date: /home/misaka/fishbot/install/cartographer_ros_msgs/include/cartographer_ros_msgs/cartographer_ros_msgs/msg/detail/submap_entry__traits.hpp
[5.658s] -- Up-to-date: /home/misaka/fishbot/install/cartographer_ros_msgs/include/cartographer_ros_msgs/cartographer_ros_msgs/msg/detail/histogram_bucket__builder.hpp
[5.659s] -- Up-to-date: /home/misaka/fishbot/install/cartographer_ros_msgs/include/cartographer_ros_msgs/cartographer_ros_msgs/msg/detail/landmark_entry__builder.hpp
[5.659s] -- Up-to-date: /home/misaka/fishbot/install/cartographer_ros_msgs/include/cartographer_ros_msgs/cartographer_ros_msgs/msg/detail/landmark_entry__struct.hpp
[5.660s] -- Up-to-date: /home/misaka/fishbot/install/cartographer_ros_msgs/include/cartographer_ros_msgs/cartographer_ros_msgs/msg/detail/bagfile_progress__builder.hpp
[5.660s] -- Up-to-date: /home/misaka/fishbot/install/cartographer_ros_msgs/include/cartographer_ros_msgs/cartographer_ros_msgs/msg/detail/histogram_bucket__struct.hpp
[5.660s] -- Up-to-date: /home/misaka/fishbot/install/cartographer_ros_msgs/include/cartographer_ros_msgs/cartographer_ros_msgs/msg/detail/submap_entry__struct.hpp
[5.661s] -- Up-to-date: /home/misaka/fishbot/install/cartographer_ros_msgs/include/cartographer_ros_msgs/cartographer_ros_msgs/msg/detail/trajectory_states__struct.hpp
[5.661s] -- Up-to-date: /home/misaka/fishbot/install/cartographer_ros_msgs/include/cartographer_ros_msgs/cartographer_ros_msgs/msg/detail/metric_label__struct.hpp
[5.661s] -- Up-to-date: /home/misaka/fishbot/install/cartographer_ros_msgs/include/cartographer_ros_msgs/cartographer_ros_msgs/msg/detail/trajectory_states__builder.hpp
[5.661s] -- Up-to-date: /home/misaka/fishbot/install/cartographer_ros_msgs/include/cartographer_ros_msgs/cartographer_ros_msgs/msg/detail/metric_label__builder.hpp
[5.662s] -- Up-to-date: /home/misaka/fishbot/install/cartographer_ros_msgs/include/cartographer_ros_msgs/cartographer_ros_msgs/msg/detail/histogram_bucket__traits.hpp
[5.662s] -- Up-to-date: /home/misaka/fishbot/install/cartographer_ros_msgs/include/cartographer_ros_msgs/cartographer_ros_msgs/msg/detail/status_response__struct.hpp
[5.662s] -- Up-to-date: /home/misaka/fishbot/install/cartographer_ros_msgs/include/cartographer_ros_msgs/cartographer_ros_msgs/msg/detail/metric_family__struct.hpp
[5.662s] -- Up-to-date: /home/misaka/fishbot/install/cartographer_ros_msgs/include/cartographer_ros_msgs/cartographer_ros_msgs/msg/detail/submap_texture__struct.hpp
[5.663s] -- Up-to-date: /home/misaka/fishbot/install/cartographer_ros_msgs/include/cartographer_ros_msgs/cartographer_ros_msgs/msg/detail/submap_entry__builder.hpp
[5.663s] -- Up-to-date: /home/misaka/fishbot/install/cartographer_ros_msgs/include/cartographer_ros_msgs/cartographer_ros_msgs/msg/detail/trajectory_states__traits.hpp
[5.663s] -- Up-to-date: /home/misaka/fishbot/install/cartographer_ros_msgs/include/cartographer_ros_msgs/cartographer_ros_msgs/msg/detail/metric_family__builder.hpp
[5.664s] -- Up-to-date: /home/misaka/fishbot/install/cartographer_ros_msgs/include/cartographer_ros_msgs/cartographer_ros_msgs/msg/metric.hpp
[5.664s] -- Up-to-date: /home/misaka/fishbot/install/cartographer_ros_msgs/include/cartographer_ros_msgs/cartographer_ros_msgs/msg/bagfile_progress.hpp
[5.664s] -- Up-to-date: /home/misaka/fishbot/install/cartographer_ros_msgs/include/cartographer_ros_msgs/cartographer_ros_msgs/msg/trajectory_states.hpp
[5.664s] -- Up-to-date: /home/misaka/fishbot/install/cartographer_ros_msgs/include/cartographer_ros_msgs/cartographer_ros_msgs/msg/metric_family.hpp
[5.664s] -- Up-to-date: /home/misaka/fishbot/install/cartographer_ros_msgs/include/cartographer_ros_msgs/cartographer_ros_msgs
[5.664s] -- Up-to-date: /home/misaka/fishbot/install/cartographer_ros_msgs/include/cartographer_ros_msgs/cartographer_ros_msgs/srv
[5.665s] -- Up-to-date: /home/misaka/fishbot/install/cartographer_ros_msgs/include/cartographer_ros_msgs/cartographer_ros_msgs/srv/detail
[5.665s] -- Up-to-date: /home/misaka/fishbot/install/cartographer_ros_msgs/include/cartographer_ros_msgs/cartographer_ros_msgs/srv/detail/submap_query__rosidl_typesupport_fastrtps_cpp.hpp
[5.665s] -- Up-to-date: /home/misaka/fishbot/install/cartographer_ros_msgs/include/cartographer_ros_msgs/cartographer_ros_msgs/srv/detail/dds_fastrtps
[5.665s] -- Up-to-date: /home/misaka/fishbot/install/cartographer_ros_msgs/include/cartographer_ros_msgs/cartographer_ros_msgs/srv/detail/get_trajectory_states__rosidl_typesupport_fastrtps_cpp.hpp
[5.665s] -- Up-to-date: /home/misaka/fishbot/install/cartographer_ros_msgs/include/cartographer_ros_msgs/cartographer_ros_msgs/srv/detail/trajectory_query__rosidl_typesupport_fastrtps_cpp.hpp
[5.666s] -- Up-to-date: /home/misaka/fishbot/install/cartographer_ros_msgs/include/cartographer_ros_msgs/cartographer_ros_msgs/srv/detail/read_metrics__rosidl_typesupport_fastrtps_cpp.hpp
[5.666s] -- Up-to-date: /home/misaka/fishbot/install/cartographer_ros_msgs/include/cartographer_ros_msgs/cartographer_ros_msgs/srv/detail/finish_trajectory__rosidl_typesupport_fastrtps_cpp.hpp
[5.666s] -- Up-to-date: /home/misaka/fishbot/install/cartographer_ros_msgs/include/cartographer_ros_msgs/cartographer_ros_msgs/srv/detail/start_trajectory__rosidl_typesupport_fastrtps_cpp.hpp
[5.667s] -- Up-to-date: /home/misaka/fishbot/install/cartographer_ros_msgs/include/cartographer_ros_msgs/cartographer_ros_msgs/srv/detail/write_state__rosidl_typesupport_fastrtps_cpp.hpp
[5.667s] -- Up-to-date: /home/misaka/fishbot/install/cartographer_ros_msgs/include/cartographer_ros_msgs/cartographer_ros_msgs/msg
[5.667s] -- Up-to-date: /home/misaka/fishbot/install/cartographer_ros_msgs/include/cartographer_ros_msgs/cartographer_ros_msgs/msg/detail
[5.667s] -- Up-to-date: /home/misaka/fishbot/install/cartographer_ros_msgs/include/cartographer_ros_msgs/cartographer_ros_msgs/msg/detail/landmark_list__rosidl_typesupport_fastrtps_cpp.hpp
[5.668s] -- Up-to-date: /home/misaka/fishbot/install/cartographer_ros_msgs/include/cartographer_ros_msgs/cartographer_ros_msgs/msg/detail/histogram_bucket__rosidl_typesupport_fastrtps_cpp.hpp
[5.668s] -- Up-to-date: /home/misaka/fishbot/install/cartographer_ros_msgs/include/cartographer_ros_msgs/cartographer_ros_msgs/msg/detail/submap_entry__rosidl_typesupport_fastrtps_cpp.hpp
[5.668s] -- Up-to-date: /home/misaka/fishbot/install/cartographer_ros_msgs/include/cartographer_ros_msgs/cartographer_ros_msgs/msg/detail/status_code__rosidl_typesupport_fastrtps_cpp.hpp
[5.668s] -- Up-to-date: /home/misaka/fishbot/install/cartographer_ros_msgs/include/cartographer_ros_msgs/cartographer_ros_msgs/msg/detail/metric_label__rosidl_typesupport_fastrtps_cpp.hpp
[5.668s] -- Up-to-date: /home/misaka/fishbot/install/cartographer_ros_msgs/include/cartographer_ros_msgs/cartographer_ros_msgs/msg/detail/dds_fastrtps
[5.669s] -- Up-to-date: /home/misaka/fishbot/install/cartographer_ros_msgs/include/cartographer_ros_msgs/cartographer_ros_msgs/msg/detail/submap_texture__rosidl_typesupport_fastrtps_cpp.hpp
[5.669s] -- Up-to-date: /home/misaka/fishbot/install/cartographer_ros_msgs/include/cartographer_ros_msgs/cartographer_ros_msgs/msg/detail/trajectory_states__rosidl_typesupport_fastrtps_cpp.hpp
[5.669s] -- Up-to-date: /home/misaka/fishbot/install/cartographer_ros_msgs/include/cartographer_ros_msgs/cartographer_ros_msgs/msg/detail/metric_family__rosidl_typesupport_fastrtps_cpp.hpp
[5.669s] -- Up-to-date: /home/misaka/fishbot/install/cartographer_ros_msgs/include/cartographer_ros_msgs/cartographer_ros_msgs/msg/detail/metric__rosidl_typesupport_fastrtps_cpp.hpp
[5.670s] -- Up-to-date: /home/misaka/fishbot/install/cartographer_ros_msgs/include/cartographer_ros_msgs/cartographer_ros_msgs/msg/detail/status_response__rosidl_typesupport_fastrtps_cpp.hpp
[5.670s] -- Up-to-date: /home/misaka/fishbot/install/cartographer_ros_msgs/include/cartographer_ros_msgs/cartographer_ros_msgs/msg/detail/landmark_entry__rosidl_typesupport_fastrtps_cpp.hpp
[5.671s] -- Up-to-date: /home/misaka/fishbot/install/cartographer_ros_msgs/include/cartographer_ros_msgs/cartographer_ros_msgs/msg/detail/bagfile_progress__rosidl_typesupport_fastrtps_cpp.hpp
[5.671s] -- Up-to-date: /home/misaka/fishbot/install/cartographer_ros_msgs/include/cartographer_ros_msgs/cartographer_ros_msgs/msg/detail/submap_list__rosidl_typesupport_fastrtps_cpp.hpp
[5.671s] -- Up-to-date: /home/misaka/fishbot/install/cartographer_ros_msgs/include/cartographer_ros_msgs/cartographer_ros_msgs/msg/rosidl_typesupport_fastrtps_cpp__visibility_control.h
[5.671s] -- Up-to-date: /home/misaka/fishbot/install/cartographer_ros_msgs/lib/libcartographer_ros_msgs__rosidl_typesupport_fastrtps_cpp.so
[5.672s] -- Up-to-date: /home/misaka/fishbot/install/cartographer_ros_msgs/include/cartographer_ros_msgs/cartographer_ros_msgs
[5.672s] -- Up-to-date: /home/misaka/fishbot/install/cartographer_ros_msgs/include/cartographer_ros_msgs/cartographer_ros_msgs/srv
[5.672s] -- Up-to-date: /home/misaka/fishbot/install/cartographer_ros_msgs/include/cartographer_ros_msgs/cartographer_ros_msgs/srv/detail
[5.672s] -- Up-to-date: /home/misaka/fishbot/install/cartographer_ros_msgs/include/cartographer_ros_msgs/cartographer_ros_msgs/srv/detail/get_trajectory_states__rosidl_typesupport_introspection_cpp.hpp
[5.672s] -- Up-to-date: /home/misaka/fishbot/install/cartographer_ros_msgs/include/cartographer_ros_msgs/cartographer_ros_msgs/srv/detail/start_trajectory__type_support.cpp
[5.673s] -- Up-to-date: /home/misaka/fishbot/install/cartographer_ros_msgs/include/cartographer_ros_msgs/cartographer_ros_msgs/srv/detail/read_metrics__type_support.cpp
[5.673s] -- Up-to-date: /home/misaka/fishbot/install/cartographer_ros_msgs/include/cartographer_ros_msgs/cartographer_ros_msgs/srv/detail/read_metrics__rosidl_typesupport_introspection_cpp.hpp
[5.673s] -- Up-to-date: /home/misaka/fishbot/install/cartographer_ros_msgs/include/cartographer_ros_msgs/cartographer_ros_msgs/srv/detail/start_trajectory__rosidl_typesupport_introspection_cpp.hpp
[5.673s] -- Up-to-date: /home/misaka/fishbot/install/cartographer_ros_msgs/include/cartographer_ros_msgs/cartographer_ros_msgs/srv/detail/write_state__type_support.cpp
[5.673s] -- Up-to-date: /home/misaka/fishbot/install/cartographer_ros_msgs/include/cartographer_ros_msgs/cartographer_ros_msgs/srv/detail/get_trajectory_states__type_support.cpp
[5.674s] -- Up-to-date: /home/misaka/fishbot/install/cartographer_ros_msgs/include/cartographer_ros_msgs/cartographer_ros_msgs/srv/detail/trajectory_query__rosidl_typesupport_introspection_cpp.hpp
[5.674s] -- Up-to-date: /home/misaka/fishbot/install/cartographer_ros_msgs/include/cartographer_ros_msgs/cartographer_ros_msgs/srv/detail/submap_query__type_support.cpp
[5.674s] -- Up-to-date: /home/misaka/fishbot/install/cartographer_ros_msgs/include/cartographer_ros_msgs/cartographer_ros_msgs/srv/detail/write_state__rosidl_typesupport_introspection_cpp.hpp
[5.674s] -- Up-to-date: /home/misaka/fishbot/install/cartographer_ros_msgs/include/cartographer_ros_msgs/cartographer_ros_msgs/srv/detail/trajectory_query__type_support.cpp
[5.674s] -- Up-to-date: /home/misaka/fishbot/install/cartographer_ros_msgs/include/cartographer_ros_msgs/cartographer_ros_msgs/srv/detail/submap_query__rosidl_typesupport_introspection_cpp.hpp
[5.674s] -- Up-to-date: /home/misaka/fishbot/install/cartographer_ros_msgs/include/cartographer_ros_msgs/cartographer_ros_msgs/srv/detail/finish_trajectory__rosidl_typesupport_introspection_cpp.hpp
[5.675s] -- Up-to-date: /home/misaka/fishbot/install/cartographer_ros_msgs/include/cartographer_ros_msgs/cartographer_ros_msgs/srv/detail/finish_trajectory__type_support.cpp
[5.675s] -- Up-to-date: /home/misaka/fishbot/install/cartographer_ros_msgs/include/cartographer_ros_msgs/cartographer_ros_msgs/msg
[5.675s] -- Up-to-date: /home/misaka/fishbot/install/cartographer_ros_msgs/include/cartographer_ros_msgs/cartographer_ros_msgs/msg/detail
[5.675s] -- Up-to-date: /home/misaka/fishbot/install/cartographer_ros_msgs/include/cartographer_ros_msgs/cartographer_ros_msgs/msg/detail/metric__type_support.cpp
[5.676s] -- Up-to-date: /home/misaka/fishbot/install/cartographer_ros_msgs/include/cartographer_ros_msgs/cartographer_ros_msgs/msg/detail/submap_entry__rosidl_typesupport_introspection_cpp.hpp
[5.676s] -- Up-to-date: /home/misaka/fishbot/install/cartographer_ros_msgs/include/cartographer_ros_msgs/cartographer_ros_msgs/msg/detail/bagfile_progress__rosidl_typesupport_introspection_cpp.hpp
[5.676s] -- Up-to-date: /home/misaka/fishbot/install/cartographer_ros_msgs/include/cartographer_ros_msgs/cartographer_ros_msgs/msg/detail/submap_entry__type_support.cpp
[5.676s] -- Up-to-date: /home/misaka/fishbot/install/cartographer_ros_msgs/include/cartographer_ros_msgs/cartographer_ros_msgs/msg/detail/landmark_list__type_support.cpp
[5.677s] -- Up-to-date: /home/misaka/fishbot/install/cartographer_ros_msgs/include/cartographer_ros_msgs/cartographer_ros_msgs/msg/detail/trajectory_states__type_support.cpp
[5.677s] -- Up-to-date: /home/misaka/fishbot/install/cartographer_ros_msgs/include/cartographer_ros_msgs/cartographer_ros_msgs/msg/detail/status_code__rosidl_typesupport_introspection_cpp.hpp
[5.677s] -- Up-to-date: /home/misaka/fishbot/install/cartographer_ros_msgs/include/cartographer_ros_msgs/cartographer_ros_msgs/msg/detail/status_response__type_support.cpp
[5.678s] -- Up-to-date: /home/misaka/fishbot/install/cartographer_ros_msgs/include/cartographer_ros_msgs/cartographer_ros_msgs/msg/detail/submap_texture__type_support.cpp
[5.678s] -- Up-to-date: /home/misaka/fishbot/install/cartographer_ros_msgs/include/cartographer_ros_msgs/cartographer_ros_msgs/msg/detail/metric_label__type_support.cpp
[5.678s] -- Up-to-date: /home/misaka/fishbot/install/cartographer_ros_msgs/include/cartographer_ros_msgs/cartographer_ros_msgs/msg/detail/status_response__rosidl_typesupport_introspection_cpp.hpp
[5.678s] -- Up-to-date: /home/misaka/fishbot/install/cartographer_ros_msgs/include/cartographer_ros_msgs/cartographer_ros_msgs/msg/detail/landmark_entry__type_support.cpp
[5.678s] -- Up-to-date: /home/misaka/fishbot/install/cartographer_ros_msgs/include/cartographer_ros_msgs/cartographer_ros_msgs/msg/detail/histogram_bucket__type_support.cpp
[5.678s] -- Up-to-date: /home/misaka/fishbot/install/cartographer_ros_msgs/include/cartographer_ros_msgs/cartographer_ros_msgs/msg/detail/metric_family__type_support.cpp
[5.679s] -- Up-to-date: /home/misaka/fishbot/install/cartographer_ros_msgs/include/cartographer_ros_msgs/cartographer_ros_msgs/msg/detail/submap_list__type_support.cpp
[5.679s] -- Up-to-date: /home/misaka/fishbot/install/cartographer_ros_msgs/include/cartographer_ros_msgs/cartographer_ros_msgs/msg/detail/submap_list__rosidl_typesupport_introspection_cpp.hpp
[5.679s] -- Up-to-date: /home/misaka/fishbot/install/cartographer_ros_msgs/include/cartographer_ros_msgs/cartographer_ros_msgs/msg/detail/trajectory_states__rosidl_typesupport_introspection_cpp.hpp
[5.679s] -- Up-to-date: /home/misaka/fishbot/install/cartographer_ros_msgs/include/cartographer_ros_msgs/cartographer_ros_msgs/msg/detail/bagfile_progress__type_support.cpp
[5.680s] -- Up-to-date: /home/misaka/fishbot/install/cartographer_ros_msgs/include/cartographer_ros_msgs/cartographer_ros_msgs/msg/detail/submap_texture__rosidl_typesupport_introspection_cpp.hpp
[5.680s] -- Up-to-date: /home/misaka/fishbot/install/cartographer_ros_msgs/include/cartographer_ros_msgs/cartographer_ros_msgs/msg/detail/metric__rosidl_typesupport_introspection_cpp.hpp
[5.681s] -- Up-to-date: /home/misaka/fishbot/install/cartographer_ros_msgs/include/cartographer_ros_msgs/cartographer_ros_msgs/msg/detail/status_code__type_support.cpp
[5.681s] -- Up-to-date: /home/misaka/fishbot/install/cartographer_ros_msgs/include/cartographer_ros_msgs/cartographer_ros_msgs/msg/detail/landmark_entry__rosidl_typesupport_introspection_cpp.hpp
[5.682s] -- Up-to-date: /home/misaka/fishbot/install/cartographer_ros_msgs/include/cartographer_ros_msgs/cartographer_ros_msgs/msg/detail/metric_family__rosidl_typesupport_introspection_cpp.hpp
[5.682s] -- Up-to-date: /home/misaka/fishbot/install/cartographer_ros_msgs/include/cartographer_ros_msgs/cartographer_ros_msgs/msg/detail/metric_label__rosidl_typesupport_introspection_cpp.hpp
[5.683s] -- Up-to-date: /home/misaka/fishbot/install/cartographer_ros_msgs/include/cartographer_ros_msgs/cartographer_ros_msgs/msg/detail/landmark_list__rosidl_typesupport_introspection_cpp.hpp
[5.683s] -- Up-to-date: /home/misaka/fishbot/install/cartographer_ros_msgs/include/cartographer_ros_msgs/cartographer_ros_msgs/msg/detail/histogram_bucket__rosidl_typesupport_introspection_cpp.hpp
[5.683s] -- Up-to-date: /home/misaka/fishbot/install/cartographer_ros_msgs/lib/libcartographer_ros_msgs__rosidl_typesupport_introspection_cpp.so
[5.683s] -- Up-to-date: /home/misaka/fishbot/install/cartographer_ros_msgs/lib/libcartographer_ros_msgs__rosidl_typesupport_cpp.so
[5.683s] -- Up-to-date: /home/misaka/fishbot/install/cartographer_ros_msgs/share/cartographer_ros_msgs/environment/pythonpath.sh
[5.684s] -- Up-to-date: /home/misaka/fishbot/install/cartographer_ros_msgs/share/cartographer_ros_msgs/environment/pythonpath.dsv
[5.685s] -- Up-to-date: /home/misaka/fishbot/install/cartographer_ros_msgs/local/lib/python3.10/dist-packages/cartographer_ros_msgs-2.0.9000-py3.10.egg-info
[5.685s] -- Installing: /home/misaka/fishbot/install/cartographer_ros_msgs/local/lib/python3.10/dist-packages/cartographer_ros_msgs-2.0.9000-py3.10.egg-info/PKG-INFO
[5.685s] -- Installing: /home/misaka/fishbot/install/cartographer_ros_msgs/local/lib/python3.10/dist-packages/cartographer_ros_msgs-2.0.9000-py3.10.egg-info/dependency_links.txt
[5.685s] -- Installing: /home/misaka/fishbot/install/cartographer_ros_msgs/local/lib/python3.10/dist-packages/cartographer_ros_msgs-2.0.9000-py3.10.egg-info/SOURCES.txt
[5.686s] -- Installing: /home/misaka/fishbot/install/cartographer_ros_msgs/local/lib/python3.10/dist-packages/cartographer_ros_msgs-2.0.9000-py3.10.egg-info/top_level.txt
[5.686s] -- Up-to-date: /home/misaka/fishbot/install/cartographer_ros_msgs/local/lib/python3.10/dist-packages/cartographer_ros_msgs
[5.686s] -- Up-to-date: /home/misaka/fishbot/install/cartographer_ros_msgs/local/lib/python3.10/dist-packages/cartographer_ros_msgs/libcartographer_ros_msgs__rosidl_generator_py.so
[5.686s] -- Up-to-date: /home/misaka/fishbot/install/cartographer_ros_msgs/local/lib/python3.10/dist-packages/cartographer_ros_msgs/_cartographer_ros_msgs_s.ep.rosidl_typesupport_fastrtps_c.c
[5.686s] -- Up-to-date: /home/misaka/fishbot/install/cartographer_ros_msgs/local/lib/python3.10/dist-packages/cartographer_ros_msgs/_cartographer_ros_msgs_s.ep.rosidl_typesupport_c.c
[5.686s] -- Up-to-date: /home/misaka/fishbot/install/cartographer_ros_msgs/local/lib/python3.10/dist-packages/cartographer_ros_msgs/srv
[5.687s] -- Up-to-date: /home/misaka/fishbot/install/cartographer_ros_msgs/local/lib/python3.10/dist-packages/cartographer_ros_msgs/srv/_trajectory_query_s.c
[5.687s] -- Up-to-date: /home/misaka/fishbot/install/cartographer_ros_msgs/local/lib/python3.10/dist-packages/cartographer_ros_msgs/srv/_trajectory_query.py
[5.687s] -- Up-to-date: /home/misaka/fishbot/install/cartographer_ros_msgs/local/lib/python3.10/dist-packages/cartographer_ros_msgs/srv/_submap_query_s.c
[5.688s] -- Up-to-date: /home/misaka/fishbot/install/cartographer_ros_msgs/local/lib/python3.10/dist-packages/cartographer_ros_msgs/srv/_write_state_s.c
[5.688s] -- Up-to-date: /home/misaka/fishbot/install/cartographer_ros_msgs/local/lib/python3.10/dist-packages/cartographer_ros_msgs/srv/_get_trajectory_states_s.c
[5.688s] -- Up-to-date: /home/misaka/fishbot/install/cartographer_ros_msgs/local/lib/python3.10/dist-packages/cartographer_ros_msgs/srv/_finish_trajectory.py
[5.688s] -- Up-to-date: /home/misaka/fishbot/install/cartographer_ros_msgs/local/lib/python3.10/dist-packages/cartographer_ros_msgs/srv/_finish_trajectory_s.c
[5.688s] -- Up-to-date: /home/misaka/fishbot/install/cartographer_ros_msgs/local/lib/python3.10/dist-packages/cartographer_ros_msgs/srv/_get_trajectory_states.py
[5.689s] -- Up-to-date: /home/misaka/fishbot/install/cartographer_ros_msgs/local/lib/python3.10/dist-packages/cartographer_ros_msgs/srv/_write_state.py
[5.689s] -- Up-to-date: /home/misaka/fishbot/install/cartographer_ros_msgs/local/lib/python3.10/dist-packages/cartographer_ros_msgs/srv/_read_metrics.py
[5.689s] -- Up-to-date: /home/misaka/fishbot/install/cartographer_ros_msgs/local/lib/python3.10/dist-packages/cartographer_ros_msgs/srv/_start_trajectory_s.c
[5.689s] -- Up-to-date: /home/misaka/fishbot/install/cartographer_ros_msgs/local/lib/python3.10/dist-packages/cartographer_ros_msgs/srv/__init__.py
[5.690s] -- Up-to-date: /home/misaka/fishbot/install/cartographer_ros_msgs/local/lib/python3.10/dist-packages/cartographer_ros_msgs/srv/_read_metrics_s.c
[5.690s] -- Up-to-date: /home/misaka/fishbot/install/cartographer_ros_msgs/local/lib/python3.10/dist-packages/cartographer_ros_msgs/srv/_submap_query.py
[5.690s] -- Up-to-date: /home/misaka/fishbot/install/cartographer_ros_msgs/local/lib/python3.10/dist-packages/cartographer_ros_msgs/srv/_start_trajectory.py
[5.691s] -- Up-to-date: /home/misaka/fishbot/install/cartographer_ros_msgs/local/lib/python3.10/dist-packages/cartographer_ros_msgs/cartographer_ros_msgs_s__rosidl_typesupport_c.cpython-310-x86_64-linux-gnu.so
[5.691s] -- Up-to-date: /home/misaka/fishbot/install/cartographer_ros_msgs/local/lib/python3.10/dist-packages/cartographer_ros_msgs/__init__.py
[5.691s] -- Up-to-date: /home/misaka/fishbot/install/cartographer_ros_msgs/local/lib/python3.10/dist-packages/cartographer_ros_msgs/cartographer_ros_msgs_s__rosidl_typesupport_fastrtps_c.cpython-310-x86_64-linux-gnu.so
[5.691s] -- Up-to-date: /home/misaka/fishbot/install/cartographer_ros_msgs/local/lib/python3.10/dist-packages/cartographer_ros_msgs/_cartographer_ros_msgs_s.ep.rosidl_typesupport_introspection_c.c
[5.691s] -- Up-to-date: /home/misaka/fishbot/install/cartographer_ros_msgs/local/lib/python3.10/dist-packages/cartographer_ros_msgs/msg
[5.691s] -- Up-to-date: /home/misaka/fishbot/install/cartographer_ros_msgs/local/lib/python3.10/dist-packages/cartographer_ros_msgs/msg/_metric.py
[5.692s] -- Up-to-date: /home/misaka/fishbot/install/cartographer_ros_msgs/local/lib/python3.10/dist-packages/cartographer_ros_msgs/msg/_metric_s.c
[5.692s] -- Up-to-date: /home/misaka/fishbot/install/cartographer_ros_msgs/local/lib/python3.10/dist-packages/cartographer_ros_msgs/msg/_bagfile_progress_s.c
[5.692s] -- Up-to-date: /home/misaka/fishbot/install/cartographer_ros_msgs/local/lib/python3.10/dist-packages/cartographer_ros_msgs/msg/_submap_list.py
[5.692s] -- Up-to-date: /home/misaka/fishbot/install/cartographer_ros_msgs/local/lib/python3.10/dist-packages/cartographer_ros_msgs/msg/_status_response_s.c
[5.692s] -- Up-to-date: /home/misaka/fishbot/install/cartographer_ros_msgs/local/lib/python3.10/dist-packages/cartographer_ros_msgs/msg/_status_code.py
[5.692s] -- Up-to-date: /home/misaka/fishbot/install/cartographer_ros_msgs/local/lib/python3.10/dist-packages/cartographer_ros_msgs/msg/_submap_texture.py
[5.692s] -- Up-to-date: /home/misaka/fishbot/install/cartographer_ros_msgs/local/lib/python3.10/dist-packages/cartographer_ros_msgs/msg/_submap_entry_s.c
[5.693s] -- Up-to-date: /home/misaka/fishbot/install/cartographer_ros_msgs/local/lib/python3.10/dist-packages/cartographer_ros_msgs/msg/_trajectory_states_s.c
[5.693s] -- Up-to-date: /home/misaka/fishbot/install/cartographer_ros_msgs/local/lib/python3.10/dist-packages/cartographer_ros_msgs/msg/_metric_family.py
[5.693s] -- Up-to-date: /home/misaka/fishbot/install/cartographer_ros_msgs/local/lib/python3.10/dist-packages/cartographer_ros_msgs/msg/_submap_entry.py
[5.693s] -- Up-to-date: /home/misaka/fishbot/install/cartographer_ros_msgs/local/lib/python3.10/dist-packages/cartographer_ros_msgs/msg/_bagfile_progress.py
[5.693s] -- Up-to-date: /home/misaka/fishbot/install/cartographer_ros_msgs/local/lib/python3.10/dist-packages/cartographer_ros_msgs/msg/_metric_label.py
[5.694s] -- Up-to-date: /home/misaka/fishbot/install/cartographer_ros_msgs/local/lib/python3.10/dist-packages/cartographer_ros_msgs/msg/_status_response.py
[5.694s] -- Up-to-date: /home/misaka/fishbot/install/cartographer_ros_msgs/local/lib/python3.10/dist-packages/cartographer_ros_msgs/msg/_landmark_entry_s.c
[5.695s] -- Up-to-date: /home/misaka/fishbot/install/cartographer_ros_msgs/local/lib/python3.10/dist-packages/cartographer_ros_msgs/msg/_trajectory_states.py
[5.695s] -- Up-to-date: /home/misaka/fishbot/install/cartographer_ros_msgs/local/lib/python3.10/dist-packages/cartographer_ros_msgs/msg/_landmark_list_s.c
[5.695s] -- Up-to-date: /home/misaka/fishbot/install/cartographer_ros_msgs/local/lib/python3.10/dist-packages/cartographer_ros_msgs/msg/_status_code_s.c
[5.696s] -- Up-to-date: /home/misaka/fishbot/install/cartographer_ros_msgs/local/lib/python3.10/dist-packages/cartographer_ros_msgs/msg/_metric_family_s.c
[5.696s] -- Up-to-date: /home/misaka/fishbot/install/cartographer_ros_msgs/local/lib/python3.10/dist-packages/cartographer_ros_msgs/msg/_histogram_bucket.py
[5.696s] -- Up-to-date: /home/misaka/fishbot/install/cartographer_ros_msgs/local/lib/python3.10/dist-packages/cartographer_ros_msgs/msg/_histogram_bucket_s.c
[5.697s] -- Up-to-date: /home/misaka/fishbot/install/cartographer_ros_msgs/local/lib/python3.10/dist-packages/cartographer_ros_msgs/msg/__init__.py
[5.697s] -- Up-to-date: /home/misaka/fishbot/install/cartographer_ros_msgs/local/lib/python3.10/dist-packages/cartographer_ros_msgs/msg/_submap_texture_s.c
[5.697s] -- Up-to-date: /home/misaka/fishbot/install/cartographer_ros_msgs/local/lib/python3.10/dist-packages/cartographer_ros_msgs/msg/_landmark_entry.py
[5.697s] -- Up-to-date: /home/misaka/fishbot/install/cartographer_ros_msgs/local/lib/python3.10/dist-packages/cartographer_ros_msgs/msg/_metric_label_s.c
[5.697s] -- Up-to-date: /home/misaka/fishbot/install/cartographer_ros_msgs/local/lib/python3.10/dist-packages/cartographer_ros_msgs/msg/_landmark_list.py
[5.697s] -- Up-to-date: /home/misaka/fishbot/install/cartographer_ros_msgs/local/lib/python3.10/dist-packages/cartographer_ros_msgs/msg/_submap_list_s.c
[5.698s] -- Up-to-date: /home/misaka/fishbot/install/cartographer_ros_msgs/local/lib/python3.10/dist-packages/cartographer_ros_msgs/cartographer_ros_msgs_s__rosidl_typesupport_introspection_c.cpython-310-x86_64-linux-gnu.so
[5.805s] Listing '/home/misaka/fishbot/install/cartographer_ros_msgs/local/lib/python3.10/dist-packages/cartographer_ros_msgs'...
[5.806s] Listing '/home/misaka/fishbot/install/cartographer_ros_msgs/local/lib/python3.10/dist-packages/cartographer_ros_msgs/msg'...
[5.806s] Listing '/home/misaka/fishbot/install/cartographer_ros_msgs/local/lib/python3.10/dist-packages/cartographer_ros_msgs/srv'...
[5.825s] -- Up-to-date: /home/misaka/fishbot/install/cartographer_ros_msgs/local/lib/python3.10/dist-packages/cartographer_ros_msgs/cartographer_ros_msgs_s__rosidl_typesupport_fastrtps_c.cpython-310-x86_64-linux-gnu.so
[5.829s] -- Up-to-date: /home/misaka/fishbot/install/cartographer_ros_msgs/local/lib/python3.10/dist-packages/cartographer_ros_msgs/cartographer_ros_msgs_s__rosidl_typesupport_introspection_c.cpython-310-x86_64-linux-gnu.so
[5.834s] -- Up-to-date: /home/misaka/fishbot/install/cartographer_ros_msgs/local/lib/python3.10/dist-packages/cartographer_ros_msgs/cartographer_ros_msgs_s__rosidl_typesupport_c.cpython-310-x86_64-linux-gnu.so
[5.840s] -- Up-to-date: /home/misaka/fishbot/install/cartographer_ros_msgs/lib/libcartographer_ros_msgs__rosidl_generator_py.so
[5.845s] -- Up-to-date: /home/misaka/fishbot/install/cartographer_ros_msgs/share/cartographer_ros_msgs/msg/BagfileProgress.idl
[5.846s] -- Up-to-date: /home/misaka/fishbot/install/cartographer_ros_msgs/share/cartographer_ros_msgs/msg/HistogramBucket.idl
[5.846s] -- Up-to-date: /home/misaka/fishbot/install/cartographer_ros_msgs/share/cartographer_ros_msgs/msg/LandmarkEntry.idl
[5.846s] -- Up-to-date: /home/misaka/fishbot/install/cartographer_ros_msgs/share/cartographer_ros_msgs/msg/LandmarkList.idl
[5.846s] -- Up-to-date: /home/misaka/fishbot/install/cartographer_ros_msgs/share/cartographer_ros_msgs/msg/MetricFamily.idl
[5.847s] -- Up-to-date: /home/misaka/fishbot/install/cartographer_ros_msgs/share/cartographer_ros_msgs/msg/MetricLabel.idl
[5.847s] -- Up-to-date: /home/misaka/fishbot/install/cartographer_ros_msgs/share/cartographer_ros_msgs/msg/Metric.idl
[5.847s] -- Up-to-date: /home/misaka/fishbot/install/cartographer_ros_msgs/share/cartographer_ros_msgs/msg/StatusCode.idl
[5.847s] -- Up-to-date: /home/misaka/fishbot/install/cartographer_ros_msgs/share/cartographer_ros_msgs/msg/StatusResponse.idl
[5.847s] -- Up-to-date: /home/misaka/fishbot/install/cartographer_ros_msgs/share/cartographer_ros_msgs/msg/SubmapEntry.idl
[5.847s] -- Up-to-date: /home/misaka/fishbot/install/cartographer_ros_msgs/share/cartographer_ros_msgs/msg/SubmapList.idl
[5.847s] -- Up-to-date: /home/misaka/fishbot/install/cartographer_ros_msgs/share/cartographer_ros_msgs/msg/SubmapTexture.idl
[5.848s] -- Up-to-date: /home/misaka/fishbot/install/cartographer_ros_msgs/share/cartographer_ros_msgs/msg/TrajectoryStates.idl
[5.848s] -- Up-to-date: /home/misaka/fishbot/install/cartographer_ros_msgs/share/cartographer_ros_msgs/srv/FinishTrajectory.idl
[5.848s] -- Up-to-date: /home/misaka/fishbot/install/cartographer_ros_msgs/share/cartographer_ros_msgs/srv/GetTrajectoryStates.idl
[5.848s] -- Up-to-date: /home/misaka/fishbot/install/cartographer_ros_msgs/share/cartographer_ros_msgs/srv/ReadMetrics.idl
[5.857s] -- Up-to-date: /home/misaka/fishbot/install/cartographer_ros_msgs/share/cartographer_ros_msgs/srv/StartTrajectory.idl
[5.858s] -- Up-to-date: /home/misaka/fishbot/install/cartographer_ros_msgs/share/cartographer_ros_msgs/srv/TrajectoryQuery.idl
[5.859s] -- Up-to-date: /home/misaka/fishbot/install/cartographer_ros_msgs/share/cartographer_ros_msgs/srv/SubmapQuery.idl
[5.859s] -- Up-to-date: /home/misaka/fishbot/install/cartographer_ros_msgs/share/cartographer_ros_msgs/srv/WriteState.idl
[5.859s] -- Up-to-date: /home/misaka/fishbot/install/cartographer_ros_msgs/share/cartographer_ros_msgs/msg/BagfileProgress.msg
[5.860s] -- Up-to-date: /home/misaka/fishbot/install/cartographer_ros_msgs/share/cartographer_ros_msgs/msg/HistogramBucket.msg
[5.860s] -- Up-to-date: /home/misaka/fishbot/install/cartographer_ros_msgs/share/cartographer_ros_msgs/msg/LandmarkEntry.msg
[5.860s] -- Up-to-date: /home/misaka/fishbot/install/cartographer_ros_msgs/share/cartographer_ros_msgs/msg/LandmarkList.msg
[5.861s] -- Up-to-date: /home/misaka/fishbot/install/cartographer_ros_msgs/share/cartographer_ros_msgs/msg/MetricFamily.msg
[5.861s] -- Up-to-date: /home/misaka/fishbot/install/cartographer_ros_msgs/share/cartographer_ros_msgs/msg/MetricLabel.msg
[5.861s] -- Up-to-date: /home/misaka/fishbot/install/cartographer_ros_msgs/share/cartographer_ros_msgs/msg/Metric.msg
[5.861s] -- Up-to-date: /home/misaka/fishbot/install/cartographer_ros_msgs/share/cartographer_ros_msgs/msg/StatusCode.msg
[5.864s] -- Up-to-date: /home/misaka/fishbot/install/cartographer_ros_msgs/share/cartographer_ros_msgs/msg/StatusResponse.msg
[5.864s] -- Up-to-date: /home/misaka/fishbot/install/cartographer_ros_msgs/share/cartographer_ros_msgs/msg/SubmapEntry.msg
[5.864s] -- Up-to-date: /home/misaka/fishbot/install/cartographer_ros_msgs/share/cartographer_ros_msgs/msg/SubmapList.msg
[5.865s] -- Up-to-date: /home/misaka/fishbot/install/cartographer_ros_msgs/share/cartographer_ros_msgs/msg/SubmapTexture.msg
[5.866s] -- Up-to-date: /home/misaka/fishbot/install/cartographer_ros_msgs/share/cartographer_ros_msgs/msg/TrajectoryStates.msg
[5.866s] -- Up-to-date: /home/misaka/fishbot/install/cartographer_ros_msgs/share/cartographer_ros_msgs/srv/FinishTrajectory.srv
[5.866s] -- Up-to-date: /home/misaka/fishbot/install/cartographer_ros_msgs/share/cartographer_ros_msgs/srv/FinishTrajectory_Request.msg
[5.867s] -- Up-to-date: /home/misaka/fishbot/install/cartographer_ros_msgs/share/cartographer_ros_msgs/srv/FinishTrajectory_Response.msg
[5.867s] -- Up-to-date: /home/misaka/fishbot/install/cartographer_ros_msgs/share/cartographer_ros_msgs/srv/GetTrajectoryStates.srv
[5.867s] -- Up-to-date: /home/misaka/fishbot/install/cartographer_ros_msgs/share/cartographer_ros_msgs/srv/GetTrajectoryStates_Request.msg
[5.868s] -- Up-to-date: /home/misaka/fishbot/install/cartographer_ros_msgs/share/cartographer_ros_msgs/srv/GetTrajectoryStates_Response.msg
[5.868s] -- Up-to-date: /home/misaka/fishbot/install/cartographer_ros_msgs/share/cartographer_ros_msgs/srv/ReadMetrics.srv
[5.870s] -- Up-to-date: /home/misaka/fishbot/install/cartographer_ros_msgs/share/cartographer_ros_msgs/srv/ReadMetrics_Request.msg
[5.870s] -- Up-to-date: /home/misaka/fishbot/install/cartographer_ros_msgs/share/cartographer_ros_msgs/srv/ReadMetrics_Response.msg
[5.870s] -- Up-to-date: /home/misaka/fishbot/install/cartographer_ros_msgs/share/cartographer_ros_msgs/srv/StartTrajectory.srv
[5.870s] -- Up-to-date: /home/misaka/fishbot/install/cartographer_ros_msgs/share/cartographer_ros_msgs/srv/StartTrajectory_Request.msg
[5.871s] -- Up-to-date: /home/misaka/fishbot/install/cartographer_ros_msgs/share/cartographer_ros_msgs/srv/StartTrajectory_Response.msg
[5.872s] -- Up-to-date: /home/misaka/fishbot/install/cartographer_ros_msgs/share/cartographer_ros_msgs/srv/TrajectoryQuery.srv
[5.872s] -- Up-to-date: /home/misaka/fishbot/install/cartographer_ros_msgs/share/cartographer_ros_msgs/srv/TrajectoryQuery_Request.msg
[5.873s] -- Up-to-date: /home/misaka/fishbot/install/cartographer_ros_msgs/share/cartographer_ros_msgs/srv/TrajectoryQuery_Response.msg
[5.873s] -- Up-to-date: /home/misaka/fishbot/install/cartographer_ros_msgs/share/cartographer_ros_msgs/srv/SubmapQuery.srv
[5.873s] -- Up-to-date: /home/misaka/fishbot/install/cartographer_ros_msgs/share/cartographer_ros_msgs/srv/SubmapQuery_Request.msg
[5.873s] -- Up-to-date: /home/misaka/fishbot/install/cartographer_ros_msgs/share/cartographer_ros_msgs/srv/SubmapQuery_Response.msg
[5.874s] -- Up-to-date: /home/misaka/fishbot/install/cartographer_ros_msgs/share/cartographer_ros_msgs/srv/WriteState.srv
[5.874s] -- Up-to-date: /home/misaka/fishbot/install/cartographer_ros_msgs/share/cartographer_ros_msgs/srv/WriteState_Request.msg
[5.874s] -- Up-to-date: /home/misaka/fishbot/install/cartographer_ros_msgs/share/cartographer_ros_msgs/srv/WriteState_Response.msg
[5.875s] -- Up-to-date: /home/misaka/fishbot/install/cartographer_ros_msgs/share/ament_index/resource_index/package_run_dependencies/cartographer_ros_msgs
[5.875s] -- Up-to-date: /home/misaka/fishbot/install/cartographer_ros_msgs/share/ament_index/resource_index/parent_prefix_path/cartographer_ros_msgs
[5.875s] -- Up-to-date: /home/misaka/fishbot/install/cartographer_ros_msgs/share/cartographer_ros_msgs/environment/ament_prefix_path.sh
[5.875s] -- Up-to-date: /home/misaka/fishbot/install/cartographer_ros_msgs/share/cartographer_ros_msgs/environment/ament_prefix_path.dsv
[5.876s] -- Up-to-date: /home/misaka/fishbot/install/cartographer_ros_msgs/share/cartographer_ros_msgs/environment/path.sh
[5.876s] -- Up-to-date: /home/misaka/fishbot/install/cartographer_ros_msgs/share/cartographer_ros_msgs/environment/path.dsv
[5.876s] -- Up-to-date: /home/misaka/fishbot/install/cartographer_ros_msgs/share/cartographer_ros_msgs/local_setup.bash
[5.876s] -- Up-to-date: /home/misaka/fishbot/install/cartographer_ros_msgs/share/cartographer_ros_msgs/local_setup.sh
[5.876s] -- Up-to-date: /home/misaka/fishbot/install/cartographer_ros_msgs/share/cartographer_ros_msgs/local_setup.zsh
[5.877s] -- Up-to-date: /home/misaka/fishbot/install/cartographer_ros_msgs/share/cartographer_ros_msgs/local_setup.dsv
[5.877s] -- Installing: /home/misaka/fishbot/install/cartographer_ros_msgs/share/cartographer_ros_msgs/package.dsv
[5.877s] -- Up-to-date: /home/misaka/fishbot/install/cartographer_ros_msgs/share/ament_index/resource_index/packages/cartographer_ros_msgs
[5.877s] -- Up-to-date: /home/misaka/fishbot/install/cartographer_ros_msgs/share/cartographer_ros_msgs/cmake/export_cartographer_ros_msgs__rosidl_generator_cExport.cmake
[5.877s] -- Up-to-date: /home/misaka/fishbot/install/cartographer_ros_msgs/share/cartographer_ros_msgs/cmake/export_cartographer_ros_msgs__rosidl_generator_cExport-noconfig.cmake
[5.878s] -- Up-to-date: /home/misaka/fishbot/install/cartographer_ros_msgs/share/cartographer_ros_msgs/cmake/export_cartographer_ros_msgs__rosidl_typesupport_fastrtps_cExport.cmake
[5.878s] -- Up-to-date: /home/misaka/fishbot/install/cartographer_ros_msgs/share/cartographer_ros_msgs/cmake/export_cartographer_ros_msgs__rosidl_typesupport_fastrtps_cExport-noconfig.cmake
[5.878s] -- Up-to-date: /home/misaka/fishbot/install/cartographer_ros_msgs/share/cartographer_ros_msgs/cmake/cartographer_ros_msgs__rosidl_typesupport_introspection_cExport.cmake
[5.878s] -- Up-to-date: /home/misaka/fishbot/install/cartographer_ros_msgs/share/cartographer_ros_msgs/cmake/cartographer_ros_msgs__rosidl_typesupport_introspection_cExport-noconfig.cmake
[5.880s] -- Up-to-date: /home/misaka/fishbot/install/cartographer_ros_msgs/share/cartographer_ros_msgs/cmake/cartographer_ros_msgs__rosidl_typesupport_cExport.cmake
[5.880s] -- Up-to-date: /home/misaka/fishbot/install/cartographer_ros_msgs/share/cartographer_ros_msgs/cmake/cartographer_ros_msgs__rosidl_typesupport_cExport-noconfig.cmake
[5.881s] -- Up-to-date: /home/misaka/fishbot/install/cartographer_ros_msgs/share/cartographer_ros_msgs/cmake/export_cartographer_ros_msgs__rosidl_generator_cppExport.cmake
[5.883s] -- Up-to-date: /home/misaka/fishbot/install/cartographer_ros_msgs/share/cartographer_ros_msgs/cmake/export_cartographer_ros_msgs__rosidl_typesupport_fastrtps_cppExport.cmake
[5.884s] -- Up-to-date: /home/misaka/fishbot/install/cartographer_ros_msgs/share/cartographer_ros_msgs/cmake/export_cartographer_ros_msgs__rosidl_typesupport_fastrtps_cppExport-noconfig.cmake
[5.887s] -- Up-to-date: /home/misaka/fishbot/install/cartographer_ros_msgs/share/cartographer_ros_msgs/cmake/cartographer_ros_msgs__rosidl_typesupport_introspection_cppExport.cmake
[5.887s] -- Up-to-date: /home/misaka/fishbot/install/cartographer_ros_msgs/share/cartographer_ros_msgs/cmake/cartographer_ros_msgs__rosidl_typesupport_introspection_cppExport-noconfig.cmake
[5.889s] -- Up-to-date: /home/misaka/fishbot/install/cartographer_ros_msgs/share/cartographer_ros_msgs/cmake/cartographer_ros_msgs__rosidl_typesupport_cppExport.cmake
[5.891s] -- Up-to-date: /home/misaka/fishbot/install/cartographer_ros_msgs/share/cartographer_ros_msgs/cmake/cartographer_ros_msgs__rosidl_typesupport_cppExport-noconfig.cmake
[5.893s] -- Up-to-date: /home/misaka/fishbot/install/cartographer_ros_msgs/share/cartographer_ros_msgs/cmake/export_cartographer_ros_msgs__rosidl_generator_pyExport.cmake
[5.893s] -- Up-to-date: /home/misaka/fishbot/install/cartographer_ros_msgs/share/cartographer_ros_msgs/cmake/export_cartographer_ros_msgs__rosidl_generator_pyExport-noconfig.cmake
[5.894s] -- Up-to-date: /home/misaka/fishbot/install/cartographer_ros_msgs/share/cartographer_ros_msgs/cmake/rosidl_cmake-extras.cmake
[5.894s] -- Up-to-date: /home/misaka/fishbot/install/cartographer_ros_msgs/share/cartographer_ros_msgs/cmake/ament_cmake_export_dependencies-extras.cmake
[5.894s] -- Up-to-date: /home/misaka/fishbot/install/cartographer_ros_msgs/share/cartographer_ros_msgs/cmake/ament_cmake_export_include_directories-extras.cmake
[5.895s] -- Up-to-date: /home/misaka/fishbot/install/cartographer_ros_msgs/share/cartographer_ros_msgs/cmake/ament_cmake_export_libraries-extras.cmake
[5.896s] -- Up-to-date: /home/misaka/fishbot/install/cartographer_ros_msgs/share/cartographer_ros_msgs/cmake/ament_cmake_export_targets-extras.cmake
[5.896s] -- Up-to-date: /home/misaka/fishbot/install/cartographer_ros_msgs/share/cartographer_ros_msgs/cmake/rosidl_cmake_export_typesupport_targets-extras.cmake
[5.896s] -- Up-to-date: /home/misaka/fishbot/install/cartographer_ros_msgs/share/cartographer_ros_msgs/cmake/rosidl_cmake_export_typesupport_libraries-extras.cmake
[5.897s] -- Up-to-date: /home/misaka/fishbot/install/cartographer_ros_msgs/share/cartographer_ros_msgs/cmake/cartographer_ros_msgsConfig.cmake
[5.897s] -- Up-to-date: /home/misaka/fishbot/install/cartographer_ros_msgs/share/cartographer_ros_msgs/cmake/cartographer_ros_msgsConfig-version.cmake
[5.898s] -- Up-to-date: /home/misaka/fishbot/install/cartographer_ros_msgs/share/cartographer_ros_msgs/package.xml
[5.909s] Invoked command in '/home/misaka/fishbot/build/cartographer_ros_msgs' returned '0': CMAKE_PREFIX_PATH=/opt/ros/humble /usr/bin/cmake --install /home/misaka/fishbot/build/cartographer_ros_msgs
