[0.153s] Invoking command in '/home/misaka/fishbot/build/nav2_behavior_tree': AMENT_PREFIX_PATH=/home/misaka/fishbot/install/nav2_util:/home/misaka/fishbot/install/nav2_msgs:/home/misaka/fishbot/install/nav2_common:${AMENT_PREFIX_PATH} CMAKE_PREFIX_PATH=/home/misaka/fishbot/install/nav2_util:/home/misaka/fishbot/install/nav2_msgs:/home/misaka/fishbot/install/nav2_common:/opt/ros/humble LD_LIBRARY_PATH=/home/misaka/fishbot/install/nav2_util/lib:/home/misaka/fishbot/install/nav2_msgs/lib:${LD_LIBRARY_PATH} PYTHONPATH=/home/misaka/fishbot/install/nav2_msgs/local/lib/python3.10/dist-packages:/home/misaka/fishbot/install/nav2_common/local/lib/python3.10/dist-packages:${PYTHONPATH} /usr/bin/cmake --build /home/misaka/fishbot/build/nav2_behavior_tree -- -j16 -l16
[0.657s] [  1%] Built target nav2_behavior_tree
[0.674s] [  2%] Built target nav2_compute_path_through_poses_action_bt_node
[0.683s] [  3%] Built target nav2_controller_cancel_bt_node
[0.693s] [  4%] Built target nav2_assisted_teleop_cancel_bt_node
[0.699s] [  5%] Built target nav2_wait_cancel_bt_node
[0.700s] [  7%] Built target nav2_compute_path_to_pose_action_bt_node
[0.701s] [  8%] Built target nav2_back_up_cancel_bt_node
[0.706s] [  7%] Built target nav2_spin_cancel_bt_node
[0.717s] [  9%] Built target nav2_spin_action_bt_node
[0.718s] [ 10%] Built target nav2_back_up_action_bt_node
[0.724s] [ 11%] Built target nav2_drive_on_heading_cancel_bt_node
[0.750s] [ 12%] Built target nav2_follow_path_action_bt_node
[0.753s] [ 13%] Built target nav2_wait_action_bt_node
[0.772s] [ 14%] Built target nav2_smooth_path_action_bt_node
[0.786s] [ 15%] Built target nav2_assisted_teleop_action_bt_node
[0.862s] [ 16%] Built target nav2_drive_on_heading_bt_node
[0.973s] [ 17%] Built target nav2_transform_available_condition_bt_node
[0.998s] [ 18%] Built target nav2_clear_costmap_service_bt_node
[1.006s] [ 20%] Built target nav2_is_path_valid_condition_bt_node
[1.007s] [ 19%] Built target nav2_time_expired_condition_bt_node
[1.011s] [ 21%] Built target nav2_distance_traveled_condition_bt_node
[1.023s] [ 23%] Built target nav2_goal_reached_condition_bt_node
[1.025s] [ 23%] Built target nav2_initial_pose_received_condition_bt_node
[1.026s] [ 24%] Built target nav2_is_stuck_condition_bt_node
[1.032s] [ 25%] Built target nav2_goal_updated_condition_bt_node
[1.041s] [ 26%] Built target nav2_globally_updated_goal_condition_bt_node
[1.049s] [ 27%] Built target nav2_is_battery_low_condition_bt_node
[1.064s] [ 28%] Built target nav2_rate_controller_bt_node
[1.076s] [ 29%] Built target nav2_reinitialize_global_localization_service_bt_node
[1.085s] [ 30%] Built target nav2_path_expiring_timer_condition
[1.103s] [ 31%] Built target nav2_distance_controller_bt_node
[1.235s] [ 32%] Built target nav2_speed_controller_bt_node
[1.250s] [ 33%] Built target nav2_truncate_path_local_action_bt_node
[1.263s] [ 34%] Built target nav2_round_robin_node_bt_node
[1.263s] [ 35%] Built target nav2_truncate_path_action_bt_node
[1.291s] [ 36%] Built target nav2_goal_updater_node_bt_node
[1.334s] [ 37%] Built target nav2_navigate_to_pose_action_bt_node
[1.334s] [ 38%] Built target nav2_path_longer_on_approach_bt_node
[1.334s] [ 39%] Built target nav2_recovery_node_bt_node
[1.335s] [ 40%] Built target nav2_navigate_through_poses_action_bt_node
[1.335s] [ 41%] Built target nav2_pipeline_sequence_bt_node
[1.336s] [ 42%] Built target nav2_remove_passed_goals_action_bt_node
[1.336s] [ 43%] Built target nav2_controller_selector_bt_node
[1.337s] [ 45%] Built target nav2_planner_selector_bt_node
[1.339s] [ 46%] Built target nav2_goal_checker_selector_bt_node
[1.340s] [ 47%] Built target nav2_single_trigger_bt_node
[1.348s] [ 48%] Built target nav2_goal_updated_controller_bt_node
[1.447s] [ 49%] Built target gtest_main
[1.456s] [ 50%] Built target gtest
[1.726s] [ 51%] Built target test_condition_distance_traveled
[1.726s] [ 52%] Built target test_condition_goal_reached
[1.735s] [ 53%] Built target test_bt_conversions
[1.736s] [ 54%] Built target test_condition_path_expiring_timer
[1.736s] [ 55%] Built target test_condition_globally_updated_goal
[1.736s] [ 56%] Built target test_condition_initial_pose_received
[1.736s] [ 57%] Built target test_condition_goal_updated
[1.737s] [ 58%] Built target test_condition_time_expired
[1.737s] [ 59%] Built target test_condition_is_stuck
[1.747s] [ 60%] Built target test_condition_is_battery_low
[1.748s] [ 61%] Built target test_condition_transform_available
[1.919s] [ 62%] [32mBuilding CXX object test/plugins/decorator/CMakeFiles/test_decorator_distance_controller.dir/test_distance_controller.cpp.o[0m
[1.922s] [ 62%] [32mBuilding CXX object test/plugins/action/CMakeFiles/test_bt_action_node.dir/test_bt_action_node.cpp.o[0m
[1.946s] [ 63%] [32mBuilding CXX object test/plugins/decorator/CMakeFiles/test_decorator_rate_controller.dir/test_rate_controller.cpp.o[0m
[1.960s] [ 64%] [32mBuilding CXX object test/plugins/decorator/CMakeFiles/test_goal_updater_node.dir/test_goal_updater_node.cpp.o[0m
[1.965s] [ 65%] [32mBuilding CXX object test/plugins/decorator/CMakeFiles/test_single_trigger_node.dir/test_single_trigger_node.cpp.o[0m
[1.983s] [ 66%] [32mBuilding CXX object test/plugins/action/CMakeFiles/test_action_drive_on_heading.dir/test_drive_on_heading_action.cpp.o[0m
[1.990s] [ 67%] [32mBuilding CXX object test/plugins/action/CMakeFiles/test_action_spin_action.dir/test_spin_action.cpp.o[0m
[1.990s] [ 69%] [32mBuilding CXX object test/plugins/decorator/CMakeFiles/test_decorator_speed_controller.dir/test_speed_controller.cpp.o[0m
[1.990s] [ 69%] [32mBuilding CXX object test/plugins/action/CMakeFiles/test_action_back_up_action.dir/test_back_up_action.cpp.o[0m
[2.011s] [ 70%] [32mBuilding CXX object test/plugins/decorator/CMakeFiles/test_decorator_path_longer_on_approach.dir/test_path_longer_on_approach.cpp.o[0m
[2.011s] [ 70%] [32mBuilding CXX object test/plugins/action/CMakeFiles/test_action_wait_action.dir/test_wait_action.cpp.o[0m
[2.012s] [ 71%] [32mBuilding CXX object test/plugins/control/CMakeFiles/test_control_recovery_node.dir/test_recovery_node.cpp.o[0m
[2.022s] [ 72%] [32mBuilding CXX object test/plugins/decorator/CMakeFiles/test_goal_updated_controller.dir/test_goal_updated_controller.cpp.o[0m
[2.024s] [ 74%] Built target test_condition_is_path_valid
[2.024s] [ 73%] [32mBuilding CXX object test/plugins/control/CMakeFiles/test_control_pipeline_sequence.dir/test_pipeline_sequence.cpp.o[0m
[2.083s] [ 75%] [32mBuilding CXX object test/plugins/control/CMakeFiles/test_control_round_robin_node.dir/test_round_robin_node.cpp.o[0m
[2.312s] [ 76%] [32mBuilding CXX object test/plugins/action/CMakeFiles/test_action_assisted_teleop_action.dir/test_assisted_teleop_action.cpp.o[0m
