[0.131s] Invoking command in '/home/misaka/fishbot/build/nav_2d_utils': AMENT_PREFIX_PATH=/home/misaka/fishbot/install/nav2_util:/home/misaka/fishbot/install/nav2_msgs:/home/misaka/fishbot/install/nav_2d_msgs:/home/misaka/fishbot/install/nav2_common:${AMENT_PREFIX_PATH} CMAKE_PREFIX_PATH=/home/misaka/fishbot/install/nav2_util:/home/misaka/fishbot/install/nav2_msgs:/home/misaka/fishbot/install/nav_2d_msgs:/home/misaka/fishbot/install/nav2_common:/opt/ros/humble LD_LIBRARY_PATH=/home/misaka/fishbot/install/nav2_util/lib:/home/misaka/fishbot/install/nav2_msgs/lib:/home/misaka/fishbot/install/nav_2d_msgs/lib:${LD_LIBRARY_PATH} PYTHONPATH=/home/misaka/fishbot/install/nav2_msgs/local/lib/python3.10/dist-packages:/home/misaka/fishbot/install/nav_2d_msgs/local/lib/python3.10/dist-packages:/home/misaka/fishbot/install/nav2_common/local/lib/python3.10/dist-packages:${PYTHONPATH} /usr/bin/cmake --build /home/misaka/fishbot/build/nav_2d_utils -- -j16 -l16
[0.447s] [ 12%] Built target path_ops
[0.455s] [ 25%] Built target conversions
[0.479s] [ 37%] Built target gtest
[0.529s] [ 50%] Built target gtest_main
[0.724s] [ 62%] Built target tf_help
[0.784s] [ 75%] Built target path_ops_tests
[0.944s] [ 87%] Built target 2d_utils_tests
[1.084s] [100%] Built target tf_help_tests
[1.200s] Invoked command in '/home/misaka/fishbot/build/nav_2d_utils' returned '0': AMENT_PREFIX_PATH=/home/misaka/fishbot/install/nav2_util:/home/misaka/fishbot/install/nav2_msgs:/home/misaka/fishbot/install/nav_2d_msgs:/home/misaka/fishbot/install/nav2_common:${AMENT_PREFIX_PATH} CMAKE_PREFIX_PATH=/home/misaka/fishbot/install/nav2_util:/home/misaka/fishbot/install/nav2_msgs:/home/misaka/fishbot/install/nav_2d_msgs:/home/misaka/fishbot/install/nav2_common:/opt/ros/humble LD_LIBRARY_PATH=/home/misaka/fishbot/install/nav2_util/lib:/home/misaka/fishbot/install/nav2_msgs/lib:/home/misaka/fishbot/install/nav_2d_msgs/lib:${LD_LIBRARY_PATH} PYTHONPATH=/home/misaka/fishbot/install/nav2_msgs/local/lib/python3.10/dist-packages:/home/misaka/fishbot/install/nav_2d_msgs/local/lib/python3.10/dist-packages:/home/misaka/fishbot/install/nav2_common/local/lib/python3.10/dist-packages:${PYTHONPATH} /usr/bin/cmake --build /home/misaka/fishbot/build/nav_2d_utils -- -j16 -l16
[1.622s] Invoking command in '/home/misaka/fishbot/build/nav_2d_utils': AMENT_PREFIX_PATH=/home/misaka/fishbot/install/nav2_util:/home/misaka/fishbot/install/nav2_msgs:/home/misaka/fishbot/install/nav_2d_msgs:/home/misaka/fishbot/install/nav2_common:${AMENT_PREFIX_PATH} CMAKE_PREFIX_PATH=/home/misaka/fishbot/install/nav2_util:/home/misaka/fishbot/install/nav2_msgs:/home/misaka/fishbot/install/nav_2d_msgs:/home/misaka/fishbot/install/nav2_common:/opt/ros/humble LD_LIBRARY_PATH=/home/misaka/fishbot/install/nav2_util/lib:/home/misaka/fishbot/install/nav2_msgs/lib:/home/misaka/fishbot/install/nav_2d_msgs/lib:${LD_LIBRARY_PATH} PYTHONPATH=/home/misaka/fishbot/install/nav2_msgs/local/lib/python3.10/dist-packages:/home/misaka/fishbot/install/nav_2d_msgs/local/lib/python3.10/dist-packages:/home/misaka/fishbot/install/nav2_common/local/lib/python3.10/dist-packages:${PYTHONPATH} /usr/bin/cmake --install /home/misaka/fishbot/build/nav_2d_utils
[1.678s] -- Install configuration: "Release"
[1.679s] -- Up-to-date: /home/misaka/fishbot/install/nav_2d_utils/lib/libconversions.so
[1.700s] -- Up-to-date: /home/misaka/fishbot/install/nav_2d_utils/lib/libpath_ops.so
[1.706s] -- Up-to-date: /home/misaka/fishbot/install/nav_2d_utils/lib/libtf_help.so
[1.706s] -- Up-to-date: /home/misaka/fishbot/install/nav_2d_utils/include/
[1.707s] -- Up-to-date: /home/misaka/fishbot/install/nav_2d_utils/include//nav_2d_utils
[1.717s] -- Up-to-date: /home/misaka/fishbot/install/nav_2d_utils/include//nav_2d_utils/conversions.hpp
[1.717s] -- Up-to-date: /home/misaka/fishbot/install/nav_2d_utils/include//nav_2d_utils/odom_subscriber.hpp
[1.719s] -- Up-to-date: /home/misaka/fishbot/install/nav_2d_utils/include//nav_2d_utils/parameters.hpp
[1.720s] -- Up-to-date: /home/misaka/fishbot/install/nav_2d_utils/include//nav_2d_utils/path_ops.hpp
[1.721s] -- Up-to-date: /home/misaka/fishbot/install/nav_2d_utils/include//nav_2d_utils/tf_help.hpp
[1.722s] -- Up-to-date: /home/misaka/fishbot/install/nav_2d_utils/share/nav_2d_utils/environment/library_path.sh
[1.723s] -- Up-to-date: /home/misaka/fishbot/install/nav_2d_utils/share/nav_2d_utils/environment/library_path.dsv
[1.729s] -- Up-to-date: /home/misaka/fishbot/install/nav_2d_utils/share/ament_index/resource_index/package_run_dependencies/nav_2d_utils
[1.730s] -- Up-to-date: /home/misaka/fishbot/install/nav_2d_utils/share/ament_index/resource_index/parent_prefix_path/nav_2d_utils
[1.730s] -- Up-to-date: /home/misaka/fishbot/install/nav_2d_utils/share/nav_2d_utils/environment/ament_prefix_path.sh
[1.730s] -- Up-to-date: /home/misaka/fishbot/install/nav_2d_utils/share/nav_2d_utils/environment/ament_prefix_path.dsv
[1.731s] -- Up-to-date: /home/misaka/fishbot/install/nav_2d_utils/share/nav_2d_utils/environment/path.sh
[1.731s] -- Up-to-date: /home/misaka/fishbot/install/nav_2d_utils/share/nav_2d_utils/environment/path.dsv
[1.731s] -- Up-to-date: /home/misaka/fishbot/install/nav_2d_utils/share/nav_2d_utils/local_setup.bash
[1.734s] -- Up-to-date: /home/misaka/fishbot/install/nav_2d_utils/share/nav_2d_utils/local_setup.sh
[1.734s] -- Up-to-date: /home/misaka/fishbot/install/nav_2d_utils/share/nav_2d_utils/local_setup.zsh
[1.735s] -- Up-to-date: /home/misaka/fishbot/install/nav_2d_utils/share/nav_2d_utils/local_setup.dsv
[1.735s] -- Installing: /home/misaka/fishbot/install/nav_2d_utils/share/nav_2d_utils/package.dsv
[1.735s] -- Up-to-date: /home/misaka/fishbot/install/nav_2d_utils/share/ament_index/resource_index/packages/nav_2d_utils
[1.735s] -- Up-to-date: /home/misaka/fishbot/install/nav_2d_utils/share/nav_2d_utils/cmake/ament_cmake_export_include_directories-extras.cmake
[1.736s] -- Up-to-date: /home/misaka/fishbot/install/nav_2d_utils/share/nav_2d_utils/cmake/ament_cmake_export_libraries-extras.cmake
[1.736s] -- Up-to-date: /home/misaka/fishbot/install/nav_2d_utils/share/nav_2d_utils/cmake/ament_cmake_export_dependencies-extras.cmake
[1.736s] -- Up-to-date: /home/misaka/fishbot/install/nav_2d_utils/share/nav_2d_utils/cmake/nav_2d_utilsConfig.cmake
[1.737s] -- Up-to-date: /home/misaka/fishbot/install/nav_2d_utils/share/nav_2d_utils/cmake/nav_2d_utilsConfig-version.cmake
[1.737s] -- Up-to-date: /home/misaka/fishbot/install/nav_2d_utils/share/nav_2d_utils/package.xml
[1.750s] Invoked command in '/home/misaka/fishbot/build/nav_2d_utils' returned '0': AMENT_PREFIX_PATH=/home/misaka/fishbot/install/nav2_util:/home/misaka/fishbot/install/nav2_msgs:/home/misaka/fishbot/install/nav_2d_msgs:/home/misaka/fishbot/install/nav2_common:${AMENT_PREFIX_PATH} CMAKE_PREFIX_PATH=/home/misaka/fishbot/install/nav2_util:/home/misaka/fishbot/install/nav2_msgs:/home/misaka/fishbot/install/nav_2d_msgs:/home/misaka/fishbot/install/nav2_common:/opt/ros/humble LD_LIBRARY_PATH=/home/misaka/fishbot/install/nav2_util/lib:/home/misaka/fishbot/install/nav2_msgs/lib:/home/misaka/fishbot/install/nav_2d_msgs/lib:${LD_LIBRARY_PATH} PYTHONPATH=/home/misaka/fishbot/install/nav2_msgs/local/lib/python3.10/dist-packages:/home/misaka/fishbot/install/nav_2d_msgs/local/lib/python3.10/dist-packages:/home/misaka/fishbot/install/nav2_common/local/lib/python3.10/dist-packages:${PYTHONPATH} /usr/bin/cmake --install /home/misaka/fishbot/build/nav_2d_utils
