[0.180s] Invoking command in '/home/misaka/fishbot/build/nav2_velocity_smoother': AMENT_PREFIX_PATH=/home/misaka/fishbot/install/nav2_util:/home/misaka/fishbot/install/nav2_msgs:/home/misaka/fishbot/install/nav2_common:${AMENT_PREFIX_PATH} CMAKE_PREFIX_PATH=/home/misaka/fishbot/install/nav2_util:/home/misaka/fishbot/install/nav2_msgs:/home/misaka/fishbot/install/nav2_common:/opt/ros/humble LD_LIBRARY_PATH=/home/misaka/fishbot/install/nav2_util/lib:/home/misaka/fishbot/install/nav2_msgs/lib:${LD_LIBRARY_PATH} PYTHONPATH=/home/misaka/fishbot/install/nav2_msgs/local/lib/python3.10/dist-packages:/home/misaka/fishbot/install/nav2_common/local/lib/python3.10/dist-packages:${PYTHONPATH} /usr/bin/cmake /home/misaka/fishbot/src/navigation/nav2_velocity_smoother -DCMAKE_INSTALL_PREFIX=/home/misaka/fishbot/install/nav2_velocity_smoother
[0.456s] -- The C compiler identification is GNU 11.4.0
[0.718s] -- The CXX compiler identification is GNU 11.4.0
[0.746s] -- Detecting C compiler ABI info
[1.078s] -- Detecting C compiler ABI info - done
[1.095s] -- Check for working C compiler: /usr/bin/cc - skipped
[1.099s] -- Detecting C compile features
[1.099s] -- Detecting C compile features - done
[1.110s] -- Detecting CXX compiler ABI info
[1.470s] -- Detecting CXX compiler ABI info - done
[1.493s] -- Check for working CXX compiler: /usr/bin/c++ - skipped
[1.494s] -- Detecting CXX compile features
[1.497s] -- Detecting CXX compile features - done
[1.502s] -- Found ament_cmake: 1.3.10 (/opt/ros/humble/share/ament_cmake/cmake)
[2.159s] -- Found Python3: /usr/bin/python3 (found version "3.10.12") found components: Interpreter 
[2.548s] -- Found nav2_common: 1.1.0 (/home/misaka/fishbot/install/nav2_common/share/nav2_common/cmake)
[2.552s] -- Found rclcpp: 16.0.10 (/opt/ros/humble/share/rclcpp/cmake)
[2.715s] -- Found rosidl_generator_c: 3.1.5 (/opt/ros/humble/share/rosidl_generator_c/cmake)
[2.738s] -- Found rosidl_adapter: 3.1.5 (/opt/ros/humble/share/rosidl_adapter/cmake)
[2.785s] -- Found rosidl_generator_cpp: 3.1.5 (/opt/ros/humble/share/rosidl_generator_cpp/cmake)
[2.887s] -- Using all available rosidl_typesupport_c: rosidl_typesupport_fastrtps_c;rosidl_typesupport_introspection_c
[2.979s] -- Using all available rosidl_typesupport_cpp: rosidl_typesupport_fastrtps_cpp;rosidl_typesupport_introspection_cpp
[3.239s] -- Found rmw_implementation_cmake: 6.1.2 (/opt/ros/humble/share/rmw_implementation_cmake/cmake)
[3.260s] -- Found rmw_fastrtps_cpp: 6.2.7 (/opt/ros/humble/share/rmw_fastrtps_cpp/cmake)
[3.708s] -- Found OpenSSL: /usr/lib/x86_64-linux-gnu/libcrypto.so (found version "3.0.2")  
[3.816s] -- Found FastRTPS: /opt/ros/humble/include  
[3.976s] -- Using RMW implementation 'rmw_fastrtps_cpp' as default
[4.027s] -- Looking for pthread.h
[4.364s] -- Looking for pthread.h - found
[4.365s] -- Performing Test CMAKE_HAVE_LIBC_PTHREAD
[4.700s] -- Performing Test CMAKE_HAVE_LIBC_PTHREAD - Success
[4.700s] -- Found Threads: TRUE  
[4.949s] -- Found rclcpp_components: 16.0.10 (/opt/ros/humble/share/rclcpp_components/cmake)
[5.048s] -- Found geometry_msgs: 4.2.4 (/opt/ros/humble/share/geometry_msgs/cmake)
[5.099s] -- Found nav2_util: 1.1.0 (/home/misaka/fishbot/install/nav2_util/share/nav2_util/cmake)
[5.632s] -- Found eigen3_cmake_module: 0.1.1 (/opt/ros/humble/share/eigen3_cmake_module/cmake)
[5.638s] -- Found Eigen3: TRUE (found version "3.4.0") 
[5.639s] -- Ensuring Eigen3 include directory is part of orocos-kdl CMake target
[5.883s] -- Setting build type to Release as none was specified.
[5.994s] -- Found ament_lint_auto: 0.12.11 (/opt/ros/humble/share/ament_lint_auto/cmake)
[6.464s] -- Found gtest sources under '/opt/ros/humble/src/gtest_vendor': C++ tests using 'Google Test' will be built
[6.566s] -- Added test 'cppcheck' to perform static code analysis on C / C++ code
[6.568s] -- Configured cppcheck include dirs: /home/misaka/fishbot/src/navigation/nav2_velocity_smoother/include
[6.568s] -- Configured cppcheck exclude dirs and/or files: 
[6.575s] -- Added test 'cpplint' to check C / C++ code against the Google style
[6.576s] -- Configured cpplint exclude dirs and/or files: 
[6.583s] -- Added test 'lint_cmake' to check CMake code style
[6.593s] -- Added test 'uncrustify' to check C / C++ code style
[6.593s] -- Configured uncrustify additional arguments: 
[6.596s] -- Added test 'xmllint' to check XML markup files
[6.617s] -- Configuring done
[7.062s] -- Generating done
[7.080s] -- Build files have been written to: /home/misaka/fishbot/build/nav2_velocity_smoother
[7.152s] Invoked command in '/home/misaka/fishbot/build/nav2_velocity_smoother' returned '0': AMENT_PREFIX_PATH=/home/misaka/fishbot/install/nav2_util:/home/misaka/fishbot/install/nav2_msgs:/home/misaka/fishbot/install/nav2_common:${AMENT_PREFIX_PATH} CMAKE_PREFIX_PATH=/home/misaka/fishbot/install/nav2_util:/home/misaka/fishbot/install/nav2_msgs:/home/misaka/fishbot/install/nav2_common:/opt/ros/humble LD_LIBRARY_PATH=/home/misaka/fishbot/install/nav2_util/lib:/home/misaka/fishbot/install/nav2_msgs/lib:${LD_LIBRARY_PATH} PYTHONPATH=/home/misaka/fishbot/install/nav2_msgs/local/lib/python3.10/dist-packages:/home/misaka/fishbot/install/nav2_common/local/lib/python3.10/dist-packages:${PYTHONPATH} /usr/bin/cmake /home/misaka/fishbot/src/navigation/nav2_velocity_smoother -DCMAKE_INSTALL_PREFIX=/home/misaka/fishbot/install/nav2_velocity_smoother
[7.159s] Invoking command in '/home/misaka/fishbot/build/nav2_velocity_smoother': AMENT_PREFIX_PATH=/home/misaka/fishbot/install/nav2_util:/home/misaka/fishbot/install/nav2_msgs:/home/misaka/fishbot/install/nav2_common:${AMENT_PREFIX_PATH} CMAKE_PREFIX_PATH=/home/misaka/fishbot/install/nav2_util:/home/misaka/fishbot/install/nav2_msgs:/home/misaka/fishbot/install/nav2_common:/opt/ros/humble LD_LIBRARY_PATH=/home/misaka/fishbot/install/nav2_util/lib:/home/misaka/fishbot/install/nav2_msgs/lib:${LD_LIBRARY_PATH} PYTHONPATH=/home/misaka/fishbot/install/nav2_msgs/local/lib/python3.10/dist-packages:/home/misaka/fishbot/install/nav2_common/local/lib/python3.10/dist-packages:${PYTHONPATH} /usr/bin/cmake --build /home/misaka/fishbot/build/nav2_velocity_smoother -- -j16 -l16
[7.415s] [ 10%] [32mBuilding CXX object CMakeFiles/velocity_smoother_core.dir/src/velocity_smoother.cpp.o[0m
[7.420s] [ 20%] [32mBuilding CXX object gtest/CMakeFiles/gtest_main.dir/src/gtest_main.cc.o[0m
[7.422s] [ 30%] [32mBuilding CXX object gtest/CMakeFiles/gtest.dir/src/gtest-all.cc.o[0m
[12.481s] [ 40%] [32m[1mLinking CXX static library libgtest_main.a[0m
[13.193s] [ 40%] Built target gtest_main
[358.865s] [ 50%] [32m[1mLinking CXX static library libgtest.a[0m
[358.870s] [ 50%] Built target gtest
[394.905s] [ 60%] [32m[1mLinking CXX shared library libvelocity_smoother_core.so[0m
[396.178s] [ 60%] Built target velocity_smoother_core
[396.335s] [ 70%] [32mBuilding CXX object CMakeFiles/velocity_smoother.dir/src/main.cpp.o[0m
[412.600s] [ 80%] [32m[1mLinking CXX executable velocity_smoother[0m
[413.792s] [ 80%] Built target velocity_smoother
[413.937s] [ 90%] [32mBuilding CXX object test/CMakeFiles/velocity_smoother_tests.dir/test_velocity_smoother.cpp.o[0m
[500.832s] [100%] [32m[1mLinking CXX executable velocity_smoother_tests[0m
[502.551s] [100%] Built target velocity_smoother_tests
